
extDB3: https://bitbucket.org/torndeco/extdb3/wiki/Home
extDB3: Version: 1.021
extDB3: Windows Version
Message: All development for extDB3 is done on a Linux Dedicated Server
Message: If you would like to Donate to extDB3 Development
Message: https://www.paypal.com/cgi-bin/webscr?cmd=_s-xclick&hosted_button_id=2SUEFTGABTAM2
Message: Also leave a message if there is any particular feature you would like to see added.
Message: Thanks for all the people that have donated.
Message: Torndeco: 18/05/15


extDB3: Found extdb3-conf.ini
extDB3: Detected 8 Cores, Setting up 6 Worker Threads
extDB3: ...
extDB3: ...
extDB3: ...
extDB3: ...
extDB3: ...
extDB3: ...


[19:28:28:723659 +00:00] [Thread 7916] extDB3: SQL: Initialized: Add Quotes around TEXT Datatypes mode: 2
[19:28:28:723659 +00:00] [Thread 7916] extDB3: SQL: Initialized: NULL = ""
[19:28:28:723659 +00:00] [Thread 7916] extDB3: Locked
[19:28:28:726660 +00:00] [Thread 3988] extDB3: SQL: Error MariaDBQueryException: The user specified as a definer ('arma3'@'localhost') does not exist
[19:28:28:726660 +00:00] [Thread 6368] extDB3: SQL: Error MariaDBQueryException: The user specified as a definer ('arma3'@'localhost') does not exist
[19:28:28:726660 +00:00] [Thread 6368] extDB3: SQL: Error MariaDBQueryException: Input: CALL deleteDeadVehicles
[19:28:28:726660 +00:00] [Thread 7688] extDB3: SQL: Error MariaDBQueryException: The user specified as a definer ('arma3'@'localhost') does not exist
[19:28:28:726660 +00:00] [Thread 7688] extDB3: SQL: Error MariaDBQueryException: Input: CALL deleteOldHouses
[19:28:28:726660 +00:00] [Thread 3988] extDB3: SQL: Error MariaDBQueryException: Input: CALL resetLifeVehicles
[19:28:28:726660 +00:00] [Thread 6808] extDB3: SQL: Error MariaDBQueryException: The user specified as a definer ('arma3'@'localhost') does not exist
[19:28:28:726660 +00:00] [Thread 6808] extDB3: SQL: Error MariaDBQueryException: Input: CALL deleteOldGangs
[20:02:22:394979 +00:00] [Thread 6808] extDB3: SQL: Error MariaDBQueryException: The user specified as a definer ('arma3'@'localhost') does not exist
[20:02:22:394979 +00:00] [Thread 6808] extDB3: SQL: Error MariaDBQueryException: Input: CALL resetLifeVehicles
[20:02:22:402979 +00:00] [Thread 6368] extDB3: SQL: Error MariaDBQueryException: The user specified as a definer ('arma3'@'localhost') does not exist
[20:02:22:402979 +00:00] [Thread 6368] extDB3: SQL: Error MariaDBQueryException: Input: CALL deleteOldGangs
[20:02:22:402979 +00:00] [Thread 3988] extDB3: SQL: Error MariaDBQueryException: The user specified as a definer ('arma3'@'localhost') does not exist
[20:02:22:402979 +00:00] [Thread 3988] extDB3: SQL: Error MariaDBQueryException: Input: CALL deleteDeadVehicles
[20:02:22:402979 +00:00] [Thread 7688] extDB3: SQL: Error MariaDBQueryException: The user specified as a definer ('arma3'@'localhost') does not exist
[20:02:22:402979 +00:00] [Thread 7688] extDB3: SQL: Error MariaDBQueryException: Input: CALL deleteOldHouses
[20:34:22:250788 +00:00] [Thread 7688] extDB3: SQL: Error MariaDBQueryException: The user specified as a definer ('arma3'@'localhost') does not exist
[20:34:22:250788 +00:00] [Thread 7688] extDB3: SQL: Error MariaDBQueryException: Input: CALL resetLifeVehicles
[20:34:22:250788 +00:00] [Thread 6368] extDB3: SQL: Error MariaDBQueryException: The user specified as a definer ('arma3'@'localhost') does not exist
[20:34:22:250788 +00:00] [Thread 6368] extDB3: SQL: Error MariaDBQueryException: Input: CALL deleteOldHouses
[20:34:22:250788 +00:00] [Thread 3988] extDB3: SQL: Error MariaDBQueryException: The user specified as a definer ('arma3'@'localhost') does not exist
[20:34:22:250788 +00:00] [Thread 3988] extDB3: SQL: Error MariaDBQueryException: Input: CALL deleteDeadVehicles
[20:34:22:250788 +00:00] [Thread 6808] extDB3: SQL: Error MariaDBQueryException: The user specified as a definer ('arma3'@'localhost') does not exist
[20:34:22:250788 +00:00] [Thread 6808] extDB3: SQL: Error MariaDBQueryException: Input: CALL deleteOldGangs
[20:43:39:257647 +00:00] [Thread 3988] extDB3: SQL: Error MariaDBQueryException: The user specified as a definer ('arma3'@'localhost') does not exist
[20:43:39:257647 +00:00] [Thread 3988] extDB3: SQL: Error MariaDBQueryException: Input: CALL deleteDeadVehicles
[20:43:39:257647 +00:00] [Thread 6808] extDB3: SQL: Error MariaDBQueryException: The user specified as a definer ('arma3'@'localhost') does not exist
[20:43:39:257647 +00:00] [Thread 6808] extDB3: SQL: Error MariaDBQueryException: Input: CALL resetLifeVehicles
[20:43:39:257647 +00:00] [Thread 6368] extDB3: SQL: Error MariaDBQueryException: The user specified as a definer ('arma3'@'localhost') does not exist
[20:43:39:257647 +00:00] [Thread 6368] extDB3: SQL: Error MariaDBQueryException: Input: CALL deleteOldHouses
[20:43:39:257647 +00:00] [Thread 7688] extDB3: SQL: Error MariaDBQueryException: The user specified as a definer ('arma3'@'localhost') does not exist
[20:43:39:257647 +00:00] [Thread 7688] extDB3: SQL: Error MariaDBQueryException: Input: CALL deleteOldGangs
[20:59:45:272900 +00:00] [Thread 7688] extDB3: SQL: Error MariaDBQueryException: The user specified as a definer ('arma3'@'localhost') does not exist
[20:59:45:272900 +00:00] [Thread 6808] extDB3: SQL: Error MariaDBQueryException: The user specified as a definer ('arma3'@'localhost') does not exist
[20:59:45:272900 +00:00] [Thread 6808] extDB3: SQL: Error MariaDBQueryException: Input: CALL deleteOldHouses
[20:59:45:272900 +00:00] [Thread 6368] extDB3: SQL: Error MariaDBQueryException: The user specified as a definer ('arma3'@'localhost') does not exist
[20:59:45:272900 +00:00] [Thread 6368] extDB3: SQL: Error MariaDBQueryException: Input: CALL deleteDeadVehicles
[20:59:45:272900 +00:00] [Thread 7688] extDB3: SQL: Error MariaDBQueryException: Input: CALL resetLifeVehicles
[20:59:45:272900 +00:00] [Thread 3988] extDB3: SQL: Error MariaDBQueryException: The user specified as a definer ('arma3'@'localhost') does not exist
[20:59:45:272900 +00:00] [Thread 3988] extDB3: SQL: Error MariaDBQueryException: Input: CALL deleteOldGangs
[21:06:53:510394 +00:00] [Thread 3988] extDB3: SQL: Error MariaDBQueryException: The user specified as a definer ('arma3'@'localhost') does not exist
[21:06:53:510394 +00:00] [Thread 3988] extDB3: SQL: Error MariaDBQueryException: Input: CALL resetLifeVehicles
[21:06:53:510394 +00:00] [Thread 7688] extDB3: SQL: Error MariaDBQueryException: The user specified as a definer ('arma3'@'localhost') does not exist
[21:06:53:510394 +00:00] [Thread 7688] extDB3: SQL: Error MariaDBQueryException: Input: CALL deleteDeadVehicles
[21:06:53:510394 +00:00] [Thread 3988] extDB3: SQL: Error MariaDBQueryException: The user specified as a definer ('arma3'@'localhost') does not exist
[21:06:53:510394 +00:00] [Thread 3988] extDB3: SQL: Error MariaDBQueryException: Input: CALL deleteOldGangs
[21:06:53:510394 +00:00] [Thread 6368] extDB3: SQL: Error MariaDBQueryException: The user specified as a definer ('arma3'@'localhost') does not exist
[21:06:53:510394 +00:00] [Thread 6368] extDB3: SQL: Error MariaDBQueryException: Input: CALL deleteOldHouses
[21:09:59:626039 +00:00] [Thread 6368] extDB3: SQL: Error MariaDBQueryException: The user specified as a definer ('arma3'@'localhost') does not exist
[21:09:59:626039 +00:00] [Thread 6368] extDB3: SQL: Error MariaDBQueryException: Input: CALL resetLifeVehicles
[21:09:59:626039 +00:00] [Thread 6368] extDB3: SQL: Error MariaDBQueryException: The user specified as a definer ('arma3'@'localhost') does not exist
[21:09:59:626039 +00:00] [Thread 6368] extDB3: SQL: Error MariaDBQueryException: Input: CALL deleteOldGangs
[21:09:59:626039 +00:00] [Thread 7688] extDB3: SQL: Error MariaDBQueryException: The user specified as a definer ('arma3'@'localhost') does not exist
[21:09:59:626039 +00:00] [Thread 7688] extDB3: SQL: Error MariaDBQueryException: Input: CALL deleteOldHouses
[21:09:59:626039 +00:00] [Thread 3988] extDB3: SQL: Error MariaDBQueryException: The user specified as a definer ('arma3'@'localhost') does not exist
[21:09:59:626039 +00:00] [Thread 3988] extDB3: SQL: Error MariaDBQueryException: Input: CALL deleteDeadVehicles
[21:13:56:977615 +00:00] [Thread 6808] extDB3: SQL: Error MariaDBQueryException: The user specified as a definer ('arma3'@'localhost') does not exist
[21:13:56:977615 +00:00] [Thread 6368] extDB3: SQL: Error MariaDBQueryException: The user specified as a definer ('arma3'@'localhost') does not exist
[21:13:56:977615 +00:00] [Thread 6368] extDB3: SQL: Error MariaDBQueryException: Input: CALL deleteOldHouses
[21:13:56:977615 +00:00] [Thread 6808] extDB3: SQL: Error MariaDBQueryException: Input: CALL deleteOldGangs
[21:13:56:977615 +00:00] [Thread 7688] extDB3: SQL: Error MariaDBQueryException: The user specified as a definer ('arma3'@'localhost') does not exist
[21:13:56:977615 +00:00] [Thread 7688] extDB3: SQL: Error MariaDBQueryException: Input: CALL deleteDeadVehicles
[21:13:56:977615 +00:00] [Thread 3988] extDB3: SQL: Error MariaDBQueryException: The user specified as a definer ('arma3'@'localhost') does not exist
[21:13:56:977615 +00:00] [Thread 3988] extDB3: SQL: Error MariaDBQueryException: Input: CALL resetLifeVehicles
[21:21:50:402693 +00:00] [Thread 7688] extDB3: SQL: Error MariaDBQueryException: The user specified as a definer ('arma3'@'localhost') does not exist
[21:21:50:402693 +00:00] [Thread 7688] extDB3: SQL: Error MariaDBQueryException: Input: CALL deleteDeadVehicles
[21:21:50:402693 +00:00] [Thread 6368] extDB3: SQL: Error MariaDBQueryException: The user specified as a definer ('arma3'@'localhost') does not exist
[21:21:50:402693 +00:00] [Thread 6368] extDB3: SQL: Error MariaDBQueryException: Input: CALL deleteOldGangs
[21:21:50:402693 +00:00] [Thread 3988] extDB3: SQL: Error MariaDBQueryException: The user specified as a definer ('arma3'@'localhost') does not exist
[21:21:50:402693 +00:00] [Thread 3988] extDB3: SQL: Error MariaDBQueryException: Input: CALL resetLifeVehicles
[21:21:50:402693 +00:00] [Thread 6808] extDB3: SQL: Error MariaDBQueryException: The user specified as a definer ('arma3'@'localhost') does not exist
[21:21:50:402693 +00:00] [Thread 6808] extDB3: SQL: Error MariaDBQueryException: Input: CALL deleteOldHouses
[21:36:50:451173 +00:00] [Thread 6808] extDB3: SQL: Error MariaDBQueryException: The user specified as a definer ('arma3'@'localhost') does not exist
[21:36:50:451173 +00:00] [Thread 6808] extDB3: SQL: Error MariaDBQueryException: Input: CALL resetLifeVehicles
[21:36:50:451173 +00:00] [Thread 3988] extDB3: SQL: Error MariaDBQueryException: The user specified as a definer ('arma3'@'localhost') does not exist
[21:36:50:451173 +00:00] [Thread 3988] extDB3: SQL: Error MariaDBQueryException: Input: CALL deleteDeadVehicles
[21:36:50:451173 +00:00] [Thread 6368] extDB3: SQL: Error MariaDBQueryException: The user specified as a definer ('arma3'@'localhost') does not exist
[21:36:50:451173 +00:00] [Thread 6368] extDB3: SQL: Error MariaDBQueryException: Input: CALL deleteOldHouses
[21:36:50:451173 +00:00] [Thread 6368] extDB3: SQL: Error MariaDBQueryException: The user specified as a definer ('arma3'@'localhost') does not exist
[21:36:50:451173 +00:00] [Thread 6368] extDB3: SQL: Error MariaDBQueryException: Input: CALL deleteOldGangs
[21:39:42:965040 +00:00] [Thread 6368] extDB3: SQL: Error MariaDBQueryException: The user specified as a definer ('arma3'@'localhost') does not exist
[21:39:42:965040 +00:00] [Thread 6368] extDB3: SQL: Error MariaDBQueryException: Input: CALL resetLifeVehicles
[21:39:42:965040 +00:00] [Thread 3988] extDB3: SQL: Error MariaDBQueryException: The user specified as a definer ('arma3'@'localhost') does not exist
[21:39:42:965040 +00:00] [Thread 3988] extDB3: SQL: Error MariaDBQueryException: Input: CALL deleteDeadVehicles
[21:39:42:965040 +00:00] [Thread 6808] extDB3: SQL: Error MariaDBQueryException: The user specified as a definer ('arma3'@'localhost') does not exist
[21:39:42:965040 +00:00] [Thread 6808] extDB3: SQL: Error MariaDBQueryException: Input: CALL deleteOldHouses
[21:39:42:965040 +00:00] [Thread 3988] extDB3: SQL: Error MariaDBQueryException: The user specified as a definer ('arma3'@'localhost') does not exist
[21:39:42:965040 +00:00] [Thread 3988] extDB3: SQL: Error MariaDBQueryException: Input: CALL deleteOldGangs
[21:53:33:048518 +00:00] [Thread 3988] extDB3: SQL: Error MariaDBQueryException: The user specified as a definer ('arma3'@'localhost') does not exist
[21:53:33:048518 +00:00] [Thread 7688] extDB3: SQL: Error MariaDBQueryException: The user specified as a definer ('arma3'@'localhost') does not exist
[21:53:33:048518 +00:00] [Thread 7688] extDB3: SQL: Error MariaDBQueryException: Input: CALL deleteOldGangs
[21:53:33:048518 +00:00] [Thread 3988] extDB3: SQL: Error MariaDBQueryException: Input: CALL resetLifeVehicles
[21:53:33:048518 +00:00] [Thread 6808] extDB3: SQL: Error MariaDBQueryException: The user specified as a definer ('arma3'@'localhost') does not exist
[21:53:33:048518 +00:00] [Thread 6808] extDB3: SQL: Error MariaDBQueryException: Input: CALL deleteDeadVehicles
[21:53:33:048518 +00:00] [Thread 6368] extDB3: SQL: Error MariaDBQueryException: The user specified as a definer ('arma3'@'localhost') does not exist
[21:53:33:048518 +00:00] [Thread 6368] extDB3: SQL: Error MariaDBQueryException: Input: CALL deleteOldHouses
[21:59:00:908271 +00:00] [Thread 6368] extDB3: SQL: Error MariaDBQueryException: The user specified as a definer ('arma3'@'localhost') does not exist
[21:59:00:908271 +00:00] [Thread 6368] extDB3: SQL: Error MariaDBQueryException: Input: CALL resetLifeVehicles
[21:59:00:908271 +00:00] [Thread 6808] extDB3: SQL: Error MariaDBQueryException: The user specified as a definer ('arma3'@'localhost') does not exist
[21:59:00:908271 +00:00] [Thread 6808] extDB3: SQL: Error MariaDBQueryException: Input: CALL deleteDeadVehicles
[21:59:00:908271 +00:00] [Thread 3988] extDB3: SQL: Error MariaDBQueryException: The user specified as a definer ('arma3'@'localhost') does not exist
[21:59:00:908271 +00:00] [Thread 3988] extDB3: SQL: Error MariaDBQueryException: Input: CALL deleteOldHouses
[21:59:00:908271 +00:00] [Thread 6368] extDB3: SQL: Error MariaDBQueryException: The user specified as a definer ('arma3'@'localhost') does not exist
[21:59:00:908271 +00:00] [Thread 6368] extDB3: SQL: Error MariaDBQueryException: Input: CALL deleteOldGangs
[22:11:59:864825 +00:00] [Thread 6368] extDB3: SQL: Error MariaDBQueryException: The user specified as a definer ('arma3'@'localhost') does not exist
[22:11:59:864825 +00:00] [Thread 6368] extDB3: SQL: Error MariaDBQueryException: Input: CALL resetLifeVehicles
[22:11:59:864825 +00:00] [Thread 3988] extDB3: SQL: Error MariaDBQueryException: The user specified as a definer ('arma3'@'localhost') does not exist
[22:11:59:864825 +00:00] [Thread 3988] extDB3: SQL: Error MariaDBQueryException: Input: CALL deleteDeadVehicles
[22:11:59:865825 +00:00] [Thread 3988] extDB3: SQL: Error MariaDBQueryException: The user specified as a definer ('arma3'@'localhost') does not exist
[22:11:59:865825 +00:00] [Thread 3988] extDB3: SQL: Error MariaDBQueryException: Input: CALL deleteOldHouses
[22:11:59:866825 +00:00] [Thread 3988] extDB3: SQL: Error MariaDBQueryException: The user specified as a definer ('arma3'@'localhost') does not exist
[22:11:59:866825 +00:00] [Thread 3988] extDB3: SQL: Error MariaDBQueryException: Input: CALL deleteOldGangs
