11:47:43 : No Valid response. Trying to reconnect.!
﻿11:47:47 : No Valid response. Trying to reconnect.!
﻿11:47:51 : No Valid response. Trying to reconnect.!
﻿13:41:41 : No Valid response. Trying to reconnect.!
﻿13:41:45 : No Valid response. Trying to reconnect.!
﻿13:41:49 : No Valid response. Trying to reconnect.!
﻿13:41:53 : Lost Connection!
﻿13:41:53 : Closing socket & exiting!
﻿13:49:46 : Rcon client logging in
﻿13:49:46 : RCon admin #1 (127.0.0.1:60109) logged in
﻿15:33:34 : Rcon client logging in
﻿15:33:34 : RCon admin #0 (127.0.0.1:50007) logged in
﻿15:36:30 : RCon admin #1 (84.25.18.99:62325) logged in
﻿15:44:34 : Lost Connection!
﻿15:44:34 : Closing socket & exiting!
﻿15:45:10 : Lost Connection!
﻿15:45:10 : Closing socket & exiting!
﻿15:45:50 : Rcon client logging in
﻿15:45:50 : RCon admin #1 (127.0.0.1:57509) logged in
﻿15:46:50 : Lost Connection!
﻿15:46:50 : Closing socket & exiting!
﻿15:47:30 : Lost Connection!
﻿15:47:30 : Closing socket & exiting!
﻿15:48:10 : Rcon client logging in
﻿15:48:10 : RCon admin #1 (127.0.0.1:58629) logged in
﻿16:02:20 : Lost Connection!
﻿16:02:20 : Closing socket & exiting!
﻿16:02:55 : Lost Connection!
﻿16:02:55 : Closing socket & exiting!
