00:03:07 : Direct: Zelena: IM RIGHT HERE
00:03:10 : Direct: Zelena: IM ;E TREE
00:03:12 : Direct: Zelena: NO
00:03:13 : Direct: Zelena: NO 
00:03:15 : Direct: Zelena: COME BACK
00:03:48 : Direct: Zelena: I WANT HOSPITAL FUN SEXY TIME
00:03:53 : Direct: Zelena: YES
00:12:09 : Vehicle: Zelena: You never told me the hellfire was illegal
00:12:43 : Vehicle: [APD] Supt. Martyr: Hellfire?
00:12:48 : Vehicle: Zelena: hellcat*
00:13:04 : Vehicle: [APD] Supt. Martyr: oh
00:13:10 : Vehicle: [APD] Supt. Martyr: it's a rebel vehicle :p
00:14:03 : Vehicle: Zelena: I lost my tempest covered from AI rocket launcher which wasn't marked on the map.
00:14:13 : Vehicle: Zelena: I thought it was someone who crashed so I went to check
00:14:15 : Vehicle: Zelena: then bam
00:14:17 : Vehicle: Zelena: died
00:14:29 : Vehicle: Zelena: lost 800k in total probabl
00:14:30 : Vehicle: Zelena: y
00:14:44 : Vehicle: Zelena: hey look
00:14:45 : Vehicle: [APD] Supt. Martyr: x.x
00:14:49 : Vehicle: Zelena: looks like my truck exploded
00:14:55 : Vehicle: Zelena: get it
00:14:59 : Vehicle: Zelena: cus smoke plume
00:15:01 : Vehicle: Zelena: hahafunny
00:15:02 : Vehicle: Zelena: kill me
00:15:37 : Vehicle: Zelena: dude its paddy d thats doing this
00:15:41 : Vehicle: [APD] Supt. Martyr: .<
00:15:49 : Vehicle: [APD] Supt. Martyr: Yeah I am talking ot them
00:15:58 : Vehicle: [APD] Supt. Martyr: they are trying to blow the vehicles up to stop littering
00:15:58 : Vehicle: Zelena: MORE EXPLOSIONS WOT LE FUW
00:15:59 : Vehicle: Zelena: FUQ
00:16:11 : Vehicle: Zelena: Nvm
00:16:12 : Vehicle: Zelena: :>
00:16:41 : Vehicle: Zelena: we jus driving around?
00:17:10 : Vehicle: [NHS] Dr.Rupak: move up a channel
00:19:08 : Vehicle: Zelena: I guess Ill just deal with no truck for a while 
00:19:55 : Vehicle: [APD] Supt. Martyr: yeah we can't comp for truck :(
00:20:07 : Vehicle: Zelena: But y
00:20:10 : Vehicle: Zelena: it was an unmarked ai 
00:20:12 : Vehicle: [APD] Supt. Martyr: the areas are marked on map for AI to avoid them
00:20:14 : Vehicle: Zelena: event thing heli
00:20:19 : Vehicle: Zelena: No
00:20:21 : Vehicle: Zelena: nonono
00:20:29 : Vehicle: Zelena: there was a heli crash site i went to
00:20:30 : Vehicle: Zelena: then
00:20:43 : Vehicle: Zelena: I saw a plume of smoke on the way to the rebel base
00:20:51 : Vehicle: Zelena: and when I checked the map it wasn't a ai thing
00:20:56 : Vehicle: Zelena: so I thought someone crashed
00:21:06 : Vehicle: Zelena: it wasn't a player /
00:21:14 : Vehicle: Zelena: it was ai with a titan launcher
00:21:17 : Vehicle: Zelena: gg 
00:21:37 : Vehicle: [APD] Supt. Martyr: yeah, sorry pal
00:21:47 : Vehicle: Zelena: So  I cant get comp from AI 
00:21:50 : Vehicle: Zelena: not marked on the map
00:21:54 : Vehicle: Zelena: are you kiddin me
00:22:16 : Vehicle: [APD] Supt. Martyr: Sorry Jack
00:22:30 : Vehicle: Zelena: im gon go jump off the castle now
00:22:47 : Direct: [APD] Supt. Martyr: No point doing that sir
00:22:50 : Direct: [APD] Supt. Martyr: stop
00:22:57 : Direct: Zelena: y
00:23:01 : Direct: [APD] Supt. Martyr: Suicide isn't the answer sir
00:23:05 : Direct: Zelena: yus
00:23:07 : Direct: [APD] Supt. Martyr: if you are going to do such a thing
00:23:24 : Direct: [APD] Supt. Martyr: sir
00:23:41 : Direct: Zelena: Suicide or throw a truck at the pd with a heli
00:23:44 : Direct: [APD] Supt. Martyr: if you are going to commit suicide I will have to send you to jail for help
00:23:48 : Direct: Zelena: Noe
00:23:54 : Direct: Zelena: cus dat meens ill loose like
00:24:01 : Direct: Zelena: all my drug licenses
00:24:10 : Direct: Zelena: dat coke is addictive
00:24:11 : Direct: [APD] Supt. Martyr: Right sir, so you understand that suicide isn't the answer right?
00:24:17 : Direct: Zelena: hahahaha
00:24:26 : Direct: Zelena: Well it is a answer
00:24:29 : Direct: Zelena: but not the right one
00:24:34 : Direct: [APD] Supt. Martyr: good answer :P
00:24:57 : Direct: [HATO]HussyPunter: NOT ME
00:25:05 : Direct: [HATO]HussyPunter: HUSSY WITH A ZERO DID IT
00:25:20 : Direct: [APD] Supt. Martyr: Change name
00:25:20 : Direct: [HAT0]Chief Enviromental: paddy did it
00:25:22 : Direct: [APD] Supt. Martyr: or ban
00:25:23 : Group: Sean: u there
00:25:28 : Direct: [APD] Supt. Martyr: oh
00:25:31 : Direct: [HAT0]Chief Enviromental: ban him
00:27:12 : Direct: [HATO]HussyPunter: you see what im dealing with..
00:27:14 : Direct: [APD] Supt. Martyr: If you guys keep exploding vehicles in kavala
00:27:15 : Direct: [HATO]Paddy.D: why am i restrained??
00:27:23 : Direct: [HATO]HussyPunter: It is not me :'(
00:27:25 : Direct: [APD] Supt. Martyr: People will be removed from hato
00:27:31 : Direct: [APD] Supt. Martyr: or banned :)
00:27:33 : Direct: [HAT0]Chief Enviromental: ye paddy
00:27:43 : Direct: [APD] Supt. Martyr: You asked me to change some stuff to help you
00:27:48 : Direct: [HATO]Paddy.D: im trying to fucking remove the cars fuck sake
00:27:50 : Direct: [APD] Supt. Martyr: so act like you guys should be helped
00:27:57 : Direct: [HAT0]Chief Enviromental: do you know how bad that is of the  enviroment
00:28:02 : Direct: [HATO]HussyPunter: it is not me!
00:28:06 : Direct: [APD] Supt. Martyr: don't blow them up in kavala, especially kavala square
00:28:20 : Direct: [HATO]HussyPunter: Speak to chief it is him
00:28:21 : Direct: [HAT0]Chief Enviromental: yes it is hussy
00:28:21 : Direct: [APD] Supt. Martyr: Hussy, you are hato leader right?
00:28:25 : Direct: [HATO]HussyPunter: yes
00:28:30 : Direct: [APD] Supt. Martyr: Exactly
00:28:30 : Direct: [HAT0]Chief Enviromental: i am the secound in command
00:28:40 : Direct: [HAT0]Chief Enviromental: hes got you there
00:28:41 : Direct: [APD] Supt. Martyr: get them in line pal....
00:28:48 : Direct: [HATO]HussyPunter: dude i tried
00:28:55 : Direct: [HAT0]Chief Enviromental: hes the one who fucking led us to do this lol
00:28:56 : Direct: [HATO]HussyPunter: i promised him a castle if he was good
00:28:57 : Direct: [HATO]Paddy.D: FUCKSAKE MARTYR WHERE THEN OUTSIDE OF A SAFE ZONE WHERE I'LL GET KILLED OR HERE WHERE NO ONE IS ATM NO ONES AROUND
00:29:17 : Direct: [APD] Supt. Martyr: It just looks really bad
00:29:28 : Direct: [APD] Supt. Martyr: I will try to help get your script fixed
00:29:28 : Direct: [HAT0]Chief Enviromental: ////////////////////
00:29:38 : Direct: [HATO]HussyPunter:  <3
00:29:48 : Direct: [APD] Supt. Martyr: but blow then up behind hospital for now or on beach north of hq please
00:29:58 : Direct: [APD] Supt. Martyr: not here....
00:30:09 : Direct: [HATO]Paddy.D: LOOK IM ONLY TRY TO CLEAR THE AMOUNT OF CARS WHICH GET LEFT AROUND THIS THE ONLY WE CAN DO IT AND OKAY I WILL :)
00:30:21 : Direct: [APD] Supt. Martyr: they are your cars bloody hell!
00:32:48 : Direct: [Lt] Flames: willem sucks
00:45:47 : Direct: Zelena: sorry
00:45:52 : Direct: Zelena: i was trying to drift behind u
00:46:35 : Group: [APD] Sgt.McFreely: the guy in the ifrit is helping me name snape
00:49:21 : Direct: fathercandle: ouch
00:49:30 : Direct: Zelena: wtf
00:49:33 : Direct: Zelena: why is geoff inviss
00:57:01 : Direct: [APD] Supt. Martyr: Hi sir
00:57:09 : Direct: [Sgt] Willem: Hello officer
00:57:14 : Direct: [APD] Supt. Martyr: Do you think that was sensible driving?
00:57:31 : Direct: [Sgt] Willem: I had to rush to the hospital my nan was pregnant
00:57:57 : Direct: [APD] Supt. Martyr: well sir, now you will have to spend baby cloth money on a speeding ticket, please be more careful next time!
01:12:02 : Direct: Zelena: YOU TOTAL PUSSY
01:12:17 : Direct: Zelena: OY
01:12:27 : Direct: Zelena: THATS ABUSE M87
01:13:01 : Direct: Zelena: YE SHIT M8
01:13:12 : Direct: Zelena: YOU CANT EVEN WIN A RACE M8
01:13:18 : Direct: Zelena: ye
01:13:22 : Direct: Zelena: no tickets
01:13:26 : Direct: Zelena: or ill ram a helicopter into ur base
01:13:28 : Direct: Zelena: No
01:13:35 : Direct: Zelena: my speedometer is broken
01:13:38 : Direct: Zelena: gg
01:13:46 : Direct: Zelena: noe
01:13:52 : Direct: Zelena: Noe
01:13:58 : Direct: Zelena: or i will ram my car into the base
01:13:59 : Direct: Zelena: m8
01:14:07 : Direct: Zelena: oY
01:14:11 : Direct: Zelena: Be careful
01:14:14 : Direct: Zelena: i do have a helicopter
01:14:16 : Direct: Zelena: that can lift that
01:14:22 : Direct: Zelena: do not trah me
01:14:28 : Direct: Zelena: Mine is so much faster :>
01:14:35 : Direct: Zelena: noe
01:14:39 : Direct: Zelena: its not ur job m8
01:14:41 : Direct: Zelena: its my car
01:14:43 : Direct: Zelena: i wil lfix it
01:14:48 : Direct: Zelena: leave it alone or I will sue
01:14:55 : Direct: Zelena: You are paying for them tires
01:15:11 : Direct: Zelena: XD
01:15:25 : Direct: Zelena: Im just having bants m8
01:15:33 : Direct: Zelena: no tickets over 20k
01:15:59 : Direct: Zelena: Oee
01:16:02 : Direct: Zelena: jus gimmi 10k
01:16:14 : Direct: Zelena: I will eat you
01:16:17 : Direct: Zelena: NO
01:16:19 : Direct: Zelena: I WILL FIX
01:17:37 : Direct: Zelena: CAN YOU NOT
01:17:40 : Direct: Zelena: I AINT DONE OWT WRONG
01:17:58 : Direct: Zelena: i swear to god
01:18:30 : Direct: Zelena: Keep me away from this cunt
01:18:32 : Direct: Zelena: i swear to god
01:18:40 : Direct: Zelena: Dude
01:18:43 : Direct: Zelena: the population
01:18:46 : Direct: Zelena: of this town
01:18:48 : Direct: Zelena: is like 2
01:18:54 : Direct: Zelena: THERE IS TWO
01:18:58 : Direct: SwiftWarlock: pls
01:18:59 : Direct: Zelena: GGGGGGGGRRRRRRRRRRRRRR
01:19:01 : Direct: SwiftWarlock: no
01:19:05 : Direct: SwiftWarlock: that isnt a rule
01:19:10 : Direct: SwiftWarlock: okk
01:19:19 : Direct: SwiftWarlock: i will
01:19:23 : Direct: SwiftWarlock: nooooooooo
01:19:29 : Direct: Zelena: OEE
01:19:29 : Direct: SwiftWarlock: i got nothing
01:19:33 : Direct: Zelena: WHAT DID I DO WRONG
01:19:35 : Direct: Zelena: OMG
01:19:35 : Direct: Zelena: XD
01:19:38 : Direct: SwiftWarlock: =]]]
01:21:54 : Direct: Zelena: ARE YOU HAVING A PANIC ATTACK
01:22:01 : Direct: Zelena: TRY ME
01:23:31 : Direct: Zelena: what now
01:23:32 : Direct: Zelena: omg
01:23:44 : Direct: [APD] PCSO. Thorgard: Step out the vehicle
01:24:21 : Direct: Zelena: Oe
01:24:54 : Direct: Zelena: WHAT KIDS
01:24:55 : Direct: Zelena: XD
01:25:02 : Direct: Zelena: FUCK THEM
01:25:03 : Direct: Zelena: ROAST THEM
01:25:07 : Direct: Zelena: XD
01:25:20 : Direct: Zelena: THE NEXT GENERATION ARE SLUTS BY THE AGE OF 5
01:25:29 : Direct: Zelena: AND BOYS THAT HAVE RIBS SHOWING
01:25:33 : Direct: Zelena: LIKE LAGIT
01:25:38 : Direct: Zelena: Ribs.
01:25:50 : Direct: Zelena: I cant see my tongue 
01:25:51 : Direct: Zelena: m8
01:25:57 : Direct: Zelena: I can't even watch it
01:26:08 : Direct: Zelena: no
01:26:11 : Direct: Zelena: No
01:26:20 : Direct: Zelena: I will kill myself if you give me a ticket
01:26:38 : Direct: Zelena: that castle is easy to ramp off that
01:26:45 : Direct: Zelena: like
01:26:49 : Direct: Zelena: that shit one over there/
01:26:53 : Direct: Zelena: the falling down thing
01:26:54 : Direct: Zelena: ye
01:26:58 : Direct: Zelena: I can ramp off that
01:27:12 : Direct: Zelena: k
01:27:14 : Direct: Zelena: :>
01:28:23 : Direct: Zelena: what have I done wrong this time
01:28:24 : Direct: Zelena: omg
01:28:32 : Direct: Zelena: this is my house
01:28:35 : Direct: Zelena: I went that m8
01:28:38 : Direct: Zelena: maybe a little over
01:28:44 : Direct: Zelena: but i have a numb foot
01:28:45 : Direct: Zelena: mate
01:28:56 : Direct: Zelena: I cant tell how far im pushing down on the peddle
01:29:03 : Direct: Zelena: and how did you find my hiding place
01:29:04 : Direct: Zelena: how
01:29:07 : Direct: Zelena: its impossible
01:29:27 : Direct: Zelena: u got a sexy face
01:29:33 : Direct: Zelena: OY
01:30:00 : Direct: Zelena: Ill buy a combine harvester in a minute
01:30:06 : Direct: Zelena: and turn them into stew
01:30:32 : Direct: Zelena: you are just jelly about my driving
01:30:51 : Direct: Zelena: omg
01:30:59 : Direct: Zelena: I swear to god XD
01:31:12 : Direct: Zelena: it beeps
01:31:16 : Direct: Zelena: you can never stop the beeps
01:31:43 : Direct: Zelena: if u follow me after this
01:31:45 : Direct: Zelena: i will do it
01:39:59 : Direct: Zelena: See you in hospital, mate
01:46:58 : Direct: Snape: evening officers
01:51:32 : Direct: Snape: There we are officer
01:51:39 : Direct: Snape: YOu may take it for holding or even payment
01:51:49 : Direct: Snape: just give us an escort, we will be here 5m max
01:51:59 : Direct: Snape: Just here to check the software and generally protection of your base.
01:54:45 : Direct: Snape: Sir we have placed our high cal guns in the cars
01:54:48 : Direct: Snape: So there will be no trouble
01:54:53 : Direct: Snape: we will do a inspection takes 5m
01:54:58 : Direct: Snape: then we will be out of your hair
01:59:31 : Group: [Sgt] Willem: mint
01:59:48 : Group: [Pvt] Currél: beasr
01:59:54 : Group: [Pvt] Currél: beast
01:59:59 : Group: [Sgt] Willem: Tank
02:00:05 : Group: [Pvt] Currél: you busy?
02:00:12 : Group: [Sgt] Willem: Doing drugs with Great
02:00:29 : Group: [Pvt] Currél: Okie
02:00:56 : Group: [Sgt] Willem: wanna join
02:08:56 : Direct: [Sgt] Willem: flames
02:09:01 : Direct: [Sgt] Willem: Help great out
02:09:05 : Direct: [Sgt] Willem: He is stuck mate
02:09:16 : Direct: [Lt] Flames: Where?
02:09:21 : Direct: [Sgt] Willem: agios
02:09:25 : Direct: [Sgt] Willem: in between trees
02:09:30 : Direct: [Sgt] Willem: COuldn't get him
02:21:00 : Direct: Zelena: oy
02:21:08 : Direct: Zelena: you cant arrest someone for speeding
02:21:11 : Direct: Zelena: in a cart
02:21:16 : Direct: Zelena: its not classed as a vehicle
02:21:17 : Direct: Zelena: actualy
02:21:59 : Direct: Zelena: tuff shit
02:33:26 : Direct: Zelena: rda/
02:33:28 : Direct: Zelena: recording
02:33:29 : Direct: Zelena: rda
02:33:30 : Direct: Zelena: rda
02:33:35 : Direct: Zelena: rda
02:33:37 : Direct: Zelena: rda
02:33:38 : Direct: Zelena: rda
02:33:39 : Direct: Zelena: rda
02:33:43 : Direct: Zelena: extra rda
02:33:46 : Direct: Zelena: extra rda
02:33:55 : Direct: Zelena: you are paying 22k for new kart
02:33:57 : Direct: Zelena: rda
02:33:57 : Direct: Zelena: rda
02:33:59 : Direct: Zelena: not trolling
02:34:00 : Direct: Zelena: rda
02:34:01 : Direct: Zelena: rda
02:34:02 : Direct: Zelena: rda
02:34:19 : Direct: Zelena: It isn't trolling
02:34:21 : Direct: Zelena: :>
02:34:42 : Direct: Zelena: still rda
02:34:44 : Direct: Zelena: rda
02:34:44 : Direct: Zelena: rda
02:34:45 : Direct: Zelena: rda
02:34:46 : Direct: Zelena: rda
02:34:47 : Direct: Zelena: rda
02:34:51 : Direct: Zelena: and he cant give you perm
02:34:54 : Direct: Zelena: if he isnt a officer
02:34:57 : Direct: Zelena: rda
02:34:57 : Direct: Zelena: rda
02:34:58 : Direct: Zelena: rda
02:35:00 : Direct: Zelena: not illegally
02:35:04 : Direct: Zelena: not illegally
02:35:05 : Direct: Zelena: im suing
02:35:12 : Direct: Zelena: im gon kill myself
02:35:13 : Direct: Zelena: try me
02:35:14 : Direct: Zelena: :>
02:35:47 : Direct: Zelena: Hardy hardy har har hue hue hue
02:35:51 : Direct: Zelena: i was within speed limit
02:35:56 : Direct: Zelena: Try me
02:35:58 : Direct: Zelena: I got 3 more
02:36:17 : Direct: Zelena: Oh try me
02:36:18 : Direct: Zelena: :>
02:36:21 : Direct: Zelena: top bants
02:36:35 : Direct: Zelena: hahah
03:10:15 : Direct: [Lt] Flames: burn the 
06:35:02 : Direct: [Lt] Flames:  #flamesisthebest2k16
12:41:43 : Direct: [B.K.G] Hassan: y
13:14:00 : Group: [B.K.G] Hassan: .min silencer
13:31:14 : Group: [B.K.G] Hassan: hey
14:20:37 : Direct: Zelena: MY MONEY
14:20:44 : Direct: Zelena: NVM
14:20:51 : Direct: Zelena: If yer fixing that then im k
14:21:17 : Direct: Zelena: EYY thanks ma lad
14:21:25 : Direct: Zelena: Would you like a green helmet
14:21:26 : Direct: Zelena: :>
14:21:31 : Direct: [NHS]Spammking: naa
14:21:37 : Direct: Zelena: yellow maybe?
14:21:38 : Direct: Zelena: :>
14:26:45 : Direct: Zelena: hero up der
14:26:51 : Direct: Zelena: I got a good tip for u
14:26:55 : Direct: Zelena: don't land on garages
14:26:59 : Direct: Zelena: u will blow up
14:27:01 : Direct: Zelena: jus saying
14:39:34 : Direct: Zelena: I got u some head protection
14:41:28 : Direct: Zelena: im stuk now
14:42:00 : Direct: Zelena: i got one too
14:42:04 : Direct: Zelena: but mine is illegal
14:42:05 : Direct: Zelena: u jelly
14:47:19 : Direct: White Bob: ello
14:47:34 : Direct: White Bob: not up to me have to ask black bob
14:47:46 : Direct: White Bob: he will be on soon
15:04:53 : Direct: White Bob: wanna race go karts?
15:05:01 : Direct: Zelena: nah
15:05:05 : Direct: Zelena: end up with me getting rekt
15:05:05 : Direct: White Bob: how much is a kart i want one
15:05:07 : Direct: Zelena: on the floor
15:05:10 : Direct: Zelena: 22.5k
15:05:44 : Direct: Zelena: fuel is green
15:05:49 : Direct: Zelena: bluking is blue
15:05:59 : Direct: Zelena: redstone is shit and the other one is shit in my opinion
15:06:01 : Direct: Zelena: no wait
15:06:05 : Direct: Zelena: i think redstone is red
15:06:08 : Direct: Zelena: which looks cool
15:06:11 : Direct: Zelena: oo wait
15:06:12 : Direct: Zelena: wait
15:06:15 : Direct: Zelena: want a free suit?
15:06:32 : Direct: White Bob: nah i have a ghillie and shit i will take the helemt if you want doe
15:07:34 : Direct: White Bob: which one shall i get?
15:07:45 : Direct: White Bob: ffs i dont have a license
15:07:55 : Direct: Zelena: quick
15:07:56 : Direct: Zelena: backup
15:08:09 : Direct: Zelena: WHY
15:08:17 : Direct: White Bob: hitman sorry bbygurl
15:08:40 : Direct: Zelena: I want comp for this im always friendly/
15:08:44 : Direct: Zelena: and you always ruin it.
15:22:50 : Direct: [Sgt] Willem: Dont revive these guys
15:22:55 : Direct: [Sgt] Willem: Or you will be shot
15:23:01 : Direct: [NHS]Spammking: they combat logged mate
15:23:06 : Direct: [Sgt] Willem: Class act
15:23:09 : Direct: [Sgt] Willem: who were they
15:23:14 : Direct: [Sgt] Willem: Ill delete their gear
15:23:23 : Direct: [NHS]Spammking: random palyer ahhhhh i hate helis
15:30:06 : Vehicle: [Lt] Flames: sometimes
15:30:14 : Vehicle: [Lt] Flames: i think i am a better driver than you
15:30:24 : Vehicle: [Lt] Flames: but no one would believe me
15:30:31 : Vehicle: [Lt] Flames: : - (
15:35:32 : Vehicle: [Lt] Flames: i swear
15:35:34 : Vehicle: [Lt] Flames: to fucking godf
15:35:56 : Vehicle: [Lt] Flames: like
15:35:57 : Vehicle: [Lt] Flames: wtf
15:35:59 : Vehicle: [Lt] Flames: how
15:36:04 : Vehicle: [Lt] Flames: you hit a bush
15:36:09 : Vehicle: [Lt] Flames: A BUSH MAN
15:36:17 : Vehicle: [Lt] Flames: as long as nak doesnt see it
15:45:41 : Direct: Zelena: yo
15:45:46 : Direct: [NHS]Spammking: hi
15:45:54 : Direct: Zelena: I was running over the vdmer
15:46:00 : Direct: Zelena: one of them
15:46:10 : Direct: Zelena: cus their driving is shit they died
15:46:14 : Direct: Zelena: and deserved it
15:46:20 : Direct: Zelena: karmas a bitch
15:48:46 : Group: TaylerK: i cant hear u so what guns we buying
15:56:36 : Direct: Voxzed: Hello
15:57:28 : Vehicle: [APD] PSCO. Felix: great choice
16:14:18 : Direct: Voxzed: Hello
16:14:24 : Direct: Voxzed: AYe
16:14:32 : Direct: Voxzed: NO thanks
16:14:46 : Group: [Pvt] Mythic: please open the strider
16:15:15 : Direct: Voxzed: No sale thanks
16:48:46 : Group: [APD] Supt. Martyr: ya
16:48:53 : Group: [APD] Supt. Martyr: did he hit me on purpose then or I run into him?
16:49:02 : Group: [APD] Insp.Gadget: IDK
16:49:07 : Group: [APD] Supt. Martyr: hmm
16:56:15 : Direct: [APD] Supt. Martyr: yah
16:56:21 : Direct: [APD] Supt. Martyr: was on border earlier so took lethal
17:14:31 : Direct: [APD] Insp.Gadget: FOLLOW
17:15:55 : Group: [APD] Supt. Martyr: SHUT UP
17:19:02 : Direct: [NHS] Thieving bastard: vibz is shit
17:19:21 : Group: [APD] Supt. Martyr: I want someone to check drug fields with heli
17:19:41 : Group: [APD] Supt. Martyr: someone not training/being trained of course
17:20:38 : Group: [APD] PCSO. Thorgard: We are going to do it Martyr
17:20:44 : Group: [APD] PCSO. Thorgard: Falaxan and i
17:20:50 : Group: [APD] Supt. Martyr: Thank you
17:21:00 : Direct: [NHS] Thieving bastard: WINNER WINNER CHICKEN DINNER
17:23:14 : Group: [APD] Insp.Gadget: remember what i thougth you jim the limb
17:23:28 : Group: [APD] PCSO. Jimmy: sure
17:23:35 : Group: [APD] Insp.Gadget: dont forget jim 
17:23:38 : Group: [APD] Insp.Gadget: the limb
17:23:44 : Group: [APD] Insp.Gadget: always remember
17:26:57 : Group: [APD] PSCO. Felix: Me and Thorgård recommend Insp. Gadget for training cadets. He taught us a lot 
17:27:20 : Group: [APD] Insp.Gadget: the mind dosent need a holster
17:32:46 : Direct: [NHS] Thieving bastard: Who needs a prostate examination?
17:33:01 : Direct: [Pvt] ANGeR: i need a dick examination might be too big 
17:41:01 : Group: Hawky: Pick up my wep
17:41:04 : Group: Hawky: at my body
17:41:43 : Direct: [NHS] Thieving bastard: 5 YEARSLLATER
18:03:04 : Vehicle: [Lt] Flames: lets kill some fuckers
18:03:09 : Vehicle: [Lt] Flames: i might run behind the house
18:03:14 : Vehicle: [Lt] Flames: give em some shit ye
18:03:21 : Vehicle: [Lt] Flames: sound k?
18:14:44 : Group: [Pvt] VibZ: abnt
18:14:46 : Group: [Pvt] VibZ: ant
18:14:49 : Group: [Pvt] VibZ: your weapon
18:14:55 : Group: [Pvt] VibZ: pistol#
18:15:00 : Group: [Cpt] Antony-J: Bought 1
18:18:48 : Group: [APD] Supt. Martyr: Dude, the strider?
18:19:52 : Vehicle: [APD] Sgt. Randall: really wanna raid the house
18:19:59 : Vehicle: [APD] Chief. Hamilton: we will when dru goews
18:20:01 : Vehicle: [APD] Sgt. Randall: whats the rules regarding house raiding?
18:23:34 : Group: [Lt] Flames: fghfggfhgfgfgfgfgfggfggfgfgfgfgfgf
18:23:37 : Group: [Lt] Flames: fgfgfgfggfgffggfgf
18:23:41 : Group: [Lt] Flames: gfgfgfgffgfgfggffgfggfgfffffffffffff
18:27:50 : Group: LoneWolf: sorry other shit being delt with
18:28:13 : Group: [Pvt] Sig: mags pl0x
18:30:47 : Group: [APD] Insp.Gadget: Hamy you need help at agios cp?
18:32:12 : Group: [APD] Chief. Hamilton: no
18:32:14 : Group: [APD] Sgt. Randall: na
18:32:18 : Group: [APD] Chief. Hamilton: multiple contacts
18:33:02 : Direct: Konan: hey
18:33:11 : Direct: Konan: what?
18:33:17 : Direct: Corey Spencer: HOW'S KREPT?
18:33:21 : Direct: Konan: no idea
18:36:13 : Vehicle: [APD] PCSO. Thorgard: Dinner time 
18:36:20 : Vehicle: [APD] PCSO. Thorgard: Be back in 5 min
18:36:22 : Vehicle: [APD] Chf Insp. Nolif: good meal
18:36:31 : Vehicle: [Lt] Flames: LETS RAPE A BITCH
18:37:26 : Group: [APD] Sgt. Randall: absolutely no idea where they are
18:38:34 : Group: [APD] Chf Insp. Nolif: Eukenabea is outside
18:38:58 : Group: [APD] Insp. Pancakes: I have located the ifit!
18:39:22 : Direct: POKEMON: HI
18:42:32 : Direct: POKEMON: HIIII
18:42:50 : Direct: [Pvt] Currél: good day
18:42:51 : Direct: POKEMON: I LIKE UR HATTTTTTT
18:45:36 : Vehicle: [APD] PSCO. Felix: could anyone give me something too drink? Forgot too buy lel
18:45:51 : Vehicle: [APD] PCSO. Jimmy: sure
18:46:05 : Vehicle: [APD] PSCO. Felix: thanks bro
18:46:15 : Vehicle: [APD] PCSO. Jimmy: yw
18:49:02 : Direct: POKEMON: HIIIII
18:49:11 : Direct: POKEMON: 9.9
18:49:55 : Direct: POKEMON: DONT KILL MEEEEEEE
18:50:48 : Direct: POKEMON: HE WILL PAYYYYY
19:23:29 : Group: [NHS]White Bob: where is my other medical officer
19:23:39 : Direct: [NHS Chief] Dr. Huberio: i guess
19:25:07 : Direct: [PC] Sean: WTF]
19:25:14 : Direct: [PC] Sean: WHY
19:33:37 : Direct: [NHS]White Bob: ooc relog
19:33:38 : Direct: [Lt] Flames: mb
19:33:47 : Direct: [Lt] Flames: sorry bro
19:50:05 : Group: [NHS Chief] Dr. Huberio: i have him
19:50:19 : Group: [NHS] Nifobro: can i go please :3
19:50:33 : Group: [NHS Chief] Dr. Huberio: ye
19:50:38 : Group: [NHS] Nifobro: TY BABE
19:59:18 : Vehicle: [APD] PSCO. Felix: wait a sEC
19:59:51 : Direct: [APD] PSCO. Felix: larry, u fly x)
20:00:40 : Vehicle: [APD] PSCO. Felix: there's something wrong with my controls so I can't lift
20:00:49 : Vehicle: [APD] PSCO. Felix: before it was just Q but I cant figure it out now x)
20:09:52 : Direct: [APD] Chief. Hamilton: ]
20:10:56 : Direct: [APD] Chief. Hamilton: /
20:15:06 : Direct: [NHS]White Bob: go around
20:21:29 : Direct: [HATO]HussyPunter: creasing
20:22:05 : Group: [APD] Chief. Stalks: on way
20:36:28 : Group: [APD] Supt. MrDunis: zZZzz zz ANything at weed
20:43:58 : Direct: Rambo: Selling drugs
20:44:03 : Direct: Rambo: Weed
20:44:39 : Direct: Rambo: I am not allowed to sell?
20:46:27 : Group: [APD] Supt. MrDunis: Not heading there
20:47:06 : Group: [APD] Chief. Stalks: Stay away from aff base unless you 100% need to go there
20:47:26 : Direct: [HATO]HussyPunter: sir!!!
20:47:29 : Direct: [HATO]HussyPunter: are you okay!
20:47:31 : Group: [APD] Chief. Stalks: If you want to fight them, log in as civ and do so
20:47:33 : Direct: [HATO]HussyPunter: stay with me sir
20:47:37 : Direct: [HATO]HussyPunter: i will get help
20:47:53 : Direct: [HATO]HussyPunter: medics are on their way
20:47:54 : Vehicle: [APD] Chf Insp. Nolif: YES
20:47:56 : Vehicle: [APD] Chf Insp. Nolif: Yes
20:48:00 : Vehicle: [APD] PSCO. Felix: LETS GO THEN
20:48:02 : Vehicle: [APD] PSCO. Felix: DICKFACE
20:56:23 : Group: [NHS] Sean: Help
21:12:22 : Group: [Pvt] Sig: brb 2 min 
21:16:08 : Direct: [Pvt] Currél: nvm*
21:27:45 : Direct: White Bob: ELLO
21:41:01 : Group: [Pvt] VibZ: crackdown
21:41:29 : Vehicle: White Bob: we need your sunglasses
21:42:13 : Direct: POKEMON: BC HE HITS OLD LADYS
21:45:01 : Direct: Zelena: dude
21:45:06 : Direct: Zelena: can you drop me off at the garage
21:45:08 : Direct: Dick Van Dyke: Yeah
21:45:36 : Direct: Zelena: thanks
21:45:39 : Direct: Dick Van Dyke: np
22:05:12 : Direct: Dick Van Dyke: hey
22:05:25 : Direct: Dick Van Dyke: sup
22:05:29 : Direct: Dick Van Dyke: you too
22:06:54 : Direct: CMA Swifty: ?
22:06:56 : Direct: [APD] Supt. Martyr: Sir, please step out of the vehicle
22:07:04 : Direct: [APD] Supt. Martyr: Hi sir
22:07:10 : Direct: [APD] Supt. Martyr: Do you know this is a restricted area?
22:07:16 : Direct: CMA Swifty: NOPE?
22:07:20 : Direct: CMA Swifty: am so sorry
22:08:19 : Direct: [APD] Supt. Martyr: Thank you sir, have a nice day
22:08:32 : Group: [APD] Supt. Martyr: don't worry
22:08:39 : Group: [APD] Supt. Martyr: he knew what he was doing pal
22:09:14 : Group: [APD] PCSO. Jimmy: yeah if i dont talk then whats the point of being a cop in this game :'(
22:10:50 : Direct: HussyPunter: Fuck my ride
22:12:38 : Vehicle: [NHS]Paddy.D : fast rope
22:12:51 : Vehicle: [NHS]Paddy.D : FAST ROPE
22:25:19 : Direct: Zelena: sIR
22:25:21 : Direct: Zelena: Sir*
22:25:29 : Direct: Zelena: I brought you the shipment of weapons of which
22:25:33 : Direct: Zelena: i do not want to posess
22:25:35 : Direct: Zelena: so pleas
22:25:38 : Direct: Zelena: take a look
22:25:59 : Direct: Zelena: yo
22:26:02 : Direct: Zelena: I don't want these
22:26:07 : Direct: Zelena: I brought them to you
22:26:28 : Direct: Zelena: Wait
22:26:32 : Direct: Zelena: transport?\
22:26:35 : Direct: Zelena: into that car?
22:27:25 : Direct: Dick Van Dyke: sir
22:27:36 : Direct: Dick Van Dyke: Need my heli impounding
22:27:39 : Direct: Dick Van Dyke: it's broken
22:27:56 : Direct: Dick Van Dyke: no it's in my garden
22:27:58 : Direct: Dick Van Dyke: in town
22:28:02 : Direct: Zelena: Ill repair ye
22:28:12 : Direct: Zelena: Fribzen
22:28:17 : Direct: Zelena: Cheeck the truck
22:29:19 : Group: Paddy.C: /
22:30:41 : Direct: Zelena: well i was going to ask for a reward
22:30:46 : Direct: Zelena: but since they are gone
22:30:46 : Direct: Zelena: nvm
22:31:09 : Direct: Zelena: use that thing
22:31:13 : Direct: Zelena: its op
22:31:38 : Direct: Zelena: cmere
22:31:40 : Direct: Zelena: i got u sight
22:32:06 : Direct: [APD] PCSO. Thorgard: Thank you
22:39:20 : Direct: Dick Van Dyke: hi
22:39:24 : Direct: Dick Van Dyke: I am filming
22:39:31 : Direct: Dick Van Dyke: can i film?
22:39:39 : Direct: Dick Van Dyke: yeah
22:39:42 : Direct: Dick Van Dyke: private companyt
22:39:44 : Direct: Dick Van Dyke: ty
22:40:28 : Direct: [APD] Supt. Martyr: Thank you medic!
22:40:51 : Direct: Dick Van Dyke: yes please
22:41:33 : Direct: Dick Van Dyke: Do you believe there was an alternative way you could have handled this?
22:41:41 : Direct: Dick Van Dyke: with maybe a less violent outcome
22:42:07 : Direct: Dick Van Dyke: I see, well thank you for your time
22:42:23 : Direct: Dick Van Dyke: sir can i buy something quick?
22:43:08 : Direct: SwiftWarlock: hey
22:43:14 : Direct: SwiftWarlock: ok
22:44:26 : Direct: Dick Van Dyke: I got all the info :)
22:44:31 : Direct: Dick Van Dyke: thanks
22:45:02 : Direct: [NHS]Paddy.D : NP PAL
22:45:21 : Direct: Dick Van Dyke: silver sub
22:45:23 : Direct: Dick Van Dyke: suv
22:45:26 : Direct: SwiftWarlock: thx
22:45:27 : Direct: Dick Van Dyke: rammed me of the road
22:45:31 : Direct: [APD] Supt. Martyr: you're welcome
22:45:32 : Direct: Dick Van Dyke: that wya
22:47:54 : Direct: Zelena: Spread the word
22:48:04 : Direct: Zelena: Martyr gave me permission to fly my hellcat
22:48:16 : Direct: Zelena: yus
22:48:30 : Direct: Zelena: wut that heli is too loud
22:48:47 : Direct: [Pvt]  Csweetlove: give me second
22:51:39 : Direct: VoidYT: You done?
22:51:43 : Direct: [Pvt]  Csweetlove: yes
22:51:45 : Direct: VoidYT: Ohh
22:51:49 : Direct: VoidYT: Gimme 1m?
22:51:50 : Direct: [Pvt]  Csweetlove: i am only taking 165
22:51:54 : Direct: VoidYT: ohh
22:51:59 : Direct: VoidYT: I wanna get as much AP
22:52:02 : Direct: [Pvt]  Csweetlove: 150 in truck and 15 in inv
22:52:07 : Direct: VoidYT: Go to processing and i'll meet u therE??
22:52:11 : Direct: [Pvt]  Csweetlove: kk
22:54:57 : Direct: SwiftWarlock: what?
22:55:07 : Direct: SwiftWarlock: can you repeat?
22:55:14 : Direct: SwiftWarlock: i know
22:55:27 : Direct: SwiftWarlock: no
22:55:42 : Direct: SwiftWarlock: fine
22:56:37 : Direct: SwiftWarlock: no
22:56:40 : Direct: SwiftWarlock: =]]]
22:59:26 : Group: [APD] Chief. Stalks: type!
22:59:30 : Group: [APD] Chief. Stalks: type type type!
22:59:47 : Group: [APD] Chf Insp. Nolif: I blame martyr
23:01:13 : Direct: Dick Van Dyke: wrong person
23:01:14 : Direct: Dick Van Dyke: srry
23:01:17 : Direct: Zelena: dude
23:01:19 : Direct: Dick Van Dyke: need repair?
23:01:22 : Direct: Zelena: DDUWE
23:01:30 : Direct: Dick Van Dyke: k sorry
23:03:45 : Direct: Zelena: cOCO
23:03:47 : Direct: Zelena: Coco
23:03:50 : Direct: Zelena: Need a lift?
23:03:53 : Direct: Zelena: I can pick you up
23:04:04 : Direct: CoCo the LoCo: lol nah im good thanks
23:04:35 : Direct: Zelena: dude
23:04:41 : Direct: Zelena: want to go skydive?
23:04:47 : Direct: Dick Van Dyke: sure
23:04:51 : Direct: Zelena: I got fuck loads of parachutes
23:04:59 : Direct: Dick Van Dyke: lemme go put my gun in my house
23:05:00 : Direct: Zelena: get awn ien
23:05:57 : Direct: Zelena: get a chute from the heli
23:06:05 : Direct: Dick Van Dyke: got one
23:06:06 : Direct: Zelena: and don't forget to pull before 100 meters
23:06:18 : Direct: Dick Van Dyke: alright
23:06:43 : Direct: Zelena: how high? 1k?
23:06:46 : Direct: Dick Van Dyke: incase i die
23:06:51 : Direct: Dick Van Dyke: yeah
23:07:04 : Direct: Zelena: you want me to give you it back or what?
23:07:11 : Direct: Dick Van Dyke: nah keep it :P
23:07:17 : Group: [APD] Supt. MrDunis: Who crashed it?
23:07:18 : Direct: Zelena: thanks 
23:07:35 : Direct: Zelena: you looking outside the heli?
23:07:40 : Direct: Dick Van Dyke: yeah haha
23:07:45 : Direct: Zelena: Watch this :>
23:07:57 : Direct: Zelena: fireworks
23:08:00 : Direct: Dick Van Dyke: that looks awesome haha
23:08:01 : Group: Kalem: WHAT SIDE OF THE ROAD WE SUPPOSED TO DRIEV ON?
23:08:17 : Direct: Dick Van Dyke: how high are we?
23:08:24 : Direct: Zelena: we are at 1k, higher or nah?
23:08:33 : Direct: Dick Van Dyke: yeah i'll jump now
23:08:37 : Direct: [B.K.G] Joaquín Guzmán: voteday
23:08:37 : Direct: Zelena: Good luck
23:08:39 : Direct: Zelena: :>
23:08:39 : Direct: Dick Van Dyke: Ty
23:10:30 : Group: [APD] Supt. MrDunis: We've captured back Weed and.. Heroin  and we are checking the coke now  incase they are going for all 3
23:11:10 : Group: [APD] Supt. Martyr: Rgr, we will get the two on our side
23:12:11 : Group: [APD] Supt. MrDunis: Thats heroin or weed 
23:12:19 : Group: [APD] Supt. MrDunis: We just flew past coke
23:12:34 : Group: [APD] Chf Insp. Nolif: think its a bait
23:12:49 : Group: [APD] Chief. Stalks: heroin seems clear
23:12:56 : Group: [APD] Supt. MrDunis: prob weed then
23:12:57 : Group: [APD] Chf Insp. Nolif: check normal processings
23:12:59 : Group: [APD] Supt. MrDunis: higehst on market price
23:13:16 : Group: [APD] Supt. MrDunis: Lowest
23:13:18 : Group: [APD] Supt. MrDunis: nvm
23:13:22 : Direct: Sean: medic!!
23:13:43 : Direct: Paddy.C: DROP EVERYTHING
23:13:44 : Direct: Paddy.C: NOW
23:13:52 : Group: [APD] Supt. MrDunis: They might be doing opium. highest on the market
23:16:29 : Group: [APD] Chf Insp. Nolif: type please
23:16:31 : Group: [APD] Supt. MrDunis: on it
23:16:35 : Group: [APD] Supt. Martyr: ty
23:16:42 : Group: [APD] Chf Insp. Nolif: what?
23:16:56 : Group: [APD] Supt. Martyr: offroad looked like it was heading to heroin processing on map
23:17:24 : Group: [APD] Supt. MrDunis: Looks like a naked civilan
23:17:25 : Direct: SwiftWarlock: i need a mechanic=]]
23:17:28 : Group: [APD] Supt. MrDunis: Talking to him now
23:17:36 : Direct: SwiftWarlock: cuz idk=]]
23:17:44 : Direct: SwiftWarlock: i know
23:17:54 : Direct: SwiftWarlock: thx
23:18:13 : Group: [APD] Supt. MrDunis: Does not even have a backpack
23:18:21 : Direct: SwiftWarlock: pardon?
23:18:29 : Group: [APD] Supt. Martyr: lol wtf
23:18:30 : Direct: SwiftWarlock: no
23:18:36 : Direct: SwiftWarlock: thx
23:18:58 : Direct: CoCo the LoCo: ty
23:19:26 : Group: [APD] Supt. MrDunis: Stalks
23:19:37 : Group: [APD] Supt. MrDunis: You'd figure i can fly past drug dealer?
23:19:43 : Group: [APD] Supt. Martyr: sure
23:19:52 : Group: [APD] Supt. MrDunis: Alright will do it after heroin field
23:19:52 : Group: [APD] Supt. Martyr: just to check it out only though
23:19:54 : Group: [APD] Chief. Stalks: yeah, just expect to get shot at
23:19:55 : Group: [APD] Supt. MrDunis: ofc
23:20:01 : Group: [APD] Supt. MrDunis: gonna fly by fast
23:23:57 : Group: [APD] Chf Insp. Nolif: stalks you stay on it
23:24:01 : Group: [APD] Chf Insp. Nolif: we'll get a car
23:24:04 : Group: [APD] Supt. MrDunis: AFF offroad parked at the drug dealer
23:24:06 : Group: [APD] Supt. MrDunis: nothing much
23:24:59 : Group: [APD] Chief. Stalks: chasing 2 suv's
23:25:04 : Group: [APD] Chief. Stalks: 1 silver 1 flames
23:25:21 : Group: [APD] Chief. Stalks: taking shots from flames car
23:25:28 : Group: [APD] Supt. MrDunis: Responding
23:25:32 : Group: [APD] Supt. MrDunis: 2km
23:25:47 : Group: [APD] Supt. MrDunis: Free to engage right?
23:25:55 : Group: [APD] Chief. Stalks: yeah flames suv fired
23:25:58 : Group: [APD] Chief. Stalks: silver 1 did not
23:26:07 : Group: [APD] Chief. Stalks: heading to kavala
23:26:09 : Group: [APD] Chief. Stalks: both suv
23:26:24 : Group: [APD] Chief. Stalks: gwan nick!
23:26:33 : Group: [APD] Chief. Stalks: heading to kavala
23:26:34 : Group: [APD] Supt. MrDunis: Yes
23:26:35 : Group: [APD] Chief. Stalks: yes
23:26:37 : Group: [APD] Chief. Stalks: flames suv
23:26:42 : Group: [APD] Chief. Stalks: be fast
23:27:05 : Group: [APD] Supt. MrDunis: Peach field now
23:27:09 : Group: [APD] Chief. Stalks: his heading straight into kavala now
23:27:14 : Group: [APD] Chief. Stalks: his turned off
23:27:15 : Group: [APD] Chief. Stalks: flipped
23:30:05 : Group: [APD] Supt. MrDunis: Situation undercontrol now
23:30:23 : Group: [APD] Supt. Martyr: My helicopter had a malfunction known to happen with Tarus
23:30:34 : Group: [APD] Chf Insp. Nolif: The martyr malfunction
23:32:12 : Group: [APD] Chf Insp. Nolif: i will lift a car
23:32:31 : Group: [APD] Chf Insp. Nolif: wanna do mlg 6 man fast rope?
23:32:42 : Group: [APD] Supt. MrDunis: Hellcat is not that bullet proof keep that in mind
23:33:51 : Group: [APD] Supt. MrDunis: Hunter and tempest at weed
23:33:53 : Group: [APD] Supt. MrDunis: Prob AFF
23:34:02 : Group: [APD] Supt. MrDunis: 3 people
23:34:36 : Group: [APD] Supt. MrDunis: Felix and I are going to Zaros to get a vehicle out
23:37:37 : Group: [APD] Chf Insp. Nolif: Good job boys
23:37:41 : Group: [APD] Supt. MrDunis: They engaged you guys first right?
23:37:59 : Group: [APD] PCSO. Thorgard: I got shot at so i returned fire
23:38:06 : Group: [APD] Supt. MrDunis: Alright good just making sure
23:38:15 : Group: [APD] Supt. MrDunis: Did our cop request medic?
23:38:16 : Group: [APD] Chf Insp. Nolif: Guys, prepare for more AFF
23:38:19 : Group: [APD] PCSO. FribZen: Well im dead
23:38:31 : Group: [APD] Supt. MrDunis: FribZen did you request medic?
23:38:38 : Group: [APD] PCSO. FribZen: i have
23:38:40 : Group: [APD] Supt. MrDunis: Good
23:39:03 : Group: [APD] Supt. MrDunis: Remember to Crush the hunter
23:39:06 : Group: [APD] Supt. MrDunis: do not impound it
23:40:00 : Direct: [APD] Supt. Martyr: get in
23:40:02 : Direct: [APD] Supt. Martyr: guys
23:40:03 : Group: [APD] Chief. Stalks: gas station, lets move out
23:40:42 : Group: [APD] PCSO. Thorgard: Lets cross fingers that they not are as hostile as these guys :P
23:40:58 : Group: [APD] Supt. MrDunis: Did FribZen respawn?
23:41:15 : Group: [APD] PCSO. Thorgard: No
23:41:19 : Group: [APD] PCSO. Thorgard: He is still waiting
23:41:27 : Group: [APD] PCSO. FribZen: Medic is here
23:42:42 : Group: [APD] PCSO. FribZen: How many cops died 
23:42:47 : Group: [APD] PCSO. FribZen: Other than me?
23:42:54 : Group: [APD] Chf Insp. Nolif: Only you
23:44:38 : Group: [APD] PCSO. Thorgard: sP
23:44:51 : Group: [APD] PCSO. Thorgard: Going back to HQ or where?
23:55:17 : Direct: [APD] Chief. Stalks: Sir, we're gonna pass you over to the AFF
23:56:02 : Vehicle: [APD] PSCO. Felix: vad ska vi göra
23:56:16 : Vehicle: [APD] Chf Insp. Nolif: nej 
23:56:17 : Vehicle: [APD] Supt. MrDunis: Vio ska vänta häår
23:56:23 : Vehicle: [APD] PSCO. Felix: okey
23:56:49 : Direct: [APD] Supt. Martyr: Have fun with the AFF!
23:57:00 : Direct: CoCo the LoCo the PoPo: Say Hi from me !
23:57:19 : Direct: [Pvt] Mythic: good luck
23:57:56 : Group: [APD] PSCO. Felix: thank you :)
23:57:57 : Group: [APD] Supt. MrDunis: Thanks <3
23:58:31 : Group: [APD] Supt. Martyr: Np, me and stalks didn't want + I got money from him for fines :D
23:59:00 : Group: CoCo the LoCo the PoPo: Someone else fly
23:59:53 : Vehicle: [APD] PSCO. Felix: vad är lösenet för jag vill hälsa på de andra svenskarna!!! :c
23:59:59 : Vehicle: [APD] Supt. MrDunis: Dö
