00:21:42 : Direct: Goldielocks: drop charges for heli?
00:21:50 : Direct: [NHS] Dr. Hermes: Im a medic xD
00:21:57 : Direct: Goldielocks: Ask if they will
00:22:03 : Direct: Goldielocks: otherwise im flying this into a mountain
00:22:03 : Direct: [NHS] Dr. Hermes: No
00:22:05 : Direct: [NHS] Dr. Hermes: They wont :(
00:22:24 : Direct: [NHS] Dr. Hermes: They wont negociate with terrorists
00:22:28 : Direct: [NHS] Dr. Hermes: Sorry :/
00:22:36 : Direct: [NHS] Dr. Hermes: If you do kill yourself, i can ress ya!
00:22:37 : Direct: Goldielocks: i will find them and kill them all!
00:22:53 : Direct: Goldielocks: what if i just jump out? safezone would safe me but not the helicopter :)?
00:23:08 : Direct: Goldielocks: Hello officer
00:23:11 : Direct: [NHS] Dr. Hermes: cant jump as pilot
00:23:13 : Direct: Goldielocks: want the heli back?
03:03:33 : Direct: 47: done
04:08:22 : Direct: kittens: YES?
14:16:04 : Group: Ali: ahh shit my hand gun is in the truck
14:16:14 : Group: Ali: Oiii
14:16:21 : Group: Ali: gimme that truck back!
16:48:57 : Direct: DreamTeam: hey
16:49:06 : Direct: Royal: yo
16:49:08 : Direct: Royal: sup dude
16:49:25 : Direct: Royal: wanna team ?
16:49:26 : Direct: DreamTeam: how you get food when you buy it?
16:49:28 : Direct: Royal: idk
16:49:30 : Direct: Royal: it not work
16:49:31 : Direct: Royal: for me
16:49:44 : Direct: Royal: Food doesn't work
16:49:45 : Direct: DreamTeam: thx
16:49:47 : Direct: Royal: nothing from market work
16:52:39 : Direct: Royal: hi
16:52:44 : Direct: Royal: was gunna see if you needed help
16:52:47 : Direct: Royal: after that awful accident
16:52:56 : Direct: [APD] PCSO. Morrisino: what accident?
16:52:58 : Direct: Royal: Your okay sir?
16:53:06 : Direct: [APD] PCSO. Morrisino: im dandy
16:53:12 : Direct: Royal: :P
16:53:18 : Direct: Royal: Well, I Just seen a medic or police car
16:53:21 : Direct: Royal: go straight into a tree
16:53:21 : Direct: Royal: lol
16:59:07 : Direct: Royal: Cheers
17:39:14 : Direct: Stringer: /
17:49:16 : Direct: [APD]Chf Insp. Eukanubae: I lost all my exp from last night..
17:49:19 : Direct: [APD]Chf Insp. Eukanubae: I was almost level 9..
17:49:23 : Direct: [APD]Chf Insp. Eukanubae: And now im level 7..
17:49:30 : Direct: [APD]Chf Insp. Eukanubae: because of that crash at the helicopter..
17:49:34 : Direct: [APD]Chf Insp. Eukanubae: When my game crashed..
17:49:37 : Direct: Anjo Diabolico: WHAT APPEND
17:49:50 : Direct: [APD]Chf Insp. Eukanubae: After i got shot it just went black and then arma stopped responding.
17:49:57 : Direct: [APD]Chf Insp. Eukanubae: and i lost 4hrs of exp grinding..
17:50:07 : Direct: [APD]Chf Insp. Eukanubae: 8000xp in total lost.
17:50:48 : Direct: Anjo Diabolico: even if Arma crash, why server not save you exp. ?
17:50:58 : Direct: [APD]Chf Insp. Eukanubae: It needs to sync data.
17:51:13 : Direct: [APD]Chf Insp. Eukanubae: When you press Y you can sync, but if game crashes it will boot back til last sync.
17:51:31 : Direct: [APD]Chf Insp. Eukanubae: so basicly it booted me back to before restart..
17:51:35 : Direct: [APD]Chf Insp. Eukanubae: making me lose 8000xp
17:51:44 : Direct: [APD]Chf Insp. Eukanubae: therefor you should sync data from time to time
17:52:22 : Direct: Anjo Diabolico: i dint know save
17:52:39 : Direct: [APD]Chf Insp. Eukanubae: Nah, but remember to sync after you sell stuff
17:52:48 : Direct: [APD]Chf Insp. Eukanubae: so if you crash, you still have the money.
17:54:53 : Direct: Anjo Diabolico: boring day nothing to do !!
17:55:01 : Direct: [APD]Chf Insp. Eukanubae: Yep
17:55:06 : Direct: Anjo Diabolico: enjoy the sun !!
17:56:51 : Direct: Anjo Diabolico: want something better to shot ?
17:57:30 : Direct: [APD]Chf Insp. Eukanubae: xD
17:57:34 : Direct: [APD]Chf Insp. Eukanubae: shooting at his rotor
17:57:37 : Direct: [APD]Chf Insp. Eukanubae: want him to spin
17:57:39 : Direct: Anjo Diabolico: i can bring you my lynx if you want
17:57:43 : Direct: [APD]Chf Insp. Eukanubae: naw
18:07:50 : Direct: Anjo Diabolico: supply box disapier if some1 make vote day, did you know that
18:08:02 : Direct: [APD]Chf Insp. Eukanubae: nO
18:08:31 : Direct: Anjo Diabolico: i try after you leave
18:08:43 : Direct: [APD]Chf Insp. Eukanubae: AHH
18:09:03 : Direct: Anjo Diabolico: lost 2 box in that 
18:09:21 : Direct: Anjo Diabolico: nice old song
18:09:25 : Direct: [APD]Chf Insp. Eukanubae: Ty
18:11:51 : Group: [APD] PCSO. ben: .
18:12:02 : Direct: Anjo Diabolico: lol
18:16:18 : Direct: Anjo Diabolico: do you have portuguese flag ?
18:16:26 : Direct: [APD]Chf Insp. Eukanubae: NO <*
18:20:27 : Direct: Anjo Diabolico: this guy, only make dust
19:01:21 : Direct: [APD]Chf Insp. Eukanubae: need a lift?
19:01:35 : Direct: [RG]Mr. Marelius: yes
19:01:36 : Direct: [APD]Chf Insp. Eukanubae: dO YOU NEED ALIFT?
19:12:43 : Group: [APD] Chief. Stalks: blasting charge placed
19:14:10 : Group: [APD] Mst Sgt. Pancakes: Fed
19:14:14 : Group: [APD] Chief. Stalks: ALL TO FED NOW!
19:21:51 : Direct: Jemeh: cya buddy :D
19:24:44 : Direct: DreamTeam: nice car
19:37:42 : Vehicle: Ahmed: removes coms
19:38:04 : Vehicle: Ahmed: you cannot communicate with anyone i have taken your map, gps and phone
19:46:31 : Group: VibZ: cant speak atm
19:47:49 : Group: VibZ: well,,,
19:49:19 : Group: [APD] Mst Sgt. Pancakes: Nick Dunis what is going on? Is Rob checking things out?
19:49:27 : Group: [APD] Supt. MrDunis: Rob being rob c:
19:49:35 : Group: [APD] Mst Sgt. Pancakes: Haha
19:49:53 : Group: [APD] Mst Sgt. Pancakes: Ask Rob if it was him at oil rig earlier 
19:50:37 : Direct: [APD] PCSO. Morrisino: my car 
19:51:01 : Direct: [APD] PCSO. Morrisino: what??
19:52:07 : Direct: ChiChi: HELI UNLOCKED
19:52:12 : Direct: ChiChi: i could have stolen it
19:55:02 : Direct: Emil: hi
20:06:28 : Group: Kalem: antony sucks dick 
20:06:32 : Group: Kalem: he is a wanker
20:06:40 : Group: Kalem: he fuck his mam in the ass
20:06:50 : Group: Ahmed: stop watching us
20:06:57 : Group: Ahmed: illuminati confirmed
20:11:02 : Group: [APD] Mst Sgt. Pancakes: Everyone, remember to check dealers processing and garages for people robbing or doing illegal shit!
20:13:27 : Vehicle: War: mic dead
20:13:28 : Vehicle: War: sec
20:13:58 : Vehicle: Tinder: kk
20:16:10 : Group: [APD] Chief. Stalks: Move over this side of the map guys
20:16:23 : Group: [APD] Chief. Stalks: kavala doesnt need 5
20:17:02 : Direct: Emil: uh
20:17:08 : Direct: Emil: is it my gun
20:17:16 : Direct: Emil: ill pay the fine
20:17:38 : Direct: Emil: its ok
20:17:39 : Direct: Emil: yh
20:17:43 : Direct: Emil: sure
20:17:58 : Direct: Emil: oke
20:18:35 : Direct: Emil: okay then
20:18:39 : Direct: Emil: np
20:35:06 : Direct: Temptie: the garage
20:36:01 : Vehicle: Temptie: feels like a VIP xD
20:43:31 : Group: [APD] Chief. Stalks: 1 guy on roof
20:43:37 : Group: [APD] Chief. Stalks: aiming at ladder
20:44:32 : Group: [APD] Chief. Stalks: the dude on roof is aiming at ladder
20:44:57 : Group: [APD] Chief. Stalks: his looking away now
20:45:20 : Group: [APD] Chief. Stalks: taking shots
20:46:44 : Direct: [THC] Com. Kirito: wHAT THE FUCK xD
20:46:47 : Direct: [THC] Com. Kirito: This is hilarious xD
20:49:16 : Direct: Player Ballsack: have fun !
20:49:19 : Direct: Player Ballsack: take good care of it
20:52:00 : Direct: Mr. Fallos: how did you get up there_
20:55:22 : Group: [APD] Supt. MrDunis: Hamilton me and POtato can come back in a minute
20:55:24 : Group: [APD] Supt. MrDunis: WITH A PLAN
21:09:27 : Group: [Naked] JabbaTheSlutt: Are people getting the same error as me when you join you get kicked
21:21:16 : Direct: Agent. 47: lol
21:24:03 : Group: Paddy.C: its me here
21:24:11 : Group: Agent. 47: oh medic is coming
21:24:14 : Group: Agent. 47: 2k out
21:24:18 : Group: Agent. 47: red offroad got me
21:24:22 : Group: Paddy.C: yh
21:24:41 : Direct: Mr. Fallos: Press U to unlock
21:29:25 : Direct: Paddy.C: .
21:29:42 : Group: Paddy.C: close one there
21:29:50 : Group: Paddy.C: i guess you can claim revenge kill
21:30:27 : Direct: [APD] PCSO. Morrisino: AHH OKAY
21:32:18 : Group: Paddy.C: *
21:32:37 : Direct: [APD] Supt. MrDunis: /paintball
21:34:45 : Direct: Jackie Chan: me
21:34:46 : Direct: Jackie Chan: m8
21:35:03 : Direct: [Naked] JabbaTheSlutt: You got a spare pistol?
21:35:04 : Direct: Jackie Chan: u want a ride
21:35:09 : Direct: Jackie Chan: nopee
21:36:49 : Direct: [Naked] JabbaTheSlutt: Can i buy a gun off you?
21:36:50 : Direct: Agent. 47: im unarmed
21:36:52 : Direct: [Naked] JabbaTheSlutt: Decent price
21:36:57 : Direct: [Naked] JabbaTheSlutt: Or your vest
21:51:27 : Direct: Yung Mullah ;D: you owe me comp
21:55:59 : Group: Tango: huh
21:56:34 : Group: TheGreatAndBrave: Have any of you been to the drugdealer lately?
21:57:03 : Group: Tango: you getting robbed?
21:57:17 : Group: Tango: ill go to dealer and camp if ya want
21:57:23 : Group: Tango: but i not got much time
22:01:30 : Direct: Tango: ur guns shit m8
22:05:09 : Group: [APD] Chief. Stalks: was i just robbed?:p
22:05:26 : Group: [APD] Chief. Hamilton: dont think so
22:05:30 : Group: [APD] Chief. Hamilton: where are you anyway?
22:05:31 : Group: [APD] Chief. Hamilton: on ts
22:08:52 : Direct: Kalameet: i am kalamet
22:13:46 : Group: TheGreatAndBrave: fuck theres a faken border now!!!
22:14:37 : Group: TheGreatAndBrave: fuck this is bullshit
22:19:07 : Direct: Kalameet: hello
22:19:27 : Direct: Kalameet: im good mate
22:19:37 : Direct: Kalameet: have a gokart >(
22:19:52 : Group: TheGreatAndBrave: Oh shit totaly forot
22:20:38 : Vehicle: Mr.William: WHAT
22:20:44 : Vehicle: Kalameet: who are you calling?
22:20:52 : Group: TheGreatAndBrave: i have about 2 mill worth of prossessed coke, and getting arrested at the airfield
22:21:06 : Vehicle: Kalameet: type im dath
22:21:14 : Group: TheGreatAndBrave: 1 mill for the fella who saves me
22:21:37 : Vehicle: Kalameet: type i cant hear
22:21:45 : Vehicle: Jackie Chan: SPEAK OR DIE
22:21:47 : Vehicle: Jackie Chan: 10SECONDS
22:21:52 : Direct: Flames: Hello
22:21:53 : Vehicle: Kalameet: i am i cant hear you
22:21:56 : Vehicle: Kalameet: im dath
22:21:57 : Vehicle: Jackie Chan: SPEAKJ
22:21:59 : Vehicle: Jackie Chan: SPEAK
22:22:00 : Vehicle: Kalameet: deth
22:22:00 : Vehicle: Jackie Chan: SPEAJK
22:22:01 : Vehicle: Jackie Chan: SPEAKJ
22:23:19 : Group: TheGreatAndBrave: anyone
22:23:34 : Group: VibZ: great?
22:23:41 : Group: TheGreatAndBrave: fucked
22:23:55 : Group: TheGreatAndBrave: 1 mill for anyone helping me
22:26:17 : Direct: [APD] Chief. Hamilton: A
22:27:12 : Direct: Flames: thanks babes
22:29:03 : Direct: Mr.William: w8 2 sec
22:29:45 : Vehicle: Mr.William: can my buddy give me my money first
22:30:04 : Vehicle: Mr.William: yes
22:41:15 : Direct: General Beast: mint
22:41:33 : Direct: Flames: rekt
22:41:37 : Direct: Flames: bad piolt
22:41:41 : Direct: Flames: learn to fly
22:41:44 : Direct: Flames: noob
22:42:49 : Direct: Jackie Chan: its 20k
22:42:51 : Direct: Flames: thats vdm
22:42:51 : Direct: Jackie Chan: for evading
22:42:53 : Direct: Jackie Chan: :)
22:42:54 : Direct: Flames: 30 min ban
22:42:57 : Direct: [APD] MadWhiz: Its 25
22:43:06 : Direct: Jackie Chan: made u think
22:43:11 : Direct: General Beast: have fun walkingk
22:43:20 : Direct: Flames: dont tempt me
22:43:22 : Direct: General Beast: beast
22:44:13 : Direct: Flames: sorry
22:44:19 : Direct: General Beast: need comp
22:44:23 : Direct: Flames: what for?
22:44:33 : Direct: General Beast: my eyes
22:44:38 : Direct: Flames: lol
22:45:37 : Direct: Flames: comp
22:45:42 : Direct: General Beast: what
22:45:46 : Direct: General Beast: hahah im dying
22:45:47 : Direct: Flames: my car
22:45:55 : Direct: General Beast: its fine mate
22:46:27 : Direct: Jackie Chan: OY
22:46:28 : Direct: Flames: its gone
22:46:29 : Direct: Jackie Chan: WRONG BUTTON
22:46:31 : Direct: Jackie Chan: SORRY
22:46:33 : Direct: Flames: thats what happens
22:46:35 : Direct: General Beast: lol
22:46:38 : Direct: General Beast: look at this
22:48:52 : Direct: Flames: err
22:48:58 : Direct: General Beast: besat
22:49:00 : Direct: General Beast: mint
22:56:28 : Direct: Ahmed: STOP OR BE FIRED UPON !!!!!!
23:03:24 : Vehicle: Darwin Watterson: dwdddddddddddd
23:13:51 : Group: [APD] Chief. Stalks: 10K speeding
23:32:47 : Group: [NHS] Dr. L. Johnson: noooo
23:44:42 : Direct: [THC] Com. Kirito: '
23:50:37 : Group: Darren: wd
