00:35:27 : Group: Geoff: tell him we're at heroin processing gang then kill him
11:57:52 : Direct: Not Me!: cheers man
11:58:03 : Direct: Not Me!: they need to move this to more level ground
11:58:06 : Direct: General Tank: np
11:58:15 : Direct: Not Me!: does tempest auto farm again?
11:58:24 : Direct: General Tank: lol nah makes it more fun
11:58:39 : Direct: Not Me!: ahh fair enough can understand that
11:58:59 : Direct: Not Me!: soemone was duping with it before in ftp
11:59:04 : Direct: General Tank: yeah burns fuel like a mother fucker though
11:59:13 : Direct: Not Me!: ohh
11:59:18 : Direct: Not Me!: wondered why you guys had the fuel truck
12:02:45 : Direct: Not Me!: Can't you airlift that with chopper?
12:03:14 : Direct: Not Me!: right moollah time
12:04:12 : Direct: Not Me!: dru
12:04:19 : Direct: General Tank: yo
12:04:21 : Direct: Not Me!: got repair kit I can use please?
12:04:31 : Direct: General Tank: in your heli
12:04:33 : Direct: Not Me!: ohh
12:04:36 : Direct: Not Me!: ty
12:04:40 : Direct: General Tank: np
12:08:22 : Direct: Flames: Hello
13:27:33 : Group: Paddy.G: HEAD TO COKE
13:29:08 : Group: Paddy.G: WILL HE JUST FUCK OFF
13:29:16 : Group: Paddy.N: haha thats what im thinking
13:31:30 : Group: Paddy.N: 2 people down there
13:55:22 : Group: Ahmed: nearly at chop
13:56:40 : Group: Ahmed: wtf
13:56:44 : Group: Ahmed: i got no money
14:01:24 : Direct: Flames: i cant buy the styder hmg
14:01:39 : Direct: Flames: can you?
14:10:16 : Direct: Not Me!: hihi
14:10:26 : Direct: Not Me!: cheers
14:10:28 : Direct: Not Me!: very slow though
14:12:07 : Direct: Masked Robber: nice truck
14:12:22 : Direct: Not Me!: ty
14:25:38 : Direct: Masked Robber: you like?
14:26:05 : Direct: Masked Robber: you know where the cops are now?
14:26:19 : Direct: Masked Robber: cool
14:26:32 : Direct: Masked Robber: nice
14:27:58 : Direct: Masked Robber: so what are you up 2?
14:28:21 : Direct: Masked Robber: 6 times jesus
14:28:31 : Vehicle: Paddy.G: how you know i was in there?
14:28:37 : Direct: Masked Robber: why did you keep going back?
14:28:41 : Vehicle: [APD] Chief. Hamilton: we didnt.
14:28:53 : Direct: Masked Robber: i seen you 2 there picking up the money rigth?
14:28:54 : Vehicle: Paddy.G: you just decided to breach each room?
14:29:07 : Vehicle: [APD] Chief. Hamilton: i didnt, my officer did
14:29:12 : Direct: Masked Robber: oh cops
14:29:16 : Vehicle: [APD] Chief. Hamilton: we were gonan check the building then neutralise the hideout.
14:30:27 : Vehicle: Paddy.G: VDM
14:30:31 : Vehicle: Paddy.G: LOL
14:30:32 : Vehicle: [APD] Chief. Hamilton: lol
14:31:33 : Vehicle: Paddy.G: WATCH YOUR SPEED
14:33:58 : Group: [APD] Insp. Martyr: Respawn at Air field for pickup
14:49:25 : Direct: Masked Robber: sup
14:57:48 : Direct: Masked Robber: whats up brother
14:58:25 : Group: Ahmed: STOP
14:59:02 : Direct: Masked Robber: i did not officer
14:59:14 : Direct: Masked Robber: i am a model citizen
14:59:29 : Direct: Masked Robber: ah fuck my neck is sore
14:59:36 : Direct: Masked Robber: i think i got whip lash
14:59:46 : Direct: Kalem: stop 
14:59:57 : Direct: Masked Robber: ok officer i am very sore
15:00:01 : Direct: Kalem: stop or be shot 
15:00:03 : Direct: Masked Robber: i cant feel my legs
15:00:14 : Direct: Masked Robber: ok slowly
15:00:18 : Direct: Masked Robber: ouch
15:00:27 : Direct: Masked Robber: ah my legs
15:00:44 : Direct: Masked Robber: yes
15:00:50 : Direct: Masked Robber: ouch
15:00:52 : Direct: Masked Robber: stings
15:00:57 : Direct: Masked Robber: ahm y back
15:01:03 : Direct: Masked Robber: thats fine
15:01:13 : Direct: [APD] Insp. Martyr: Unfortunately our towing service is unavailable so I will drive your car to the impound sir
15:01:18 : Vehicle: Masked Robber: ok officer
15:01:18 : Direct: [APD] Insp. Martyr: it will be there when you are released
15:01:25 : Vehicle: Masked Robber: im scared will i ever walk again
15:01:35 : Vehicle: Masked Robber: thank god
15:01:46 : Vehicle: Masked Robber: ah
15:02:03 : Vehicle: Masked Robber: ah
15:02:06 : Vehicle: Masked Robber: och
15:02:10 : Vehicle: Masked Robber: the corner hurt
15:02:58 : Vehicle: Masked Robber: ok officer thank you
15:03:35 : Vehicle: Masked Robber: i never get caugth
15:04:27 : Direct: Ahmed: go away
15:04:35 : Direct: Masked Robber: wheel fucked
15:05:05 : Direct: [APD] Insp. Martyr: Apd, anyone herE?
15:11:12 : Direct: General Tank: ok
15:13:09 : Direct: Masked Robber: you like?
15:13:24 : Direct: Ahmed: how much can we buy hunter for
15:13:25 : Direct: Kalem: can we buy?
15:13:32 : Direct: Masked Robber: i took it its cop
15:13:38 : Direct: Ahmed: i know
15:13:41 : Direct: Ahmed: can we buy it?
15:13:49 : Direct: Masked Robber: how much?
15:13:56 : Direct: Kalem: 8k
15:13:58 : Direct: Ahmed: 50k
15:14:02 : Direct: Masked Robber: more
15:14:09 : Direct: Ahmed: 75k
15:14:17 : Direct: Masked Robber: more its cop and i have keys
15:14:35 : Direct: Ahmed: 75k or no deal
15:14:48 : Direct: Ahmed: ill repair it for you
15:14:52 : Direct: Masked Robber: your low balling me
15:15:02 : Direct: Ahmed: ill repair m8
15:15:20 : Direct: Kalem: stop or be shot 
15:19:03 : Direct: Artorias: if you need fuel you can park next to my truck
15:20:42 : Direct: Flames: Hello officer
15:20:53 : Direct: Flames: Whats up?
15:20:53 : Direct: [APD] Chief. Hamilton: GET OUT
15:21:04 : Direct: Flames: Whats going on?
15:22:19 : Direct: Artorias: if you ned fuel you can use my truk mate
15:22:30 : Direct: Artorias: np mate
15:23:49 : Direct: [APD] Chief. Hamilton: illegal  weapon
15:23:54 : Direct: Flames: No its legal
15:24:04 : Direct: Flames: You have no right to search my pack
15:24:10 : Direct: Flames: You have no right
15:24:14 : Direct: Flames: To search me
15:24:35 : Direct: Flames: It was legal in my country
15:24:55 : Direct: Flames: AHHH
15:24:59 : Direct: Flames: BANDITS
15:25:39 : Direct: Flames: LET ME
15:25:41 : Direct: Flames: GO
15:26:31 : Direct: Flames: Officer i paid
15:26:33 : Direct: Flames: let me go
15:26:37 : Direct: Flames: im innocent now
15:26:44 : Direct: Flames: Bye bye
15:26:56 : Direct: Flames: WHY THE FUCK
15:27:01 : Direct: Flames: HAS MY TOOL KITS BEEN STOLEN
15:27:30 : Direct: Paddy.G: officer what have i done?
15:28:58 : Vehicle: Paddy.G: ooc: Awful rp
15:29:07 : Vehicle: Paddy.G: ooc: arrested for standing around
15:29:10 : Vehicle: [APD]Chf Insp. Eukanubae: how was that aweful?
15:29:30 : Direct: Paddy.G: i have no weapons
15:29:48 : Group: Paddy.N: ooc so people get arrested for a suspision
15:29:58 : Vehicle: Paddy.G: ooc: awful rp
15:29:59 : Vehicle: Paddy.N: that was bullshit
15:30:09 : Vehicle: Paddy.G: ooc: i'm being detained for standing around
15:30:11 : Vehicle: Paddy.N: ooc so you get arested on suspision
15:30:25 : Vehicle: Paddy.N: ooc: im gonan put something on the fourum about this
15:30:27 : Vehicle: Paddy.G: ooc: no weapons, no drugs, nothing illegal
15:30:53 : Vehicle: Paddy.G: OOC: will see you lads on fourms
15:31:26 : Vehicle: Paddy.G: hey man
15:31:33 : Vehicle: [APD] PC. Jack Frost: hey
15:32:13 : Vehicle: Paddy.G: WHY AM I BEING ARRESTED
15:32:17 : Vehicle: Paddy.G: I HAVE DONE NOTHING
15:32:29 : Vehicle: [APD] PC. Crumpet: You have been told 
15:32:29 : Vehicle: Paddy.G: I WAS TASED INSTANTLY FOR BEING UNARMED
15:32:32 : Vehicle: [APD] PC. Jack Frost: we will do a really really good search of you at PD
15:33:05 : Vehicle: Paddy.G: Fuck off you can't pick someone off the streets and search them in a police station for no reason
15:33:11 : Vehicle: [APD] PC. Crumpet: We have reason
15:33:31 : Vehicle: [APD] PC. Jack Frost: You were at the drug dealer and you have keys to a HEMMT that had drugs in it
15:33:52 : Vehicle: [APD] Insp. Martyr: You were at the drug dealer, with a vehicle registered to yourself and two others, one which attempted manslaughter of police
15:34:10 : Vehicle: Paddy.G: I HAVE DONE NOTHING
15:34:30 : Vehicle: [APD] Insp. Martyr: We removed you form an active firefight
15:34:35 : Vehicle: [APD] Insp. Martyr: we are going to search you here
15:35:19 : Group: Paddy.N: im underwater
15:36:08 : Vehicle: [APD] Cadet. BookerDewit: Lakka gas station
15:36:39 : Vehicle: [APD] Cadet. BookerDewit: my god xD
15:36:59 : Vehicle: [APD] Cadet. BookerDewit: lakka
15:40:57 : Direct: Paddy.G: no
15:41:23 : Direct: Masked Robber: throw away the key officer?
15:41:30 : Direct: Masked Robber: *? remove *
15:41:42 : Direct: Paddy.G: you cant do that
15:41:55 : Direct: Paddy.G: my auntie lives there
15:42:15 : Direct: Paddy.G: YOU CANT FINE ME
15:42:20 : Direct: Paddy.G: YOU NEVER ASKE DME TO LEAVE
15:42:29 : Direct: Masked Robber: officer did you move to altis from ireland?
15:43:51 : Direct: Masked Robber: problem officer?
15:44:24 : Direct: Masked Robber: could you give me a pushofficer?
15:45:37 : Direct: Masked Robber: repair me officer
15:46:15 : Direct: Masked Robber: i was trying to leave
15:46:21 : Direct: Masked Robber: and you fucking tazed me
15:46:32 : Direct: Masked Robber: i am a very powerfull buisness man
15:46:49 : Direct: Masked Robber: i will have you doing sucurity in a nureseing home boy
15:49:22 : Direct: Kalem: HELLO 
15:49:25 : Direct: Kalem: ANYONE?
15:49:41 : Direct: Kalem: you need some help ?
15:49:45 : Direct: General Tank: help please
15:49:53 : Direct: Kalem: should we hit it?
15:50:14 : Direct: Flames: hello
15:50:17 : Direct: General Tank: cheers
15:50:20 : Direct: VibZ: u commin on ts?
15:50:28 : Direct: Flames: doing admin shit
15:50:31 : Direct: Flames: q.q
15:50:39 : Direct: VibZ: noice
15:51:55 : Direct: Masked Robber: g day officer
15:54:46 : Direct: [APD]Chf Insp. Eukanubae: civi if you are here to kill me
15:54:53 : Direct: [APD]Chf Insp. Eukanubae: gtfo and start rp ;)
15:54:56 : Direct: Masked Robber: GIMMIE DA CAR GUNS IN THE CAR
15:55:00 : Direct: [APD]Chf Insp. Eukanubae: cant even exit my hunter to
15:55:08 : Direct: [APD]Chf Insp. Eukanubae: "sigh"
15:55:10 : Direct: [APD]Chf Insp. Eukanubae: right
15:55:27 : Direct: Masked Robber: gimme da keys officer
15:55:28 : Direct: [APD]Chf Insp. Eukanubae: can i please do my job firstr...
15:55:32 : Direct: Masked Robber: ok officer
15:55:39 : Direct: [APD]Chf Insp. Eukanubae: i JUST want to exit my car to actually do my job xD
15:55:45 : Direct: Masked Robber: just give your radio
15:55:52 : Direct: [APD]Chf Insp. Eukanubae: "gives radio"
15:56:07 : Direct: Masked Robber: in the back
15:56:08 : Direct: [APD]Chf Insp. Eukanubae: atleast knock me down
15:56:34 : Direct: Masked Robber: gives radio tell them i want 300 k or im going to start chopping fingers
15:56:38 : Vehicle: Masked Robber: i know
15:56:42 : Vehicle: Masked Robber: i was watching him
15:57:15 : Vehicle: Masked Robber: did you tell them
15:58:05 : Vehicle: [APD]Chf Insp. Eukanubae: Tea
15:58:06 : Vehicle: [APD]Chf Insp. Eukanubae: YEa
15:58:10 : Vehicle: [APD]Chf Insp. Eukanubae: they are negoaciating
15:58:13 : Vehicle: Masked Robber: takes radio back
15:58:26 : Vehicle: [APD]Chf Insp. Eukanubae: Officer to do this is getting his team ready...
15:58:45 : Vehicle: [APD]Chf Insp. Eukanubae: They will send you a msg, you should send a popo msg telling them im getting poponapped-
15:59:03 : Vehicle: [APD]Chf Insp. Eukanubae: with demands and such-
15:59:31 : Vehicle: [APD]Chf Insp. Eukanubae: thanks for actually RPING atm.... I knew that guy would just kill me, and i knew you would do this. but i just wanted to do my job for one sec xD
16:01:48 : Vehicle: [APD]Chf Insp. Eukanubae: inventory
16:03:00 : Vehicle: [APD]Chf Insp. Eukanubae: placed all in inventory
16:03:02 : Vehicle: [APD]Chf Insp. Eukanubae: all geasr
16:03:06 : Vehicle: [APD]Chf Insp. Eukanubae: its yours
16:03:12 : Vehicle: [APD]Chf Insp. Eukanubae: just keep my fgingers outa dis
16:04:17 : Vehicle: [APD]Chf Insp. Eukanubae: mk14 is a 1shot at chest, active to 1500m 1shot 
16:04:27 : Vehicle: [APD]Chf Insp. Eukanubae: above 2shots
16:04:36 : Vehicle: Masked Robber: dont have the dlc
16:04:57 : Direct: Masked Robber: in car
16:06:22 : Vehicle: [APD]Chf Insp. Eukanubae: So do you cutoff fingers often?
16:06:37 : Vehicle: Masked Robber: i bet you say that to all the terrorists
16:06:43 : Vehicle: [APD]Chf Insp. Eukanubae: medic heli
16:07:00 : Vehicle: Masked Robber: your lucky ii was looking at your fingers there
16:07:03 : Vehicle: [APD]Chf Insp. Eukanubae: ill tell him to F off.
16:07:43 : Vehicle: [APD]Chf Insp. Eukanubae: heli inc
16:08:14 : Vehicle: Masked Robber: *cuts off pikie toe*
16:08:23 : Vehicle: [APD]Chf Insp. Eukanubae: "SCREAMS!"
16:08:33 : Vehicle: [APD]Chf Insp. Eukanubae: 89hp left :(
16:08:59 : Vehicle: [APD]Chf Insp. Eukanubae: pst
16:09:02 : Vehicle: [APD]Chf Insp. Eukanubae: look up
16:09:13 : Vehicle: [APD]Chf Insp. Eukanubae: behind us
16:09:28 : Vehicle: [APD]Chf Insp. Eukanubae: just no more toes!
16:09:57 : Vehicle: Masked Robber: I like it when you beg *takes off another toe*
16:10:03 : Vehicle: [APD]Chf Insp. Eukanubae: OOOOOOOOOOOOOOOOOOOOOOOO
16:10:08 : Vehicle: [APD]Chf Insp. Eukanubae: 60hp!
16:10:18 : Vehicle: [APD]Chf Insp. Eukanubae: look stright up ca 1.5km!
16:10:25 : Vehicle: [APD]Chf Insp. Eukanubae: IM COOPERATING
16:10:59 : Group: [APD] SPC. Thorben: /
16:11:08 : Vehicle: [APD]Chf Insp. Eukanubae: uhm¨
16:11:20 : Vehicle: [APD]Chf Insp. Eukanubae: are you sure you want to be exposed like this?
16:11:26 : Vehicle: Masked Robber: whats straigth up ooc i cant see shit tbh
16:11:59 : Vehicle: [APD]Chf Insp. Eukanubae: set view distance up and object aswell, press Y to set viewdiestance up, and go to options and do the same
16:12:31 : Vehicle: [APD]Chf Insp. Eukanubae: That guy didnt see us?
16:12:37 : Vehicle: [APD]Chf Insp. Eukanubae: He is going to you xD
16:12:48 : Vehicle: [APD]Chf Insp. Eukanubae: sportscar left.
16:12:52 : Vehicle: [APD]Chf Insp. Eukanubae: right*
16:13:06 : Vehicle: [APD]Chf Insp. Eukanubae: armed behind us
16:14:17 : Direct: [APD]Chf Insp. Eukanubae: We hear you.
16:14:17 : Direct: Masked Robber: get in
16:14:28 : Direct: Masked Robber: building
16:14:29 : Direct: Ash: the fuck was that rdm for lol?
16:14:46 : Direct: Masked Robber: give me the money man
16:14:54 : Direct: Masked Robber: hes alive
16:14:59 : Direct: [APD]Chf Insp. Eukanubae: HE TOOK MY TOES
16:15:02 : Direct: [APD]Chf Insp. Eukanubae: TWO OF EM
16:15:22 : Direct: [APD]Chf Insp. Eukanubae: DONT LET HIM KILL ME
16:15:25 : Direct: [APD]Chf Insp. Eukanubae: JSUT GIVE HIM THE MONMONS
16:15:31 : Direct: [APD]Chf Insp. Eukanubae: AND LETS GET OUTA HERE! HE IS CRAZY!
16:15:36 : Direct: Masked Robber: LEAVE
16:15:49 : Direct: Masked Robber: GIVE ME THE MONEY NOW
16:15:56 : Direct: Masked Robber: OR I WILL TAKE HIS LIFE
16:16:00 : Direct: Masked Robber: AND YOURS
16:16:16 : Direct: Masked Robber: OK FINE
16:16:22 : Direct: Masked Robber: QUICLY
16:21:04 : Direct: William: Fuck the pop
16:25:25 : Direct: [APD] Chief. Hamilton: leave the area
16:25:29 : Direct: Ash: :(
16:25:33 : Direct: Magne: WHY?
16:25:37 : Direct: [APD] Chief. Hamilton: go away or you may be killed
16:30:54 : Direct: Ash: good job dude
16:40:26 : Direct: Artorias: impund my car insed
16:40:27 : Direct: [APD]Chf Insp. Eukanubae: Did you DC?`
16:40:33 : Direct: Artorias: yeah
16:40:36 : Direct: Artorias: got kick
16:40:40 : Direct: [APD]Chf Insp. Eukanubae: alight, good i was here then..
16:40:46 : Direct: [APD]Chf Insp. Eukanubae: someone could had stolen ut
16:40:47 : Direct: [APD]Chf Insp. Eukanubae: it*
16:41:08 : Direct: [APD]Chf Insp. Eukanubae: I got you covered.
16:41:42 : Direct: [APD]Chf Insp. Eukanubae: BYE!
16:43:09 : Direct: [NHS] Flames: Need a lift?
16:47:32 : Direct: Ash: pls
16:48:26 : Direct: Ash: light!!!!!!
16:48:28 : Direct: Ash: s
16:49:38 : Direct: [APD]Chf Insp. Eukanubae: Xd
16:49:41 : Direct: Ash: well
16:49:41 : Direct: [APD]Chf Insp. Eukanubae: WELL
16:49:49 : Direct: [APD]Chf Insp. Eukanubae: no repair kit in you r car_
16:49:53 : Direct: Ash: hahah
16:49:54 : Direct: [APD]Chf Insp. Eukanubae: there we are!
16:50:04 : Direct: [APD]Chf Insp. Eukanubae: faster
16:52:05 : Direct: Ash: HELPHHHFJDFH
16:52:12 : Direct: Ash: I CANT FEEL MY LEGS
16:53:13 : Direct: Ash: vdm
16:59:49 : Direct: [APD] Insp. Martyr: Sir
17:17:58 : Direct: Arod: Im friendlu
17:18:05 : Direct: Arod: Friendlyu-
17:18:07 : Direct: Artorias: me to
17:18:11 : Direct: Arod: Ah hi!
17:18:15 : Direct: Artorias: just crash do xD
17:18:15 : Direct: Arod: Im the cop from sand
17:18:35 : Direct: Arod: you casn cancle repair for instand.
17:18:38 : Direct: Arod: can
17:18:45 : Direct: Artorias: yeah i fix it
17:18:56 : Direct: Arod: what heli is that_
17:19:01 : Direct: Arod: .what capasitity does it have?
17:19:04 : Direct: Artorias: mohawk
17:19:07 : Direct: Artorias: 600
17:19:10 : Direct: Arod: price?
17:19:15 : Direct: Artorias: 3mil
17:19:19 : Direct: Arod: alright
17:19:25 : Direct: Arod: havnt played as siv for ages
17:19:32 : Direct: Artorias: yeah
17:19:41 : Direct: Arod: process fees for cement`?
17:37:48 : Group: [APD] Insp. Martyr: All to drug dealer please
17:37:58 : Group: [APD] Insp. Martyr: Firefight with AFF
17:42:41 : Group: [APD] Cadet. BookerDewit: HAMILTONM
17:42:48 : Group: [APD] Cadet. BookerDewit: Can i get a ride?
17:43:00 : Group: [APD] Chief. Hamilton: ye
17:59:01 : Vehicle: Kalem: oh shit
17:59:06 : Vehicle: Kalem: i hope they cant see
17:59:25 : Vehicle: Ahmed: stfu kid
17:59:33 : Vehicle: Ahmed: go back to playing cod
18:02:58 : Direct: Peter: hi
18:03:00 : Direct: Peter: ok
18:03:02 : Direct: Peter: bai bai
18:04:47 : Direct: Peter: can i have a small loan of some money
18:05:00 : Group: [APD] Insp. Martyr: Dunnis can you go cement trader please
18:05:02 : Direct: Peter: can i have a small loan of some mone
18:05:03 : Group: VibZ: phill?
18:05:06 : Direct: Peter: :(
18:07:04 : Direct: [APD] PC. Crumpet: Illegal
18:07:49 : Direct: [APD] PC. Crumpet: COme
18:13:58 : Group: [APD] PC. Crumpet: Trying to debug the placeable it's glitched on his screen DW not messing about.
18:15:35 : Direct: Peter: sec
18:15:36 : Direct: Peter: cant hear
18:15:40 : Direct: [APD] PC. Crumpet: hOP OUT PLEASE
18:15:41 : Direct: Peter: ok go
18:15:43 : Direct: [APD] PC. Crumpet: Sorry caps
18:15:55 : Group: Kagutsuchi: /
18:17:53 : Group: [APD] Insp. Martyr: Black heli flying around with two people on skids, they tried to shoot me down, careful
18:29:47 : Group: [APD] PC. Crumpet: tAKING SHOTS AT CHECKPOINT
18:29:51 : Group: [APD] PC. Crumpet: Backup required
18:38:14 : Direct: Masked Robber: what have i done
18:38:26 : Direct: Masked Robber: why are you restaning me
18:38:32 : Direct: Masked Robber: what is your reason
18:38:43 : Direct: Masked Robber: unhand me
18:39:19 : Direct: Masked Robber: you dont have a reason to arrest me officer
18:39:34 : Vehicle: Masked Robber: that is a lie officer
18:40:04 : Vehicle: Masked Robber: this is a illegal arrest
18:40:23 : Vehicle: Masked Robber: im in the back of a car with cuffs on what would you call it
18:40:33 : Vehicle: Masked Robber: i got shot back there
18:40:42 : Vehicle: [APD] PC. Crumpet: That's why we are movin you away
18:40:43 : Vehicle: Masked Robber: you put me in danger
18:40:48 : Vehicle: [APD] PC. Crumpet: You came to us
18:40:55 : Vehicle: Masked Robber: i did not
18:40:56 : Vehicle: [APD] PC. Crumpet: YOur car was spotted on the hills
18:41:05 : Vehicle: Masked Robber: what a hatchback?
18:41:11 : Vehicle: Masked Robber: theres lots of them
18:41:20 : Vehicle: [APD] PC. Crumpet: If you have a weapon you will be charged for attempted manslaughter
18:41:29 : Vehicle: Masked Robber: and you where just taking shots from the hills couldent be me
18:42:27 : Direct: Masked Robber: no weapon see
18:42:41 : Direct: Masked Robber: now unhand me you brutes
18:43:12 : Direct: Masked Robber: what firearm?
18:43:17 : Direct: Masked Robber: i dont have one
18:43:33 : Direct: Masked Robber: i dont have a gun
18:43:39 : Direct: Masked Robber: you dont have any evidence
18:43:58 : Direct: Masked Robber: i dont have a gun i have commited no crime now release me you brute
18:44:11 : Direct: Masked Robber: i found it officer
18:44:25 : Direct: Masked Robber: thats what i was doing 
18:44:31 : Direct: Masked Robber: then i got arrested
18:44:41 : Direct: Masked Robber: now im here
18:45:17 : Direct: Masked Robber: i did not
18:45:22 : Direct: Masked Robber: i didnt evade it
18:45:31 : Direct: Masked Robber: why has it just changed
18:45:35 : Direct: Masked Robber: you said 10000
18:46:12 : Direct: Masked Robber: i want a lift back to my car
18:47:10 : Direct: [APD] PC. Crumpet: Sir hop in
18:47:49 : Vehicle: [APD] PC. Crumpet: It is unsafe currently we will take you to the garage
18:48:01 : Vehicle: Masked Robber: was my car impounded?
18:48:02 : Vehicle: [APD] PC. Crumpet: I would advise staying clear of that area.
18:48:07 : Vehicle: [APD] PC. Crumpet: IT will be.
18:48:17 : Vehicle: Masked Robber: it is fine officer i will collect it
18:48:32 : Vehicle: Masked Robber: im used to warzones i grew up in iraq
18:48:39 : Vehicle: Masked Robber: unlock
18:51:31 : Direct: Masked Robber: officer
18:51:39 : Direct: Masked Robber: i got shit at
18:55:40 : Group: Kagutsuchi: //.
18:59:35 : Direct: [APD] Sgt. NickB: 1 attempt left
18:59:40 : Direct: [APD] Sgt. NickB: or jail
18:59:58 : Direct: [APD] Sgt. NickB: 10 SECONDS
18:59:59 : Direct: [APD] Sgt. NickB: TO PAY
19:00:01 : Direct: [APD] Sgt. NickB: or jail
19:00:18 : Direct: [APD] Sgt. NickB: 10
19:00:19 : Direct: [APD] Sgt. NickB: 9
19:00:20 : Direct: [APD] Sgt. NickB: 8
19:00:21 : Direct: [APD] Sgt. NickB: 7
19:00:22 : Direct: [APD] Sgt. NickB: 6
19:00:23 : Direct: [APD] Sgt. NickB: 5
19:00:24 : Direct: [APD] Sgt. NickB: 4
19:01:17 : Group: [APD] PC. Crumpet: O SHIT
19:01:22 : Group: [APD] PC. Crumpet: Mad Descyn
19:01:32 : Group: [APD] PC. Crumpet: Prank gone wrong
19:14:22 : Direct: Ash: cant feel my legs
19:14:24 : Direct: Ash: help
19:14:32 : Direct: Ash: got any tramadol?
19:16:06 : Direct: Kalem: stop or be shot 
19:16:37 : Direct: Kalem: stop or be shot 
19:24:13 : Group: | Vertex |: GET ON TS U FAT CUNT
19:29:02 : Group: [APD] Insp. Richo: Shooting at Kore Gun Store
19:32:41 : Direct: Masked Robber: ello officer
19:32:55 : Direct: Masked Robber: whats up
19:33:15 : Group: [APD] Sgt. NickB: NEED BACKUP
19:33:18 : Group: [APD] Sgt. NickB: OUTSIDE KAVALA
19:33:20 : Group: [APD] Sgt. NickB: HUNTER WHEELS OUT
19:33:26 : Group: [APD] Sgt. NickB: SUV 4 GUYS WITH GUNS
19:33:28 : Group: [APD] Sgt. NickB: TAKING SHOTS
19:39:56 : Group: [APD] Insp. Martyr: There was a murderer just outside safe zone who killed NickB but we have lost him
19:40:23 : Group: [APD] Insp. Martyr: Thorben, forget air support sorry, please check Heroine field and processing
19:51:14 : Direct: [APD] Insp. Martyr: could you imagine if everyone actually could though haha
19:51:22 : Direct: Jack Gooner: yE x
19:51:24 : Direct: Jack Gooner: xd
19:55:32 : Group: [APD] Supt. MrDunis: Everyone in kavala or near switch to KAVALA patrol now please
20:02:43 : Group: Tango: rip jack 2k16
20:09:39 : Group: [APD] Supt. MrDunis: We got a m900 going towards drug dealer
20:09:46 : Group: [APD] Supt. MrDunis: we got a heli after them so they might avoid it tbh
20:25:47 : Direct: Parralasys: When he steals cars in green zone
20:25:52 : Direct: Parralasys: He gets punished :D
20:26:32 : Direct: Parralasys: Im only doing it as he stole my car in green zone
20:27:03 : Direct: Parralasys: Dont steal in green zone
20:27:25 : Direct: [APD]Chf Insp. Eukanubae: DIDNT YOU PICK UP MY GUN_!
20:27:39 : Direct: [APD]Chf Insp. Eukanubae: alRIGHT
20:27:42 : Direct: [APD]Chf Insp. Eukanubae: caps
20:27:44 : Direct: [APD]Chf Insp. Eukanubae: Normally
20:27:48 : Direct: [APD]Chf Insp. Eukanubae: pickup the gun
20:29:27 : Direct: Parralasys: My funs over ;D
20:29:38 : Direct: Parralasys: Unless anyone has any 9MM Ammo :D
20:29:42 : Direct: Parralasys: Who has 9mm?
20:30:01 : Direct: dave: enjoyed that parra
20:30:05 : Direct: Parralasys: Paddy
20:30:10 : Direct: Paddy.G: oi lads
20:30:12 : Direct: Parralasys: U got any 9mm ammo?
20:30:16 : Direct: Paddy.G: need a gun
20:30:16 : Direct: Parralasys: This cunts stealing in green zone
20:30:19 : Direct: dave: no mate
20:30:19 : Direct: Paddy.G: will pay cash
20:30:23 : Direct: Parralasys: And I like tazing him
20:30:49 : Direct: Paddy.G: NEED GUN
20:30:53 : Direct: Paddy.G: WILL PAY DOUBLE FOR IT
20:30:59 : Direct: Paddy.G: EVEN IF PISTOL
20:31:13 : Direct: Paddy.G: Anyone up for it?
20:31:29 : Direct: Parralasys: This guy is such a cunt
20:31:34 : Direct: Paddy.G: who is talking?
20:31:47 : Direct: Paddy.G: with ammo 100k
20:31:57 : Direct: Paddy.G: its only 60k
20:32:10 : Direct: Paddy.G: OMG YOU ARE WELSH
20:32:11 : Direct: Parralasys: Who has 9MM Ammo?
20:32:20 : Direct: Paddy.G: SHEEP SHAGGERRRR
20:32:46 : Direct: dave: get your wellies out lags
20:33:56 : Direct: Parralasys: This gun is a tazer
20:34:04 : Direct: Parralasys: So if anyone wants me to taze the car thiefs
20:34:15 : Direct: Parralasys: He stole  my car earlier
20:34:17 : Direct: Parralasys: Such a dick]
20:35:03 : Direct: 2PAC: hi
20:35:06 : Direct: Alex(Wolf) [AFF]: hello
20:35:10 : Direct: Alex(Wolf) [AFF]: Fak da police
20:35:23 : Direct: Paddy.G: SUCK ME OFF
20:35:24 : Direct: 2PAC: fuck em
20:35:39 : Direct: Alex(Wolf) [AFF]: If you ever need help
20:35:43 : Direct: Parralasys: Cheers
20:35:43 : Direct: Alex(Wolf) [AFF]: Call me i love to kill them
20:35:44 : Direct: Parralasys: :D
20:35:50 : Direct: Parralasys: Is this one mine ?
20:35:59 : Direct: Parralasys: Is it :D
20:36:08 : Direct: Parralasys: Fuck Him
20:36:10 : Direct: Parralasys: He steals mine
20:36:12 : Direct: Parralasys: I steal his :D
20:36:17 : Direct: Paddy.G: SUCK ME DRY
20:36:36 : Direct: Paddy.G: SLAP ME ABOUT AND CALL ME SHAUN THE SHEEP
20:37:07 : Direct: Parralasys: It broke ;(
20:37:08 : Direct: Parralasys: rip
20:37:16 : Direct: Parralasys: Let me like ram it or something
20:38:40 : Direct: Parralasys: hey
20:38:54 : Direct: [APD]Chf Insp. Eukanubae: Ima on my breake
20:39:39 : Direct: Parralasys: Such bs
20:39:44 : Direct: Parralasys: That guy steals my car in green zone
20:39:55 : Direct: Parralasys: and im not allowed to shoot his tyres.
20:39:56 : Direct: Parralasys: ffs
20:40:08 : Direct: Parralasys: yea i do
20:40:09 : Direct: Parralasys: wtf
20:40:13 : Direct: Parralasys: I bought it from gun store
20:40:21 : Direct: Parralasys: Some guy robbed me and i killed him?
20:40:29 : Direct: Parralasys: Bugzy Cunt
20:40:30 : Direct: Parralasys: fuck off
20:40:35 : Direct: Parralasys: Stealing my car in green zone
20:40:47 : Direct: Parralasys: Shut up little cunt
20:40:56 : Direct: Parralasys: Cunt
20:40:57 : Direct: Parralasys: Cunt
20:40:58 : Direct: Parralasys: cunt
20:41:04 : Direct: Parralasys: Taze em
20:41:05 : Direct: Parralasys: Seriously
20:41:09 : Direct: Parralasys: They stealin cars in green zone
20:41:13 : Direct: Parralasys: Bugzy FUcK off
20:41:28 : Direct: Parralasys: ah man
20:42:35 : Group: [APD] Insp. Martyr: Need backup at cement trader
20:42:39 : Group: [APD] Insp. Martyr: chasing a helo it landed
20:43:04 : Group: [APD] Insp. Tex: Eradic driver exiting Kavala, flamed SUV.
20:43:25 : Vehicle: Parralasys: Bugzy Malone
20:44:49 : Group: [APD] PC. Nick Nolif: ETA 1 MIN
20:45:36 : Group: [APD] PC. Nick Nolif: what did they do
20:49:07 : Group: [APD] PC. Nick Nolif: brb
20:49:18 : Group: [APD] PC. Nick Nolif: stay onthem
20:59:32 : Group: [APD]Chf Insp. Eukanubae: U I have the bigger car Per xD
21:18:19 : Group: [APD] Insp. Martyr: Just chatting with civs
21:19:04 : Group: [APD] Insp. Martyr: Stolen hunter leaving Kavala
21:26:02 : Direct: Ash: hop in lad
21:26:08 : Direct: John Smith: jump in?
21:40:43 : Direct: Parralasys: Do u need a ride guys?
21:40:53 : Direct: Parralasys: You guys need a lift?
21:45:44 : Group: Paddy.G: ROB THE MEDIC
21:45:58 : Group: Paddy.D: you mad
21:46:22 : Group: Paddy.G: HE WILL HAVE BARE CASH
21:46:41 : Group: Paddy.D: he's a medic its against the rules
21:48:33 : Group: Paddy.D: we need to watch out 
21:49:02 : Group: Paddy.D: he might rat us out
21:49:03 : Direct: Mr. Saxobeat: 2 mins these kids
21:52:32 : Direct: Parralasys: Yoo
21:52:34 : Direct: Parralasys: wasssupp
21:52:41 : Direct: MuZeKiller: im good how are you?
21:53:07 : Vehicle: MuZeKiller: my mic is broken so it sounds like im 10 but im 15 :/
21:53:16 : Vehicle: MuZeKiller: lol xd
21:54:40 : Direct: MuZeKiller: you should take of supressor and kill him
21:55:25 : Direct: MuZeKiller: just drive or we are fucked
21:55:43 : Direct: MuZeKiller: LOLOLOLOL
21:56:05 : Direct: John Smith: WAYYYYYYYYYYYY
21:56:11 : Direct: John Smith: come and get us idiot
21:58:11 : Direct: Sam Gower: fucking tramp
22:10:32 : Direct: Ash: out with your hand sup
22:11:19 : Direct: Ash: out
22:11:20 : Direct: Ash: now
22:13:43 : Direct: [NHS] Martyr: My sound is low pal
22:13:47 : Direct: [NHS] Martyr: talking to me?
22:13:56 : Direct: 2PAC: calm
22:14:16 : Direct: 2PAC: what about my chopper
22:14:50 : Direct: 2PAC: ok send me a text so i can screen cap that promise
22:15:27 : Direct: Paddy.G: got a repair kit?
22:15:46 : Direct: 2PAC: i want a lift doe
22:17:15 : Vehicle: Paddy.D: gonna drop you to this garage over here is that okay
22:17:20 : Vehicle: 2PAC: ok
22:17:31 : Vehicle: Paddy.D: cool :)
22:17:35 : Vehicle: 2PAC: i still need my money man dnt forget it
22:17:39 : Direct: John Smith: VOTEDAY
22:17:43 : Vehicle: 2PAC: send me a text so i have it in writing
22:17:44 : Direct: John Smith: /VOTEDAY
22:17:45 : Vehicle: Paddy.D: i won't 
22:19:22 : Direct: Parralasys: You need something?
22:19:30 : Direct: Parralasys: no?
22:19:31 : Direct: Parralasys: okay
22:19:34 : Direct: Parralasys: good day
22:19:46 : Direct: 2PAC: hello
22:19:55 : Direct: Parralasys: u need a lift or what
22:19:58 : Direct: 2PAC: im freindly
22:20:00 : Direct: Parralasys: ur just stood there xD
22:20:04 : Direct: [NHS] Martyr: Hello Sir, I can feel a pulsu
22:20:13 : Direct: Parralasys: Hello?
22:20:17 : Direct: [NHS] Martyr: Don't close your eyes, I will steady your breather
22:20:21 : Direct: [NHS] Martyr: You will be alright soon
22:20:27 : Direct: [NHS] Martyr: there you go
22:22:55 : Direct: [NHS] Martyr: Sir
22:23:04 : Direct: [NHS] Martyr: I cannot get you out of your vehicle in time before you die
22:23:08 : Direct: [NHS] Martyr: the doors are locked
22:23:17 : Direct: [NHS] Martyr: I am unable to pry you out
22:23:23 : Direct: [NHS] Martyr: you will not make it, I am sorry
22:25:39 : Direct: [NHS] Martyr: sup
22:27:58 : Direct: Parralasys: yea
22:27:59 : Direct: Flames: what was that?
22:28:11 : Direct: Flames: i cant hear you
22:28:18 : Direct: Flames: my ear drums have be smashed out
22:28:23 : Direct: Flames: No
22:28:31 : Direct: Flames: well im typing
22:28:34 : Direct: Flames: better than nothing
22:28:45 : Direct: | Vertex |: give me keys to heli
22:29:05 : Group: Flames: Salt
22:29:08 : Group: Flames: trader
22:32:05 : Direct: [NHS] Martyr: yw
22:32:10 : Direct: [NHS] Martyr: I can't get you out :(
22:32:17 : Vehicle: Flames: airfield
22:32:19 : Direct: [NHS] Martyr: can I sling you to a market?
22:33:08 : Direct: Paddy.C: give the cash back
22:33:38 : Group: Paddy.C: get the fuck out of it
22:33:54 : Vehicle: Flames: probably gangshops
22:36:38 : Direct: Parralasys: Recording now ;D
22:36:46 : Direct: Parralasys: Lol
22:38:08 : Direct: Parralasys: retard
22:38:10 : Direct: Parralasys: ur fucked now
22:38:50 : Group: [NHS]Paddy.D: hey come off as a civ here to help one medic on their own at this time is not enough
22:42:15 : Direct: Flames: Officer can you impound my heli
22:45:23 : Direct: Paddy.C: SHUT UP YOU LITTLE WHINNY BITCH, I SWEAR IVE ONLY BEEN ON 10 MINS AND ILL IVE SEEN YOU'RE BITCH AS MOANING
22:46:22 : Direct: Parralasys: They steal my car (red offroad)
22:46:22 : Direct: Parralasys: Run me over with it
22:46:22 : Direct: Parralasys: yet I get arreted
22:46:22 : Direct: Parralasys: where are u takin me ffs
22:46:24 : Direct: Parralasys: Why am I being arrested
22:46:24 : Direct: Parralasys: Thet stole my car
22:46:27 : Direct: Parralasys: They ran me over 5 times
22:46:29 : Direct: Parralasys: Tried to shoot me
22:46:40 : Direct: Parralasys: And I get arrested cus I taze em out of my own car
22:46:44 : Direct: Parralasys: let mE OUT
22:46:59 : Direct: [APD] Sgt. fatruff3: tazer is illeagl and you shoot at our hunter as we went by
22:47:13 : Direct: Parralasys: Why am I left in car?
22:47:15 : Direct: Parralasys: im bored
22:47:15 : Direct: [APD] Sgt. fatruff3: you are being sent to jail for attepmted murder with tazer
22:47:28 : Direct: Parralasys: How long r u leaving me in here
22:47:33 : Direct: Parralasys: Im sick of this shit.
22:47:35 : Direct: Parralasys: I taze a guy
22:47:37 : Direct: Paddy.C: illl get out
22:47:38 : Direct: Parralasys: So I get arrested
22:47:45 : Direct: Paddy.C: if you unlock it
22:47:46 : Direct: Parralasys: But its fine to run people over and steal  cars
22:47:48 : Direct: Parralasys: Seriously
22:47:49 : Direct: Parralasys: Wtf
22:47:51 : Direct: Major Mint: go for it
22:47:57 : Direct: Parralasys: fuck thus
22:48:04 : Direct: Parralasys: Im not sittinfg here forever
22:48:10 : Direct: Paddy.C: so could have taken that then :)
22:48:13 : Direct: [APD] SPC. Per: where do i get into my garage
22:48:21 : Direct: Parralasys: Whats happening then
22:48:30 : Direct: Major Mint: I would of kepted you locked in haha
22:48:33 : Direct: Parralasys: u shot tazers at me
22:48:34 : Direct: Parralasys: fuck off
22:48:46 : Direct: Parralasys: oh my fucking god
22:48:53 : Direct: Parralasys: its him again
22:48:55 : Direct: Parralasys: My car
22:48:58 : Direct: Paddy.C: why are apd here??
22:48:58 : Direct: Parralasys: u useless cunts
22:49:02 : Direct: Parralasys: hes in my car
22:49:12 : Direct: Parralasys: ALT f4
23:00:37 : Group: [APD] SPC. Per: NO one at dealer.. all day long
23:03:04 : Vehicle: Paddy.C: nah its fine thanks
23:03:21 : Group: [APD] SPC. Pancakes: Hamilton, hurron to drug dealer
23:03:25 : Vehicle: [APD] Cadet. DeeCee: VOTEDAY
23:03:59 : Vehicle: Paddy.C: CHEERS LADS
23:05:49 : Direct: Paddy.G: lol gays
23:06:29 : Group: [NHS] Martyr: spamm
23:06:33 : Group: [NHS] Martyr: you crash so much
23:06:36 : Group: [NHS]Spammking: shut up
23:06:40 : Group: [NHS]Paddy.D: leave him alone :P
23:06:41 : Group: [NHS]Spammking: its fine
23:07:03 : Group: [NHS] Martyr: at least they are cheap
23:07:41 : Group: [NHS]Paddy.D: ik
23:11:22 : Direct: [NHS] Martyr: I have to revive one
23:19:16 : Direct: Ash: WAIT
23:19:20 : Direct: Ash: can you rep car?
23:19:51 : Group: [APD] SPC. Thorben: VOTE DQY
23:25:18 : Direct: Mr. Saxobeat: FINGER ME JOHNNYYYYYYY
23:25:22 : Direct: Mr. Saxobeat: FINGER ME COCKY
23:26:36 : Direct: Geoff: later sig
23:38:43 : Group: [APD] Chief. Stalks: what you reckon randall?
23:38:53 : Group: [APD] Chief. Stalks: waiting for video :|
