00:10:58 : Group: [APD]Chf Insp. Eukanubae: ROokie
00:10:58 : Group: [APD]Chf Insp. Eukanubae: ROokie
00:11:01 : Group: [APD]Chf Insp. Eukanubae: 3min and set hi mfre
00:11:03 : Group: [APD]Chf Insp. Eukanubae: him free
00:11:03 : Group: [APD]Chf Insp. Eukanubae: him free
00:15:17 : Group: [APD]Chf Insp. Eukanubae: Fixed jail
00:16:14 : Group: [APD]Chf Insp. Eukanubae: Jail repaired.
00:16:16 : Group: Mr.William: arne?
00:16:25 : Group: [APD]Chf Insp. Eukanubae: John john john
00:16:37 : Group: Sig: hei.
00:16:37 : Group: Sig: hei.
00:16:43 : Group: Sig: laak er passordet
00:16:44 : Group: Mr.William: ts?
00:16:47 : Group: [APD]Chf Insp. Eukanubae: John i need you to go assist Harry..
00:16:49 : Group: Mr.William: ok
00:17:24 : Group: [APD]Chf Insp. Eukanubae: Rookie?
00:17:24 : Group: [APD]Chf Insp. Eukanubae: Rookie?
00:17:30 : Group: [APD]Chf Insp. Eukanubae: GotoHarry!
00:29:08 : Group: Geoff: ask him to rp properly, in a polite manner
00:29:56 : Direct: [APD]Chf Insp. Eukanubae: Its me you dimwit
01:22:37 : Group: [APD]Chf Insp. Eukanubae: get some spikes
01:22:45 : Group: Wildgoldfish4: hey
01:30:04 : Group: [APD]Chf Insp. Eukanubae: Doing admin stuff chaps
01:30:07 : Group: [APD]Chf Insp. Eukanubae: sec..
01:30:13 : Group: [APD] PSCO.HarryDaWizard: Okay dokey
01:42:37 : Direct: [APD]Chf Insp. Eukanubae: Yoiu here?
02:40:20 : Direct: Geoff: press m, it's on there
04:23:41 : Group: [APD] Sgt. Thorben: §
11:14:51 : Direct: Scrubbie01: hello
11:15:12 : Direct: Scrubbie01: wait i can't hear you the chopper is to load
12:00:31 : Group: gebruiker: /voteday
12:12:10 : Direct: Konan: thank you
12:12:21 : Direct: Konan: the car?
12:12:25 : Direct: Konan: 500k
12:12:34 : Direct: Konan: im aff
12:12:48 : Direct: Konan: whitelisted gang
12:12:57 : Direct: Konan: only high ranking officers 
12:54:00 : Group: TheGreatAndBrave: Can any hellies lift the tempest devise?
12:54:11 : Group: [APD] PCSO. Ali: negative
13:19:48 : Vehicle: El Chapo: take off ur gar and put in heli
13:20:07 : Vehicle: Phill Massa: no sorry im ok 
13:20:17 : Vehicle: Phill Massa: u will have to kill me 
13:20:27 : Vehicle: El Chapo: fair enough
13:20:45 : Vehicle: Kalem: okay we wil have to behead you
13:40:09 : Group: TheGreatAndBrave: It isn't allowed to pull peeps out of their cars in safezone for no reason right?
13:59:09 : Group: [APD] SPC. Nick Nolif: responding
13:59:11 : Group: [APD] Sgt. Thorben: check herion first
13:59:27 : Group: [APD] Sgt. Thorben: it is a bait check herion
14:12:06 : Group: [APD] SPC. Nick Nolif: thorben do you have unlimited money
14:12:27 : Group: [APD] Sgt. Thorben: why??
14:12:42 : Group: [APD] Chief. Stalks: brb
14:12:44 : Group: [APD] SPC. Nick Nolif: because i gave you 3 mill for nakusuru's tempest and i'm pretty broke now
14:13:22 : Direct: gebruiker: p[eace
14:18:30 : Group: [APD] Sgt. Thorben: §
14:19:17 : Direct: Mr.William: /voet night
14:19:43 : Direct: Sig: barna leker
14:29:12 : Direct: gebruiker: get fcking rekt
14:50:18 : Vehicle: Mr.William: .-.
14:50:29 : Vehicle: Mr.William: .-.-.-.-
14:51:09 : Vehicle: Mr.William: (-.(-.(-.-).-).-)
15:19:56 : Direct: gebruiker: Ban incomming
15:20:22 : Direct: gebruiker: PAPA BEAR UR SHOOTING RANDOM
15:20:39 : Direct: gebruiker: Me 
15:20:40 : Direct: gebruiker: TIm
15:20:49 : Direct: gebruiker: I'm also Tim
15:23:04 : Direct: gebruiker: Dude
15:23:10 : Direct: gebruiker: He is leabving right now....
15:23:15 : Direct: gebruiker: leaving*
15:23:34 : Direct: gebruiker: U can get ban for this
15:40:13 : Group: Papa Bear: where are you?
15:40:17 : Group: Papa Bear: dude
15:40:22 : Group: Papa Bear: where are you?
15:42:59 : Direct: Tango: stop
15:43:04 : Direct: Tango: stop youre vehicle
15:43:32 : Direct: Major Mint: stop
15:45:57 : Direct: Jonas Miller: IM NOT GOING ANYWHERE
15:45:59 : Direct: Jonas Miller: IM HERE
15:54:48 : Group: Mr.William: har du mat?
15:55:27 : Group: Mr.William: ska æ bære prosess
16:02:41 : Group: Mr.William: ska æ kom?
16:55:30 : Group: Mr.William: brb
17:12:14 : Group: [APD] PSCO.HarryDaWizard: Good afternoon Hamilton
17:12:31 : Group: [APD] Chief. Hamilton: hello
17:13:02 : Group: [APD] PSCO.HarryDaWizard: I've made a checkpoint in kavala
17:32:18 : Group: Tango: great?
17:32:22 : Group: Tango: you doing salt?
17:34:55 : Direct: Papa Bear: stop
17:34:58 : Direct: Papa Bear: stop right now
17:35:00 : Direct: Papa Bear: stop
17:35:20 : Group: Tango: greatandbrave
17:35:26 : Group: Tango: are these your guys at salt?
17:41:46 : Vehicle: Papa Bear: OK
17:42:14 : Vehicle: Papa Bear: SWITCH SEATS
17:48:55 : Direct: ChiChi: i luv u
17:49:00 : Direct: [APD] PC. James Skye: u too xx
17:55:02 : Direct: Tango: ALL GOOD OVER HERE?
18:01:49 : Group: [APD] Chief. Stalks: go outside of kavala
18:01:51 : Group: [APD] Chief. Stalks: 3 armed guys
18:05:35 : Direct: Tango: STOP MOVING
18:05:42 : Direct: Tango: STOP MOVING
18:05:45 : Direct: Tango: HANDS ON HEAD
18:07:16 : Direct: Tango: YEAH MATE WE HAVE NO USE FOR
18:07:36 : Direct: Tango: SO BYE
18:07:41 : Direct: Abimbola: eh ok
18:14:19 : Direct: Tango: SALT IS CLEAR NOW MAN
18:14:33 : Direct: Tango: IF YOUR HEMMTS ON TE WAY I WILL STICK AROUND UNTI LYOU SOLD
18:14:53 : Direct: Tango: OK
18:15:00 : Direct: Deano: rip
18:15:02 : Direct: Tango: yeah its clear now :)
18:21:28 : Direct: [APD] Chief. Hamilton: bank it
18:22:13 : Direct: Alfred: Thanks for guarding us :D
18:22:22 : Direct: Tango: np
18:22:46 : Direct: Tango: np
18:28:55 : Direct: Tango: oh hey
18:29:49 : Direct: ChiChi: sry
19:06:31 : Vehicle: [APD] PCSO. Spammking: okay sir i can drop you off in sofia or at the airfield
19:06:43 : Vehicle: [APD] PCSO. Spammking: where would you like to go
19:07:04 : Vehicle: TheGreatAndBrave: get me to fucking athira
19:07:33 : Vehicle: [APD] PCSO. Spammking: the airfield is where i will drop you off
19:08:01 : Vehicle: TheGreatAndBrave: fuck you :)
19:23:17 : Group: [APD] PCSO. Spammking: james if mrsmittons comes in then they can be arrested
19:23:24 : Group: [APD] PC. James Skye: IK
19:23:28 : Group: [APD] PCSO. Spammking: kk
19:23:31 : Group: [APD] PC. James Skye: there just having fun i dont casre
19:23:33 : Group: [APD] PC. James Skye: care
19:26:33 : Direct: [APD] PC. James Skye: iviaximumpower
19:30:35 : Group: [APD] Chief. Stalks: fed will get attacked soon
19:30:47 : Group: [APD] Chief. Stalks: armed helicopters and hunters
19:31:09 : Group: [APD] SPC. Nick Nolif: isnt it an event?
19:31:28 : Group: [APD] Chief. Stalks: yes with armed heli
19:31:42 : Group: [APD] Chief. Stalks: dunis, come collect your aa from me
19:31:53 : Group: [APD] Supt. MrDunis: yeii
19:35:09 : Direct: [APD] PC. James Skye: jsmithy03
19:35:21 : Group: Black Bob: .vote dayyyy
19:53:38 : Group: Tango: NAKUSURU
19:53:45 : Group: Tango: why you going to oil rig?
19:53:58 : Group: Tango: come help us rob fed :)
19:54:06 : Group: Nakusuru: testing
19:54:14 : Group: Tango: ok
20:04:30 : Group: [APD] Chief. Stalks: they will attack the fed
20:06:54 : Direct: Tango: hop in
20:08:13 : Direct: Tango: i need a hellcat
20:08:28 : Direct: Tango: i cant buy them
20:11:46 : Direct: ChiChi: i mean no harm
20:20:02 : Vehicle: Ahmed: removes coms
20:20:16 : Vehicle: Tango: not much
20:20:41 : Vehicle: Tango: fly over fed please
20:21:02 : Vehicle: Ahmed: we will pass
20:21:06 : Vehicle: Kalem: NOPE
20:21:31 : Vehicle: Ahmed: so how much is a sgt mj to aff
20:21:39 : Vehicle: Tango: nothing lol
20:21:39 : Vehicle: Kalem: JOIN OUR CHANNEL PASS IS OCTOPUS1
20:21:44 : Vehicle: Kalem: no caps
20:21:53 : Vehicle: Ahmed: so we have to make an isis vid?
20:21:58 : Vehicle: Tango: ye
20:23:47 : Vehicle: Ahmed: tango join our channel pass octopus1 you donkey fuck
20:23:54 : Vehicle: Tango: no
20:24:18 : Vehicle: Tango: no
20:31:12 : Direct: White Bob: have a fit
20:31:26 : Direct: White Bob: your sunglasses protect you
20:32:22 : Direct: [APD]Chf Insp. Eukanubae: opff to get mopre kids
20:36:09 : Direct: White Bob: in the back of the car
20:36:14 : Direct: White Bob: i take your com
20:36:15 : Direct: Paddy.C: YOUR CAR?
20:36:16 : Direct: White Bob: ye
20:36:35 : Vehicle: White Bob: you cant contact anyone
20:39:51 : Direct: White Bob: PADDY.CRY
20:47:34 : Group: Paddy.C: IS IT TOO LATE NOW TO SO SORRY?
21:20:01 : Direct: Brown Bob: ekwo
21:20:07 : Direct: Brown Bob: EKZO
21:48:53 : Direct: [APD]Chf Insp. Eukanubae: I DIDNT EVEN HIT YOU!
21:49:52 : Direct: [APD]Chf Insp. Eukanubae: lEAVCE THE AREA!
21:55:58 : Vehicle: [APD] SPC. Ali: Hey
21:59:01 : Vehicle: [APD] SPC. Ali: what are we doing?
21:59:06 : Vehicle: [APD] SPC. Ali: you should cop
21:59:25 : Vehicle: Phill Massa: ok let me log a min 
21:59:49 : Direct: White Bob: SHOOT IF YOU LOVE ALLAH
21:59:54 : Vehicle: Phill Massa: im in eve at the min defending are home system 
22:00:00 : Vehicle: [APD] SPC. Ali: tyt bro
22:00:11 : Vehicle: Phill Massa: just waiting so i got sum time to waste 
22:00:39 : Direct: White Bob: you have alot of bullets allah apretiates your love
22:00:50 : Direct: White Bob: kill the infadels brothers
22:01:07 : Direct: Abimbola: you mean the aff huehuehue
22:01:23 : Direct: Black Bob: Wanna take over AFF base?
22:01:38 : Direct: ScottC: lets do it
22:01:46 : Direct: White Bob: ye brothers 
22:02:17 : Group: [APD]Chf Insp. Eukanubae: Ali?
22:02:18 : Direct: White Bob: BUY BIG BIG GUNS WE SHALL SHOW ALLAH ARE LOVE AND GRATUDED TO ALLOW US TO FOLLOW HIS CAUSE BY KILLING AFF
22:02:25 : Group: [APD]Chf Insp. Eukanubae: cop channel for a sec
22:03:18 : Direct: Black Bob: Come in the chopper, we will go to the AFF base
22:03:32 : Direct: ScottC: lets do this boys
22:03:37 : Direct: Abimbola: For allah
22:03:42 : Direct: ScottC: ALLAHHHHH
22:04:06 : Direct: Black Bob: Hurry up Bob bitches
22:04:51 : Direct: Abimbola: Guys, wait we have more Allahu praisers joining
22:04:55 : Direct: ScottC: we have more jihadi's joining the battle wait a few mins
22:05:08 : Direct: White Bob: yes brothers
22:05:11 : Direct: White Bob: for allahs glory
22:05:19 : Direct: White Bob: someone sing the sacred song
22:06:39 : Direct: ScottC: lets go
22:07:00 : Vehicle: White Bob: are brother is singing
22:07:05 : Vehicle: White Bob: fly and sing brother
22:07:27 : Vehicle: White Bob: bow your heads in respect for the sacred songs
22:07:39 : Vehicle: White Bob: allah shall watch over us in are figth today
22:07:45 : Vehicle: White Bob: use his glory in battle
22:08:07 : Vehicle: White Bob: defend allahs honor and you shall be rewarded in the after life brothers
22:08:43 : Vehicle: White Bob: dont land in them mine feild brother
22:09:18 : Vehicle: White Bob: be fast be strong be brutal and take no prisoners
22:29:55 : Direct: Black Bob: Wanna try AFF again?
22:30:07 : Direct: Abimbola: i'm low on cash, sorry.
22:35:27 : Direct: White Bob: watch the amazing flying bob
22:35:51 : Direct: Deano: amazing
22:35:52 : Direct: White Bob: ta daaaaaaaaaaaaaaa
22:35:53 : Direct: Deano: 10/10
22:36:24 : Direct: White Bob: bend over
22:36:35 : Direct: White Bob: *spits on it*
22:37:03 : Direct: White Bob: ouchie
22:37:06 : Direct: White Bob: i shot my load
22:37:11 : Direct: White Bob: badum dm chhhhhh
22:37:41 : Direct: White Bob: you cant see my im invisible in my ghille
22:38:53 : Direct: White Bob: how da fuk
22:39:35 : Direct: White Bob: YELLO BOB
22:39:46 : Direct: White Bob: YOU CHING CHONG MOTHER FUCKER
22:54:05 : Direct: White Bob: im sorry brother
22:55:39 : Direct: White Bob: keep him hes in your heli
22:56:19 : Direct: White Bob: lock it
22:57:43 : Direct: White Bob: erm
22:57:45 : Direct: Deano: rip
22:57:48 : Direct: White Bob: rip
22:57:54 : Direct: White Bob: rip in peace heli
23:02:02 : Direct: Jimmy: .
23:04:00 : Group: [APD] Chief. Stalks: under 1
23:04:02 : Group: [APD] Chief. Stalks: 1 carmed guy also
23:04:04 : Group: [APD] Chief. Stalks: armed
23:13:54 : Direct: [APD]Chf Insp. Eukanubae: /VOTE DAY
23:20:22 : Vehicle: Flames: Hey
23:20:37 : Vehicle: Flames: no comms
23:33:15 : Direct: Flames: Wtf
23:46:22 : Direct: Flames: no
23:46:27 : Direct: Flames: we got armed offroad outside
23:46:34 : Direct: Flames: go fuck em up
23:47:20 : Direct: HussyPunter: IM UNARMED
23:48:34 : Direct: HussyPunter: GOT REPAIR?
23:48:37 : Direct: Paddy.C: your really quite
23:48:40 : Direct: HussyPunter: YOU FECKED MY CAR
23:48:41 : Direct: Paddy.C: i cant hear
23:48:42 : Direct: White Bob: keys or you die
23:48:43 : Direct: Paddy.C: type
23:48:43 : Direct: HussyPunter: MAD DRIFT TO LEFT
23:49:03 : Direct: White Bob: 3 sec
23:49:07 : Direct: White Bob: 2
23:49:09 : Direct: White Bob: 1
23:52:52 : Direct: Flames: Sup
23:53:06 : Direct: Flames: Sure
23:54:57 : Vehicle: HussyPunter: *unzips trousers*
23:55:14 : Vehicle: HussyPunter: *preforms felation on flames*
23:55:34 : Vehicle: HussyPunter: *flames' driving is effected by his arousal*
23:55:50 : Direct: HussyPunter: get in!
23:56:01 : Vehicle: HussyPunter: sup m8
23:56:22 : Vehicle: Major Mint: alright haha  cheers had some ballshit rules i had to sort but they didnt taze me so 
23:56:42 : Vehicle: HussyPunter: sorry bout the drivers lag
23:56:53 : Vehicle: HussyPunter: too much porn..
23:56:56 : Vehicle: HussyPunter: WHOA
23:58:20 : Direct: [B,B,K]JME: WTF HE  STOLE MY CAR
23:59:13 : Direct: [APD]Chf Insp. Eukanubae: jme
23:59:17 : Direct: [APD]Chf Insp. Eukanubae: IM GONNA COMP YOU FOR THIS
