00:02:02 : Group: [Naked] Dazed: sec
00:04:03 : Group: [Naked] Dazed: looool
00:08:48 : Direct: [Sgt] VibZ: WEED?
00:08:55 : Direct: [Sgt] VibZ: TYPE
00:08:56 : Direct: SpaceMan: HEROIN
00:09:23 : Direct: [Sgt] VibZ: 43K
00:09:28 : Direct: SpaceMan: its about 50k i think
00:09:33 : Direct: SpaceMan: yeah
00:11:11 : Group: [Naked] Dazed: yeah
00:11:17 : Group: [Naked] Dazed: walls done
00:11:26 : Direct: Sicariuse: hands or die
00:13:15 : Group: [Naked] Dazed: brb
00:25:36 : Vehicle: Dave Knucklz: hi
00:25:45 : Vehicle: Dave Knucklz: cant talk
00:26:01 : Vehicle: Dave Knucklz: dad
00:26:21 : Vehicle: Dave Knucklz: dad does not want me to play comp but i am 
00:26:29 : Vehicle: Dave Knucklz: lol
00:26:40 : Vehicle: Dave Knucklz: cause i played at ryans
00:26:53 : Vehicle: Dave Knucklz: tell ryan to look at my insta thing
00:27:05 : Vehicle: Dave Knucklz: alex
00:27:11 : Vehicle: Dave Knucklz: instagra
00:27:17 : Vehicle: Dave Knucklz: instagram
00:27:21 : Vehicle: Dave Knucklz: the black guy?
00:27:49 : Vehicle: Dave Knucklz: how much money we make? or you
00:28:01 : Vehicle: Dave Knucklz: ?
00:28:08 : Vehicle: Dave Knucklz: nice
00:28:18 : Vehicle: Dave Knucklz: thats good
00:28:26 : Vehicle: Dave Knucklz: there gay
00:28:36 : Vehicle: Dave Knucklz: break the
00:29:09 : Vehicle: Dave Knucklz: brb
00:29:24 : Vehicle: Dave Knucklz: not right back back but back soon i think
00:41:54 : Direct: White Bob: ello
00:42:10 : Direct: White Bob: i just sniped 1 
00:42:15 : Direct: White Bob: 1k out
00:42:29 : Direct: White Bob: nice
00:56:26 : Direct: White Bob: ay
00:56:45 : Direct: White Bob: why yo name bob your not a bob
00:59:35 : Direct: White Bob: your not a bob
00:59:40 : Direct: White Bob: why is your name bob
01:34:37 : Group: [NAKED] FLEX: my mic not working 
01:35:24 : Direct: White Bob: what?
01:35:38 : Direct: White Bob: ye ok
01:35:49 : Direct: White Bob: ye
01:35:55 : Direct: White Bob: 1 shot 1 kill
01:36:05 : Direct: White Bob: the bobs
01:36:16 : Direct: White Bob: yellow bob brown bob and black bob
01:36:47 : Direct: White Bob: here
01:36:57 : Direct: White Bob: im going to go further back to shoot
01:37:01 : Direct: White Bob: they are looking for me
01:37:53 : Group: [NAKED] FLEX: My mic is out 
01:38:22 : Group: [NAKED] FLEX: Its not working   its   doing  a   steve 
01:38:42 : Group: [NAKED] FLEX: ? 
01:38:50 : Group: [NAKED] FLEX: Can   hear   me > 
01:39:00 : Group: [NAKED] FLEX: Can   you  hear  me 
01:39:14 : Group: [NAKED] FLEX: Nevermind  what you wearing 
01:44:38 : Group: [NAKED] FLEX: They saw me hiding 
01:44:51 : Group: [NAKED] FLEX: Not sure how 
01:44:54 : Group: [NAKED] FLEX: LOOOOOOOOOOOOOOOOOL 
13:18:25 : Group: [Pvt] WarGamer : RTB TO BASE
16:43:05 : Group: Sean Wolfington: emm
16:43:46 : Group: Sean Wolfington: weed ?
16:44:03 : Group: Sean Wolfington: it only takes up 4 space
16:44:24 : Group: Sean Wolfington: 40 k ;o
16:58:39 : Group: [Cpl] Alex(wolf): .
17:09:21 : Group: Sean Wolfington: za you dont know how many times i got busted by hamilton
17:10:06 : Group: Sean Wolfington: 4
17:11:13 : Group: Sean Wolfington: idk
17:11:17 : Group: Sean Wolfington: more than likly 100k
17:11:48 : Group: Sean Wolfington: it attracts hamilton
17:12:15 : Group: Sean Wolfington: say that to his navid
17:12:33 : Group: Sean Wolfington: well he blew up my 3mil helo 
17:12:35 : Group: Sean Wolfington: nothing said
17:15:36 : Group: Sean Wolfington: sfire
17:15:43 : Group: Sean Wolfington: i have a bounty of 400k
17:15:50 : Group: Sean Wolfington: kill me
17:15:52 : Group: Sean Wolfington: yes
17:15:57 : Group: Sean Wolfington: the largest one
17:26:42 : Direct: White Bob: ello govner
17:26:50 : Direct: White Bob: *governor
17:27:06 : Direct: Zelena: Hero
17:27:25 : Direct: Zelena: Helloooooooooooooooooooooo
17:28:46 : Direct: Zelena: Hello?
17:29:17 : Direct: White Bob: curl into a defensive ball brother
17:31:50 : Direct: White Bob: ay sig
17:32:36 : Direct: Zelena: what are you doing that takes so long
17:32:44 : Direct: Zelena: DUDE
17:32:47 : Direct: Zelena: x-x
17:33:30 : Direct: White Bob: sig
17:33:52 : Direct: [Pvt] Sig: problem?
17:34:01 : Direct: White Bob: can i have your sun glasses?
17:34:07 : Direct: White Bob: please
17:34:11 : Direct: [Pvt] Sig: why?
17:34:16 : Direct: White Bob: they look cool
17:34:32 : Direct: [Pvt] Sig: hmm
17:34:43 : Direct: [Pvt] Sig: you can have them
17:34:47 : Direct: White Bob: yay
17:35:05 : Direct: White Bob: do i look cool?
17:35:08 : Direct: [Pvt] Sig: I personally respect your sniping, but
17:35:21 : Direct: White Bob: they still mad?
17:35:40 : Direct: [Pvt] Sig: not mad really
17:35:47 : Direct: White Bob: i seen one of them put a hit on me
17:36:28 : Direct: White Bob: if i go junting agian later i wont hot the guy with out sun glasses
17:36:34 : Direct: White Bob: *hiy
17:36:37 : Direct: White Bob: *hit
17:36:41 : Direct: White Bob: *again
17:36:49 : Direct: Zelena: ARE YOU AWAKE OR DEAD
17:36:50 : Direct: Zelena: TELL ME
17:36:52 : Direct: [Pvt] Sig: haha
17:39:39 : Direct: White Bob: hello
17:39:55 : Direct: White Bob: im good and you?
17:40:15 : Direct: White Bob: yay!
17:40:22 : Direct: White Bob: hello best freind
17:40:37 : Direct: White Bob: not much best freind
17:40:50 : Direct: White Bob: yes bestfreind
17:41:27 : Direct: White Bob: ay bestfreind
17:41:30 : Direct: White Bob: follow
17:41:49 : Direct: White Bob: where you sent here to watch me bestfreind?
17:41:50 : Direct: Zelena: oy
17:41:53 : Direct: Zelena: Im bored
17:41:55 : Direct: Zelena: I want a job
17:42:00 : Direct: Zelena: Im jack you moron
17:42:11 : Direct: White Bob: I am on "the hit list" best freind
17:42:13 : Direct: Zelena: XD
17:42:26 : Direct: Zelena: Can i go lookout over the opium field
17:42:31 : Direct: Zelena: tell u if there is anyone der
17:42:31 : Direct: White Bob: I think you want me dead bestfreind
17:42:40 : Direct: Zelena: He made me shit myself
17:42:48 : Direct: White Bob: nice swimming goggles
17:42:56 : Direct: Zelena: WAS ACCIDENT
17:42:56 : Direct: White Bob: have you met my bestfreind?
17:43:05 : Direct: Zelena: rabblerabblerabble
17:43:19 : Direct: Zelena: das a sexy gun
17:43:24 : Direct: White Bob: this is alot of aff
17:43:45 : Direct: Zelena: Im gon go scout out opium field
17:43:50 : Direct: Zelena: Later
17:44:03 : Direct: Zelena: XD
17:44:05 : Direct: Zelena: STOP
17:44:06 : Direct: Zelena: XD
17:44:39 : Direct: White Bob: how bout 2?
17:45:31 : Direct: White Bob: np bbygurl
17:45:46 : Direct: White Bob: take the money man
17:45:50 : Direct: White Bob: its only 3 grand
17:46:01 : Direct: White Bob: i have enough man
17:47:11 : Direct: White Bob: take the money 
17:47:14 : Direct: White Bob: its fine
17:47:16 : Direct: White Bob: lol
17:47:49 : Direct: White Bob: buy a bag
17:48:03 : Direct: White Bob: you buy a bag then water
17:48:11 : Direct: White Bob: just say thanks and take the money
17:48:16 : Direct: White Bob: you have to buy a bag
17:48:21 : Direct: White Bob: in the clothing store
17:48:39 : Direct: White Bob: buy a bag to buy a water
17:48:52 : Direct: White Bob: take mine
17:49:10 : Direct: White Bob: take the bag beatrice
17:49:41 : Direct: White Bob: sig
17:49:45 : Direct: White Bob: why you want me to die
17:50:33 : Direct: White Bob: yes
17:50:44 : Direct: White Bob: i will buy you another
17:51:19 : Direct: White Bob: bestfreind
17:52:05 : Direct: White Bob: you cant kill me
17:56:33 : Direct: White Bob: ello
17:56:51 : Direct: White Bob: look at you beareice ready for wat
17:56:54 : Direct: White Bob: *war
17:56:58 : Direct: White Bob: i think its bugged
17:57:21 : Direct: Beatrice: cxv
17:57:37 : Direct: White Bob: im floating
17:57:46 : Direct: White Bob: drive
17:57:49 : Direct: White Bob: its fine
17:58:07 : Direct: White Bob: sig
18:00:04 : Direct: White Bob: bye bye
18:00:12 : Group: [APD] Chief. Hamilton: .
18:00:13 : Direct: White Bob: so sig
18:00:20 : Direct: White Bob: hows life
18:08:17 : Group: LoneWolf: no they don't work as there are too many exploits
18:12:35 : Direct: [Pvt] Jack Frost: wait
18:20:40 : Direct: Zelena: Eyy mylad
18:21:28 : Direct: Zelena: gg 41 health..
18:21:45 : Direct: Zelena: oww
18:21:59 : Direct: [APD] Insp. Nick Nolif  : awtch
18:22:00 : Direct: Zelena: NO MORE PLEASE
18:22:04 : Direct: Zelena: IMALMOSTDEAD
18:22:08 : Direct: [APD] Insp. Nick Nolif  : lol look at all that blood
18:25:45 : Direct: Zelena: 27 HEALTH
18:25:52 : Direct: Zelena: YE SMACKED ME IN THE FACE WIT YE HELI
18:26:07 : Direct: Zelena: BANTS
18:26:21 : Direct: Zelena: x3
18:26:35 : Direct: Zelena: OE
18:26:36 : Direct: Zelena: WIAT
18:37:38 : Group: [Pvt] Kryptic: jack the AI aimbot??
18:37:45 : Group: [Pvt] Kryptic: ;D
18:37:48 : Group: [Pvt] Jack Frost: yep
18:38:06 : Group: [Pvt] Jack Frost: his head turned 90 degrees and then i died
18:38:25 : Group: [Pvt] Kryptic: lol aimbot on AI's is sooo anyoing...
18:38:25 : Group: [Cpl] Alex(wolf): Ai is ez to kill
18:38:37 : Group: [Pvt] Kryptic: But ive never died off it though
18:47:47 : Direct: [Pvt] Jack Frost: Get heli
18:52:35 : Group: [Pvt] Lilcan: COP SPOTTED AT WEED FIELD, SCOPED IN ON US, NOW FLYING AWAY. POTENTIAL FIRE FIGHT INBOUND STAY TUNED. OVER
18:54:02 : Group: [Pvt] Lilcan: STRIDER INBOUND
18:54:16 : Group: [Sgt] VibZ: need help! half cop force on us
19:01:43 : Direct: [Pvt] Jack Frost: Put lynx in
19:02:32 : Group: [Cpt] Antony-J: Lilcan go support your team
19:02:38 : Group: [Cpt] Antony-J: We can cover this guy here
19:04:48 : Direct: [Cpl] Alex(wolf): Join our TS channel
19:05:11 : Direct: [Pvt] WarGamer : give me your car
19:05:18 : Direct: [Pvt] WarGamer : Alex
19:05:22 : Direct: [Cpl] Alex(wolf): Wot?
19:05:47 : Direct: [Cpl] Alex(wolf): Mate if you need to speak to me get to my TS
19:06:42 : Group: [Pvt] Sig: New supply drop mission
19:13:37 : Group: [Cpl] Ahmed: Shots at border
19:14:11 : Group: [APD] Supt. MrDunis: MyMy
19:17:54 : Group: [Pvt] Sig: RoD, FYI - Shots at us at border. Might be white and black Bob.
19:23:36 : Group: [Sgt] VibZ: rod let us speak to you for a min
19:31:13 : Group: [Cpl] Ahmed: Shots at border
19:33:18 : Group: [Cpl] Alex(wolf): ...
19:48:12 : Group: [Pvt] Kryptic: Thomas youre gun is in my car
19:49:48 : Direct: [Pvt] Connor.M: ty :D
19:55:25 : Group: [Pvt] Jack Frost: I got shot
19:58:41 : Group: [Sgt] VibZ: no not yet
19:58:47 : Group: [Sgt] VibZ: close it XD
20:03:13 : Direct: [NHS]Spammking: sorry
20:10:07 : Direct: OFC.Thorgaard: yES
20:26:29 : Direct: [General] CrackDown [AC]: Gamepointeu.enjinvoice.com
20:26:29 : Direct: [General] CrackDown [AC]: Gamepointeu.enjinvoice.com
20:26:30 : Direct: [General] CrackDown [AC]: Gamepointeu.enjinvoice.com
20:26:31 : Direct: [General] CrackDown [AC]: Gamepointeu.enjinvoice.com
20:26:31 : Direct: [General] CrackDown [AC]: Gamepointeu.enjinvoice.com
20:26:32 : Direct: [General] CrackDown [AC]: Gamepointeu.enjinvoice.com
20:26:40 : Direct: [General] CrackDown [AC]: Gamepointeu.enjinvoice.com
20:26:52 : Group: [NAKED] FLEX: How you getting on ? 
20:27:13 : Direct: [NHS]Spammking: it picks everything
20:28:58 : Group: [Pvt] Connor.M: shots at border
20:30:48 : Direct: Zelena: i NEED TO SPEAK TO NICK
20:31:20 : Direct: Zelena: He broke my nose with a helicopter and I want comp top bants
20:31:57 : Direct: Zelena: But i need to talk to nick
20:32:06 : Direct: Zelena: fine ill go
20:32:09 : Direct: Zelena: :C
20:43:20 : Group: [NHS]Paddy.D : tip for you it doesn't work
20:44:26 : Direct: [APD] Chief. Hamilton: .
20:44:28 : Direct: [Lt] Flames: who
20:44:30 : Direct: [Lt] Flames: why
20:44:32 : Direct: [Lt] Flames: shooting
20:55:40 : Direct: Chuck Mawhinney: voteday
20:55:46 : Direct: Chuck Mawhinney: /voteday
20:55:49 : Group: PCSO. Johan: k spurgt
20:58:35 : Group: Jannick: .,
21:07:04 : Direct: [HATO]HussyPunter: omg, im sos orry
21:07:07 : Direct: [HATO]HussyPunter: sorry*
21:07:12 : Direct: [HATO]HussyPunter: here is my insurance info
21:07:19 : Direct: [HATO]HussyPunter: i was testing my tow
21:12:09 : Direct: [HATO]HussyPunter: where did that go?
21:17:59 : Group: [HATO]HussyPunter: MA MAN
21:21:17 : Direct: [APD] Insp. Nick Nolif  : HELP US TRAIN
21:21:20 : Direct: [APD] Insp. Nick Nolif  : THE NEW PCSO's
21:26:27 : Direct: [APD] Insp. Nick Nolif  : Let me
21:26:32 : Direct: [APD] Insp. Nick Nolif  : tell them how windows key works
21:26:50 : Group: [APD] Chief. Hamilton: need a lift back to hq nifro?
21:28:35 : Direct: Chuck Mawhinney: CYK
21:29:07 : Vehicle: Toxic: ty
21:29:11 : Vehicle: Toxic: can we have some money
21:29:21 : Vehicle: Toxic: why not
21:29:25 : Vehicle: Toxic: thats racist
21:29:29 : Vehicle: Toxic: im pretty sure
21:35:03 : Direct: [Cpt] Antony-J: Drop your weapons
21:35:31 : Direct: [Sgt] VibZ: GET OUT
21:39:10 : Direct: Xenoners: Hi
21:40:48 : Direct: [APD] Chief. Stalks: cannot hear you
21:41:04 : Direct: [General] CrackDown [AC]: WHERE DID THEY GO
21:41:09 : Direct: [General] CrackDown [AC]: DID THEY GET TPED
21:41:15 : Direct: [APD] Chief. Stalks: who?
21:41:18 : Direct: [General] CrackDown [AC]: O HES BACK
21:41:22 : Direct: [General] CrackDown [AC]: THAT GUY
21:41:26 : Direct: [General] CrackDown [AC]: AND HES GONE
21:41:46 : Direct: [APD] Chief. Stalks: the cops?
21:41:58 : Direct: [APD] Chief. Stalks: no clue
21:42:14 : Vehicle: VoidYT: Play it until we get to weed field
21:50:08 : Direct: Connor Gambino: Wtf
21:50:17 : Direct: [HATO]HussyPunter: vdm?
21:50:55 : Direct: Omar Rasheed: ?
21:55:10 : Group: PCSO. Johan: 2 sec
22:00:09 : Vehicle: Toxic: HI
22:00:23 : Vehicle: Toxic: good wbu
22:00:36 : Vehicle: Toxic: things in my bum?
22:00:56 : Direct: Toxic: lol you sound like the ghuy who jkoined our ts
22:05:01 : Group: [APD] Chief. Stalks: if you can try and keep kavala decent
22:05:36 : Group: [APD] Insp.Gadget: stalks shall i blow the strider up?
22:10:12 : Direct: [HATO]HussyPunter: NO
22:10:16 : Direct: [HATO]HussyPunter: STAY WITH ME
22:10:30 : Direct: [HATO]HussyPunter: *does heart compressions*
22:10:38 : Direct: [HATO]HussyPunter: stay with me!!
22:10:47 : Direct: [HATO]HussyPunter: what car?
22:10:59 : Direct: [HATO]HussyPunter: i didn't take a car?
22:11:01 : Direct: Jimmy McLovin: ;'(
22:11:11 : Direct: [HATO]HussyPunter: no?
22:11:19 : Direct: [HATO]HussyPunter: you ran at me with a gun so i reversed
22:11:38 : Direct: [HATO]HussyPunter: he ran under my wheels :(
22:15:15 : Group: Jannick: /voteday
22:15:17 : Direct: Toxic: /voteday
22:15:38 : Direct: Jtknitro: /VOTEDAY
22:15:43 : Group: Jannick: /voteda
22:18:00 : Direct: Toxic: CAN I HAVE MY CAR BACK PLEASE?
22:19:52 : Direct: [HATO]HussyPunter: OOC: MOVE YOUR ILLEGAL CAR OFF MY ROADS
22:25:03 : Group: [APD] Chief. Stalks: sorry guys, little busy at the moment
22:37:36 : Direct: Paul: OMG ahaha
22:42:35 : Direct: VoidYT: Is this your gokart?
22:46:32 : Group: [Pvt] Connor.M: i ded
22:49:18 : Direct: Jtknitro: dude, trucks unlocked
22:50:09 : Vehicle: Jtknitro: Hello?
22:51:12 : Direct: [APD] Konan: y
22:51:48 : Direct: White Bob: unbanned
22:57:37 : Direct: Mr. Salty: nice truck
23:07:34 : Direct: Jacko: NO
23:08:25 : Direct: [HATO]White Bob: why should i
23:17:31 : Direct: [HATO]White Bob: richo let me go
23:40:33 : Group: [APD] Chief. Stalks: Hello guys, welcome
23:40:34 : Direct: [APD] Supt. Martyr: Afternoon
23:40:37 : Direct: [APD] Supt. Martyr: Welcome to the APD
23:40:44 : Group: [APD] Chief. Stalks: little buys at the moment outside of game, will chat soon!
23:40:47 : Direct: [APD] Supt. Martyr: I will come talk to you guys soon, just helping with something
23:40:48 : Group: [APD] Chief. Stalks: busy*!
23:41:55 : Group: [HATO]HussyPunter: bob stop
23:45:08 : Direct: [HATO]HussyPunter: salty just so you know he has been removed from HATO, sorry about that didnt know he was doing it
23:47:31 : Direct: [HATO]HussyPunter: SOAP
23:47:34 : Direct: [HATO]HussyPunter: IM ALIVE
23:47:36 : Direct: [HATO]HussyPunter: HELP
23:47:41 : Direct: [HATO]HussyPunter: I JUST STORED A CAR
23:48:14 : Direct: Kalem: what ?
23:48:21 : Direct: Kalem: i know im meeting a vi[
