00:00:13 : Group: LoneWolf: Need 2 replacements at dealer
00:12:17 : Direct: Black Bob: Do you need help or assistence with legal or illegal activitys? You can hire the Bob squad for you defence and protection. Contact us via the Phone.
00:31:29 : Direct: White Bob: start picking brother
00:31:32 : Direct: VoidYT: What's the plan?
00:31:32 : Direct: White Bob: we will circle
00:31:33 : Direct: VoidYT: Ok
00:31:44 : Direct: [APD] Supt. Martyr: Hi sir
00:32:00 : Direct: [APD] Supt. Martyr: Thank you for handing it in sir, I will reward you
00:32:00 : Direct: VoidYT: Let them know we're here why donchya
00:32:41 : Direct: VoidYT: WHAT ARE YOU DOING??!!?
00:32:43 : Direct: [APD] Supt. Martyr: I can't give you money because of nhs
00:32:44 : Direct: [APD] Supt. Martyr: hmm
00:32:50 : Direct: VoidYT: YOU'RE BASICALLY LETTING THEM KNOW WE'RE HERE
00:33:13 : Direct: [APD] Supt. Martyr: Next time you are on as civ, let me know sir, I will compensate you
00:33:16 : Direct: White Bob: they already kn ow we here it makes us harder to walk up on
00:33:21 : Direct: White Bob: strider comeing cops
00:33:29 : Direct: VoidYT: Now?
00:33:48 : Direct: White Bob: run
00:33:48 : Direct: VoidYT: There's a cop strider coming???!?
00:33:51 : Direct: White Bob: run now
00:37:37 : Direct: Black Bob: iTS ME
00:37:42 : Direct: VoidYT: ik
00:37:52 : Direct: VoidYT: Can I take this strider for a spin?
00:37:56 : Direct: VoidYT: the spare?
00:37:59 : Direct: Black Bob: Get the weed :)
00:38:03 : Direct: VoidYT: Ok
00:38:09 : Direct: Black Bob: yes, but you don't have time for weed then..
00:38:21 : Direct: VoidYT: we wont have time anyways
00:38:22 : Direct: VoidYT: too late
00:38:31 : Direct: Black Bob: You want the strider?
00:38:34 : Direct: VoidYT: won'tbe able to fin ishing processing
00:38:38 : Direct: VoidYT: ye pls
00:38:39 : Direct: Jack: hamface
00:38:41 : Direct: VoidYT: until restart
00:38:45 : Direct: Jack: oy
00:38:45 : Direct: VoidYT: won't cost will it?
00:38:50 : Direct: Jack: i got dis back for u
00:38:57 : Direct: Jack: is ur old hun
00:38:57 : Direct: Black Bob: Nope
00:38:58 : Direct: Jack: gun
00:39:03 : Direct: VoidYT: ok ty
00:39:10 : Direct: Jack: broe
00:39:13 : Direct: Jack: it was ur old gun doe
00:41:18 : Direct: [APD] Supt. Martyr: HANDS ABOVE YOUR HEAD
00:44:55 : Direct: [APD] Supt. Martyr: STOP
00:44:57 : Direct: [APD] Supt. Martyr: Sir, Stop
00:45:00 : Direct: [APD] Supt. Martyr: APD
00:45:32 : Direct: Zelena: wot r u doing
00:46:04 : Direct: [APD] Supt. Martyr: Sir
00:46:13 : Direct: [APD] Supt. Martyr: We think your clothes have drugs stashed in them
00:46:18 : Direct: Sgt. Paul Jackson: heyyyy
00:46:18 : Direct: [APD] Supt. Martyr: we need your clothes
00:46:23 : Direct: Zelena: eyy lmao
00:46:26 : Direct: Sgt. Paul Jackson: lol
00:46:27 : Direct: Zelena: I need money
00:46:28 : Direct: Sgt. Paul Jackson: welcome back
00:46:29 : Direct: Zelena: I broke my heli
00:46:30 : Direct: Zelena: gg
00:46:35 : Direct: Zelena: im poor
00:46:37 : Direct: Zelena: i got 16k
00:46:38 : Direct: Zelena: gg
00:46:38 : Direct: Sgt. Paul Jackson: josh went afk, ripp
00:46:53 : Direct: Zelena: Guess what i did
00:46:58 : Direct: Zelena: to prank the apd
00:46:59 : Direct: Sgt. Paul Jackson: you hit a tree?
00:47:02 : Direct: Sgt. Paul Jackson: oh
00:47:07 : Direct: YellowSanta: /nigth
00:47:10 : Direct: Zelena: with the heli
00:47:14 : Direct: Zelena: i broke it by unhooking a car
00:47:18 : Direct: Zelena: while going too fast
00:47:23 : Direct: Zelena: and i did about 200 flips
00:47:24 : Direct: Sgt. Paul Jackson: oh my lol
00:47:24 : Direct: Zelena: and then died
00:47:30 : Direct: Zelena: but i lost my 750k hellcat
00:47:44 : Direct: Zelena: Hahhahaha
00:47:51 : Direct: Sgt. Paul Jackson: go away you pigss
00:47:51 : Direct: Zelena: i put spike strips down
00:47:52 : Direct: Zelena: hahahaha
00:47:54 : Direct: Zelena: hahahahah
00:47:57 : Direct: Sgt. Paul Jackson: oh myyyy loollll
00:48:02 : Direct: Sgt. Paul Jackson: ahahhahaha
00:48:08 : Direct: Zelena: im gonna rub it in his face
00:48:24 : Direct: Zelena: dude wtf just happened
00:48:24 : Direct: Sgt. Paul Jackson: got em
00:48:48 : Direct: Sgt. Paul Jackson: wow
00:48:52 : Direct: Zelena: ill put another down
00:48:59 : Direct: Sgt. Paul Jackson: lol
00:49:06 : Direct: Sgt. Paul Jackson: wtf lol
00:49:33 : Direct: Zelena: hide 
00:49:35 : Direct: Zelena: xD
00:49:44 : Direct: Zelena: just wait
00:49:47 : Direct: Zelena: XD
00:49:50 : Direct: Sgt. Paul Jackson: :P
00:49:57 : Direct: Zelena: But yeah
00:49:59 : Direct: Zelena: I need like
00:50:03 : Direct: Zelena: 1mill back cus i broke my heli
00:50:07 : Direct: Zelena: i was going to do drugs now
00:50:09 : Direct: Zelena: but like
00:50:11 : Direct: Zelena: rlly
00:50:18 : Direct: Zelena: 36 people at midnight
00:50:20 : Direct: Sgt. Paul Jackson: we were doing drug runs and then he left
00:50:21 : Direct: Zelena: total bullshit
00:50:27 : Direct: Zelena: Oh gg
00:50:50 : Direct: Zelena: is his steam name is boxxyLUV69 
00:50:51 : Direct: Sgt. Paul Jackson: we were doing weed but did coke because the cops started camping out the weed field
00:50:54 : Direct: Sgt. Paul Jackson: yea
00:50:57 : Direct: Zelena: ok then..
00:51:24 : Direct: Luci: ty
00:51:32 : Direct: Sgt. Paul Jackson: we also got some loot from the heli crash up north and sold the guns to the AFF 
00:53:47 : Group: [APD] Sgt. Randall: whats in it
00:53:59 : Direct: [APD] Chief. Hamilton: KEYS
00:54:02 : Direct: [APD] Chief. Hamilton: KEYS STRIDER
00:55:49 : Group: [APD] Supt. MrDunis: Hamil did you search it?
00:55:53 : Group: [APD] Supt. MrDunis: This is the one with the drugs prob
00:56:17 : Group: [APD] Chief. Hamilton: cant search, you try
00:56:39 : Direct: Zelena: bants
00:56:41 : Direct: Sgt. Paul Jackson: lol
00:56:43 : Direct: Sgt. Paul Jackson: you got a guy
00:56:47 : Direct: Zelena: wot
00:56:53 : Direct: Zelena: oh
00:56:55 : Direct: Sgt. Paul Jackson: he hit the surprise
00:56:56 : Direct: Zelena: police?
00:56:57 : Direct: Zelena: gg
00:57:03 : Direct: Zelena: Lets see how they react
00:57:06 : Direct: Zelena: to gokarts
00:57:08 : Direct: Zelena: its so funny
00:57:58 : Direct: Zelena: I got shot from a mile away
00:58:01 : Direct: Zelena: lagit
00:58:05 : Direct: Zelena: lemme go get toolkits
00:58:09 : Direct: Sgt. Paul Jackson: rgr
00:58:15 : Direct: Zelena: Do you have any money on you?
00:58:18 : Direct: Zelena: 7k?
00:58:23 : Direct: Sgt. Paul Jackson: i have nothing rn
00:58:25 : Direct: Zelena: 6*
00:58:27 : Direct: Zelena: gg
00:58:30 : Direct: Zelena: ill go get some
00:58:33 : Direct: Sgt. Paul Jackson: josh has money but hes afk :/
00:58:51 : Direct: Zelena: oh wait
00:58:54 : Direct: Zelena: its a safezone
00:58:56 : Direct: Sgt. Paul Jackson: who they shooting at
00:58:59 : Direct: Zelena: so if you smash into something
00:59:01 : Direct: Zelena: it fixes it/
00:59:03 : Direct: Zelena: gg
00:59:20 : Direct: Sgt. Paul Jackson: lol
00:59:31 : Direct: Sgt. Paul Jackson: oh rippp
00:59:32 : Direct: Zelena: well cock
00:59:33 : Direct: White Bob: fuck you vibz
01:05:06 : Direct: Zelena: dude
01:05:12 : Direct: Zelena: should I do it again
01:05:19 : Direct: Sgt. Paul Jackson: the spikes or the gokart lol
01:05:29 : Direct: Sgt. Paul Jackson: both
01:06:06 : Direct: Sgt. Paul Jackson: what paint is that
01:06:21 : Direct: Sgt. Paul Jackson: ok
01:06:52 : Direct: Sgt. Paul Jackson: i was observing the scene
01:07:04 : Direct: Sgt. Paul Jackson: i dont have anything on me
01:07:07 : Direct: Sgt. Paul Jackson: but water
01:07:15 : Direct: Sgt. Paul Jackson: search away my man
01:08:19 : Direct: Zelena: Im wearing ah at you spastic
01:08:33 : Direct: Zelena: its a hat
01:08:35 : Direct: Zelena: you spastic
01:08:38 : Direct: Zelena: I was given it
01:08:40 : Direct: Zelena: you spastic
01:09:14 : Direct: Sgt. Paul Jackson: is combat life saver just the name of the police uniform or what
01:09:37 : Direct: Zelena: like how can this not be a branded film apparel?
01:09:38 : Direct: Zelena: No
01:09:39 : Direct: Zelena: you cant
01:09:43 : Direct: Zelena: cus i ain't done owt wrong
01:09:46 : Direct: Zelena: and if im threttening you
01:09:49 : Direct: Zelena: then in your words
01:10:08 : Direct: Zelena: No i was given it
01:10:18 : Direct: Zelena: fine
01:10:26 : Direct: Zelena: oy
01:10:30 : Direct: Zelena: I have no money
01:10:32 : Direct: Zelena: i cant
01:10:34 : Direct: Zelena: lagit
01:10:37 : Direct: Zelena: only 3k
01:11:10 : Direct: Zelena: how about
01:11:12 : Direct: Zelena: you leave me alone 
01:11:15 : Direct: Zelena: for one of these
01:11:39 : Direct: Sgt. Paul Jackson: omg 
01:11:42 : Direct: Sgt. Paul Jackson: that driving
01:11:42 : Direct: Zelena: donuts m8
01:11:42 : Direct: Zelena: INTERNET
01:11:43 : Direct: Zelena: FFS
01:11:43 : Direct: Zelena: STOP DYING INTERNET
01:11:52 : Direct: Zelena: PAUL
01:11:53 : Direct: Zelena: CMERE
01:12:05 : Direct: Zelena: Toats
01:12:18 : Direct: Zelena: PAUL
01:12:21 : Direct: Zelena: GIMMI MY SHIT BACK
01:12:34 : Direct: Zelena: GG
01:12:37 : Direct: Zelena: GGGGGG
01:12:42 : Direct: Sgt. Paul Jackson: RIP HA
01:12:44 : Direct: Sgt. Paul Jackson: HAT
01:12:55 : Direct: Zelena: DUDE THAT WAS GANGSTER
01:13:05 : Direct: Sgt. Paul Jackson: yes it was
01:13:09 : Direct: Zelena: I COULDA GONE TO JAIL
01:13:13 : Direct: Zelena: FUCK YOU PIGS
01:13:15 : Direct: Zelena: KILL YOURSELF
01:13:20 : Direct: Zelena: STICK YOUR DONUTS UP YOUR ASS
01:13:23 : Direct: Sgt. Paul Jackson: THOSE ARE MY DONUTS UR EATING
01:13:26 : Direct: Zelena: i got some donuts :>
01:13:37 : Direct: Zelena: I got them of a dead officer
01:13:39 : Direct: Zelena: lololol
01:13:45 : Direct: Zelena: i got all this shit off a dead officer
01:13:47 : Direct: Zelena: lololol
01:13:53 : Direct: Zelena: wait till hes gone
01:13:53 : Direct: Sgt. Paul Jackson: whenever josh gets back, we plan on doing an oil heist, you want in?
01:13:56 : Direct: Zelena: then we strike
01:14:02 : Direct: Zelena: I guess
01:14:05 : Direct: Zelena: but its gotta be quick
01:14:06 : Direct: Zelena: as in
01:14:11 : Direct: Zelena: 3 -5 minutes
01:14:16 : Direct: Zelena: or we be dead were we stand
01:14:22 : Direct: Sgt. Paul Jackson: we will try to make the heist fast
01:14:54 : Direct: Zelena: Now just wait
01:14:55 : Direct: Zelena: xD
01:15:04 : Direct: Sgt. Paul Jackson: those cops cant drive for shit lol
01:15:08 : Direct: Zelena: IKR
01:15:17 : Direct: Zelena: Thorgard couldn't catch me
01:15:22 : Direct: Zelena: when I had my gokart
01:15:27 : Direct: Zelena: them things go 100mph
01:15:31 : Direct: Zelena: kmph
01:15:32 : Direct: Zelena: tbh
01:15:33 : Direct: Zelena: but like
01:15:35 : Direct: Zelena: lagit
01:15:37 : Direct: Zelena: so fast
01:15:38 : Direct: Sgt. Paul Jackson: and you were prolly lagging lol
01:15:42 : Direct: Zelena: and so manuverable
01:15:54 : Direct: Zelena: But yeah that was so gg
01:16:03 : Direct: Zelena: I gave you the strips when I was being arrested
01:16:03 : Direct: Zelena: gg
01:16:07 : Direct: Sgt. Paul Jackson: ik lol
01:16:07 : Direct: Zelena: so i didn't go to jail
01:16:12 : Direct: Zelena: but i couldn't go to jail 
01:16:17 : Direct: Zelena: he said hed send me to jail
01:16:21 : Direct: Zelena: when I did nothing wrong
01:16:25 : Direct: Zelena: Did I do something wrong? no
01:16:29 : Direct: Sgt. Paul Jackson: wtf, where do i get this donut from
01:16:30 : Direct: Zelena: and he said if you don't drop the hat
01:16:32 : Direct: Zelena: I go to jail
01:16:34 : Direct: Sgt. Paul Jackson: did
01:16:35 : Direct: Zelena: I gave you it
01:16:38 : Direct: Sgt. Paul Jackson: oh lol
01:16:44 : Direct: Sgt. Paul Jackson: i didnt see it
01:16:51 : Direct: Zelena: I got some off hamiltons body when he was shot down over rebel base
01:16:55 : Direct: Sgt. Paul Jackson: rip that hat, you should get another
01:16:57 : Direct: Zelena: thats where i got the bomb kit
01:16:58 : Direct: Zelena: OOO
01:16:59 : Direct: Zelena: OOO
01:17:06 : Direct: Sgt. Paul Jackson: SAME GUY
01:17:13 : Direct: Zelena: run
01:17:16 : Direct: Zelena: no dont
01:17:18 : Direct: Zelena: XD
01:17:31 : Direct: Zelena: this is so fucking funny
01:17:35 : Direct: Zelena: you know what we should do
01:17:38 : Direct: Zelena: hide in them towers
01:17:42 : Direct: Sgt. Paul Jackson: oh my lol
01:17:44 : Direct: Zelena: because they will never expect it
01:17:58 : Direct: Zelena: what a fucking idiot
01:18:09 : Direct: Sgt. Paul Jackson: gogogogo
01:18:58 : Direct: Zelena: fukcing idiots
01:19:09 : Direct: Sgt. Paul Jackson: it was that same guy
01:19:23 : Direct: Zelena: they trust me to
01:19:23 : Direct: Zelena: too
01:19:23 : Direct: Zelena: i deliver them guns XD
01:19:24 : Direct: Zelena: xD
01:19:29 : Direct: Sgt. Paul Jackson: oh my
01:19:41 : Direct: Zelena: stop staring at my ass sargent
01:19:47 : Direct: Sgt. Paul Jackson: its too hot
01:19:57 : Direct: Zelena: I know but we don't want josh to know k
01:20:06 : Direct: Zelena: cus you can pound dis booty
01:20:09 : Direct: Sgt. Paul Jackson: yea josh is pretty gay so i mean
01:20:10 : Direct: Zelena: but if josh knows
01:20:15 : Direct: Zelena: hell be butthurt
01:20:21 : Direct: Zelena: is it me 
01:20:30 : Direct: Zelena: or is it so funny seeing the police cars just
01:20:36 : Direct: Zelena: zooming at the kurb
01:20:42 : Direct: Zelena: being rekt by spike strips
01:20:44 : Direct: Sgt. Paul Jackson: i know lol
01:20:53 : Direct: Zelena: lets get higher XD
01:21:25 : Direct: Zelena: fucking brilliant
01:21:36 : Direct: Sgt. Paul Jackson: they are too fat to climb
01:21:42 : Direct: Zelena: too many donuts
01:21:44 : Direct: Zelena: XD
01:21:46 : Direct: Sgt. Paul Jackson: lol
01:21:58 : Direct: Zelena: best dancing ever
01:22:08 : Direct: Sgt. Paul Jackson: ahahaha
01:22:25 : Direct: Zelena: im so confuzed
01:22:44 : Direct: Sgt. Paul Jackson: we need to get more spikes
01:22:50 : Direct: Sgt. Paul Jackson: only cops have them?
01:23:04 : Direct: Zelena: dude go check the rebel market
01:23:10 : Direct: Zelena: relog and go to the second rebel base
01:23:21 : Direct: Zelena: ill talk to my mate martyr
01:23:21 : Direct: Sgt. Paul Jackson: ill be backk
01:23:23 : Direct: Zelena: Ikr
01:33:04 : Direct: Zelena: your rank looks like a bagel
01:33:05 : Direct: Elias: hermod-sture dreiås
01:33:05 : Group: Tom: aff support the drug trade?
01:33:38 : Direct: Zelena: YOUR RANK LOOKS LIKE A DONUT
01:33:40 : Direct: Zelena: OMG
01:34:07 : Direct: Zelena: I Flipped it for yoyu
01:34:27 : Direct: Zelena: I swear to god wake up
01:34:33 : Direct: Zelena: Or ill spike trap your butthole
01:34:49 : Group: [APD] Chief. Stalks: jesus thorben, you cant drive a hunter... how the hell you still alive in hatchback sport?!
01:35:14 : Group: [APD] Sgt.McFreely: HAVE2 EYES  and i crashed only once
01:35:18 : Direct: Mark: What?
01:35:29 : Direct: Zelena: leave
01:35:33 : Direct: Mark: You..
01:35:43 : Direct: Mark: i need to talk to an officer to arrest you, so.
01:36:03 : Direct: Zelena: How am I the one ramming you
01:36:06 : Direct: Zelena: and where is my vehicle
01:36:08 : Direct: Zelena: you retard
01:36:08 : Direct: Mark: POLICE>
01:36:12 : Direct: Mark: Arrest this woman.
01:36:13 : Direct: Zelena: donuts plz
01:36:24 : Direct: Zelena: STOP SQUEEKING
01:36:32 : Direct: Zelena: He is accusing me 
01:36:36 : Direct: Zelena: of ramming him
01:36:39 : Direct: [APD] Supt. Martyr: sorry was  busy
01:36:40 : Direct: Zelena: I don't have no car
01:36:41 : Direct: Zelena: like srsly
01:36:43 : Direct: Zelena: where is my car
01:36:54 : Direct: Zelena: donuts
01:37:05 : Direct: Zelena: Did you get kicked in the throat
01:37:14 : Group: [Pvt] TheGreatAndBrave: Any one want to join paintball with 3 others?
01:37:17 : Direct: Zelena: please shoot him
01:37:22 : Direct: Zelena: He is accusing me of ramming his car
01:37:25 : Direct: Zelena: but if I did ram his car
01:37:29 : Direct: Zelena: where is my vehicle
01:37:38 : Direct: Zelena: How can I ram him
01:37:42 : Direct: Zelena: without a vehicle
01:37:48 : Direct: Zelena: HOW CAN I WITHOUT A VEHICLE
01:38:01 : Direct: Zelena: You are a retard/
01:38:05 : Direct: Zelena: the car drove off
01:38:13 : Direct: Zelena: That way
01:38:15 : Direct: Zelena: THAT WAY
01:38:18 : Direct: Zelena: THE CAR WENT THAT WAY
01:38:22 : Direct: Zelena: AND IT HAD A SEXY LADY ON IT
01:38:31 : Direct: Zelena: Idiot
01:38:45 : Direct: Zelena: Hahahahah
01:38:46 : Direct: Zelena: hahahahaha
01:39:07 : Direct: Zelena: well since marty dint give me my donut
01:39:11 : Direct: [APD] Supt. Martyr: sIR
01:39:13 : Direct: [APD] Supt. Martyr: Sir
01:39:14 : Direct: Zelena: Im going rock climbing
01:39:18 : Direct: [APD] Supt. Martyr: if you stop we will repair you
01:39:28 : Direct: [APD] Supt. Martyr: sir
01:39:45 : Direct: [APD] Supt. Martyr: it's illegal to drive a vehicle in that state
01:39:48 : Direct: [APD] Supt. Martyr: it's not road worthy
01:39:55 : Direct: [APD] Supt. Martyr: please allow us to repair it
01:40:00 : Direct: [APD] Supt. Martyr: or I will have it impounded
01:40:11 : Direct: [APD] Supt. Martyr: I cannot hear you whilst inside the car sir
01:40:12 : Direct: Zelena: I helped him
01:40:16 : Group: [APD] Supt. Martyr: Someone repair his car please?
01:40:16 : Direct: Zelena: I flipped his car over
01:40:24 : Direct: Zelena: I was waiting for you martyr
01:40:31 : Direct: Zelena: A car drove to the beach
01:40:38 : Direct: Zelena: After he rammed into this shit car
01:40:48 : Direct: Zelena: It was a white car with a female half dressed on it
01:40:57 : Direct: Zelena: Where is the car, prepubecent?
01:41:09 : Direct: Zelena: :>
01:41:14 : Direct: [APD] Supt. Martyr: Excuse me sir, please refrain from that language
01:41:20 : Direct: [APD] Supt. Martyr: sir stop
01:41:32 : Direct: [APD] Supt. Martyr: That car needs repairing
01:41:38 : Direct: [APD] Supt. Martyr: this officer is going to repair it for you
01:41:52 : Direct: Zelena: Like lagit, I will get a truck and smash you to mars
01:41:53 : Direct: Zelena: I will ram you if you don't stop in a minute
01:42:13 : Direct: Zelena: Where is your proof that I did it?
01:42:14 : Direct: Zelena: hmm?
01:42:20 : Direct: [APD] Supt. Martyr: have a nice day
01:42:22 : Direct: Zelena: I will fucking murder him
01:42:26 : Direct: Zelena: if he says i did something
01:42:57 : Vehicle: White Bob: whats up
01:43:01 : Vehicle: White Bob: idk 
01:43:03 : Direct: [APD] Supt. Martyr: Sir
01:43:04 : Direct: Zelena: I saw the car
01:43:04 : Direct: Zelena: that rammed you
01:43:05 : Direct: Zelena: you moron
01:43:08 : Vehicle: White Bob: wanna kill nick nolif he has a hit
01:43:15 : Vehicle: Kalem: YA
01:43:16 : Direct: [APD] Supt. Martyr: death threats are not something you should make
01:43:19 : Vehicle: White Bob: go hitman
01:43:22 : Direct: Zelena: I will killum doe 
01:43:24 : Vehicle: Kalem: wED
01:43:30 : Direct: [APD] Supt. Martyr: I am going to search you to see if you have any offensive weapons on you
01:43:32 : Direct: Zelena: I will capture his car while he is in it
01:43:34 : Direct: Zelena: and kill him
01:43:36 : Direct: Zelena: like lagit
01:43:39 : Direct: Zelena: the cocky little prat
01:43:58 : Direct: Zelena: if he wants to be a knob to someone who did nothing
01:44:02 : Direct: [APD] Supt. Martyr: His attitude is poor I know sir but still
01:44:03 : Direct: Zelena: then prepare for the consiquences
01:44:06 : Direct: Zelena: OY
01:44:06 : Direct: Sgt. Paul Jackson: hello?
01:44:08 : Direct: White Bob: he is at kavala castle
01:44:09 : Direct: Zelena: DONUYTS
01:44:15 : Direct: White Bob: i have a crashed car at kavala
01:44:18 : Direct: White Bob: meet there?
01:44:20 : Direct: Zelena: Martyr
01:44:25 : Direct: Zelena: donuts and uav back plz
01:44:38 : Direct: White Bob: i will get it out again
01:44:44 : Direct: Sgt. Paul Jackson: jesus
01:44:57 : Direct: Sgt. Paul Jackson: well rip
01:45:05 : Group: [APD] Chief. Stalks: officer nick
01:45:12 : Group: [APD] Chief. Stalks: can you explain why this suv is unlocked?
01:45:14 : Direct: Sgt. Paul Jackson: ok
01:47:11 : Direct: Sgt. Paul Jackson: another red suv there
01:48:37 : Direct: Sgt. Paul Jackson: aye
01:50:13 : Direct: Zelena: OFFICER
01:50:19 : Direct: Zelena: OFFICERS M8S
01:50:22 : Direct: Zelena: I FOUND DIS
01:50:25 : Direct: Zelena: IN A CAR
01:50:30 : Direct: Zelena: THAT I AQUIRED
01:50:54 : Direct: Zelena: It wasn't mine broeh
01:50:57 : Vehicle: White Bob: i have strips
01:50:57 : Direct: Zelena: i found it broe
01:51:01 : Vehicle: White Bob: set up a block?
01:51:03 : Vehicle: Kalem: GOOD GOODS
01:51:06 : Vehicle: Kalem: yea
01:51:21 : Vehicle: Kalem: i have a friend thats a cop so i have shit tons 
01:51:30 : Vehicle: White Bob: so do i lol
01:51:38 : Vehicle: White Bob: here?
01:51:40 : Vehicle: Kalem: wana jump to medic channel?
01:51:44 : Vehicle: Kalem: ya
01:51:49 : Vehicle: White Bob: dont have my mic in
01:51:53 : Vehicle: Kalem: okay 
01:52:51 : Direct: Zelena: oy
01:53:18 : Direct: Zelena: I heared that annoyance in your voice broe
01:53:34 : Direct: Zelena: This is a very big sausage fest right now
01:53:39 : Direct: Zelena: Literally
01:53:43 : Direct: Zelena: cus you guys are cops
01:53:48 : Direct: Zelena: otherly known as pigs
01:53:53 : Direct: Zelena: so it is a literal sausagefest
01:53:55 : Direct: Zelena: OMG DONOOTS
01:54:12 : Direct: Zelena: I just came
01:54:36 : Direct: Zelena: omg its so big ;o
01:54:41 : Direct: [APD] Supt. Martyr: yah
01:54:42 : Direct: Zelena: it reprisents u bro
01:54:47 : Direct: Zelena: its literally you bro
01:54:49 : Direct: Zelena: big and thick
01:54:53 : Direct: Zelena: im going to leave now :>
01:54:59 : Direct: [APD] Supt. Martyr: gn pal
02:00:57 : Direct: Zelena: cmere
02:00:59 : Direct: Zelena: get a car
02:01:05 : Direct: Zelena: and lets go to a heli garage
02:01:06 : Direct: Zelena: cmon
02:01:08 : Direct: Zelena: get a car
02:01:10 : Direct: Zelena: where is a car
02:01:11 : Direct: Sgt. Paul Jackson: you took my car lol
02:01:20 : Direct: Zelena: LETS GO GET IT THEN
02:01:28 : Direct: Sgt. Paul Jackson: you know where it is
02:03:28 : Direct: Zelena: its gonw
02:03:32 : Direct: Zelena: howabout
02:03:36 : Direct: Zelena: you go to the garage
02:03:41 : Direct: Zelena: then you come back here with your car
02:03:44 : Direct: Zelena: and pick me up
02:03:51 : Direct: Zelena: and take me to the heli place
02:03:52 : Direct: Zelena: go on
02:03:53 : Direct: Sgt. Paul Jackson: how about you run to the garage nigga
02:03:55 : Direct: Zelena: choppy chop
02:04:24 : Direct: White Bob: get in :)
02:04:54 : Vehicle: White Bob: wanna rob him?
02:04:58 : Vehicle: Kalem: OFC
02:05:01 : Vehicle: White Bob: i seen him in a truck earlier
02:05:16 : Vehicle: Kalem: i shadow played that fight so we cant get wrong
02:05:29 : Direct: White Bob: ello :)
02:05:30 : Direct: Sgt. Paul Jackson: hey
02:05:35 : Direct: Sgt. Paul Jackson: aye white bob
02:05:35 : Direct: White Bob: how are you brother
02:05:37 : Direct: Kalem: gooday m8
02:05:43 : Direct: White Bob: whats up pauly boy
02:05:45 : Direct: Sgt. Paul Jackson: u saved me from the piggies
02:05:53 : Direct: White Bob: ofc i always save people
02:06:10 : Direct: White Bob: we got a big on convoy
02:06:14 : Direct: Zelena: lemme in
02:06:24 : Direct: Sgt. Paul Jackson: ur driving
02:06:25 : Direct: Zelena: go to donator village
02:06:29 : Direct: Zelena: FINE
02:06:30 : Direct: Sgt. Paul Jackson: fuck you
02:06:33 : Direct: Sgt. Paul Jackson: lol
02:06:48 : Direct: Sgt. Paul Jackson: white bob killed all of the cops chasing you
02:06:55 : Direct: Sgt. Paul Jackson: i was in their cop car
02:06:59 : Direct: Zelena: XD
02:07:08 : Direct: White Bob: go get a kit?
02:07:21 : Direct: Kalem: dont have a backpack
02:07:23 : Direct: Sgt. Paul Jackson: they shot at him thinking it was you 
02:08:09 : Direct: Zelena: i still do
02:08:16 : Direct: Sgt. Paul Jackson: UNLOCK
02:08:58 : Direct: Sgt. Paul Jackson: where we goin 
02:09:54 : Direct: White Bob: can you hear the music?
02:10:02 : Direct: White Bob: gimmie my bag
02:10:04 : Direct: Kalem: YA
02:10:09 : Direct: Kalem: IN CAR
02:10:13 : Direct: Kalem: capz
02:10:19 : Direct: Kalem: ffs
02:10:23 : Direct: White Bob: thats just embarising
02:10:26 : Direct: Sgt. Paul Jackson: is that a real cop?
02:10:27 : Direct: Kalem: ikr
02:10:43 : Direct: Zelena: don't even fly it
02:10:43 : Direct: Zelena: because im testing something
02:10:45 : Direct: Zelena: ye
02:11:01 : Direct: Sgt. Paul Jackson: rip white bob
02:12:14 : Vehicle: Zelena: dude rope down
02:12:25 : Vehicle: Sgt. Paul Jackson: unlock
02:12:26 : Direct: Zelena: hi?
02:12:26 : Vehicle: Sgt. Paul Jackson: u cock
02:12:44 : Vehicle: Sgt. Paul Jackson: unloccck
02:13:02 : Direct: Zelena: don't
02:13:04 : Direct: Zelena: you dare
02:13:11 : Vehicle: Sgt. Paul Jackson: crash into him lol
02:13:19 : Direct: Zelena: put it down broe
02:13:31 : Direct: Sgt. Paul Jackson: expert pilot right there
02:13:32 : Direct: Zelena: Land on the garages
02:14:04 : Direct: Sgt. Paul Jackson: i salute you
02:14:17 : Direct: Zelena: get on the quad
02:14:26 : Direct: Sgt. Paul Jackson: great
02:14:30 : Direct: Zelena: stay still
02:14:32 : Direct: Sgt. Paul Jackson: im gonna get kidnapped on an atv
02:19:47 : Direct: Zelena: prepare to get dunked m8
02:20:03 : Direct: Sgt. Paul Jackson: thats racist
02:20:41 : Direct: Sgt. Paul Jackson: what are youuu doinnng
02:20:46 : Direct: Zelena: dunking you
02:20:50 : Direct: Zelena: in my tea
02:20:50 : Direct: Sgt. Paul Jackson: get to aff
02:20:55 : Direct: Zelena: why
02:20:59 : Direct: Sgt. Paul Jackson: rob the mansion
02:21:13 : Direct: Zelena: no
02:21:18 : Direct: Sgt. Paul Jackson: ohh myy
02:21:22 : Direct: Sgt. Paul Jackson: im bailin
02:21:30 : Direct: Zelena: WHY
02:21:32 : Direct: Zelena: FINE
02:23:47 : Direct: Zelena: Eyy
02:23:49 : Direct: Zelena: that was dope
02:23:58 : Direct: White Bob: seaney boy
02:24:27 : Direct: White Bob: sean
02:24:35 : Direct: White Bob: 100k we forget this happened
02:24:45 : Direct: White Bob: do we have a deal?
02:24:56 : Direct: White Bob: seaney boo
02:25:00 : Direct: Zelena: dude
02:25:04 : Direct: Zelena: can you do me a favour?
02:25:04 : Direct: White Bob: do we have a deal?
02:25:06 : Direct: Sgt. Paul Jackson: runnn
02:25:08 : Direct: Zelena: buy me some water?
02:25:11 : Direct: White Bob: 200k
02:25:24 : Direct: Sgt. Paul Jackson: no
02:25:28 : Vehicle: White Bob: 300k its my limit seaney boy
02:25:30 : Direct: Sgt. Paul Jackson: i gave you a bottle nigga
02:25:42 : Direct: White Bob: you wont get money for jailing me
02:25:47 : Direct: Zelena: XD
02:25:47 : Direct: Zelena: Thanks dude
02:25:47 : Direct: Zelena: I was low
02:25:47 : Direct: Zelena: here
02:25:47 : Direct: Zelena: have some donuts
02:27:10 : Direct: Sgt. Paul Jackson: gj
02:27:12 : Direct: Sgt. Paul Jackson: lol
02:27:46 : Direct: Zelena: CUNT DICK FUCK
02:27:49 : Direct: Zelena: I NEED A NEW ONE NOW ;C;7
02:28:23 : Direct: Zelena: Im going to cry now ;c;
02:28:37 : Direct: Sgt. Paul Jackson: RIP
02:28:42 : Direct: Sgt. Paul Jackson: dont cry on me
02:28:54 : Direct: Zelena: i want a new heli ;c;
02:29:35 : Direct: Zelena: I want new heli n if i don't get new heli ill put a screwdriver under my townail and kicl the wall
02:29:36 : Direct: SwiftWarlock: dont shoot
02:29:45 : Direct: SwiftWarlock: hey
02:29:47 : Direct: Sgt. Paul Jackson: i cannot help you with that
02:29:52 : Direct: Zelena: ynot ;c;
02:30:06 : Direct: Sgt. Paul Jackson: i dont have enough money for that
02:30:12 : Direct: Kalem: you want tsome help?
02:30:17 : Direct: Zelena: not 360k?
02:30:21 : Direct: Zelena: lc;c7
02:30:26 : Direct: Zelena: ;c;
02:30:53 : Direct: Zelena: y int josh fucking joining
02:30:55 : Direct: Zelena: like lagit
02:30:58 : Direct: Sgt. Paul Jackson: idk
02:31:01 : Direct: Zelena: he was joining then he disconnected
02:31:04 : Direct: Zelena: what a analbead
02:31:07 : Direct: Zelena: how about dude
02:31:14 : Direct: Zelena: we do some druugs
02:31:17 : Direct: Zelena: some dope druugs
02:31:21 : Direct: Sgt. Paul Jackson: weed?
02:32:12 : Group: [Pvt] TheGreatAndBrave: Come back when you have 1 000 000 000 dollars bro
02:33:32 : Direct: Sgt. Paul Jackson: buy us a carrrr
02:35:30 : Direct: Sgt. Paul Jackson: cant use karts
02:35:33 : Direct: Sgt. Paul Jackson: stupid dlc
02:35:34 : Direct: Zelena: lol
02:35:37 : Direct: Zelena: failure
02:36:00 : Direct: Sgt. Paul Jackson: unlcok itt
02:36:59 : Direct: Zelena: knock me back over
02:37:00 : Direct: Zelena: please
02:37:49 : Direct: Sgt. Paul Jackson: we gonna run drugs or wat
02:38:14 : Direct: Zelena: well get a good truck and we can
02:38:23 : Direct: Sgt. Paul Jackson: define good
02:38:28 : Direct: Sgt. Paul Jackson: i dont have a truck license
02:38:54 : Direct: Zelena: idgaf
02:38:54 : Direct: Zelena: no police on
02:38:55 : Direct: Zelena: KNOCK ME OVER
02:38:56 : Direct: Zelena: OHMY GOD
02:40:02 : Direct: Zelena: RAM INTO IT
02:40:03 : Direct: Zelena: DO IT
02:40:03 : Direct: Zelena: JUSUT DO IT
02:40:21 : Direct: Zelena: STOP RAMMING ME
02:40:46 : Direct: Zelena: NO JUST
02:40:48 : Direct: Zelena: DRIVE INTO IT
02:40:50 : Direct: Zelena: NO WAIT
02:40:54 : Direct: Zelena: GETOFF THE QUADBIKE
02:40:55 : Direct: Sgt. Paul Jackson: omg lol
02:40:59 : Direct: Zelena: ILL GET SOMETHING BIGGER
02:44:55 : Direct: Sgt. Paul Jackson: lets go do something omggggg
02:45:31 : Direct: Sgt. Paul Jackson: wowowowowow
02:47:32 : Direct: Zelena: We need to blow more stuff up
02:47:40 : Direct: Zelena: Ok can you not
02:47:48 : Direct: Zelena: I fucking helped you
02:47:52 : Direct: Zelena: and you are being a bumhole
02:47:55 : Direct: Sgt. Paul Jackson: whatt
02:48:03 : Direct: Sgt. Paul Jackson: they wont kill you
02:48:14 : Direct: Sgt. Paul Jackson: what did josh say
02:48:23 : Direct: Zelena: oy
02:48:31 : Direct: Zelena: lets go ram trucks into eachother
02:48:52 : Direct: Zelena: no wait
02:48:56 : Direct: Zelena: lets get cheep cars
02:49:01 : Direct: Zelena: then ram trucks into them xD
02:49:02 : Direct: Sgt. Paul Jackson: 4 wheeler?
02:50:15 : Direct: Sgt. Paul Jackson: josh is on
02:51:06 : Direct: Sgt. Paul Jackson: we need to do a drug run to make some cash
02:51:15 : Direct: Zelena: with what you moron
02:51:23 : Direct: Sgt. Paul Jackson: josh has heli
02:51:28 : Direct: Zelena: dude
02:51:33 : Direct: Zelena: each drug weighs like
02:51:35 : Direct: Zelena: 6k
02:51:38 : Direct: Zelena: 6kg
02:51:45 : Direct: Zelena: the heli takes 80kg
02:51:49 : Direct: Zelena: you fucking kidding me
02:51:51 : Direct: Zelena: you get nothing
02:52:03 : Direct: Zelena: how about
02:52:06 : Direct: Zelena: give me all your money
02:52:09 : Direct: Zelena: we buy a good truck
02:52:14 : Direct: Zelena: and we all live happily ever after
02:52:16 : Direct: Zelena: sniffing coke
02:52:21 : Direct: Sgt. Paul Jackson: you jsut hadd onee!
02:52:25 : Direct: Zelena: It blew up
02:52:29 : Direct: Zelena: thats why it vanished
02:52:32 : Direct: Zelena: Josh
02:52:42 : Direct: Zelena: give me all your money and ill buy us trucks mate
02:52:45 : Direct: Sgt. Paul Jackson: how much is tempest
02:52:48 : Direct: Zelena: then we can all go do drug runs
02:52:51 : Direct: Zelena: like 600k cheepest
02:53:06 : Direct: Zelena: fine ill just go get my own truck and do my own runs den
02:53:19 : Direct: Sgt. Paul Jackson: hold onnnn
02:53:20 : Direct: Sgt. Paul Jackson: omggg
02:53:42 : Direct: Zelena: im going to get my truck
02:53:44 : Direct: Zelena: you in?
02:53:50 : Direct: Sgt. Paul Jackson: i thought it blew up
02:55:45 : Direct: Zelena: get money
02:55:46 : Direct: Zelena: ffs
02:55:48 : Direct: Zelena: we go buy truck
02:56:13 : Direct: Zelena: you do need a license to buy a truck doe, i hope you know doe.
02:56:40 : Direct: Sgt. Paul Jackson: unoovckc
02:56:59 : Direct: Sgt. Paul Jackson: unlock nigga
02:59:21 : Direct: Zelena: you have 180k?
02:59:36 : Direct: Sgt. Paul Jackson: 150k is all i had
02:59:39 : Direct: Zelena: had?
02:59:42 : Direct: Zelena: or have.
02:59:45 : Direct: Sgt. Paul Jackson: have
02:59:46 : Direct: Sgt. Paul Jackson: rn
03:00:06 : Direct: Zelena: fix the truck
03:00:09 : Direct: Zelena: you got the backpack
03:01:22 : Direct: Zelena: how much you got from josh#?
03:01:28 : Direct: Zelena: get in you idiot
03:01:31 : Direct: Sgt. Paul Jackson: i got 180k
03:01:32 : Direct: Zelena: we need to get it from the atm
03:01:33 : Direct: Sgt. Paul Jackson: kpsh gave
03:01:53 : Direct: Zelena: we buy the shitty transport truck
03:01:59 : Direct: Zelena: we go together and together we pick weed
03:02:10 : Direct: Zelena: Once we done that ill process it since I got the license
03:02:13 : Direct: Zelena: then ill sell it
03:02:14 : Direct: Sgt. Paul Jackson: ok
03:02:19 : Direct: Zelena: then we get another truck
03:02:22 : Direct: Sgt. Paul Jackson: k
03:02:22 : Direct: Zelena: and then another one
03:02:32 : Direct: Zelena: you wil lbuy the first one
03:03:53 : Direct: Zelena: Shall I drive the truck?
03:04:05 : Direct: Sgt. Paul Jackson: idc
03:06:06 : Direct: Zelena: buy itr
03:06:07 : Direct: Zelena: ffs
03:06:17 : Direct: Zelena: zamac transport
03:06:19 : Direct: Zelena: you idiot
03:06:52 : Direct: Sgt. Paul Jackson: josh has the license
03:07:52 : Direct: Sgt. Paul Jackson: STOPP
03:08:04 : Direct: Sgt. Paul Jackson: you passed him
03:08:06 : Direct: Zelena: gg
03:09:14 : Direct: Zelena: we dint need this anyway
03:09:21 : Direct: Zelena: josh
03:09:26 : Direct: Zelena: buy the zamac transport
03:09:45 : Direct: Zelena: beautiful innit
03:09:49 : Direct: Zelena: yer first truck
03:09:58 : Direct: Zelena: this is a bit gay lads
03:10:05 : Direct: Zelena: 3 lads one cabin
03:10:06 : Direct: Zelena: err
03:10:11 : Direct: Sgt. Paul Jackson: fuck you
03:10:13 : Direct: Zelena: im horny
03:10:14 : Direct: Sgt. Paul Jackson: drive nigga
03:10:16 : Direct: Zelena: get it?
03:10:17 : Direct: Zelena: horn
03:10:20 : Direct: Zelena: ah bugger you guys
03:10:22 : Direct: Sgt. Paul Jackson: stfu lol
03:10:33 : Direct: Zelena: weed or opium
03:10:37 : Direct: Zelena: opium sells for alot
03:10:39 : Direct: Zelena: may i just say
03:10:46 : Direct: Zelena: a bit more than weed since people keep doing weed
03:10:50 : Direct: Zelena: but is a longer journey
03:11:11 : Direct: Zelena: fuck you opium is my shit
03:11:15 : Direct: Zelena: i got a license for it too
03:11:22 : Direct: Sgt. Paul Jackson: weed
03:11:26 : Direct: Josh: lets do weed
03:11:31 : Direct: Zelena: if you wanna get robbed sure
03:11:54 : Direct: Josh: were like theonly ones on lol
03:12:01 : Direct: Zelena: why don't you guys talk no more
03:12:11 : Direct: Sgt. Paul Jackson: i hope you get kidnapped zelena by kalem
03:12:17 : Direct: Zelena: i want to
03:12:27 : Direct: Zelena: kalems into some kinky shit
03:17:20 : Vehicle: Zelena: nice route to pick
03:17:26 : Vehicle: Zelena: this is much better than driving
03:17:37 : Vehicle: Zelena: I actually get to see the surroundings
03:20:39 : Vehicle: Zelena: Y u guys be assholes 
03:20:41 : Vehicle: Zelena: i helped u
03:20:45 : Vehicle: Zelena: u so crueel
03:20:50 : Vehicle: Josh: lol im joking nigga
03:20:58 : Vehicle: Zelena: Well Nigga I don't like jokes
03:21:00 : Vehicle: Sgt. Paul Jackson: what r u taliking about
03:21:04 : Vehicle: Zelena: I have no clue
03:24:08 : Vehicle: [Pvt] Ahmed: i wouldnt log
03:24:13 : Vehicle: Kalem: smd#
03:24:22 : Vehicle: [Pvt] Ahmed: trust me i wont be a dick
03:24:27 : Vehicle: Kalem: i dont even see why you just waisted an hour of my time
03:25:33 : Direct: Zelena: like 380k XD
03:58:36 : Direct: [Cpt] Flames: comon boys sell sell sell
03:58:45 : Direct: [Cpt] Flames: then as soon as you have sold everything sync your data
06:01:51 : Group: Sgt. Paul Jackson: get to heli crash
06:01:55 : Group: Sgt. Paul Jackson: kit up
06:05:14 : Group: Sgt. Paul Jackson: they shoot this time
06:11:56 : Group: Sgt. Paul Jackson: only like 3 left
06:12:41 : Group: Sgt. Paul Jackson: 1 left
06:12:54 : Group: Sgt. Paul Jackson: looks like 3 left actually
06:13:02 : Group: Sgt. Paul Jackson: im out of ammo
06:13:28 : Group: Sgt. Paul Jackson: 4 left
06:13:40 : Group: Sgt. Paul Jackson: 3
06:13:48 : Group: Sgt. Paul Jackson: im out
06:15:31 : Group: Sgt. Paul Jackson: what a waste
06:15:42 : Group: Sgt. Paul Jackson: it was here for 10 mins
06:17:58 : Group: Sgt. Paul Jackson: heli disappeared
06:47:26 : Direct: Sgt. Paul Jackson: hey
06:47:39 : Direct: Josh: HEY 
06:47:45 : Direct: Josh: hey there
06:47:53 : Direct: Sgt. Paul Jackson: rgr that
06:47:58 : Direct: Sgt. Paul Jackson: thanks
11:38:59 : Direct: A3aN: if i had a mic i could talk lol
11:39:25 : Direct: [Pvt] Alex(wolf): I said leave gun in chopper
11:39:40 : Direct: A3aN: ok!!
11:40:04 : Direct: A3aN: good??
11:40:06 : Direct: [Pvt] Alex(wolf): Yes
11:40:30 : Direct: A3aN: u r not so trusting as the otha AFF
11:40:39 : Direct: [Pvt] Alex(wolf): Agreed
11:40:45 : Direct: [Pvt] Alex(wolf): Since I have seen more then them
11:41:05 : Direct: A3aN: yeah i can believe u
11:45:43 : Direct: A3aN: cheers bru
11:59:14 : Direct: A3aN: yes sir
11:59:25 : Direct: A3aN: hold on
11:59:41 : Direct: A3aN: oo fuck lol
12:00:22 : Direct: A3aN: ok yes 
12:00:29 : Direct: A3aN: yes no problem 
12:03:04 : Direct: A3aN: 43k ??
12:04:11 : Direct: A3aN: yes
12:15:06 : Group: [Pvt] VibZ: ?
12:17:23 : Group: [Pvt] Alex(wolf): vibz what ya doing
12:21:56 : Direct: Icy Nipples: cry
12:22:08 : Direct: Icy Nipples: cry for my baby
12:22:10 : Direct: Icy Nipples: give me keys
12:22:13 : Direct: Icy Nipples: right now
12:22:19 : Direct: Icy Nipples: give me keys
12:22:25 : Direct: Icy Nipples: or fuckin die
12:22:30 : Direct: Icy Nipples: KEYZ
12:22:35 : Direct: Icy Nipples: KEYS
12:22:36 : Direct: Icy Nipples: NOW
12:22:52 : Direct: Icy Nipples: give me keys
12:23:02 : Direct: Icy Nipples: keys
12:23:08 : Direct: Icy Nipples: keys or die
12:23:17 : Direct: Icy Nipples: breakin rp if you dont give keys
12:23:21 : Direct: Icy Nipples: you realise that
12:23:31 : Direct: Icy Nipples: life is more valuble than your truck
12:50:10 : Group: [APD] PC. Felix: Have they finished the gas station robbery?
14:07:41 : Direct: [Pvt] Lilcan: was just turning truck around mate
14:07:49 : Direct: [Pvt] Lilcan: got music loud cant hear :)
14:08:04 : Direct: [Pvt] Mythic: TAKE OF NV
14:08:30 : Direct: [Pvt] Lilcan: y
14:08:44 : Direct: [Pvt] Mythic: u look like shit
14:09:00 : Direct: [Pvt] Lilcan: so does your face
14:09:08 : Direct: [Pvt] Mythic: fuck off 
14:09:11 : Direct: [Pvt] Lilcan: xD
14:09:11 : Direct: [Pvt] Mythic: lilcunt
14:09:13 : Direct: [Pvt] Lilcan: salt
14:09:23 : Direct: [Pvt] Kryptic: ohhh! 
14:09:27 : Direct: [Pvt] Kryptic: That hurt
14:22:16 : Direct: White Bob: ye
14:22:18 : Direct: White Bob: hi
14:22:28 : Direct: White Bob: ok hi lol
14:25:11 : Direct: White Bob: AYYYY
14:35:30 : Direct: White Bob: alrigth
14:35:36 : Direct: White Bob: im heading down to dealer
14:35:43 : Direct: White Bob: see ya
14:38:16 : Direct: White Bob: hello
14:50:10 : Direct: (BIH) DerRivE: yess
14:50:29 : Direct: (BIH) DerRivE:  i saw his car he was around 
14:50:42 : Direct: (BIH) DerRivE: ringround
14:50:48 : Direct: (BIH) DerRivE: gas staisin
14:50:56 : Direct: (BIH) DerRivE: you will se his car
14:51:00 : Direct: (BIH) DerRivE: i saw the copp o
14:51:27 : Direct: (BIH) DerRivE: i cvant i nead to go to the jobb
14:51:44 : Direct: (BIH) DerRivE: i'm working for the SWAT
14:52:03 : Direct: (BIH) DerRivE: nott a cop i'm helping SWAT
14:52:14 : Direct: (BIH) DerRivE: i cant give SWAT dont give sorry
14:52:40 : Direct: (BIH) DerRivE: sorry i'm nead to go to the SWAT hq
14:54:55 : Direct: White Bob: ello
14:55:00 : Direct: White Bob: can i go down to the dealer?
14:55:07 : Direct: [Pvt] Mythic: yeah
14:55:21 : Direct: White Bob: ye i know im afraid of being shot down
14:55:31 : Direct: White Bob: can i jsut fly there next time and not ask ?
14:55:36 : Direct: [Pvt] Mythic: just tell us when you are comming
14:55:39 : Direct: White Bob: ok
14:58:19 : Direct: [Pvt] Mythic: COME HERE
15:08:54 : Group: [APD] Chief. Hamilton: brb need to go 10mins
15:09:44 : Group: [APD]PCSO.Larry Drywater: he might go to kavala
15:20:58 : Direct: White Bob: sup
15:22:58 : Vehicle: White Bob: :(
15:23:12 : Vehicle: White Bob: yay go karts
15:23:22 : Vehicle: White Bob: i need to go to atm
15:24:47 : Vehicle: White Bob: go into safezone atm 
15:28:26 : Direct: White Bob: put them in garage and go rebel south?
15:38:16 : Direct: White Bob: ELLO
15:49:33 : Group: [APD] Supt. MrDunis: ty
15:51:09 : Group: [APD] Supt. MrDunis: fu
15:51:10 : Group: [APD] Supt. MrDunis: cant hear
15:51:43 : Group: [APD] Supt. MrDunis: I keep on forgetting that ugly wanted list ;-;
15:51:52 : Group: [APD] Chief. Hamilton: remember to always check it!
15:52:11 : Group: [APD] Supt. MrDunis: fml
15:52:15 : Group: [APD] Chief. Hamilton: disappointed.
15:52:22 : Group: [APD] Supt. MrDunis: Agreed
15:59:50 : Group: [APD] Supt. MrDunis: get a spike on the bridge
16:01:44 : Group: [APD] Supt. MrDunis: Orca is scouting it looks like
16:18:22 : Direct: [Lt] Tango: Running to safezones is illegal
16:18:27 : Direct: [Lt] Tango: well, against server rukles
16:18:33 : Direct: [Lt] Tango: so thanks for the lovely recording
16:20:40 : Direct: Juan Black: no
16:21:53 : Direct: [APD] Chief. Hamilton: sry
16:21:55 : Direct: [APD] Chief. Hamilton: accident
16:47:43 : Group: Chullie: Det var vores truck de har searched
16:49:44 : Group: [APD] Supt. MrDunis: hold on hammy
16:50:46 : Group: [APD] Supt. MrDunis: SHH
16:50:51 : Group: [APD] Chief. Hamilton: shhhh
16:50:58 : Group: FribZen: Chullie vinkelcrew
16:55:00 : Direct: A3aN: to LT Tango I spoke to Him
16:58:32 : Direct: White Bob: hit me
17:04:52 : Vehicle: White Bob: ello
17:04:56 : Vehicle: [Lt] Tango: hey bro
17:13:22 : Direct: Zelena: bruh
17:13:26 : Direct: [APD] Chief. Hamilton: ?
17:13:36 : Direct: Zelena: can I have some money if I give you 15 donuts :>
17:13:39 : Direct: [APD] Chief. Hamilton: no
17:15:11 : Direct: Zelena: I need money
17:15:15 : Direct: Zelena: so ill give you donuts
17:15:31 : Direct: [APD] PC. Felix: I am poor too <3
17:15:33 : Direct: [APD] PC. Felix: sorry bro
17:15:35 : Direct: [APD] PC. Felix: gtg
17:15:37 : Direct: Zelena: Daym
17:18:31 : Group: [Lt] Tango: ROD I GOT A 500K HIT ON HAMILTON :P
17:18:37 : Group: [Lt] Tango: PERFECT TIME LOL
17:20:31 : Direct: A3aN: the dealer
17:20:40 : Direct: A3aN: my mike is shit for ingame
17:20:53 : Direct: A3aN: pay the LT right?
17:21:21 : Direct: A3aN: ok cool herion
17:21:33 : Direct: A3aN: think its like 15k the tax
17:21:47 : Direct: A3aN: 710$ not enough
17:22:10 : Direct: A3aN: ok 
17:22:26 : Group: [APD] Chief. Hamilton: talking to the ros
17:22:27 : Group: [APD] Chief. Hamilton: rod
17:22:37 : Direct: A3aN: dafaq?!?!!?!?!?!
17:31:26 : Direct: Jakob: you can kill me
17:31:59 : Direct: A3aN: thank you MR medic!!
17:33:54 : Direct: A3aN: my fucken money lol!!
17:34:25 : Direct: A3aN: 150k:(
17:36:38 : Direct: (BIH) DerRivE: how are you
17:36:47 : Direct: (BIH) DerRivE: .good :D
17:36:53 : Direct: VoidYT: Good! :)
17:37:00 : Direct: VoidYT: Here to collect da dank weed
17:37:02 : Direct: VoidYT: ya know
17:37:05 : Direct: VoidYT: ;)
17:37:09 : Direct: (BIH) DerRivE: aha -d
17:37:48 : Direct: (BIH) DerRivE: how do i gett fast money
17:37:56 : Direct: VoidYT: Do this
17:38:05 : Direct: (BIH) DerRivE: aha ok thanks :D
17:38:12 : Direct: VoidYT: That car should get you about 800k per run
17:38:21 : Direct: (BIH) DerRivE: WOW :o
17:38:31 : Direct: (BIH) DerRivE: if you want i can givve you 300000
17:38:36 : Direct: VoidYT: The car i'm using will get me 1.4mill a run
17:38:39 : Direct: VoidYT: Why?
17:38:44 : Direct: (BIH) DerRivE: whiiiiiit
17:38:47 : Direct: (BIH) DerRivE: shiiit
17:38:56 : Direct: VoidYT: Why'd you wanna gimme money?
17:39:07 : Direct: (BIH) DerRivE: i dont kn ow bcous you asre a nice persen
17:39:15 : Direct: (BIH) DerRivE: are
17:39:15 : Direct: VoidYT: If you wanna sure
17:39:20 : Direct: VoidYT: But you don't have to
17:39:21 : Direct: (BIH) DerRivE: :D
17:39:22 : Direct: [APD] SPC. Morrisino: buy me zafir mags
17:39:31 : Direct: (BIH) DerRivE: i will
17:39:32 : Direct: [APD] SPC. Morrisino: i give you one dollar
17:39:33 : Direct: VoidYT: We'll make enough money doing this
17:39:45 : Direct: A3aN: see ya 
17:39:53 : Direct: VoidYT: If the cops come
17:39:55 : Direct: VoidYT: Either run
17:40:01 : Direct: VoidYT: or remove it all from your inventory
17:40:02 : Direct: (BIH) DerRivE: aha ok
17:40:13 : Direct: VoidYT: They camp this place ALOT
17:40:22 : Direct: (BIH) DerRivE: aha o
17:40:34 : Direct: (BIH) DerRivE: have the police come for you wen you haw to thise
17:40:40 : Direct: VoidYT: ?
17:40:47 : Direct: (BIH) DerRivE: have the po
17:53:22 : Group: [APD] SPC. Morrisino: nolif
17:53:31 : Group: [APD] Chf Insp. Nolif: Yes?
17:53:41 : Direct: [Lt] Tango: Void
17:53:46 : Direct: [Lt] Tango: ill give you a lift back to ur truck
17:53:55 : Direct: VoidYT: Ok ty
17:54:16 : Group: [APD] SPC. Morrisino: want to do an insurgent misson into the AFF mansion??
17:54:41 : Group: [APD] SPC. Morrisino: be a good RP situation to do nothing else is happening
17:55:19 : Group: [APD] SPC. Morrisino: its like dunis said they just hide at boarder
17:55:36 : Direct: A3aN: yez sir here to sell some druga
17:55:40 : Direct: [Lt] Tango: ill come with you
17:55:45 : Direct: A3aN: herion
17:56:06 : Direct: A3aN: can i pay you the tax upfront?
17:56:19 : Direct: VoidYT: Tango
17:56:26 : Direct: [Lt] Tango: ?
17:56:31 : Direct: A3aN: 15k last time
17:56:31 : Direct: VoidYT: What do I say about the tax when i've finished the run?
17:56:34 : Direct: VoidYT: ^^^
17:56:42 : Group: [APD] SPC. Morrisino: well nolif?
17:56:46 : Direct: [Lt] Tango: i said u have tax free
17:56:46 : Direct: A3aN: sell herion yes that is
17:56:51 : Group: [APD] Chf Insp. Nolif: Yes?
17:56:52 : Direct: VoidYT: Ok
17:56:53 : Direct: VoidYT: Ty
17:56:56 : Direct: [Lt] Tango: ill come with anyway in a min
17:57:10 : Direct: A3aN: ok ill pay the tax upfront now??
17:57:22 : Direct: VoidYT: So am I waiting for you?
17:57:26 : Direct: [Lt] Tango: no you go ahead
17:57:27 : Direct: A3aN: ok cool thanks
17:57:29 : Direct: VoidYT: ok
17:57:33 : Direct: VoidYT: ty!
17:57:37 : Direct: A3aN: yes?
17:57:51 : Direct: A3aN: im going to pay alexAT the dealer?
18:00:19 : Direct: A3aN: can i pay u now?
18:00:23 : Direct: [Pvt] Alex(wolf): ye
18:00:36 : Direct: [Pvt] Alex(wolf): Okay
18:04:32 : Direct: A3aN: dafaq u doing mate
18:05:03 : Direct: A3aN: just wana see who u are
18:05:10 : Direct: A3aN: driving into my chopper
18:12:36 : Vehicle: Chullie: Look, this is my first time in custody, cant we just let this pass by?
18:12:58 : Vehicle: [APD] Sgt. Jano: no sorry sir
18:14:04 : Direct: VoidYT: it's not APD
18:14:06 : Direct: VoidYT: No need to worry
18:14:12 : Direct: VoidYT: Ohhh
18:14:13 : Direct: VoidYT: ok
18:14:21 : Direct: Bich Phuc Dat: (
18:14:29 : Direct: Bich Phuc Dat:  )
18:15:12 : Direct: Bich Phuc Dat: did u say something_
18:15:18 : Direct: VoidYT: NO
18:15:21 : Direct: VoidYT: *No
18:15:21 : Direct: Bich Phuc Dat: ok
18:15:46 : Direct: [APD] Sgt. Jano: do you now why we arrest you
18:15:55 : Direct: Bich Phuc Dat: night
18:16:08 : Direct: VoidYT: ?
18:16:12 : Direct: Bich Phuc Dat: nothin
18:16:18 : Direct: VoidYT: k
18:16:40 : Direct: Chullie: chullie
18:17:35 : Direct: Bich Phuc Dat: cya, i have little space so >P
18:17:48 : Direct: VoidYT: Ok
18:17:49 : Direct: VoidYT: Bye
18:17:52 : Direct: Bich Phuc Dat: cya
18:18:00 : Group: [General] RoD: ./day
18:19:52 : Direct: (BIH) DerRivE: how are you
18:23:06 : Group: [Pvt] Alex(wolf): ..
18:29:21 : Direct: [Cpt] Antony-J: 2secs
18:31:49 : Direct: (BIH) DerRivE: me to
18:31:50 : Direct: (BIH) DerRivE: ;D
18:31:59 : Direct: (BIH) DerRivE: i'm, selling weed to
18:32:13 : Direct: (BIH) DerRivE: yess why
18:32:32 : Direct: (BIH) DerRivE: i will pay you
18:32:50 : Direct: (BIH) DerRivE: it is a gye whit a car coming
18:33:31 : Direct: (BIH) DerRivE: i have tampust trampus
18:34:09 : Direct: (BIH) DerRivE: can i pay ypu whenm i cam back
18:36:46 : Group: [Pvt] Alex(wolf): ..
18:37:27 : Group: [Pvt] Alex(wolf): ..
18:37:53 : Group: [Pvt] Alex(wolf): ..
18:38:15 : Group: [Pvt] Alex(wolf): ......
18:38:18 : Direct: [Pvt] Alex(wolf): ...
18:39:07 : Direct: [Pvt] Alex(wolf): .
18:39:35 : Direct: [Pvt] Alex(wolf): ...
18:40:09 : Direct: (BIH) DerRivE: he ses 50
18:40:30 : Direct: [Pvt] Ahmed: 35 for zamak about 100 for tempest
18:40:40 : Direct: [Pvt] Ahmed: thank you
18:40:56 : Direct: [Pvt] Ahmed: no
18:41:19 : Direct: (BIH) DerRivE: your fiend ses 50
18:41:23 : Direct: (BIH) DerRivE: K
18:41:31 : Direct: [Pvt] Ahmed: 100 for tempest
18:41:34 : Direct: (BIH) DerRivE: aha ok
18:41:46 : Direct: (BIH) DerRivE: :_D
18:41:48 : Direct: [Pvt] Ahmed: thank you
18:42:41 : Direct: Luci: death to the yakuzas
18:59:40 : Vehicle: [APD]PC.Sean: what nick?
18:59:43 : Direct: Luci: wtf you doing?
18:59:45 : Vehicle: [APD] Chf Insp. Nolif: we're wa iting for jano
18:59:50 : Direct: (BIH) Erran: open or in water
19:00:11 : Direct: Luci: eat a dick
19:00:16 : Direct: Luci: you cant pull me out in a safezone
19:00:50 : Vehicle: [APD]PC.Sean: nick you just drive
19:04:40 : Direct: Luci: eat a dick
19:04:43 : Direct: Luci: for pulling me out
19:04:47 : Direct: Luci: several times
19:04:52 : Direct: [BIH] Sandii: sprcim ti majku
19:04:55 : Direct: Luci: so you can break rules_
19:04:58 : Direct: Luci: And its np?
19:05:01 : Direct: [BIH] Sandii: Fucking retard
19:05:07 : Direct: Luci: ooo you getting banned
19:05:09 : Direct: Luci: for shoot me
19:05:11 : Direct: Luci: buhu
19:05:12 : Direct: Luci: buhu
19:07:28 : Group: [Pvt] ANGeR: IM TAKIN FIRE
19:10:12 : Vehicle: [APD] Sgt. Jano: im afk
19:10:27 : Vehicle: [APD] Sgt. Jano: wait
19:15:50 : Vehicle: [Pvt] Lazarus: on 5
19:16:04 : Vehicle: [Pvt] Lazarus: or not
19:16:08 : Vehicle: [Lt] Tango: 3
19:16:09 : Vehicle: [Lt] Tango: 2
19:16:11 : Vehicle: [Lt] Tango: 1
19:16:12 : Vehicle: [Lt] Tango: go
19:16:29 : Direct: Luci: Yea
19:16:33 : Direct: Luci: i killed the last gguy
19:17:02 : Direct: Luci: I know
19:17:10 : Direct: Luci: I was just helping the cops
19:18:38 : Vehicle: [Lt] Tango: il sy go
19:18:44 : Vehicle: [Lt] Tango: 3
19:18:46 : Vehicle: [Lt] Tango: 2
19:18:47 : Vehicle: [Lt] Tango: 1
19:18:49 : Vehicle: [Lt] Tango: go
19:18:52 : Direct: Luci: MY CAR!
19:19:07 : Direct: Luci: What were you doing in the middle of the road?!
19:21:23 : Direct: Luci: sir
19:21:29 : Direct: Luci: I cant hear you inside...
19:21:34 : Direct: Luci: get out..
19:21:42 : Direct: [APD] Sgt. Jano: OK WHATS PROBLEM
19:21:52 : Direct: [APD] Sgt. Jano: oeps sorry
19:22:10 : Direct: [APD] Sgt. Jano: wait sec
19:22:42 : Direct: [APD] Sgt. Jano: yeah
19:24:46 : Direct: (BIH) Erran: luci im coming after u 
19:24:58 : Direct: Luci: Bring it, im just a simpleton
19:41:12 : Direct: [APD] PC. Felix: dd
19:44:00 : Direct: Bich Phuc Dat: you dSYNCED
19:45:27 : Group: Almin: ryyyk mig neeed
19:47:42 : Vehicle: [APD] PC. Felix: KABITA NEGER `HORA MX 
19:49:29 : Direct: White Bob: OFFICER
19:49:32 : Direct: White Bob: IM SCARED
19:49:59 : Direct: White Bob: GEt in the chopper
19:50:13 : Direct: White Bob: your restrained get in the chopper
19:50:32 : Direct: White Bob: Put your hands down and get in
19:51:58 : Group: [APD] Chf Insp. Nolif: Larry whos the person taking you hostage?
19:52:09 : Group: [APD]PCSO.Larry Drywater: BALDER
19:53:05 : Direct: Bich Phuc Dat: ?
19:53:41 : Group: Crawford jihad: were doing herio
19:53:49 : Direct: A3aN: please move chopper
19:54:01 : Direct: A3aN: TY
19:56:49 : Direct: White Bob: HOP IN WE WILL WAIT
19:58:22 : Direct: A3aN: night
19:59:18 : Group: Crawford jihad: herion
20:06:52 : Group: [APD]PCSO.Larry Drywater: did you just leave me?
20:09:30 : Vehicle: [APD] PC. Felix: u fucking racists
20:10:02 : Vehicle: [APD] Chf Insp. Nolif: e
20:20:58 : Direct: [NHS Chief] Dr. Huberio: npnp
20:21:12 : Direct: [NHS Chief] Dr. Huberio: placed another kit in ya car
20:21:27 : Direct: VoidYT: thankyou!
20:24:50 : Direct: [NHS Chief] Dr. Huberio: cant hear you
20:24:53 : Direct: [NHS Chief] Dr. Huberio: heli noice..
20:24:58 : Direct: [NHS Chief] Dr. Huberio: please lower your gun
20:25:05 : Direct: [NHS Chief] Dr. Huberio: i cant hear you..
20:25:09 : Direct: [NHS Chief] Dr. Huberio: TOO MUCH NOICE
20:25:15 : Direct: [NHS Chief] Dr. Huberio: Ok
20:25:44 : Direct: [NHS Chief] Dr. Huberio: goto my heli to heal up
20:25:50 : Direct: [NHS Chief] Dr. Huberio: oh finnely got you.
20:27:50 : Direct: [Lt] Tango: bobs
20:27:52 : Direct: [Lt] Tango: is that you?
20:28:09 : Direct: [Lt] Tango: lol
20:28:12 : Direct: [Lt] Tango: i can take guns xD
20:30:27 : Direct: [NHS Chief] Dr. Huberio: crashed car 50m
20:30:29 : Direct: [NHS Chief] Dr. Huberio: near kav
20:30:34 : Direct: [NHS Chief] Dr. Huberio: 50m from here
20:30:59 : Direct: VoidYT: OMG
20:31:02 : Direct: VoidYT: SO SORRY
20:31:05 : Direct: VoidYT: I DIDN'T MEAN TO HIT
20:33:38 : Direct: [Lt] Tango: Hello Mr dunis
20:37:39 : Direct: A3aN: are u the skill; guy haha
20:38:07 : Direct: A3aN: how do u jump??
20:38:41 : Direct: Balder: ALT F4
20:54:26 : Direct: SwiftWarlock: hello
20:54:44 : Direct: Sgt. Paul Jackson: waiting for vehicle to despawn
20:56:14 : Direct: [Pvt] Kryptic: Outside our cp ffs look at map
21:11:40 : Direct: Sgt. Paul Jackson: yesssss
21:11:43 : Direct: SwiftWarlock: can you move?
21:11:52 : Direct: Sgt. Paul Jackson: was trying to and you cock blocked me
21:11:52 : Direct: SwiftWarlock: you know is your right?
21:12:09 : Direct: SwiftWarlock: dont call me cock
21:12:20 : Direct: Sgt. Paul Jackson: dont be a dick in a green zone pls
21:12:26 : Direct: SwiftWarlock: i have a fucking gun in my hands
21:12:31 : Direct: Sgt. Paul Jackson: and?
21:12:35 : Direct: SwiftWarlock: i dont give a fuck
21:13:02 : Direct: SwiftWarlock: locked....
21:13:07 : Direct: SwiftWarlock: ok
21:13:45 : Direct: SwiftWarlock: out
21:13:49 : Direct: Sgt. Paul Jackson: why
21:14:14 : Direct: SwiftWarlock: youre that dumb?
21:14:25 : Direct: Sgt. Paul Jackson: are you an idiot?
21:14:28 : Direct: SwiftWarlock: Lonewolf is my friend
21:14:39 : Direct: Sgt. Paul Jackson: so its ok for you to break the rules?
21:14:49 : Direct: SwiftWarlock: you did the same thing
21:14:55 : Direct: Sgt. Paul Jackson: when?
21:15:04 : Direct: Sgt. Paul Jackson: you robbed that guy in a green zone the last time
21:19:55 : Group: Black Bob: a
21:21:02 : Group: [Pvt] ANGeR: d
21:26:21 : Direct: [NHS S.F.O.]Dan: There you go sir
21:26:57 : Direct: [APD] PC. Felix: can't you hear me?
21:27:08 : Direct: [NHS S.F.O.]Dan: no :/
21:27:21 : Direct: [APD] PC. Felix: kay well thanks anyway
21:27:33 : Direct: [NHS S.F.O.]Dan: What do you need?
21:28:19 : Direct: [APD] PC. Felix: do you see my gun by any chance?
21:28:28 : Direct: [NHS S.F.O.]Dan: No i dont think sir
21:28:40 : Direct: [APD] PC. Felix: Okay well thanks! 
21:28:45 : Direct: [NHS S.F.O.]Dan: np xD
21:49:43 : Group: [NHS]Spammking: ross we are not aloud at the helicopter crashes
21:52:47 : Direct: VoidYT: Bob's, We doing this drug run anytime soon?????
21:52:49 : Direct: VoidYT: ^^^^^^^^^^
21:52:51 : Direct: VoidYT: ^^^^^^^^^^^^^^^^^^
21:52:54 : Direct: VoidYT: ^^^^^^^^^^^^^^^^^^^^^^^^^^^^^^^^^^^^^^
21:52:57 : Direct: VoidYT: ^^^^^^^^^^^^^^^^^^^^^^^^^^^^^^^^^^^^^^^^^^^^^^^^^^^^^^^
21:55:10 : Direct: (BIH) DerRivE: go bro >D
21:55:14 : Direct: (BIH) DerRivE: 3
21:55:17 : Direct: (BIH) DerRivE: 3
21:58:04 : Direct: [APD] Supt. Martyr: Were you speeding into kavala two minutes ago?
21:58:17 : Direct: [APD] Supt. Martyr: Just be a bit more careful with your speeds please, I will go check kore out
21:58:19 : Direct: Almin: Me?
21:58:22 : Direct: Almin: no
21:58:29 : Direct: Almin: i was driving 40 km/t
21:59:08 : Direct: [APD] Supt. Martyr: Emergency sorry
21:59:09 : Direct: [APD] Supt. Martyr: thank you
22:03:28 : Direct: Joschi: ???
22:03:37 : Direct: Joschi: i killed nobody
22:04:10 : Direct: White Bob: repair and leave
22:04:27 : Direct: White Bob: repair and leave
22:04:51 : Direct: Joschi: i dont drive fast :)
22:05:41 : Direct: Joschi: thx
22:05:51 : Direct: [HATO]Paddy.D: np
22:13:31 : Group: [B.K.G]  Pablo Escabar: /voteday
22:15:55 : Direct: [NHS] Ross: /
22:16:52 : Direct: White Bob: REPAIR PLZ
22:18:02 : Group: [NHS]Spammking: thats fine
22:20:02 : Direct: [HATO]HussyPunter: worked?
22:24:16 : Direct: [APD] Supt. Martyr: wait torevive please
22:24:26 : Direct: [APD] Supt. Martyr: Hi medic
22:24:33 : Direct: Dan: IM BLEEDING
22:24:33 : Direct: [APD] Supt. Martyr: these guys were doing illegal goods
22:24:38 : Direct: Dan: BULLSHIT
22:24:44 : Direct: [APD] Supt. Martyr: they aren't to be revived yet until the situation is over please
22:24:54 : Direct: [APD] Supt. Martyr: yes sir
22:25:04 : Direct: Dan: Officer let them revive us then we will talk  to you
22:25:12 : Direct: [APD] Supt. Martyr: it's up to you, if you are needed elsewhere you can deal with that if you want
22:25:17 : Direct: [APD] Supt. Martyr: or if you can repair this tempest
22:25:24 : Direct: [APD] Supt. Martyr: I can drive off and you can revive
22:26:08 : Group: [APD] Supt. MrDunis: You need help?
22:26:16 : Direct: [APD] Supt. Martyr: ok sir, you can revive now
22:27:36 : Direct: [APD] Supt. Martyr: Sorry sir
22:27:42 : Direct: [APD] Supt. Martyr: nah
22:27:58 : Direct: [APD] Chief. Stalks: thank you sir, i must dash tho! I was revived in the air
22:28:01 : Direct: [APD] Chief. Stalks:  /kisses and hugs
22:28:04 : Direct: [APD] Chief. Stalks: stay safe!
22:29:46 : Direct: [HATO]HussyPunter: fuck you this going to impound
22:31:52 : Group: [B.K.G]  Pablo Escabar: !upt
22:31:53 : Direct: (BIH) DerRivE: ti is breking rolls
22:31:57 : Direct: (BIH) DerRivE: shiting on me
22:32:08 : Direct: (BIH) DerRivE: he shot on me
22:32:10 : Direct: (BIH) DerRivE: help
22:35:28 : Direct: (BIH) DerRivE: nice brekling roool
22:35:32 : Direct: (BIH) DerRivE: i will report you 
22:36:10 : Direct: [NHS] Ross: HOW AM I BREAKING RULLES?
22:49:33 : Direct: FyXel: move your car
22:49:59 : Direct: Jakob: owen please move your car
22:50:11 : Direct: Jakob: press U once
22:52:41 : Direct: [APD] Supt. Martyr: Thank you
22:52:44 : Direct: [APD] Supt. Martyr: for cooperation
22:55:30 : Direct: [HATO]HussyPunter: shit
22:55:44 : Direct: [HATO]HussyPunter: sorry was in map
22:55:49 : Direct: [HATO]HussyPunter: we are not
22:57:43 : Direct: [NHS Chief] Dr. Huberio: Noooope
22:59:23 : Direct: [HATO]HussyPunter: what are you sauing?
22:59:25 : Direct: [HATO]HussyPunter: saying?
22:59:30 : Direct: [HATO]HussyPunter: how am i trolling?
23:03:19 : Direct: Zelena: Take the toolkit
23:03:31 : Direct: Zelena: take the toolkit from my cart
23:06:43 : Group: [Pvt] Lazarus: ./day
23:07:03 : Direct: (BIH) DerRivE: vdm
23:07:09 : Direct: VoidYT: sorry
23:07:16 : Direct: VoidYT: accidentally tabbed out
23:15:23 : Direct: (BIH) DerRivE: lagging
23:15:26 : Direct: (BIH) DerRivE: fuck
23:17:00 : Direct: [Pvt] Connor.M: 226K
23:18:02 : Direct: Chullie: HE IS NOT WITH US
23:18:05 : Direct: VoidYT: who is it?
23:18:07 : Direct: Chullie: JUST IGNORE HIM
23:18:08 : Direct: VoidYT: Hello?
23:18:11 : Direct: Mob Barley: oH HEY
23:18:11 : Direct: VoidYT: APD?
23:18:14 : Direct: Mob Barley: hELLO
23:18:14 : Direct: VoidYT: Bobos?
23:18:16 : Direct: VoidYT: Yo
23:18:20 : Direct: Mob Barley: Was about to rob you haha
23:18:23 : Direct: VoidYT: I was looking for Dunis
23:18:27 : Direct: VoidYT: Got a 400k hit on him
23:18:28 : Direct: VoidYT: xD
23:18:28 : Direct: [Pvt] Connor.M: what drug r u selling?
23:18:29 : Direct: Mob Barley: Not me 
23:18:33 : Direct: Mob Barley: XD
23:18:37 : Direct: VoidYT: Saw you in strider thought it was APD
23:18:38 : Direct: Mob Barley: Have a good day
23:18:45 : Direct: VoidYT: You have any idea where he will be?
23:18:48 : Direct: VoidYT: ^^
23:18:58 : Direct: Mob Barley: No I don't sorry
23:19:01 : Direct: VoidYT: Crap
23:19:02 : Direct: VoidYT: TY anyway
23:19:24 : Direct: Zelena: yo
23:19:40 : Direct: Raymond: where u taking me
23:19:44 : Direct: Zelena: I need to get outa kavala to give you your gun
23:19:49 : Direct: Zelena: Im not gonna tell ye
23:19:54 : Direct: Zelena: cus i dunno
23:19:58 : Direct: Raymond: u are going to rob me
23:20:02 : Direct: Zelena: no
23:20:37 : Direct: Zelena: yo
23:20:50 : Group: [APD] Supt. MrDunis: Let teh first test begin
23:20:57 : Direct: Zelena: ye please
23:21:01 : Direct: Zelena: pretty k
23:21:16 : Group: [APD] Supt. MrDunis: great pass
23:21:26 : Group: [APD] Supt. MrDunis: let the second test begin
23:21:33 : Group: [APD] Chf Insp. Nolif: whichi is
23:21:47 : Group: [NHS]Spammking: yes
23:21:48 : Direct: Zelena: thank
23:21:56 : Group: [APD] Supt. MrDunis: daaa,m
23:22:05 : Direct: [NHS]Spammking: /
23:22:10 : Group: [APD] Supt. MrDunis: Thrid one you get to decide
23:22:14 : Vehicle: Zelena: lets rob a store
23:22:18 : Group: [APD] Chf Insp. Nolif: 8 powerlines
23:22:24 : Group: [APD] Supt. MrDunis: after you
23:22:25 : Vehicle: Raymond: oK
23:22:33 : Vehicle: Raymond: But a gun?
23:22:50 : Vehicle: Zelena: Ill rob it then
23:22:54 : Vehicle: Zelena: stay in the area with me though
23:23:03 : Vehicle: Raymond: But when can i get my gun
23:23:07 : Vehicle: Raymond: amd where?
23:23:13 : Vehicle: Zelena: after I know you deserve it
23:23:30 : Group: [APD] Chf Insp. Nolif: my keyboard fucked up xD
23:24:12 : Group: [APD] Chf Insp. Nolif: i win
23:24:22 : Group: [APD] Supt. MrDunis: Fucking tall grass
23:24:23 : Group: [APD] Supt. MrDunis:  tahts bs
23:24:28 : Group: [APD] Chf Insp. Nolif: ez win ez lyf
23:24:33 : Group: [APD] Supt. MrDunis: BS i win bitch
23:24:41 : Group: [APD] Supt. MrDunis: you fucked up after like the 4th time
23:24:48 : Group: [APD] Chf Insp. Nolif: its my keybaord
23:24:50 : Group: [APD] Supt. MrDunis: I almost finished and i got fucked by tall grass
23:25:04 : Group: [APD] Supt. MrDunis: yea and i blame tall grass x) Its not supposed to blow me up
23:25:17 : Group: [APD] Chf Insp. Nolif: lmad or bad
23:25:25 : Group: [APD] Supt. MrDunis: Fuck off
23:25:35 : Group: [APD] Supt. MrDunis: Let's fly throuh a fucking solar tower
23:30:14 : Group: [NHS Chief] Dr. Huberio: got jacob
23:31:08 : Direct: [APD] Supt. Martyr: I cannot hear you sorry the heli
23:31:19 : Direct: [NHS] Ross: go down
23:31:42 : Direct: [NHS Chief] Dr. Huberio: this is the best crash ever
23:31:47 : Direct: [APD] Supt. Martyr: FUCK
23:31:47 : Direct: Jakob: haha
23:31:48 : Direct: [NHS Chief] Dr. Huberio: xD
23:31:51 : Direct: [APD] Supt. Martyr: god damnit
23:32:15 : Direct: [NHS Chief] Dr. Huberio: the ' key
23:32:18 : Direct: [NHS Chief] Dr. Huberio: next to enter
23:32:22 : Direct: [APD] Supt. Martyr: My hand slipped
23:32:26 : Direct: [NHS Chief] Dr. Huberio: yea
23:32:30 : Direct: [NHS Chief] Dr. Huberio: the key next to it is sit down
23:32:42 : Direct: [NHS Chief] Dr. Huberio: shift V
23:32:43 : Direct: Zelena: Who stole my stuff
23:32:47 : Direct: [HATO]HussyPunter: need your heli
23:32:51 : Direct: [HATO]HussyPunter: unlock it
23:32:51 : Direct: [NHS Chief] Dr. Huberio: ;)
23:32:52 : Direct: [NHS Chief] Dr. Huberio: Good day
23:33:06 : Direct: Zelena: Who stole my stuff
23:33:35 : Direct: [APD] Supt. Martyr: Thank you veyr much for the assistance!
23:33:44 : Direct: [NHS] Ross: np xD
23:33:52 : Direct: [APD] Supt. Martyr: It's hard to hear with the heli sir, keep up the good work!
23:33:53 : Direct: [HATO]HussyPunter: i need this
23:33:54 : Direct: Zelena: WHO STOLE MY STUFF
23:33:57 : Direct: [HATO]HussyPunter: for mod duties
23:34:01 : Direct: [HATO]HussyPunter: dont crash into it
23:34:06 : Direct: [NHS] Ross: k have a good day xD
23:34:09 : Direct: [HATO]HussyPunter: seriosuly dont just get out
23:34:50 : Group: [NHS Chief] Dr. Huberio: got em_
23:35:39 : Direct: [NHS] Ross: medic revive me 4st plz
23:40:22 : Direct: [APD] Supt. Martyr: Hi Sir
23:40:26 : Direct: Zelena: I lost my uav
23:40:27 : Direct: [APD] Supt. Martyr: How are you?
23:40:31 : Direct: Zelena: Agry
23:40:34 : Direct: [APD] Supt. Martyr: Did the battery die whilst flying it?
23:40:34 : Direct: Zelena: Angry
23:40:42 : Direct: Zelena: No I couldn't fly it
23:40:51 : Direct: Zelena: cus u wer a duche n dint give me laptop
23:43:42 : Direct: [NHS Chief] Dr. Huberio: feliX
23:45:23 : Direct: [NHS Chief] Dr. Huberio: SURE
23:45:25 : Direct: [NHS Chief] Dr. Huberio: get in
23:45:33 : Group: [APD] Supt. MrDunis: Nick
23:45:36 : Group: [APD] Supt. MrDunis: check this out
23:45:44 : Group: [Pvt] Lazarus: ant should i provide an escort?
23:48:55 : Group: [NHS Chief] Dr. Huberio: im 4k from him
23:49:20 : Direct: Zelena: Martyr
23:49:27 : Direct: Zelena: I know your rank is secretly a bagel
23:49:40 : Direct: Zelena: you are a bagel rank
23:49:49 : Direct: Zelena: your rank is bagel
23:50:04 : Direct: Zelena: Superintendent bagel Martyr
23:50:11 : Direct: Zelena: I need money :>
23:51:17 : Vehicle: Zelena: Sir
23:51:22 : Vehicle: [APD] Supt. Martyr: Sir, please exit the vehicle
23:51:29 : Vehicle: Zelena: If i give you a donut
23:51:31 : Vehicle: Zelena: can we come
23:51:48 : Vehicle: [APD] Supt. Martyr: If you do not exit my vehicle I will have to ticket you both
23:51:52 : Vehicle: Zelena: Wow racism
23:52:08 : Direct: [APD] Supt. Martyr: Thank you sir, have a nice day!
23:52:21 : Group: [NHS Chief] Dr. Huberio: Dont go to the NPC mission area
23:58:04 : Group: [APD] Chf Insp. Nolif: stalks special delivery for you at weed
