00:00:15 : Direct: Torrance: okay
00:04:22 : Vehicle: [APD]Chf Insp. Eukanubae: lock and unlock by pressing U
00:05:54 : Direct: Torrance: great thanks
00:06:05 : Direct: Torrance: i'll go explore now
00:06:31 : Direct: Torrance: thanks
00:07:30 : Direct: Torrance: ok
00:12:53 : Group: [APD]Chf Insp. Eukanubae: Rip martyr ;)
00:44:50 : Direct: Torrance: HI
00:44:56 : Direct: Torrance: i broke it
00:46:31 : Direct: Torrance: i tried
00:46:34 : Direct: [APD]Chf Insp. Eukanubae: oh
00:46:35 : Direct: [APD]Chf Insp. Eukanubae: didnt work_
00:46:37 : Direct: [APD]Chf Insp. Eukanubae: +
00:46:40 : Direct: Torrance: but it was worth $0.00
00:46:44 : Direct: [APD]Chf Insp. Eukanubae: :o
00:46:53 : Direct: [APD]Chf Insp. Eukanubae: that needs to be changed. Thanks for figureing that out!
12:09:39 : Direct: Thomas: Want to roll
12:10:38 : Direct: Thomas: Nice decal
12:10:45 : Direct: Mob Barley: Cheers
12:10:50 : Direct: Mob Barley: Not doing much atm
12:10:56 : Direct: Thomas: I have a heli
12:10:56 : Direct: Mob Barley: see you around
12:11:03 : Direct: Thomas: We can do coke?
12:26:05 : Group: Richard Baelisch: HELLO
12:26:08 : Group: Richard Baelisch: BOYS
14:58:33 : Group: Richard Baelisch: Le Cake
14:58:38 : Group: Richard Baelisch: ;p
15:11:28 : Vehicle: Paddy.N: we are going copper
15:11:34 : Vehicle: Paddy.N: got a shit reward for that
15:11:44 : Vehicle: Paddy.D: what you get??
15:11:55 : Vehicle: Paddy.N: 223,000
15:31:14 : Direct: [APD]Chf Insp. Eukanubae: Location for help
15:32:39 : Group: Paddy.D: HI Dru :)
15:37:33 : Direct: Richard Baelisch: how
15:38:08 : Direct: Richard Baelisch: DO i GO TO JAIL NOW
15:38:23 : Direct: Richard Baelisch: what did I do
15:38:27 : Direct: Richard Baelisch: do I have much done ?
15:38:41 : Direct: [APD]Chf Insp. Eukanubae: 6 COUNTS of robbery.
15:38:48 : Direct: Richard Baelisch: OK
15:39:10 : Direct: Richard Baelisch: OK
15:39:14 : Direct: Richard Baelisch: LETS GO BOYSSSSS
15:39:20 : Direct: Richard Baelisch: RIDE FOR RAINBOWS
15:39:39 : Direct: Richard Baelisch: can u do it faster plz
15:39:44 : Vehicle: Richard Baelisch: 50 ???
15:39:49 : Vehicle: Richard Baelisch: or 15
15:41:11 : Vehicle: Richard Baelisch: PLZ FASTER
15:42:35 : Direct: General Tank: winner winner chicken dinner
15:42:50 : Direct: General Tank: indeed
15:43:27 : Direct: General Tank: thank you officer
15:46:32 : Direct: [APD]Chf Insp. Eukanubae: sorry
15:53:07 : Group: Thomas: Rich
15:54:04 : Group: VibZ: !vote  day
15:55:13 : Group: Thomas: Richard
16:03:47 : Direct: Alex(Wolf) [AFF]: vibz
16:03:49 : Direct: Alex(Wolf) [AFF]: Give me 300k
16:55:54 : Direct: [APD] Chief. Hamilton: REMOVE THEM NOW
17:03:16 : Group: [APD] SPC. Thorben: +
17:07:18 : Direct: [APD] Chief. Stalks: officer down!
17:07:20 : Direct: [APD] Chief. Stalks: cant move!
17:21:09 : Direct: Major Mint: chopper
17:24:10 : Direct: Paddy.D: thats a very nice tempest you have their ;p
17:39:55 : Direct: Richard Baelisch: DUDE
17:40:09 : Direct: Richard Baelisch: RETARD
17:46:18 : Direct: Rob: death will come
17:46:28 : Direct: [APD] SPC. Thorben: that it is a nice day
17:46:52 : Direct: [APD] SPC. Thorben: you mind if i chack your lincens and insurence
17:47:00 : Direct: [APD] SPC. Thorben: check*
17:47:37 : Direct: [APD] SPC. Thorben: have a nice day
17:47:44 : Direct: [APD] SPC. Thorben: and drive carefull
17:47:58 : Direct: [APD] SPC. Thorben: my plessure to serve the community
17:49:08 : Group: [APD] Chief. Stalks: dunis
17:49:24 : Group: [APD] Supt. MrDunis: yellooo
17:49:34 : Group: [APD] Chief. Stalks: sending moiney now
17:49:36 : Group: [APD] Chief. Stalks: money
17:49:44 : Group: [APD] Supt. MrDunis: awh thanks <3
17:49:57 : Group: [APD] Chief. Stalks: get it?
17:50:05 : Group: [APD] Supt. MrDunis: yea :D Thanks alot stalks
17:50:08 : Group: [APD] Chief. Stalks: enough?
17:50:14 : Group: [APD] Supt. MrDunis: Defiently! 
17:52:30 : Direct: [NHS] Connor Jeichi: .
18:00:28 : Direct: VibZ: OLE
18:00:43 : Direct: VibZ: yo rob wanna buy yourself
18:04:48 : Direct: Flames: No tango
18:05:07 : Direct: Tango: we are not hostile
18:05:23 : Direct: Blurr: OH I KNIOW
18:09:57 : Direct: [NHS]Dan: U good man?
18:11:38 : Group: [APD] Supt. MrDunis: Dunis & Nifo are doing air support in a Hellcat. If you need eyes just message us
18:14:38 : Direct: Flames: You done dru?
18:14:47 : Direct: General Tank: no mate
18:14:54 : Direct: Flames: need fuel?
18:15:09 : Direct: General Tank: no good on fuel
18:15:59 : Group: [APD] SPC. Thorben: YES HE RIEVED ;E
18:16:13 : Group: [APD] SPC. Thorben: /
18:17:02 : Direct: Flames: Im almost done
18:22:26 : Group: [APD] SPC. Thorben: /
18:27:40 : Direct: Masked Robber: OOC this is a safezone man
18:27:54 : Direct: [APD] PCSO. James Skye: ooc its allowed
18:28:02 : Direct: Masked Robber: ooc since when?
18:28:05 : Direct: [APD] PCSO. James Skye: ooc it doesnt mean your safe from the law
18:28:11 : Direct: [APD] PCSO. James Skye: ooc it always has been
18:28:27 : Direct: Masked Robber: ooc i was told cops cant come here or rebel outpost
18:28:51 : Direct: [APD] PCSO. James Skye: ooc well im sorry who ever told you that was wrong, i just asked chief of police
18:35:56 : Direct: Flames: I got 100 left to do
18:38:03 : Group: [NHS] Connor Jeichi: Sorry bud
18:38:52 : Direct: Flames: Im ready
18:39:11 : Group: [APD] Sgt. NickB: interesting 
18:41:14 : Group: [APD] PC. Crumpet: Taking shots at kavala CP
18:41:20 : Group: [APD] PC. Crumpet: backup pls
18:41:21 : Group: [APD] Cadet. BookerDewit: Taking shots at kavla checkpoint
18:41:40 : Group: [APD]Chf Insp. Eukanubae: MARK LOC
18:42:37 : Group: [APD] PC. Crumpet: West hill
18:42:57 : Group: Mike: I'm at Kavala Gang Hideout, shooting police, could use backup
18:43:30 : Group: [APD] Sgt. fatruff3: where are the shooters?
18:43:36 : Group: [APD]Chf Insp. Eukanubae: mIKE
18:43:38 : Group: [APD]Chf Insp. Eukanubae: Mike
18:43:50 : Group: General Beast: Alright konan coming in
18:45:20 : Direct: walnut: hello
18:45:59 : Group: [APD] Cadet. BookerDewit: AFF HUNTER HERE
18:47:47 : Direct: Ole: HI
18:48:06 : Direct: walnut: hahaha
18:48:09 : Direct: walnut: cheapest
18:48:19 : Direct: walnut: and with best camo XD
18:48:34 : Direct: walnut: gonna get me a gun  now
18:48:47 : Direct: walnut: self defence
18:49:05 : Direct: walnut: ya man
18:49:09 : Group: Flames: oone at dealer
18:49:21 : Direct: walnut: yes lol
18:49:29 : Direct: walnut: well im gonna get me a gun now 
18:49:34 : Direct: walnut: cya leter :P
18:51:24 : Group: [APD] SPC. Thorben: =
18:51:51 : Direct: [APD] SPC. Thorben: I SAW YOU SWERVING ON THE ROAD
18:52:17 : Direct: [APD] SPC. Thorben: i wanne check if you didnt drink anything
18:52:18 : Direct: General Tank: sory officer was doing admin work lack of concentration
18:52:25 : Direct: General Tank: thats fine
18:52:46 : Direct: General Tank: there are criminals at salt trader shooting 
18:53:03 : Direct: General Tank: thats why i was swerving i was speaking to the convoy
18:53:30 : Direct: [APD] SPC. Thorben: you mind if i run a quick check on your insurand and driving licence?
18:53:39 : Direct: General Tank: go ahead
18:55:02 : Direct: [APD] SPC. Thorben: everything seems to be in order tnx for your cooperation
18:55:13 : Direct: General Tank: no problem officer
18:57:48 : Direct: Konan: lol 
18:57:50 : Direct: Konan: right
18:57:53 : Direct: Mike: :D
18:58:22 : Direct: Konan: what you in for
18:58:30 : Direct: Mike: Killing 5 cops without mercy
18:58:34 : Direct: Mike: you?
18:59:25 : Direct: Konan: they lsot a heli and i got tazerd
18:59:42 : Direct: Mike: Gonna mention about removing flash bangs, they're too OP. open field, I was surrounded and still they flash me, I'm blind for like 30 seconds, they
18:59:51 : Direct: Mike: run up to me taze me and arrest me, some bs really
19:00:13 : Direct: Mike: no indication a flash bang was thrown
19:00:20 : Direct: Konan: lol 
19:00:24 : Direct: Konan: yea flashbang is insane
19:06:08 : Direct: Lucas Goldfish: can u here me?
19:06:13 : Direct: [NHS]Dan: no
19:07:41 : Direct: [APD] PC. Crumpet: Where
19:07:42 : Direct: [APD] PC. Crumpet: ?
19:09:21 : Direct: [NHS] Connor Jeichi: gamepointeu.co.uk
19:14:25 : Group: [APD] Insp. Martyr: fuck
19:14:58 : Group: [APD] Insp. Martyr: just bought a fucking 330k navid loadout instead of a 20k rahim one -.-
19:15:06 : Group: [APD]Chf Insp. Eukanubae: xD
19:15:12 : Group: [APD] Chief. Hamilton: OP Martyr
19:15:32 : Group: [APD] Insp. Martyr: Anyone want ot buy a navida+ammo, 150k? :P
19:16:17 : Direct: Ole: Whats ur name?
19:16:32 : Group: [APD] Insp. Martyr: Does missclick count as a valid comp request?
19:16:41 : Group: [APD]Chf Insp. Eukanubae: Tes
19:16:42 : Group: [APD] Chief. Hamilton: il lgive you 200k
19:16:43 : Group: [APD]Chf Insp. Eukanubae: Yes
19:16:44 : Group: [APD] Sgt. fatruff3: YES
19:16:52 : Group: [APD] Chief. Hamilton: 300k*
19:16:55 : Group: [APD] Insp. Martyr: nah dw
19:17:01 : Group: [APD] Insp. Martyr: I messed up, does anyone want the navid?
19:17:07 : Group: [APD] Sgt. NickB: feel free to give me 300k <3
19:17:24 : Group: [APD] Insp. Martyr: if someone wants the navid  (lmg) come kavala hq
19:17:48 : Group: [APD]Chf Insp. Eukanubae: Nick check
19:17:51 : Group: [APD]Chf Insp. Eukanubae: federal doors
19:17:56 : Group: [APD]Chf Insp. Eukanubae: Animals can open them.
19:17:57 : Group: [APD] Insp. Martyr: Noone wants?
19:18:04 : Group: [APD]Chf Insp. Eukanubae: And shoot any rabit near the doors. :)
19:18:32 : Vehicle: [APD] SPC. Thorben: SOFIA
19:20:04 : Direct: Ole: free candy
19:20:30 : Direct: Ole: here
19:20:33 : Direct: Ole: yes
19:20:54 : Direct: Ole: free candy
19:21:06 : Direct: Ole: free
19:21:12 : Direct: Ole: free candy
19:21:31 : Direct: Ole: free candy
19:21:44 : Direct: Ole: candy!!
19:21:46 : Direct: Ole: in the suv
19:22:13 : Group: [APD]Chf Insp. Eukanubae: Nick check federal doors please, rabbits and snakes can open them.
19:22:15 : Direct: Ole: free candy
19:22:18 : Group: [APD]Chf Insp. Eukanubae: Also kill the rabbits in there
19:22:25 : Direct: Ole: candy
19:22:46 : Group: [APD] Sgt. NickB: alright
19:23:51 : Group: [APD] Chief. Hamilton: all avaliable officers AFF at heorin processing
19:23:54 : Group: [APD] Chief. Hamilton: respond
19:24:00 : Group: [APD]Chf Insp. Eukanubae: normal process?
19:24:06 : Group: [APD] Chief. Hamilton: yes
19:24:26 : Group: [APD]Chf Insp. Eukanubae: responding
19:38:24 : Group: [APD] Chief. Hamilton: ALL YOU GUYS IN KAVALA GO TO DRUG DEALER NOW
19:39:18 : Group: [APD] Chief. Hamilton: BOOKER GO TO DRUG DEALER
19:39:29 : Group: [APD] Cadet. BookerDewit: 1 SECOND
19:39:39 : Group: [APD] Sgt. NickB: this is more important
19:42:03 : Group: Alex(Wolf) [AFF]: Dru they tried to make me pay for the foking tempest
19:42:16 : Group: Alex(Wolf) [AFF]: Like I would pay for the hellcat.
19:42:37 : Group: Flames: HAHAHAHAHAHAHAHAHAH
19:42:37 : Group: Tango: fuck off u french cunt
19:42:49 : Group: Flames: why did you kill drus tempest?
19:44:31 : Group: Black Bob: /voet day
19:44:38 : Group: Black Bob: /vote day
20:01:06 : Direct: NahNotYou: get in my friend
20:01:15 : Direct: NahNotYou: get in my friend
20:11:36 : Group: [APD] Cadet. BookerDewit: anyone responding to that>
20:13:49 : Group: [APD] Cadet. BookerDewit: Be advised 3 gunman at athira 1 restrained
20:23:37 : Group: [APD] Cadet. BookerDewit: Be advised 3 gunman where in a stolen Police SUV and had killed me 1
20:24:51 : Vehicle: White Bob: you wanna be a hostage brother
20:27:23 : Vehicle: White Bob: you want money man?
20:27:56 : Vehicle: Daxter Lacroix: No, I just want learn english with you :)
20:28:24 : Vehicle: Daxter Lacroix: Civilians are so agressive with me, but you, you don't are agressive 
20:28:34 : Vehicle: Daxter Lacroix: whyhy ?
20:28:48 : Vehicle: Daxter Lacroix: Why ? *
20:29:09 : Vehicle: White Bob: we got big guns we only shoot cops we protect civs
20:29:38 : Vehicle: Daxter Lacroix: Ok, you are the "Policeman" ?
20:29:49 : Vehicle: White Bob: no brother i am the law
20:29:56 : Vehicle: Daxter Lacroix: law ?
20:30:06 : Vehicle: Daxter Lacroix: In french ?
20:30:14 : Group: [APD] Chief. Stalks: nickb, i hope your not camping the drug dealer
20:30:28 : Group: General Tank: capture the hideout if you haven't
20:30:33 : Vehicle: White Bob: i dont speak french man its like the ruels police man puts down
20:30:37 : Group: Tango: doing it now babe
20:30:37 : Group: Mike: Already on it 40%
20:30:42 : Vehicle: Daxter Lacroix: Ok !
20:30:58 : Group: General Tank: roger
20:31:11 : Direct: White Bob: in the back stan
20:31:18 : Direct: White Bob: load up man
20:31:35 : Vehicle: White Bob: i take your coms you cant contact anyone
20:34:05 : Direct: Thomas: /vote banl
20:35:19 : Direct: Tango: get out he vehicle
20:35:26 : Direct: White Bob: WE HAVE HOSTAGES
20:35:28 : Direct: Tango: if you dont get out the vehicle we will kill you
20:35:38 : Direct: Stan Lee: help#
20:35:41 : Direct: Tango: get out or we will kill you
20:35:42 : Direct: White Bob: we have to hostages
20:35:43 : Direct: Stan Lee: im being held hostage
20:35:44 : Direct: Black Bob: HELP ME!!
20:35:46 : Direct: White Bob: we will kill them
20:35:52 : Direct: Stan Lee: HELP
20:35:52 : Direct: Tango: why shouldi care?
20:35:53 : Direct: Stan Lee: ME
20:36:00 : Direct: Black Bob: Leave or we will kill you
20:36:01 : Direct: Tango: get out or we will kill you
20:36:03 : Direct: Stan Lee: YOU  SHOULD FUCKING CARE YOU BIG STROKEY NONCE
20:36:05 : Direct: White Bob: ooc aff protect civs rigth?
20:36:07 : Direct: Stan Lee: I AM DIMITRI PAYET
20:36:10 : Direct: Stan Lee: I NEED SAVING
20:36:28 : Direct: Stan Lee: SAVE DIMITRI
20:36:34 : Direct: Stan Lee: SAVE ME
20:39:31 : Group: [APD] Cadet. BookerDewit: Be advised sniper near mikes gas station, not on it, near
20:39:36 : Group: [APD] Cadet. BookerDewit: just been killed
20:39:48 : Group: [APD] Cadet. BookerDewit: shots came from North
20:40:09 : Group: [APD] Cadet. BookerDewit: you should see a parked SUV and  Crashed Medic SUV
20:41:38 : Direct: Flames: No revives
20:41:45 : Direct: [NHS]Dan: Why?
20:41:51 : Direct: Flames: Because i said so
20:42:42 : Direct: Flames: pro medic inferno
20:42:51 : Direct: [NHS Co-Chief] Inferno: this prick flipped the car
20:43:23 : Direct: Flames: NO REVIVES
20:43:45 : Direct: Flames: NO REVIVES
20:43:49 : Direct: Flames: FUCKING LISTEN
20:47:04 : Direct: Flames: GOT A TOOLKIT?
20:47:17 : Direct: Stan Lee: someone get me up
20:47:19 : Direct: Stan Lee: im dieing here
20:52:57 : Group: [APD] Supt. MrDunis: Dunis & Nifo will be doing air patrol. If eyes are needed we will be coming over with a hellcat
20:54:35 : Direct: Flames: LEAVE
21:02:38 : Direct: Flames: KILL ME
21:02:43 : Direct: Flames: KILL ME
21:02:46 : Direct: Flames: END MY LIFE
21:02:49 : Direct: Flames: SHOOT ME
21:06:27 : Group: [APD] Supt. MrDunis: Dunis & Nifo are back in the hellcat. If eyes are needed give us a shout :)
21:06:35 : Group: [APD]Chf Insp. Eukanubae: roger
21:09:01 : Vehicle: Richard Baelisch: btw
21:09:04 : Vehicle: Richard Baelisch: gang invite ?
21:09:39 : Vehicle: Ronan: hey guys
21:10:01 : Vehicle: Richard Baelisch: HALLO
21:14:20 : Group: [APD] Chief. Stalks: vault is usually empty when server first restarts
21:14:35 : Group: Flames: Where the fuck are you shits?
21:14:39 : Group: [APD] SPC. Nick Nolif: Stalks don't ruin the fun for us xD
21:14:50 : Group: [APD] Chief. Hamilton: yeah piss off stalks!!!
21:14:59 : Group: [APD] Chief. Stalks: my guess would be its a bait so they can process drugs :p
21:15:19 : Group: [APD] SPC. Nick Nolif: server just restarted if they want to get at the processor already they have ferrari's
21:19:10 : Group: Flames: 50% on door
21:20:55 : Direct: Flames: 10 mins
21:24:45 : Direct: [APD] Chief. Hamilton: MEDIC
21:24:47 : Direct: [APD] Chief. Hamilton: GET OUT OF HERE
21:26:30 : Group: [APD] Chief. Hamilton: DEFUSING CHARGE
21:28:59 : Vehicle: Ronan: IM SORRY AND I WONT DO IT AGAIN
21:29:12 : Vehicle: Ronan: i didnt mean caps
21:29:28 : Direct: Thomas: Damn, effective use of le flashbang there
21:29:31 : Vehicle: Ronan: so... how are you?
21:30:02 : Vehicle: Ronan: good... until i was forced to rob the federal reserve
21:30:13 : Vehicle: Ronan: thomas...
21:30:26 : Vehicle: Ronan: he said he'd kill my family 
21:30:31 : Vehicle: Ronan: i have kids mam
21:30:45 : Vehicle: Ronan: i had no chice
21:31:39 : Direct: [NHS] VibZ: NEED ASSISTANCE SIR
21:31:51 : Direct: [NHS] VibZ: TYPE
21:32:49 : Vehicle: Thomas: my bad
21:33:08 : Vehicle: Thomas: ok dokes
21:33:13 : Vehicle: Thomas: nope
21:35:07 : Vehicle: Thomas: gg
21:35:10 : Vehicle: Thomas: gg
21:35:21 : Vehicle: Thomas: ahhhh
21:37:09 : Direct: [NHS S.F.O.]Dan: sgt pankakes can u repair my car
21:37:24 : Direct: [NHS S.F.O.]Dan: ty
21:37:49 : Group: [NHS]Paddy.D: hi dru and other admins :)
21:40:59 : Group: Jonas Miller: niudafhnfidua
21:49:55 : Group: [APD] Supt. MrDunis: Nifo & Dunis doing air again. Shout if eyes is needed
21:52:37 : Group: [APD] Chief. Hamilton: AFF doing weed im pretty sure
21:52:45 : Group: [APD] Chief. Hamilton: need cops to come to processing to ambush
21:52:53 : Group: [APD] Supt. MrDunis: Hellcat coming over to get eyes
21:53:04 : Group: [APD] Chief. Hamilton: dont get spotted
21:53:05 : Group: [APD] Mst Sgt. Pancakes: Heading there now Ham
21:53:33 : Group: [APD] Supt. MrDunis: Processing or dealer?
21:53:44 : Group: [APD] Chief. Hamilton: processing
21:56:48 : Group: [APD] Supt. MrDunis: Hamilton how is the vision on us?
21:57:12 : Group: [APD] Chief. Hamilton: your hidden, nice job
21:57:22 : Group: [APD] SPC. Nick Nolif: you're
21:57:27 : Group: [APD] SPC. Nick Nolif: sorry
21:57:28 : Group: [APD] Supt. MrDunis: great ;) I can see pretty far from here so i will tell you when they are inbound
21:57:30 : Group: [APD] SPC. Randall: can still hear you though
21:57:36 : Group: [APD] Supt. MrDunis: really?
21:57:42 : Group: [APD] SPC. Randall: yes
21:57:46 : Group: [APD] Supt. MrDunis: damn alright
21:57:48 : Group: [APD] SPC. Nick Nolif: tell us when it stops
21:57:52 : Group: [APD] Supt. MrDunis: going further back and higher
21:57:59 : Group: [APD] Mst Sgt. Pancakes: I can't hear
21:58:03 : Group: [APD] SPC. Randall: actually apologies it was fatruff who i could hear
21:58:07 : Direct: Kalem: do you want to suck ma cock?
21:58:07 : Group: [APD] Supt. MrDunis: lol
21:58:26 : Direct: Lukas Finzel: FUCK RUSSIANS
21:58:28 : Group: [APD] Mst Sgt. Pancakes: Hey Dunis how do I look? :)
21:58:46 : Group: [APD] Supt. MrDunis: Well hidden. Except for your car :P
21:58:55 : Group: [APD]Chf Insp. Eukanubae: Like a million dollars.
21:59:00 : Group: [APD] Mst Sgt. Pancakes: haha, they can't see it, other side of the hill
21:59:07 : Group: [APD] Supt. MrDunis: Fair enough
21:59:28 : Group: [APD] Supt. MrDunis: Orca flying by Therisa
22:00:00 : Group: [APD] SPC. Nick Nolif: lost eyes on orca
22:00:22 : Group: [APD] SPC. Nick Nolif: coming back over pancakes
22:00:27 : Group: [APD] SPC. Nick Nolif: might've spotted your car pancakes
22:02:22 : Group: [APD] Supt. MrDunis: loosing eyes for a second
22:02:31 : Direct: White Bob: ye
22:02:42 : Direct: White Bob: wanna give me some?
22:02:49 : Direct: White Bob: ok np
22:02:56 : Direct: White Bob: follow me
22:03:31 : Direct: White Bob: get on your knees officer
22:03:42 : Direct: White Bob: any last words?
22:03:45 : Direct: White Bob: wow
22:03:48 : Direct: White Bob: fuck
22:03:50 : Direct: White Bob: lol
22:05:34 : Group: [APD] Supt. MrDunis: We got eyes on James. Will be notifying if something happens to him
22:05:58 : Group: [APD] Supt. MrDunis: Orca heading towards you guys now
22:06:09 : Group: [APD] Chief. Hamilton: we are stormign the island
22:06:21 : Group: [APD] Supt. MrDunis: We will be your eyes in the sky :)
22:06:36 : Group: [APD] Supt. MrDunis: My pilot is brb tho so we will catch up in a moment
22:06:45 : Group: [APD] Sgt. fatruff3: im over it right now
22:08:36 : Group: [APD] Supt. MrDunis: Vehicle on the way to boarder
22:08:39 : Group: [APD] Supt. MrDunis: Careful hammy
22:09:02 : Group: [APD] SPC. Nick Nolif: strider
22:09:12 : Group: [APD] Supt. MrDunis: Strider approching you
22:09:12 : Group: [APD] Mst Sgt. Pancakes: Strider our pos!
22:09:14 : Direct: [APD]Chf Insp. Eukanubae: TY!
22:09:24 : Group: [APD] Mst Sgt. Pancakes: Headed past 
22:09:29 : Group: [APD] Mst Sgt. Pancakes: On rout to drug dealer
22:11:40 : Direct: Richard Baelisch: /vote day
22:11:44 : Direct: Richard Baelisch: ??
22:11:58 : Group: [APD] Supt. MrDunis: Road up a head looks clear Hamilton
22:12:24 : Group: [APD] Supt. MrDunis: Truck on your right going down the mountain
22:12:25 : Direct: Lukas Finzel: GET IN IF U WANT
22:12:29 : Group: [APD] Supt. MrDunis: i assume fatruff is keeping eyes on it
22:12:30 : Direct: Lukas Finzel: ill help ya
22:12:33 : Direct: Lukas Finzel: ye
22:12:36 : Direct: Lukas Finzel: need to go to my house
22:12:39 : Direct: Lukas Finzel: to get toolkit
22:12:40 : Group: [APD] Supt. MrDunis: A bit more right hamilton
22:12:40 : Group: [APD] Sgt. fatruff3: yah
22:12:48 : Direct: Lukas Finzel: Come with ,me
22:13:25 : Direct: Lukas Finzel: Why arent u coming in?
22:13:30 : Direct: Lukas Finzel: Maybe  youll leave
22:13:35 : Direct: Lukas Finzel: And i come for nothing
22:13:38 : Direct: Lukas Finzel: What u need?
22:13:43 : Direct: Lukas Finzel: talki n chat
22:13:49 : Direct: Lukas Finzel: press U
22:13:56 : Direct: Kirby O'Connor: HELLO
22:13:58 : Direct: Kirby O'Connor: HOW R U
22:14:00 : Direct: Lukas Finzel: Yo
22:14:02 : Direct: Lukas Finzel: good 
22:14:03 : Direct: Lukas Finzel: u
22:14:04 : Group: [APD] Supt. MrDunis: Orca coming back
22:14:05 : Direct: Kirby O'Connor: MY NAME IS KIRBY
22:14:06 : Direct: Kirby O'Connor: WHAT IS URS
22:14:09 : Direct: Lukas Finzel: Lukas
22:14:12 : Direct: Lukas Finzel: Wanna hang out?
22:14:14 : Direct: Kirby O'Connor: OK LUKAS
22:14:34 : Direct: Lukas Finzel: wanna join me?
22:15:08 : Direct: General Beast: WHAT?
22:15:49 : Group: [APD] Supt. MrDunis: Did fatruff crash?
22:15:54 : Group: [APD] SPC. Randall: shot down
22:15:59 : Group: [APD] Supt. MrDunis: Oh god
22:16:01 : Group: [APD] SPC. Randall: anti air
22:16:05 : Group: [APD] Supt. MrDunis: We are going higher up the
22:16:10 : Group: [APD] SPC. Randall: good idea
22:16:43 : Group: [APD] Supt. MrDunis: Strider heading towards you guys from border
22:16:44 : Group: [APD] Supt. MrDunis: with the orca
22:16:57 : Group: [APD] Supt. MrDunis: Actually strider going away lost eyes
22:17:48 : Group: [APD] Supt. MrDunis: Hunter coming towars you
22:18:03 : Group: [APD] Supt. MrDunis: trider up ahead
22:18:04 : Group: [APD] Supt. MrDunis: man outside of it
22:18:06 : Group: [APD] Supt. MrDunis: on the road
22:18:07 : Group: Flames: me flyng#
22:19:35 : Vehicle: General Beast: nice vehicle glitch
22:19:39 : Vehicle: General Beast: repair one
22:19:43 : Group: Flames: hamilton
22:19:55 : Vehicle: [APD] Chief. Hamilton: ironic you mention it
22:20:20 : Direct: [APD] Sgt. fatruff3: go through
22:20:20 : Direct: White Bob: dont act like you werent impresed officer
22:20:30 : Direct: White Bob: i am the flying bob man
22:20:33 : Direct: [APD] Sgt. fatruff3: your free to go
22:20:39 : Direct: [APD] Sgt. fatruff3: hemmet dudes
22:20:52 : Direct: White Bob: ok officer
22:21:10 : Direct: White Bob: this is dimiscration officer
22:21:17 : Direct: White Bob: its cause im white
22:21:33 : Direct: White Bob: i want your badge number
22:21:55 : Direct: White Bob: 000001
22:21:58 : Vehicle: [NHS] F.O Kirby O'Connor: suicide bomb inferno
22:22:02 : Direct: White Bob: got it im reporting you 
22:22:11 : Direct: White Bob: 000001 acd
22:22:36 : Direct: Thomas: Ok no
22:22:39 : Direct: Thomas: We can kill him now
22:23:04 : Direct: [NHS Co-Chief] Inferno: we need medics so just let it slide, your in chaarge of them though if they fuck about let me know and there gone
22:23:09 : Direct: White Bob: OI
22:23:20 : Direct: White Bob: PEOPLE ARE TTYING TO SLEEP
22:23:21 : Direct: [NHS F.O] Connor Jeichi: Alright. <3
22:23:26 : Direct: [NHS Co-Chief] Inferno: Yeah
22:23:33 : Direct: [NHS F.O] Connor Jeichi: Why did you copy mine?
22:23:33 : Direct: [NHS Co-Chief] Inferno: You can both be field specialists
22:23:38 : Direct: [NHS Co-Chief] Inferno: they wil report to you both
22:23:50 : Direct: White Bob: it looks sore
22:23:52 : Direct: [NHS. FO] Ryan Jeichi: thank you man :)
22:24:02 : Direct: [NHS F.O] Connor Jeichi: Like I love Bibbs but hes a little meh when with Ash
22:24:07 : Direct: [NHS Co-Chief] Inferno: I agree
22:24:16 : Direct: White Bob: you want some medical majijuana
22:24:16 : Direct: [APD] Chief. Hamilton: a
22:24:20 : Direct: [NHS Co-Chief] Inferno: So yeah, keep an eye on them and if they dontlisten to you let me know
22:24:28 : Direct: [NHS Co-Chief] Inferno: I'd prob joinanother channel if iwas yous 
22:24:38 : Direct: [NHS F.O] Connor Jeichi: XD
22:24:50 : Direct: White Bob: officer i am placing you under citisens arrest for having a illegal firearm
22:26:38 : Group: [NHS F.O] Connor Jeichi: Me and Ryan will manage Kavala and Highway north of Kavala you lot can do heli stuff
22:36:19 : Direct: Kalem: WTF 
22:40:52 : Group: [NHS F.O] Connor Jeichi: Why Ash wants wrong mate?
22:41:20 : Group: [NHS F.O] Connor Jeichi: How did Kirby become medic?
22:41:40 : Group: [NHS F.O] Connor Jeichi: I know you 2 did.
22:41:47 : Group: [NHS F.O] Connor Jeichi: I mean Kirby he got denied
22:44:01 : Group: [APD] SPC. Randall: a
22:46:38 : Direct: White Bob: it was hot officer
22:46:45 : Direct: White Bob: why am i restrained
22:46:52 : Direct: White Bob: my gun officer
22:47:08 : Direct: Jordan23: Eh boss
22:47:10 : Direct: White Bob: officer my heli was broken
22:47:14 : Group: Flames: fuck me
22:47:16 : Direct: White Bob: i was looking for help
22:47:29 : Direct: White Bob: and you shot me
22:48:02 : Direct: White Bob: officer i sent you a message for help
22:48:07 : Group: Flames: my net
22:48:08 : Direct: White Bob: i couldent stop turning
22:48:10 : Group: Flames: is dying
22:48:23 : Direct: White Bob: my tail roter was broken i said i was in a broken heli
22:48:37 : Direct: White Bob: ye 
22:48:59 : Direct: White Bob: well officer im sorry to say it but im going to have to put you under certisens arrest
22:49:05 : Direct: White Bob: for shooting me
22:49:29 : Direct: White Bob: yes now get out of the car and unrestrain me and give me your badge and gun
22:49:53 : Direct: White Bob: erm
22:49:58 : Direct: White Bob: i cant swim
22:50:15 : Direct: White Bob: officer i want to speal to your superior
22:50:19 : Direct: White Bob: *speak
22:50:29 : Direct: White Bob: oh shit are you the hul
22:50:31 : Direct: White Bob: *hulk
22:51:12 : Direct: White Bob: its not cool anyomore its just kinda sad now
22:51:22 : Direct: White Bob: officer
22:51:32 : Direct: White Bob: i need your badge and gun
22:51:57 : Direct: White Bob: i will have to use lethal force if you do not comply
22:52:27 : Direct: White Bob: officer you are under citisens arrest you have no authrity
22:52:39 : Direct: White Bob: OFFICER
22:52:45 : Direct: White Bob: YOU ARE GOING TO JAIL
22:53:14 : Direct: White Bob: OFFICER
22:53:19 : Direct: White Bob: YOU HAVE NO AUTHORITY
22:53:27 : Direct: White Bob: YOU ARE UNDER CITISENT ARRENT
22:53:34 : Direct: White Bob: OFFICER
22:53:48 : Direct: White Bob: officer i need to speak to you
22:53:58 : Direct: White Bob: that officer shot me
22:54:52 : Direct: White Bob: AY FUCKFACE
22:55:01 : Direct: White Bob: FUCK FACE
22:55:39 : Direct: White Bob: cheif
22:55:45 : Direct: White Bob: i need to talk to you
22:55:54 : Direct: White Bob: your officers are actiong out of line
22:56:00 : Direct: White Bob: *actiong
22:56:06 : Direct: White Bob: *acting
22:56:14 : Direct: White Bob: i was shot
22:56:24 : Direct: White Bob: my heli was blown up
22:56:30 : Direct: White Bob: i was half drown
22:56:38 : Direct: White Bob: and your officers just laugh in my face
22:56:53 : Direct: White Bob: i placed him under citisens arrest and then i was falshed banged
22:56:59 : Direct: White Bob: and water boarded
22:57:06 : Direct: White Bob: i want his badge and gun
22:57:24 : Direct: White Bob: sorry officer?
22:57:35 : Direct: White Bob: speak up
22:57:54 : Direct: [APD] Chief. Stalks: Who shot your heli?
22:57:58 : Direct: White Bob: eubankle
22:58:06 : Direct: White Bob: badge number 00001 abd
22:58:24 : Direct: White Bob: ah hear he is
22:58:29 : Direct: [APD] Chief. Stalks: I've been told, you had several warning shots
22:58:42 : Direct: White Bob: i was in a crashing heli asking for help
22:58:58 : Direct: White Bob: and your officer attempted to kill me and is now evading arrest
22:59:12 : Direct: [APD] Chief. Stalks: Calm down sir, my officers do not kill
22:59:20 : Direct: White Bob: i demand you bring officer eubankle before the court
22:59:26 : Vehicle: General Beast: topkek
22:59:30 : Direct: White Bob: and have him tried for his crimes
22:59:31 : Vehicle: General Beast: this is phills house
22:59:35 : Vehicle: General Beast: hahahha
22:59:52 : Direct: [APD] Chief. Stalks: What would you like sir? Some kind of comp?
23:00:17 : Direct: [APD] Chief. Stalks: I've just spoken to the officer, he is fairly tied up at the moment
23:00:18 : Direct: White Bob: no officer i care about the intergrity of are proud police force of the nation of altis
23:00:34 : Direct: White Bob: where is the officer i shall retreive him
23:00:43 : Direct: [APD] Chief. Stalks: At the Kavala garage sir
23:00:45 : Vehicle: Major Mint: konan your a prick
23:00:47 : Direct: White Bob: ok 
23:00:55 : Direct: [APD] Chief. Stalks: bring him to me sir!
23:00:59 : Direct: White Bob: I SHALL
23:04:25 : Direct: White Bob: officer
23:04:29 : Direct: White Bob: no
23:04:39 : Direct: White Bob: im looking for eublankle
23:05:03 : Direct: White Bob: UNHAND  ME YOU BRUTE
23:05:13 : Direct: White Bob: UN RESTRAIN ME NOW
23:05:51 : Direct: White Bob: LET ME GO AND AWAY FROM THESE CRIMINALS
23:06:04 : Direct: White Bob: how the fuck did the three of you get caugth
23:06:15 : Direct: White Bob: boy
23:06:20 : Direct: White Bob: what are you wating for
23:06:41 : Direct: White Bob: officer
23:06:50 : Direct: White Bob: what are you wating on
23:07:09 : Direct: White Bob: OFFICER SPEAK
23:07:24 : Direct: White Bob: you
23:07:27 : Vehicle: Major Mint: Konan you got first aid on ya m8?
23:07:31 : Direct: White Bob: i need you at the station
23:07:41 : Vehicle: Torrance: what's the plan?
23:07:44 : Direct: Konan: no
23:07:55 : Vehicle: White Bob: get in driver
23:08:43 : Vehicle: Torrance: press . or , to change
23:09:12 : Direct: White Bob: officer
23:09:21 : Direct: White Bob: for what reasons am i detained
23:09:39 : Direct: White Bob: am i being arrested officer
23:10:17 : Direct: White Bob: if i am not being arrested i have the rigth to leave
23:10:46 : Vehicle: White Bob: i heard that laugh
23:10:58 : Vehicle: White Bob: try not to laugh fuck face
23:11:27 : Vehicle: Torrance: my mic isn't great!
23:11:46 : Vehicle: Andrea Miller: np
23:12:13 : Vehicle: Torrance: brb afk
23:12:19 : Vehicle: Torrance: don't crash!
23:12:31 : Direct: White Bob: you will not unlawfully ticket me
23:12:39 : Direct: White Bob: you have no authority
23:12:49 : Direct: White Bob: you do not you are under arrest
23:14:09 : Direct: [APD]Chf Insp. Eukanubae: dO YOU HAVE A LICENCE FOR THE GUN?
23:18:25 : Direct: Major Mint: hi chips could i get a heal also plz
23:18:50 : Direct: Flames: THANKS BABY
23:18:56 : Direct: Flames: LOVE YOU
23:19:16 : Direct: Major Mint: cheers man
23:20:06 : Direct: [APD] SPC. Randall: CAN I HELP YOU
23:21:52 : Group: [NHS F.O] Connor Jeichi: bIBBS
23:21:54 : Vehicle: Torrance: haven't got an invite yet
23:22:05 : Group: [NHS F.O] Connor Jeichi: DNR Ginger
23:22:13 : Group: [NHS F.O] Connor Jeichi: He is disrespectful to medics <3
23:27:20 : Direct: Flames: HE HAD AN ACCIDENT
23:27:23 : Direct: Flames: HELP HIM
23:30:49 : Direct: Flames: REVIVE GENERAL FIRST
23:31:21 : Vehicle: [APD] SPC. Randall: d
23:34:00 : Group: [NHS F.O] Connor Jeichi: Bibbbbbbs..... XD
23:34:04 : Group: [NHS] chips: wot
23:34:10 : Group: [NHS F.O] Connor Jeichi: Dunno haha
23:34:19 : Direct: [KO2P]TonyCampana: Stop andrien Bandito SEND JAIL!!!!!!!!!!!!!!! PLEASE!!!!!!!!!!!!!!!!!!!!!!
23:36:36 : Direct: [APD] Supt. MrDunis: '
23:46:15 : Group: Andrea Miller: Torrance?
23:46:30 : Group: Torrance: yup
23:46:36 : Group: Torrance: i'm coming to you
23:49:43 : Group: Geoff: kill yourself
23:51:59 : Group: [APD] Chief. Stalks: move over to the salt area, fuck all in kavala
23:54:59 : Group: [APD] Chief. Stalks: its why jihad setup base here, no cop ever comes up here
