00:00:24 : Direct: [HATO]Kermit the frog: keys plz
00:00:37 : Direct: [APD] Martyr: got them?
00:00:40 : Direct: [HATO]Kermit the frog: nope
00:00:46 : Direct: [HATO]HussyPunter: nope
00:00:46 : Direct: [HATO]Kermit the frog: just unlock it
00:00:55 : Direct: [APD] Martyr: don't get it stolen
00:01:05 : Direct: [APD] Martyr: 550k if you lose it!
00:01:17 : Direct: [HATO]Kermit the frog: im not piolit
00:20:55 : Direct: [Pvt] Willem: lol what
00:21:21 : Direct: [Pvt] Willem: where is the hunter
00:21:24 : Direct: [Pvt] Willem: wtf 
00:22:41 : Direct: [Pvt] Willem: yes man
00:23:12 : Direct: [Pvt] Willem: dance for me
00:23:30 : Direct: [Pvt] Willem: No no no
00:28:06 : Direct: White Bob: should i do it?-
00:28:25 : Direct: White Bob: give me your face mask and i wotn
00:28:25 : Direct: [Pvt] Willem: meh
00:30:47 : Direct: White Bob: thats a chrome to the back of your head motehr fucker
00:30:58 : Direct: White Bob: will that helmet stop it?
00:31:01 : Direct: [Pvt] Willem: nope
00:31:06 : Direct: [Pvt] Willem: try back
00:31:08 : Direct: White Bob: can i have your face mask?
00:33:26 : Direct: MrKadafi: robert hier
00:33:45 : Direct: MrKadafi: kom hier!!!
00:34:48 : Direct: MrKadafi: kan jy n chopper flieg??
00:43:50 : Direct: Robert3706: tnx
00:52:06 : Direct: White Bob: ello
00:54:17 : Group: [Cpt] Antony-J: Wtf
00:54:34 : Vehicle: MrKadafi: firearm parts
00:54:58 : Group: [Pvt] Willem: like that instant headshot
11:41:15 : Group: [NHS] Muffin: Yo,Spammking, Could I get that Orca comp soon??
11:41:17 : Group: [NHS] Muffin: ^^^\
11:41:18 : Group: [NHS] Muffin: ^^
11:41:43 : Group: [NHS]Spammking: do you have a pic of your death? just wanted to check something
11:42:09 : Group: [NHS] Muffin: Sure
11:42:18 : Group: [NHS] Muffin: .Problem tho
11:42:31 : Group: [NHS] Muffin: I'm right clicking steam and no option for screenshots
11:42:36 : Group: [NHS]Spammking: thanks just send me a link to look at it in ts be back in  a min
11:45:03 : Group: [NHS] Muffin: want link?
11:45:09 : Group: [NHS] Muffin: In ts ?
12:19:00 : Direct: [NHS]Spammking: 40 mins
12:53:05 : Group: [NHS Rct.]Sir: spammking is there any restrictions of vehicles i need to use as recruit?
12:53:35 : Group: [NHS]Spammking: nope nobody is recruit we are all the same rank apart from the chief medic but we dont have one as of yet
14:43:11 : Group: [Cpl] Alex(wolf): rod
14:43:35 : Group: [Cpl] Alex(wolf): my chat is broke
14:43:38 : Group: [Cpl] Alex(wolf): but that car HATO
14:48:34 : Group: [Cpl] Alex(wolf): ..
14:48:46 : Group: [Pvt] Kryptic : ik alex
14:48:54 : Group: [Pvt] Kryptic : To many in ze chat ;D
14:59:31 : Direct: Ted Blackburn: N
15:40:59 : Group: [APD] Supt. Hamilton: just so you all know im busy doing IRL stuffs so if you need me for a huge drug run or something jsut shout ill head over.
15:45:51 : Direct: [NHS Rct.]Sir: fuck
15:47:42 : Group: [NHS] Muffin: to kavala square??
15:48:49 : Group: [NHS] Muffin: PUT UR SIRENS ON\
15:48:50 : Group: [NHS] Muffin: PRESS F
15:48:52 : Group: [NHS Rct.]Sir: did it
15:49:05 : Group: [NHS Rct.]Sir: 10/10 srien of crap i ll say xD
15:49:10 : Group: [NHS Rct.]Sir: siren*
15:49:21 : Group: [NHS Rct.]Sir:  ill put it off now xD
15:49:22 : Group: [NHS] Muffin: Ready for drop?
15:49:32 : Group: [NHS] Muffin: 3
15:49:33 : Group: [NHS] Muffin: 2
15:49:35 : Group: [NHS Rct.]Sir: yeah
15:49:35 : Group: [NHS] Muffin: 1
15:49:39 : Group: [NHS Rct.]Sir: allahu akbaaaaaaaaaaar
15:49:45 : Group: [NHS Rct.]Sir: woosh
15:49:49 : Group: [NHS Rct.]Sir: didn t died xD
15:50:02 : Group: [NHS Rct.]Sir: how do you put the flash lights on?
15:50:37 : Direct: [NHS] Muffin: officer
15:50:42 : Direct: [NHS] Muffin: want me to tow his cr away?
15:50:45 : Group: DeepfriedBuffel: day
15:51:09 : Direct: [Cpl] Konan of Konantown: strip and give me your keys, until i know your unarmed, we will let you in
15:52:37 : Group: DeepfriedBuffel: day
15:54:28 : Direct: DeepfriedBuffel: hi
15:54:43 : Direct: DeepfriedBuffel: hi
15:54:49 : Direct: DeepfriedBuffel: ? 
15:54:57 : Group: [APD] Supt. Hamilton: be wary of potential Fed/Oil Rig. AFF & TRD online and over + cops online.
15:55:06 : Direct: DeepfriedBuffel: hi
15:55:11 : Direct: DeepfriedBuffel: im ur gang friends
15:55:38 : Direct: DeepfriedBuffel: i dont know they seems friends
15:56:16 : Direct: Louis: CANT UNDERSTAND U
15:56:18 : Direct: DeepfriedBuffel: can i stop holding my hands up?-ill give u guys 10 % like usuall?
15:56:40 : Direct: DeepfriedBuffel: the guy in the big helli is my friend can he land?
15:56:48 : Direct: DeepfriedBuffel: ?
15:57:17 : Direct: DeepfriedBuffel: no
15:57:23 : Direct: DeepfriedBuffel: im a friend with ur gang
15:57:25 : Direct: DeepfriedBuffel: heli
15:57:45 : Group: [APD] Martyr: Speeding red hatchback
15:57:50 : Group: [APD] Martyr: heading towards kavala
15:59:19 : Direct: DeepfriedBuffel: im a friend
15:59:33 : Direct: DeepfriedBuffel: me and my 2 hellis is coming and well give u 10 % of what we sell
15:59:36 : Direct: DeepfriedBuffel: like usual
15:59:53 : Direct: DeepfriedBuffel: mohawk
16:00:03 : Direct: DeepfriedBuffel: can he land?
16:00:20 : Direct: DeepfriedBuffel: ted burn
16:00:25 : Direct: DeepfriedBuffel: blackburn
16:00:41 : Direct: DeepfriedBuffel: do u give him premisjon to land
16:00:53 : Direct: DeepfriedBuffel: ye
16:00:58 : Direct: DeepfriedBuffel: its police here
16:01:07 : Direct: DeepfriedBuffel: i did ask
16:01:14 : Direct: DeepfriedBuffel: no it wasent uss
16:01:24 : Direct: DeepfriedBuffel: i havvent used one bullet sir
16:01:34 : Direct: DeepfriedBuffel: can i hide
16:02:45 : Direct: SwiftWarlock: wtf
16:03:15 : Direct: [Cpl] Alex(wolf): ..
16:03:49 : Direct: SwiftWarlock: what?
16:03:53 : Direct: SwiftWarlock: im busy
16:04:45 : Direct: SwiftWarlock: no
16:05:14 : Direct: SwiftWarlock: fucking hell idk give a fuck i had lag....
16:05:45 : Direct: SwiftWarlock: yeah....
16:05:49 : Direct: SwiftWarlock: no
16:05:58 : Direct: SwiftWarlock: idk
16:06:14 : Direct: SwiftWarlock: go on
16:06:49 : Direct: SwiftWarlock: you're blind?
16:06:58 : Direct: SwiftWarlock: yeah
16:07:16 : Direct: SwiftWarlock: no i'm clear
16:07:29 : Direct: SwiftWarlock: how much?
16:07:34 : Direct: SwiftWarlock: i got just 50k
16:08:03 : Direct: SwiftWarlock: if i mmake money i will pay...
16:08:13 : Direct: SwiftWarlock: ok
16:08:15 : Direct: SwiftWarlock: i do
16:08:34 : Direct: SwiftWarlock: and my car?
16:08:43 : Direct: SwiftWarlock: fix my car first
16:08:47 : Direct: SwiftWarlock: idont have one
16:09:04 : Direct: SwiftWarlock: i told you got just 50k
16:09:39 : Direct: SwiftWarlock: my back?
16:09:50 : Direct: SwiftWarlock: and my car?
16:10:11 : Direct: SwiftWarlock: im not a mech
16:15:45 : Group: [APD] Sgt. Spammking: need back up at weed processing
16:20:04 : Direct: Louis: hi
16:33:57 : Direct: DeepfriedBuffel: hi sior its deepfriedbuffel and ted blac kburn
16:35:14 : Group: «ŦŘĐ» Juan Black: gasper get in!
16:43:26 : Group: «ŦŘĐ» Gaspermaster: 1 
16:44:37 : Group: «ŦŘĐ» Sheriff Johnson: negetive
16:49:07 : Group: Agent. Cobra: Viper having a wee
16:56:31 : Direct: Kurttu: cant hear me?
16:56:38 : Direct: «ŦŘĐ» Domo Black: hno
16:57:11 : Direct: Kurttu: i dont know why my audio is not working
16:58:00 : Direct: Kurttu: still nothing?
16:58:10 : Direct: Kurttu: hmm
17:07:16 : Group: Agent. Viper: Yo, i can't join
17:07:39 : Group: Agent. Viper: Yo rod
17:09:29 : Group: Agent. Viper: æøå, u aint got the ÆØÅ
17:09:57 : Group: Agent. Cobra: ALLAHU AKBAR
17:24:05 : Group: [APD] Sgt. Cyril Figgis: Any assignment for AIA?
17:24:14 : Group: [APD] PC. Stan W: iDK cYRIL
17:24:18 : Group: [APD] PC. Stan W: btw cyril
17:24:33 : Group: [APD] PC. Stan W: i lost 300k for some reason
17:24:53 : Group: [APD] PC. Stan W: i had 3,4mill when we did the bust and i only have 3,1mill now
17:26:17 : Direct: «ŦŘĐ» Juan Black: ez opium run
17:27:04 : Group: [APD] Sgt. Cyril Figgis: Probably didn't sync
17:27:29 : Group: [APD] PC. Stan W: yeah... rip me
17:33:36 : Group: [Cpl] Alex(wolf): ...
18:01:45 : Direct: Agent. Python: rookie mistake?
18:09:13 : Direct: [Pvt] Willem: yo move this
18:09:27 : Direct: «ŦŘĐ» Juan Black: dw
18:09:30 : Direct: «ŦŘĐ» Juan Black: abou a ting
18:12:20 : Direct: «ŦŘĐ» Juan Black: he dead
18:28:25 : Group: [Cpl] WarGamer : brb
18:28:54 : Group: [APD] Insp. MrDunis: Randall <3
18:29:01 : Group: [APD] Supt. Hamilton: did you all get bannedtoo?
18:29:04 : Group: [APD] Insp. MrDunis: Yea
18:29:04 : Group: [APD] Supt. Hamilton: lol
18:29:06 : Group: [APD] Insp. MrDunis: By Evil cunt
18:29:12 : Group: [APD] Supt. Hamilton: anyone got a temp ts?
18:29:16 : Group: [APD] Insp. MrDunis: I saw the chat
18:29:16 : Group: [APD] Sgt.Potato: I left before i got banned
18:29:19 : Group: [APD] Insp. MrDunis: everyone got perm
18:29:21 : Group: [APD] Martyr: It may have been Dru
18:29:41 : Group: [APD] Insp. MrDunis: Evil cunt.. yea defiently Dru
18:29:44 : Group: [APD] Insp. MrDunis: thats a name he would pick
18:29:46 : Group: [APD] Supt. Hamilton: 67th.co.uk
18:29:48 : Group: [APD] Supt. Hamilton: join that ts
18:29:48 : Group: [APD] Supt. Hamilton: 67th.co.uk
18:29:49 : Group: [APD] Supt. Hamilton: 67th.co.uk
18:29:50 : Group: [APD] Supt. Hamilton: 67th.co.uk
18:29:51 : Group: [APD] Supt. Hamilton: 67th.co.uk
18:29:53 : Group: [Cpl] ANGeR: chat in here boyz :D
18:30:16 : Group: [APD] Martyr: Hamilton, Potato, join skype chat
18:30:56 : Group: [APD] Sgt.Potato: skype name?
18:31:04 : Group: [APD] Supt. Hamilton: use this ts 67th.co.uk
18:33:42 : Group: [APD] PC. Spectreh.W: is the TS deleted?
18:37:06 : Group: «ŦŘĐ» Juan Black: natoclan.com
18:42:09 : Vehicle: [Lt] Tango: ok my friend
18:43:20 : Vehicle: [Lt] Tango: ok my friend
18:44:43 : Vehicle: [Pvt] Willem: no
18:44:45 : Vehicle: [Cpl] Konan of Konantown: lets go
18:44:51 : Vehicle: [Pvt] Willem: where to
18:45:04 : Vehicle: [Pvt] Willem: you fly
18:45:08 : Vehicle: [Pvt] Willem: afk atm
18:45:30 : Vehicle: [Lt] Tango: nothing my friend just a sneeze
18:48:19 : Vehicle: [Pvt] Willem: Mansion
18:48:23 : Vehicle: [Pvt] Willem: rod just said it
18:49:00 : Vehicle: [Pvt] Willem: Corporal Anger will distribute some peanuts for the long flight
18:51:55 : Direct: [Pvt] Willem: wtf was that
18:51:58 : Direct: [Pvt] Willem: you dickhead
18:53:34 : Group: [Pvt] Kryptic : sUP WITH TS?? DRU WENT ALL BEAST MODE AND BANNED ALL OR??
18:53:38 : Group: [Pvt] Kryptic : Srry for caps
19:01:37 : Group: [NHS Rct.]Sir: jake
19:01:42 : Group: [NHS Rct.]Sir: what is happening
19:01:43 : Group: [NHS Rct.]Sir: with 
19:01:47 : Group: [NHS Rct.]Sir: teamspeak
19:01:55 : Group: [NHS] Jake: MAINTANCE
19:02:02 : Group: [NHS Rct.]Sir: i ve got banned on the new ip
19:02:11 : Group: [NHS] Jake: ye its under maintance
19:02:21 : Group: [NHS] Jake: everyone got banned from by a guy
19:02:30 : Group: [NHS Rct.]Sir: like GET OUT CUNT? XD
19:02:53 : Group: [NHS] Jake: everyone got banned with the message bye bye xD
19:07:38 : Direct: Joffrey: *broken leg*
19:07:49 : Direct: [NHS Rct.]Sir: it doesn t seem
19:08:04 : Group: [Cpl] ANGeR: fed is is hit lets moove
19:08:16 : Group: «ŦŘĐ» Juan Black: 1 sec
19:08:20 : Group: [Pvt] Kryptic : Someone pick me up at border
19:08:37 : Group: [Pvt] Kryptic : Right gate for you is open
19:10:00 : Group: [Lt] Tango: can we not get clothes? 
19:10:52 : Direct: «ŦŘĐ» Domo Black: a
19:11:20 : Group: [Lt] Tango: where is gun shop guy?
19:11:25 : Group: [Pvt] Kryptic : idk
19:11:40 : Group: [Pvt] Kryptic : Insaide the mansion somewhere
19:11:46 : Group: [Cpl] ANGeR: 2nd floor tango right 
19:11:52 : Group: [Lt] Tango: cant find it lol
19:11:58 : Group: [Lt] Tango: ok
19:12:10 : Group: [Lt] Tango: ty
19:13:46 : Group: [Pvt] Kryptic : tango wheren is the gun man?
19:16:17 : Group: [Pvt] Kryptic : Tango wo going to fed or staying here??
19:16:41 : Group: [Lt] Tango: yeah im going airfield
19:16:59 : Direct: [NHS Rct.]Sir: bye 
19:17:17 : Group: [Pvt] Kryptic : need help at federal??
19:17:30 : Direct: DeepfriedBuffel: hi
19:17:42 : Direct: DeepfriedBuffel: nothing spes
19:18:18 : Group: [Lt] Tango: WHAT HAPPENED AT FED? Xd
19:18:37 : Group: [Pvt] Kryptic : Idk ive asked if i can go but noone answers xD
19:18:52 : Group: [Lt] Tango: well everyones back at mansion now...
19:19:56 : Direct: [NHS Rct.]Sir: exit
19:24:20 : Vehicle: Joffrey: pLAYER id?
19:24:31 : Vehicle: Joffrey: I need to put it on form
19:24:33 : Vehicle: Joffrey: what is it
19:24:40 : Vehicle: [NHS Rct.]Sir: u need to go on your arma profile
19:24:44 : Vehicle: [NHS Rct.]Sir: and u do edit
19:24:49 : Vehicle: [NHS Rct.]Sir: and then there s numbers
19:24:53 : Vehicle: Joffrey: On steam?
19:24:56 : Vehicle: [NHS Rct.]Sir: beggining with 7
19:24:58 : Vehicle: [NHS Rct.]Sir: no on arma
19:24:59 : Vehicle: Joffrey: my steamID?
19:25:00 : Vehicle: Joffrey: o
19:25:03 : Vehicle: [NHS Rct.]Sir: nope
19:25:05 : Vehicle: Joffrey: On mainscreen?
19:25:05 : Vehicle: [NHS Rct.]Sir: arma id
19:25:10 : Vehicle: [NHS Rct.]Sir: like at the menu
19:25:18 : Vehicle: [NHS Rct.]Sir: if u do esc
19:25:19 : Vehicle: [NHS Rct.]Sir: now
19:25:24 : Vehicle: [NHS Rct.]Sir: u see numbers
19:25:34 : Vehicle: [NHS Rct.]Sir: that should be your id
19:25:43 : Group: [APD] Sgt. Morrisino: whats happend with the TS??
19:25:46 : Vehicle: [NHS Rct.]Sir: at least it is for me
19:25:53 : Group: [APD] Sgt.Potato: go to 67th.co.uk
19:25:58 : Group: [APD] Sgt.Potato: we'll explain on that ts
19:29:25 : Group: [Pvt] Kryptic : Arent they friendly?!??!
19:29:32 : Group: [Pvt] Kryptic : Wtf
19:29:47 : Group: [Lt] Tango: they orbbing fed what do you think lol
19:36:41 : Direct: «ŦŘĐ» Juan Black: gg were flashed
19:36:46 : Direct: «ŦŘĐ» Juan Black: gg
19:37:04 : Direct: «ŦŘĐ» Juan Black: wow were alive XD
19:38:09 : Group: [HATO] Mark: yea
19:38:13 : Group: [HATO] Mark: no rp
19:42:35 : Vehicle: Vageroni: hello?
19:42:53 : Vehicle: Vageroni: u drive
19:42:55 : Vehicle: Vageroni: i fix mic
19:42:58 : Vehicle: Dr Rolf Harris: ARE U IN SKY[E
19:47:07 : Group: [Cpt] Antony-J: 67th.co.uk tempory ts
19:50:02 : Group: [HATO] FyXel: haahhaha
19:50:06 : Group: [HATO] FyXel: XD
19:50:12 : Group: [HATO] FyXel: no worries dude
19:50:18 : Group: [HATO] FyXel: its ok
19:50:21 : Group: [HATO] Mark: RIP
19:50:24 : Group: [HATO] Mark: :(
19:53:06 : Group: [Cpt] Antony-J: DO NOT USE OUR HELI SPAWN
19:56:36 : Group: [HATO] Balder: me
20:02:38 : Group: FribZen: Fedt
20:02:44 : Group: JRasserL: hey
20:02:49 : Group: Thorgaard: kill me
20:02:50 : Group: Chullie: ok
20:02:51 : Group: JRasserL: jeg vil gernve være tømre
20:14:46 : Direct: Zajac72: l not speak anglish
20:19:14 : Direct: DeepfriedBuffel: srry
20:19:16 : Direct: DeepfriedBuffel: sir
20:19:27 : Direct: DeepfriedBuffel: was going to press g
20:19:34 : Direct: DeepfriedBuffel: v
20:19:51 : Direct: DeepfriedBuffel: are we cool
20:20:03 : Direct: DeepfriedBuffel: ok cool :)
20:21:25 : Direct: DeepfriedBuffel: what do u mean
20:24:25 : Direct: [HATO] Mark: ohh :(
20:24:29 : Direct: [HATO] Mark: i wamted to fly
20:24:32 : Direct: [HATO] Mark: wanted
20:24:35 : Direct: [NHS Rct.]Sir: xD
20:27:28 : Direct: Chullie: dk--------d--
20:28:52 : Group: madsu: hallo
20:29:04 : Direct: madsu: hallo
20:33:23 : Direct: Agent. Python: altis Intelligence agency we help the police
20:34:14 : Group: [NHS Rct.]Sir: t
20:34:35 : Group: [APD] SPC. Sean: has the ts went down again??
20:34:47 : Group: [APD] PC. Spectreh.W: my internet is so fucking shiiiiiiiiiiiiiiiiiiiiiiiiiiiiiit!
20:35:01 : Group: [APD] PC. Spectreh.W: cant even connect to TS
20:35:28 : Group: [APD] SPC. Sean: youre not the only one thing it down again
20:35:44 : Group: [APD] PC. Spectreh.W: fuck sake
20:36:01 : Group: [APD] SPC. Sean: found your car btw
20:36:12 : Group: [APD] PC. Spectreh.W: okay thanks
20:37:31 : Direct: Pavel Beránek: yeah  medic revive that guy
20:38:21 : Direct: Zajac72: l not speak anglish man
20:38:30 : Direct: Pavel Beránek: he just buy it 
20:38:51 : Direct: Pavel Beránek: i saw him buying it i think hes ok
20:39:29 : Direct: Zelena: is it me
20:39:31 : Direct: Pavel Beránek: hes sorry officer we are new here
20:39:33 : Direct: Zelena: or is that building new
20:40:07 : Direct: Zelena: Look
20:40:09 : Direct: Zelena: new building
20:40:12 : Direct: Zelena: im gon jump off it
20:41:20 : Group: [NHS] Jake: you going to kavala?
20:41:28 : Group: [NHS Rct.]Sir: :ye
20:41:32 : Group: [NHS] Jake: aight
20:41:37 : Direct: Ted Blackburn: GET OUT
20:42:19 : Vehicle: Ted Blackburn: Hi
20:42:26 : Vehicle: Ted Blackburn: get out
20:42:55 : Direct: Chullie: '
20:44:42 : Group: [Cpl] ANGeR: bruhs
20:46:03 : Direct: Dimitri Volkov: to the garage
20:46:08 : Direct: Zelena: to the balcany 
20:46:19 : Group: [Cpl] ANGeR: WHATS GOIN ON 
20:46:21 : Group: [Cpl] ANGeR: ITS IT THE EVENT ? 
20:46:22 : Direct: Zelena: bcus vews
20:46:25 : Direct: Zelena: views
20:46:42 : Direct: Zelena: can u get me a beenie bruh
20:46:57 : Group: [Cpl] ANGeR: how long till event ? 
20:47:00 : Group: [Cpl] ANGeR: 1 hour ? 
20:47:04 : Group: [APD] Sgt. Morrisino: ts.gamepointeu.co.uk
20:48:04 : Group: [Cpl] ANGeR: are we leaving the server
20:48:25 : Group: [Cpl] ANGeR: where is everyonme ? 
20:48:54 : Group: [Cpt] Antony-J: ts.gamepointeu.co.uk
20:49:27 : Group: Agent. Venom: can't speak while doing this
20:49:38 : Direct: [HATO] Mark: :(
20:52:23 : Group: [APD] Sgt. Morrisino: no
20:52:28 : Group: [NHS] Jake: you got him Sir?
20:52:44 : Group: [NHS Rct.]Sir: who
20:52:56 : Group: [NHS] Jake: deepfriend
20:52:59 : Group: [NHS Rct.]Sir: i ll go take brussel
20:53:02 : Group: [NHS] Jake: okay
20:53:05 : Group: [NHS Rct.]Sir: ye he s my friend 
20:53:06 : Group: [NHS] Jake: ill take deep
20:53:18 : Group: [NHS Rct.]Sir: they re sam persons
20:56:25 : Direct: DeepfriedBuffel: thx
20:56:35 : Direct: DeepfriedBuffel: hi sir
20:57:36 : Group: Agent. Python: HATO  come and repair our veichle!
20:58:37 : Group: [Cpt] Antony-J: Kill him
20:59:55 : Group: Agent. Cobra: alright
21:05:16 : Group: Joffrey: ayy
21:07:24 : Direct: Zelena: dERIVE
21:07:30 : Direct: JRasserL: XdddddddddddddxDDD
21:07:36 : Direct: Zelena: CAN U BUY ME A BEANIE FROM THE BLOTHES STORE
21:07:40 : Direct: Zelena: CLOTHES
21:11:16 : Direct: Zelena: wot u gonna do about it sean
21:11:20 : Direct: Zelena: wot u gon do
21:11:27 : Direct: Zelena: Sean
21:11:31 : Direct: Zelena: Buy me a beanie
21:11:32 : Direct: Zelena: do it
21:11:34 : Direct: Zelena: just do it
21:11:41 : Direct: Zelena: don't let my meems melt steal beams
21:12:04 : Direct: Zelena: he rammed into me
21:12:10 : Direct: Zelena: arrest him
21:16:02 : Direct: DeepfriedBuffel: yo
21:16:10 : Direct: DeepfriedBuffel: i cant its a safe zone
21:16:16 : Direct: Zelena: ello up there
21:16:17 : Direct: Joffrey: EHBFUDAF
21:16:18 : Direct: DeepfriedBuffel: rly?
21:16:24 : Direct: DeepfriedBuffel: oh srry
21:16:28 : Direct: Ted Blackburn: me 2
21:16:30 : Direct: DeepfriedBuffel: ok cool
21:16:33 : Direct: Ted Blackburn: Im recording aswell
21:16:34 : Direct: DeepfriedBuffel: but whn
21:16:37 : Direct: DeepfriedBuffel: is the event
21:16:56 : Vehicle: Zelena: this heli has doors
21:16:57 : Vehicle: Zelena: omfg
21:17:05 : Vehicle: Zelena: why didn't I buy the cheepo heli
21:17:05 : Direct: loki: i wouldn't
21:17:14 : Vehicle: Zelena: pretty k
21:17:18 : Vehicle: Zelena: got my self sum good money
21:17:26 : Vehicle: Zelena: drugs
21:17:26 : Group: DeepfriedBuffel: when is the event
21:17:33 : Vehicle: Zelena: no
21:17:36 : Vehicle: Zelena: i stole someones truck
21:17:38 : Direct: Ted Blackburn: you are dancincg
21:17:40 : Vehicle: Zelena: and then sold the drugs
21:17:46 : Vehicle: Zelena: so they don't get the drugs
21:17:47 : Vehicle: Joffrey: Gun trader please :D
21:17:49 : Vehicle: Zelena: nah
21:17:57 : Vehicle: Joffrey: If you are allowed to take me there
21:17:58 : Vehicle: Zelena: but shh
21:18:01 : Vehicle: Zelena: i did some clay today
21:18:05 : Direct: loki: do you seriously want a kick?
21:18:06 : Vehicle: Zelena: got myself another 500k
21:18:10 : Vehicle: Zelena: so im at 1.4mill
21:18:12 : Direct: Ted Blackburn: You are daincing
21:18:14 : Direct: Ted Blackburn: bro
21:18:15 : Direct: loki: when i comped you so much in the past
21:18:18 : Vehicle: Zelena: its shit
21:18:23 : Vehicle: Zelena: but i can buy my shit for good monee
21:18:24 : Direct: [HATO] Mark: ?
21:18:24 : Vehicle: Zelena: i dunno
21:18:34 : Vehicle: Zelena: back to out beach
21:18:38 : Vehicle: Zelena: our*\
21:18:50 : Vehicle: Zelena: the house prices have gone up
21:18:51 : Vehicle: Zelena: plus
21:18:55 : Vehicle: Zelena: you pay rent
21:19:00 : Vehicle: Zelena: so its a bit ehhhhhhhhhhhhhhyyyyyyyyyyyyyyyyy
21:19:02 : Vehicle: Zelena: but still
21:19:12 : Vehicle: Zelena: Well the cheepest house you can buy is 2.2mill
21:19:14 : Vehicle: Zelena: for house
21:19:15 : Vehicle: Zelena: bruh
21:19:26 : Vehicle: Zelena: ik
21:19:30 : Vehicle: Zelena: im saving up
21:19:36 : Vehicle: Zelena: bcus i want to store all me guns
21:19:45 : Vehicle: Zelena: but I don't think there is a cheepo house at the beach so eh
21:19:50 : Vehicle: Zelena: whut?
21:19:50 : Direct: [HATO] Mark: lol
21:19:58 : Vehicle: Zelena: fancyyyyyyyyy
21:20:05 : Vehicle: Zelena: plz don't shoot me
21:20:07 : Vehicle: Zelena: heh kek
21:20:08 : Vehicle: Zelena: oh oh
21:20:09 : Vehicle: Zelena: stop
21:20:14 : Vehicle: Zelena: drop me off at heli at donator village
21:20:30 : Vehicle: Zelena: nah but I can gret my heli there
21:20:31 : Vehicle: Zelena: :>
21:20:38 : Vehicle: Joffrey: To the gun trader? :D
21:20:47 : Vehicle: Zelena: i got me sum good ol latex on hue
21:20:51 : Vehicle: Joffrey: and do I need a license?
21:20:54 : Vehicle: Joffrey: :c
21:20:58 : Vehicle: Zelena: dat hehe doe
21:21:07 : Vehicle: Zelena: open
21:21:08 : Vehicle: Zelena: helio
21:21:14 : Vehicle: Zelena: opemn
21:21:15 : Vehicle: Zelena: unlock it
21:21:27 : Vehicle: Zelena: lower
21:21:28 : Vehicle: Zelena: go lower
21:21:34 : Vehicle: Zelena: are you sure
21:21:36 : Vehicle: Zelena: you unlocked it
21:21:51 : Vehicle: Zelena: oh cockwaffle
21:21:52 : Vehicle: Zelena: nvm den
21:22:18 : Direct: [HATO] Mark: ?
21:22:27 : Direct: [NHS Rct.]Sir: they said i can t hook you
21:22:32 : Direct: [NHS Rct.]Sir: it s not allowed xD
21:23:06 : Vehicle: Joffrey: Fly thre babe
21:23:09 : Vehicle: Joffrey: gwan
21:23:16 : Vehicle: Joffrey: fly other that way, 14k
21:23:23 : Vehicle: [NHS Rct.]Sir: i can t 
21:23:23 : Vehicle: Joffrey: I will make my own way backl
21:23:27 : Vehicle: [NHS Rct.]Sir: against medi c rules
21:23:27 : Vehicle: [NHS Rct.]Sir: xd
21:24:21 : Direct: [NHS Rct.]Sir: i can t go
21:24:23 : Direct: [NHS Rct.]Sir: buy a car
21:24:30 : Direct: [NHS Rct.]Sir: U
21:24:34 : Direct: [NHS Rct.]Sir: U is to unlock car
21:24:37 : Direct: [NHS Rct.]Sir: i dunno then
21:24:54 : Direct: [NHS Rct.]Sir: ik but still fuck it xD
21:25:04 : Direct: [NHS Rct.]Sir: i can t risk lol
21:25:28 : Direct: [NHS Rct.]Sir: bunnt hop ahah xD
21:25:33 : Direct: [NHS Rct.]Sir: i can t tho
21:25:41 : Direct: [NHS Rct.]Sir: i need to go
21:25:42 : Direct: [NHS Rct.]Sir: xD
21:25:46 : Direct: [NHS Rct.]Sir: cya
21:27:50 : Direct: Ted Blackburn: Hi man
21:27:57 : Direct: Ted Blackburn: Do you know when the event starts?
21:28:07 : Direct: Black Bob: Tommorow*
21:28:15 : Direct: Ted Blackburn: tomorrow at 9pm?
21:28:20 : Direct: Black Bob: yeah
21:28:25 : Direct: Ted Blackburn: Thanks bro
21:30:22 : Vehicle: Joffrey: Hey babe
21:30:41 : Vehicle: Joffrey: can you take me to the gun trader please? xD
21:31:19 : Vehicle: Joffrey: Balder
21:31:41 : Direct: Zelena: land somewhere flat
21:31:43 : Vehicle: Joffrey: Bearing 60
21:31:44 : Direct: Zelena: like here
21:31:46 : Direct: Zelena: great land
21:31:53 : Vehicle: Joffrey: we are bearing 100
21:32:01 : Vehicle: Joffrey: left
21:32:04 : Direct: Zelena: my fav place this
21:32:09 : Vehicle: Joffrey: you got it
21:32:12 : Vehicle: Joffrey: perfect
21:32:13 : Direct: Zelena: mon
21:32:15 : Direct: Zelena: cmon
21:32:19 : Vehicle: Joffrey: ok only 10 more kilometres
21:32:22 : Vehicle: Joffrey: we gone 4 so not bad
21:32:56 : Vehicle: Joffrey: ooo lovely speed
21:33:00 : Direct: Zelena: do you like them clothes?
21:33:06 : Direct: Zelena: cus i got stavs
21:33:09 : Direct: Zelena: and u get tatoos
21:33:12 : Vehicle: Joffrey: Want to take someone hostage in a bit?
21:33:16 : Direct: Zelena: try them
21:33:17 : Vehicle: Joffrey: make a ransom
21:33:52 : Direct: Zelena: tatoos
21:33:52 : Direct: Zelena: :3
21:34:07 : Direct: Zelena: you havre
21:34:13 : Direct: Zelena: many hi definition spot on your head
21:34:25 : Direct: Zelena: XD
21:34:30 : Direct: Zelena: XD
21:34:56 : Direct: Zelena: protect the thunderbirds XD
21:35:21 : Group: [Cpl] ANGeR: rob
21:36:04 : Direct: [General] Balder [AFT]: can you here me?
21:36:21 : Direct: [General] Balder [AFT]: ARE YOU GONNA BUY WEAPONS?
21:36:32 : Direct: [General] Balder [AFT]: thats not at the firearm trader
21:36:38 : Direct: [General] Balder [AFT]: its gun store
21:36:43 : Direct: [General] Balder [AFT]: ill take you there
21:37:08 : Group: [Cpl] ANGeR: rbow
21:37:10 : Group: [Cpl] ANGeR: rob
21:37:38 : Direct: [General] Balder [AFT]: SHIIET
21:38:34 : Direct: [APD] Martyr: dw
21:38:37 : Direct: [APD] Martyr: I need to do event
21:38:42 : Direct: [APD] Martyr: not on as cop
21:38:54 : Direct: Black Bob: What is the TS?
21:38:54 : Direct: [General] Balder [AFT]: joffrey
21:39:03 : Direct: [General] Balder [AFT]: lets take him hostage
21:39:05 : Direct: [General] Balder [AFT]: :)
21:39:13 : Direct: [General] Balder [AFT]: WHAT?
21:39:33 : Direct: [General] Balder [AFT]: DONT KNOW
21:39:50 : Direct: [General] Balder [AFT]: just one now
21:41:50 : Direct: [Cpl] ANGeR: martyr can u impound that hunter
21:45:16 : Direct: [General] Balder [AFT]: GO INTO INVENTORY ON PLANE
21:45:21 : Direct: [General] Balder [AFT]: joffrey
21:45:27 : Direct: Joffrey: cant
21:45:33 : Direct: [General] Balder [AFT]: can you loan me your backpack
21:45:40 : Direct: [General] Balder [AFT]: so i can fix vehicle
21:46:59 : Direct: [General] Balder [AFT]: NOTHING
21:47:27 : Vehicle: Joffrey: GUN STORE :d
21:47:51 : Group: [Cpl] Alex(wolf): rob
21:48:00 : Group: [Cpl] Alex(wolf): I wish you goodluck
21:48:25 : Direct: Joe: it wasn't roleplay
21:48:42 : Vehicle: Joffrey: Why you landing?
21:48:55 : Group: [Cpl] Alex(wolf): No
21:48:58 : Vehicle: Joffrey: Baldewr
21:48:59 : Group: [Cpl] Alex(wolf): Tell me how I win
21:49:00 : Vehicle: Joffrey: Balder
21:49:04 : Vehicle: Joffrey: Why you landing here
21:49:17 : Vehicle: Joffrey: GUnstore is 2.8k that way
21:49:25 : Vehicle: Joffrey: LOL
21:51:22 : Direct: [General] Balder [AFT]: GO IN INVENTORY
21:51:32 : Direct: [General] Balder [AFT]: go in inv
21:51:32 : Group: [APD] SPC. Sean: Felix can text med jake for me tell him at kav hq and tell him my ingame phone is glitched
21:51:39 : Direct: [General] Balder [AFT]: joff
21:51:41 : Direct: [General] Balder [AFT]: of the car
21:51:44 : Direct: Ted Blackburn: get in we are going to event
21:51:45 : Direct: [General] Balder [AFT]: not heli
21:51:48 : Direct: Joffrey: hOW TO REPAIR
21:51:50 : Direct: [General] Balder [AFT]: inv on car
21:51:57 : Direct: Joffrey: I have a toolkit from car
21:52:00 : Direct: Joffrey: What button to repar?
21:52:02 : Direct: [General] Balder [AFT]: OK
21:52:02 : Direct: Joffrey: repair*
21:52:05 : Direct: [General] Balder [AFT]: WINDOWS KEY
21:52:21 : Direct: [General] Balder [AFT]: windows key
21:52:33 : Direct: [General] Balder [AFT]: and then repair vehicle
21:53:38 : Direct: Zelena: Hello.
21:53:52 : Group: [Cpl] TheGreatAndBrave: RoD
21:54:07 : Direct: Zelena: thor
21:54:15 : Direct: Zelena: thor
21:54:20 : Group: [Cpl] TheGreatAndBrave: WTF is happening with ts and shit-?
21:54:23 : Direct: Zelena: can i have a lift
21:54:24 : Direct: Thorgaard: Ye?
21:54:25 : Direct: Zelena: to the aff
21:54:26 : Direct: Zelena: plz
21:54:30 : Direct: Thorgaard: :(
21:54:34 : Direct: Thorgaard: Now now bro
21:54:43 : Group: [Cpl] TheGreatAndBrave: I am in the right server but im not in your channel
21:54:48 : Direct: Zelena: well?
21:54:50 : Direct: Zelena: yes or no
21:54:56 : Direct: Thorgaard: its a no from me
21:55:00 : Direct: DeepfriedBuffel: sir
21:55:02 : Vehicle: Joffrey: Fly faster
21:55:04 : Direct: Zelena: k
21:55:04 : Direct: DeepfriedBuffel: where do we run?
21:55:11 : Vehicle: Joffrey: yay
21:55:12 : Direct: DeepfriedBuffel: ?
21:55:16 : Vehicle: Joffrey: ok prepair for landing
21:55:39 : Direct: DeepfriedBuffel: can we knock u out and get 3 mil now?
21:56:13 : Direct: DeepfriedBuffel: sir
21:56:18 : Direct: DeepfriedBuffel: were do we run?
21:56:22 : Direct: Ted Blackburn: Rob?
21:56:35 : Direct: Joffrey: Its not letting me out
21:56:42 : Direct: DeepfriedBuffel: where do we run rob??
21:56:44 : Direct: Ted Blackburn: Rob do you like to eat potatoes?
21:56:51 : Direct: Joffrey: wtf
21:56:58 : Direct: [General] Balder [AFT]: GET OUT
21:57:00 : Direct: Joffrey: I CANT
21:57:05 : Direct: Ted Blackburn: Rob do you like potatoes and tomatoes?
21:57:47 : Group: [Cpl] TheGreatAndBrave: Can anyone get me up in the channel where im supposed to be
21:58:03 : Vehicle: Joffrey: WHERE YOU GOING
21:58:34 : Group: JRasserL: .
22:00:53 : Vehicle: Joffrey: Going to reconnect
22:01:06 : Vehicle: Joffrey: Balder
22:02:13 : Group: Zelena: Im stuck reciving data
22:02:14 : Group: Zelena: wtf
22:02:33 : Group: [APD] SPC. Sean: wheres that medic and i got disconnected from ts?
22:02:52 : Group: Rob: go on the other ts
22:03:00 : Group: [Cpl] WarGamer : ts?
22:03:12 : Group: [APD] SPC. Sean: can someone text that medic 
22:03:25 : Group: [APD] SPC. Sean: yeah
22:03:44 : Group: [APD] SPC. Sean: tell that medic not to come to me am respawning hes taking to long
22:03:46 : Direct: [APD] Martyr: Guys
22:03:47 : Direct: vladimir rosskowizky: comeone you go just with taser against 3 with rifles thats not roleplaying man
22:03:52 : Direct: [APD] Martyr: 67th.co.uk
22:03:54 : Direct: [APD] Martyr: ts
22:04:23 : Direct: Dimitri Volkov: how you see we are in the proccesijng
22:05:28 : Group: [Pvt] Original: we need a ts
22:05:43 : Group: [General] RoD: guys
22:05:47 : Group: [General] RoD: ts?
22:05:53 : Group: [Cpl] ANGeR: 67th.co.uk
22:06:16 : Group: [Pvt] Original: max clients
22:06:28 : Group: [Pvt] Sig:  Connection failed because the server reached its maximum amount of clients.
22:06:36 : Group: [General] RoD: i cant
22:07:57 : Group: [General] RoD: Olympus.Teamspeak3.com
22:08:01 : Group: [General] RoD: connect to that teamspeak
22:08:05 : Group: [General] RoD: guards
22:08:06 : Group: [General] RoD: Olympus.Teamspeak3.com
22:08:31 : Group: [General] RoD: Olympus.Teamspeak3.com
22:08:34 : Group: [General] RoD: connect
22:08:58 : Group: [General] RoD: Olympus.Teamspeak3.com
22:13:48 : Direct: [APD] Martyr: out
22:13:53 : Vehicle: [APD] Martyr: out
22:13:57 : Vehicle: [APD] Martyr: buffalo
22:15:16 : Direct: [Cpl] ANGeR: martyr
22:15:22 : Direct: [Cpl] ANGeR: can you move away a lil bit 
22:15:31 : Direct: [Cpl] ANGeR: sound is fuckin me up
22:15:41 : Direct: [Cpl] ANGeR: thanks
22:15:47 : Direct: [Pvt] Kryptic : I cant buy guns!!!!
22:21:49 : Group: Ted Blackburn: Hi
22:21:54 : Group: Ted Blackburn: Invite DeepFriedBuffalo
22:22:49 : Group: DeepfriedBuffel: do u guys have ts_
22:23:43 : Direct: [Pvt] Kryptic : perm me to buy from rebel weapon please
22:25:02 : Group: DeepfriedBuffel: dude 
22:25:05 : Group: DeepfriedBuffel: buy c4
22:25:12 : Group: DeepfriedBuffel: to breake the walls
22:25:27 : Group: Agent. Cobra: Im out guys
22:33:21 : Direct: Zajac72: give me money
22:41:03 : Direct: [Pvt] Kryptic : ted youve got that... just tell your mom I left the money on the table
22:41:14 : Direct: Ted Blackburn: whaaaaat? :D
22:42:27 : Group: [Pvt] Kryptic : liveplay.ts3.wtf ts channel me, connor and alex r in
22:42:47 : Group: [Pvt] Kryptic : aaaand alex left D;
22:42:58 : Direct: [APD] Supt. Hamilton: wont work
22:43:15 : Group: [APD] Martyr: 67th.co.uk
22:43:19 : Group: [APD] Martyr: USE THAT TS!!
22:43:33 : Group: [Pvt] Kryptic : liveplay.ts3.wtf
22:44:51 : Group: [APD] Martyr: Why is checkpoint fucked?
22:45:44 : Group: [APD] Martyr: 67TH.CO.UK
22:46:36 : Group: [APD] PC. Spectreh.W: 67th.co.uk
22:46:47 : Group: [Cpl] Connor.M: guy heli pad mansion
22:47:23 : Direct: White Bob: fuck you copper
22:47:27 : Direct: «ŦŘĐ» Juan Black: lol
22:47:35 : Group: [APD] PC. Spectreh.W: well dont talk in group please
22:49:49 : Direct: Ted Blackburn: Shall I just kill you man
22:49:50 : Direct: Ted Blackburn: ?
22:49:55 : Group: [APD] SPC. Sean: dont know lost him]
22:49:59 : Group: [APD] PC. Spectreh.W: we dont know
22:50:44 : Group: [APD] PC. Spectreh.W: try to join frequently
22:51:00 : Group: [APD] PC. Spectreh.W: you will get in eventually if you try many times
22:51:34 : Group: [APD] SPC. Sean: you are joiningi the 67th one arent you?
22:51:57 : Group: [APD] Sgt. Morrisino: he's right client list is full
22:51:59 : Direct: [HATO] Balder: IM TESTING MY RACING WHEEL ON ARMA
22:52:47 : Group: [APD] SPC. Sean: be back in 5min
22:55:35 : Direct: Ted Blackburn: 450K
22:55:36 : Direct: Ted Blackburn: ffs
22:55:44 : Direct: Ted Blackburn: it was more
22:55:49 : Direct: Ted Blackburn: but you guys are scumbags
22:55:50 : Direct: Ted Blackburn: :D
22:56:24 : Direct: Ted Blackburn: Are you fucking kidding me?
22:56:25 : Direct: Ted Blackburn: :D
22:56:27 : Direct: Ted Blackburn: Rly?
22:56:29 : Direct: Ted Blackburn: :D
22:56:33 : Direct: Ted Blackburn: xDDDDDDDDDDDDDD
22:56:35 : Direct: Ted Blackburn: Guys
22:56:49 : Direct: Ted Blackburn: xD
22:57:00 : Group: [APD] Supt. Hamilton: martyr check out the finish line
22:57:32 : Direct: Ted Blackburn: BYE! :D
22:57:32 : Direct: Ted Blackburn: xD
22:57:34 : Direct: Ted Blackburn: Thanks xD
22:59:01 : Group: [Cpl] Connor.M: did any1 pick up a gun on heli pad?
23:02:50 : Direct: White Bob: ooc its a server event
23:03:18 : Direct: [APD] Sgt. Morrisino: why did you just shoot his tyres out??
23:03:26 : Direct: White Bob: i didnt i shot at them
23:03:31 : Direct: White Bob: i didnt hit them
23:03:40 : Direct: [APD] Sgt. Morrisino: well hes now dead
23:03:42 : Group: [Pvt] Kryptic : rOD MAY OPEN THE DOOR?
23:03:46 : Direct: White Bob: and?
23:03:52 : Direct: White Bob: thats my fault?
23:08:32 : Direct: [APD] Martyr: omg
23:08:32 : Group: [Pvt] Kryptic : liveplay.ts3.wtf TS CHANNEL
23:08:38 : Direct: [APD] Martyr: sorry
23:08:40 : Direct: [APD] Martyr: so many people
23:08:51 : Group: [APD] Sgt. Morrisino: join ts.gamepointeu.co.uk
23:10:19 : Direct: Tokei Montez: .
23:10:58 : Group: [APD] SPC. DerRivE: ts.gamepointeu.co.uk
23:10:58 : Group: [APD] SPC. DerRivE: ts.gamepointeu.co.uk
23:11:11 : Direct: White Bob: martyr
23:11:21 : Direct: White Bob: i was banned from ts
23:11:22 : Direct: [APD] Martyr: Sup?
23:11:24 : Direct: [APD] Sgt. Morrisino: SAME
23:11:25 : Direct: [APD] Martyr: What for?
23:11:31 : Direct: White Bob: my name was dru
23:11:34 : Direct: [APD] Martyr: I only see Dru on the ban list
23:11:35 : Direct: [APD] Sgt. Morrisino: BEING CALLED DRU
23:11:57 : Direct: [APD] Martyr: The new event will be on sunday btw guys
23:12:06 : Direct: [APD] Martyr: so you can have a chance at the Donor 4 and 3 mill
23:12:36 : Direct: White Bob: am i going to be unbanned/?
23:12:45 : Direct: White Bob: will i be unbanned?
23:13:02 : Direct: [APD] Martyr: I can't see white bob
23:13:14 : Direct: [APD] Martyr: Only dru is on ban list
23:13:16 : Direct: White Bob: my name was Dru
23:13:21 : Direct: [APD] Martyr: Nono
23:13:23 : Direct: [APD] Sgt. Morrisino: so was mine
23:13:26 : Direct: [APD] Martyr: Your name is white bob
23:13:45 : Direct: [APD] Sgt. Morrisino: mine and white bob changed name to Dru
23:13:55 : Direct: [APD] Sgt. Morrisino: me*
23:14:05 : Direct: Black Bob: Banhammer boysss
23:15:31 : Direct: White Bob: send em to jail
23:15:38 : Direct: White Bob: cock suka
23:16:50 : Group: [Pvt] Kryptic : Anthony my friend
23:29:03 : Direct: Mr. Brownstone: the fuck?
23:29:44 : Direct: Multivit: yes
23:30:00 : Group: [Pvt] Kryptic : Why shoot?
23:30:13 : Group: [Sgt] Ahmed: stop backfliping next to mansion
23:30:19 : Group: [Pvt] Kryptic : ok D:
23:31:38 : Direct: [HATO] Balder : gamepointeu.co.uk
23:33:16 : Group: [Pvt] Kryptic : eyyy 6 in a row ;D
23:33:32 : Group: [Pvt] Kryptic : New pb
23:34:40 : Group: [Sgt] Ahmed: stop
23:34:50 : Direct: [Mafia] Luca di Maggio : hends up
23:38:56 : Group: [Sgt] Ahmed: ts.gamepointeu.co.uk
23:39:32 : Direct: [Pvt] Kryptic : Again??
23:39:41 : Direct: [Pvt] Kryptic : I wrote wrong
23:49:02 : Direct: Zajac72: l not have money
23:52:51 : Direct: Zajac72: l not speak anglish
23:55:40 : Direct: Pavel Beránek: hi
