00:00:36 : Direct: [APD]Chf Insp. Eukanubae: u
00:01:19 : Group: Torrance: AFK
00:05:48 : Direct: [APD] Supt. MrDunis: cant hear you
00:05:50 : Direct: General Tank: just mining salt
00:05:58 : Direct: [APD] Chief. Stalks: We have a known gang that operate in the area sir, they often steal from people
00:06:16 : Direct: [APD] Supt. MrDunis: Oh thats nice. We just wanted to check that you are fine. We saw a strider driving the area and we have gotten reports of people getting robbed
00:06:22 : Group: Major Mint: still there dru?
00:06:27 : Direct: [APD] Supt. MrDunis: So we decided to come and check up on you
00:06:33 : Direct: General Tank: no im fine
00:06:42 : Group: Torrance: what mic/headset do you have?
00:06:46 : Group: General Tank: yeah cops here
00:06:54 : Direct: [APD] Chief. Stalks: We'll be in the area if you need us sir!
00:06:59 : Direct: [APD] Supt. MrDunis: Alright sir. We will continue our patrol then. We will be around if you need us
00:07:08 : Direct: General Tank: ok thank you very much
00:07:15 : Group: Torrance: i'm going to buy something like that tomorrow
00:23:21 : Group: Torrance: np
00:26:58 : Group: [APD] Supt. MrDunis: Hadar
00:31:18 : Group: Torrance: shift + H
00:37:00 : Direct: HarryDaWizard: /voteday
00:47:31 : Group: Torrance: JUST PRESS y  AND SYNC DATA
00:47:36 : Group: Torrance: lol
00:55:47 : Direct: [APD]Chf Insp. Eukanubae: get in then
00:59:13 : Direct: [APD] Supt. MrDunis: gamepointeu.co.uk
01:07:11 : Group: Andrea Miller: hi
01:08:23 : Group: Torrance: my name on steam is TORRANCETHETHIRD
01:09:24 : Group: Torrance: TORRANCETHETHIRD
01:17:31 : Group: [APD] SPC. Thorben: .
01:17:51 : Group: Major Mint: how do you start this shit up?
01:18:16 : Group: Flames: get out
01:18:19 : Group: Flames: windows key on it
01:18:23 : Group: Flames: make sure the engine is off
01:18:32 : Group: Flames: .if you cant then tehy too close together
01:19:14 : Direct: [APD] SPC. Thorben: you hqve no lincence for the gun you hqve 
01:20:05 : Direct: Major Mint: ts down?
01:20:13 : Direct: Flames: just you honey
01:20:20 : Direct: General Beast: Bt connecton
01:20:26 : Direct: Major Mint: Probs 
01:20:49 : Direct: [APD] SPC. Thorben: i  will have to take your wepon and i will give you a ticket off 35k
01:21:47 : Direct: Flames: Mints getting buttfucked
01:22:01 : Direct: General Beast: mint
01:22:03 : Direct: General Beast: beast
01:22:04 : Direct: Major Mint: Beast
01:23:56 : Direct: [APD] SPC. Thorben: they need help at herion 4 tempest
01:23:58 : Group: [APD] Chief. Stalks: all units to heroin NOW
01:24:03 : Group: [APD] Chief. Stalks: 4 TEMPEST
01:24:56 : Group: Steve: your not driving again 
01:25:39 : Group: Torrance: CLASSY
01:31:29 : Group: Torrance: i got it
01:37:42 : Group: Torrance: i.m fixing mine first
01:42:35 : Group: Torrance: I've been to Bergen
01:42:42 : Group: Torrance: and Kristiansund
01:43:46 : Group: Torrance: v?
01:47:08 : Group: Andrea Miller: dont comment...
01:47:31 : Group: Andrea Miller: the mouse steard the other way... i didnt press ALTx2
01:47:39 : Group: Torrance: try and spawn close to here?
01:47:43 : Group: Andrea Miller: medic is coming?
01:48:20 : Group: Andrea Miller: need to wait 1 min first...
01:48:36 : Group: Andrea Miller: no fucking medic is alive...
01:49:00 : Group: Andrea Miller: im gonna die xD
01:49:10 : Group: Andrea Miller: take my car if u can oki?
01:49:25 : Group: Torrance: sure
01:49:43 : Group: Torrance: i'll repair it and garage it
01:51:10 : Group: Torrance: i can't store it because it's not mine
01:51:24 : Group: Torrance: i'll come pick you up.
01:52:58 : Group: Torrance: have to repair the wheel
01:53:02 : Group: Torrance: lol
01:54:06 : Direct: [APD] SPC. Thorben: im going to give you a 100k ticket
01:55:00 : Direct: [APD] SPC. Thorben: can you drop your wepon pls on the ground and walk away
01:55:20 : Direct: INFINITE_PRIME15: YEA 
01:55:34 : Group: General Tank: i dont have 1
01:55:45 : Direct: [APD] SPC. Thorben: pls drop the wepon
01:55:46 : Direct: General Tank: i dont have 1
01:56:07 : Direct: [APD] SPC. Thorben: can you ddrop your backpack
01:56:41 : Direct: [APD] SPC. Thorben: ok seem to be clear tnx
01:56:47 : Direct: [APD] SPC. Thorben: you are free to go
02:01:19 : Group: Torrance: right mouse button for sight
02:01:32 : Group: Torrance: F to change rate of fire
02:02:31 : Group: Flames: fuck skae
02:02:35 : Group: Flames: why now internet
02:05:17 : Group: Torrance: CAN'T BELIEVE IT
02:05:24 : Group: Torrance: lol
02:05:30 : Group: Torrance: i see that now
02:05:44 : Group: Torrance: no you can't
02:06:11 : Group: Torrance: i called a medic but none available
02:06:40 : Group: Torrance: waiting for respawn
02:06:49 : Group: Torrance: i think i might just go now
02:07:21 : Group: Torrance: So you're busy after 1pm Norway time?
02:07:48 : Group: Torrance: what are you doing?
02:07:57 : Group: Torrance: okay
02:08:13 : Group: Torrance: okay, good night
02:21:37 : Direct: Flames: WAHT THE FUCK GUYS
02:21:58 : Direct: Flames: I WONT SUCK YOUR COCK OFFICER
02:23:52 : Direct: Flames: help
02:23:55 : Direct: Flames: im all alone
03:25:50 : Group: General Beast: 1001900
03:28:11 : Group: General Beast: 2157000
03:33:58 : Group: Flames: 3.733m
03:34:03 : Group: Flames: 2.284
03:51:31 : Direct: Ryan Jeichi: /voteday
14:37:56 : Group: VibZ: /day
16:47:14 : Group: HarryDaWizard: Fuck the server restarts in 15 minutes
17:36:13 : Group: HarryDaWizard: XD
18:11:30 : Group: TheGreatAndBrave: How many police officers where there at cocain?
18:15:47 : Direct: Iain: GET IN MY VAN KID
18:20:20 : Group: TheGreatAndBrave: Do you guys need some help with the APD?
18:20:47 : Direct: [APD] Chief. Stalks: Jail time for you sir! Theres always openings in the APD if you decide to go straight!
18:37:55 : Direct: [APD] Chief. Stalks: whats the problem?
18:38:04 : Direct: Nathan : GERT OUT
18:39:12 : Direct: [APD] Chief. Stalks: its not an admin
18:39:31 : Direct: [APD] Chief. Stalks: if you have admins problems, or want to speak to an admin.. log on to teamspeak
18:40:07 : Direct: [APD] Chief. Stalks: You want 300k for what?
18:40:42 : Direct: [APD] Chief. Stalks: you say you was teleported to the oil rig?
18:41:13 : Direct: [APD] Chief. Stalks: the oil rig is still underconstruction, a few problems at the moment with it
18:41:46 : Direct: [APD] Chief. Stalks: I can barely hear you
18:42:41 : Direct: [APD] Chief. Stalks: i'll give you both 150k
18:43:01 : Direct: [APD] Chief. Stalks: one sec
18:44:10 : Direct: [APD] Chief. Stalks: i'll give you both 300k if you stop acting like a pair of tits and use some respect when you speak to people
18:44:35 : Direct: [NHS S.F.O.]Dan: Damn 300k ;)
18:45:50 : Direct: [APD] Chief. Stalks: both have 300k
18:45:59 : Direct: [APD] Chief. Stalks: Don't talk to people like shit next time, always helps
18:46:08 : Direct: [APD] Chief. Stalks: Hi Mike!
18:46:21 : Direct: [APD] Chief. Stalks: sure, how much would you like
18:47:16 : Direct: [APD] Chief. Stalks: mmmm you here?
18:47:21 : Direct: [NHS Medic] Mike: Yes
18:47:22 : Direct: [APD] Chief. Stalks: its not registering you 
18:47:33 : Direct: [NHS Medic] Mike: Uhm
18:48:09 : Direct: [APD] Chief. Stalks: player doesnt seem to exist
18:48:10 : Direct: [APD] Chief. Stalks: :x
18:48:18 : Direct: [NHS Medic] Mike: :o
18:48:36 : Direct: [NHS Medic] Mike: Np lol
18:48:45 : Direct: [APD] Chief. Stalks:  /kiss
18:53:48 : Group: [APD] Chief. Stalks: stolen huron heading out of kavala :p
19:05:24 : Direct: White Bob: move the car plesae
19:06:57 : Direct: [APD] Chief. Hamilton: GET OUT OF HERE MEDIC
19:09:24 : Direct: [APD] Chief. Hamilton: want a lift?
19:09:38 : Direct: [APD] Chief. Hamilton: want a lift or not? 5 seconds
19:11:19 : Direct: Emil: night
19:19:25 : Direct: Lukas Finzel: fuck off
19:19:50 : Direct: Lukas Finzel: dont get out
19:19:52 : Direct: Lukas Finzel: or will be shot
19:19:58 : Direct: White Bob: im dead you fucking idiot
19:19:59 : Direct: Lukas Finzel: drop your guns in the car
19:20:04 : Direct: Lukas Finzel: and get out 
19:20:10 : Direct: Lukas Finzel: if you face me
19:20:11 : Direct: Lukas Finzel: u ded
19:24:47 : Direct: [NHS S.F.O.]Dan: NICK YOUR ALIVE??
19:30:10 : Direct: White Bob: ty
19:31:16 : Direct: White Bob: hello?
19:32:38 : Group: Geoff: wanker
19:32:55 : Group: Padawan: fu
19:33:27 : Direct: White Bob: AWAY FROM MY CAR YOU RAG HEADS
19:35:16 : Group: Geoff: turtles ?
19:38:44 : Direct: VibZ: INSPECTOR THERE IS A ARMED GUY IN GREEN OFFROAD AND IN THE ORANGE HATCHBACK
19:42:55 : Direct: White Bob: im relaxing this is a public area
19:43:23 : Direct: White Bob: what do you want fuck face
19:44:02 : Direct: Iain: /voteday
19:44:21 : Group: [APD] Supt. MrDunis: Nifo & Dunis doing hellcat patrol. If eyes are needed message us and we will be there!
19:45:23 : Group: [APD] Chief. Hamilton: dunis check heroin field and processor
19:45:49 : Group: [APD] Supt. MrDunis: Alright
19:45:52 : Group: [APD] Supt. MrDunis: On our way
19:46:35 : Group: TheGreatAndBrave: Sorry misclick
19:47:52 : Direct: White Bob: 'ello
19:48:24 : Direct: White Bob: my name is white bob
19:48:35 : Direct: White Bob: yes i seen him
19:48:40 : Direct: White Bob: you may
19:49:28 : Vehicle: Gamer: wait as we will die....
19:49:51 : Group: [APD] Supt. MrDunis: Looks empty
19:50:15 : Group: [APD] Chief. Hamilton: did you check field
19:50:15 : Group: [APD] SPC. Nick Nolif: Got a ship mark going towards turtle poaching if you could come in a speed boat hamilton
19:50:23 : Group: [APD] SPC. Nick Nolif: nope we're going to the turtle poaching
19:50:34 : Group: [APD] Chief. Hamilton: i need you to chec kthe field
19:52:15 : Group: [APD] Supt. MrDunis: Empty
19:52:21 : Group: [APD] Chief. Hamilton: ok go check turtle
19:55:36 : Direct: Magne: hey
19:55:43 : Direct: Magne: I will cover from police
19:56:27 : Direct: Magne: Hey
19:56:34 : Direct: Magne: Hey
19:56:40 : Direct: Jonas Miller: hey
19:56:50 : Direct: Magne: I was just looking for police camping
19:56:56 : Direct: Magne: I hate the police
19:56:58 : Direct: Jonas Miller: where can i buy cocain seeds?
19:57:00 : Direct: Jonas Miller: yeah
19:57:07 : Direct: Jonas Miller: im new here XD
19:57:12 : Direct: Magne: You harvest them
19:57:18 : Direct: Jonas Miller: from the field?
19:57:19 : Direct: Magne: At the north point of the island
19:57:22 : Direct: Magne: yes
19:57:26 : Direct: Magne: Then you process it
19:57:31 : Direct: Jonas Miller: i have been there and couldnt get anything from it
19:57:37 : Direct: Jonas Miller: pressed the windows key
19:57:39 : Direct: Magne: Press WINDOWS key
19:57:51 : Direct: Magne: You need to stand in the middle of th circle
19:57:53 : Direct: Jonas Miller: hmm, ill try again
19:57:59 : Direct: Jonas Miller: tnx btw
19:58:05 : Group: [APD] Supt. MrDunis: Got a hemmt and heli at the drug dealer
19:58:06 : Direct: Magne: Wanna go there now_
19:58:10 : Direct: Magne: ?
19:58:12 : Direct: Jonas Miller: yeah
19:58:15 : Direct: Magne: hop in
19:58:23 : Direct: Jonas Miller: what about the truck?
19:58:35 : Direct: Magne: Is it locked?
19:58:36 : Group: [APD] Chief. Hamilton: join channel dunis
19:58:39 : Direct: Jonas Miller: yeah
19:58:40 : Group: [APD] Chief. Hamilton: theres only 3 of us
19:58:43 : Group: [APD] Chief. Hamilton: so comms are clear
19:58:44 : Direct: Magne: Then it\s fine
19:58:47 : Direct: Jonas Miller: think ill just drive the truck
19:58:56 : Direct: Magne: I will buy you a new one if someone takes it
19:59:04 : Direct: Jonas Miller: oki
19:59:17 : Direct: Magne: The processing license is 30k
19:59:38 : Vehicle: Jonas Miller: i have 28k do you have some spare?
19:59:47 : Vehicle: Magne: only 250
19:59:54 : Vehicle: Magne: We can go to the atm
19:59:56 : Vehicle: Jonas Miller: ill go to the atm
19:59:58 : Vehicle: Jonas Miller: yeah
20:00:02 : Vehicle: Jonas Miller: tnx
20:01:03 : Vehicle: [APD] Supt. MrDunis: Go jail
20:01:08 : Vehicle: [APD] Supt. MrDunis: AFF member got jailed
20:01:11 : Vehicle: [APD] Supt. MrDunis: possible break out
20:01:47 : Vehicle: Magne: run in and buy it
20:01:54 : Vehicle: Jonas Miller: okey
20:02:00 : Vehicle: [APD] SPC. Nick Nolif: quick fuel stop first
20:02:05 : Group: Padawan: why you both not on ts?
20:02:16 : Group: Cactuar: we on the ftp one
20:02:25 : Group: Cactuar: trying to sort the gang
20:02:44 : Vehicle: Jonas Miller: are we going north now?
20:02:51 : Vehicle: Magne: yup
20:03:04 : Vehicle: Jonas Miller: oki, i can give you some money for it if you want :P
20:03:14 : Vehicle: Magne: im fine >(
20:03:20 : Vehicle: Magne: no worries
20:03:24 : Vehicle: Jonas Miller: oki, tnx
20:03:57 : Group: Geoff: rob coming on - needs invite to gang
20:04:14 : Group: Cactuar: kk
20:04:21 : Vehicle: Jonas Miller: btw im planning on doing more runs with cocain, do you know if the cops are patroling the "cocain path" often?
20:04:38 : Vehicle: Magne: They usually camp processing or dealer
20:04:49 : Vehicle: Jonas Miller: and im thinking of buying a chopper instead of a truck, is that smart?
20:04:51 : Vehicle: Jonas Miller: oh ok
20:04:57 : Vehicle: Magne: always be careful
20:05:03 : Vehicle: Magne: I think so
20:05:09 : Vehicle: Jonas Miller: oki :)
20:05:23 : Vehicle: Magne: Only fill up the backpack and sell that
20:05:30 : Vehicle: Jonas Miller: yeah
20:05:33 : Vehicle: Magne: You need to make it quick usually
20:05:42 : Vehicle: Jonas Miller: oh oki
20:09:12 : Direct: Paddy.C: SORRY
20:09:56 : Group: [NHS]Spammking: im on
20:10:07 : Group: [NHS]Spammking: yea on them now
20:14:01 : Group: [NHS]Spammking: on my way there just getting this final guy he is stuck in the floor
20:14:07 : Group: [NHS]Spammking: need to keep trying to get him
20:14:26 : Group: [NHS] Ryan Jeichi: /pageup
20:14:36 : Group: [NHS] Ryan Jeichi: /page up
20:15:08 : Group: [NHS]Spammking: lol there is a combat logger
20:15:31 : Vehicle: [NHS]Spammking: where to
20:15:40 : Vehicle: HarryDaWizard: Aithra please
20:16:26 : Group: [NHS]Spammking: lol that combat log from lian
20:17:05 : Direct: [APD]Chf Insp. Eukanubae: gogo
20:18:04 : Group: Geoff: vertex, remove the plotpole plz
20:18:59 : Group: [NHS]Spammking: can somebody get jimmy outside of kavala
20:19:07 : Group: [NHS] Connor Jeichi: omw
20:19:10 : Group: [NHS]Spammking: nice
20:20:15 : Group: Geoff: revox - how to remove pole ?
20:20:15 : Group: [NHS]Spammking: lol another combat log
20:20:16 : Direct: Jimmy: Help mee
20:20:33 : Direct: Flames: Hello officer
20:20:46 : Direct: Flames: I had a license
20:20:57 : Direct: Flames: I cant hear
20:21:00 : Group: Cactuar: U WANT HIM TO REMOVE IT?
20:21:01 : Direct: Flames: The heli is too loud
20:21:08 : Group: Geoff: yes
20:21:31 : Group: Cactuar: we will loose the base
20:21:44 : Group: Geoff: he's going to comp us back to 10, and then rebuild
20:21:46 : Group: Cactuar: all items will get deleted]
20:21:54 : Direct: gebruiker: dude i can't hear u ma friend
20:22:19 : Direct: benco: U WANNA GO FOR A WALK
20:22:38 : Direct: gebruiker: Why?
20:22:39 : Direct: benco: U WANNA GO FORA WALK
20:22:50 : Direct: benco: dunna just down the road m8
20:23:00 : Direct: gebruiker: no m8 dont trust u
20:23:53 : Group: Cactuar: so do we need to start another gang?#
20:23:59 : Group: Cactuar: and leave this 1?
20:24:02 : Group: Geoff: possibly
20:24:07 : Direct: benco: u wanna buy a gun
20:25:30 : Group: Geoff: disband gang revox
20:28:51 : Group: Tango: rip ts
20:29:11 : Group: Tango: anyone else get kicked out of ts?
20:29:22 : Group: VibZ: yoiur shit internet
20:29:25 : Group: Tango: k
20:30:04 : Group: Tango: is it actually my internet?
20:30:10 : Group: VibZ: ye
20:30:15 : Group: [APD] SPC. Nick Nolif: hamilton move me please
20:32:54 : Vehicle: Flames: Hey buddy
20:33:20 : Group: Andrea Miller: YOU HEAR ME?
20:34:41 : Group: Torrance: i got killed
20:35:04 : Group: Andrea Miller: how?
20:35:20 : Group: Torrance: somebody tried to rob me
20:35:42 : Vehicle: Flames: Kavala?
20:36:18 : Vehicle: Tango: u guys cant parachute onto kavala
20:36:21 : Vehicle: Tango: can*
20:36:25 : Group: [NHS S.F.O.]Dan: LADS shall i stay in Kavala just in case?
20:36:35 : Group: [APD] SPC. Nick Nolif: responding to timblabla
20:37:12 : Direct: Krizzatul: andrea
20:37:22 : Direct: Krizzatul: how do you make money?
20:38:32 : Direct: General Tank: SUCK MY BALLS
20:38:32 : Direct: Krizzatul: andrea
20:38:40 : Direct: Krizzatul: how do you make money?
20:39:11 : Direct: Krizzatul: how?
20:39:21 : Vehicle: [APD] Chief. Hamilton: servers fucking busy
20:39:27 : Vehicle: [APD] Chief. Hamilton: not enoigh cops
20:39:29 : Direct: Krizzatul: yes but i dont have a car nothing
20:39:35 : Vehicle: [APD] SPC. Randall: finally
20:39:37 : Direct: Krizzatul: dont have money to buy nothing
20:39:37 : Vehicle: Tango: you ready to para anton?
20:39:46 : Direct: Krizzatul: i started with 2.5k
20:40:02 : Direct: Krizzatul: fuck
20:40:23 : Vehicle: Tango: GO GO GO GO
20:44:48 : Group: Andrea Miller: i got killed by a fucking bitch
20:46:18 : Direct: [APD]Chf Insp. Eukanubae: REQUEST HATO FOR REPAIR
20:48:46 : Group: Juvia_Sama: ////
20:50:10 : Group: Andrea Miller: /voteday
20:50:38 : Group: Torrance: AHH MY EYES
20:54:52 : Group: [NHS]Spammking: is anybody gonna be able to get white bob
20:54:55 : Group: [NHS Medic] Mike: Unable to help "white bob" hes in a locked vehicle. 
20:55:02 : Group: [NHS]Spammking: i will get him
20:55:20 : Group: [NHS Medic] Mike: How if its locked? for future reference
20:55:26 : Group: [NHS]Spammking: buy lockpicks
20:55:29 : Group: [NHS Medic] Mike: ah kk
20:58:13 : Group: [APD]Chf Insp. Eukanubae: Dont talk in grp, it lags like fuck atm
20:59:22 : Group: Jonas Miller: ok brb :P
21:07:42 : Direct: [APD] SPC. Randall: fuck you Eukan
21:11:26 : Group: [APD]Chf Insp. Eukanubae: BTW why the F dont cops need a drivers license? xD
21:11:34 : Group: [APD]Chf Insp. Eukanubae: We are all breaking the law!
21:11:35 : Group: [APD] SPC. Nick Nolif: cuz we qualified
21:11:40 : Group: [APD] SPC. Nick Nolif: we're proffesionals
21:11:44 : Group: [APD] SPC. Nick Nolif: well i am atleast
21:15:30 : Group: Flames: go go go 
21:18:03 : Vehicle: [APD] Supt. MrDunis: gamepointeu.co.uk
21:22:07 : Group: [APD] SPC. Nick Nolif: what is going on there
21:22:12 : Group: [APD] SPC. Nick Nolif: me dunis jano on the way
21:22:23 : Group: [APD] Chief. Hamilton: just lurers
21:22:27 : Group: [APD] Chief. Hamilton: i wouldnt bother
21:22:41 : Group: [APD] SPC. Nick Nolif: were coming to check how it goes -Dunis
21:22:45 : Group: [APD] SPC. Nick Nolif: Then we'll drive back - DUnis
21:33:19 : Direct: [APD] Chief. Hamilton: what is it?
21:33:24 : Direct: Maddy MaCum Hide & Seek : a helicopter
21:33:25 : Direct: Shooter McFade: memes
21:33:25 : Direct: VibZ: cant hear ya m8
21:33:39 : Direct: HarryDaWizard: We're off cya later
21:33:44 : Direct: VibZ: love you <@
21:33:51 : Direct: Flames: Cya babes <3
21:33:55 : Direct: Tango: bye hunnybun
21:35:47 : Group: [APD] SPC. Nick Nolif: responding
21:37:24 : Group: [APD] Chief. Stalks: blue truck
21:39:07 : Group: [APD] Supt. MrDunis: Best respone ever
21:39:10 : Group: [APD] Supt. MrDunis: that gun is sick
21:39:37 : Group: [APD] Supt. MrDunis: Wooo Hamilton
21:39:59 : Group: [APD] Supt. MrDunis: get the medics to save us please \3
21:40:10 : Group: [APD] Supt. MrDunis: Woohooo Randall <3
21:40:14 : Direct: Paddy.C: DAMMMMMMMM
21:40:30 : Group: [APD] Sgt. Randall: :)
21:40:48 : Group: [APD] Supt. MrDunis: What guns did they have?
21:40:57 : Group: [APD] Supt. MrDunis: I got scared shitless when they started hsooting
21:40:57 : Group: [APD] Chief. Hamilton: zafir
21:41:06 : Group: [APD] Supt. MrDunis: Tell the medic to get Jano and jano can unlock the car for him
21:41:41 : Direct: Juvia_Sama: FUCK
21:44:52 : Group: [APD]Chf Insp. Eukanubae: Flames and Tim (aff and friends) robberies.
21:44:59 : Group: [APD]Chf Insp. Eukanubae: They do it to KOS so be careful.
21:45:24 : Group: [APD] Chief. Stalks: let them, they suck at any real combat :p
21:46:30 : Direct: Maddy MaCum Hide & Seek : REVIVE
21:46:31 : Direct: Maddy MaCum Hide & Seek : PLZ
21:46:32 : Direct: Maddy MaCum Hide & Seek : DONT GO
21:46:33 : Direct: Maddy MaCum Hide & Seek : WHY
21:46:33 : Direct: Maddy MaCum Hide & Seek : ARE
21:46:34 : Direct: Maddy MaCum Hide & Seek : YOU
21:46:35 : Direct: Maddy MaCum Hide & Seek : GOING
21:46:36 : Direct: Maddy MaCum Hide & Seek : WHAT
21:46:37 : Direct: Maddy MaCum Hide & Seek : THJE
21:46:43 : Direct: Maddy MaCum Hide & Seek : WHY
21:46:44 : Direct: Maddy MaCum Hide & Seek : ARE
21:46:45 : Direct: Maddy MaCum Hide & Seek : YOU
21:46:46 : Direct: Maddy MaCum Hide & Seek : GOING
21:46:46 : Direct: Maddy MaCum Hide & Seek : FAM
21:47:22 : Group: [APD]Chf Insp. Eukanubae: Lag tolif
21:47:23 : Group: [APD] PC. James Skye: 150
21:47:26 : Group: [APD] PC. James Skye: 10% over
21:47:31 : Group: [APD] PC. James Skye: 165
21:47:32 : Group: [APD]Chf Insp. Eukanubae: TOLIF
21:49:06 : Group: [APD] Supt. MrDunis: Eukan get down
21:49:07 : Group: [APD] Supt. MrDunis: to channel
21:49:57 : Group: Paddy.C: MASON WHEN YOU GONNA BE HERE?
21:50:07 : Group: Paddy.D: where??
21:50:15 : Group: Paddy.C: athira
21:50:18 : Group: [APD] Supt. MrDunis: crashed car
21:50:30 : Group: Paddy.D: he's not in game :)
21:50:54 : Group: Paddy.D: he's spawning in athira 
21:51:03 : Group: Paddy.C: ffs hurry up
21:51:05 : Group: [APD]Chf Insp. Eukanubae: sTOP
21:51:05 : Group: Paddy.D: hi dru  btw and other admins 
21:51:24 : Group: Paddy.D: nice to know our secrets are safe
21:51:42 : Group: Paddy.C: fuckin hate how they can see this
21:51:49 : Group: Paddy.D: haha ::P
21:55:49 : Group: Paddy.C: OW YEAH IT WAS MY FUCKING FAULT!!!!/
21:55:54 : Group: Paddy.C: HAVE YOU EVER HEARD OF LAG
21:55:59 : Group: Paddy.C: FUCKIGN 1.25 MIL
21:56:00 : Group: Paddy.G: you better comp me for my gear
21:56:01 : Group: Paddy.C: FSS
21:56:13 : Group: Paddy.C: NEXT TIME WE STICK TO THE FUCKING PLAN
21:56:16 : Group: Paddy.D: ACTUALLY ONLY 600K
21:56:23 : Group: Paddy.C: FUCK OFF
21:56:33 : Group: Paddy.C: THERE;RE 1.25 MIL
22:00:40 : Direct: Maddy MaCum Hide & Seek : shoot out the tail roator
22:02:53 : Direct: Maddy MaCum Hide & Seek : FUCK OFF
22:02:56 : Direct: Maddy MaCum Hide & Seek : FUCK OFF
22:02:57 : Direct: Maddy MaCum Hide & Seek : THIS IS OURS
22:02:59 : Direct: Maddy MaCum Hide & Seek : FUCK OFF
22:04:35 : Direct: Maddy MaCum Hide & Seek : fuck off u runt medic
22:04:56 : Vehicle: VibZ: get out now or die
22:06:46 : Direct: Paddy.G: WHY?
22:06:50 : Direct: Paddy.G: MY GO KART
22:06:55 : Direct: Paddy.G: WHAT THE HELL
22:15:48 : Group: Josephrules: //////VOTE DDAY'
22:15:53 : Group: Josephrules: VOTEB DAYNFSMFL
22:21:08 : Group: [APD] PC.  Jano: RIP CADET
22:22:40 : Group: Ahmed: suck my dick
22:37:11 : Direct: Ahmed: STOP
22:38:14 : Direct: Ahmed: STOP OR DIE
22:46:32 : Direct: Ahmed: pullover
22:46:42 : Direct: Ahmed: or be shot
22:47:16 : Direct: White Bob: ello officer
22:47:27 : Direct: White Bob: im offroading
22:47:36 : Direct: White Bob: im offrading
22:47:44 : Direct: White Bob: im a car entuhsiest officer
22:47:59 : Direct: White Bob: may i be on my way?
22:49:17 : Direct: White Bob: you ok brother?
22:49:18 : Direct: Thomas: help
22:49:22 : Direct: White Bob: how?
22:49:44 : Direct: Thomas: crash into it a little
22:49:53 : Direct: White Bob: its gonna blow
22:49:58 : Direct: Thomas: nvm
22:54:48 : Direct: White Bob: officer?
22:56:02 : Direct: White Bob: offcier
22:56:08 : Direct: VibZ: comp?
22:56:14 : Direct: [APD] SPC. Nick Nolif: FOR
22:56:21 : Direct: White Bob: officer
22:56:38 : Direct: [APD] SPC. Nick Nolif: this is pvp
22:56:39 : Direct: [APD] SPC. Nick Nolif: zone
22:56:49 : Direct: White Bob: officer
22:56:54 : Direct: White Bob: i got shot at
23:03:16 : Direct: Ahmed: STOP OR BE SHOT
23:03:25 : Direct: Kalem: lol
23:21:30 : Direct: [C.S.E.C] Syky: /vote day
23:30:44 : Direct: Kalem: twaT
23:30:50 : Direct: Shooter McFade: hes gonna rev you
23:30:53 : Direct: Shooter McFade: dw
23:30:59 : Direct: Shooter McFade: it was a prank
