00:03:23 : Direct: Kasa: i cant talk
00:03:31 : Direct: Kasa: im in the shop
00:04:34 : Direct: Flames: Sup man
00:04:43 : Direct: White Bob: can i get ur beret?
00:05:01 : Direct: White Bob: plz bby gurl
00:05:13 : Direct: Flames: All tha bobs
00:06:28 : Direct: HussyPunter: LETS GO LADS
00:06:31 : Direct: HussyPunter: COPS ARE ON WAY
00:06:34 : Direct: HussyPunter: WE NEED OUT
00:06:42 : Direct: HussyPunter: GO GO GO
00:06:55 : Direct: HussyPunter: COPS ARE COMING
00:14:54 : Direct: HussyPunter: NOT FAIR
00:15:00 : Vehicle: HussyPunter: BREAK OF RP
00:15:15 : Vehicle: HussyPunter: dude what am i being searched for?
00:15:20 : Vehicle: HussyPunter: driving past?
00:15:42 : Vehicle: HussyPunter: Well i was not
00:15:54 : Vehicle: HussyPunter: you saw me drive up and back down!
00:16:08 : Vehicle: HussyPunter: YOU SAW ME DRIVE UP AND BACK DOWN
00:16:28 : Vehicle: HussyPunter: YOU CANT SEARCH SOMEONE FROM COMING FROM A DIRECTION
00:16:33 : Vehicle: HussyPunter: THAT IS SO STUPID
00:16:37 : Vehicle: HussyPunter: NO YOU DID NOT
00:16:44 : Vehicle: HussyPunter: No one is on that hill
00:17:04 : Direct: HussyPunter: i know no one was on that hill because i drove up that hill
00:17:08 : Direct: HussyPunter: dude fail rp
00:17:21 : Direct: HussyPunter: got evidence of that?
00:17:26 : Direct: [APD] Insp. Martyr: The shots were coming from that direction sir, you were seen leaving that area
00:17:29 : Direct: HussyPunter: because i'd love to see ut
00:17:31 : Direct: HussyPunter: it*
00:17:47 : Direct: HussyPunter: stop complaining or i got to jail
00:17:55 : Direct: [APD] Insp. Martyr: We just need to search you, we have good cause to do a search sir
00:18:05 : Direct: HussyPunter: YOU DID NOT CATCH MER
00:18:13 : Direct: [APD] Insp. Martyr: once we search you and find nothing illegal you will be able to be on your way
00:18:27 : Direct: Major Mint: desync sorry 
00:18:34 : Direct: [APD] Insp. Martyr: np lol
00:18:36 : Vehicle: HussyPunter: I RP'D AS IT SHOULD OF BEEN MOVE ALONG ITS NOT SAFE
00:18:44 : Group: Paddy.D: btw on 20 food and water :P
00:18:57 : Direct: [APD] Insp. Martyr: Sir
00:19:00 : Direct: [APD] Insp. Martyr: if you are going to land
00:19:03 : Direct: Kalem: yea
00:19:07 : Direct: [APD] Insp. Martyr: Please land at the hospital
00:19:14 : Direct: Ahmed: just having a quick wank before i do
00:19:14 : Direct: Kalem: can you repair it for me?
00:19:16 : Group: Paddy.D: ty
00:19:28 : Direct: [APD] Insp. Martyr: Please land on the hospital to avoid being fined
00:19:28 : Direct: Kalem: mrot is red
00:19:30 : Direct: Ahmed: love stroking my knobs
00:29:36 : Direct: Kalem: you have to type in direct chat 
00:32:52 : Direct: [APD] Insp. Martyr: APD
00:34:57 : Group: マタス_Matasu: ･ｺﾆﾁﾜ
00:39:23 : Direct: Magne: That looks safe :)
00:39:31 : Direct: Abimbola: he's drunk so it's ok
00:39:40 : Direct: Magne: aha 
00:39:45 : Group: Kalem: respawn
00:40:25 : Direct: Abimbola: He's taking his flying lessons ahahaha
00:40:52 : Direct: Vertex: lol
00:41:08 : Group: White Bob: IS U GETTTTTTTTTTTTING BANNED BLACK BOY
00:41:47 : Group: Flames: fuck
00:41:49 : Group: Flames: me
00:44:52 : Direct: White Bob: ENJOY DA GUN :)
00:44:59 : Direct: Ice Cube : ty ty
00:45:05 : Direct: Flames: Such a nice guys, you bobs
00:45:10 : Direct: Ice Cube : icecube will enjoy it ; )
00:45:18 : Direct: White Bob: straigh outta comptan
00:45:42 : Direct: Flames: Sorry?
00:45:54 : Direct: Ice Cube : that guy :D 
00:45:57 : Direct: Ice Cube : not u ^^
00:46:07 : Group: [APD] Chief. Stalks: 500k to whoever gets me my helicopter back
00:46:45 : Group: [APD] Chief. Stalks: ok, 1 million to whoever gets my heli back
00:52:00 : Direct: White Bob: i just killed him
00:52:03 : Direct: White Bob: hes mad
00:52:09 : Direct: Yellow Bob: WHO
00:52:13 : Direct: White Bob: bob
00:52:18 : Direct: Yellow Bob: WHY!!!!!!!#
00:52:25 : Direct: White Bob: i thougth it was a safezone
00:52:35 : Direct: Yellow Bob: was he in heli
00:52:38 : Direct: White Bob: ye
00:52:41 : Direct: Yellow Bob: idiot
00:52:45 : Direct: White Bob: but wasent taken off
00:52:48 : Direct: White Bob: harsh
00:52:57 : Direct: Yellow Bob: brb
00:55:18 : Direct: Flames: Ali
00:55:24 : Direct: Flames: I coulda drowned
00:55:35 : Direct: Flames: i want comp for the emotional pain that caused me
00:55:55 : Direct: Flames: MY EYES
00:55:56 : Direct: [APD] SPC. Ali: lol
00:58:21 : Direct: Flames: POLICE ABUSE
00:58:27 : Direct: Kasa: vote/day
00:59:44 : Direct: Flames: Hey babez
00:59:52 : Direct: [APD] Chief. Stalks: no :p
00:59:55 : Direct: Adam is a G: let me out m8
01:10:57 : Group: マタス_Matasu: YAKUZAAAAAAAAAAAAAA
01:17:16 : Direct: Flames: boobs
01:17:34 : Direct: Flames: I did nothing
01:41:06 : Direct: Ahmed: yo whats up
01:42:28 : Direct: Ahmed: yo whats up
01:42:46 : Direct: Ahmed: hows it going
01:43:16 : Direct: Ahmed: STOP OR BE SHOT
01:49:48 : Direct: Flames: do YOU LIKE Peanuts?
01:56:04 : Direct: Flames: we here to sav you
02:12:58 : Direct: Kalem: /vote day
02:32:57 : Group: VibZ: rdm?
03:03:45 : Group: Vertex: what u loling at?
03:59:34 : Group: Kagutsuchi: Never let go Jack!!
04:41:49 : Direct: VibZ: BUCKFAST?
04:43:16 : Direct: VibZ: !day
04:44:29 : Direct: VibZ: KITS?#
04:44:32 : Direct: VibZ: FIRST AID?
04:50:17 : Direct: VibZ: UO?
04:50:19 : Direct: VibZ: Yo
04:50:30 : Direct: VibZ: ye 
04:50:37 : Direct: VibZ: 1.5 mil in da pocket
04:50:40 : Direct: Vertex: DID U BRO MAKE IT IN TIME?
04:50:49 : Direct: Vertex: AH NICE
04:51:03 : Direct: VibZ: ik im sittin on 15 mil atm his sitting on 10 so im beatin him
04:51:17 : Direct: VibZ: but konan tha fucka is on 51.1 mil on him
04:51:27 : Direct: Vertex: HOLY SHIT
04:51:30 : Direct: VibZ: ikr
11:49:51 : Group: [APD] Sgt. Thorben: rembre the 5 mins rule
11:57:07 : Group: [APD] Sgt. Thorben: go on normal patrols 
11:59:36 : Group: [APD] Sgt. Thorben: why you at the drugs dealer 
11:59:46 : Group: [APD] SPC. Nick Nolif: We are patrolling
12:00:20 : Group: [APD] Sgt. Thorben: you on patrol that with a heli  we are only with 3
12:00:31 : Group: [APD] SPC. Nick Nolif: thats the point
12:00:36 : Group: [APD] SPC. Nick Nolif: civies are probably doing drugies
12:00:44 : Group: [APD] SPC. Nick Nolif: if we go in a heli we don't have ground support and theres nothing we can do about it
12:01:43 : Group: [APD] Sgt. Thorben: you too should split up one in a heli and one driving
12:02:02 : Group: [APD] SPC. Nick Nolif: Whats the point
12:03:20 : Group: [APD] Sgt. Thorben: other wise we wount find anyone
12:15:17 : Direct: [APD] SPC. Nick Nolif: /vote night
12:16:05 : Group: [APD] Sgt. Thorben: stop tazing each other pls
12:21:31 : Group: [APD] Sgt. Thorben: can we get a heli in the air pls
12:22:07 : Group: [APD] PC.  Jano: ok
12:28:13 : Direct: [APD] PC.  Jano: HALLO
12:28:52 : Direct: [APD] PC.  Jano: HOW ARE YOU DOING
13:47:26 : Group: White Bob: yo
13:47:29 : Group: White Bob: pick me up
13:49:43 : Group: White Bob: yo
13:50:03 : Group: White Bob: pick me up
13:50:45 : Group: White Bob: im at gang shop
13:51:23 : Group: White Bob: got a heli nvm
13:53:10 : Group: White Bob: wheres da tower bbygurl
13:54:08 : Group: Black Bob: Not yet :(
13:55:11 : Group: White Bob: bby gurl why u do dis
13:55:15 : Group: White Bob: do we have a garage?
13:55:20 : Group: Black Bob: yes
13:55:24 : Group: Black Bob: your standing on it
13:55:28 : Group: White Bob: how do i store a chopper?
13:55:34 : Group: White Bob: ah
13:56:03 : Group: White Bob: you cant get anything out
13:56:17 : Group: Black Bob: a car
13:56:32 : Group: White Bob: im trying dosent work it says theres a vehicle on it
13:56:57 : Group: Black Bob: look at my chopper lol
13:57:01 : Group: Black Bob: it is on the spawn point
13:57:05 : Group: White Bob: move it den
13:57:09 : Group: Black Bob: try now
13:57:31 : Group: White Bob: fuck you
13:57:35 : Group: Black Bob: lol x'D
13:57:43 : Group: White Bob: im outside and cant run now
13:57:58 : Group: White Bob: you broke my leg my dick is bleeding
13:58:12 : Group: Black Bob: it's gonna be oke
13:58:41 : Group: White Bob: come get me cock sucker
13:58:54 : Group: Black Bob: say please
13:59:03 : Group: White Bob: plese come get me cock sucker
13:59:07 : Group: Black Bob: lol
13:59:28 : Group: Black Bob: omw
14:00:06 : Group: White Bob: get me
14:00:15 : Group: Black Bob: need to buy a crowbar
14:00:25 : Group: Black Bob: 5 sec
14:00:26 : Group: Black Bob: 4
14:00:27 : Group: Black Bob: 3
14:00:28 : Group: Black Bob: 2
14:00:30 : Group: Black Bob: 1
14:00:32 : Group: Black Bob: boom
14:01:19 : Group: Black Bob: beter now 2x garage?
14:01:20 : Group: White Bob: fix me
14:01:23 : Group: Black Bob: how?
14:01:28 : Group: White Bob: with a med kit
14:01:39 : Group: Black Bob: give me one?
14:01:55 : Group: White Bob: come here stand still
14:02:06 : Group: Black Bob: you mfucker
14:02:08 : Group: White Bob: erm
14:02:18 : Group: White Bob: didnt think id kill ya nathan survied it
14:02:29 : Group: Black Bob: pick up my money bitch
14:02:41 : Group: White Bob: il pick it up and put it in my account
14:03:36 : Group: White Bob: gtg
14:18:54 : Direct: Kalem: /vote day
14:25:30 : Direct: Ahmed: STOP OR BE SHOT
14:26:58 : Group: [APD] Sgt. Thorben: cadat you need to put the tag on bro
14:34:07 : Direct: Alfred: Please take this in TS
14:42:00 : Direct: Ahmed: stop or be shot
14:45:11 : Group: [APD] Sgt. Thorben: we cant understand if you talk bro too mutch lagg
14:51:19 : Group: [APD] Sgt. Thorben: need me to help you guys?
14:51:34 : Group: [APD] SPC. Nick Nolif: nope we're fine thanks
14:53:29 : Group: [APD] Chief. Stalks: get rekt
14:53:33 : Group: [APD] Supt. MrDunis: lmao
14:53:43 : Group: [APD] Sgt. Thorben: ok you need my help now
14:53:52 : Direct: NickB: shitknob
14:54:09 : Direct: Ahmed: sup fukboi
15:08:52 : Group: [APD] Sgt. Thorben: !
15:29:52 : Group: [APD] Chief. Stalks: ifrit under me, robbing gas stations
15:41:14 : Group: [APD] Chief. Stalks: brb 5mins
16:04:03 : Direct: Jimmy: .
16:14:39 : Direct: Fekky Wap: what are u doing out here
16:17:53 : Direct: Yellow Bob: race?
16:17:58 : Direct: Arod: Sure
16:18:15 : Direct: Black Bob: FIRST ONE AT THE DONATOR ZONE
16:18:19 : Direct: Arod: Roger
16:18:20 : Direct: Arod: 3
16:18:21 : Direct: Arod: 2
16:18:23 : Direct: Arod: 1
16:18:24 : Direct: Arod: GO
16:21:43 : Direct: Krzychukoko: hello?
16:27:48 : Direct: Ice Cube : SIR  i was on 75 kmh 
16:27:56 : Direct: Ice Cube : i got a bit laggy
16:28:00 : Direct: Ice Cube : and i crashed
16:28:19 : Direct: Ice Cube : they blocked the road to
16:29:06 : Direct: Yellow Bob: yep
16:29:10 : Direct: Yellow Bob: i will
16:30:28 : Direct: Ice Cube : RLLY  sir u are giving me a ticked for crashing 
16:30:35 : Direct: Ice Cube : i mean losing control of ca
16:30:42 : Direct: Ice Cube : r
16:30:45 : Direct: Ice Cube : yes ! 
16:31:15 : Direct: Ice Cube : no ! 
16:31:24 : Direct: Ice Cube : no human rights here how i see
16:31:36 : Direct: Ice Cube : look at my car
16:31:56 : Direct: Ice Cube : the rapir of it cost arround 10k ! and it was not fast !
16:31:59 : Direct: Black Bob: /vote no-fog
16:47:12 : Direct: [NHS] Eukanubae: Ty
16:55:22 : Direct: [APD] PC.  Jano: STOP RIGHT NOZ QPD
16:56:25 : Direct: [APD] PC.  Jano: STOP APD
17:12:45 : Direct: Ice Cube : safezone :)
17:15:51 : Direct: Bill: WE GOOD?
17:15:57 : Direct: The Flower Pot Men: he dc
17:15:59 : Direct: The Flower Pot Men: timed out
17:16:04 : Direct: The Flower Pot Men: just going to move his car
17:16:35 : Direct: Bill: im repairing
17:16:43 : Direct: The Flower Pot Men: ty get ali to drag me back
17:16:45 : Direct: Bill: are toolkits infinite?
17:16:49 : Direct: The Flower Pot Men: nop
17:16:59 : Direct: Bill: ali is afk
17:17:16 : Direct: Bill: wtf is up with my animations
17:17:25 : Direct: The Flower Pot Men: btw
17:17:59 : Direct: The Flower Pot Men: you motherfucker lol
17:22:22 : Vehicle: Bill: what does call HATO mean?
17:39:52 : Direct: NickB: YES LAD
17:46:20 : Direct: Bill: :(
17:46:27 : Direct: Bill: y u be mean
17:46:41 : Direct: Bill: u sound like small child
17:46:45 : Direct: NickB: bae
17:47:03 : Direct: NickB: ty vmmm
17:47:06 : Direct: NickB:  <333
17:48:24 : Direct: Bill: hi :)
17:49:25 : Direct: Tango: ali can i have some money? :D
17:49:42 : Direct: NickB: well
17:52:12 : Direct: Bill: lame kids begging
17:52:47 : Direct: Ben: pulling people out in a safe zone is a bannable offence
17:53:08 : Direct: [NHS] Eukanubae: o
17:53:41 : Direct: NickB: feel free to search
17:54:15 : Direct: NickB: ALL I CAN HEAR IS SIDECHAT
17:54:49 : Vehicle: NickB: donator village pls
17:54:50 : Vehicle: NickB: M3
17:54:53 : Vehicle: NickB:  <3
18:10:11 : Direct: Ben: stop
18:11:53 : Direct: Yellow Bob: do you know the strider?
18:11:56 : Direct: [APD] SGT. Nick Nolif: SIR HAVE A GOOD DAY
18:11:56 : Direct: Tango: yeah
18:12:02 : Direct: Yellow Bob: aff?
18:12:06 : Direct: Tango: sorta xD
18:12:11 : Direct: Tango: they wont do anything
18:12:19 : Direct: Yellow Bob: oke good just scared :P
18:12:28 : Direct: Tango: guy comnig over
18:15:17 : Direct: Tango: hey alki
18:15:20 : Direct: Tango: ali
18:15:41 : Direct: The Flower Pot Men: Tnago
18:15:57 : Direct: Flames: wat
18:18:26 : Direct: Bill: i spawned my car
18:18:28 : Direct: Bill: you jumped in
18:18:47 : Direct: Bill: ok maybe it was bug then
18:20:57 : Direct: Flames: THIVES!
18:22:31 : Group: Flames: Major just said you could
18:22:33 : Group: Ben: how much was it?
18:22:39 : Group: Flames: Highest rank not general said you could
18:22:51 : Direct: Yellow Bob: got a mic?
18:24:28 : Direct: TheGreatAndBrave: Do yo have a funcional mic?
18:24:57 : Direct: Flames: I want comp
18:25:01 : Direct: Flames: waa waa comp
18:25:18 : Direct: Flames: Thives
18:25:28 : Direct: Flames: Sell me flashbangs
18:27:24 : Direct: Ben: thank you!
18:28:19 : Direct: The Flower Pot Men: tyty
18:29:30 : Direct: Flames: RIP MY CAR
18:29:44 : Direct: Flames: i will prank killing you soon
18:31:01 : Direct: Flames: YA WOT
18:31:11 : Direct: Flames: OKAY MATE
18:31:16 : Direct: Flames: I UNDERSTAND YA MAN
18:31:21 : Direct: Flames: YEH
18:32:45 : Direct: Flames: Literaly dont understand a word you are saying
18:32:55 : Direct: Flames: Any idea Jano?
18:33:19 : Direct: Flames: Thanks!
18:33:44 : Direct: Flames: I thought you said it was water proof?
18:33:55 : Direct: Flames: Well than
18:34:11 : Direct: Flames: Seems like i misunderstood
18:36:11 : Group: Black Bob: /vote day
18:42:17 : Direct: gebruiker: MEDIC
18:43:31 : Direct: Flames: Alright lads?
18:44:01 : Direct: Flames: Okay officer
18:44:04 : Direct: Flames: I will leave
18:46:38 : Direct: Jelly Baby: What did i do Sir
18:46:57 : Direct: Jelly Baby: i just want to buy a tazer
18:47:01 : Direct: Jelly Baby: i heard you guys sell them
18:48:23 : Direct: Jelly Baby: okie
18:48:27 : Direct: Jelly Baby: can i buy a tazer?
18:48:45 : Direct: Jelly Baby: 5million for tazer?
18:49:16 : Direct: Jelly Baby: give me the tazer and ticket me for 500k
18:49:32 : Direct: Jelly Baby: i want to buy a tazer
18:49:46 : Direct: Jelly Baby: 1 million!
18:50:04 : Direct: Jelly Baby: 1 million for tazer!
18:50:13 : Direct: [APD] SGT. Nick Nolif: 99 million and we start talking
18:50:19 : Direct: Jelly Baby: and give me tazer?
18:52:28 : Direct: Jelly Baby: howdy
18:52:38 : Direct: Jelly Baby: your cop didnt lock it, not my fault
18:53:16 : Direct: Jelly Baby: release me, its chaos here!
18:53:27 : Group: Tango: GREATANDBRAVE WHAT ARE YOU SELLING???
18:53:46 : Group: TheGreatAndBrave: Heroin
18:53:58 : Group: TheGreatAndBrave: sold for about 2 mill
18:54:02 : Group: Tango: ok
18:54:15 : Group: Tango: hopefully price doesnt go down lol
18:54:36 : Group: TheGreatAndBrave: haha, yeah
18:55:16 : Group: TheGreatAndBrave: wow, it actually didn`t go down
18:55:44 : Group: VibZ: ?
18:56:08 : Group: TheGreatAndBrave: The heroin price
18:56:12 : Group: [NHS]Paddy.D: vote day
18:56:16 : Group: [NHS]Paddy.D: damn it
18:59:21 : Direct: White Bob: AY\]
18:59:26 : Direct: White Bob: NHS
19:00:16 : Direct: White Bob: OFFICER
19:00:20 : Direct: White Bob: OFFICER
19:00:45 : Group: [NHS]Paddy.D: you can kill medics 
19:00:59 : Group: [NHS]Paddy.D: if they disobey orders
19:04:13 : Direct: Jelly Baby: sshhh
19:04:17 : Direct: Jelly Baby: im grass
19:04:21 : Direct: [APD] PC. James Skye: okie
19:04:32 : Group: [NHS] Eukanubae: Yea get the rebels first.
19:04:37 : Group: [NHS] Eukanubae: since cops are outnumbered
19:05:54 : Direct: VibZ: TYPE
19:06:11 : Direct: The Flower Pot Men: If you move I will take it as hostility and shoot
19:06:19 : Direct: VibZ: OKEDOEK
19:06:34 : Direct: The Flower Pot Men: if we see any of your men, we will see it as hostility and destroy anythng they bring
19:06:47 : Direct: VibZ: ok
19:07:17 : Direct: The Flower Pot Men: Who is your commanding officer?
19:07:46 : Direct: VibZ: no one
19:07:59 : Direct: The Flower Pot Men: I am going to give you your phone back briefly, I want you to contact your leader and give him my number so we can negotiate
19:08:15 : Direct: The Flower Pot Men: you have 15 seconds then I want you to mute communications again
19:08:59 : Direct: The Flower Pot Men: No
19:09:04 : Direct: The Flower Pot Men: This is a warning
19:09:23 : Direct: The Flower Pot Men: Good
19:09:37 : Direct: The Flower Pot Men: Make sure your communications are muted on ts please ;)
19:10:13 : Direct: The Flower Pot Men: Ok, here is your phone again, we want an HMG within 30 minutes
19:11:05 : Direct: Jelly Baby: yo pig
19:11:09 : Direct: Jelly Baby: give tazer
19:11:15 : Direct: The Flower Pot Men: Persuade harder
19:11:23 : Direct: The Flower Pot Men: A trigger finger isn't good if I cut yours off
19:12:29 : Direct: The Flower Pot Men: What did they say?
19:13:12 : Direct: NickB: PLS DONT LOG
19:13:19 : Direct: NickB: jk feel free to log
19:13:55 : Vehicle: Flames: rip me
19:14:20 : Vehicle: NickB: de commed
19:14:45 : Vehicle: Flames: learn to drive boi
19:15:02 : Direct: NickB: IM DONE
19:15:05 : Direct: NickB: ACTUALLY DONE
19:15:13 : Direct: Flames: so
19:17:18 : Direct: [NHS] Eukanubae: James watch your trigger..
19:17:38 : Direct: [NHS] Eukanubae: James dont flash like that........ watch your triggerfinger...
19:19:44 : Direct: Flames: wazzup shithead
19:21:09 : Direct: Jelly Baby: are you fucking stupid
19:21:24 : Direct: Jelly Baby: 500k to whoever kills this guy
19:21:41 : Vehicle: Jelly Baby: Are police allowed to ram shit?
19:21:54 : Vehicle: [APD] PC. James Skye: you were abusing safe zone
19:22:03 : Vehicle: Jelly Baby: no, you need to learn
19:22:03 : Vehicle: [APD] PC. James Skye: you carnt abuse like that, btw i know ur stalks
19:22:16 : Direct: Jelly Baby: learn
19:22:25 : Direct: Jelly Baby: as soon as 1 tyre is out STOP shooting
19:22:28 : Direct: Jelly Baby: or it repairs
19:22:33 : Direct: [APD] PC. James Skye: oh ok
19:35:31 : Group: [NHS] Eukanubae: Luckyfucker xD
19:39:51 : Vehicle: Ben: WARNING STOP, DON'T MOVE, FREEZE
19:39:52 : Vehicle: Ben: WARNING STOP, DON'T MOVE, FREEZE
19:39:53 : Vehicle: Ben: WARNING STOP, DON'T MOVE, FREEZE
19:50:27 : Direct: Ahmed: can i join you chicken fuckers
19:50:44 : Direct: Ahmed: im going to come fucking kill you all soon
20:08:15 : Vehicle: [APD] Insp. Martyr: wasn't sure if you were afk, was tempted to drop you in the ocean :P
20:08:24 : Vehicle: [APD] Insp. Martyr: drag me up please pal
20:10:11 : Vehicle: [APD] Insp. Martyr: gogo
20:10:30 : Vehicle: [APD] Insp. Martyr: will be bait
20:10:33 : Vehicle: [APD] Insp. Martyr: sirens, lights
20:10:41 : Vehicle: [APD] Insp. Martyr: WHERE ARE YOU GOING
20:13:16 : Group: [NHS] Eukanubae: Gonna be in kavala
20:13:19 : Group: [NHS] Eukanubae: if you are at athira
20:14:11 : Group: [NHS] Mike: OK, I'm just flying around from hospital to hospital every 10 minutes or so, scouting on the way
20:14:28 : Group: [NHS] Eukanubae: I see
20:14:38 : Group: [NHS] Eukanubae: i just crash my helis to respawn, they are too expensive to take out
20:14:39 : Group: [NHS] Mike: brb also
20:19:06 : Group: [NHS] Mike: back
20:19:23 : Group: [NHS] Mike: heading for coke area, 2-3 cas
20:19:30 : Group: [NHS] Eukanubae: alrdy moving
20:19:36 : Group: [NHS] Mike: you good on your own?
20:19:38 : Group: [NHS] Eukanubae: Ye
20:19:42 : Group: [NHS] Mike: kk
20:24:30 : Direct: White Bob: we are
20:24:33 : Direct: Fekky Wap: HELLO
20:24:36 : Direct: White Bob: hello
20:24:36 : Direct: Tango: HAHAHA
20:24:38 : Direct: Fekky Wap: u killled me beforte
20:24:40 : Direct: Tango: I love your iamge
20:24:42 : Direct: Fekky Wap: piece of shit
20:25:01 : Direct: [NHS] Eukanubae: I cant hear ya
20:25:07 : Direct: [NHS] Eukanubae: too much noice..
20:25:22 : Direct: [NHS] Eukanubae: ....
20:25:30 : Direct: [NHS] Eukanubae: want the gun?
20:25:38 : Direct: [NHS] Eukanubae: It was NickB
20:25:39 : Direct: [NHS] Eukanubae: s
20:25:47 : Direct: Kalem: WHAT 
20:25:50 : Direct: Kalem: I CANT HEAR YOU
20:25:54 : Direct: Colonel Sanders: I did not ask for revive
20:25:59 : Direct: [NHS] Eukanubae: NLR dude
20:26:01 : Direct: [NHS] Eukanubae: NLR
20:26:02 : Direct: Kalem: WELL YOUVE BEEN REVIVED
20:26:04 : Direct: [NHS] Eukanubae: No gun for you.
20:31:04 : Direct: Alex Krimes: 2 sec
20:32:12 : Direct: NickB: shitknob
20:32:56 : Direct: NickB: ayyy lmaoo
20:33:13 : Group: NickB: kalem = rekt
20:35:53 : Direct: NickB: yo where is your main roator 
20:36:04 : Vehicle: William: donno
20:38:11 : Group: [APD] Supt. MrDunis: Responding to the crashed guy
20:40:13 : Direct: White Bob: FUCK YOU MEDIC GET THE BOBS
20:40:15 : Group: [APD] Supt. MrDunis: Nes, could you respond to gebrukier?
20:40:24 : Group: [APD] Supt. MrDunis: He crashed by the Agios death bend
20:40:42 : Direct: White Bob: ello?
20:40:50 : Direct: Flames: VibZ is taking you on a tour of kavala
20:41:00 : Direct: Flames: We hope you will enjoy your trip
20:41:00 : Direct: White Bob: YAY!
20:44:14 : Direct: Fekky Wap: i was parked next to u
20:44:22 : Direct: Flames: RAPE
20:44:26 : Direct: Flames: HELP ME MEDIC
20:44:38 : Vehicle: White Bob: cant i am restrained
20:44:39 : Direct: [NHS] Mike: I can't treat rape on the field, Sir! 
20:44:54 : Vehicle: White Bob: ye but i have cuffs on my arms and legs
20:45:00 : Vehicle: White Bob: cant get the gear off of that
20:45:05 : Group: [APD] Supt. MrDunis: Responding to nicolaj
20:45:40 : Direct: White Bob: im on 0 health
20:45:55 : Direct: White Bob: theres a kit in the car.....
20:46:26 : Vehicle: White Bob: i cant drop it unlock
20:46:43 : Direct: Ahmed: STOP OR DIE !!!
20:46:44 : Direct: Ahmed: STOP OR DIE !!!
20:46:45 : Direct: Ahmed: STOP OR DIE !!!
20:46:46 : Direct: Ahmed: STOP OR DIE !!!
20:46:47 : Vehicle: White Bob: its in the car
20:46:51 : Direct: Tango: leave now please
20:46:56 : Direct: Tango: have a nice day medic
20:47:12 : Direct: [NHS] Mike: He is in the heli I can't leave
20:48:36 : Vehicle: White Bob: it was stolen i think
20:49:32 : Vehicle: White Bob: i have to go man ooc
20:53:41 : Direct: NickB: medic
20:53:43 : Direct: NickB: jog on
21:03:54 : Direct: NickB: ur nan is a slag
21:03:59 : Direct: NickB: and i stole your shitty hat
21:04:01 : Direct: NickB: unlucky
21:09:56 : Group: McNUGGETS: hi dru
21:10:08 : Direct: gebruiker: admin?
21:10:21 : Direct: gebruiker: I'm banned from ur ts
21:10:38 : Direct: William: gebrucker needs to join Ts
21:10:41 : Direct: gebruiker: btw I told him stand still or i wil drive u over
21:10:52 : Direct: gebruiker: He didn't listen so i drived him over
21:10:59 : Direct: gebruiker: clear?
21:11:00 : Direct: Magne: gebruiker
21:18:55 : Vehicle: Colonel Sanders: dude - put your gun in backpack otherwise they can shoot us
21:20:57 : Vehicle: Ahmed: removes coms
21:21:07 : Vehicle: Ahmed: you cannot communicate with anyone
21:21:14 : Vehicle: Ahmed: we have removed your phone and gps
21:22:33 : Group: [NHS]Paddy.D: whats going on??
21:23:09 : Direct: Flames: STOP
21:23:20 : Direct: Flames: OUT
21:23:21 : Direct: Emil: OKAY, FOR U FLAMES
21:23:29 : Direct: Flames: OKAY
21:23:33 : Direct: Flames: YOU MAY GO BABY CAKES
21:23:39 : Direct: Flames: luv ya
21:23:46 : Direct: Emil: ahaha
21:24:16 : Vehicle: Ahmed: gags jamie
21:26:24 : Direct: gebruiker: U can heal me.... Intstead of looing at me
21:26:26 : Direct: gebruiker: nvm
21:26:52 : Direct: Rex: allahu akbar
21:27:39 : Direct: Fekky Wap: I TRIED TO WARN U
21:27:57 : Vehicle: El Chapo: against the rules to take vehicle as hostage
21:28:00 : Vehicle: William: allah o akbar
21:28:17 : Vehicle: Magne: ALLAHU AKBAR!
21:28:37 : Direct: Fekky Wap: I WAS HELPING
21:29:11 : Vehicle: William: الله أكبر‎;
21:31:22 : Direct: gebruiker: Can some1 unrestrain me?
21:31:38 : Direct: gebruiker: Am i gonna stand here for ever or what?
21:32:03 : Vehicle: El Chapo: yh hes friend of that other noob
21:32:25 : Group: [APD] Insp. Martyr: Sitrep on ifrit please
21:33:29 : Direct: Antony-J: Mar-10 yeas
21:33:34 : Direct: William: let me touch you baby <3
21:33:40 : Direct: Rex: sorry
21:33:44 : Direct: Rex: so sorry
21:33:47 : Direct: Rex: np
21:33:49 : Direct: Rex: my bad
21:34:07 : Direct: [APD] Insp. fatruff3: YES?
21:34:21 : Group: [APD] Chief. Stalks: you guys chasing the ifrit?
21:34:38 : Group: [APD] SPC. Ali: positive
21:35:33 : Vehicle: [APD] Chief. Stalks: dunis head towards ali 
21:35:39 : Vehicle: [APD] Chief. Stalks: they are following it
21:37:14 : Vehicle: [APD] Chief. Hamilton: AGIOS CP
21:37:15 : Vehicle: [APD] Chief. Stalks: dunis back to kavala
21:37:21 : Vehicle: [APD] Supt. MrDunis: wut
21:37:28 : Vehicle: [APD] Chief. Stalks: ifrit spotted at kavala
21:37:58 : Vehicle: [APD] Supt. MrDunis: ifruit front
21:38:05 : Vehicle: [APD] Supt. MrDunis: left side
21:38:07 : Vehicle: [APD] Chief. Stalks: our left
21:38:45 : Vehicle: [APD] Supt. MrDunis: nice
21:38:53 : Vehicle: [APD] Supt. MrDunis: getting people to crush it
21:40:02 : Group: [APD] Chief. Stalks: road rage driver dead
21:40:21 : Vehicle: [APD] Supt. MrDunis: Going back to station now. Since well we killed him
21:40:31 : Vehicle: [APD] Chief. Hamilton: roger
21:45:48 : Vehicle: Kalem: how much to kill him
21:45:52 : Vehicle: Kalem: ?
21:45:54 : Vehicle: Kalem: ?
21:45:54 : Vehicle: Ahmed: 500k
21:47:44 : Direct: gebruiker: How to pay bail?
21:47:53 : Direct: gebruiker: how to pay bail guys?
21:48:41 : Group: White Bob: are you in ts with eubankle?
21:48:52 : Vehicle: Magne: mISTA DU VÅPENET?
21:48:54 : Direct: gebruiker: can you pay bail?
21:49:01 : Vehicle: William: nei
21:49:11 : Vehicle: Magne: Prat på skaip aaa
21:49:20 : Vehicle: William: venta, 2 sek
21:49:33 : Direct: Flames: bye
21:49:45 : Direct: gebruiker: HOW TO PAY BAIL!!!!?!??!?!?!
21:50:05 : Direct: gebruiker: !!!!
21:51:36 : Vehicle: William: hva skjer?
21:51:43 : Vehicle: Magne: skaip
21:52:11 : Vehicle: William: har  på headsettet
21:53:44 : Vehicle: William: ja det gjør jeg
21:54:30 : Group: William: why ugo
21:56:45 : Group: Flames: we too noisey for you guys? : - (
21:58:06 : Direct: Ahmed: STOP OR BE SHOT
22:02:01 : Vehicle: William: nei
22:02:05 : Vehicle: William: nei
22:02:31 : Direct: Flames: name?
22:02:36 : Direct: White Bob: white bob
22:02:42 : Direct: Flames: hey buddy
22:03:00 : Direct: Flames: whats going on?
22:03:06 : Direct: White Bob: u need a lift?
22:03:12 : Direct: Flames: im cool for now
22:03:15 : Group: [APD] Insp. Martyr: anything happening?
22:05:37 : Direct: Anjo Diabolico: thx
22:06:56 : Direct: Jack Russel: I haven't done anything
22:08:44 : Direct: Jack Russel: Hahahahaha
22:09:09 : Vehicle: NickB: explain pls
22:09:11 : Direct: Jack Russel: Yes
22:09:12 : Vehicle: NickB: the fuck is going on
22:09:20 : Vehicle: Ahmed: he thinks were going to college now
22:09:25 : Vehicle: NickB: sick
22:09:26 : Vehicle: Kalem: he thinks were abouta leave to go to college
22:09:28 : Direct: Jack Russel: Yes
22:09:28 : Vehicle: Ahmed: even tho its 9
22:09:44 : Group: [NHS] Eukanubae: Jimmi at kavala.
22:11:27 : Direct: [APD] Chief. Hamilton: Yes
22:12:06 : Vehicle: nicolaj: ty
22:13:17 : Group: [APD] Chief. Stalks: hamilton
22:13:20 : Group: [APD] Chief. Stalks: his on wanted list
22:16:27 : Vehicle: William: hva skjer?
22:16:35 : Vehicle: William: fu a
22:20:41 : Vehicle: Flames: i was looking for ducky
22:20:50 : Vehicle: Flames: said his last location was there on the map
22:21:07 : Vehicle: Flames: can you drop me at brum brum?
22:21:20 : Vehicle: Major Mint: brum brum ETA 1 min
22:21:30 : Vehicle: Flames: one whole minute
22:22:47 : Vehicle: NickB: next person to talk in ts does anal with his dad
22:22:57 : Vehicle: NickB: kalem does anal with his dad
22:23:39 : Direct: Major Mint: /day
22:24:55 : Direct: Chicken Lips: ebola vision
22:30:33 : Direct: White Bob: AY LET ME GO FUCK FACE
22:30:34 : Direct: NickB: wag1 lads
22:30:41 : Direct: White Bob: ur mic isent working
22:31:40 : Direct: White Bob: yo mic not working
22:31:42 : Direct: White Bob: ooc
22:34:01 : Group: [APD] Insp. Martyr: Wee and Heroine neutralised
22:34:05 : Group: [APD] Insp. Martyr: Weed*
22:34:22 : Vehicle: White Bob: wow
22:34:28 : Vehicle: White Bob: your a cock sucker
22:34:48 : Vehicle: White Bob: ur in game mic isent working
22:35:29 : Group: Ahmed: No fuel
22:36:11 : Group: Kalem: No fuel
22:38:51 : Vehicle: nicolaj: I NEED A RIDE TO SOFIA
22:39:29 : Group: William: jeg hadde tazer
22:40:26 : Vehicle: [APD] Insp. Martyr: wanna go shoot shit up?
22:40:48 : Vehicle: [APD] SPC. Ali: lets do it
22:40:53 : Vehicle: [APD] SPC. Ali: as civs or?
22:42:40 : Direct: Fekky Wap: HI
22:44:07 : Direct: Flames: inferno sucks
22:44:13 : Direct: Flames: what a lil pooper
22:44:19 : Direct: Major Mint: hes mint
22:44:39 : Direct: Flames: what inferno?
22:44:44 : Direct: Major Mint: YEH!
22:44:50 : Direct: Flames: hes nothing
22:44:56 : Direct: Flames: less than nothing
22:45:14 : Direct: Major Mint: hes dirt
22:45:23 : Direct: Flames: yes
22:45:28 : Direct: Flames: he is the shit of worms
22:59:41 : Vehicle: Flames: okay boys
22:59:45 : Vehicle: Flames: lets get gold
22:59:49 : Vehicle: Flames: and then die
23:00:01 : Vehicle: Flames: if im restrained
23:00:03 : Vehicle: Flames: shoot me
23:00:08 : Vehicle: Major Mint: lets kill the people in the first strider
23:00:18 : Vehicle: Flames: they cant navigate for shit
23:00:33 : Vehicle: Flames: we execute them for being stupid yeah?
23:00:33 : Vehicle: Major Mint: lack of education
23:01:20 : Vehicle: NickB: so its just a ticket yeah?
23:01:23 : Vehicle: NickB: defo?
23:01:37 : Vehicle: NickB: pls
23:01:44 : Vehicle: NickB: ill slide you 1m if you let me go
23:02:42 : Direct: NickB: I want my rights
23:02:46 : Direct: NickB: read by lord hamilton
23:06:48 : Group: Flames: ready
23:08:10 : Group: [APD] Chief. Stalks: ALL TO FED
23:09:10 : Vehicle: [APD] Chief. Stalks: they are going to cry so hard
23:09:20 : Vehicle: [APD] Chief. Hamilton: bothered
23:09:26 : Group: [APD] Chief. Stalks: remember we have a 10min NLR at the fed
23:10:17 : Direct: Drum Stick: hello
23:17:01 : Direct: General Beast: LOOTING DEAD BODIES AYE
23:20:27 : Vehicle: [APD] PC. James Skye: kavala 
23:20:30 : Vehicle: [APD] PC. James Skye: station
23:58:31 : Direct: Flames: general
23:58:35 : Direct: Flames: can we just kick him
23:58:51 : Direct: General Beast: This guy
23:59:07 : Direct: Flames: he is just salty that he got map development removed from him
23:59:20 : Direct: Anjo Diabolico: how you pull out people out of cars
