00:23:07 : Group: Flames: rip me
00:24:32 : Group: [APD] Cadet. Spammking: how do you restrain people
00:33:12 : Group: Flames: seems cool
00:34:00 : Direct: Amber's Aborted Fetus: ive been banned from ts
00:34:01 : Direct: Amber's Aborted Fetus: lol
00:47:40 : Group: Flames: i,
00:47:42 : Group: Flames: ik
00:48:13 : Group: Flames: no
00:48:16 : Group: Flames: ash
00:48:24 : Group: Flames: talking to him
00:50:33 : Group: Flames: he not with me
00:50:38 : Group: Flames: he lying
01:20:24 : Direct: Papi: probably autism
11:04:44 : Direct: [APD] Chief. Stalks: if you press u
11:04:55 : Direct: [APD] Chief. Stalks: or win key
11:21:19 : Direct: Sandbag: hey man
11:21:29 : Direct: Sandbag: can you lift tempest with heron?
11:38:44 : Direct: Sandbag: Free guns :D
11:45:46 : Direct: Flames: whos this craig guy?
11:45:48 : Direct: Flames: any idea?
11:45:52 : Direct: Antony-J: Nope
11:45:58 : Group: Flames: konan
11:46:00 : Group: Flames: whos craig?
12:23:19 : Group: VibZ: this guy is weird
12:23:26 : Group: VibZ: what should we do with him
12:26:45 : Direct: Flames: papa bear = ali
12:44:28 : Direct: Flames: i got 2m
13:32:41 : Direct: Antony-J: Really?
13:32:59 : Direct: [APD] Nemesis: I WILL PAY FOR THAT 
13:33:16 : Direct: Antony-J: 1.1mil?
13:33:44 : Direct: [APD] Nemesis: ok let me sort that sorry 
13:34:27 : Direct: Antony-J: What did you say sorry
13:34:33 : Direct: Antony-J: Couldnt hear you
13:34:37 : Direct: [APD] Nemesis: COME WIT ME
13:36:30 : Direct: Antony-J: Cheers dude
13:36:39 : Direct: Antony-J: Try and be careful next time aha
13:36:40 : Direct: [APD] Nemesis: SORRY WAS A MISTAKE 
13:37:01 : Direct: [APD] Nemesis: came over that hill to fast 
13:37:25 : Direct: Antony-J: Ahh okay i just heard an explosion and looked out
13:37:32 : Direct: Antony-J: and seen you sat there covered in flames
13:37:46 : Direct: [APD] Nemesis: sat there thinking fuck 
13:50:01 : Group: Flames: sht going down
14:43:45 : Direct: Konan: yo
16:04:09 : Direct: VibZ: day
16:04:12 : Direct: VibZ: /dsy
16:15:36 : Direct: Flames: :(
16:28:10 : Direct: Flames: you sell
16:28:11 : Direct: Flames: all
18:25:18 : Group: Major Mint: /day
19:02:06 : Direct: Major Mint: Get out and put your hands up
19:02:36 : Group: [APD] Chief. Stalks: backup needed
19:02:59 : Direct: Major Mint: 1v3
19:05:31 : Group: John Smith: 91.121.55.41:1737
19:06:53 : Group: John Smith: 151.80.174.53:20012
19:12:16 : Direct: TheGreatAndBrave: Can i get a lift?
19:12:16 : Direct: General Beast: Cant hear you
19:12:27 : Direct: General Beast: Going to kavala now to kill them
19:12:31 : Direct: General Beast: The police
19:12:47 : Direct: TheGreatAndBrave: I can come with you if you want?
19:12:51 : Direct: General Beast: Sure
19:12:58 : Direct: General Beast: Join ts if you want aswell
19:13:33 : Group: [APD] Chief. Stalks: careful nick, 2 on the hill
19:13:38 : Group: [APD] Chief. Stalks: they ruined my hunter :p
19:13:50 : Group: [APD]Chf Insp. Eukanubae: And ate me.
19:13:55 : Group: [APD]Chf Insp. Eukanubae: Oh wait Ali did xD
19:14:00 : Vehicle: TheGreatAndBrave: I have joined the aff alpha squad
19:14:39 : Group: [APD] SPC. Nick Nolif: stalks is ur hunter open?
19:43:34 : Direct: Major Mint: pull over we wanna have a nice talk
19:44:29 : Direct: Major Mint: pull over
19:44:29 : Direct: General Beast: We just want a chat mate
19:44:58 : Direct: ChiChi: hey
19:45:06 : Direct: Mr.William: learn do drive u fucking cunt
19:46:14 : Group: Tango: dru
19:48:54 : Group: Tango: DRU WAIT FOR ME PLEAS
19:52:27 : Direct: Major Mint: ahoy ahoy
19:54:25 : Group: [APD] Chief. Stalks: spamm, if your playing as cop.. you need to be in cop channels on ts 
19:57:03 : Direct: [APD] Chief. Hamilton: be careful
19:57:05 : Direct: [APD] Chief. Hamilton: its not safe
20:06:53 : Group: Juvia_Sama: its a trap
20:07:10 : Vehicle: Juvia_Sama: its a fucking trap
20:07:20 : Group: Shrektator: Cant be kavla is a green zone
20:07:21 : Vehicle: ChiChi: idc
20:07:29 : Vehicle: Juvia_Sama: i feel it in my pant
20:07:54 : Group: Tango: dru risking it a bit there doing weed lol
20:08:22 : Group: General Tank: fuck it lol
20:08:30 : Group: General Tank: afk in a min
20:08:31 : Group: Tango: ahaha ;)
20:22:20 : Direct: cris: im alright man cheers
20:23:08 : Direct: cris: no thank you
20:30:06 : Direct: gebruiker: /voteday
20:34:35 : Direct: Ahmed: STOP OR BE SHOT
20:39:28 : Direct: Tommy: HELLO
20:40:00 : Direct: General Tank: you need bolt cutters
20:40:11 : Direct: Mr.William: CTRL+H
20:40:20 : Direct: ChiChi: HOW LONG?
20:40:30 : Direct: Padawan: stop
20:40:57 : Direct: Tommy: HOW LONG
20:40:59 : Direct: General Tank: 2 minutes
20:43:44 : Direct: Alan B: Richo?
20:43:49 : Direct: Alan B: Rico
20:44:10 : Direct: Arttu: Rico
20:44:48 : Direct: Alan B: o SHIT
20:45:07 : Group: Padawan: 2 MIL PLEASE TY HUNNY BUN XX
20:46:03 : Group: Geoff: Rob - 2 mil for padawan please
20:50:50 : Direct: Alan B: mOVE PLS
20:51:50 : Direct: Alan B: gON GET YOU BANNED
20:51:52 : Direct: Alan B: LMAO
20:52:16 : Direct: Alan B: Only messing
20:52:21 : Direct: Alan B: I'm not that much of a cock
20:52:39 : Direct: Connor The Barbarian: THANKS
20:52:42 : Direct: Connor The Barbarian: lol
20:53:51 : Direct: xXiQuick-ScoPeSiXx: server is bugged
20:53:56 : Direct: Papi: yep
20:53:57 : Direct: xXiQuick-ScoPeSiXx: you cant really jail us for that
20:56:51 : Direct: Alan B: LMAO
21:36:09 : Direct: Flames: What was that buddy?
21:38:03 : Direct: Antony-J: Flames will give you keys to fill yourself up
21:38:08 : Direct: Antony-J: From tempest
21:39:30 : Direct: Kalameet: titts
21:39:45 : Direct: ChiChi: ye man
22:05:57 : Direct: Anjo Diabolico: OFICCER NEED HELP ?
22:06:12 : Direct: Mr.William: go
22:13:39 : Direct: Ahmed: STOP OR DIE
22:15:52 : Direct: HussyPunter: HEY I CAME IN PEACE
22:24:43 : Group: Paddy.C: hows it going?
22:28:06 : Direct: cris: tyres gone again
22:45:49 : Direct: Major Mint: unarmed
22:46:21 : Group: [APD] Sgt. Thorben: !
22:51:53 : Vehicle: Major Mint: good shift officer
22:52:07 : Vehicle: [APD] Sgt. Thorben: yeS
23:06:43 : Direct: Kalameet: cant hear mate
23:06:48 : Direct: HussyPunter: you alright?
23:06:52 : Direct: Kalameet: yeah\
23:06:53 : Direct: HussyPunter: is this tempest yours?
23:07:03 : Direct: HussyPunter: or can i steal it?
23:07:04 : Direct: Kalameet: drus tempes we think
23:07:17 : Direct: HussyPunter: so no stealing?
23:07:37 : Direct: Kalameet: you can use it if you want
23:07:46 : Direct: Kalameet: dru gave the clear for it
23:07:49 : Direct: HussyPunter: thanks!
23:19:43 : Vehicle: cris: /voteday
23:29:40 : Direct: [APD] Chief. Stalks: cannot hear you
23:29:55 : Direct: Flames: Lets type then
23:29:58 : Direct: Flames: How are you?
23:30:06 : Direct: [APD] Chief. Stalks: All the cop stuff is broke :p
23:30:11 : Direct: Flames: Ah shit
23:30:19 : Direct: Flames: Real bad?
23:30:28 : Direct: [APD] Chief. Stalks: i cant buy any heli :p
23:30:36 : Direct: Flames: I dont think any one can lol
23:30:40 : Direct: [APD] Chief. Stalks: drugs are broke also
23:30:49 : Direct: Flames: What cant sell?
23:30:57 : Direct: [APD] Chief. Stalks: if we search, it doesnt register
23:31:03 : Direct: Flames: ah
23:31:14 : Direct: Flames: so basicly you have to steal their keys
23:31:19 : Direct: Flames: to search it
23:31:32 : Direct: [APD] Chief. Stalks: no, it doesnt find drugs as evidence
23:31:41 : Direct: Flames: Ooo
23:31:41 : Direct: [APD] Chief. Stalks: just says its empty, even tho it isnt :p
23:31:50 : Direct: Flames: Looks like i know what im running tonight
23:31:56 : Direct: [APD] Chief. Stalks: so to make cash, we'd have to steal it.. go process it..:p
23:32:09 : Direct: [APD] Chief. Stalks: we expected you guys to run coke all night being so close :p
23:32:23 : Direct: Flames: Yeah we got people 30m+
23:32:36 : Direct: Flames: crazy people who just do runs
23:32:52 : Direct: [APD] Chief. Stalks: so thats really legit money your making 
23:32:57 : Direct: [APD] Chief. Stalks: over 100 million :p
23:33:07 : Direct: Flames: yeah dru robbed rob earlier
23:33:12 : Direct: [APD] Chief. Stalks: rofl
23:33:13 : Direct: Flames: and rob never asked for it back
23:33:19 : Direct: Flames: so dru banked it lol
23:33:29 : Direct: [APD] Chief. Stalks: I SHALL BE MAKING A FORMAL COMPLAINT!
23:33:35 : Direct: [APD] Chief. Stalks: unless ofcourse, i get a cut
23:33:54 : Direct: Flames: Its only my general, idgaf
23:34:05 : Direct: Flames: not my money im losing :D
23:34:14 : Direct: [APD] Chief. Stalks: no idea about cops, noone seems interested now
23:34:17 : Direct: [APD] Chief. Stalks: D:
23:34:28 : Direct: Flames: yeah i noticed dropping numbers
23:34:46 : Direct: Flames: lets see if the new rules make a change
23:35:02 : Direct: [APD] Chief. Stalks: hasnt so far
23:35:09 : Direct: Flames: only been a day
23:35:24 : Direct: Flames: needs more explaination on gang hideouts
23:35:43 : Direct: [APD] Chief. Stalks: hope it gets better
23:36:01 : Direct: Flames: Yeah, only time will tell at this point
23:36:37 : Direct: [APD] Chief. Stalks: have fun with your offroad ;)
23:36:42 : Direct: Flames: out of ammo
23:36:51 : Direct: Flames: had to make sure that i couldnt be arested for anything :D
23:37:06 : Direct: Flames: tried breaking stuff in a gang base but it didnt damage anything
23:37:11 : Direct: [APD] Chief. Stalks: tbh don't think many cops give a shit at the moment
23:37:20 : Direct: [APD] Chief. Stalks: got a meeting tomorrow, will boost their moral
23:37:22 : Direct: [APD] Chief. Stalks: maybe :p
23:37:33 : Direct: Flames: .Yeah i think there needs to be some more events that fully envolve the cops
23:37:44 : Direct: Flames: they been getting shit on a lot recently
23:37:49 : Direct: [APD] Chief. Stalks: or the bugs that affect cops needs to be fixed asap
23:37:55 : Direct: [APD] Chief. Stalks: cant really do shit otherwise:p
23:38:14 : Direct: [APD] Chief. Stalks: have fun causing chaos, its a police free night :-)
23:38:17 : Direct: Flames: yeah, the bugs are getting really annoying
23:38:22 : Direct: Flames: you too man
23:38:24 : Direct: [APD] Chief. Stalks: cya
