00:06:12 : Group: [APD] Chief. Stalks: Salt area is usually controlled by the jihad gang, vertex/padawan - cop killers
00:10:34 : Group: [APD] Insp. Jason: Geoff, Vertex and Padawan wanted for questionin on suspicion of attempted murder
00:19:26 : Group: [APD] Chief. Stalks: almost certain they will attack them on the way to trader
00:19:54 : Group: [APD] Chief. Stalks: they will pass by their base
00:20:53 : Group: Paddy.G: probs shouldnt give him that
00:21:14 : Group: Paddy.N: give him what
00:21:56 : Group: [APD] Chief. Stalks: 3 jihad gang, 3 cops
00:27:23 : Vehicle: [APD] Insp. Jason: We suspect it is the "Jihadi" gang
00:27:55 : Vehicle: [APD] Insp. Jason: Their base is between salt mine and processing, the chopper that was at the checkpoint which you were shot at from was also their chopper
00:31:23 : Vehicle: [APD] Insp. Jason: They may try to ambushj you at Paros petrol station too though when you have all the cash
00:32:11 : Vehicle: [APD] Insp. Jason: If you want, you can give the money to 1 person and we can take the person to a safe atm
00:32:30 : Vehicle: [APD] Insp. Jason: and I don't know your speed so don't worry :p
00:33:31 : Group: [APD] Chief. Stalks: armed suspects at salt trader
00:33:32 : Vehicle: [APD] Insp. Jason: unlock and leave
00:33:34 : Vehicle: [APD] Insp. Jason: let me out
00:33:40 : Group: [APD] Chief. Stalks: atleast 3 armed
00:33:42 : Direct: [APD] Insp. Jason: gogogo
00:34:53 : Group: [APD] Insp. Jason: Hostiles at salt trader
00:35:02 : Group: [APD] Insp. Jason: well, near 
00:35:09 : Vehicle: [APD] Chief. Stalks: 3 jihad about to rob 4 civs around salt trader
00:35:40 : Group: [APD] Insp. Jason: one at red conatiner
00:35:41 : Group: [APD] Insp. Jason: at salt
00:35:48 : Group: [APD] Insp. Jason: one over the water in the beach
00:36:32 : Vehicle: [APD] Chief. Stalks: 1 at the island also
00:38:51 : Vehicle: [APD] Chief. Stalks: 1 in the red container
00:39:03 : Vehicle: [APD] Chief. Stalks: marked on map
00:40:26 : Vehicle: [APD] Chief. Stalks: trucks have moved away until its clear
01:36:32 : Group: [APD] Chief. Stalks: apd speech training 101
11:50:22 : Group: Roger Murtaugh: hey man, can you spawn in a rebel outpost ?
11:50:42 : Group: Mike: level 4 donator, yes
11:50:52 : Group: Roger Murtaugh: ahh i see :D
15:04:37 : Group: [APD] SPC. Randall: /vote day
15:34:57 : Direct: Flames: NO
15:35:00 : Direct: Flames: IM INNOCENT
15:39:29 : Direct: [APD] INSP. Jason: tyvm
15:39:34 : Direct: [APD] INSP. Jason: can I get a lift please
15:39:37 : Direct: [APD] INSP. Jason: they stole my heli too
15:39:59 : Direct: [NHS]Spammking: where to
15:43:11 : Direct: [APD] INSP. Jason: tyvm for the lift and medical assistance!
16:02:06 : Vehicle: Flames: wont be too long hopefully
16:02:12 : Vehicle: Flames: guy cant join game
16:46:19 : Direct: [APD] Chief. Hamilton: sorry
16:46:28 : Direct: [APD] Chief. Hamilton: revive my oggivert
16:46:30 : Direct: [APD] Chief. Hamilton: officer
16:53:35 : Group: [APD] SPC. Thorben: :
17:54:14 : Group: [APD] SPC. Thorben: =
17:54:23 : Direct: Major Mint: good
17:55:40 : Vehicle: [APD] Chief. Hamilton: thankyou
17:55:42 : Direct: [APD] INSP. Jason: APD LEAVE
17:56:12 : Vehicle: [APD] Chief. Hamilton: drop me here
17:59:22 : Group: [APD] Cadet.  Jano: do we have to keep chasing the huron
18:01:33 : Group: [APD] PC. Nick Nolif: Thanks for replying
18:02:03 : Group: [APD] INSP. Jason: Fucking TS spam
18:02:19 : Group: [APD] INSP. Jason: They probably going to rescue that guy
18:05:33 : Group: [APD] Cadet.  Jano: cheking herion
18:07:03 : Group: [APD] Chief. Hamilton: tolif and jano recapture the hideout, we will move to dealer.
18:09:11 : Group: [APD] Cadet.  Jano: 1 more
18:18:01 : Group: Jack Gooner: Whait
18:18:03 : Group: Jack Gooner: Cant talk atm
18:18:10 : Group: Jack Gooner: Where we meet up?
18:18:35 : Group: Jack Gooner: OOO I SOLD IT YES
18:23:00 : Vehicle: Flames: What
18:23:07 : Vehicle: Flames: Why am I being arrested?
18:23:17 : Vehicle: Flames: What have I done?
18:23:22 : Vehicle: Alexander young: is the pigs they are pricks
18:24:51 : Direct: Alexander young: HELP
18:25:13 : Direct: Flames: I wouldnt
18:25:34 : Direct: Flames: Officer
18:25:40 : Direct: Flames: What have they done wrong?
18:28:34 : Direct: Major Mint: cant really hear you alot of noise on ts
18:28:48 : Direct: Paddy.D: JUST GONNA MINE SOME MORE OKAY................
18:28:52 : Direct: Paddy.D: YEAH
18:28:55 : Direct: Major Mint: yeh thats fine
18:29:02 : Direct: Paddy.D: WE GOT SCARED RAN 
18:29:13 : Direct: Major Mint: Yeh not to worrie 
18:37:06 : Group: Major Mint: dru gunna grab me food so you can fly dont crash
18:38:13 : Vehicle: General Tank: we going
18:38:27 : Group: [APD] Chief. Hamilton: hi dunis <3.
18:38:32 : Group: [APD] INSP. Jason: Dunnis, can you check Heroine please?
18:39:00 : Group: [APD] Supt. MrDunis: On our way
18:39:11 : Group: [APD] Supt. MrDunis: Just had an horrible accident tho. Nifo and JAno is down
18:39:26 : Group: [APD] INSP. Jason: haha npnpn 
18:40:00 : Group: Major Mint: if u want il land?
18:40:20 : Vehicle: General Tank: ok
18:40:48 : Vehicle: Major Mint: shit cant in backseat
18:41:15 : Group: [APD] Supt. MrDunis: Field is clear, But i did see a lot of helicopter activity and it looks like they were coming from the Processing
18:41:38 : Group: [APD] Chief. Hamilton: dunis check heorin hideout
18:41:44 : Group: [APD] Supt. MrDunis: yea on my way
18:42:24 : Vehicle: General Tank: all yours
18:43:29 : Group: [APD] Chief. Hamilton: situation dunis?
18:43:43 : Group: [APD] Supt. MrDunis: taking a look now
18:44:00 : Group: [APD] Supt. MrDunis: got a truck overhere
18:44:02 : Group: [APD] Supt. MrDunis: need backup
18:44:22 : Group: [APD] INSP. Jason: on route
18:44:24 : Group: [APD] Chief. Hamilton: jason is on route
18:44:27 : Group: [APD] Supt. MrDunis: Truck just left
18:44:33 : Group: [APD] Supt. MrDunis: Heading towards Pyrgros
18:44:42 : Group: [APD] INSP. Jason: rgr
18:44:51 : Group: [APD] Chief. Hamilton: remember to neutralize flag when its clear.
18:46:06 : Group: [APD] INSP. Jason: red heroine truck on my position
18:46:09 : Group: [APD] Supt. MrDunis: Got attacked by an SUV so i lost eyes but Jason is on it rigth now
18:46:10 : Group: [APD] INSP. Jason: requesting backup
18:47:50 : Group: [APD]Chf Insp. Eukanubae: omw dunus
18:48:00 : Group: [APD] Supt. MrDunis: Go jason instead
18:48:08 : Group: [APD]Chf Insp. Eukanubae: HA
18:48:16 : Group: [APD]Chf Insp. Eukanubae: Tulif crashed
18:48:42 : Group: [APD] PC. Nick Nolif: jano was driving
18:48:44 : Direct: General Tank: cheers]
18:50:01 : Direct: [APD] INSP. Jason: stop
18:50:49 : Group: [APD] INSP. Jason: Thorben set up spikes on main road
18:51:50 : Group: [APD] INSP. Jason: Pancake, set up[  spikes near vore please
18:52:00 : Group: [APD] SPC. Pancakes: ON ROUNT
18:54:02 : Group: [APD] Supt. MrDunis: Why kill?
18:55:41 : Group: Potato: its comes up on the side that its group chat
18:57:51 : Group: [APD] INSP. Jason: Someone at heroine?
18:59:07 : Group: [APD] Supt. MrDunis: Weed is clear
18:59:35 : Group: [APD] Supt. MrDunis: brb dinner
18:59:43 : Group: [APD] INSP. Jason: Ambush as Cocaine, AFF
19:01:41 : Direct: Jack Gooner: Ypu guys are the best
19:01:52 : Direct: Jack Gooner: Need some help?
19:01:57 : Group: [APD] INSP. Jason: They are on the hills too
19:02:00 : Direct: General Tank: sure
19:02:08 : Group: [APD] Chief. Hamilton: me and randall will stay at processing
19:02:20 : Group: [APD] INSP. Jason: west hill there is one
19:03:02 : Group: [APD] INSP. Jason: stop a sec please
19:03:06 : Group: [APD] INSP. Jason: forgot about NLR
19:03:07 : Direct: Jack Gooner: AFF?
19:03:14 : Direct: [APD] INSP. Jason: ty
19:06:20 : Direct: Jack Gooner: Bro want me to be a hostage
19:06:24 : Direct: Jack Gooner: So you can get away safe
19:07:31 : Group: [APD] INSP. Jason: Pardon?
19:07:43 : Group: [APD] Cadet.  Jano: help nick nolif
19:08:36 : Direct: Flames: HP?
19:09:42 : Direct: Flames: NOO JACK
19:09:48 : Direct: Flames: DONT BECOME US
19:09:50 : Direct: Jack Gooner: I wanted to help...
19:11:06 : Group: [APD]Chf Insp. Eukanubae: Gang cocaine needs help.
19:11:16 : Group: [APD]Chf Insp. Eukanubae: like alot of armed guys just killing it seems.
19:11:39 : Group: [APD] SPC. Pancakes: We got ambush set up at Dealer!
19:11:49 : Group: [APD]Chf Insp. Eukanubae: they arnt processing anything
19:11:52 : Group: [APD]Chf Insp. Eukanubae: just killing us.
19:12:15 : Group: [APD] SPC. Pancakes: They are at processing aswell!
19:12:40 : Direct: Flames: WE WILL SAVE YOU JACK
19:12:49 : Direct: Jack Gooner: I love you guys
19:13:12 : Direct: Jack Gooner: Is it a hard live to be AFF?
19:13:20 : Direct: Flames: We make it hard ; - )
19:13:26 : Direct: Jack Gooner: Haha ok
19:15:44 : Direct: Jack Gooner: flames NOOOOOOOOOOOOOOOOOOOOOOOOO
19:16:09 : Direct: Jack Gooner: gAVE THE money to one of you guys
19:16:12 : Direct: Jack Gooner: Give it to flames from me
19:16:59 : Direct: Flames: Why loot my corpse :(
19:18:12 : Direct: Jack Gooner: Flames take it
19:18:28 : Direct: Jack Gooner: You can take the shirt to
19:18:30 : Direct: Flames: Your clothes
19:18:36 : Direct: Jack Gooner: Take it you need it more I think
19:18:37 : Direct: Flames: I like this freedom
19:18:50 : Direct: Jack Gooner: Well I gave to one of your friends your money
19:18:57 : Direct: Flames: Thanks
19:19:10 : Direct: Jack Gooner: Zardier I think it was
19:20:00 : Vehicle: [APD] INSP. Jason: Hallo, I died so  will run with you for a little bit because of NLR :P
19:20:15 : Vehicle: [APD] Supt. MrDunis: where did you die_
19:20:20 : Vehicle: [APD] INSP. Jason: dealer
19:20:23 : Vehicle: [APD] Supt. MrDunis: aight
19:22:07 : Vehicle: [APD] INSP. Jason: ty
19:22:31 : Direct: [APD] Chief. Hamilton: please unlock heli
19:22:34 : Direct: [APD] Chief. Hamilton: so i can turn off enhine
19:22:41 : Direct: Masked Robber: I DONT HAVE THE KEYS OFFICER
19:23:07 : Direct: [APD] SPC. Randall: you are lieing
19:23:20 : Direct: Masked Robber: IM TRYING
19:25:04 : Group: [APD] INSP. Jason: Dunis
19:25:10 : Group: [APD] Supt. MrDunis: yea
19:25:11 : Group: [APD] INSP. Jason: 3 AFF striders at dealer
19:25:16 : Group: [APD] Supt. MrDunis: Oh
19:25:18 : Group: [APD] Supt. MrDunis: lets go
19:25:28 : Direct: Masked Robber: AFF HELP
19:26:16 : Group: [APD] INSP. Jason: All free officers are needed at drug dealer asap
19:26:29 : Vehicle: [APD] INSP. Jason: 3 AFF Striders, URGENT
19:26:33 : Direct: Masked Robber: help me brother
19:26:38 : Direct: Major Mint: hold on bro
19:26:43 : Group: [APD] INSP. Jason: 3 AFF Striders, all too dealer now!
19:27:41 : Vehicle: Masked Robber: thank you brother
19:30:35 : Vehicle: Major Mint: need dropping of anywhere?
19:30:53 : Vehicle: Masked Robber: no brother im fine thank you for saving me
19:31:32 : Direct: Major Mint: need a lift anywhere ?
19:31:47 : Direct: Masked Robber: athira?
19:31:55 : Direct: Major Mint: sure
19:32:10 : Direct: Major Mint: jump in
19:32:21 : Direct: Masked Robber: which one?
19:32:23 : Group: Jack Gooner: I applied
19:32:31 : Direct: Major Mint: this 1
19:32:33 : Direct: Masked Robber: it wont let me in
19:33:51 : Vehicle: Masked Robber: can you drop me off at the gang shop instead man?
19:34:02 : Vehicle: Major Mint: yh
19:37:47 : Vehicle: Masked Robber: thanks for the lift
19:37:53 : Direct: Major Mint: no worries man
19:49:12 : Group: TheOman: Someone who can tell me why I'm getting kicked from the game? 
19:53:11 : Vehicle: [APD] Supt. MrDunis: we are gonna be sneaky
19:53:13 : Vehicle: [APD] Supt. MrDunis: kind off
19:53:17 : Vehicle: [APD] Supt. MrDunis: i have 1:35 left
19:53:19 : Vehicle: [APD] Supt. MrDunis: ytou?
19:53:27 : Vehicle: [APD] Supt. MrDunis: aight
19:53:38 : Vehicle: [APD] Supt. MrDunis: Let's realx here until its over :D
19:54:05 : Vehicle: [APD] Supt. MrDunis: Life man
19:54:12 : Vehicle: [APD] Supt. MrDunis: Atleast we did not get VDM'ed right?
19:54:15 : Vehicle: [APD] Cadet.  Jano: RIP NICK
19:54:28 : Vehicle: [APD] Cadet.  Jano: yeah
19:54:55 : Vehicle: [APD] Cadet.  Jano: 1 min
19:55:02 : Vehicle: [APD] Supt. MrDunis: Mine is done
19:55:57 : Vehicle: [APD] Supt. MrDunis: yours shuld be done now?
19:56:05 : Vehicle: [APD] Cadet.  Jano: yep
19:56:26 : Group: | Vertex |: voteday
19:58:57 : Group: | Vertex |: cmon
20:05:25 : Group: [APD] Chief. Hamilton: dunis neutralise heorin and weed
20:05:27 : Group: [APD] Chief. Hamilton: hideouts pls
20:05:32 : Group: [APD] Supt. MrDunis: yea we are on our way
20:05:38 : Group: [APD] Chief. Hamilton:  wil lcheck cocaine
20:11:14 : Direct: Jack Gooner: What?
20:11:23 : Direct: Jack Gooner: Ye its me haha
20:11:25 : Direct: Jack Gooner: I killed a cop
20:11:29 : Direct: Jack Gooner: Thats his car
20:11:38 : Direct: Jack Gooner: Im tlaking to somebody cant hear ya
20:11:46 : Group: [APD] Chief. Hamilton: did you guys go to heroin already?
20:11:48 : Direct: Rex: ok if i take the car?
20:11:51 : Direct: Jack Gooner: Go ahead
20:11:59 : Direct: Rex: ty! stay cool
20:12:03 : Direct: Jack Gooner: You to
20:12:10 : Direct: Jack Gooner: Use chat for now
20:12:15 : Direct: Jack Gooner: Im talking to somebody
20:12:17 : Direct: William: can i take over site?
20:12:25 : Group: [APD] Supt. MrDunis: yea
20:12:25 : Direct: Jack Gooner: Go ahead
20:13:55 : Group: [APD] Supt. MrDunis: Heroin and Weed has been taken back. Going back to vehicle patrol now
20:14:04 : Group: [APD] Chief. Hamilton: thanks
20:14:16 : Group: [APD] Supt. MrDunis: Actually we will be checking the drug dealer real quick then back to car
20:17:25 : Group: [APD] PC. Nick Nolif: Need backup?
20:17:35 : Group: [APD] Chief. Hamilton: nah we are all good
20:27:06 : Direct: Rex: my bad
20:29:50 : Direct: William: IM BEING KIDNAPED
20:29:57 : Direct: William: HELP ME!
20:33:14 : Group: [APD] PC. Nick Nolif: Operation naked man commencing
20:42:58 : Direct: Jack Gooner: YOU SCUK
20:43:00 : Direct: Jack Gooner: SUCK
20:43:04 : Direct: Jack Gooner: YOU ARE A STUPID MORON
20:43:11 : Direct: Jack Gooner: I HOIPE YOU DIE
20:43:19 : Direct: Jack Gooner: MONKEY PIG
20:44:25 : Direct: Major Mint: cheers hamilton
20:45:36 : Group: [APD] PC. Nick Nolif: My chopper spawned 13 Kilometers away from where i spawned it
20:45:52 : Direct: Jack Gooner: You stupid officer
20:45:58 : Direct: Jack Gooner: They can still go arround
20:46:38 : Direct: Jack Gooner: s
20:51:00 : Group: Ayy Lmao: we dem boiiss
20:51:10 : Group: Ayy Lmao: yeeee
20:51:20 : Group: Josephrules: ALRIGHT DO U HAVE A MIIC?
20:51:27 : Group: Ayy Lmao: my mic is currently fucked so...
20:51:32 : Vehicle: Jack Gooner: Ok why the cop chase
20:51:35 : Group: Ayy Lmao: getting a new one tommorw
20:51:42 : Group: Josephrules: THATS ALRIGHT WE MEET UP IN SQUARE ALRIGHT?
20:51:57 : Group: Ayy Lmao: im away to proccesss some cocaine
20:53:31 : Direct: Masked Robber: my car speedo was brocken
20:53:38 : Direct: Masked Robber: im sorry about that officer
20:53:51 : Direct: Masked Robber: yes officer
20:53:56 : Direct: Masked Robber: really
20:54:05 : Direct: Masked Robber: i was given it by a freind officer
20:55:10 : Direct: Masked Robber: yes officer?
20:55:26 : Direct: Masked Robber: i was givent the firearm
20:56:39 : Direct: Masked Robber: i paid
20:57:07 : Direct: Jack Gooner: XD
20:58:59 : Direct: Masked Robber: officer
20:59:06 : Group: Jack Van Lutterveld: DAY
20:59:14 : Direct: Masked Robber: ay
20:59:22 : Group: Parralasys: type ur steam name real quick
20:59:24 : Direct: Masked Robber: ay fuck face
20:59:27 : Direct: Masked Robber: my car
20:59:48 : Direct: Masked Robber: my car
21:05:46 : Direct: Masked Robber: cant to big
21:08:35 : Direct: Masked Robber: ye man
21:08:39 : Direct: Masked Robber: thanks for saving me
21:09:00 : Direct: [APD]Chf Insp. Eukanubae: ahahha
21:09:59 : Direct: Jack Gooner: *BLEEDS OUT OF HEAD*
21:10:10 : Direct: Jack Gooner: *bleeding out of head*
21:10:17 : Direct: DonGino: KORE
21:10:31 : Direct: Masked Robber: theres a marker on map
21:10:57 : Direct: Masked Robber: if your in a gang shop go to gang shop
21:14:49 : Direct: Jack Gooner: *HAS A HEADWOUND*
21:15:09 : Direct: Jack Gooner: *HAD HEADWOUND*
21:15:20 : Direct: Jack Gooner: *doesnt know what im doing anymore*
21:15:51 : Direct: Jack Gooner: This officer
21:15:57 : Direct: Jack Gooner: With the camop
21:15:59 : Direct: Jack Gooner: camo*
21:16:04 : Direct: Jack Gooner: Did something to me
21:16:10 : Direct: [APD]Chf Insp. Eukanubae: He is lieing
21:16:15 : Direct: Jack Gooner: He
21:16:16 : Direct: [APD]Chf Insp. Eukanubae: I payed his medical bills!
21:16:23 : Direct: Jack Gooner: Dapdap?
21:16:39 : Direct: Jack Gooner: DAPDAP
21:16:48 : Direct: Jack Gooner: dapdap
21:18:23 : Direct: [APD] PC. Rambo: get out
21:18:32 : Direct: Jack Gooner: CLAIM THIS ONE
21:18:32 : Direct: [APD] SPC. Per: IM GOING TO  RESTRAIN YOU
21:18:35 : Direct: Jack Gooner: THIS ONE IS MINE!
21:18:53 : Direct: Jack Gooner: I so want to start now
21:19:18 : Direct: Rartin Miggs: Cheif Hamilton is 7/1 to win the race
21:19:21 : Direct: Rartin Miggs: taking all bets
21:19:39 : Direct: Jack Gooner: im -1/1000000
21:19:46 : Direct: Masked Robber: im sorry officer im in a rush my wife is in labou
21:19:50 : Direct: Jack Gooner: Rex this is mine!
21:19:55 : Direct: Jack Gooner: Noo
21:20:02 : Direct: Jack Gooner: Remember I gave you the cocaine hideout
21:20:11 : Direct: Rartin Miggs: rekt
21:20:20 : Direct: Masked Robber: i need that car officer
21:20:26 : Direct: Rartin Miggs: Hamilton
21:20:33 : Direct: Rartin Miggs: im about to show u who the best driver in the apd is
21:20:35 : Direct: [APD] Chief. Hamilton: yes?
21:20:38 : Direct: [APD] Chief. Hamilton: lets do this
21:20:40 : Direct: [APD] Chief. Hamilton: u suck
21:20:47 : Direct: Rartin Miggs: See if you live up to the hamilton name
21:20:59 : Direct: [APD] Chief. Hamilton: Lewis Hamilton is my blood i got this
21:21:05 : Direct: Jack Gooner: O YOUR MOVING
21:21:08 : Direct: William: CHEARTER!!
21:21:11 : Direct: Jack Gooner: CHEATER
21:21:18 : Direct: Paddy.G: IT WAS FACKING STUCK
21:21:20 : Direct: Jack Gooner: CHEATERS
21:21:34 : Direct: [APD] SPC. Per: 20000
21:22:20 : Direct: [APD] Chief. Hamilton: STOP CHEATING
21:22:38 : Direct: Jack Gooner: Can we just start
21:22:40 : Direct: Rartin Miggs: 10 points for anyone who VDMs rob at the start
21:28:57 : Direct: Gamer (2): hey
21:29:00 : Direct: Major Mint: yo
21:29:14 : Direct: William: hello
21:29:18 : Direct: [APD] Insp. Martyr: hi guys
21:29:28 : Direct: William: hey ,am
21:29:32 : Direct: William: man*
21:29:56 : Direct: [APD] Insp. Martyr: how come you two aren't in the race?
21:30:12 : Direct: Major Mint: got enough doller thought il let the others get sum
21:30:26 : Direct: [APD] Insp. Martyr: ahhh]
21:31:30 : Direct: Major Mint: how many people took part?
21:31:43 : Direct: [APD] SPC. Per: well.. it started early..
21:35:10 : Direct: [APD] PC. Rambo: how do you place the item ?
21:36:01 : Direct: [APD] Insp. Martyr: gogo
21:36:07 : Direct: Masked Robber: officer why am i restrained
21:36:29 : Direct: Masked Robber: let me go please
21:36:43 : Direct: Masked Robber: put me in the raod i want the go karts to hit me
21:36:52 : Direct: Masked Robber: i want to die for the kart cause
21:36:52 : Direct: [APD] Insp. Martyr: you closed the gate
21:36:57 : Direct: [APD] Insp. Martyr: one that car
21:37:01 : Direct: Masked Robber: im in cuffs i cant close it
21:37:11 : Direct: Masked Robber: i wanna die from karts
21:37:19 : Direct: Masked Robber: put me in road
21:37:56 : Direct: [APD] SPC. Per: PLEASE GET OFF THE ROAD
21:38:11 : Direct: Masked Robber: me?
21:38:22 : Direct: [APD] SPC. Per: sir please leave the road. For your own safety
21:38:43 : Direct: Masked Robber: no officer i love go karts i want to get hit so hard that it enters me
21:38:50 : Group: [APD] Chief. Stalks: check reg of the winner
21:38:57 : Direct: Masked Robber: i sexualy identify as a go kart officer
21:39:10 : Direct: Masked Robber: no you will not remove me of my rigth as a human
21:39:23 : Direct: Masked Robber: ok officer
21:40:02 : Direct: Masked Robber: mint
21:40:09 : Direct: Masked Robber: can i have your hat?
21:40:37 : Direct: Masked Robber: i look cool as shit
21:41:00 : Direct: Masked Robber: HIT ME
21:41:15 : Direct: Paddy.G: SUP LADS
21:42:14 : Direct: Jack Gooner: I need to be healed
21:42:27 : Direct: Paddy.G: no
21:42:30 : Direct: Jack Gooner: Who is the lucky bastard?
21:42:31 : Direct: Rartin Miggs: Ill slip a tenner under the table for any admin that wants to change the results a little
21:42:56 : Direct: [APD] SPC. Randall: you spawned at the air field and bought a go kart, and rammed me off the road which is cheating
21:42:59 : Direct: Jack Gooner: Does the 4th place get 1 mil?
21:43:04 : Direct: [APD] SPC. Randall: i'l let the admins deal with you
21:43:15 : Direct: Papa Bear: and 5th 500k? it only makes sense
21:43:16 : Direct: Paddy.G: no i didnt?
21:43:20 : Direct: Jack Gooner: Yip
21:43:23 : Direct: Jack Gooner: Nono
21:43:27 : Direct: Masked Robber: and 6th 250k
21:43:29 : Direct: Jack Gooner: 1st gets 4mil
21:43:34 : Direct: Jack Gooner: 2nd gets 3.5 mikl
21:43:39 : Direct: [APD] SPC. Randall: yes you did we searched the registation of your vehiclce
21:43:39 : Direct: Jack Gooner: 3rth gets 3 mil
21:43:48 : Direct: Jack Gooner: And number 4 2.5
21:43:52 : Direct: Jack Gooner: And number 5 100K
21:43:55 : Direct: Paddy.G: yeah i pulled my car out at sofia it should say that?
21:44:03 : Direct: [APD]Chf Insp. Eukanubae: did you die at that corner paddy D?
21:44:15 : Direct: [APD] SPC. Randall: no you didnt i saw you
21:44:20 : Direct: Jack Gooner: So does 4th place get anything
21:44:26 : Direct: Masked Robber: AHHHHHHHHHHHHHHHHHHH
21:44:29 : Direct: Masked Robber: FUCK YOU
21:44:32 : Direct: Masked Robber: BASTERD
21:44:49 : Direct: Jack Gooner: Thx rob
21:44:56 : Direct: Jack Gooner: Love you rob
21:45:09 : Direct: Jack Gooner: I lvoe you even more rob
21:45:34 : Direct: Jack Gooner: Rob you are the best
21:45:37 : Direct: Masked Robber: il suck dick for 4 mil
21:45:50 : Direct: Jack Gooner: Good job
21:45:53 : Direct: Jack Gooner: WEll im going offline
21:45:58 : Direct: Jack Gooner: CATCH YOU GUYS LATER
21:46:43 : Direct: Masked Robber: the race was fixed i want 4 mil so i wont reveal the info
21:51:39 : Direct: Major Mint: sorry man cant hear you 
21:51:45 : Direct: Major Mint: na mate its all good
21:52:34 : Direct: [APD] SPC. Per: aor
21:52:40 : Direct: [APD] SPC. Per: You are glitchedf
21:52:51 : Direct: [APD] SPC. Per: I will unlock the vihicle
21:52:54 : Direct: [APD] SPC. Per: you will get out
21:53:11 : Direct: [APD] SPC. Per: if you try to get away. I will inform a higher ranked officer
21:53:22 : Direct: [APD] SPC. Per: get out
21:56:20 : Direct: Kalem: STOP
21:57:17 : Direct: Paddy.G: NOT THE FACE
21:57:20 : Direct: Paddy.G: MY FAVE IS MY JOB
21:57:24 : Direct: Paddy.G: PLEASE
21:57:37 : Direct: Paddy.G: MY MODELLING CAREER WILL BE RUINED
21:58:10 : Vehicle: El Chapo: Coms removed
21:58:20 : Direct: Masked Robber: kill me
21:58:22 : Direct: Masked Robber: wow
21:58:28 : Direct: Masked Robber: im watching
21:58:46 : Vehicle: Paddy.G: I don't like the way you're talking to me
21:58:53 : Vehicle: Paddy.G: my feelings hurt
21:59:01 : Vehicle: Paddy.G: my face hurts
21:59:30 : Vehicle: Paddy.G: what is password for your TS OOC
21:59:33 : Direct: Masked Robber: jesus
22:01:34 : Direct: General Tank: don't shoot strider red skull here to help
22:06:36 : Direct: Parralasys: need toolkit?
22:08:59 : Group: [APD] Insp. Martyr: vEHICLE PLEASE
22:09:01 : Group: [APD] Insp. Martyr: 3 people here
22:09:22 : Direct: [APD] Insp. Martyr: Just going to search you Dru due to the location
22:11:31 : Direct: General Tank: can't hear heli
22:13:24 : Direct: Masked Robber: officer chase that lunitic
22:16:09 : Direct: Magne: ...
22:16:17 : Direct: Lafuras: thx mate
22:16:21 : Direct: Lafuras: lol
22:16:36 : Direct: Lafuras: for like the air field yeah when he started
22:16:38 : Vehicle: [APD] SPC. Per: boys you're going to jail for attemt and actual manslaughter
22:16:49 : Vehicle: Magne: self defence
22:17:46 : Direct: Lafuras: isent that what all say
22:18:08 : Direct: Lafuras: okay
22:18:17 : Direct: Lafuras: i hade no cloth till now
22:18:20 : Direct: Masked Robber: sup
22:18:29 : Direct: Alexander young: yo
22:18:30 : Direct: Lafuras: i like it
22:18:40 : Direct: Masked Robber: what happend to ira
22:18:56 : Direct: Masked Robber: what happend to ira
22:18:58 : Direct: Lafuras: no im not
22:19:03 : Direct: Alexander young: nothing
22:19:04 : Direct: Lafuras: im a killer
22:19:23 : Direct: Masked Robber: i heard you all got banned for dupeing
22:19:25 : Direct: Alexander young: want to kill cops
22:19:28 : Vehicle: Paddy.G: SEAN 200K IF YOU KILL MORRIS
22:19:29 : Direct: Masked Robber: ye
22:19:30 : Direct: Alexander young: na 
22:19:44 : Direct: Masked Robber: rambo is at a checkpoint at kavala
22:19:45 : Direct: Alexander young: claim the gang hide out
22:19:45 : Direct: Paddy.G: 4400k?
22:19:49 : Direct: Paddy.G: 400k*
22:19:55 : Direct: Lafuras: you can make 150k in 15 min from herion you will be okay
22:20:00 : Direct: Masked Robber: i killed him a min ago if you draw him out i can shoot him and more will come
22:20:03 : Group: Kagutsuchi: voteday
22:20:03 : Direct: Alexander young: they all respawnd
22:20:44 : Direct: Alexander young: what gun u got
22:20:51 : Direct: Masked Robber: you claim hideout ima get up on the hill with the mk18
22:21:01 : Direct: Alexander young: i got a cyrex
22:21:08 : Direct: Masked Robber: which ones that?
22:21:19 : Direct: Alexander young: the sniper 1 from the dlc
22:21:25 : Direct: Masked Robber: ok 1 sec
22:21:28 : Direct: Alexander young: 9.3 mil
22:22:01 : Direct: Masked Robber: gimmie your car to get up the hill its quicker
22:23:06 : Direct: Arod: IMMA HELP
22:23:23 : Direct: Arod: iTS EUKA
22:23:27 : Direct: Masked Robber: i dont have my mic in
22:23:31 : Direct: Arod: i cnat be seen in your chat
22:23:42 : Direct: Alexander young: aww ok
22:34:30 : Direct: Paddy.G: You scared the shit out of me lol
22:43:38 : Group: [APD] SPC. Randall: someone just shot me around here NES
22:43:45 : Group: [APD] Sgt. fatruff3: k
22:48:12 : Direct: [APD] PC. Rambo: CAN YOU REPORT ON ALL OFFICERS 
22:49:49 : Vehicle: Magne: yO
22:49:54 : Vehicle: Magne: Sup?
22:49:59 : Vehicle: [APD] Chief. Hamilton: sup
22:50:13 : Vehicle: Magne: What is my charge?
22:54:52 : Group: [APD] Insp. Martyr: Where
22:54:52 : Vehicle: Kir: sarcasm
22:54:55 : Group: [APD] Insp. Martyr: where you die
22:55:35 : Direct: Arod: Sir
22:55:39 : Direct: Arod: Outside kavala grid:
22:55:51 : Direct: Arod: 062x150
22:55:56 : Direct: Arod: guys camping
22:55:58 : Direct: Arod: 3 
22:55:59 : Direct: Masked Robber: can you pick it up?
22:56:23 : Group: [APD] Insp. Martyr: Fatruff, where did you die
22:57:05 : Direct: Arod: I have a huge gun inside it..
22:57:19 : Direct: Masked Robber: throw away the key
22:57:23 : Direct: Masked Robber: officer
22:58:07 : Direct: [APD] Chief. Hamilton: impound that truck pls
23:03:44 : Vehicle: Paddy.D: WHAT'S GOING ON??
23:03:57 : Direct: Masked Robber: hello brothers
23:04:02 : Direct: Masked Robber: need a lift?
23:04:08 : Direct: Masked Robber: lol
23:04:19 : Direct: Masked Robber: i think the money thing is broke
23:07:17 : Direct: Masked Robber: sup brother
23:13:30 : Group: Rartin Miggs: john smith does anal with the post at the end of his bed
23:14:14 : Group: [WTC]Paddy.B: its being sorted
23:14:21 : Group: [WTC-CEO/King]BOIS: demand comp
23:15:16 : Group: [WTC]Paddy.B: dont bother breaking me out i think he might let me out
23:18:48 : Group: [APD] SPC. Pancakes: Can someone close proson 
23:18:53 : Group: [APD] SPC. Pancakes: Prison*
23:19:33 : Direct: Rex: fuck the police
23:20:10 : Vehicle: Major Mint: sec
23:20:21 : Direct: William: FUCK OF YA CUNT!
23:20:49 : Direct: Masked Robber: arrest him officer
23:20:57 : Direct: William: FUCK THE POLICIA
23:21:26 : Direct: Masked Robber: can i join the go kart club
23:22:18 : Direct: Masked Robber: who are you talking to officer
23:22:24 : Direct: Masked Robber: ah my balls
23:22:41 : Direct: Masked Robber: you seem stressed officer
23:22:50 : Direct: Masked Robber: can you tell the cops on the radio i said hi
23:23:24 : Direct: Masked Robber: officer?
23:23:37 : Direct: Masked Robber: we can take my car if you like
23:23:46 : Direct: Masked Robber: its very fast
23:24:08 : Group: [APD] SPC. Pancakes: mARTY I hear the hurron 
23:24:13 : Group: [APD] SPC. Pancakes: Near weed
23:24:15 : Direct: Masked Robber: only 1 i feel ashamed
23:24:16 : Group: [APD] Insp. Martyr: Orca on its way to dealer!
23:24:22 : Group: [APD] SPC. Pancakes: oKAYW
23:24:39 : Direct: Masked Robber: am i going to get a ticket or how is this gonna play out
23:25:40 : Group: [APD] PC. Rambo: need a officer to come to ringroad service station to take masked robber to jail as my car has been stolen 
23:26:00 : Direct: Masked Robber: how long?
23:26:06 : Group: [APD] SPC. Pancakes: Martyr can you do that?
23:26:13 : Direct: [APD] PC. Rambo: waiting on a eta 
23:26:27 : Direct: Masked Robber: did you tell them i say hi?
23:26:49 : Direct: [WTC-CEO/King]BOIS: did not know you were civ
23:26:52 : Direct: [WTC-CEO/King]BOIS: thought you were cop
23:27:25 : Group: [APD] SPC. Pancakes: Martyr goto Rambo with a car to get Masked robber! Need jail
23:27:34 : Group: [APD] SPC. Pancakes: Near Ringroad service station
23:27:46 : Group: [APD] Insp. Martyr: Rgr
23:27:48 : Group: [APD] Insp. Martyr: Omw
23:27:53 : Group: [APD] PC. Rambo: right next to ringroad service station 
23:28:07 : Direct: Masked Robber: whats the eta
23:28:10 : Direct: Masked Robber: ah
23:28:28 : Direct: Masked Robber: shoot them
23:28:38 : Direct: Masked Robber: HELP ME
23:28:42 : Direct: Masked Robber: BROTHERS
23:28:53 : Direct: Masked Robber: YES BROTHERS
23:29:02 : Direct: Masked Robber: yes brother
23:29:14 : Direct: Masked Robber: i will not forget this favour
23:29:21 : Group: [APD] Insp. Martyr: where is he?
23:29:43 : Direct: Masked Robber: ok we should hide cops are on the way
23:29:56 : Group: [APD] SPC. Pancakes: ON service station
23:30:10 : Group: [APD] Insp. Martyr: ty
23:30:35 : Group: [APD] Insp. Martyr: fucking nhs can't fly
23:30:38 : Group: [APD] Insp. Martyr: care is broken
23:30:39 : Group: [APD] PC. Rambo: 4 guys at ringroad 2 armed 
23:31:38 : Vehicle: Masked Robber: shall i buy a gun?
23:32:00 : Direct: William: your choise
23:38:41 : Vehicle: Rartin Miggs: Pop him in the head in a sec
23:38:47 : Vehicle: Ash: yeah yeah
23:39:02 : Vehicle: Ash: you do it
23:39:07 : Vehicle: Ash: he already hates me
