09:56:12 : Vehicle: VibZ: lemme troll
11:30:40 : Vehicle: [APD] Insp. Tex: That was scary
11:30:43 : Vehicle: [APD] Insp. Tex: that laugh
11:48:28 : Direct: GeneralDolphin: ouch
12:04:59 : Group: [APD] Chief. Hamilton: stahp tasing pls
12:34:30 : Direct: GeneralDolphin: I DEMAND A LAWYERRR
12:34:37 : Vehicle: [APD] Chief. Hamilton: no lawyers today.
12:34:41 : Direct: GeneralDolphin: bro
12:34:44 : Direct: GeneralDolphin: look at this bug
12:34:50 : Vehicle: [APD] Chief. Hamilton: if you give me the location of El Chapo I will only ticket you guys, not jail.
12:34:51 : Direct: GeneralDolphin: lol
12:35:07 : Vehicle: GeneralDolphin: Hmm
12:35:12 : Vehicle: GeneralDolphin: Interesting situation
12:35:28 : Vehicle: GeneralDolphin: How do i know youre telling the truth
12:35:37 : Vehicle: [APD] Chief. Hamilton: im the chief.
12:42:32 : Group: [APD] Insp. Tex: 2 accounts of murder
13:26:21 : Direct: Danny Jansen: oke
13:27:34 : Vehicle: DonGino: typpe want ik hoor niks
13:27:36 : Vehicle: Danny Jansen: doe earplugs in
13:57:17 : Direct: Masked Robber: move your car plz
13:59:34 : Direct: Pufface.: Are you looking for people?
13:59:43 : Direct: Pufface.: check chat
13:59:58 : Direct: DonGino: nope iam member of the AFF
14:00:02 : Direct: Pufface.: ah okayy
14:00:35 : Direct: Pufface.: whos leader of AFF?
14:02:34 : Direct: DonGino: dru
14:02:45 : Direct: Pufface.: hes online now?
14:14:51 : Group: Black Bob: .
14:57:44 : Direct: [APD] Chief. Hamilton: we cant get in, open your gate and we shall
15:00:10 : Vehicle: [APD] Chief. Stalks: they moaning
15:06:40 : Group: [APD] PC. Thorben: =
15:08:41 : Group: [APD] Chief. Stalks: brb
15:28:32 : Group: [APD] Sgt. NickB: server lag?
15:31:27 : Direct: [APD] Sgt. NickB: relogging
15:31:29 : Direct: [APD] Sgt. NickB: to fix bug
15:32:30 : Direct: Masked Robber: officer may we speak in private
15:34:46 : Direct: Masked Robber: you do everyone does
15:35:19 : Vehicle: [APD] PC. Crumpet: beef
15:35:40 : Vehicle: [APD] Sgt. NickB: lag
15:35:43 : Vehicle: [APD] Sgt. NickB: and beef
15:35:45 : Vehicle: [APD] Sgt. NickB: and low fps
15:35:47 : Vehicle: [APD] Sgt. NickB: lyv
15:37:13 : Direct: [APD] PC. Crumpet: gimme comp
15:37:17 : Direct: [APD] PC. Crumpet: dick bag
15:38:57 : Direct: | Vertex |: PRO ROLEPLAY TIP
15:39:47 : Direct: [APD] Sgt. NickB: get in
15:44:23 : Vehicle: [APD] PC. Crumpet: "Hided"
15:45:38 : Group: Tango: dru?
15:48:19 : Group: Tango: dru you there?
15:55:38 : Group: [APD] Chief. Hamilton: im busy atm bro, trying to  sort out admin issues, ask a higher rank
15:55:45 : Group: [APD] Insp. Eukanubae: Any lethal used against you or other civis
15:55:51 : Group: [APD] Insp. Eukanubae: you can retaialite
15:56:53 : Group: [APD] Insp. Eukanubae: DIAMOND TRADER NEED ASSISTANCE
15:57:02 : Group: [APD] Insp. Eukanubae: 3 ARMED GUYS ROBBING FIREFIGHT GOING ON
15:59:27 : Direct: [APD] Sgt. NickB: ben
15:59:31 : Direct: [APD] Sgt. NickB: they are the cheifs
16:00:15 : Direct: [APD] Sgt. NickB: get in
16:00:16 : Direct: [APD] Sgt. NickB: u idiot
16:00:39 : Vehicle: BookerDewitt: sorry speaking to hamilton
16:02:20 : Group: [APD] PC. Nick Nolif: Officer down at diamond trader i've been shot need back up
16:06:07 : Group: DonGino: /voteday
16:06:24 : Direct: Konan: want a ride?
16:06:30 : Group: DonGino: / vote day\
16:12:21 : Group: El Chapo: wARGAMMER
16:12:26 : Group: WarGamer: Wha
16:26:16 : Vehicle: DonGino: oil rig is pvp area
16:32:21 : Direct: VibZ: dake
16:32:24 : Direct: VibZ: danke#
16:37:02 : Direct: [NHS] John Rookie: it said i revived u...
16:41:40 : Vehicle: [APD] Chief. Hamilton: this cost me 150k to rent
16:42:27 : Direct: Welsh af: I THINK ATHERIA IS CLOSERE
16:43:50 : Direct: Welsh af: I WILL PAY YOU 300K
16:43:52 : Direct: Welsh af: TO LET ME GO
16:43:59 : Direct: [APD] Insp. Eukanubae: On me break, im sleepin.
16:44:01 : Direct: Welsh af: I pay upfront
16:44:42 : Group: [APD] Insp. Eukanubae: 3 guillisuits in atira.
16:44:54 : Direct: [APD] Insp. Eukanubae: Is that an illigal firearm on your back?
16:45:02 : Direct: [APD] Insp. Eukanubae: guy under my car.
16:45:17 : Direct: [APD] Insp. Eukanubae: im sure i saw it on your back..
16:45:26 : Direct: [APD] Insp. Eukanubae: ALright
16:45:29 : Direct: [APD] Insp. Eukanubae: Back to sleep
16:45:40 : Group: [APD] Insp. Eukanubae: 4 jihads in athira.
16:46:09 : Direct: [APD] Insp. Eukanubae: no food
16:46:13 : Direct: [APD] Insp. Eukanubae: no nothing
16:46:16 : Direct: [APD] Insp. Eukanubae: im on a diet..
16:46:18 : Direct: TheDogsBollocks: :(
16:46:18 : Direct: [APD] Insp. Eukanubae: of bullets!
16:49:19 : Vehicle: DonGino: 12k
16:51:02 : Vehicle: Welsh af: 500k to let me go
16:51:05 : Vehicle: Welsh af: i transfer first
16:51:14 : Direct: Deano: /dance
16:51:17 : Vehicle: Welsh af: deal?
16:51:22 : Direct: Deano: /sit
16:56:18 : Direct: TheOman: .
17:18:28 : Group: GeneralDolphin: help me
17:23:25 : Direct: TheDogsBollocks: xD
17:23:28 : Vehicle: GeneralDolphin: stop for a donut?
17:24:40 : Direct: [APD] PC. Thorben: +
17:26:59 : Vehicle: Kalem: SHOULD WE LEAVE HIM XD
17:28:35 : Group: Tango: dongino and phill
17:28:47 : Group: Tango: we are heading to cocaine processing with huron and 2 hummnigbird
17:29:04 : Group: Tango: if you are not doing anything else we would appreciate a few extra guns :)
17:29:37 : Group: [APD] Insp. Eukanubae: Wauw lag?
17:30:12 : Direct: TheDogsBollocks: xxxxD
17:30:24 : Group: GeneralDolphin: dinner
17:37:47 : Group: [APD] PC. Nick Nolif: srry
17:41:16 : Group: [APD] PC. Nick Nolif: type
17:41:21 : Group: [APD] Insp. Eukanubae: LAGGING AS FUCK
17:43:07 : Group: [APD] Cadet.  Jano: on our way 3min
17:43:18 : Group: [APD] Cadet.  Jano: ETA
17:45:31 : Group: [APD] PC. Nick Nolif: we have arrived we were shot at
17:45:37 : Group: [APD] PC. Nick Nolif: stolen police hunter
17:45:50 : Group: [APD] PC. Nick Nolif: requesting back up asap
17:45:51 : Group: [APD] Cadet. John Rookie: Return fire
17:47:55 : Group: [APD] Cadet. John Rookie: No worries, we are coming in hard, with tasers, backup incoming
17:50:45 : Group: DonGino: cops at drugdealer
17:52:47 : Direct: [APD] Cadet Mr.Anderson: k
17:55:04 : Group: [APD] Cadet.  Jano: 2 guys unarmed
17:59:42 : Vehicle: [APD] Cadet. BookerDewit: nick what are we doing xD
18:02:11 : Direct: Potato: fuck youuuuuu
18:05:30 : Group: [APD] Cadet. John Rookie: There was an orca at heroin processing, can somebody check out the drug dealer?
18:05:48 : Group: [APD] Chief. Hamilton: roger, im at drug dealer now.
18:06:06 : Group: [APD] Cadet. John Rookie: There will be at least 2 people
18:06:18 : Group: [APD] PC. Crumpet: Responding
18:06:26 : Group: [APD] PC. Crumpet: 4k air response
18:07:04 : Group: [APD] PC. Crumpet: Roger 
18:07:41 : Vehicle: [APD] Cadet. John Rookie: go to heroin field?
18:09:39 : Vehicle: [APD] Cadet Mr.Anderson: TEAMSPEAK ANNOYING AF
18:09:50 : Vehicle: [APD] Cadet. John Rookie: i know
18:10:43 : Direct: [APD] Chief. Hamilton: bet yours cant do this
18:11:02 : Vehicle: [APD] Cadet. John Rookie: i only wanna talk with u
18:11:07 : Vehicle: [APD] Cadet. John Rookie: not the others
18:11:31 : Vehicle: [APD] Cadet. John Rookie: heroin processing?
18:11:38 : Vehicle: [APD] Cadet Mr.Anderson: my things dont work
18:11:38 : Vehicle: [APD] Cadet. John Rookie: gang hideout
18:11:39 : Vehicle: [APD] Cadet Mr.Anderson: ;c
18:11:41 : Vehicle: [APD] Cadet. John Rookie: what
18:11:45 : Vehicle: [APD] Cadet. John Rookie: what thing nu work
18:11:46 : Vehicle: [APD] Cadet Mr.Anderson: i wanted to do a hearrt btu cant
18:11:54 : Vehicle: [APD] Cadet. John Rookie: do a "." before
18:11:57 : Vehicle: [APD] Cadet Mr.Anderson: gang heroin processing
18:12:01 : Vehicle: [APD] Cadet. John Rookie: yes
18:12:02 : Vehicle: [APD] Cadet Mr.Anderson: .<3
18:12:08 : Vehicle: [APD] Cadet. John Rookie: .<3
18:13:00 : Vehicle: [APD] Cadet. John Rookie: should we ask for a channel only for us`
18:13:06 : Vehicle: [APD] Cadet Mr.Anderson: ye do it
18:13:06 : Vehicle: [APD] Cadet. John Rookie: pls
18:13:10 : Vehicle: [APD] Cadet. John Rookie: fuck
18:13:52 : Vehicle: [APD] Cadet. John Rookie: u do it, dunno what to say, scared
18:14:09 : Direct: [APD] Chief. Hamilton: not very nice
18:14:48 : Direct: [APD] Cadet Mr.Anderson: lets go to the civ room
18:14:54 : Direct: [APD] Cadet. John Rookie: lets go to another channel
18:14:55 : Direct: [APD] Cadet Mr.Anderson: civ 1
18:14:58 : Direct: [APD] Cadet. John Rookie: civ_ reallz
18:15:59 : Vehicle: [APD] Cadet Mr.Anderson: wWtf
18:16:07 : Vehicle: [APD] Cadet. John Rookie: ALLAHU AKBAR
18:16:25 : Direct: General Tank: afk
18:16:32 : Direct: [APD] Chief. Hamilton: same
18:17:29 : Direct: [APD] Chief. Hamilton: cya later gents
18:17:39 : Direct: Tango: bye
18:17:41 : Direct: Major Mint: tara
18:18:08 : Vehicle: [APD] Cadet. John Rookie: i cant mute em all
18:18:10 : Vehicle: [APD] Cadet. John Rookie: what
18:18:20 : Vehicle: [APD] Cadet. John Rookie: and then mute
18:18:24 : Vehicle: [APD] Cadet. John Rookie: doesnt woooork
18:18:35 : Vehicle: [APD] Cadet. John Rookie: doenst say anything
18:18:38 : Vehicle: [APD] Cadet. John Rookie: just doesnt do it
18:19:23 : Vehicle: [APD] Cadet. John Rookie: I CANT MUTE EM
18:19:25 : Vehicle: [APD] Cadet. John Rookie: AHHHHHH
18:19:33 : Vehicle: [APD] Cadet Mr.Anderson: ahhh!
18:19:35 : Vehicle: [APD] Cadet. John Rookie: dude help
18:19:41 : Vehicle: [APD] Cadet Mr.Anderson: I can mute em
18:19:43 : Vehicle: [APD] Cadet Mr.Anderson: just find
18:19:44 : Vehicle: [APD] Cadet Mr.Anderson: fine
18:19:47 : Vehicle: [APD] Cadet Mr.Anderson: restart teamspeak
18:20:51 : Vehicle: [APD] Cadet Mr.Anderson: does it work
18:21:09 : Vehicle: [APD] Cadet. John Rookie: no
18:21:15 : Vehicle: [APD] Cadet. John Rookie: i muted whole TS
18:21:16 : Vehicle: [APD] Cadet. John Rookie: u know
18:21:22 : Vehicle: [APD] Cadet. John Rookie: so i cant hear anyone now
18:21:32 : Vehicle: [APD] Cadet. John Rookie: so if tis important per tells u
18:21:35 : Vehicle: [APD] Cadet. John Rookie: and u tell me
18:23:27 : Group: [APD] PC. Crumpet: Anyone left a hunter at drug dealer?
18:23:57 : Group: [APD] PC. Crumpet: There's a hunter at drug dealer but seems to be unatended
18:25:22 : Group: [APD] Insp. Eukanubae: we cbat gear
18:25:24 : Group: [APD] Insp. Eukanubae: cant hear you.
18:25:26 : Group: [APD] Insp. Eukanubae: lagging
18:25:41 : Group: [APD] PC. Crumpet: Hunter leaving drug dealer
18:25:45 : Group: [APD] PC. Crumpet: took shots
18:25:49 : Group: [APD] Insp. Eukanubae: Roger
18:28:08 : Group: [APD] PC. Crumpet: Hunter is heading to AFF base
18:28:19 : Group: [APD] Insp. Eukanubae: Grumpet take care, you are in aff alone :)
18:28:50 : Group: [APD] PC. Crumpet: Going to have to leave this one, I am alone
18:31:41 : Group: [APD] PC. Crumpet: Nice teamkill
18:31:49 : Group: [APD] PC. Crumpet: Was in my heli
18:36:40 : Group: [APD] Sgt. NickB: when is desync gonna get fixed on the server?
18:36:53 : Group: [APD] Sgt. NickB: im killing cops with desync :/
18:36:59 : Group: [APD] PC. Crumpet: Yep
18:37:05 : Group: [APD] Insp. Eukanubae: We dont know..
18:37:10 : Group: [APD] Insp. Eukanubae: theres nothing we can fix.
18:37:16 : Group: [APD] Sgt. NickB: Tragic
18:42:54 : Group: [APD] Insp. Eukanubae: GJ at pyrgos!
18:48:03 : Direct: [APD] Cadet. John Rookie: guy in heli is armed big gun
18:50:35 : Vehicle: [APD] Cadet. John Rookie: i muted my mic so yis
18:50:39 : Vehicle: [APD] Cadet. John Rookie: awww
18:50:49 : Vehicle: [APD] Cadet. John Rookie: if u like zit, yis
18:51:16 : Vehicle: [APD] Cadet. John Rookie: can hear nobody now, gud...but would be better if i can mute everyone 
18:51:18 : Vehicle: [APD] Cadet. John Rookie: like u did
18:53:42 : Direct: [APD] Cadet. John Rookie: laaaag
18:53:46 : Direct: [APD] Cadet. John Rookie: ah
18:53:48 : Direct: [APD] Cadet Mr.Anderson: ya
18:53:55 : Vehicle: [APD] Cadet. John Rookie: federal reserve
18:53:57 : Vehicle: [APD] Cadet. John Rookie: lez go :D
18:54:08 : Vehicle: [APD] Cadet. John Rookie: Federal reserve protected by rookies with tasers
18:54:58 : Group: [APD] Insp. Eukanubae: Masked robber and another guy at kavala in diving suits, they might go poaching north of kavala.
18:56:32 : Group: GeneralDolphin: reminds me of
18:56:34 : Group: GeneralDolphin: get down
18:56:36 : Group: GeneralDolphin: get lose
18:56:43 : Group: GeneralDolphin: and then blalalala
18:59:19 : Group: [APD] Chief. Hamilton: everyone near kavala area respond
18:59:24 : Group: [APD] Insp. Eukanubae: cocaine!
19:02:35 : Group: [APD] Chf insp. MrDunis: HUmmingbird landing in fed
19:03:30 : Vehicle: [APD] Cadet. John Rookie: join bank response
19:03:34 : Vehicle: [APD] Cadet. John Rookie: in ts
19:03:51 : Vehicle: [APD] Cadet. John Rookie: we need to be fast 
19:03:55 : Group: [APD] Chief. Hamilton: join FED CHANNEL
19:03:58 : Vehicle: [APD] Cadet. John Rookie: 9 km in 3 minutes
19:04:11 : Vehicle: [APD] Cadet. John Rookie: RIGHT after we fucking LEFT FUCK FUCK FUCK
19:04:42 : Direct: GeneralDolphin: wannna race?
19:04:54 : Group: [APD] Cadet. John Rookie: Anderson and me will check out Telos for snipers/marksmen
19:05:02 : Group: [APD] Chief. Hamilton: ok
19:05:05 : Group: [APD] Insp. Eukanubae: Roger
19:05:16 : Vehicle: Kalem: DVLA I THINK 
19:05:19 : Vehicle: [APD] Cadet. John Rookie: we have to go to Telos, above Fed
19:05:26 : Vehicle: [APD] Cadet. John Rookie: cuz snipers/marksmen
19:05:30 : Vehicle: [APD] Cadet. John Rookie: gogogo
19:06:08 : Vehicle: [APD] Cadet. John Rookie: we are sooo far away
19:06:10 : Vehicle: [APD] Cadet. John Rookie: nooooo
19:07:29 : Vehicle: [APD] Cadet. John Rookie: in telos are snipers
19:08:15 : Vehicle: [APD] Cadet. John Rookie: they are angry at us i bet
19:08:19 : Vehicle: [APD] Cadet. John Rookie: cuz wtf are we here
19:08:28 : Vehicle: [APD] Cadet. John Rookie: we need a heli next time xD
19:08:37 : Vehicle: [APD] Cadet. John Rookie: go to TELOS ok? <3 yisyis
19:08:41 : Vehicle: [APD] Cadet. John Rookie: we gonna rush the sniper
19:12:39 : Vehicle: Flames: was planning to go to gang hideout and killing some potatoes
19:14:10 : Group: [APD] Chf insp. MrDunis: Tex take your car to sniper marker
19:14:18 : Group: [APD] Chf insp. MrDunis: You got hamilton with you and JAck as heli
19:15:06 : Group: [APD] Cadet. John Rookie: somebody pls take the restrained sniper here
19:15:16 : Group: [APD] Insp. Tex: Server restart in 2
19:47:48 : Direct: [APD] Insp. Eukanubae: MUPPET!
19:47:54 : Direct: [APD] Insp. Eukanubae: .,<3
19:48:55 : Group: [APD] Chf insp. MrDunis: Athira HQ is being atacked
19:52:08 : Direct: uwotm8: Move the car please, blocking spawn
19:52:40 : Group: [APD] Chief. Hamilton: can i get some officers on the east side of the map
19:52:53 : Group: [APD] Insp. Eukanubae: omw
19:53:04 : Group: [APD] PC. Per: AM ROUTE
19:54:46 : Direct: [APD] Cadet. John Rookie: DONT
19:54:51 : Direct: [APD] Cadet. John Rookie: it costs way 2 much
20:03:13 : Direct: [APD] PC. Thorben: lol
20:06:21 : Group: [APD] Cadet. John Rookie: laggy
20:06:22 : Group: [APD] Insp. Eukanubae: Thorben.
20:06:23 : Group: [APD] Insp. Eukanubae: Dont
20:06:24 : Group: [APD] Insp. Eukanubae: Talk 
20:06:32 : Group: [APD] Insp. Eukanubae: DDOS means no talkitalki >(
20:06:32 : Group: [APD] Chief. Hamilton: +1
20:06:54 : Group: [APD] PC. Thorben: requesting back up ata agios  fuel station
20:07:05 : Group: [APD] PC. Thorben: there in a heli
20:07:23 : Group: [APD] PC. Thorben: they flew past it
20:07:57 : Vehicle: Kalem: can you stop 
20:08:16 : Vehicle: John Smith: Not funny, Dam Daniel
20:10:41 : Group: [APD] Chief. Hamilton: 2 AFF Hunters outside fed
20:10:42 : Group: [OM]GeneralDolphin: ON THE DOT
20:10:55 : Group: [APD] Insp. Eukanubae: rookieee
20:24:42 : Group: Tango: phill
20:25:10 : Group: [APD] Cadet. John Rookie: Contatc, Gang coke processing!
20:25:10 : Group: [APD] Cadet. John Rookie: Contact
20:25:12 : Direct: [OM] WarGamer : Get out dude
20:25:17 : Direct: Kalem: land or be fired upon
20:25:20 : Group: Tango: ok
20:25:23 : Direct: [APD] PC. Per: YOU ARE WANTED FOR attempt of theft
20:25:23 : Direct: [OM] VibZ: DECENT CHOPEPER OR BE FIRED
20:25:48 : Direct: [APD] PC. Per: yes it is. it has been filed by a witness
20:25:56 : Direct: [APD] PC. Per: a trustworthy one
20:26:01 : Direct: [APD] Chief. Hamilton: ///
20:26:17 : Direct: [APD] PC. Per: listen sir, it is simple and clear
20:26:38 : Direct: [APD] Insp. Eukanubae: PADAWAN
20:26:42 : Direct: [APD] Insp. Eukanubae: YOU DIED HERE LESS THAN 15M AGO
20:30:03 : Direct: TheDogsBollocks: BULLSHIT TAZERS
20:33:19 : Vehicle: TheDogsBollocks: kk
20:33:24 : Vehicle: [APD] Insp. Eukanubae: o
20:34:00 : Direct: TheDogsBollocks: kk
20:34:33 : Direct: [APD] Cadet. John Rookie: anderson
20:34:41 : Direct: [APD] Cadet. John Rookie: anderson
20:34:46 : Direct: [APD] Cadet Mr.Anderson: ya
20:34:50 : Direct: [APD] Cadet. John Rookie: we need to neutraliye hideout
20:34:52 : Direct: Masked Robber: srry
20:34:57 : Direct: [APD] Cadet Mr.Anderson: go to air
20:34:58 : Direct: [APD] Cadet. John Rookie: neutralzye hideout
20:34:58 : Direct: [APD] Cadet Mr.Anderson: ok
20:35:16 : Direct: [APD] Cadet Mr.Anderson: air support
20:40:21 : Vehicle: [APD] Cadet Mr.Anderson: hai
20:40:22 : Vehicle: [APD] Cadet Mr.Anderson: :3
20:50:10 : Direct: Masked Robber: FUCK YOU
20:55:16 : Direct: [OM]GeneralDolphin: la la laag
20:58:38 : Direct: Geoff: IS THAT YOU MARTIN ?
20:58:53 : Direct: [OM]GeneralDolphin: SI SENOR
20:58:59 : Direct: Geoff: puto
20:59:05 : Direct: [OM]GeneralDolphin: :(
21:06:23 : Group: Masked Robber: u der?
21:06:27 : Direct: [OM]GeneralDolphin: Let's go
21:06:49 : Group: Black Bob: yes
21:06:50 : Group: Black Bob: ?
21:07:05 : Direct: [OM]GeneralDolphin: DAMN
21:07:08 : Direct: [OM]GeneralDolphin: DANIEL
21:07:20 : Direct: TheDogsBollocks: Xd
21:08:02 : Direct: ScottC: where we goin
21:08:16 : Direct: El Chapo: To your execution
21:08:17 : Direct: [OM]GeneralDolphin: NARNIA
21:08:51 : Vehicle: [OM]GeneralDolphin: TOOK YOUR COMMS BTW
21:09:07 : Vehicle: ScottC: :(
21:09:11 : Group: [APD] PC. Nick Nolif: type
21:09:12 : Vehicle: [OM]GeneralDolphin: lolo
21:09:14 : Vehicle: [OM]GeneralDolphin: gave it back
21:09:15 : Vehicle: [OM]GeneralDolphin: 3
21:09:21 : Vehicle: [OM]GeneralDolphin: now i took it again
21:09:25 : Vehicle: [OM]GeneralDolphin: now i gave it back
21:09:35 : Vehicle: ScottC: top troll
21:10:09 : Vehicle: [OM]GeneralDolphin: so whats your favorite pokemon
21:10:15 : Vehicle: ScottC: Hmm
21:10:26 : Vehicle: ScottC: Good question
21:10:26 : Vehicle: John Smith: Daniel
21:10:30 : Group: [APD] Cadet. John Rookie: wtf
21:10:30 : Vehicle: ScottC: so many
21:10:30 : Vehicle: John Smith: that's mine
21:10:32 : Group: [APD] Cadet Mr.Anderson: wtf
21:10:34 : Group: [APD] Cadet Mr.Anderson: desync
21:10:48 : Vehicle: [OM]GeneralDolphin: I personally like lugia
21:10:50 : Vehicle: John Smith: when i throw the pokeball, i  say "DAM DANIEL"
21:10:50 : Vehicle: [OM]GeneralDolphin: because its got aeroblast
21:11:04 : Vehicle: ScottC: sorry what?
21:11:14 : Vehicle: John Smith: You are knocked out
21:11:56 : Direct: Masked Robber: fuck the police
21:12:31 : Direct: [APD] Insp. Eukanubae:  <3
21:13:03 : Direct: [OM] VibZ: Move car please
21:15:08 : Group: [APD] Cadet.  Jano: ifrit airport need backup
21:15:21 : Group: [APD] Cadet.  Jano: were chasing him
21:15:31 : Group: John Smith: Dam Daniel
21:15:41 : Group: John Smith: DAAAAAAAAAAAAAAAAAAAAAAAAAAAAAAM Daniel
21:15:47 : Direct: Masked Robber: officer may i get my ticket now?
21:15:52 : Group: [APD] Chief. Hamilton: TYPE
21:15:54 : Group: [APD] Chief. Hamilton: TYPE
21:15:56 : Group: [APD] PC. Nick Nolif: backup
21:15:59 : Group: [APD] PC. Nick Nolif: Our position
21:16:02 : Group: [APD] Chief. Hamilton: location?
21:16:04 : Group: [APD] PC. Nick Nolif: ifrit with armed people
21:16:09 : Group: [APD] PC. Nick Nolif: our position military base close to airport
21:16:27 : Direct: Masked Robber: officer may i get my ticket now
21:16:28 : Group: [APD] PC. Nick Nolif: atleast 3 armed guys
21:16:45 : Vehicle: Masked Robber: me?
21:16:57 : Group: [APD] PC. Nick Nolif: 2 IFRITS NOW
21:18:14 : Direct: Masked Robber: get in ts bob
21:18:19 : Group: [APD] PC. Nick Nolif: Need backup, in a gunfight
21:18:35 : Group: [APD] PC. Nick Nolif: NVM
21:20:23 : Direct: [APD] PC. Nick Nolif: ooc: i apologise for shooting
21:20:29 : Direct: [APD] PC. Nick Nolif: ooc: we didn't notice this was a safezone
21:20:33 : Direct: [OM] Welsh AF: I Didnt know you shot
21:20:36 : Direct: [OM] Welsh AF: cops are not aloud here
21:22:11 : Group: Flames: Dru hop in the heli i will take us to iron
21:22:55 : Group: [APD] Cadet.  Jano: responding to station
21:23:08 : Group: [APD] Cadet.  Jano: airsupport
21:24:15 : Vehicle: General Tank: pickaxe in heli
21:24:41 : Vehicle: Flames: key us
21:24:44 : Group: [APD] PC. Nick Nolif: rookie we are coming to help
21:24:52 : Group: [APD] PC. Nick Nolif: sniper marker active?
21:26:36 : Group: [APD] Chief. Hamilton: 2 IFRITS AGIOS
21:26:39 : Group: [APD] Chief. Hamilton: ABACKUP
21:26:44 : Group: [APD] Chief. Hamilton: BACKUP
21:27:29 : Direct: Andrew Appleton: Can you give me keys please
21:27:56 : Group: Flames: keys
21:28:09 : Direct: Andrew Appleton: Thanks
21:33:31 : Direct: Andrew Appleton: Heli is re3ally close to being full
21:37:30 : Group: [APD] Cadet.  Jano: stolen police cqr driving to kqvqlq
21:40:21 : Group: [APD] Insp. Eukanubae: ADAM
21:40:24 : Group: [APD] Insp. Eukanubae: apd123
21:41:17 : Group: [APD] Insp. Eukanubae: cant hear you
21:41:19 : Group: [APD] Insp. Eukanubae: lagging
21:42:06 : Group: [APD] Insp. Eukanubae: Adam password is apd123
21:42:57 : Group: [APD] Insp. Eukanubae: '
21:43:01 : Vehicle: John Smith: where we headed
21:44:24 : Direct: [IRA] BigDickPatrica: hahahahhahaa
21:44:50 : Direct: [IRA] BigDickPatrica: HAHAHAHA\
21:46:54 : Group: General Tank: NEED ANY HELP?
21:50:03 : Group: Flames: you boys killing cops?
21:50:36 : Direct: TheDogsBollocks: fail rp
21:52:18 : Group: Flames: lock the heli dru
22:01:03 : Vehicle: [OM]GeneralDolphin: gogo
22:01:59 : Group: Nice : Nick
22:05:21 : Group: [IRA] Jihadi john : HAHAH]
22:15:30 : Group: [APD] Cadet. John Rookie: Dodisdod disconnected while restrained
22:17:12 : Group: [OM] Welsh AF: brb
22:19:53 : Group: DonGino: / vote day
22:30:12 : Direct: Flames: good man
22:43:43 : Group: El Chapo: vote day
23:02:31 : Vehicle: Andrew Appleton: Okay. Thanks
23:03:46 : Direct: Major Mint: if you want me to i can drop you off where ali is if you want 2
23:04:03 : Direct: Andrew Appleton: Nah, I'm good. He's just at base atm
23:06:51 : Direct: Andrew Appleton: Had a fun ride :)
23:07:09 : Direct: Major Mint: Hehe il be doing a couple of weed runs just to make a little bit of money
23:07:15 : Direct: Major Mint: in a while*
23:08:00 : Direct: Andrew Appleton: I've got a headache so I'm going to bounce. Although I'll be back on later tonight
23:08:09 : Direct: Major Mint: roger that
23:31:49 : Direct: [APD] Insp. Eukanubae: Flames <3
