00:00:01 : Group: Sean Wolfington: lower down
00:02:10 : Group: Sean Wolfington: 59 mins till restart
00:03:21 : Direct: TheGreatAndBrave: yis
00:03:23 : Group: Sean Wolfington: i dont get that
00:03:28 : Group: Sean Wolfington: how can a motor take down a helo
00:04:00 : Group: mikey: /BAIL
00:04:16 : Direct: Shiva: sorry mate for the shit you went frow
00:04:24 : Group: mikey: .
00:04:37 : Direct: mikey: HOW DO YOU BAIL
00:04:54 : Group: Sean Wolfington: me is the helos etc
00:07:01 : Group: Sean Wolfington: no it is when we have people
00:11:23 : Group: Sean Wolfington: meidc comin
00:11:54 : Group: Sean Wolfington: highflute
00:12:01 : Group: Sean Wolfington: can i have keys to your suv
00:12:20 : Group: Sean Wolfington: tabasco is shitty
00:12:35 : Group: Sean Wolfington: it aint hot
00:12:42 : Group: Sean Wolfington: its mild fo me ;3
00:12:59 : Group: Sean Wolfington: but yur talking to a guy who had a ghost chili xd
00:13:36 : Group: Sean Wolfington: i did it fakker
00:13:41 : Group: Sean Wolfington: ik
00:14:22 : Group: Sean Wolfington: they dank
00:14:32 : Group: Sean Wolfington: higflute
00:14:35 : Group: Sean Wolfington: ye car
00:14:40 : Group: Sean Wolfington: keys
00:15:34 : Group: Sean Wolfington: same
00:16:00 : Group: Sean Wolfington: ye
00:17:30 : Group: Sean Wolfington: medic
00:18:06 : Group: Sean Wolfington: op as heeel
00:23:39 : Group: Sean Wolfington: ye they are there
00:23:46 : Group: Sean Wolfington: i think they are hiding in warehouse
00:26:46 : Group: Sean Wolfington: ryan i 0-7 in this server XD
00:28:15 : Group: Sean Wolfington: i have visual contact
00:30:01 : Direct: [Lt] Flames: konan
00:30:03 : Direct: [Lt] Flames: you shit
00:30:06 : Direct: [Lt] Flames: get the tag in
00:30:32 : Direct: Konan: is that the xtml?
00:30:33 : Group: Sean Wolfington: i am above
00:31:15 : Direct: Konan: how do i get the aff tag?
00:31:34 : Direct: [Lt] Flames: at the end of your name is squad xml
00:31:39 : Direct: [Lt] Flames: .which your not in yet
00:32:15 : Direct: Konan: yea, who can do it?
00:32:18 : Direct: [Lt] Flames: Tango
00:32:22 : Direct: [Lt] Flames: who fucked off already
00:32:23 : Direct: Konan: cheers
00:32:24 : Direct: [Lt] Flames: lol
00:32:25 : Group: Sean Wolfington: cCOP MOVING UP
00:32:31 : Group: Sean Wolfington: infront
00:33:47 : Group: [APD] Insp.Gadget: 2 guys out of huron
00:35:31 : Group: Sean Wolfington: warehiouse
00:36:28 : Group: Sean Wolfington: he logged
00:36:52 : Group: Sean Wolfington: could
00:37:09 : Group: Sean Wolfington: tryuck still have shit ?
00:39:07 : Group: Sean Wolfington: mg i scraed em so ye
00:40:03 : Group: Sean Wolfington: only had 9k
00:40:12 : Group: Sean Wolfington: ryan
00:40:52 : Group: Sean Wolfington: 3 spikes xd
00:41:24 : Group: Sean Wolfington: whai ;3
00:41:27 : Group: Sean Wolfington: Xd
00:41:41 : Group: Sean Wolfington: mg i have op head armour
00:41:55 : Group: Sean Wolfington: portection 4
00:42:36 : Group: Sean Wolfington: you where so lucky i shot
00:44:56 : Group: Sean Wolfington: i fo sure didnt have 1/07mil
00:45:08 : Group: Sean Wolfington: it goes into your garage
00:46:44 : Group: Sean Wolfington: explode gas station
00:46:47 : Group: Sean Wolfington: 15mins left 
00:48:08 : Group: Sean Wolfington: XD
00:49:19 : Group: Sean Wolfington: paintball anyone?
00:49:36 : Group: Sean Wolfington: mattafaks paintball?
00:50:01 : Group: Sean Wolfington: who down for paintball
00:50:03 : Group: Sean Wolfington: 13 mins left
00:51:29 : Direct: [Lt] Flames: Go go go
00:51:50 : Group: Sean Wolfington: that shot
00:52:23 : Group: Sean Wolfington: agian
00:52:48 : Group: Sean Wolfington: dont do it with 5mins left
00:52:52 : Group: Sean Wolfington: ik
00:53:03 : Group: Sean Wolfington: nah
00:53:08 : Group: Sean Wolfington: dont do it when 5mins left
00:53:11 : Group: Sean Wolfington: just do it
00:54:20 : Group: Sean Wolfington: you dont get xp fo it anymore
00:55:04 : Group: Sean Wolfington: it is actually good
00:57:23 : Direct: Alfonso: keys?
00:57:28 : Direct: TheGreatAndBrave: why
00:57:28 : Group: Sean Wolfington: 3mins
00:57:36 : Direct: HussyPunter: Schedule
00:57:44 : Direct: HussyPunter: got medical mary jane
00:57:45 : Direct: Paddy.C: hurry up
00:57:48 : Direct: HussyPunter: i will give you some?!?!
00:57:50 : Direct: HussyPunter: pls
00:58:06 : Direct: HussyPunter: hurry pls
00:58:11 : Direct: TheGreatAndBrave: Im sorry, you cannt
00:58:15 : Direct: HussyPunter: why?
00:58:34 : Direct: TheGreatAndBrave: Im told to not let you through
00:58:44 : Direct: TheGreatAndBrave: im sorry m8
00:58:57 : Direct: TheGreatAndBrave: or u know what
00:58:58 : Group: Sean Wolfington: ok i just lost 200k
00:59:00 : Group: Sean Wolfington: ...
00:59:07 : Group: Sean Wolfington: stupid fucking mag
00:59:28 : Group: Sean Wolfington: .wouldnt advise
00:59:32 : Group: Sean Wolfington: 1min
00:59:37 : Group: Sean Wolfington: you lose shit
01:02:24 : Group: TheSFire: Sean whered you spawn at?
01:03:28 : Group: Sean Wolfington: ost a mag cause paintball
01:03:32 : Group: Sean Wolfington: witch cost 200k
01:03:43 : Group: Sean Wolfington: yours doesnt cost 200k tho
01:07:53 : Group: Sean Wolfington: got it marked
01:09:05 : Group: Sean Wolfington: GOT IT
01:09:15 : Group: Sean Wolfington: i hooked it up
01:10:01 : Group: Sean Wolfington: emm
01:10:50 : Group: Sean Wolfington: we need a hcarge ?
01:10:56 : Group: Sean Wolfington: i dont kno
01:11:01 : Group: Sean Wolfington: i dont know how to do it
01:11:23 : Group: Sean Wolfington: go factory
01:11:35 : Group: Sean Wolfington: the crate
01:12:23 : Group: Sean Wolfington: XD
01:12:26 : Group: Sean Wolfington: that aint bad ;3
01:14:47 : Group: Sean Wolfington: nah
01:15:38 : Group: Sean Wolfington: rebel
01:15:42 : Group: Sean Wolfington: charge
01:15:54 : Group: Sean Wolfington: nah
01:15:56 : Group: Sean Wolfington: ye
01:18:52 : Group: Sean Wolfington: d
01:19:01 : Group: Sean Wolfington: for what xd
01:22:04 : Group: Sean Wolfington: who is gonna assualt it
01:22:27 : Group: Sean Wolfington: i have a lrps on my navid
01:22:48 : Group: Sean Wolfington: nope the system is bugged
01:22:58 : Group: Sean Wolfington: they have to have keys to search
01:24:14 : Group: Sean Wolfington: i love the mk1
01:24:22 : Group: Sean Wolfington: Xd
01:24:42 : Group: Sean Wolfington: only slings
01:24:59 : Group: Sean Wolfington: no ai there
01:28:04 : Group: Sean Wolfington: 6 cops need to be on
01:28:12 : Group: Sean Wolfington: it like the fed
01:28:17 : Group: Sean Wolfington: BUT BETTER
01:28:41 : Group: Sean Wolfington: cause its ez to snipe
01:28:45 : Group: Sean Wolfington: no room for cops to hide
01:29:14 : Group: Sean Wolfington: morphine ?
01:30:14 : Group: Sean Wolfington: if only shipwreck worked
01:31:09 : Group: Sean Wolfington: omfg
01:31:11 : Group: Sean Wolfington: fuel xd
01:31:19 : Group: Sean Wolfington: there is about 5mins left
01:34:03 : Group: Sean Wolfington: 50
01:35:02 : Group: Sean Wolfington: 35k XD
01:38:40 : Group: Sean Wolfington: 4 WINDOWS 1 BULLET
01:39:08 : Group: Sean Wolfington: 27k
01:39:28 : Group: Sean Wolfington: WE DOING THAT
01:39:39 : Group: Sean Wolfington: helo crash ?
01:40:48 : Group: Sean Wolfington: this is ez xp
01:41:07 : Group: Sean Wolfington: lock it yourself
01:43:22 : Group: Sean Wolfington: thats a player
01:43:24 : Group: Sean Wolfington: with mk200
01:45:32 : Group: Sean Wolfington: marked
01:45:54 : Group: Sean Wolfington: he know this is completely bulletproof?
01:47:59 : Group: Sean Wolfington: 2 /4
01:48:16 : Group: Sean Wolfington: windows t
01:49:41 : Group: Sean Wolfington: he watsed 800 bulklets so
01:53:08 : Direct: Keidis, Flea: Be adviced
01:53:13 : Direct: Keidis, Flea: this safezone is not safe atm
01:53:21 : Direct: Keidis, Flea: you can shoot and kill
01:53:25 : Direct: Sean Wolfington: ahhh
01:53:27 : Direct: Keidis, Flea: atleast you could earlier, so be careful
01:58:00 : Group: Sean Wolfington: no idea
02:02:34 : Direct: White Bob: 'ellllo
02:13:22 : Direct: White Bob: ok ok
02:18:43 : Group: Sean Wolfington: hellcat
02:19:08 : Group: Sean Wolfington: idk xd
02:19:11 : Group: Sean Wolfington: was texting
02:19:32 : Group: Sean Wolfington: only 1
02:22:28 : Group: Sean Wolfington: shit i have spikes on meh
02:26:54 : Group: Sean Wolfington: i just saw a car on the map
02:28:13 : Group: FUCK BOB: did bob leave?
02:28:21 : Group: Sean Wolfington: offroad apperd on map for me
02:28:37 : Group: Sean Wolfington: ik
02:31:52 : Direct: White Bob: ello
02:31:59 : Direct: White Bob: who are you?
02:32:03 : Direct: Light: OUT THE CAR
02:32:11 : Direct: White Bob: that a very big gun you have
02:32:19 : Direct: White Bob: what are you compensating for?
02:32:27 : Direct: Light: a small penis
02:32:32 : Direct: White Bob: wanna go for a drive 
02:32:39 : Direct: Light: not with strangers
02:33:09 : Group: Sean Wolfington: Xd
02:33:46 : Group: Sean Wolfington: xd
02:34:52 : Group: Sean Wolfington: getting fuel
02:35:00 : Group: Sean Wolfington: food water ?
02:38:01 : Group: Sean Wolfington: take the spikes
02:39:18 : Group: Sean Wolfington: never
02:39:25 : Group: Sean Wolfington: OLFMEISTER
02:39:44 : Group: TheSFire: mG PLS SEND ME 3K
02:40:12 : Group: Sean Wolfington: shat ap
02:43:49 : Group: Sean Wolfington: no cops on
02:45:49 : Group: Sean Wolfington: give me
02:49:25 : Group: Sean Wolfington: navid
02:52:14 : Group: Sean Wolfington: is he just paying me 1 mil
02:59:19 : Group: Sean Wolfington: mg
02:59:24 : Group: Sean Wolfington: can i borrow
02:59:28 : Group: Sean Wolfington: 100k off anyone
02:59:39 : Group: Sean Wolfington: rip skins
03:02:47 : Group: Sean Wolfington: we have it 
03:02:53 : Group: Sean Wolfington: but gonna sleep
03:02:55 : Group: Sean Wolfington: 20k
03:03:01 : Group: Sean Wolfington: ye
03:03:09 : Group: Sean Wolfington: 940
03:03:15 : Group: Sean Wolfington: yes
04:17:38 : Direct: TheGreatAndBrave: could you plis just leave sir
04:17:50 : Direct: TheGreatAndBrave: come and let me escort u
04:18:16 : Direct: TheGreatAndBrave: when_
04:18:43 : Direct: TheGreatAndBrave: I had nothing to do with that sir
04:19:04 : Direct: TheGreatAndBrave: that you have to take with the higher ups
04:19:31 : Direct: TheGreatAndBrave: how much did you lose_
04:20:08 : Direct: TheGreatAndBrave: come with me and i can give you 200k 
04:20:26 : Direct: TheGreatAndBrave: i had nothing to do with it but i feel sorry for you man
04:20:58 : Group: [Cpl] Thomas Thunder: Y
04:21:07 : Group: [Cpl] Thomas Thunder: OK
04:25:48 : Direct: TheGreatAndBrave: buy urself a better truck to lose this time ;)
04:26:07 : Direct: TheGreatAndBrave: ur welcome
12:20:47 : Group: [Cpl] Alex(wolf): .,
12:45:28 : Direct: Jack: dude
12:45:31 : Direct: Jack: i got these weps
12:45:55 : Direct: Jack: ohy
12:45:59 : Direct: Jack: i was bringing them to you
12:46:01 : Direct: Jack: you cock waffle
12:46:03 : Direct: Jack: =v
12:46:10 : Direct: Jack: Sorry
12:46:11 : Direct: Jack: IK 
12:46:14 : Direct: Jack: I GOT THESE WEPS
12:46:16 : Direct: Jack: I WAS  BRINGING
12:46:19 : Direct: Jack: THEM TO YOU
12:46:22 : Direct: Jack: AND I TABBED OUT
12:46:24 : Direct: Jack: XJDUGJUEJDSU##
12:46:34 : Direct: Jack: I said
12:46:44 : Direct: Jack: I was bringin g them to you
12:46:45 : Direct: Jack: =v
12:46:51 : Direct: Jack: its k if you search me
12:46:55 : Direct: Jack: ye
12:47:18 : Direct: Jack: breh
12:47:25 : Direct: Jack: it took all me sights/
12:47:30 : Direct: Jack: wer dey illegal
12:47:31 : Direct: Jack: breh
12:47:40 : Direct: Jack: bcus like
12:47:42 : Direct: Jack: i had like 7
12:47:50 : Direct: Jack: eyy tnx
12:48:54 : Direct: Jack: hmm should I bring you more weapons or nah
12:48:55 : Direct: Jack: cus like
12:48:59 : Direct: Jack: me shooting was a accident
12:49:05 : Direct: [APD] PCSO. CrackDown: ERMM
12:49:10 : Direct: [APD] PCSO. CrackDown: up too you
12:49:13 : Direct: Jack: Mkay
12:49:20 : Direct: Jack: ill go get more of dem illegal weps 
13:01:16 : Group: [Naked] Yakumo: Restart?
13:01:32 : Group: Wyer: yes
13:34:32 : Group: roberto: .
13:43:28 : Direct: Jack: Whatever
13:43:31 : Direct: Jack: dickheads
13:46:40 : Direct: stevo: oi
13:46:54 : Direct: stevo: leave my buddies car alone
13:48:00 : Direct: roberto: get out my car
13:48:03 : Direct: stevo: beter call the police
13:50:15 : Direct: [Pvt] WarGamer : Lave Now
14:00:15 : Direct: Jack: Why
14:00:18 : Direct: Jack: I want to ruin your shit
14:01:59 : Direct: White Bob: fuck aff
14:06:39 : Direct: [Lt] Flames: cant hear
14:06:43 : Direct: [Lt] Flames: konan shit talking
14:06:58 : Direct: [Cpl] Ahmed: is my uniform correct or did it change
14:07:05 : Direct: [Cpl] Ahmed: i know about the beret
14:07:06 : Direct: [Lt] Flames: looks good
14:07:18 : Direct: [Lt] Flames: yep perfect
14:23:12 : Direct: Nicolai Henriksen: hello
14:23:21 : Direct: Nicolai Henriksen: yes
14:23:30 : Direct: Nicolai Henriksen: oh 
14:23:38 : Direct: Nicolai Henriksen: im leaving now
14:23:51 : Direct: Nicolai Henriksen: what tax
14:23:55 : Direct: Nicolai Henriksen: and how much
14:24:03 : Direct: Nicolai Henriksen: okay 2 sec
14:24:19 : Direct: Nicolai Henriksen: there
14:24:41 : Direct: Nicolai Henriksen: yeah okay
14:24:44 : Direct: Nicolai Henriksen: np cya
14:29:35 : Group: Hello Kitty: MARK UR HOUSE ILL DRIVE TO IT
14:37:42 : Group: Hello Kitty: mark ur house
14:38:07 : Group: White Bob: ok
14:38:47 : Group: [Lt] Flames: konan go kill the gokart fuckersd
14:49:37 : Direct: Nicolai Henriksen: wtf dude
14:50:24 : Direct: Nicolai Henriksen: jesus fucking christ
14:50:49 : Direct: Nicolai Henriksen: 360k up in the air
14:50:57 : Direct: Nicolai Henriksen: damn if I had recorded that
14:51:27 : Direct: Smith, Chad: garage?
14:52:59 : Direct: Nicolai Henriksen: im pissed
14:53:35 : Direct: [Naked] JabbaTheSlutt: {JAGUAR}-ROYAL: plz tell yakumo to return the old update man  
14:56:37 : Direct: Nicolai Henriksen: wow
14:56:49 : Group: [Naked] Dazed: incoming...
14:57:50 : Direct: Nicolai Henriksen: what the actual fuck
14:58:57 : Group: [Naked] Dazed: wjhere is that other guy
15:04:12 : Group: [Naked] Dazed: buying supplies
15:05:35 : Group: [Naked] Dazed: i'm storing it
15:10:27 : Group: [Naked] Dazed: i was in the ts when the guy told you will.
15:13:28 : Group: [Naked] Dazed: i look sexy af now
15:13:42 : Group: [Naked] Dazed: i don't care because it's old
15:14:16 : Group: [Naked] Dazed: someone in the tower
15:16:43 : Group: [Pvt] WarGamer : k
15:19:55 : Group: [Naked] Dazed: direcr mne
15:22:28 : Group: [Naked] Dazed: you've been running around
15:23:31 : Group: [Naked] Dazed: if it goes bad jump in
15:25:23 : Group: [Naked] Dazed: buying a sniper cscope
15:27:02 : Vehicle: [Naked] Dazed: flex what's the plan?
15:27:43 : Vehicle: [Naked] Dazed: what are we doing?
15:27:49 : Vehicle: [Naked] Dazed: 3.6mil?
15:27:56 : Vehicle: [Naked] Dazed: 3.6mil?#
15:28:03 : Vehicle: [Naked] Dazed: how much did you get
15:28:13 : Vehicle: [Naked] Dazed: we'll do it later
15:28:26 : Vehicle: [Naked] Dazed: lets go to a boat shop
15:28:28 : Vehicle: [Naked] Dazed: see what we can buy
15:29:13 : Direct: [Naked] Dazed: hunters
15:29:14 : Direct: [Naked] Dazed: cops
15:29:15 : Direct: [Naked] Dazed: no
15:29:49 : Direct: [Naked] Dazed: got a repair kit?
15:30:02 : Direct: [Naked] Dazed: lets abort and spawn in kavala
15:31:59 : Group: [Naked] Dazed: need the license
15:32:04 : Group: [Naked] Dazed: noat
15:32:06 : Group: [Naked] Dazed: boat
15:32:12 : Group: [Naked] Dazed: cheap
15:32:54 : Group: [Naked] Dazed: cocaine
15:32:59 : Group: [Naked] Dazed: no
15:33:27 : Direct: Sgt.CrackDown: v
15:33:47 : Group: [Naked] Dazed: na lets go tothe beach
15:36:59 : Group: [Naked] Dazed: we need the underwater gun
15:38:47 : Group: [Naked] Dazed: how do you storer it?
15:38:49 : Group: [Naked] Dazed: store
15:38:54 : Group: [Naked] Dazed: i have 144k on me i need tospend it
15:39:16 : Group: [Naked] Dazed: flex
15:39:20 : Group: [Naked] Dazed: i'll give you cash
15:39:35 : Group: [Naked] Dazed: i can't work out how to
15:40:10 : Group: [Naked] Dazed: how do you go down
15:40:13 : Direct: Sgt.CrackDown: ok cops are coming just sit tight
15:41:11 : Group: [Naked] Dazed: how do we go up?
15:41:44 : Group: [Naked] Dazed: how do we go up matrthew
15:42:15 : Group: [Naked] Dazed: lol
15:42:19 : Group: [Naked] Dazed: how do we go up
15:44:54 : Group: [Naked] Dazed: yh
15:45:08 : Group: [Naked] Dazed: it's cool though
15:48:26 : Group: [Naked] Dazed: is it locked?
15:48:37 : Group: [Naked] Dazed: is there a boat shop close?
15:49:29 : Group: [Naked] Dazed: how do you dive down?
15:49:44 : Group: [Naked] Dazed: swimming
15:50:07 : Group: [Naked] Dazed: na i'll sub
15:50:21 : Group: [Naked] Dazed: where am i going?
15:52:59 : Vehicle: [Naked] JabbaTheSlutt: You will regret murdering one of members We will see you soon xoxox
15:53:37 : Group: [Naked] Dazed: i have
15:53:39 : Group: [Naked] Dazed: i just aborted
15:53:41 : Group: [Naked] Dazed: and came back in
15:53:44 : Group: [Naked] Dazed: i know
15:53:46 : Group: [Naked] Dazed: that'#s the plan
15:53:52 : Group: [Naked] Dazed: ...
15:53:59 : Group: [Naked] Yakumo: lamo
15:54:32 : Direct: Shiva: the guy
15:54:39 : Direct: Shiva: 100k
15:55:17 : Direct: Shiva: type mate
15:56:39 : Direct: [APD] SPC.Potato: GET IN
15:56:49 : Direct: [Naked] Dazed: sup
15:57:08 : Direct: [Naked] Dazed: just setting up some diving gear
15:57:25 : Direct: [Naked] Dazed: got to back my gang up in a submarine
15:57:31 : Direct: [Naked] Dazed: and i'm sniping too
15:57:57 : Vehicle: [APD] SPC.Potato: OUT
15:57:59 : Direct: [Naked] Dazed: goodluck
16:00:22 : Direct: Magnus k. Hansen: Restart_
16:02:41 : Group: [Naked] Dazed: lads
16:02:47 : Group: [Naked] Dazed: i can poke my head out of the water
16:02:51 : Group: [Naked] Dazed: and snipe them
16:03:18 : Group: [Naked] Dazed: mk 14
16:03:24 : Group: [Naked] Dazed: i'm going further out
16:03:27 : Group: [Naked] Dazed: give me a sec
16:03:53 : Group: [Naked] Dazed: i love this diving geae
16:03:55 : Group: [Naked] Dazed: gear
16:04:29 : Group: [Naked] Dazed: bakc in  sec
16:05:53 : Group: [Naked] Dazed: bk
16:07:14 : Group: [Naked] Dazed: can't right now
16:11:26 : Group: [Naked] Dazed: apparently can't shoot in th water
16:11:28 : Group: [Naked] Dazed: coming to land
16:14:56 : Group: [Naked] Dazed: vvote day guys
16:19:46 : Group: [Naked] Dazed: should i move in or leave?
16:20:44 : Group: [Naked] Dazed: the problem was i didn'tget a chance to shoot
16:21:50 : Group: [Naked] Dazed: waiting for you guys to spawn
16:22:21 : Group: [Naked] Dazed: i think we should all buy diving gear and attack them again
16:22:25 : Group: [Naked] Dazed: spawn south rebel
16:22:39 : Group: [Naked] Dazed: w
16:25:59 : Group: [APD] Chief. Hamilton: why are we in a hunter hey boys
16:28:27 : Group: [Naked] Dazed: who's car? I need ther keys
16:28:29 : Group: [Naked] Dazed: the
16:28:31 : Group: [Naked] Dazed: got some items
16:28:45 : Group: [Naked] Dazed: keys please
16:29:09 : Group: [Naked] Dazed: i need th keys
16:29:12 : Group: [Naked] Dazed: got his drinks
16:29:14 : Group: [Naked] Dazed: and food
16:29:17 : Group: [Naked] Dazed: and the charge
16:29:26 : Group: [Naked] Dazed: keys
16:29:54 : Group: [Naked] Dazed: matthew the keys
16:29:56 : Group: [Naked] Dazed: give me them
16:30:32 : Group: [Naked] Dazed: matthew the fucking keys
16:30:35 : Group: [Naked] Dazed: you pleb
16:30:45 : Group: [Naked] Dazed: the keys
16:30:49 : Group: [Naked] Dazed: flex
16:30:57 : Group: [Naked] Dazed: tell matthew to learn to read
16:31:19 : Group: [Naked] Dazed: read chat
16:31:21 : Group: [Naked] Dazed: matthew
16:31:25 : Group: [Naked] Dazed: gived me the fucking keys
16:31:30 : Group: [Naked] Dazed: gie
16:31:32 : Group: [Naked] Dazed: give
16:31:52 : Group: [Naked] Dazed: i haven't got the keys
16:31:53 : Group: [Naked] Dazed: weldone
16:31:56 : Group: [Naked] Dazed: mission complete
16:31:59 : Group: [Naked] Dazed: good job matthew
16:34:29 : Group: [APD] Insp. Nick Nolif: Jano is replying
16:34:45 : Group: [Naked] Dazed: we'll sub it
16:34:54 : Group: [Naked] Dazed: submarine
16:35:18 : Group: [Naked] Dazed: it will look good and they won't know anything
16:38:54 : Group: [Lt] Flames: got a laser desg at border?
16:40:05 : Group: [Pvt] Connor.M: Rod sir we need men on  the cp
16:40:18 : Group: [Naked] Dazed: got one
16:40:40 : Group: [General] RoD: backup on the way
16:42:05 : Group: [Naked] Dazed: one wall glitched me
16:42:15 : Group: [Naked] Dazed: he shot me throughthe wall
16:42:20 : Group: [Naked] Dazed: and used third persdon 
16:42:21 : Group: [Naked] Dazed: person
16:42:23 : Group: [Naked] Dazed: to get me
16:42:37 : Group: [Naked] Dazed: it is if they use third person to pear round corners
16:42:45 : Group: [Naked] Dazed: it's not
16:42:47 : Group: [Naked] Dazed: you idiot
16:42:53 : Group: [Naked] Dazed: do you do that in real life?
16:42:54 : Group: [Naked] Dazed: wow
16:42:58 : Group: [Naked] Dazed: lol
16:43:00 : Group: [Naked] Dazed: nope
16:43:03 : Group: [Naked] Dazed: but oh well
16:43:11 : Group: [Naked] Dazed: are you a spac
16:43:14 : Group: [Naked] Dazed: read the rules
16:43:21 : Group: [Naked] Dazed: nope
16:43:22 : Group: [Naked] Dazed: read again
16:43:40 : Group: [Naked] Dazed: suck my dick matthew
16:44:10 : Group: [Naked] Dazed: ?
16:45:00 : Direct: [Naked] Dazed: what's the underwater gun called?
16:45:12 : Direct: Shiva: sdr one?
16:45:17 : Direct: [Naked] Dazed: maybe
16:45:19 : Direct: [Naked] Dazed: not sure
16:45:28 : Direct: Shiva: sdar is the nam
16:45:30 : Direct: [Naked] Dazed: sdar?
16:45:33 : Direct: [Naked] Dazed: ahh
16:45:35 : Direct: [Naked] Dazed: cheers man
16:45:40 : Direct: Shiva: np mate
16:45:50 : Direct: [Naked] Dazed: were you the guy my friends killed earlier?
16:46:07 : Direct: [Naked] Dazed: i don't have much cash but i can give you some
16:47:15 : Direct: [Naked] Dazed: is there a special type of mag to be used too?
16:50:50 : Direct: [Naked] Dazed: cya later
16:52:29 : Group: [Naked] Dazed: how
16:55:12 : Direct: Sgt.CrackDown: NICK
16:55:14 : Direct: Sgt.CrackDown: GET OUT
16:59:12 : Direct: [APD] Supt. MrDunis: 1v1 paintball quickly
17:10:29 : Direct: Brad: HI
17:10:36 : Direct: Brad: u need a ride?
17:10:37 : Direct: [NHS]Spammking: hi
17:10:50 : Direct: [NHS]Spammking: naa just a repair kit if you have one
17:10:56 : Direct: Brad: nah dont sorry mate
17:11:04 : Direct: Brad: i can take you somewhere if u want
17:11:30 : Direct: [Naked] Dazed: hi officer
17:11:35 : Direct: [NHS]Spammking: thanks
17:11:37 : Direct: [APD] SPC. Jano: helllo
17:11:47 : Direct: [Naked] Dazed: i'm just going for a little bit of fishing
17:11:50 : Vehicle: [NHS]Spammking: hey
17:11:55 : Direct: [APD] SPC. Jano: ok
17:12:01 : Vehicle: [NHS]Spammking: yea thats where i needed to go
17:12:01 : Direct: [Naked] Dazed: turtle poaching might be an option
17:12:41 : Group: [Naked] Dazed: ?
17:12:52 : Group: [Naked] Dazed: turtle poaching
17:12:58 : Group: [Naked] Dazed: loads
17:13:03 : Group: [Naked] Dazed: 50k per
17:13:10 : Group: [Naked] Dazed: it might be more
17:13:12 : Group: [Naked] Dazed: yeah
17:13:12 : Group: [Naked] Dazed: per
17:13:16 : Direct: [NHS]Spammking: thansk for the lift
17:13:19 : Direct: Brad: NP
17:13:21 : Group: [Naked] Dazed: 75
17:13:36 : Group: [Naked] Dazed: i've got storage in my boat
17:13:48 : Group: [Naked] Dazed: go to the diving shop
17:13:55 : Group: [Naked] Dazed: get every bit of gear
17:13:58 : Group: [Naked] Dazed: and get a sdar
17:14:01 : Group: [Naked] Dazed: from rebel
17:14:30 : Group: [Naked] Dazed: he raged
17:14:49 : Group: [Naked] Dazed: [SSG] Yakumo: ive raged  [SSG] Yakumo: fuck matthew  [SSG] Yakumo: downy  [SSG] Yakumo: playing as hato now  
17:15:08 : Group: [Naked] Dazed: not sure
17:15:10 : Group: [Naked] Dazed: mhm
17:15:18 : Group: [Naked] Dazed: yeah
17:15:21 : Group: [Naked] Dazed: naw
17:15:26 : Group: [Naked] Dazed: yus
17:16:10 : Group: [Naked] Dazed: fuck sharks
17:16:55 : Group: [Naked] Dazed: oh dear
17:17:26 : Group: [Naked] Dazed: i killed 1 and injured another
17:18:58 : Direct: Konan: yo
17:27:52 : Direct: Konan: want a ride?
17:29:44 : Group: [Naked] Dazed: dive in
17:29:49 : Group: [Naked] Dazed: dive down to me
17:30:08 : Group: [Naked] Dazed: really?
17:30:41 : Group: Sean Wolfington: highflute he blew up 2 of my helis and busted me twice so ;3
17:30:53 : Group: TheSFire: WOW
17:31:05 : Group: Sean Wolfington: well i have to go places
17:31:14 : Group: Sean Wolfington: going bowling getting chinese ;o
17:32:58 : Group: [Naked] Dazed: :D
17:33:06 : Group: [Naked] Dazed: but do they have diving gear ;)
17:34:18 : Group: [Naked] Dazed: i can sleep down here
17:36:21 : Group: [Naked] Dazed: jump out your chopper and let it fall
17:36:23 : Group: [Naked] Dazed: come down here
17:36:51 : Group: [Naked] Dazed: i told them back off or my gang will be here
17:37:07 : Group: [Naked] Dazed: i know
17:37:21 : Group: [Cpl] Alex(wolf): correct
17:37:23 : Group: [Pvt] Connor.M: cp under attack
17:37:27 : Group: [Cpl] Alex(wolf): Border under attack
17:37:43 : Group: [Naked] Dazed: you get 20xp per fish you catch
17:37:54 : Group: [Naked] Dazed: this is sick
17:38:02 : Group: [Naked] Dazed: if i can catch one
17:38:06 : Group: [Naked] Dazed: it's bugged atm
17:38:12 : Group: [Naked] Dazed: but i might be doing it wrong
17:38:25 : Group: [Naked] Dazed: i just wanted you down here
17:38:29 : Group: [Naked] Dazed: but they are worth alot
17:38:33 : Vehicle: [Lt] Flames: where do you want to go
17:38:37 : Vehicle: [Lt] Flames: border / base?
17:41:16 : Group: [APD] Supt. MrDunis: Could we get hamilton in our channel please?
17:41:53 : Group: [Naked] Dazed: got turtle meat
17:41:58 : Direct: [Cpl] Alex(wolf): .
17:42:26 : Group: [Naked] Dazed: i worked it out
17:42:41 : Group: [Naked] Dazed: you have to zoom in with your gun to get the turtle meat
17:43:12 : Group: [Naked] Dazed: i could fuck their boats up
17:43:16 : Direct: [Cpl] Alex(wolf): /
17:44:20 : Group: [Naked] Dazed: this is fun
17:44:49 : Direct: onetwo: its coz i have a small penis
17:45:07 : Direct: onetwo: your a darling
17:45:57 : Group: [Naked] Dazed: they scout
17:46:07 : Group: [Naked] Dazed: but i also went up to the cop base and said i was going fishing
17:46:15 : Group: [Naked] Dazed: talked to him for a while and then said turtle poaching and sped off
17:46:20 : Group: [Naked] Dazed: lol
17:47:31 : Direct: Paddy.C: SORRY DUD EIM NOT GOING THAT WAY
17:50:55 : Group: [Naked] Dazed: well i've got loads of turtle meat in my bag
17:51:31 : Group: [Naked] Dazed: na there is one close to here
17:52:01 : Direct: Paddy.C: hey jano
17:52:03 : Group: [Naked] Dazed: ok can yyou get me
17:52:22 : Group: [Naked] Dazed: they've gave up
17:52:23 : Direct: [APD] SPC. Jano: YEAH
17:52:30 : Group: [Naked] Dazed: yes
17:52:36 : Direct: Paddy.C: watcha doing?
17:52:42 : Direct: [APD] SPC. Jano: stuff
17:53:04 : Direct: [APD] SPC. Jano: bye
17:53:38 : Group: [APD] Chief. Hamilton: BAKCUP AT PRISON IF YOUR AVALIABLE AND CLOSE
17:54:30 : Group: [APD] Insp. Nick Nolif: BSF - Belgian Special Forces and Dunis on the way
17:55:18 : Group: [APD] Insp. Nick Nolif: SITREP HAMI
17:55:33 : Group: [APD] Insp. Nick Nolif: If possible - Dunis
17:56:31 : Group: [Naked] Dazed: this is fun
17:56:32 : Group: [Naked] Dazed: lol
17:56:46 : Group: [Naked] Dazed: where are you?
17:56:56 : Group: [Naked] Dazed: come to me then
17:57:05 : Group: [Naked] Dazed: no they left
17:57:26 : Group: [Naked] Dazed: i might lose them
17:57:35 : Group: [Naked] Dazed: ok i'll abort
17:58:34 : Group: [Naked] Dazed: where are you again?
17:59:01 : Group: [Naked] Dazed: are you sure you weren't south?
17:59:13 : Group: [Naked] Dazed: ah your out of the rebel atm
17:59:15 : Group: [Naked] Dazed: that's why
17:59:24 : Group: [Naked] Dazed: alright i'm here
17:59:38 : Direct: [APD] Insp. Nick Nolif: OOC: If you don't tell him hamilon will ban you
18:00:24 : Group: [Naked] Dazed: don't crash, we have precious cargo
18:00:44 : Direct: Paddy.C: there after me
18:00:53 : Group: [Naked] Dazed: we need to try some of the other ways of getting cash because that way was quite good
18:00:55 : Direct: [NHS]Spammking: i wont say anything haha
18:01:06 : Direct: Paddy.C: can they see direct from here?
18:01:23 : Direct: [NHS]Spammking: they wouldnt be able to see you if they looked here
18:01:43 : Direct: Paddy.C: i came into kav doing 220kph and went flying past them then crashed....
18:01:53 : Direct: [NHS]Spammking: all safe
18:03:16 : Group: [Naked] Dazed: i'll sell one to see how much
18:04:16 : Group: [Naked] Dazed: err
18:05:20 : Group: [Naked] Dazed: i don't have them anymore
18:05:23 : Group: [Naked] Dazed: you made me abort
18:05:29 : Group: [Naked] Dazed: i told you i  would lose them
18:05:32 : Group: [Naked] Dazed: it's noti there
18:05:35 : Group: [Naked] Dazed: you fucking noob
18:05:36 : Group: [Naked] Dazed: lol
18:05:42 : Direct: Jens Jeans: TRICK.AGENCY
18:05:47 : Group: [Naked] Dazed: 60
18:06:01 : Group: [Naked] Dazed: i need some cash
18:06:12 : Group: [Naked] Dazed: i have 2.4k
18:06:15 : Group: [Naked] Dazed: i need 100
18:06:44 : Group: [Naked] Dazed: no space for it
18:06:50 : Group: [Naked] Dazed: my inventory has glitched
18:06:54 : Group: [Naked] Dazed: because of the abort
18:06:57 : Direct: Paddy.C: wow
18:06:57 : Group: [Naked] Dazed: i'll give you the cash
18:07:13 : Group: [Naked] Dazed: no key
18:07:46 : Group: [Naked] Dazed: no items
18:07:52 : Group: [Naked] Dazed: buy a turtle soup
18:08:06 : Group: [Naked] Dazed: yh
18:08:26 : Group: [Naked] Dazed: wait
18:08:34 : Group: [Naked] Dazed: it's turtle soup
18:08:37 : Group: [Naked] Dazed: i had turtle meat
18:08:43 : Group: [Naked] Dazed: maybe turtle meat is more
18:08:52 : Group: [Naked] Dazed: noo maybe the turtle meat is worth more
18:08:59 : Group: [Naked] Dazed: we should kill 1 more turtle and try it
18:09:00 : Group: [Naked] Dazed: here
18:09:11 : Group: [Naked] Dazed: he probs pays a high amount for the meat
18:09:16 : Group: [Naked] Dazed: lets go
18:09:33 : Group: [Naked] Dazed: i'll try and grab one more
18:09:35 : Group: [Naked] Dazed: na drop me out
18:09:50 : Group: [Naked] Dazed: lol
18:10:10 : Group: [Naked] Dazed: shit got dinner
18:10:14 : Group: [Naked] Dazed: flex
18:10:21 : Group: [Naked] Dazed: i'll bring it up
18:10:22 : Group: [Naked] Dazed: ok
18:10:23 : Group: [Naked] Dazed: sec
18:11:23 : Group: [Naked] Dazed: keep goimng
18:11:35 : Group: [Naked] Dazed: left a bit
18:11:59 : Group: [Naked] Dazed: you can hover and pick me up
18:12:07 : Group: [Naked] Dazed: it's worth the risk
18:13:25 : Group: [Naked] Dazed: not sure, trying to find a turle
18:13:26 : Group: [Naked] Dazed: turtle
18:13:39 : Group: [Naked] Dazed: see one
18:14:05 : Group: [Naked] Dazed: ready
18:14:15 : Group: [Naked] Dazed: come lower
18:14:15 : Group: [Naked] Dazed: got 23
18:14:16 : Group: [Naked] Dazed: 2
18:14:29 : Group: [Naked] Dazed: wait i see another
18:14:50 : Group: [Naked] Dazed: is it unlocked?
18:14:57 : Group: [Naked] Dazed: go
18:15:05 : Group: [Naked] Dazed: we did it!!!
18:15:16 : Group: [Naked] Dazed: yeah
18:15:19 : Group: [Naked] Dazed: after this ima eat my dinner
18:15:25 : Group: [Naked] Dazed: i'll be quick
18:15:44 : Group: [Naked] Dazed: lol
18:15:51 : Group: [Naked] Dazed: fuck you
18:16:51 : Group: [Naked] Dazed: 18k each
18:17:05 : Group: [Naked] Dazed: ima have my dinner quick
18:17:07 : Group: [Naked] Dazed: ima lay down
18:17:16 : Group: [Naked] Dazed: 10 mins or less
18:17:45 : Direct: Kryptic: reported
18:21:44 : Direct: onetwo: hello
18:21:47 : Direct: onetwo: glory hole
18:23:37 : Direct: onetwo: chuckle brothers
18:27:39 : Group: [Naked] Dazed: bk
18:27:43 : Group: [Naked] Dazed: flax
18:27:50 : Group: [Naked] Dazed: flaaax
18:28:17 : Group: [Naked] Dazed: on go
18:29:14 : Group: [Naked] Dazed: i'll relog
18:30:29 : Group: [Naked] Dazed: i did
18:30:49 : Direct: spinfy: /voteday
18:30:56 : Group: [Naked] Dazed: lety me
18:31:10 : Group: [Naked] Dazed: chopper is full
18:31:14 : Direct: Simon: /voteday¨
18:31:18 : Group: [Naked] Dazed: no i'm selling i have some extra
18:31:21 : Direct: Simon: /voteday
18:32:09 : Group: [Naked] Dazed: 108
18:32:15 : Group: [Naked] Dazed: lets do something else then
18:34:57 : Group: [Naked] Dazed: it says top right
18:36:44 : Group: [Naked] Dazed: i'll get the other chopper
18:53:05 : Direct: [Cpl]TheGreatAndBrave: np
18:53:34 : Direct: [Cpl]TheGreatAndBrave: ur welcome
18:56:26 : Group: [Naked] Dazed: it's on go
18:56:28 : Group: [Naked] Dazed: you noob
18:56:57 : Group: [Naked] Dazed: yep
18:57:35 : Group: [Naked] Dazed: 200k
19:01:59 : Group: [Naked] Dazed: misstyped
19:03:45 : Group: [Naked] Dazed: 200k
19:03:52 : Group: [Naked] Dazed: 3.3mil
19:06:03 : Group: [Naked] Dazed: um
19:06:04 : Group: [Naked] Dazed: 11
19:06:06 : Group: [Naked] Dazed: i did
19:06:10 : Group: [Naked] Dazed: 90 weight
19:06:14 : Group: [Naked] Dazed: so i picked the chopper that size
19:08:32 : Group: [Naked] Dazed: 5.9m
19:11:06 : Group: [Naked] Dazed: 7.3
19:11:14 : Group: [Naked] Dazed: :)
19:12:39 : Group: [Naked] Dazed: 7.9
19:13:12 : Group: [Naked] Dazed: should we relog?
19:14:09 : Group: [Naked] Dazed: ?
19:14:18 : Group: [Naked] Dazed: rerlog
19:14:20 : Group: [Naked] Dazed: yeah
19:16:46 : Group: [Naked] Dazed: banked it
19:16:55 : Group: [Naked] Dazed: did turtle poaching
19:17:07 : Group: [Naked] Dazed: rapid cash
19:17:15 : Group: [Naked] Dazed: did you bank yours?
19:17:30 : Group: [Naked] Dazed: lets go to the gang shop and get some beast vehicles
19:19:36 : Group: [Naked] Dazed: yh
19:22:58 : Group: [Naked] Dazed: 2.4
19:23:09 : Group: [Naked] Dazed: ima store it
19:23:21 : Group: [Naked] Dazed: we'll test it out quick
19:23:23 : Group: [Naked] Dazed: mohawk
19:23:36 : Group: [Naked] Dazed: this can take vehicles
19:23:39 : Group: [Naked] Dazed: watch the back
19:23:40 : Group: [Naked] Dazed: or people
19:23:50 : Group: [Naked] Dazed: the back doors opem
19:23:51 : Group: [Naked] Dazed: open
19:24:03 : Group: [Naked] Dazed: yeah
19:26:11 : Group: [Naked] Dazed: strider
19:26:13 : Group: [Naked] Dazed: yeah
19:26:15 : Group: [Naked] Dazed: shoot the window
19:26:20 : Group: [Naked] Dazed: no
19:26:46 : Group: [Naked] Dazed: got to help my dad
19:26:49 : Group: [Naked] Dazed: back in 15 minsd
19:26:51 : Group: [Naked] Dazed: mins
19:26:57 : Group: [Naked] Dazed: the strider unarmed
19:26:59 : Group: [Naked] Dazed: yeah
19:27:01 : Group: [Naked] Dazed: back soon
19:29:23 : Group: Cudlez: 3
19:34:15 : Direct: White Bob: hello?
19:34:15 : Direct: [Cpl]TheGreatAndBrave: huh?
19:34:19 : Direct: [Cpl]TheGreatAndBrave: what?
19:34:25 : Direct: White Bob: can you hear me?
19:34:31 : Direct: [Cpl]TheGreatAndBrave: hello
19:35:13 : Direct: Cudlez: FRIENDLY
19:35:20 : Direct: White Bob: ello
19:44:24 : Direct: Anjo Diabolico: 143.000
20:03:48 : Group: [Naked] Dazed: hi flazx
20:09:19 : Direct: [Pvt] Connor.M: //DO NOT BREAK NLR PLEASE LEAVE
20:10:53 : Group: [Naked] Dazed: how much?
20:11:04 : Group: [Naked] Dazed: i don't have that
20:11:12 : Group: [Naked] Dazed: 564k
20:12:00 : Direct: [Naked] Dazed: no cash
20:12:25 : Direct: [Naked] Dazed: scope if you need it
20:13:38 : Direct: [Naked] Dazed: is that yours?
20:13:51 : Direct: [Naked] Dazed: lockpick?
20:15:05 : Direct: White Bob: no
20:15:14 : Group: [Naked] Dazed: south
20:15:36 : Group: [Naked] Dazed: flex i need cash matthew has it all
20:15:41 : Group: [Naked] Dazed: flex lets go diving
20:15:56 : Group: [Naked] Dazed: same
20:16:14 : Group: [Naked] Dazed: no i gave him 1.5
20:16:25 : Group: [Naked] Dazed:  i have 8k in my bank
20:16:33 : Group: [Naked] Dazed: i do
20:16:49 : Group: [Naked] Dazed: lets go kavala
20:16:56 : Group: [Naked] Dazed: for diving
20:16:58 : Group: [Naked] Dazed: equipment
20:17:02 : Group: [Naked] Dazed: can you transfer
20:17:04 : Group: [Naked] Dazed: me 20k
20:17:05 : Group: [Naked] Dazed: please
20:17:59 : Group: [Naked] Dazed: thanks flex
20:18:37 : Group: [Naked] Dazed: log
20:18:39 : Group: [Naked] Dazed: and come back
20:18:50 : Group: [Naked] Dazed: yes#
20:19:00 : Group: [Naked] Dazed: get the underwater gun
20:19:05 : Group: [Naked] Dazed: stick that gun in your backpack
20:19:32 : Group: [Naked] Dazed: flex
20:19:38 : Group: [Naked] Dazed: i've bought you a underwater gun
20:23:18 : Group: [Naked] Dazed: let me drive
20:24:02 : Group: [Naked] Dazed: get diving gear
20:24:45 : Group: [Naked] Dazed: buy diving gear
20:24:46 : Group: [Naked] Dazed: flex
20:24:58 : Group: [Naked] Dazed: i gave you cash
20:25:03 : Group: [Naked] Dazed: buy it here
20:25:11 : Group: [Naked] Dazed: 2k
20:25:23 : Group: [Naked] Dazed: you do
20:25:33 : Group: [Naked] Dazed: and
20:25:35 : Group: [Naked] Dazed: go on vests
20:25:38 : Group: [Naked] Dazed: and glasses
20:26:00 : Group: [Naked] Dazed: also put your gun that you have on you in your backpack
20:26:15 : Group: [Naked] Dazed: drag asnd drop
20:26:24 : Group: [Naked] Dazed: into the bacjkpack#
20:26:26 : Group: [Naked] Dazed: backpack
20:26:31 : Group: [Naked] Dazed: ok come here
20:26:34 : Group: [Naked] Dazed: and drop it i'll do it
20:27:01 : Group: [Naked] Dazed: oh shit
20:27:03 : Group: [Naked] Dazed: it's too big
20:27:09 : Group: [Naked] Dazed: ok just keep it
20:28:12 : Group: [Naked] Dazed: i'll put the other gun in the vehicle
20:28:23 : Group: [Naked] Dazed: grab the sdaR OUT
20:28:27 : Group: [Naked] Dazed: grab it out
20:28:30 : Group: [Naked] Dazed: sdar
20:28:51 : Group: [Naked] Dazed: yeah
20:29:08 : Group: [Naked] Dazed: lock it
20:29:19 : Group: [Naked] Dazed: there are more mags in the vehicle
20:29:41 : Group: [Naked] Dazed: have you got it?
20:30:01 : Group: [Naked] Dazed: come
20:30:20 : Group: [Naked] Dazed: want me to put your gun in the boat?
20:30:58 : Group: [Naked] Dazed: i'll put it in the boat
20:31:06 : Group: [Naked] Dazed: no i will now
20:31:37 : Group: [Naked] Dazed: give me the key to your quad
20:31:44 : Group: [Naked] Dazed: give me hte key for your quad
20:34:54 : Group: [Naked] Dazed: how
20:35:43 : Group: [Naked] Dazed: it was me
20:35:45 : Group: [Naked] Dazed: not matthew
20:35:57 : Group: [Naked] Dazed: didn't you see me on the rock
20:35:58 : Group: [Naked] Dazed: you fool
20:38:23 : Group: [Naked] Dazed: no
20:39:00 : Group: [Naked] Dazed: where is flex
20:40:10 : Group: [Naked] Dazed: matthew
20:40:20 : Group: [Naked] Dazed: matthew
20:43:33 : Group: [Naked] Dazed: not on my screen
20:44:28 : Group: [Naked] Dazed: got 2
20:44:49 : Group: [Naked] Dazed: yep
20:44:54 : Group: [Naked] Dazed: rip
20:45:16 : Group: [Naked] Dazed: only you can see it
20:45:25 : Group: [Naked] Dazed: they are client side
20:45:33 : Group: [Naked] Dazed: you'll drown if you don't get out
20:45:48 : Group: [Naked] Dazed: flex is missing out
20:46:13 : Group: [Naked] Dazed: see one
20:46:32 : Group: [Naked] Dazed: i leveled up
20:47:32 : Group: [Naked] Dazed: no
20:48:45 : Group: [Naked] Dazed: i'm going out at 8
20:50:47 : Group: [Naked] Dazed: i have no option for that
20:52:32 : Group: [Naked] Dazed: he'll do the house thing
20:54:02 : Group: [Naked] Dazed: got it
20:54:05 : Group: [Naked] Dazed: it's in the boat
20:54:10 : Group: [Naked] Dazed: wait
20:54:11 : Group: [Naked] Dazed: what?
20:54:33 : Group: [Naked] Dazed: can you take the fish out
21:29:50 : Group: Sean Wolfington: XD
21:36:04 : Group: Sean Wolfington: OMFG
21:36:11 : Group: Sean Wolfington: TEMPEST REPAIR HOLDS EVEN MORE XD
21:36:16 : Group: Sean Wolfington: 1.2k
21:36:35 : Group: Sean Wolfington: ik
21:37:39 : Group: [Cpl] Alex(wolf): rod
21:37:42 : Group: [Cpl] Alex(wolf): Heli got shot down.
21:49:11 : Group: Sean Wolfington: 5k
21:50:13 : Group: Sean Wolfington: yes
21:50:58 : Group: Sean Wolfington: witch is 6pm
21:51:02 : Group: Sean Wolfington: 5
21:53:38 : Group: Sean Wolfington: beret
22:00:59 : Direct: [Lt] Flames: wazzup
22:01:31 : Vehicle: [Lt] Flames: still eating
22:01:43 : Vehicle: [Lt] Flames: sounds like rod got stuff sorted
22:01:51 : Vehicle: [Pvt] WarGamer : Now what?
22:04:46 : Vehicle: [Lt] Flames: unlock bby
22:04:59 : Vehicle: [Lt] Flames: wanna get some sick fastropes off yo
22:05:26 : Vehicle: [Pvt] WarGamer : No Ropes in this
22:05:30 : Vehicle: [Lt] Flames: rip
22:07:09 : Group: Sean Wolfington: yes
22:07:56 : Group: Sean Wolfington: the shit yesterday happend cause of him aaswill
22:08:04 : Group: Sean Wolfington: he told sfire to shoot
22:08:50 : Group: Sean Wolfington: he only gave 1mil
22:09:06 : Group: Sean Wolfington: ik
22:09:54 : Group: Sean Wolfington: agreed
22:11:31 : Group: Sean Wolfington: 200k
22:12:06 : Group: Sean Wolfington: he does
22:12:13 : Group: Sean Wolfington: yes a vermin ;3
22:13:12 : Group: Sean Wolfington: dont
22:15:04 : Group: Sean Wolfington: from now on i just buying a bvermin
22:15:21 : Group: Sean Wolfington: ermins are even better
22:15:26 : Group: Sean Wolfington: they shoot faster
22:17:22 : Group: Sean Wolfington: we can kill
22:17:40 : Group: Sean Wolfington: NO
22:17:42 : Group: Sean Wolfington: INATIATE
22:17:48 : Group: Sean Wolfington: THEY CANT YOU TWIT
22:18:27 : Group: Sean Wolfington: THEY HAVE MY TRUCK
22:18:38 : Group: Sean Wolfington: MG GET MY HELI
22:18:40 : Group: Sean Wolfington: THEY DO
22:18:48 : Group: Sean Wolfington: MY TRUCK IS MOVING
22:18:57 : Group: Sean Wolfington: NO THEY GOT IN IT
22:19:10 : Group: Sean Wolfington: mg run back 
22:20:03 : Group: Sean Wolfington: 1.5mil
22:22:01 : Group: Sean Wolfington: i had it unlocked
22:23:22 : Group: Sean Wolfington: its 1.5 from me
22:24:02 : Group: Sean Wolfington: tell me if we get closer
22:26:28 : Group: Sean Wolfington: ARE YOU DUMB SFIRE
22:26:43 : Group: Sean Wolfington: PPASSENGER 1
22:31:17 : Group: Sean Wolfington: you breaking nlr so dont
22:31:29 : Group: Sean Wolfington: sfire
22:31:50 : Group: Sean Wolfington: see him ?
22:32:19 : Group: Sean Wolfington: sfiure paintball
22:36:53 : Group: Sean Wolfington: you better had it locked
22:36:54 : Group: Sean Wolfington: ...
22:37:27 : Group: Sean Wolfington: HOLD
22:37:35 : Group: Sean Wolfington: white bob stills owns me 1mil
22:37:50 : Group: Sean Wolfington: mg white bob stills owns me 1mil
22:38:30 : Group: Sean Wolfington: shadowplay
22:39:10 : Group: Sean Wolfington: wow what a dick
22:39:18 : Group: Sean Wolfington: yes
22:39:34 : Group: Sean Wolfington: nope
22:41:27 : Group: Sean Wolfington: he is 1.7 from here
22:42:33 : Group: Sean Wolfington: ik
22:43:07 : Group: Sean Wolfington: exacly
22:43:18 : Group: Sean Wolfington: i think he desearted the truck
22:43:19 : Group: Sean Wolfington: ye
22:44:52 : Group: Sean Wolfington: no value of life
22:44:55 : Group: Sean Wolfington: if you get out
22:45:06 : Group: Sean Wolfington: roleplay over ruleplay
22:46:13 : Group: Sean Wolfington: agreed
22:47:25 : Group: Sean Wolfington: i luv salt
22:48:28 : Group: Sean Wolfington: found it
22:48:44 : Group: Sean Wolfington: he is in it
22:48:47 : Group: Sean Wolfington: hiding in a safe zone
22:48:49 : Group: Sean Wolfington: wow
22:49:20 : Group: Sean Wolfington: he is actually hifding in a safe zone
22:49:32 : Group: Sean Wolfington: i found him
22:51:17 : Group: Sean Wolfington: he is sitting in river
22:51:23 : Group: Sean Wolfington: driver
22:51:42 : Group: Sean Wolfington: well we push him out he aint
22:52:37 : Group: Sean Wolfington: people get run over all the time
22:52:42 : Group: Sean Wolfington: people get shot all the time
22:53:10 : Group: Sean Wolfington: XD
22:53:18 : Group: Sean Wolfington: nah
22:53:31 : Group: Sean Wolfington: 3 hours
22:53:37 : Group: Sean Wolfington: yes
22:54:51 : Group: Sean Wolfington: yes
22:55:01 : Group: Sean Wolfington: he is in it
22:56:11 : Group: Sean Wolfington: mg
22:56:18 : Group: Sean Wolfington: ok 
22:56:27 : Group: Sean Wolfington: we could get him done for not giving me comp
22:56:34 : Group: Sean Wolfington: euka
22:56:38 : Group: Sean Wolfington: who is on now
22:57:23 : Group: Sean Wolfington: gonna have to afk
22:58:04 : Group: Sean Wolfington: i have a plan
22:58:06 : Group: Sean Wolfington: stand infront
22:58:08 : Group: Sean Wolfington: and behind
22:58:14 : Group: Sean Wolfington: he runs us over its vdm
22:58:44 : Group: Sean Wolfington: THAT DESYNC#
22:59:29 : Group: Sean Wolfington: where is he
23:00:52 : Group: Sean Wolfington: now ?
23:01:35 : Group: Sean Wolfington: FUCK
23:02:43 : Group: Sean Wolfington: i really have to go
23:03:06 : Group: Sean Wolfington: yup
23:03:44 : Group: Sean Wolfington: i am gonna trick him
23:03:48 : Group: Sean Wolfington: you see there is a garage
23:04:19 : Group: Sean Wolfington: i can store it away
23:05:12 : Group: Sean Wolfington: tell him we didnt get 1mil comp from someone so
23:08:15 : Group: Sean Wolfington: i am gonna do this shit
23:08:20 : Group: Sean Wolfington: HOLD ON
23:08:23 : Group: Sean Wolfington: navid
23:08:29 : Group: Sean Wolfington: i did the same with him
23:08:32 : Group: Sean Wolfington: i took away my gear
23:08:45 : Group: Sean Wolfington: yes
23:08:57 : Group: Sean Wolfington: i gonna store it then alt f4
23:09:17 : Group: Sean Wolfington: YOUR NOT DOINGG SHIT SO
23:09:32 : Group: Sean Wolfington: i hear him
23:10:03 : Group: Sean Wolfington: go grab it
23:10:30 : Direct: Erwin: U
23:10:51 : Direct: White Bob: pay me and he will got out of the truck
23:10:59 : Direct: Sean Wolfington: bring the truck over you get the other half
23:11:02 : Direct: Sean Wolfington: dont listen to him
23:12:19 : Group: [Pvt] CrackDown: yes sir
23:21:29 : Direct: [APD] SPC. Jano: hello
23:21:52 : Direct: [APD] SPC. Jano: no comprendo
23:22:02 : Direct: kittens: I NEED TOOLKIT
23:22:16 : Direct: kittens: for vehicular
23:22:19 : Direct: kittens: thing
23:22:21 : Direct: [APD] SPC. Jano: stuck in heli sorry
23:22:29 : Direct: kittens: give it to me plz
23:22:39 : Direct: kittens: oh ok
23:27:15 : Group: Sean Wolfington: highflute did he say anything
23:27:56 : Group: Sean Wolfington: nope
23:28:18 : Group: Sean Wolfington: Well he left 
23:29:56 : Group: Sean Wolfington: btw this is a good idea
23:30:00 : Group: Sean Wolfington: stay afk in there ts
23:30:13 : Group: Sean Wolfington: because they cant kick you then
23:31:29 : Direct: [Lt] Flames: ello
23:32:50 : Group: Sean Wolfington: that how i got the truck back
23:32:58 : Group: Sean Wolfington: i used it as leverage
23:33:18 : Group: Sean Wolfington: i will tell ye when we land
23:34:19 : Group: Sean Wolfington: herion
23:39:54 : Group: Sean Wolfington: trf Kappa
23:40:40 : Group: Sean Wolfington: ik where it is
23:40:43 : Group: Sean Wolfington: yup
23:42:06 : Group: Sean Wolfington: they empted it
23:42:48 : Group: Sean Wolfington: ohhh i think i know something
23:42:52 : Group: Sean Wolfington: there house is here
23:43:00 : Group: Sean Wolfington: no 
23:43:08 : Group: Sean Wolfington: they stored the clay in their house
23:43:28 : Group: Sean Wolfington: why would they come down here
23:44:11 : Group: Sean Wolfington: poor bruce
23:44:42 : Group: Sean Wolfington: i sorta want to o on trf
23:44:56 : Group: Sean Wolfington: hahaha]
23:45:37 : Group: Sean Wolfington: i am tempted to get a hitman lisence
23:45:41 : Group: Sean Wolfington: so i can if we have a hit
23:47:02 : Group: Sean Wolfington: ik 
23:47:08 : Group: Sean Wolfington: i can warn
23:47:30 : Group: Sean Wolfington: i can warn my friend if he has a hti
23:47:33 : Group: Sean Wolfington: hit
