00:08:27 : Vehicle: [Naked] Yakumo: GGG
00:22:58 : Direct: Zelena: NICK
00:23:18 : Direct: Zelena: niiiiiiiiiiiiiiiick
00:23:50 : Direct: Zelena: Wtf
00:23:53 : Direct: Zelena: green ness
00:27:10 : Direct: Zelena: hi
00:27:13 : Direct: Zelena: I need monee
00:27:14 : Direct: Zelena: im poor
00:27:18 : Direct: Zelena: I cant get my truck
00:27:20 : Direct: Zelena: its 50k to get
00:27:31 : Direct: Zelena: =v
00:27:34 : Direct: Zelena: ONLY
00:27:50 : Direct: Zelena: ONLY 1.8MIL
00:27:53 : Direct: Zelena: YOU KIDDIN ME
00:27:57 : Direct: Zelena: 1.3
00:28:00 : Direct: Zelena: U FUKIN JOKIN
00:28:07 : Direct: Zelena: THAT COULD BUY ME THE BEST TRUCKA
00:28:11 : Direct: Zelena: truck*
00:28:17 : Direct: Zelena: Noooooo
00:28:18 : Direct: Zelena: it int
00:28:24 : Direct: Zelena: its 900k i think
00:28:41 : Direct: Zelena: k ill go die
00:28:45 : Direct: Zelena: l8r
00:44:25 : Direct: Zelena: bants
00:49:00 : Vehicle: Zelena: Im a bush
00:49:08 : Vehicle: Zelena: what bush
00:49:13 : Vehicle: Zelena: What bush
00:49:15 : Vehicle: Zelena: No bush here
00:49:43 : Vehicle: Zelena: HE STOLE THE RAHIEM
00:49:45 : Vehicle: Zelena: HE STOLE IT
00:49:48 : Vehicle: Zelena: HE GOT DE RAHIEEEM
00:50:05 : Vehicle: Zelena: HE GOT DA RAHEEEEEEEEEEEEEEEEEEEEM
00:50:16 : Vehicle: Zelena: OY
00:50:18 : Vehicle: Zelena: IM NOT A BUSH
00:50:27 : Vehicle: Zelena: i got nothing
00:50:34 : Vehicle: Zelena: I see his boner
00:50:39 : Vehicle: Zelena: and its pointing toward his head
00:50:43 : Vehicle: Zelena: and it has bullets in it
00:50:47 : Vehicle: Zelena: JESUS
00:50:54 : Vehicle: Zelena: FUCKING HELL
00:51:04 : Vehicle: Zelena: i JUST SHAT OUT SOME BERRIES
00:51:34 : Vehicle: Zelena: He put his boner in the boot again
00:51:56 : Vehicle: Zelena: SIR I AM A FUCKING BUSH
00:52:04 : Vehicle: Zelena: I WILL JUMP
00:52:10 : Vehicle: Zelena: I SWEAR TO GOD I WILL JUMP
00:52:23 : Vehicle: Zelena: NOOO
00:52:26 : Vehicle: Zelena: NOT MY BERRIES
00:52:34 : Vehicle: Zelena: NO
00:52:36 : Vehicle: Zelena: FUCK THEM BUSHES
00:52:42 : Vehicle: Zelena: THEY CAN GO SUCK MY TWIG
00:52:47 : Vehicle: Zelena: AND JUGGLE MY BERRIES
00:53:07 : Vehicle: Zelena: Bants
00:53:11 : Vehicle: Zelena: the bants of the bush
00:53:20 : Vehicle: Zelena: No/just ba
00:53:36 : Vehicle: Zelena: I only got bark/I do
00:53:44 : Vehicle: Zelena: I don't know what yer talking about
00:54:05 : Vehicle: Zelena: I will fucking whip you with my twig
00:54:12 : Vehicle: Zelena: and you will have sap all over your face
00:54:27 : Vehicle: Zelena: my twig is growing
00:54:42 : Vehicle: Zelena: I got no ammo
00:54:44 : Vehicle: Zelena: u boner owner
00:54:54 : Vehicle: Zelena: you tried to steal my berries
00:55:21 : Vehicle: Zelena: Evidence for bush boners.
00:55:32 : Vehicle: Zelena: MY BERRIES HAVE BEEN RUSSLED
00:55:48 : Vehicle: Zelena: You have officially russled my berries
00:56:00 : Vehicle: Zelena: OMG 
00:56:17 : Vehicle: Zelena: OMG STIG YOUR MY HERO
00:56:21 : Vehicle: Zelena: SIGN MY LEAVES 
00:56:51 : Vehicle: Zelena: No no no no bushing my bushhole
00:57:06 : Vehicle: Zelena: Shut up and suck my one inch twig
00:57:24 : Vehicle: Zelena: YE WOT M8
00:57:38 : Vehicle: Zelena: Don't fuck with me, I got a tree as a girlfriend
00:57:42 : Vehicle: Zelena: she will give you so much wood
00:57:49 : Vehicle: Zelena: Don't fuck with her wood
00:58:02 : Vehicle: Zelena: He can go chop my mother down
00:58:04 : Vehicle: Zelena: shes a bitch
00:58:07 : Vehicle: Zelena: turn her into a table
00:58:25 : Vehicle: Zelena: oh jesus
00:58:45 : Direct: Zelena: Suck my berries
00:59:13 : Vehicle: Zelena: Guys I know there is a bag of berries in the glove compartment
00:59:16 : Vehicle: Zelena: don't eat them
00:59:24 : Vehicle: Zelena: they're my brothers berries
00:59:28 : Vehicle: Zelena: Manky 
00:59:41 : Vehicle: Zelena: Hes a taki
00:59:43 : Vehicle: Zelena: total cunt
00:59:49 : Vehicle: Zelena: he can go get bombed
01:03:08 : Direct: Zelena: wrong fucking outpost
01:03:11 : Direct: Zelena: or fuck sake xD
01:12:02 : Group: Frodo Woodland: pikkfaen
01:12:16 : Direct: Zelena: eyy lmao
01:12:25 : Direct: Zelena: bants
01:12:27 : Direct: Zelena: I dunno
01:12:39 : Direct: Zelena: i hear um
01:12:41 : Direct: Zelena: i think
01:12:47 : Group: [NAKED] FLEX: Y
01:12:50 : Group: [NAKED] FLEX: YYYY/
01:12:51 : Group: [NAKED] FLEX: /
01:13:00 : Group: [NAKED] FLEX: i CAN HEAR YOU ? 
01:13:00 : Direct: Zelena: WHERE ARE YOU YOU SOAPY BASTARD
01:13:08 : Group: [NAKED] FLEX: can you hear me 
01:13:17 : Direct: Zelena: CHECK THEM GREEN ROOM BOX THINGS
01:13:21 : Group: [NAKED] FLEX: Hello 
01:13:39 : Group: [NAKED] FLEX: Why is this doing it to me 
01:13:54 : Group: [NAKED] FLEX: I dont know LOL 
01:14:10 : Group: [NAKED] FLEX: Ok give me a sec
01:15:01 : Direct: Zelena: no
01:15:04 : Direct: Zelena: time to chill
01:15:09 : Group: [NAKED] FLEX: /Wait 
01:15:19 : Direct: Zelena: ddue
01:15:24 : Direct: Zelena: hes near kavala
01:15:27 : Direct: Zelena: relog quickly
01:15:30 : Direct: Zelena: we gotta bush him
01:16:19 : Group: [NAKED] FLEX: Ok fuck lets just do this i can hear you
01:16:51 : Group: [NAKED] FLEX: /NOPE NOTHING IS WORKING 
01:17:10 : Group: [NAKED] FLEX: OK 
01:21:37 : Group: [NAKED] FLEX: How do i heal myself
01:22:47 : Group: [NAKED] FLEX: Wait where you going
01:23:09 : Group: [NAKED] FLEX: How do i heal myslef
01:23:21 : Group: [NAKED] FLEX: myself 
01:23:46 : Group: [NAKED] FLEX: 8==========>
01:24:47 : Group: [NAKED] FLEX: Is there anyway for me to get in the back of the truck
01:26:05 : Group: [NAKED] FLEX: Ok lets do this 
01:26:43 : Group: [NAKED] FLEX: Yes 
01:29:18 : Group: [NAKED] FLEX: yes
01:31:34 : Group: [NAKED] FLEX: Um will we dont have any drugs
01:31:41 : Group: [NAKED] FLEX: loool
01:31:49 : Group: [NAKED] FLEX: ok you have to be fast 
01:32:05 : Group: [NAKED] FLEX: ok 
01:32:20 : Group: [NAKED] FLEX: Im just going to got crazy
01:33:33 : Group: [NAKED] FLEX: FAIL 
01:34:29 : Group: [NAKED] FLEX: even inside the house 
01:34:30 : Group: [Cpl] Sig: THEY OPENED FIRE ON US
01:34:37 : Group: [NAKED] FLEX: gay 
01:34:50 : Group: [NAKED] FLEX: DAm
01:35:00 : Group: [Pvt] Lilcan: oh snap
01:35:21 : Group: [NAKED] FLEX: 1 down 
01:36:02 : Group: [NAKED] FLEX: Yeah LOL
01:36:15 : Group: [NAKED] FLEX: Thats all we do is fuck with them
01:37:47 : Group: [NAKED] FLEX: Nope just testing
01:38:12 : Group: [NAKED] FLEX: Will they know where we are LOL
01:38:28 : Group: [NAKED] FLEX: Who was that 
01:38:38 : Group: [NAKED] FLEX: Gayboy steve
01:38:46 : Group: [NAKED] FLEX: Lets relog
01:38:53 : Group: [NAKED] FLEX: Nah its not 
01:39:05 : Group: [NAKED] FLEX: Its just called relog to get a better spot 
01:39:22 : Group: [NAKED] FLEX: Nah 
01:39:26 : Group: [NAKED] FLEX: LOL
01:41:10 : Group: [NAKED] FLEX: How many of them are online ? 
01:41:32 : Group: [NAKED] FLEX: Um ? 
01:41:42 : Group: [NAKED] FLEX: Not nice shot 
01:41:51 : Group: [NAKED] FLEX: Fag shot
01:44:23 : Group: [NAKED] FLEX: LOOL
01:46:16 : Group: [NAKED] FLEX: yeah
01:46:30 : Group: [NAKED] FLEX: fuck them
01:48:33 : Direct: [Naked] Yakumo: //no metagaming kappa
01:50:30 : Group: [NAKED] FLEX: are you still there 
01:50:41 : Group: [NAKED] FLEX: take it slow and wait for me 
01:50:50 : Group: [NAKED] FLEX: Im coming over 
01:50:55 : Group: [NAKED] FLEX: drive slow
01:51:06 : Group: [NAKED] FLEX: im coming over 
01:54:29 : Group: [Sgt] VibZ: safe to go to dealer?
01:54:36 : Group: [Cpl] Sig: yeah
01:54:42 : Group: [NAKED] FLEX: LOL< fuck them cheating cunts
01:54:50 : Group: [Sgt] VibZ: copy
01:54:54 : Group: [NAKED] FLEX: With a gun 
01:55:04 : Group: [NAKED] FLEX: Wall banged me 
01:55:11 : Group: [Pvt] Lilcan: border under attack?
01:55:21 : Group: [NAKED] FLEX: DW about mate 
01:56:01 : Group: [NAKED] FLEX: Yeah we sure 
01:56:05 : Group: [NAKED] FLEX: Like really 
01:56:39 : Group: [NAKED] FLEX: ACTING FAG FAGOTS 
01:57:20 : Group: [NAKED] FLEX: faggots
02:02:39 : Group: [NAKED] FLEX: I know its gay 
02:03:15 : Group: [NAKED] FLEX: and on top of that hes a fag
02:03:21 : Group: [NAKED] FLEX: LOL
02:07:21 : Group: [NAKED] FLEX: Yeah 
02:07:27 : Group: [NAKED] FLEX: YES LOL
02:08:34 : Group: [NAKED] FLEX: ! 
02:08:38 : Group: [NAKED] FLEX: 1
02:08:53 : Group: [NAKED] FLEX: As you know im op 
02:09:05 : Group: [NAKED] FLEX: Not me will im like a god on here
02:09:25 : Group: [NAKED] FLEX: They have been talking about for days now 
02:09:32 : Group: [NAKED] FLEX: About me
02:09:42 : Group: [NAKED] FLEX: Nope that i have a hard 
02:09:47 : Group: [NAKED] FLEX: COCK 
02:09:54 : Group: [NAKED] FLEX: Oh yeah 
02:10:48 : Group: [NAKED] FLEX: ? 
02:11:19 : Group: [NAKED] FLEX: Thats life my man one day your here and the next your
02:22:58 : Direct: Frodo Woodland: /votenigth
02:33:32 : Vehicle: [APD] PCSO. James Clarke: /
02:41:11 : Direct: Frodo Woodland: /vote nigth
04:00:13 : Group: [Sgt] VibX: Føkk me i ræva
04:13:07 : Group: Admin: ..Stuck at receiving data
04:13:08 : Group: Admin: .
04:13:16 : Group: Admin: ,,,,,
05:27:19 : Group: [Sgt] VibZ: [[[[[[[[[[[//b'8
05:27:20 : Group: [Sgt] VibZ: N"
13:10:43 : Direct: [APD] Chief. Stalks: hello sir
13:19:55 : Direct: Alejandro Emilio Gaviria: SHIFT R
13:25:49 : Group: [APD] Chief. Stalks: sorry, just fixing my gfx settings
13:25:52 : Group: [APD] Chief. Stalks: will play soon
13:26:14 : Group: [APD] PCSO. Thorgard: Nice
13:34:41 : Vehicle: [APD] Chief. Stalks: just testing my gfx out
13:35:44 : Vehicle: [APD] Chief. Stalks: usually not much to do in the mornings / day time
13:35:59 : Vehicle: [APD] PCSO. Thorgard: I see
13:35:59 : Vehicle: [APD] Chief. Stalks: so cops usually paycheck farm
13:36:07 : Vehicle: [APD] PCSO. Thorgard: ayy
13:36:19 : Vehicle: [APD] Chief. Stalks: if you are patroling, best to sit on teamspeak also
13:36:35 : Vehicle: [APD] PCSO. Thorgard: When people start to join, i have to go work 
13:36:42 : Vehicle: [APD] Chief. Stalks: :<
13:36:49 : Vehicle: [APD] PCSO. Thorgard: Yeah it sucks
13:37:00 : Vehicle: [APD] PCSO. Thorgard: Yeah my teamspeak is currently down
13:37:00 : Vehicle: [APD] Chief. Stalks: usually gets busy about 4pm gmt
13:37:13 : Vehicle: [APD] PCSO. Thorgard: I maybe installed that mod
13:37:23 : Vehicle: [APD] PCSO. Thorgard: That arma mod
13:37:35 : Vehicle: [APD] PCSO. Thorgard: Cant remember the name 
13:37:50 : Vehicle: [APD] PCSO. Thorgard: But it made my ts crash
13:38:08 : Vehicle: [APD] PCSO. Thorgard: How was it i restrained people?
13:38:24 : Vehicle: [APD] PCSO. Thorgard: was it shift-r?
13:38:28 : Vehicle: [APD] Chief. Stalks: shift r
13:38:32 : Vehicle: [APD] PCSO. Thorgard: all right
13:39:08 : Vehicle: [APD] Chief. Stalks: f for sirens
13:39:12 : Vehicle: [APD] Chief. Stalks: shift l for lights
13:42:06 : Vehicle: [APD] Chief. Stalks: how did your training go?
13:42:09 : Vehicle: [APD] Chief. Stalks: any problems?
13:42:13 : Vehicle: [APD] PCSO. Thorgard: Quite good
13:42:22 : Vehicle: [APD] PCSO. Thorgard: No we were taught the basics
13:42:26 : Vehicle: [APD] PCSO. Thorgard: And the rules
13:42:42 : Vehicle: [APD] PCSO. Thorgard: Soo yeah, we kinda have to experience it now 
13:42:53 : Vehicle: [APD] Chief. Stalks: wait till the weekend when we usually hit 50-60 players :p
13:42:55 : Vehicle: [APD] Chief. Stalks: its chaos
13:43:31 : Vehicle: [APD] PCSO. Thorgard: The brits dont have easter holiday?
13:43:41 : Vehicle: [APD] Chief. Stalks: yea, not sure if its this week or next
13:43:49 : Vehicle: [APD] Chief. Stalks: i work so no holidays for me :p
13:43:58 : Vehicle: [APD] PCSO. Thorgard: same 
13:44:22 : Vehicle: [APD] Chief. Stalks: gonna test a few more games, be back soon mate
13:44:26 : Vehicle: [APD] Chief. Stalks: take the heli, have fun
13:44:31 : Vehicle: [APD] PCSO. Thorgard: see ya
13:58:32 : Direct: Chullie: Is it possible to buy a quadbike somewhere
14:04:08 : Direct: Chullie: no
14:04:18 : Direct: [APD] PCSO. Thorgard: No sir, im afraid not.
14:20:24 : Vehicle: Chullie: .
14:20:29 : Direct: Chullie: dude
14:22:53 : Direct: Zelena: OYU
14:24:03 : Direct: Zelena: CUNT
14:24:17 : Direct: Zelena: EYY NICK
14:24:27 : Direct: Zelena: UP ERE
14:24:32 : Direct: [APD] Chf Insp. Nolif  : hi
14:24:38 : Direct: Zelena: TIME FOR A SPEED ESCAPE NIGGA
14:25:08 : Direct: Zelena: nick
14:25:11 : Direct: Zelena: over here
14:25:17 : Direct: Zelena: OVER HERE
14:25:21 : Direct: Zelena: ELLO
14:25:35 : Direct: Zelena: I got the speediest escape route ever
14:25:39 : Direct: Zelena: would you like to see?
14:25:48 : Direct: Zelena: tuff
14:28:05 : Direct: Chullie: MAT KOM OG HENT MIG
14:28:15 : Direct: Chullie: ah
14:28:32 : Direct: Zelena: i need money
14:28:34 : Direct: Zelena: gimmi 300k
14:28:36 : Direct: Zelena: :>
14:28:41 : Direct: Zelena: yus
14:28:45 : Direct: Zelena: yus
14:29:00 : Direct: Zelena: I need moneh for a new heli
14:29:02 : Direct: Zelena: cus i lost mine
14:29:06 : Direct: Zelena: due to a disconnect
14:29:12 : Direct: Zelena: I need money for a truck so i can get moeny XD
14:29:18 : Direct: Zelena: 50k to reclaim it
14:29:27 : Direct: Zelena: ahlloha
14:32:08 : Direct: Zelena: ur car is fuck ugly
14:33:25 : Direct: Zelena: oy
14:33:27 : Direct: Zelena: u wot m7
14:33:31 : Direct: Zelena: wot
14:33:36 : Direct: Zelena: u wanna bum me cus im naked hmm?
14:35:01 : Direct: Zelena: OT
14:35:04 : Direct: Zelena: WOT U WANT
14:35:30 : Direct: Chullie: er de sjov nu?
14:39:32 : Direct: [APD] PCSO. Thorgard: 2 SEK
14:42:06 : Direct: Zelena: STOP
14:42:11 : Direct: Zelena: ill fix it
14:42:26 : Direct: Zelena: Ill fix it
14:42:43 : Direct: Zelena: No probs mate
14:42:58 : Direct: Zelena: CHINOOOOK
14:43:10 : Direct: Zelena: oh ma gawd
14:43:18 : Direct: Zelena: Ive never been in one of dem things before
14:43:46 : Direct: Zelena: WHAT ARE YOU DOING
14:43:48 : Direct: Zelena: ITS MY RIDE
14:43:51 : Direct: Zelena: YOU FUCKNUG
14:50:53 : Direct: Chullie: hvorfor kan jge ikke tage dem
14:55:00 : Direct: Zelena: errw
14:55:28 : Direct: Zelena: OH MA GAWD
14:55:35 : Direct: Zelena: DUDE
14:55:38 : Direct: Zelena: YOU ARE A LEGEND
14:55:58 : Direct: Zelena: YOU ARE A LEGEND
14:56:02 : Direct: Zelena: Thanks dude
14:56:32 : Direct: Zelena: ps
14:56:37 : Direct: Zelena: nice sexy beret
14:57:08 : Direct: Zelena: I believe I have a Hemtt
14:57:33 : Direct: Zelena: oh shit
14:57:35 : Direct: Zelena: my charge
14:57:36 : Direct: Zelena: wtf
14:57:51 : Direct: Zelena: 10 minutes of no charge
14:57:55 : Direct: Zelena: and its gone down 50%
14:58:30 : Direct: Zelena: Its nice to finally have the old baby back
14:58:37 : Direct: Zelena: after I was killed by a hitman
14:58:52 : Direct: Zelena: while doing a drug run actually
14:59:28 : Direct: Zelena: where the hell is it 
14:59:29 : Direct: Zelena: xD
15:00:06 : Direct: Zelena: thats alot of parachutes.
15:06:33 : Direct: Zelena: laglaglag
15:06:42 : Direct: Zelena: here?
15:06:52 : Direct: Zelena: I just froze so I didn't hear much of that
15:07:12 : Vehicle: [Pvt] WarGamer : you can jump
15:12:01 : Direct: Lester: Roger that
15:12:04 : Direct: Lester: why is it closed?
15:12:15 : Direct: Lester: why is it closed?
15:12:23 : Direct: Lester: alright
15:17:20 : Direct: Zelena: EYY
15:17:59 : Direct: Zelena: Thanks dude
15:21:30 : Direct: Zelena: this is alot of weed
15:21:39 : Direct: Zelena: I need 100k to get the processing license, yes?
15:22:08 : Direct: Zelena: Well then!
15:22:19 : Direct: Zelena: you have a chinook and a better truck than me
15:22:22 : Direct: Zelena: what do i expect
15:25:24 : Direct: Zelena: few more
15:25:25 : Direct: Monkee: what do you want?
15:25:37 : Direct: [NAKED] FLEX: J
15:25:37 : Direct: Zelena: how much does that thing take?
15:25:39 : Direct: Zelena: mine takes 500
15:25:48 : Direct: Zelena: omg
15:25:48 : Direct: Zelena: what
15:25:54 : Direct: [NAKED] FLEX: NEED A RIDE ?
15:25:57 : Direct: Zelena: jesus
15:26:17 : Direct: Zelena: syncronized pickiing
15:26:22 : Direct: Monkee: sorry i trust no one on here after having pretty mujch everything i own taken from me lastnight
15:26:44 : Direct: Felix c:: yes
15:26:55 : Direct: [NAKED] FLEX: OK DUDE TAKE IT EASU
15:27:12 : Direct: Zelena: please game
15:27:15 : Direct: Zelena: just keep it together XD
15:28:20 : Direct: Zelena: I need food 
15:28:21 : Direct: Zelena: shit
15:28:24 : Direct: Zelena: and drink shit
15:30:16 : Vehicle: Felix c:: can't hear you
15:30:19 : Direct: Zelena: you full?
15:30:56 : Direct: Zelena: 35 food 25 water
15:31:03 : Direct: Zelena: ye
15:31:12 : Vehicle: Felix c:: tip btw, lock your car so that I can't jump out
15:31:45 : Direct: Zelena: lets go?
15:31:49 : Vehicle: Felix c:: I am telling you, I Can't hear you
15:38:38 : Direct: Zelena: hello
15:40:03 : Direct: Zelena: how do I become part of the AFF?
15:42:20 : Direct: Zelena: this is alot of koosh dude
15:44:11 : Direct: Zelena: I got space for food now btw
15:44:16 : Direct: Zelena: only 8 weed in my inv
15:44:40 : Direct: Zelena: oh god
15:44:47 : Direct: Zelena: Oh...
15:44:58 : Direct: Zelena: Im on 15 water rite now
15:45:01 : Direct: Zelena: ogod
15:45:05 : Direct: Zelena: 25
15:45:26 : Direct: Zelena: Ill process some for ye
15:45:48 : Direct: Zelena: Ye gave me the money for the license
15:45:50 : Direct: Zelena: its k
15:46:21 : Direct: Zelena: I think I hear a car
15:46:25 : Direct: Zelena: I dunno though
15:46:30 : Direct: Zelena: Probs not
15:46:33 : Direct: Zelena: probs the trees
15:47:42 : Direct: Zelena: this is banta rite now
15:47:59 : Direct: Zelena: got 90 weedz in me truck and im about to die
15:48:01 : Direct: Zelena: xD
15:48:12 : Direct: Zelena: counter is probs on 5
15:48:14 : Direct: Zelena: ye
15:53:15 : Direct: [Sgt] Willem: Mics broken
15:53:20 : Direct: [Sgt] Willem: He is at the dealrer
15:53:24 : Direct: [Sgt] Willem: Just wait
15:53:28 : Direct: [Sgt] Willem: Get down
15:53:49 : Direct: [Sgt] Willem: Enemy attack
15:54:27 : Direct: Zelena: plz halp
15:54:29 : Direct: Zelena: meem
15:54:31 : Direct: Zelena: top mem
15:54:54 : Direct: Zelena: thanks ma breh
15:55:18 : Direct: Zelena: whers ma weed
15:55:30 : Direct: Zelena: me weed has gone
15:55:47 : Direct: [Sgt] Willem: get down man
15:55:56 : Direct: Zelena: I had 15 on me when i died
15:55:59 : Direct: Zelena: and now the weed has gone
15:56:07 : Direct: Zelena: bugger it
15:56:14 : Direct: Zelena: least i got full food and stuf
15:56:16 : Direct: Zelena: bants
15:56:52 : Direct: [General] RoD: /
15:57:15 : Group: [Cpl] Alex(wolf): .
16:01:12 : Direct: Zelena: THANKS
16:01:16 : Direct: Zelena: LUV YYE
16:06:22 : Direct: Zelena: I was going to say I didn't get as much as I expected to get from that
16:06:25 : Direct: Zelena: but I got 600k
16:06:26 : Direct: Zelena: so
16:06:29 : Direct: Zelena: y'know bants
16:06:40 : Direct: Zelena: Im syncing
16:06:47 : Direct: Zelena: and going to kavala to put my money in the atm
16:06:54 : Direct: Zelena: reloging
16:06:55 : Direct: Zelena: i mean
16:07:15 : Direct: Zelena: Ok i synced data
16:07:16 : Direct: Zelena: Ok
16:07:38 : Direct: Zelena: Mkay sya
16:07:41 : Direct: Zelena: Cya*
16:15:26 : Direct: Zelena: OY
16:15:37 : Direct: Zelena: OY
16:15:47 : Direct: Zelena: i WILL EAT YOUR FAMILY
16:25:24 : Direct: Zelena: HELLO?
16:25:29 : Direct: Zelena: I HAVE FEW QUESTIONS
16:41:46 : Group: [Sgt] Kagutsuchi: vote day
16:42:55 : Group: [NAKED] FLEX: .
16:47:02 : Direct: Zelena: Sir?
16:47:14 : Direct: Zelena: Sir?
16:47:51 : Direct: Zelena: OFFICER
16:47:57 : Direct: Zelena: officer
16:47:58 : Direct: Zelena: ffs
16:47:59 : Direct: Zelena: just
16:48:02 : Direct: Zelena: listen 
16:48:06 : Direct: Zelena: GUYS
16:48:15 : Direct: Zelena: ffs fine ill give it to the mafia.
16:48:29 : Direct: Zelena: As my job as citizen
16:48:42 : Direct: Zelena: I have brought you a delinquents weapon
16:48:47 : Direct: Zelena: sir
16:48:48 : Direct: Zelena: I am a bush
16:48:56 : Direct: Zelena: I found it on the floor
16:49:02 : Direct: Zelena: in a house/
16:49:11 : Direct: Zelena: I got my own legal gun
16:49:17 : Direct: Zelena: vermin
16:51:19 : Direct: Mei Mong: Toouchj that forcefield mate
17:26:23 : Direct: TheSFire: My legs..l..... I cant feel my legs!
17:54:34 : Group: [NAKED] FLEX: ..
17:58:38 : Group: [APD] SPC. Morrisino: anything happening lads??
18:02:48 : Group: [APD]  Insp. Pancakes: Someone respond
18:15:50 : Group: [Pvt] Connor.M: time day
18:15:54 : Group: [Pvt] Connor.M: /time day
18:17:30 : Group: [APD] SPC. Morrisino: spam you afk??
18:31:40 : Direct: Monkee: hi
18:31:44 : Direct: Monkee: can i please process
18:31:48 : Direct: Monkee: sell
18:31:58 : Direct: Monkee: tanks
18:35:45 : Direct: Monkee: hi
18:36:00 : Direct: Monkee: 10 right
18:38:17 : Direct: Monkee: I have a fairly full inv so might take a while sry
18:38:36 : Direct: Monkee: hard life as aff
18:38:49 : Direct: Monkee: sounds boring
18:39:21 : Direct: Monkee: who attacks arent u guys friendly wit evey1
18:39:38 : Direct: Monkee: he rdmed me
18:39:39 : Direct: Monkee: naked
18:40:04 : Direct: Monkee: who is the leader of it
18:40:11 : Direct: [Cpt] Tango: General Rod
18:40:12 : Direct: Monkee: naked
18:40:17 : Direct: [Cpt] Tango: oh nvm xD
18:40:19 : Direct: Monkee: he killed me
18:40:36 : Direct: Monkee: he always break rules?
18:40:50 : Direct: Monkee: wat they do
18:41:13 : Direct: Monkee: dangerous
18:41:34 : Direct: Monkee: are they buddies with the admins?
18:41:58 : Direct: Monkee: weed
18:42:05 : Direct: Monkee: they killed me at processing
18:42:12 : Direct: Monkee: he jumped out of a window
18:42:15 : Direct: Monkee: and 1 shot me
18:43:28 : Direct: Monkee: does naked come over the border aloot?
18:43:44 : Direct: Monkee: i always see them dieing
18:44:05 : Direct: Monkee: 1 more
18:44:39 : Direct: Monkee: jks
18:44:47 : Direct: Monkee: morning jog
18:46:57 : Group: [Pvt] Connor.M: if they wanna come through now they pay tax
18:47:05 : Group: [Pvt] Connor.M: otherwsie wait for rod
18:53:20 : Group: [Cpt] Tango: JACK SHUT UP
18:53:46 : Group: [Pvt] Jack Frost: ;)
18:57:59 : Vehicle: [APD] PCSO. Soap: Why the fuck has everyone joined this channel 
18:58:08 : Vehicle: [APD] PCSO. Joe Pesci: FUCK KNOWS
18:58:26 : Group: [APD] Supt. MrDunis: Morisino reason for usage of hunter?
18:58:31 : Vehicle: [APD] PCSO. Joe Pesci: TALK SHIT LIKE
18:58:39 : Vehicle: [APD] PCSO. Soap: Ana move down to Athira
18:59:29 : Group: [APD] SPC. Morrisino: Ask SGT POTATO THE ONE DRIVING DUNIS!!!!!!!!!! :P
18:59:53 : Group: [APD] Supt. MrDunis: Potato you know the mission got AT?
19:00:46 : Group: Paddy.C: MASON!!!!
19:01:00 : Group: [APD] SGT.Potato: blow it
19:04:07 : Direct: [NHS Chief] Dr. Huberio: shots fired
19:04:21 : Direct: Paddy.C: its fine
19:19:04 : Direct: [APD] SPC. Morrisino: drive
19:20:41 : Direct: [NHS Chief] Dr. Huberio: np
19:23:28 : Direct: [Naked] Yakumo: S
19:25:02 : Direct: [Sgt] VibZ: move up to border mate
19:25:03 : Direct: [HATO]Kermit The Cunt: GET IN 
19:29:06 : Direct: Paddy.C: IM NOT GONNA SHOOT ITS FINE
19:36:57 : Direct: [Cpt] Tango: What are you selling?
19:37:07 : Direct: [Cpt] Tango: Type
19:37:28 : Direct: [Cpt] Antony-J: What are you selling
19:37:39 : Direct: sycka ruskove: heroine
19:37:48 : Direct: [Cpt] Tango: ok you are free to pass through
19:37:56 : Direct: sycka ruskove: thanks
19:38:10 : Group: [APD] Chief. Hamilton: gadget wtf
19:38:48 : Group: [APD] SPC. Morrisino: inspector gadget ummm
19:39:13 : Group: [APD] SPC. Morrisino: RIP your with the fish now
19:42:49 : Direct: [Cpt] Antony-J: Hold 1 sec
19:43:01 : Direct: [Cpt] Antony-J: 43k tax
19:43:12 : Direct: [Cpt] Antony-J: need 5k more
19:43:36 : Direct: [Cpt] Antony-J: tax is 43k
19:43:42 : Direct: [Cpt] Antony-J: for this vehicle
19:43:47 : Direct: [Cpt] Antony-J: need 5k more
19:43:54 : Direct: [Cpt] Antony-J: 4k*
19:43:55 : Direct: sycka ruskove: ITS GOOD
19:44:01 : Direct: sycka ruskove: ?
19:44:02 : Direct: [Cpt] Antony-J: Thank you
19:46:07 : Group: [APD] SPC. Morrisino: i'll deal with the hostage situation guys
19:50:38 : Direct: [Sgt] Willem: Yeah yeah
19:50:40 : Direct: [Sgt] Willem: Go ahead
19:50:44 : Direct: [Sgt] Willem: Whats your drugs
19:50:56 : Direct: [Sgt] Willem: Yes
19:51:00 : Direct: [Sgt] Willem: But what is your drugs
19:51:11 : Direct: [Sgt] Willem: Alright thanks
19:51:14 : Direct: [Sgt] Willem: Go ahead mate
19:51:19 : Group: LoneWolf: no
19:52:57 : Direct: Creep: Hi sir,
19:53:11 : Direct: Creep: Sorry about the driving, I went offroad because I didn't wnat the offroad to crash
19:53:13 : Direct: Creep: yes sir
19:53:34 : Direct: Creep: Yes sir
19:53:45 : Direct: Creep: understood
19:54:11 : Direct: Creep: I do not, sir
19:54:24 : Direct: Creep: Thank you though sir
19:54:26 : Direct: Creep: roger
19:54:56 : Direct: Creep: Just landed in the airport
19:55:12 : Direct: Creep: Off holiday, just been to stratis
19:55:26 : Direct: Creep: Had the car in valet but I think they stole some of my change
19:55:43 : Direct: Creep: one of them was armed
19:55:47 : Direct: Creep: on the side of the heli
19:55:51 : Direct: Creep: thank you sir
19:56:39 : Group: [APD] Chief. Hamilton: i will check weed.
19:58:40 : Group: Paddy.C: GOTTA GO FOR , BE BACK IN A BIT
19:58:41 : Group: [APD] Supt. MrDunis: Randall eyes on the suv please
19:59:04 : Group: [APD] Sgt. Randall: yeah yeah
20:01:10 : Group: [APD] Chief. Hamilton: hideout was weed, i have the suspect in custody.
20:04:54 : Group: [APD] Supt. MrDunis: Hammy i got 
20:05:09 : Group: [APD] Supt. MrDunis: Good vehicle markers near weed processing
20:06:10 : Group: Felix c:: watcha doin
20:06:34 : Group: [APD] Chief. Hamilton: processing looks clear dunis.
20:10:07 : Direct: Creep: I can't hear sorry pal
20:10:23 : Direct: Creep: Sorry sir
20:10:25 : Direct: Creep: can you type
20:10:30 : Direct: Felix c:: I am done with you
20:10:33 : Direct: Felix c:: get out of here
20:10:35 : Direct: Creep: can I pass through please?
20:10:40 : Direct: Felix c:: yes
20:10:46 : Direct: Creep: ty
20:19:50 : Group: [APD] Supt. MrDunis: COuld someone please check my "stuck dude" marker out? Its close to Agios
20:20:20 : Group: [APD] Chf Insp. Nolif  : responding
20:20:38 : Group: [APD] Supt. MrDunis: Disregard my dispatch
20:22:37 : Group: [APD] Chf Insp. Nolif  : No one here dunis
20:22:44 : Group: [APD] Chf Insp. Nolif  : No one here dunis
20:22:47 : Direct: (TRM) Commander Lee: sorry
20:24:00 : Direct: [Lt] Flames: you got rekt
20:24:03 : Direct: [Lt] Flames: noob
20:24:11 : Direct: [Sgt] Willem: Yes mate
20:24:15 : Direct: [Lt] Flames: scrub
20:24:22 : Direct: [Sgt] Willem: mx sw versus navid
20:24:24 : Direct: [Sgt] Willem: topkek
20:24:32 : Direct: [Lt] Flames: did you shoot him?
20:24:37 : Direct: [Lt] Flames: or did you just die
20:24:40 : Direct: [Sgt] Willem: Yes almost killed him
20:24:46 : Direct: [Sgt] Willem: then he fucking 1 hit me
20:24:55 : Direct: [Sgt] Willem: Also he shot down a medic with a fucking missile
20:24:58 : Direct: [Sgt] Willem: topkek
20:25:02 : Direct: [Lt] Flames: lel
20:25:13 : Direct: [Sgt] Willem: Maybe not him though
20:27:00 : Direct: [NHS] Pog: m
20:27:04 : Direct: [Sgt] Kagutsuchi: Why no revive Mr. Medic?
20:27:35 : Group: [Cpl] Thomas Thunder: move  me into the channel pls the cops arrested me
20:28:33 : Group: [Cpl] Thomas Thunder: help pls
20:28:46 : Group: [Cpl] Thomas Thunder: me me into the channel
20:28:53 : Group: [Cpl] Thomas Thunder: pls
20:31:47 : Group: [APD] Supt. MrDunis: AFF jailed yet?
20:31:58 : Group: [APD] Chief. Hamilton: on route, potato has the prisoner
20:32:26 : Group: [APD] Supt. MrDunis: Copy
20:34:21 : Direct: Monkee: Thank you
20:34:40 : Group: [APD] Supt. MrDunis: Lay in Ambush or let AFF know that we are guarding?
20:35:03 : Group: [APD] Chf Insp. Nolif  : You need more help dunis
20:35:14 : Group: [APD] Sgt. Randall: im with Dunis
20:35:16 : Group: [APD] Supt. MrDunis: i mean its AFF
20:35:33 : Group: [APD] Sgt. Randall: Dunis could take them by himself
20:36:10 : Group: [APD] Supt. MrDunis: Thats a very nice compliment but I wouldnt mind if nifo would come here! Always nice to have some more people
20:36:46 : Group: [APD] Chf Insp. Nolif  : Hey Dunis, I appreciate the initiative you take to ask me to come.I will consider this offer and let you know the answer very soon.
20:36:54 : Group: [APD] Supt. MrDunis: lol fuck off
20:38:24 : Direct: [Sgt] Willem: Thanks mate
20:46:00 : Direct: White Bob: PULL OVE4R
20:46:06 : Direct: White Bob: PULL OVER
20:47:36 : Direct: [Sgt] Willem: Not allowed in with a weapon, even if it is on your back
20:48:02 : Group: [Pvt]  Csweetlove: FFS
20:48:08 : Group: [Pvt]  Csweetlove: IM DONE WITH FLYING
20:48:26 : Direct: Zelena: LEAVE
20:49:30 : Group: Crawford jihad: LETS DO COCAINE YEAAAAAAAAAAAAAAAAAAAAA
20:49:57 : Direct: Kalem: hello
20:50:37 : Direct: [APD] Supt. Martyr: we will repair your car for you sir
20:50:46 : Direct: [APD] Supt. Martyr: Sir
20:51:03 : Direct: A.CAMPBELL-DUNNE: YES 
20:51:09 : Direct: Zelena: White bob rdmd me
20:51:13 : Direct: Zelena: and took my truck
20:51:30 : Direct: [APD] Supt. Martyr: There you are sir, have a nice day!
20:51:46 : Direct: [APD] Supt. Martyr: we will try to find the perp on a quad for you
20:52:53 : Group: Crawford jihad: LETS FO COC
20:55:19 : Direct: Kalem: HELLO 
20:55:27 : Direct: Kalem: I HAVE COME TO SELL DEM DRUGZ YOU KNOW
20:55:34 : Direct: Kalem: what 
20:58:23 : Direct: [Cpt] Antony-J: 10 seconds to leave
20:59:54 : Group: [Cpl] Thomas Thunder: move me into the channel again pls 
20:59:58 : Group: [Cpl] Thomas Thunder: sorry
21:13:46 : Group: [Pvt] Lilcan: PVT DOWN, UNDER ATTACK AT BORDER
21:17:13 : Group: [Pvt] Lilcan: /
21:20:58 : Direct: [Sgt] Willem: thanks man
21:21:05 : Direct: [Sgt] Willem: My killer disconnected
21:21:08 : Direct: [Sgt] Willem: Later mate
21:23:09 : Direct: Rancho: protiå
21:23:14 : Direct: Rancho: Protip: Take the hit on Rod
21:24:16 : Direct: Zelena: Meeeeeedic
21:24:18 : Direct: Zelena: Meeeeeedic
21:24:20 : Direct: Zelena: MEEEEEEEEEEEEEEEEDIC
21:24:22 : Direct: Zelena: MEEEEEEEEEEEEEEEEEEEM
21:24:24 : Direct: Zelena: MEDIC
21:25:42 : Direct: Zelena: OMG THANKS
21:26:21 : Direct: [APD] Sgt.Potato: hold on
21:26:23 : Direct: [APD] Sgt.Potato: talking to admins
21:29:55 : Direct: Rancho: server taking major desync
21:33:37 : Group: [APD] Chief. Hamilton: that strider is KOS, they just killed me.
21:36:19 : Group: Sgt.Brian S.: medic psl 
21:37:27 : Direct: [Sgt] VibZ: my mic fucked
21:42:36 : Direct: Rancho: ALOOOT OF NOICEEEE
21:43:14 : Direct: HussyPunter: where my gun go?
21:43:28 : Direct: HussyPunter: and the other one?
21:44:13 : Direct: HussyPunter: why you steal my gun?
21:44:20 : Direct: HussyPunter: you're a medic
21:44:28 : Direct: HussyPunter: why would you steal it
21:45:07 : Direct: HussyPunter: MEDC
21:46:57 : Direct: [APD] Supt. Martyr: oh
21:47:04 : Direct: [APD] Supt. Martyr: take apd out
21:47:31 : Direct: [APD] Supt. Martyr: Joe, going on civ?
21:47:48 : Direct: HussyPunter: this was out a cop car
21:47:53 : Direct: HussyPunter: one just like it in your hli
21:49:33 : Direct: [APD] Supt. Martyr: not want a suppressor
22:11:12 : Direct: [Lt] Flames: yo
22:11:29 : Direct: Morty: hi
22:11:51 : Direct: Morty: hi
22:12:02 : Direct: Morty: yep
22:13:27 : Group: [Lt] Flames: sick spot vibz
22:15:14 : Group: [Cpt] Antony-J: Vote
22:15:15 : Group: [Cpt] Antony-J: Day
22:15:45 : Direct: Zelena: i cant
22:16:04 : Direct: Zelena: thats all i got
22:16:41 : Direct: Zelena: Don't take anything
22:16:56 : Direct: Zelena: i swear to fucking god
22:17:36 : Direct: Zelena: Touch anything
22:17:41 : Direct: Zelena: THEY ARE
22:17:42 : Direct: Zelena: YOU IDIOT
22:17:49 : Direct: HussyPunter: why am i an idiot
22:18:31 : Direct: Bob Rico: MAN
22:19:02 : Direct: [Lt] Flames: 100
22:19:06 : Direct: [Lt] Flames: its got 600 capacity
22:30:42 : Direct: CoCo the LoCo: Who wants a gun to kill Rod with ?
22:33:57 : Direct: CoCo the LoCo: anyone want lynx ?
22:36:48 : Direct: Zelena: go away
22:36:58 : Direct: Zelena: Im tired of this server
22:41:42 : Direct: Dump: Zeth u twat
22:41:50 : Direct: [Sgt] VibZ: ?
22:45:45 : Direct: Angu5 : leaves us alone m8
22:46:09 : Direct: Angu5 : leave us alone m8 or we will shoot
22:54:39 : Direct: HussyPunter: lads follow me
22:55:46 : Direct: HussyPunter: Y is broken
22:55:52 : Direct: HussyPunter: pls help me lockpick this strider
22:57:26 : Direct: Mustafa Sahid: UR NAME IS AWESOME
22:58:53 : Direct: [Lt] Flames: i can take you to garage to get you some fuel cans
23:01:00 : Direct: Dump: hussy G
23:01:09 : Vehicle: [Lt] Flames: you in?
23:06:12 : Direct: HussyPunter: what the fuck
23:06:21 : Direct: Fart In My Cunt: that's not aloud
23:06:27 : Direct: HussyPunter: ooc: why you tp me
23:06:48 : Direct: HussyPunter: OOC: joe you tazed me
23:06:52 : Direct: HussyPunter: ooc: not allowed
23:06:59 : Direct: HussyPunter: ooc: suggest you let me go
23:07:24 : Direct: HussyPunter: ooc: joe let me go and i wont take this to ts
23:07:51 : Direct: HussyPunter: ooc: ypu cant do this
23:08:03 : Direct: Fart In My Cunt: that ain't aloud
23:08:11 : Direct: HussyPunter: i cant hear what your saying
23:08:27 : Direct: Paddy.C: THIS IS WEIRD AS FUCK
23:08:42 : Direct: Dump: hELLO?
23:09:15 : Direct: Dump: hello
23:10:30 : Direct: Dump: herro?
23:16:46 : Direct: ANGeR:  THIS ONE   \
23:17:36 : Direct: Fart In My Cunt: oi
23:19:03 : Direct: FISHY FINGER: just shit in a fanny
23:19:24 : Direct: FISHY FINGER: just fingered your mum
23:22:46 : Group: [APD] Chief. Stalks: i marked on the map, any chance one  of you can fly over and impound the car blocking spawn?
23:22:56 : Group: [NHS Chief] Dr. Huberio: adlrig gå afk som medic..
23:23:02 : Group: [NHS Chief] Dr. Huberio: FOlk ventede på dig
23:23:08 : Group: [APD] Supt. Martyr: already on route
23:25:00 : Direct: Paddy.C: TYPE
23:25:03 : Direct: Paddy.C: WHERE IS MY GUN
23:25:04 : Direct: Paddy.C: ?
23:25:08 : Direct: [NHS] Pog: going to get another guy revived
23:25:11 : Direct: [NHS] Pog: dunno, probably where u died
23:25:14 : Direct: Paddy.C: FFS
23:26:38 : Direct: Agent. 43: go fuck off
23:26:41 : Direct: Mustafa Sahid: weres my guns
23:26:46 : Direct: Agent. 43: dunno
23:26:58 : Direct: Agent. 43: paddy lost his ti
23:27:05 : Direct: Zelena: I swear to god before I have a irl panic attack, just revive me ;c;
23:28:10 : Direct: Zelena: are you kidding me
23:28:20 : Direct: Zelena: IF IM NOT ALLOWED TO LOOT THEM
23:28:23 : Direct: Zelena: THEN HOW DID I GET THEM
23:28:24 : Direct: Zelena: IDIOT
23:28:52 : Direct: Zelena: I SWEAR TO GOD
23:28:56 : Direct: Zelena: HOW CAN I GET THEM
23:28:59 : Direct: Zelena: IF I CAN'T LOOT
23:29:04 : Direct: Zelena: THE BODIES
23:29:09 : Direct: Zelena: USE YOUR GOD DAMN COMMON SENSE
23:29:19 : Direct: Zelena: I BOUGHT THEM
23:33:00 : Direct: HussyPunter: wait is that not a cop chasing me?
23:33:01 : Direct: [APD] Supt. Martyr: Come on ts.
23:36:28 : Direct: Zelena: Im not in the mood for bullshit
23:36:39 : Direct: Zelena: I need money, can you give me some.
23:38:04 : Direct: [APD] Supt. Martyr: Fat
23:38:07 : Direct: [APD] Supt. Martyr: here?
23:38:41 : Direct: Monkee: DO I GO THERE ON MY OWN ? sORRY ONLY DONE THIS ONCE BEFORE
23:40:04 : Group: [APD] PCSO. Thorgard: Joe
23:40:20 : Group: [APD] PCSO. Thorgard: Where did you get that gun?
23:40:21 : Group: [APD] PCSO. Joe Pesci: Yes mate whats up ???
23:40:34 : Group: [APD] PCSO. Joe Pesci: the shop mate
23:40:43 : Group: [APD] PCSO. Thorgard: Are you donator?
23:40:59 : Direct: HussyPunter: sorry sir
23:41:11 : Direct: [APD] Chief. Stalks: TAKE CARE SIR
23:43:25 : Group: [APD] PCSO. Thorgard: Joe are you donator?
23:43:42 : Group: [APD] PCSO. Joe Pesci: No mate
23:43:50 : Group: [APD] PCSO. Thorgard: hmm
23:43:50 : Group: [APD] Supt. Martyr: brb in 20
23:44:04 : Group: [APD] PCSO. Thorgard: Just weird, i cant seem to get the gun
23:44:19 : Group: [APD] PCSO. Thorgard: And we are same rank
23:45:47 : Direct: [NHS Chief] Dr. Huberio: wtf vcop
23:45:52 : Direct: [NHS Chief] Dr. Huberio: watch where you are driving !
