00:01:32 : Direct: White Bob: YOU CANT RESTRAIN COPS YOU ARE BOTH RESTRAINED
00:01:43 : Direct: White Bob: IN THE CAR
00:02:57 : Direct: White Bob: 300k
00:02:57 : Direct: HussyPunter: 150K
00:02:59 : Direct: White Bob: 300
00:03:29 : Direct: White Bob: coms are taken
00:03:37 : Direct: White Bob: 300k
00:03:48 : Direct: White Bob: 300K
00:03:51 : Direct: HussyPunter: 150,000
00:07:31 : Direct: White Bob: so we cant kill but you can taze..
00:09:00 : Direct: White Bob: i need to leave if you cant stop
00:09:19 : Direct: White Bob: i will be glitched
00:09:28 : Direct: White Bob: here coz it will think your escorting me
00:09:31 : Direct: White Bob: i think
00:10:02 : Direct: White Bob: shootem
00:10:47 : Direct: Zelena: Whot 
00:10:55 : Direct: Zelena: dope car
00:18:47 : Direct: [PCSO]Plum : REWMOVE IT ALL
00:21:35 : Direct: [APD] SPC. Sean: danel remove these barriers
00:21:44 : Direct: Daniel: HOW
00:22:02 : Direct: [APD] SPC. Sean: ws it you who place4d them
00:22:07 : Direct: Daniel: yes
00:22:20 : Direct: [APD] SPC. Sean: then scrole and it should say remove
00:22:28 : Direct: Daniel: it dosent
00:22:43 : Direct: [APD] SPC. Sean: dm then
00:24:12 : Direct: Zelena: h
00:24:15 : Direct: Zelena: Hello.
00:24:24 : Direct: Zelena: Can you please lower your gun ;/
00:25:23 : Direct: Zelena: Dude yoooooo
00:25:26 : Direct: Zelena: how do you have that heli
00:25:28 : Direct: Zelena: omg 'w'74
00:25:35 : Direct: Zelena: omg ;c;
00:25:39 : Direct: White Bob: why you knocking me out in safezone
00:25:44 : Direct: White Bob: screenshot
00:25:52 : Direct: White Bob: this isent allowed
00:26:00 : Direct: Eagle: Ye?
00:26:02 : Direct: Eagle: U steal our car
00:26:09 : Direct: Zelena: Neither is rdm bob
00:26:11 : Direct: White Bob: car was unlocked thats allowed pal
00:26:11 : Direct: Zelena: Which you do
00:26:13 : Direct: Zelena: all the time
00:26:14 : Direct: [APD] SPC. Sean: like a spit roast
00:26:28 : Direct: Zelena: k then
00:26:33 : Direct: Zelena: kill him
00:27:27 : Direct: T.P.B chinesefast.food: hello
00:27:27 : Direct: White Bob: ok cocksuker 
00:27:36 : Direct: T.P.B chinesefast.food: im watching the map
00:28:13 : Direct: White Bob: against rules m80
00:28:19 : Vehicle: [AFF Pvt] Jawni: well now lm overcary
00:28:23 : Vehicle: [AFF Pvt] Jawni: ^^
00:31:07 : Direct: Zelena: whot
00:31:10 : Direct: Zelena: is it my gun
00:31:13 : Direct: Zelena: bcus i got le license
00:31:17 : Direct: Zelena: yes
00:31:18 : Direct: Zelena: .-
00:31:20 : Direct: Zelena: .-
00:31:25 : Direct: Zelena: omfg it dunt work
00:31:31 : Direct: Zelena: dude i got a license
00:31:40 : Direct: Zelena: trust me ffs -.-
00:31:44 : Direct: Zelena: ye
00:32:00 : Direct: Zelena: mkay
00:32:24 : Direct: Zelena: don't question the drug ones
00:32:27 : Direct: Zelena: Its good to have em
00:32:30 : Direct: Zelena: jus in case
00:33:10 : Vehicle: [APD] SPC. Sean: kalem message pancake to see if you are getting traininig  tonight
00:35:38 : Direct: Almin: take the car
00:36:57 : Direct: [PCSO]Plum : shadow play lel
00:44:39 : Direct: [APD] PC. Stan W: STENG NU AV DE JÆVLA SIRENAN
00:45:01 : Direct: [APD] PC. Stan W: drive back to  athira frodeee
00:45:31 : Direct: [APD] PC. Spectreh.W: ka som skjer?
00:45:39 : Direct: [APD] PC. Stan W: idk du svara jo faen ikke på ts
00:45:40 : Direct: [APD] PC. Stan W: mongo
00:45:49 : Direct: [APD] PC. Spectreh.W: ska t weed
00:50:35 : Group: [AFF Cpl] Lazarus: ./day
00:59:37 : Group: Chuck Bartowski: a\
00:59:38 : Group: Chuck Bartowski: a
00:59:43 : Group: LordDrakors: a
00:59:44 : Group: LordDrakors: a
00:59:45 : Group: LordDrakors: b
00:59:46 : Group: LordDrakors: b
00:59:47 : Group: LordDrakors: c
00:59:48 : Group: LordDrakors: c
00:59:49 : Group: LordDrakors: c
00:59:50 : Group: LordDrakors: a
01:03:55 : Direct: Zelena: I got a problemo
01:03:59 : Direct: [PCSO]Plum : what ?
01:04:08 : Direct: Zelena: my old rifle is at its death bed
01:04:09 : Direct: Zelena: so take it
01:04:21 : Direct: [PCSO]Plum : okay i will dispose of it
01:04:31 : Direct: Zelena: I got my fair share of tuna for the family
01:04:34 : Direct: Zelena: so y'know
01:04:37 : Direct: Zelena: I won't miss it
01:04:43 : Direct: [PCSO]Plum : okay i see
01:04:45 : Direct: Zelena: check me if you want, no turtles on me
01:05:05 : Direct: [PCSO]Plum : no its fine
01:05:09 : Direct: Zelena: mkay
01:21:44 : Group: Rum: sorry
01:22:40 : Direct: Zelena: this car is dope
01:22:46 : Direct: Zelena: wtf is it made of
01:22:46 : Direct: [APD] PC. Spectreh.W: Step outside the vehicle and leave your gun outside please
01:23:03 : Direct: Zelena: DRIVE
01:26:20 : Direct: Zelena: Guys retake yer driving test
01:26:21 : Direct: Zelena: xD
01:26:36 : Direct: Zelena: whut#?
01:26:50 : Direct: Zelena: ye
01:26:59 : Direct: Zelena: /mo
01:27:00 : Direct: Zelena: no
01:27:01 : Direct: Zelena: xD
01:27:16 : Direct: Zelena: WHY
01:27:17 : Direct: Zelena: Omfg
01:27:34 : Direct: Zelena: wot le fuq are you doing
01:27:36 : Direct: Zelena: stop molesting me7
01:27:45 : Direct: Zelena: yes
01:27:48 : Direct: Zelena: i just bought this car
01:27:53 : Direct: Zelena: ywe
01:28:19 : Direct: Zelena: what was that for -x-
01:28:25 : Direct: Zelena: yes i do unless u fix it
01:28:40 : Direct: Zelena: its got nothing in it
01:28:43 : Direct: Zelena: at all
01:28:49 : Direct: Zelena: Nah
01:28:53 : Direct: Zelena: Lemme do dis
01:29:20 : Direct: Zelena: y int it fixing it
01:29:24 : Direct: Zelena: i thought it was safezone
01:29:32 : Direct: Zelena: I thought it waz safezone bruh
01:29:36 : Direct: Zelena: omfg fuck off
01:29:43 : Direct: Zelena: ye it dus
01:29:47 : Direct: Zelena: bcus if a car takes damage
01:30:01 : Direct: Zelena: if you fucking dare send me to jail
01:30:15 : Direct: Zelena: stop raping me
01:30:19 : Direct: Zelena: bro dis is rape
01:30:24 : Direct: Zelena: Help my anus is spread
01:30:30 : Direct: Zelena: Im gon be like bread and butter
01:30:32 : Direct: Zelena: help
01:30:32 : Direct: Zelena: rape
01:30:33 : Direct: Zelena: plz
01:30:34 : Direct: Zelena: nuuuuuuuu
01:30:38 : Direct: Zelena: im gon kill myself now
01:30:45 : Direct: Zelena: bcus u dint fix my car
01:31:02 : Direct: Zelena: Screw you oncemore
01:31:05 : Direct: Zelena: im gon go kill myself now
01:31:16 : Direct: Zelena: well tuff shit
01:31:19 : Direct: Zelena: im gon kill myself now
01:31:38 : Vehicle: [APD] PC. Stan W: G2G PEE BRB 1-2MINH
01:32:03 : Direct: Almin: father
01:32:09 : Direct: Almin: i cant hear you
01:32:15 : Direct: [APD]PCSO.FatherJizzle: i can hear you#
01:32:39 : Direct: Almin: me can no hear you
01:32:58 : Direct: Almin: give me a second i try to restart brb
01:33:19 : Direct: Almin: father
01:33:27 : Direct: [APD]PCSO.FatherJizzle: Yes
01:33:27 : Direct: Almin: me can no hear you
01:33:46 : Direct: [APD]PCSO.FatherJizzle: You are going to have to drop them clothes
01:33:57 : Direct: Almin: ok
01:34:13 : Direct: [APD]PCSO.FatherJizzle: Thank you 
01:34:19 : Direct: [APD]PCSO.FatherJizzle: You are free to go
01:34:21 : Direct: Almin: me are new to this game
01:34:34 : Direct: Almin: can you show me where me buy clotches
01:35:03 : Direct: [APD]PCSO.FatherJizzle: dONT PICK THEM BACK UP IF I SEE YOU WITH THEM AGAIN..JAIL
01:37:42 : Direct: onetwo: good evening officers
01:37:57 : Direct: onetwo: Someone stole my clothes
01:38:51 : Direct: onetwo: Do you like my penis?
01:40:01 : Direct: onetwo: ok sir
01:42:16 : Direct: onetwo: damn, that was super fast
01:42:30 : Direct: onetwo: do you do drugs? that was amazing
01:42:51 : Direct: onetwo: ok im sorry sir, i shall leave now
01:43:10 : Direct: onetwo: zelena
01:43:14 : Direct: onetwo: you look like a big condom
01:52:12 : Direct: Zelena: yo dude
01:52:17 : Direct: Zelena: sill fix for you
01:52:28 : Direct: Zelena: ok
01:57:40 : Group: [APD] PC. Stan W: Having some slight issues with my headset..
02:02:36 : Direct: [Pvt] Cody Adams: Cody
02:04:06 : Group: Chuck Bartowski: non cliccare la G
02:04:29 : Group: Chuck Bartowski: metti no
02:04:50 : Vehicle: [APD] SPC. Felix: Leebanon
02:11:33 : Direct: [Mafia] Luca di Maggio : /voteday
02:12:05 : Direct: Almin: .
02:24:30 : Vehicle: [APD] SPC. Felix: seriously, having so much fun
02:25:00 : Group: [Mafia] Luca di Maggio : itafromhell
02:47:48 : Direct: Zelena: ello lads
02:47:55 : Direct: [AFF Pvt] Ravenoth: Oh haaai
02:47:57 : Direct: [AFF Pvt] Foobar: you are loud dude
02:47:58 : Direct: Zelena: how ye doin
02:48:01 : Direct: Zelena: I know i am
02:48:02 : Direct: [AFF Pvt] Foobar: Can you find cops for us?
02:48:03 : Direct: [AFF Pvt] Ravenoth: Just good lol
02:48:05 : Direct: Zelena: ye
02:48:09 : Direct: Zelena: im lookin for em now
02:48:13 : Direct: [AFF Pvt] Foobar: kk cool
02:48:16 : Direct: [AFF Pvt] Ravenoth: We're gonna check Athira for popo
02:48:18 : Direct: Zelena: i told rav about the car in station but no one in it
02:48:26 : Direct: Zelena: I can check pygros for you
02:48:29 : Direct: [AFF Pvt] Ravenoth: Alright
02:48:30 : Direct: Zelena: Well anywhere tbh
02:48:35 : Direct: Zelena: move
02:48:37 : Direct: Zelena: ggg
02:59:22 : Group: [AFF Pvt] Foobar: police chopper landing at weed processing
02:59:57 : Group: [AFF Pvt] Foobar: btw do you mind if i setup whispers to your room since you aren't in a squad channel?
03:12:05 : Group: [Pvt] Kryptic : Ming whitelisting me to ts??
03:18:00 : Group: [Pvt] Kryptic : Not getting whitelisted or??
03:40:27 : Direct: Zelena: herruuu? :c
03:40:35 : Direct: [AFF Pvt] Ravenoth: OEO
03:40:49 : Direct: Zelena: do i get in?
03:40:51 : Direct: [AFF Pvt] Ravenoth: I stole this car :D
03:40:55 : Direct: Zelena: ;O
03:41:30 : Direct: Zelena: u got berets ;<
03:41:36 : Vehicle: [AFF Pvt] Ravenoth: .
03:41:40 : Direct: [AFF Pvt] Ravenoth: Yeah
03:41:48 : Direct: [AFF Pvt] Ravenoth: Fix your mic and apply!
03:41:55 : Direct: Zelena: :3
03:42:08 : Direct: [AFF Pvt] Ravenoth: Why are you in this house anyway
03:42:17 : Direct: Zelena: bcus its away from peeps
03:42:22 : Direct: Zelena:  i guess
03:42:31 : Direct: [AFF Pvt] Ravenoth: There is a house up the road you can buy
03:42:31 : Direct: Zelena: and is because im snuggling with my dog cus im sad
03:42:39 : Direct: [AFF Pvt] Ravenoth: RIP
03:42:56 : Direct: Zelena: but this house perfectly shows my emotions right now doe ;c;
03:43:13 : Direct: [AFF Pvt] Ravenoth: Omg xD
03:43:23 : Direct: [AFF Pvt] Ravenoth: Get in the car and i'll give you a gift in the base
03:43:46 : Direct: Zelena: ehehe my dog jumped out of its ass
03:43:59 : Direct: Zelena: watching youtube someone smashed their trolly into the wall
03:44:07 : Direct: Zelena: and me dog jumped 
03:44:09 : Direct: Zelena: so cute
03:44:30 : Direct: Zelena: ur voice ;o
03:44:40 : Direct: Zelena: both of ur voices
03:44:42 : Direct: Zelena: ;ooooooooo
03:45:02 : Vehicle: Zelena: smexy
03:45:07 : Vehicle: Zelena: xD
03:45:10 : Vehicle: Zelena: don't say dat
03:45:17 : Vehicle: Zelena: bcus my friend says dat
03:45:21 : Vehicle: Zelena: and he sound like u but deeper
03:45:23 : Vehicle: Zelena: so smexy
03:46:53 : Direct: Zelena: yus
03:46:55 : Direct: Zelena: he has big nose
03:47:21 : Direct: Zelena: wut?
03:47:35 : Direct: Zelena: ooooh
03:47:47 : Direct: Zelena: Thanks
03:47:49 : Direct: Zelena: helps
03:47:59 : Direct: Zelena: wait a sec
03:48:07 : Direct: Zelena: omfg
03:48:08 : Direct: Zelena: u cheepies
03:48:11 : Direct: Zelena: u get like
03:48:13 : Direct: Zelena: suvs so cheep
03:48:20 : Direct: [AFF Pvt] Foobar: you taking shots?
03:48:20 : Direct: Zelena: ye
03:48:22 : Direct: Zelena: dam rite i can
03:48:24 : Direct: Zelena: 15k
03:48:41 : Direct: Zelena: cant i look arund?
03:48:43 : Direct: [Pvt] Kryptic : Nope
03:48:44 : Direct: Zelena: while u go shoots peeps
03:48:53 : Direct: Zelena: err
03:48:56 : Direct: Zelena: Jawni
03:48:58 : Direct: Zelena: err
03:49:07 : Group: [Pvt] Kryptic : What happened
03:49:10 : Direct: Zelena: but where is ur gun bloke
03:49:25 : Group: [AFF Pvt] Foobar: raven said you might be taking shots
03:49:32 : Direct: Zelena: gun bloke salesman person peep
03:49:36 : Group: [Pvt] Kryptic : Naaah
03:49:46 : Direct: Zelena: gates
03:49:47 : Group: [Pvt] Kryptic : who shot
03:49:47 : Direct: Zelena: wot
03:49:47 : Group: [AFF Pvt] Foobar: was that you
03:49:50 : Group: [Pvt] Kryptic : No
03:49:52 : Group: [AFF Pvt] Foobar: kk so you are taking shots
03:49:53 : Direct: Zelena: omg
03:49:54 : Group: [Pvt] Kryptic : Almin
03:50:07 : Direct: Zelena: can I just test this
03:50:08 : Direct: Zelena: like
03:50:50 : Direct: Zelena: shh
03:50:52 : Direct: Zelena: is secret
03:50:54 : Direct: Zelena: xD
12:20:53 : Group: [APD] Sgt.McFreely: armed with katibas
12:48:35 : Group: Dimitri Volkov: what recomend to pick money fast?
12:50:37 : Direct: MADSTHEJLS: TISSEMAND
13:22:31 : Group: [AFF Pvt]Kyle: hello sir
13:25:12 : Group: [AFF General] RoD: ALL aff in base
13:25:14 : Group: [AFF General] RoD: meet me outside
13:25:55 : Group: [AFF General] RoD: anger
13:25:58 : Group: [AFF General] RoD: rally them all here
13:26:12 : Group: [AFF Sgt] ANGeR: ALL AFF OUT SIDE BASE NOW 
13:26:31 : Group: [AFF General] RoD: on teamspeak
13:26:49 : Group: [AFF Sgt] ANGeR: all are noticed 
13:26:53 : Group: [AFF Sgt] ANGeR: joining now
13:51:27 : Group: [AFF Pvt]Kyle: running low on fule
14:10:57 : Direct: Chullie: We will leave no worries
14:19:44 : Direct: [AFF] Konan of Konantown: /
14:20:34 : Group: JRasserL: Math??
14:28:32 : Direct: [AFF Pvt]Kyle: /voteday
14:38:13 : Vehicle: [ AFF Sgt] Alex(wolf): batty boy
14:41:37 : Group: Almin: Den familie er kommet så jeg kan ikke snakke lige nu
14:41:45 : Group: JRasserL: det er bare i orden
14:42:06 : Group: Almin: johan savner du duften af hund?
14:43:08 : Direct: T.P.B chinesefast.food: FUCK YOU 
14:43:11 : Direct: T.P.B chinesefast.food: AAGGH
14:43:13 : Direct: T.P.B chinesefast.food: I HAD KIDS
14:44:47 : Group: JRasserL: x
14:47:24 : Group: Almin: tager i ned til aff nu?
14:47:34 : Group: Almin: jeg kan ikke hører er
14:48:00 : Group: Almin: hvor skal vi røve den bank der?
14:48:06 : Group: Almin: hvornår*
14:49:29 : Group: Almin: chullie?
14:50:53 : Vehicle: [NHS]Sir: esci
14:52:03 : Group: Almin: doktor skal i ned til AFF nu?
14:52:13 : Group: Almin: asbjørn
14:52:17 : Group: Almin: jeg kan ikke hører jer
14:52:22 : Group: Almin: sidder med dem fra syrien
14:52:26 : Group: Almin: skriv
14:52:39 : Group: JRasserL: almin lad vær med at køre med
14:52:58 : Group: Almin: jeg kører med siden asbjørn ikke gider og svare
14:56:09 : Direct: Mythic: yeah m8
14:56:14 : Direct: [NHS]Sir: cya
14:56:19 : Direct: Flames: wassup
14:56:26 : Direct: Thorgaard: DRU means?
14:56:30 : Direct: Flames: lolk
14:57:24 : Direct: Thorgaard: ill join up
15:06:37 : Group: Almin: hvad hedder butikken hvor man køber rygsæk
15:07:03 : Group: Chullie: kom nu bare ts
15:07:14 : Group: Almin: gider du og holde din kæft og læse fucking chat
15:07:33 : Group: Almin: sidder og spiller fifa med ham mens jeg spiller arma
15:07:34 : Group: Chullie: Egentlig ike
15:07:42 : Group: Chullie: Og?
15:07:44 : Group: Almin: så gider ikke til at snakke ts
15:07:47 : Group: Almin: ja fedt nim
15:07:54 : Group: Almin: hvad med bare og skrive det i stedet
15:08:03 : Group: Chullie: Jamen så gider jeg ikke bruge chat
15:08:15 : Group: Almin: spurgt
15:08:31 : Group: Almin: kom hen til mig så skyder jeg dig
15:15:54 : Direct: Chullie: Is it ok if i take the dead guys weapon
15:22:38 : Group: Almin: hvor mange penge har i)
15:41:45 : Group: [AFF Pvt] Peter Hollins: borderline is udner attack by 2 50. cal snipers along the north eastern beach line
15:41:47 : Direct: [AFF Sgt] ANGeR: i need me comp plis im broke now
15:44:17 : Group: [ AFF Sgt] Alex(wolf): ..
15:46:24 : Group: [AFF Cpl] Kryptic : wHO SHOT??
15:46:41 : Group: [AFF Pvt]Kyle: noone at border 
15:46:57 : Group: [AFF Cpl] Kryptic : Alex we could draw guns and try to kill em
15:47:06 : Group: [AFF Cpl] Kryptic : But wait for the ti,ing though
15:47:19 : Direct: Flames: wassup
15:47:21 : Direct: Flames: no idea
15:47:24 : Direct: Flames: killin aff
15:47:25 : Direct: Flames: :D
15:47:30 : Direct: Richard Roper: HOP IN BOYZ
15:51:09 : Direct: Thorgaard: For you
15:51:12 : Direct: Thorgaard: ^^
15:51:48 : Direct: Thorgaard: Mythic?
15:52:00 : Direct: Thorgaard: Wanna kill AFF?
15:55:26 : Direct: Thorgaard: wat
15:55:39 : Direct: Thorgaard: pls
15:58:06 : Direct: Thorgaard: Going to the AFF ghosts?
16:00:54 : Direct: Priest: HI
16:01:01 : Direct: Priest: NOT AT THE MOMENT
16:01:28 : Direct: Priest: NEGATIVE
16:09:27 : Vehicle: Almin: Skal vi dræbe doktoren?
16:09:46 : Vehicle: Thorgaard: Han bliver doktor fornaermet
16:14:23 : Direct: Almin: .
16:15:00 : Direct: onetwo: no thank you sir
16:18:59 : Vehicle: [APD] SPC. Spectreh.W: WOW
16:26:12 : Group: [AFF Pvt] Louis: accident
16:30:02 : Group: [AFF Sgt] ANGeR: dat u in the yellow car ?
16:31:09 : Direct: Dimitri Volkov: you dont want the titan?
16:31:16 : Direct: Dimitri Volkov: yes i grab 3 weapons
16:36:11 : Direct: Almin: 190k money ?
16:55:30 : Direct: Chullie: Nice chopper
16:55:35 : Direct: Black Bob: Go in the back
16:55:55 : Direct: Ted Blackburn: :(
16:57:20 : Direct: Ted Blackburn: :)
17:06:34 : Group: «ŦŘĐ»Thorgaard: Where do we spawn?
17:06:50 : Group: «ŦŘĐ»Thorgaard: Mather of fact, where do we start the operation?
17:09:17 : Group: [APD] Sgt. Morrisino: is Fed on??
17:09:21 : Direct: Dimitri Volkov: I SELL A LYNX FOR 200K
17:09:39 : Direct: Dimitri Volkov:  lynx of 1,6millions for only 200k
17:09:57 : Direct: Blaze: my gun is worth 600k
17:10:11 : Direct: Blaze: i will swap you my mk18 for your lynx
17:10:39 : Direct: Dimitri Volkov: blaze and my lynx for your mk18  and 100k?
17:10:47 : Direct: Tango: help meeeeee
17:10:54 : Direct: Blaze: why? do you just need money?
17:10:59 : Direct: Tango: WHITE BOB U U CUNT
17:11:00 : Direct: Dimitri Volkov: yes
17:11:07 : Direct: Blaze: how much money do you have?
17:11:14 : Direct: Dimitri Volkov: 100k....
17:11:17 : Direct: Dimitri Volkov: xd
17:11:30 : Direct: Dimitri Volkov: you want it for 150k?
17:11:39 : Direct: Blaze: take it
17:11:43 : Direct: [AFF Sgt] ANGeR: stop meta please
17:11:54 : Direct: Sexy Face: wot yu saying 
17:11:56 : Direct: Flames: LOL WOT
17:12:04 : Direct: Blaze: anger metagame
17:13:32 : Direct: Dimitri Volkov: okey
17:13:45 : Direct: Flames: KILL THEM MY FRIEND
17:13:52 : Direct: Dimitri Volkov: okey ;D so much thx
17:19:50 : Direct: Dimitri Volkov: anyone want a lynx?
17:19:51 : Group: [APD] SPC. Stan W: wtf is APK?
17:23:55 : Direct: FroggyFresh: dont have the money, just keep it
17:24:07 : Direct: Dimitri Volkov: okey
17:24:18 : Direct: Dimitri Volkov: you dont have money and have a ghillie xD
17:25:32 : Direct: [AFF Sgt] ANGeR: ty
17:25:33 : Direct: Dimitri Volkov: a gift
17:25:55 : Direct: Dimitri Volkov: you helped me so much
17:26:02 : Direct: [AFF Sgt] ANGeR: worry not
17:36:06 : Direct: Dimitri Volkov: open the ramp
17:36:33 : Vehicle: «ŦŘĐ»Thorgaard: Dimitri?
17:36:57 : Direct: Ted Blackburn: Thanks for toolkit xD
17:37:17 : Direct: Dimitri Volkov: ITS MY TOOLKIT d; my gandmother gift it to me
17:37:21 : Vehicle: [AFF Sgt] ANGeR: im luiji 
17:37:28 : Direct: Ted Blackburn: xD
17:37:30 : Direct: Ted Blackburn: :D
17:37:31 : Direct: Ted Blackburn: :D:D
17:37:35 : Direct: Ted Blackburn: Get rééékt
17:37:40 : Direct: Ted Blackburn: Your grannie has bad luck
17:37:43 : Direct: Dimitri Volkov: my toolkit D;;;;;;;
17:37:52 : Direct: Dimitri Volkov: :D
17:37:55 : Direct: Ted Blackburn: 20$
17:37:59 : Group: Flames: do what you wish
17:38:02 : Vehicle: [AFF Sgt] ANGeR: why are u doing this to me i was just sight seeing
17:38:09 : Direct: Ted Blackburn: xD
17:38:15 : Direct: Ted Blackburn: :D:D:D
17:38:23 : Direct: Ted Blackburn: man I can give you 3000000
17:38:27 : Direct: Ted Blackburn: in 1$
17:38:31 : Group: Chuck Bartowski: 31.14.135.61:9999
17:38:38 : Vehicle: [AFF Sgt] ANGeR: no sir 
17:38:48 : Vehicle: [AFF Sgt] ANGeR: i stoped outside this thingy
17:38:57 : Vehicle: [AFF Sgt] ANGeR: and u guy started calling me names
17:39:04 : Direct: Dimitri Volkov: you got trapped
17:39:12 : Direct: Dimitri Volkov: with a pokeball
17:39:13 : Vehicle: [AFF Sgt] ANGeR: yes sir
17:39:15 : Direct: Ted Blackburn: xD
17:39:19 : Direct: Ted Blackburn: Im in pokeball
17:39:22 : Direct: Dimitri Volkov: yes
17:39:26 : Vehicle: [AFF Sgt] ANGeR: yes sir
17:39:27 : Direct: Ted Blackburn: Im pikachu
17:39:34 : Direct: Dimitri Volkov: not you are mallikar
17:39:37 : Direct: Ted Blackburn: :(
17:39:39 : Direct: Ted Blackburn: no
17:39:40 : Direct: Dimitri Volkov: xd
17:39:42 : Direct: Ted Blackburn: Im raichu
17:39:43 : Vehicle: [AFF Sgt] ANGeR: where are u taking me polite gents
17:39:48 : Group: Joe: 31.14.135.61:9999
17:40:03 : Vehicle: [AFF Sgt] ANGeR: ok i understand
17:40:10 : Group: [Mafia] Luca di Maggio : vai ci sto
17:40:12 : Vehicle: [AFF Sgt] ANGeR: u see i just moved here  with my familiy
17:40:19 : Vehicle: [AFF Sgt] ANGeR: and was checking out the region
17:40:39 : Vehicle: [AFF Sgt] ANGeR: yes 
17:40:46 : Vehicle: [AFF Sgt] ANGeR: i have a son and doughter
17:40:46 : Direct: Ted Blackburn: gotcha bitch
17:40:50 : Direct: Ted Blackburn: xD
17:40:56 : Direct: Dimitri Volkov: XD
17:40:59 : Vehicle: [AFF Sgt] ANGeR: its sony and molly
17:41:08 : Vehicle: [AFF Sgt] ANGeR: yes sir
17:41:15 : Vehicle: [AFF Sgt] ANGeR: ofc sir
17:41:21 : Direct: Zelena: hi?
17:41:32 : Direct: Ted Blackburn: xD
17:41:33 : Direct: Dimitri Volkov: hi
17:41:45 : Vehicle: [AFF Sgt] ANGeR: they dont have anything
17:41:50 : Direct: Ted Blackburn: xD
17:41:54 : Direct: Dimitri Volkov: xD
17:42:02 : Direct: Ted Blackburn: D::DD:D::DD:D:
17:42:04 : Direct: Ted Blackburn: :D:D:D:D:D:D:D:D:D:D
17:43:04 : Vehicle: [AFF Sgt] ANGeR: we dont have any money 
17:43:05 : Direct: Tango: we starting?
17:43:11 : Direct: Zelena: plz
17:43:14 : Direct: Zelena: please ;/
17:43:23 : Direct: Dimitri Volkov: what is oil rig?
17:43:29 : Direct: Zelena: I lost all my stuff and a helicopter due to a cop rdming me
17:43:30 : Direct: Zelena: ;/
17:43:34 : Vehicle: [AFF Sgt] ANGeR: who are the aff ?
17:43:39 : Vehicle: [AFF Sgt] ANGeR: are they police ?
17:44:03 : Direct: Chullie: Be ready guys
17:44:09 : Vehicle: [AFF Sgt] ANGeR: so u are bad guys ? 
17:44:13 : Direct: Zelena: tnx for da 10k
17:44:34 : Vehicle: [AFF Sgt] ANGeR: nonono u are bad
17:44:44 : Direct: Tango: hello my friends
17:44:46 : Vehicle: [AFF Sgt] ANGeR: u are takin ppl hostages
17:45:02 : Direct: Zelena: windows key
17:45:03 : Direct: Zelena: bro
17:45:04 : Direct: Tango: you got c4?
17:45:08 : Direct: Dimitri Volkov: pullout
17:45:12 : Direct: Tango: nah need c4
17:45:16 : Direct: Tango: rip
17:45:25 : Vehicle: [AFF Sgt] ANGeR: can i call my family please
17:45:29 : Direct: Tango: no one have c4?
17:45:46 : Vehicle: [AFF Sgt] ANGeR: i just want to call my children 
17:45:50 : Vehicle: [AFF Sgt] ANGeR: they are everything to me 
17:45:56 : Direct: Tango: is that armed offroad friendly?
17:46:19 : Vehicle: [AFF Sgt] ANGeR: u said 350k
17:46:40 : Direct: Zelena: ;<
17:46:52 : Direct: Zelena: Plz tud
17:46:58 : Vehicle: [AFF Sgt] ANGeR: ok sir i cannot allow such evil and greedy person u are not getting any money from me or who ever 
17:47:14 : Vehicle: [AFF Sgt] ANGeR: i beried a small fortune for my family to live on without me 
17:47:21 : Vehicle: [AFF Sgt] ANGeR: when i was scouting the island
17:47:36 : Vehicle: [AFF Sgt] ANGeR: i can die in piece
17:47:50 : Direct: Zelena: how u get red orca
17:47:58 : Direct: Zelena: I want orca ;s;
17:48:13 : Vehicle: [AFF Sgt] ANGeR: no pain matters  my family will live on 
17:48:18 : Vehicle: [AFF Sgt] ANGeR: and u will remain poor
17:48:19 : Direct: Dimitri Volkov: what helis can get a motorboat with ropes?
17:48:32 : Vehicle: [AFF Sgt] ANGeR: u dont know my family 
17:48:45 : Vehicle: [AFF Sgt] ANGeR: dont think so 
17:48:48 : Vehicle: [AFF Sgt] ANGeR: :)
17:49:05 : Direct: Zelena: orca cans i havv monee plz
17:49:13 : Direct: Dimitri Volkov: sorry
17:49:57 : Vehicle: [AFF Sgt] ANGeR: yes i do understand 
17:51:45 : Vehicle: [AFF Sgt] ANGeR: ooc//  why  u metagamed ? 
17:52:04 : Vehicle: [Major] FyXel [AFT]: ??
17:52:45 : Vehicle: [AFF Sgt] ANGeR: ooc// calling me out by my name when i didnt said it  is metagaming 
17:52:59 : Vehicle: [AFF Sgt] ANGeR: not u albert
17:53:07 : Vehicle: [AFF Sgt] ANGeR: ooc// the other guys
17:53:28 : Vehicle: [AFF Sgt] ANGeR: ooc// and i do have it recorded
17:53:42 : Direct: Dimitri Volkov: dad i want a heli for my birthday
17:53:52 : Vehicle: [AFF Sgt] ANGeR: ooc// they both metagamed 
17:53:56 : Direct: Ray: jack follow
17:54:00 : Direct: Ray: get in
17:54:00 : Group: [AFF Pvt]InSync: L
17:54:08 : Direct: Ray: get in
17:54:17 : Group: Tango: they mgiht be friendly
17:54:22 : Group: Tango: yeah if its not cop its friendly
17:54:24 : Vehicle: [AFF Sgt] ANGeR: i can upload the vid asap u release me 
17:54:30 : Vehicle: [AFF Sgt] ANGeR: since i need to quite the game
17:54:52 : Direct: Ray: race?#
17:54:55 : Direct: Ray: race?
17:55:02 : Direct: Ray: street race?
17:55:51 : Vehicle: [AFF Sgt] ANGeR: nonono dont give me that 
17:55:52 : Direct: Ted Blackburn: you are an idiot ahaha haha haaa
17:56:05 : Direct: Dimitri Volkov: no D;;;
17:56:40 : Vehicle: [AFF Sgt] ANGeR: soo kill me or let me go thats it 
17:56:47 : Direct: Dimitri Volkov: GO TO OTHER ZONE FAST!!!!!
17:56:54 : Direct: Dimitri Volkov: my quad is going to explote
17:56:56 : Vehicle: Kelly O'Conner: we will let you go now sir. you was at a bad place at a bad time...
17:57:19 : Direct: Dimitri Volkov: move THE HELI
17:57:27 : Direct: Dimitri Volkov: MY QUAD IS GOING TO ESPLOTE
18:00:58 : Direct: [APK] Gen. Mark: shift + v
18:04:12 : Direct: Ray: gen you wanna get a admin on these?
18:04:31 : Direct: [APK] Gen. Mark: yea
18:07:55 : Direct: [APD] SPC. Stan W: E DET DEN 100K GUNNERN?
18:08:02 : Direct: [APD] SPC. Spectreh.W: ja
18:08:07 : Direct: [APD] SPC. Stan W: E DEN BRA?
18:08:15 : Direct: [APD] SPC. Spectreh.W: close range ja
18:08:19 : Direct: [APD] SPC. Stan W: KA E GREIA MED DEN?`
18:08:22 : Direct: Zelena: oy
18:08:23 : Direct: [APD] SPC. Stan W: SNIPER SHOTGUN?
18:08:25 : Direct: Zelena: monee plz
18:08:30 : Direct: [APD] SPC. Spectreh.W: kan snipe folk nært
18:08:42 : Direct: Zelena: OY
18:08:43 : Direct: Zelena: MONEE
18:08:48 : Direct: [APD] SPC. Stan W: e den spread eller sånn rett frem skudd?
18:09:01 : Direct: [APD] SPC. Spectreh.W: rett frem
18:09:10 : Direct: [APD] SPC. Stan W: fette nice frode faggins
18:09:59 : Direct: [APD] SPC. Stan W: 4min20sec
18:10:36 : Direct: [APD] Sgt.McFreely: /1
18:10:43 : Direct: [APD]PCSO.FatherJizzle: 2 mins
18:10:44 : Direct: [APD] SPC. Stan W: father can go wit hme
18:10:49 : Direct: [APD] SPC. Stan W: i have 3,30left
18:10:53 : Direct: [APD] SPC. Stan W: oh u had like 2
18:10:56 : Vehicle: [APD] SPC. Spectreh.W: just go
18:11:00 : Direct: Sexy Face: louis
18:11:05 : Direct: Sexy Face: You really wanna got here
18:11:19 : Direct: [APD]PCSO.FatherJizzle: 1 min 15
18:11:30 : Direct: [APD] SPC. Stan W: i have 2 50
18:11:45 : Direct: Sexy Face: Oke comp me
18:12:25 : Group: Tango: yo
18:12:30 : Group: Tango: you guys fill up my truck
18:12:38 : Group: Tango: got 250 space
18:14:47 : Group: [AFF Pvt]InSync: GUYS VOTEDAY
18:17:05 : Direct: «ŦŘĐ» Jaconite: slapped
18:17:50 : Vehicle: White Bob: who is here with us?
18:18:14 : Vehicle: Chullie: Chullie and yellowsanta
18:18:20 : Group: YellowSanta: .
18:18:23 : Group: Tango: ahaha
18:18:28 : Vehicle: YellowSanta: me
18:18:28 : Direct: DeepfriedBuffel: i didnt know i could
18:18:30 : Group: Tango: RUN BOYS RUN
18:18:31 : Vehicle: White Bob: where gonna let you out at rebel
18:18:32 : Direct: DeepfriedBuffel: ill give u 1 mil
18:18:34 : Direct: DeepfriedBuffel: ok?
18:18:38 : Vehicle: Chullie: Why?
18:18:38 : Group: Tango: AHAHA
18:18:42 : Group: Tango: I GOT A ZAMAK FULL
18:18:58 : Vehicle: YellowSanta: yes why??
18:19:01 : Group: White Bob: fuck ye you da man motherfucka
18:19:11 : Vehicle: White Bob: we are splitting up the hiest is over
18:19:17 : Vehicle: Chullie: ok
18:19:23 : Vehicle: YellowSanta: ok
18:19:37 : Direct: «ŦŘĐ» Domo Black: Gl 
18:19:38 : Vehicle: «ŦŘĐ» Domo Black: G
18:20:43 : Direct: [Major] FyXel [AFT]: give me 1 mill
18:22:12 : Group: [AFF Pvt]InSync: ASFJ ASND
18:22:43 : Direct: Zelena: tuna
18:23:24 : Group: [AFF Pvt] Ravenoth: We're taking shots at the boarded with no guns out
18:23:31 : Direct: Zelena: ye want to go fishing for tuna bruh
18:23:42 : Group: [AFF Pvt] Ravenoth: They're either on the back or backpack
18:23:43 : Direct: Zelena: Ye
18:23:47 : Direct: Zelena: Nah
18:23:49 : Group: [AFF Pvt] Ravenoth: They're sniping with 50. cals
18:23:51 : Direct: Zelena: Nah with SDARS
18:23:58 : Direct: Zelena: Nah
18:24:02 : Direct: Zelena: its a underwater gun
18:24:23 : Direct: Zelena: he doesn't even have tatoos
18:24:36 : Direct: Zelena: gun store
18:24:38 : Direct: Zelena: XD
18:25:05 : Direct: Zelena: If you want I can take you to the rebel outpost
18:25:11 : Direct: Zelena: many many cool stuffs there
18:25:29 : Direct: Zelena: want to go to rebel or not
18:25:45 : Group: [APD] Sgt. Morrisino: i'll deal with that
18:25:58 : Direct: Zelena: bro
18:26:03 : Direct: Zelena: do you want to go to rebel
18:26:17 : Direct: Zelena: Do you want to go to rebel outpost
18:26:55 : Direct: Zelena: hide it 
18:26:55 : Direct: Zelena: xD
18:27:04 : Direct: Agent. Viper: GTX970, I7-4970, 24GIGS of RAM
18:27:12 : Direct: Zelena: no its the AIA
18:27:16 : Direct: Zelena: nvm
18:28:24 : Direct: Zelena: see u there
18:30:38 : Direct: Zelena: REALLY
18:30:57 : Direct: Zelena: WHY DID YOU FUCKING DO THAT
18:31:00 : Direct: «ŦŘĐ» Domo Black: wasnt us
18:31:05 : Direct: Zelena: I JUST SAW YOU DO IT
18:31:07 : Direct: «ŦŘĐ» Jaconite: accidents happen
18:31:08 : Direct: «ŦŘĐ» Domo Black: WASNT US
18:31:19 : Direct: «ŦŘĐ» Jaconite: bye :)
18:31:22 : Direct: «ŦŘĐ» Jaconite: cunt
18:31:26 : Direct: «ŦŘĐ» Jaconite: aha
18:32:22 : Group: [APD] Sgt. Morrisino: who is APK??
18:33:58 : Group: [APD] Sgt. Morrisino: fed
18:34:06 : Group: [APD] Sgt. Morrisino: FED!!!!!!!!
18:35:52 : Direct: Kelly O'Conner: wow that 3 person glitch
18:36:09 : Direct: Zelena: Dude move your car over here and I can bring it with us
18:36:43 : Direct: Zelena: park under me and stay in the car if you wan
18:37:04 : Direct: Danzel: Daaaaaaamn
18:40:28 : Direct: Zelena: Rebel outpost
18:40:43 : Direct: Zelena: full of retardss
18:41:01 : Direct: Zelena: Ye need to buy a rebel license and then you can buy body armor and shit like that
18:41:06 : Direct: Zelena: better clothes n stuff
18:43:27 : Direct: Zelena: Hi rave :3
18:43:39 : Direct: Zelena: scroll down the gun menu
18:43:53 : Direct: Zelena: sdar dual purpose 5.56
18:43:56 : Direct: Tango: ammo at thte bottom
18:43:58 : Direct: Zelena: ye he did
18:43:59 : Direct: Zelena: xD
18:44:15 : Direct: Zelena: hi rave :3
18:44:16 : Direct: «ŦŘĐ» Domo Black: C
18:44:52 : Direct: Zelena: Im poor 
18:45:13 : Direct: White Bob: put the weapon away you are scaring the civilians
18:45:16 : Direct: Zelena: Eventhough I got a 1.2mill heli
18:45:23 : Direct: Zelena: Im still poor
18:45:49 : Direct: Zelena: laser designators bruh
18:45:51 : Direct: N3oSs_Dark: Hi
18:46:23 : Direct: N3oSs_Dark: How i can talk?
18:46:40 : Direct: N3oSs_Dark: I not remember
18:46:49 : Direct: [APK] Gen. Mark: caps lock
18:47:16 : Direct: Zelena: that body armor ;x;
18:47:30 : Direct: Zelena: so that looks so dope
18:47:39 : Direct: Zelena: i got this shit bodyarmor
18:48:43 : Direct: Zelena: Second that helicrashes
18:48:48 : Direct: Zelena: im going to it
18:48:56 : Direct: Zelena: you want the shit from it?
18:49:35 : Direct: Tango: anyone want to do a drug run with me?
18:49:51 : Direct: LordDrakors: anyone can move
18:49:55 : Direct: Zelena: tangu
18:49:56 : Direct: LordDrakors: her vehicle?
18:49:59 : Direct: Tango: ?
18:49:59 : Direct: Zelena: gimmi mooni
18:50:00 : Direct: Zelena: plez
18:50:03 : Direct: LordDrakors: i can't spawn my car
18:50:04 : Direct: Zelena: inb4 i kill myself
18:50:12 : Direct: Tango: u get money if you come on drug run :)
18:50:12 : Direct: LordDrakors: this
18:50:22 : Direct: Zelena: Naaaaaaaaaaaaaaaaaaaaaaaaaaaaaaaaaaaaaaaaaaaaaaaaaaaaaaaaaaaaaaaaaaaaaaaaaaaaaaaaaaaaaaaaaaaaaaaaaaaaaaaaaaaaaaaaaaaaaaaaaaaaaaaaaaaaaaaaaaaaaaaaaaaaa
18:50:48 : Direct: Zelena: bo
18:50:55 : Vehicle: Zelena: Sneeky Beekie
18:51:09 : Direct: [AFF Pvt] Ravenoth: I can
18:51:10 : Direct: LordDrakors: move your hunter plz
18:51:12 : Vehicle: Zelena: u got alot of nobs in this car
18:51:12 : Vehicle: Zelena: wtf
18:51:15 : Direct: [AFF Pvt] Ravenoth: Try to push the SUV
18:51:33 : Direct: LordDrakors: this fuc cking car
18:51:39 : Direct: [AFF Pvt] Ravenoth: Want me to push it?
18:51:40 : Direct: Zelena: wait lads
18:51:43 : Direct: Zelena: WAIT LADS
18:51:43 : Direct: LordDrakors: y ty
18:51:45 : Direct: Zelena: Let me out
18:51:47 : Direct: Zelena: let me out
18:51:49 : Direct: Zelena: ill move it
18:52:09 : Direct: LordDrakors: go push
18:52:09 : Direct: Tango: hello
18:52:12 : Direct: [APD] SPC. Stan W: FRODE
18:52:16 : Direct: LordDrakors: push
18:52:18 : Direct: [APD] SPC. Stan W: kattid rulla du ut?
18:52:26 : Direct: [AFF Pvt] Ravenoth: I think Zelena will lift it off
18:52:33 : Vehicle: Tango: can i come? :D
18:52:39 : Direct: Zelena: im moving the car dude
18:52:42 : Vehicle: Tango: oh
18:52:57 : Direct: [APD] SPC. Stan W: frode
18:53:03 : Direct: [APD] SPC. Stan W: når ska vi rull?
18:53:12 : Direct: [APD] SPC. Spectreh.W: har 20 sec igjen
18:53:13 : Group: [AFF Pvt]InSync: ;(
18:53:15 : Direct: [APD] SPC. Stan W: ok
18:53:39 : Direct: LordDrakors: thankss
18:53:56 : Direct: Tango: Who want sto come kill aff?
18:54:09 : Direct: Zelena: nah
18:54:10 : Direct: Tango: zelna you want to kill aff?
18:54:12 : Direct: Tango: :(
18:54:14 : Direct: Zelena: nah I like me
18:54:15 : Direct: Zelena: em
18:54:20 : Direct: Zelena: i like both them and me
18:54:27 : Direct: Zelena: because I don't want to die
18:54:32 : Direct: Zelena: and only a few of the mare cunts
18:58:10 : Group: [AFF General] RoD: pick the weapon ya
19:00:13 : Direct: [APD] SPC. Stan W: FRODE
19:00:17 : Vehicle: [APD]Chief. Martyr: drive for a mo please
19:00:17 : Direct: [APD] SPC. Stan W: GJE M" NOKKA PENG S:TEN
19:01:05 : Group: [APD] Chf Insp. MrDunis: jIOZZLE AND MARTYR THORBEN TAKING SHOTS
19:02:09 : Vehicle: [APD] Chf Insp. MrDunis: hi
19:02:21 : Vehicle: [APD] Chf Insp. MrDunis: Tell them to got to the oil rig next time
19:02:24 : Vehicle: [APD] Chf Insp. MrDunis: they could use teh sALT
19:02:25 : Vehicle: [APD] Chf Insp. MrDunis: HA_HA
19:03:42 : Vehicle: White Bob: bring back to kavala plz
19:04:00 : Vehicle: [Mafia] Luca di Maggio : why you get in the veicjle?
19:04:07 : Vehicle: [APD] Chf Insp. MrDunis: We should have a UAV race man
19:04:24 : Vehicle: [APD] Chf Insp. MrDunis: You knwo those tower hatches.. Do you think one could fit a uab through that_
19:09:53 : Group: [APD]Chief. Martyr: Need backup!
19:10:27 : Group: [AFF Pvt] Foobar: /vote day
19:14:19 : Direct: [AFF Pvt] Foobar: RoD did i hear right about the server restarting soon?
19:14:56 : Group: [APD] Chf Insp. MrDunis: Sending Agent Viper out to check the federal
19:16:11 : Direct: [APK] Gen. Mark: HALLO
