00:00:09 : Direct: Zelena: Leave my body
00:00:17 : Direct: [NHS Chief] Dr. Huberio: Altis police TWAT
00:00:18 : Direct: Zelena: LEAVE
00:00:19 : Direct: [NHS Chief] Dr. Huberio: xD
00:00:29 : Direct: [NHS Chief] Dr. Huberio: they still cant aim for shit huh
00:00:39 : Direct: [NHS Chief] Dr. Huberio: 1for3_
00:00:40 : Direct: HussyPunter:  <3
00:00:52 : Direct: [NHS Chief] Dr. Huberio: i cant enter xD
00:00:57 : Direct: [NHS Chief] Dr. Huberio: Im bugged out i have to relog
00:01:06 : Direct: Agent. 43: L
00:10:46 : Group: Paddy.C: frnak get them to drag us all 
00:11:17 : Group: [APD] Chief. Stalks: another behind the construction building
00:11:21 : Group: [APD] Chief. Stalks: armed
00:13:18 : Group: [APD] Chief. Stalks: they got me pinned down :p
00:21:27 : Direct: [NHS Chief] Dr. Huberio: why do you have explosvive vest?
00:47:29 : Group: [APD] PCSO. James Clarke: /vote day
01:42:47 : Group: [Pvt] ANGeR: sig is someone crossing the border ? 
02:50:58 : Direct: [Pvt] ANGeR: can you not hear me ? 
03:07:23 : Group: [Sgt] VibZ: probs me
03:07:36 : Group: [Sgt] VibZ: no
04:37:56 : Direct: [Lt] Flames: SHIT
04:37:59 : Direct: [Lt] Flames: mb
04:38:15 : Direct: [Lt] Flames: soz brah
04:38:21 : Direct: [Lt] Flames: ya wot
04:41:28 : Direct: [Lt] Flames: nn
10:19:21 : Group: [Pvt] Mythic: ya
12:28:55 : Direct: [Lt] Flames: wut
12:28:57 : Direct: [Lt] Flames: cant hear
12:28:59 : Direct: [Lt] Flames: car alarm
12:29:08 : Direct: [Pvt] Mythic: join ts
12:29:16 : Direct: [Lt] Flames: in dev channel with rob atm
12:35:00 : Group: [Pvt] ANGeR: rod may i ask a question 
12:37:49 : Group: [Pvt] ANGeR: rod i got mk18  for you
12:39:45 : Group: [Pvt] ANGeR: may i come to you  rod to turn in that mk18 i found
12:40:04 : Group: [General] RoD: give me 10 min
12:40:10 : Group: [Pvt] ANGeR: rgr
13:37:29 : Direct: [NHS]Spammking: can i help you
13:38:16 : Direct: [NHS]Spammking: hello nick how are you
13:39:52 : Direct: [NHS]Spammking: i cant he Combat logged OOC
13:40:40 : Direct: [NHS]Spammking: did you just glitch into his inventory to get that gun
13:41:10 : Direct: [APD] Chf Insp. Nolif: Yes, he combat logged i roleplayed the situatoin
13:41:55 : Group: [Pvt] ANGeR: brb  
13:43:12 : Direct: Zelena: Martyr
13:43:13 : Direct: Zelena: u bum
13:43:15 : Direct: Zelena: wot u doing
13:43:38 : Direct: Zelena: oy
13:43:45 : Direct: [APD] Supt. Martyr: hi pal
13:43:51 : Direct: [APD] Supt. Martyr: trying to fix some shops I broke XD
13:43:55 : Direct: Zelena: GG
13:44:01 : Direct: Zelena: Can U fix the fish market
13:44:02 : Direct: Zelena: plz
13:44:07 : Direct: Zelena: cus when I go up to him with fish
13:44:10 : Direct: Zelena: I cant sellum
13:44:20 : Direct: Zelena: it seems a bit fishy to me
13:44:43 : Group: [Pvt] ANGeR: back
13:45:07 : Direct: Zelena: youy goof
13:45:19 : Direct: Zelena: you are such a goof
13:45:29 : Direct: [APD] Supt. Martyr: :p
13:45:41 : Direct: [APD] Supt. Martyr: Come on anyway jack, shouldn't be in police hq!
13:45:47 : Direct: Zelena: well
13:45:49 : Direct: Zelena: I wanted to say
13:45:57 : Direct: Zelena: If I get sum of dem illegal weps
13:46:00 : Direct: Zelena: expecially good ones
13:46:02 : Direct: Zelena: ill bring em to u
13:46:05 : Direct: Zelena: deal wit it
13:46:22 : Direct: [APD] Supt. Martyr: nono sell them :P 
13:47:09 : Direct: [NHS]Spammking: can i help you
13:47:34 : Direct: James.W: Good :D
13:48:16 : Direct: [NHS]Spammking: 1 sec fixing it
13:48:46 : Direct: [NHS]Spammking: and for that he will be banned
14:13:51 : Direct: Zelena: Hello fellow fisherman
14:20:05 : Direct: White Bob: dont look at me you son of a bitch
14:20:14 : Direct: Felix c:: I am sorry mom
14:20:20 : Direct: White Bob: :(
14:26:33 : Direct: Zelena: Stop wasting fuel
14:26:48 : Direct: Zelena: SPAMMKING
14:27:51 : Vehicle: White Bob: ello
14:27:58 : Vehicle: Felix c:: can you get out baby
15:11:26 : Direct: [APD] Supt. Martyr: Hi jack
15:11:31 : Direct: Zelena: Look in the inventory, sir
15:11:39 : Direct: [APD] Supt. Martyr: You haven't been doing turtles have you? :P
15:11:42 : Direct: Zelena: no
15:12:05 : Direct: [APD] Supt. Martyr: Are you wanting to keep one sir?
15:12:08 : Direct: Zelena: No
15:12:36 : Direct: Zelena: OO WAIT
15:12:39 : Direct: Zelena: I almost forgot 
15:13:03 : Direct: Zelena: yay
15:13:06 : Direct: Zelena: fancy sight
15:13:14 : Direct: [APD] Supt. Martyr: haha
15:13:37 : Direct: Zelena: I believe this is an austraillian helicopter
15:13:40 : Direct: Zelena: what did you expect
15:13:44 : Direct: [APD] Supt. Martyr: come sir, I will reward you for handing these in
15:13:47 : Direct: Zelena: Wait
15:13:48 : Direct: Zelena: wait
15:13:53 : Direct: Zelena: i gotta do something irl
15:13:55 : Direct: Zelena: jus a sec
15:14:01 : Direct: [APD] Supt. Martyr: no problem
15:14:38 : Direct: Zelena: Im back
15:14:52 : Direct: [APD] Supt. Martyr: welcome back sir
15:15:23 : Direct: Zelena: jus chillin
15:15:30 : Direct: Zelena: eyy
15:15:32 : Direct: Zelena: thanks ma lad
15:15:45 : Direct: [APD] Supt. Martyr: Please take this as a reward for handing in the illegal firearms.  You're welcome sir
15:15:56 : Direct: Zelena: No problem
15:16:02 : Direct: Zelena: I didn't even get shot at for them either
15:16:12 : Direct: Zelena: thats a first
15:16:20 : Direct: [APD] Supt. Martyr: Not even the AI?
15:16:26 : Direct: Zelena: nope =3
15:16:35 : Direct: Zelena: I just ran upto em with berry
15:16:38 : Direct: Zelena: betty*
15:16:40 : Direct: Zelena: and shotem
15:16:48 : Direct: [APD] Supt. Martyr: haha lmao gj
15:16:49 : Direct: Zelena: I had no body armour on
15:16:54 : Direct: Zelena: I would of died from one shot
15:16:57 : Direct: Zelena: all of them had like
15:17:04 : Direct: Zelena: Lynxes and rpgs and shiit
15:17:12 : Direct: Zelena: I cleared out the wreck for other people too
15:17:15 : Direct: [APD] Supt. Martyr: yeah, they have high skill too
15:17:22 : Direct: Zelena: sadly I didn't get xp from the ai
15:17:26 : Direct: Zelena: so im a bit bummed from that
15:17:33 : Direct: Zelena: but anyway
15:17:45 : Direct: [APD] Supt. Martyr: hmm
15:17:46 : Direct: Zelena: Im going to go fishing now
15:17:51 : Direct: [APD] Supt. Martyr: I am sure they should give exp though
15:17:55 : Direct: Zelena: Nah
15:17:58 : Direct: Zelena: I shot them all
15:18:00 : Direct: Zelena: No xp
15:18:00 : Direct: [APD] Supt. Martyr: ok sir, hope you have a nice catch
15:18:07 : Direct: Zelena: I killed about 20
15:18:09 : Direct: Zelena: not 20
15:18:10 : Direct: Zelena: 10
15:18:23 : Direct: Zelena: Not a single bit of xp
15:18:32 : Direct: Zelena: I had to confirm their deaths by running upto them
15:18:38 : Direct: Zelena: since it didn't pop up saying i got xp
15:18:39 : Direct: [APD] Supt. Martyr: hmm I will ask about it
15:18:48 : Direct: Zelena: Also
15:18:54 : Direct: Zelena: I ran into like 5 at a time
15:18:56 : Direct: Zelena: they did not 
15:18:58 : Direct: Zelena: shoot at all
15:19:18 : Direct: [APD] Supt. Martyr: hmmm
15:19:25 : Direct: [APD] Supt. Martyr: they may have been bugged or something then
15:19:31 : Direct: Zelena: Probs cus barry
15:19:33 : Direct: Zelena: am i rite
15:19:35 : Direct: Zelena: top kek
15:19:48 : Direct: [APD] Supt. Martyr: haha that might be the cause
15:19:51 : Direct: Zelena: Ye
15:19:54 : Direct: Zelena: like the airdrop problem
15:19:58 : Direct: Zelena: *cough*
15:20:02 : Direct: Zelena: if he leaves during a airdrop
15:20:09 : Direct: Zelena: it just bugs and circles the drop zone
15:20:36 : Direct: [APD] Supt. Martyr: o.o
15:20:38 : Direct: Zelena: Yeh
15:20:45 : Direct: Zelena: It was like watching a armless man
15:20:47 : Direct: Zelena: climb a ladder
15:20:56 : Direct: Zelena: indefinate failure
15:21:25 : Direct: [APD] Supt. Martyr: hmm I will speak with Rob and get it tested ty
15:21:33 : Direct: Zelena: No probs
15:21:38 : Direct: Zelena: Later
15:21:45 : Direct: [APD] Supt. Martyr: hf pal
15:21:49 : Direct: Zelena: wait
15:21:56 : Direct: Zelena: can i have a beret plz
15:22:21 : Direct: [APD] Supt. Martyr: hmm
15:22:25 : Direct: [APD] Supt. Martyr: I forgot
15:22:29 : Direct: [APD] Supt. Martyr: I broke the clothing shop XD
15:22:34 : Direct: [APD] Supt. Martyr: we can't buy any clothes
15:22:37 : Direct: Zelena: OOOOOOOOOOOOOOOOMG MARTYR
15:22:38 : Direct: Zelena: OOOOOOOOOOOOOOOO
15:22:43 : Direct: [APD] Supt. Martyr: I will owe you one :P
15:22:46 : Direct: Zelena: Topkek
15:22:57 : Direct: Zelena: is he a midget or just fuzed into the floor
15:23:07 : Direct: [APD] Supt. Martyr: fuzed
15:23:21 : Direct: [APD] Supt. Martyr: they wanted a pay rise so instead we cememted them into the floor
15:23:27 : Direct: Zelena: XD
15:23:28 : Direct: [APD] Supt. Martyr: and just feed them as pay now
15:23:38 : Direct: Zelena: One question
15:23:41 : Direct: Zelena: how does he sleep XD
15:23:52 : Direct: [APD] Supt. Martyr: standing
15:23:54 : Direct: Zelena: brb
15:23:58 : Direct: [APD] Supt. Martyr: he has learned a lot of discipline
15:23:59 : Direct: Zelena: phone
15:24:14 : Direct: [APD] Supt. Martyr: Oki, I need to go check drugs fields anyway pal, thank you for handing the weapons in!
15:26:29 : Group: [Pvt] Connor.M: mike ts plz
15:28:19 : Group: [General] RoD: /vote day
15:34:17 : Direct: White Bob: COMS ARE GONE
15:38:38 : Direct: Agent. 43: better
15:41:26 : Direct: Zelena: hi
15:45:32 : Direct: Zelena: hello..
15:45:36 : Direct: Agent. 43: hi
15:45:48 : Direct: Zelena: pretty 
15:45:49 : Direct: Zelena: k
15:45:53 : Direct: Zelena: I just need some money
15:45:58 : Direct: Zelena: seems like you got enough for that heli :C
15:46:15 : Direct: Zelena: whaaaaaaaaaaaaaat
15:46:18 : Direct: Zelena: Whaaaaaaaaaaaaaaaaaaaaaaaat
15:46:21 : Direct: Zelena: thats shit
15:46:24 : Direct: Zelena: thats so unfair
15:46:34 : Direct: Zelena: thats analwaffle
15:47:41 : Direct: Zelena: I understand this is wierd to ask
15:47:48 : Direct: Zelena: but can I have a look at the cockpit in that thing?
15:47:58 : Direct: Zelena: I won't steal it or owt
15:48:05 : Direct: Zelena: Im just interested in buying one
15:48:11 : Direct: Agent. 43: yeah why not
15:48:18 : Direct: Zelena: how long is it omg
15:48:26 : Direct: Zelena: oomg 
15:48:28 : Direct: Zelena: im buying it
15:48:38 : Direct: Zelena: no excuses
15:48:39 : Direct: Zelena: im buying it
15:49:20 : Direct: Zelena: I like driving alot 
15:49:33 : Direct: Zelena: that heli is so cool though
15:50:00 : Direct: Zelena: you can get custom skins?
15:50:15 : Direct: Agent. 43: sort of TANGO in AFF does them
15:50:26 : Direct: Zelena: I want a rainbow helimachopter
15:50:27 : Direct: Zelena: banta
15:50:58 : Direct: Zelena: Wouldn't it be wierd
15:51:01 : Direct: Zelena: to just see a taru
15:51:03 : Direct: Zelena: flying around
15:51:08 : Direct: Zelena: with a rainbow skin on
15:51:27 : Direct: Agent. 43: theirs only a few in like you can't make your own skins........... 
15:51:44 : Direct: Zelena: fps just died then
15:51:45 : Direct: Zelena: wtf
15:52:24 : Direct: Zelena: probs
15:52:37 : Direct: Zelena: can you pick vehicles up with that
15:52:44 : Direct: Zelena: or is that only a chinook thing
15:53:34 : Direct: Zelena: you can pick up hemtts with a chinook but I cant be assed to buy one
15:54:29 : Direct: Zelena: its sad you don't get xp from doing this anymore
15:54:46 : Direct: Agent. 43: think its going to be added back
15:54:53 : Direct: Zelena: I hope it is
15:55:05 : Direct: Zelena: And I hope martyr fixes the clothing shops
15:55:16 : Direct: Zelena: so i can have a baret
15:55:18 : Direct: Zelena: cus
15:55:21 : Direct: Zelena: he owes me one
15:55:26 : Direct: Agent. 43: since when were they broke
15:55:34 : Direct: Zelena: ooo
15:55:37 : Direct: Zelena: mission?
15:55:42 : Direct: Zelena: cmon barry
15:55:48 : Direct: Zelena: EYY
15:56:16 : Direct: Zelena: Yes I believe it is a medic
15:56:37 : Direct: Zelena: No need to worry
15:56:42 : Direct: Zelena: we are only picking daffodils
15:56:53 : Direct: Agent. 43: hello medic
15:57:18 : Direct: Zelena: Please don't call the police on us
15:57:21 : Direct: Zelena: collecting daffodils
15:58:01 : Direct: Zelena: Oooo another barry mission
15:58:26 : Direct: Zelena: we need to get these drugs quick
15:58:31 : Direct: Zelena: before the police come
15:58:35 : Direct: Zelena: he probs toldem
15:58:42 : Direct: Agent. 43: no police on :P
15:58:46 : Direct: Zelena: OMG WAIT
15:58:50 : Direct: Zelena: NO WAIT
15:58:56 : Direct: Zelena: SOAP IS ON
15:59:42 : Direct: Zelena: Does that have like
15:59:47 : Direct: Zelena: 1k trunk space?
15:59:56 : Direct: Agent. 43: 600
16:00:01 : Direct: Zelena: I got 800
16:00:11 : Direct: Agent. 43: tempest device gives 1400
16:00:14 : Direct: Zelena: Ikr 
16:00:17 : Direct: Zelena: but its 3mill
16:00:19 : Direct: Zelena: no wait
16:00:23 : Direct: Agent. 43: 6 mill
16:00:23 : Direct: Zelena: is it 3 or 6 mill
16:00:29 : Direct: Zelena: eyy i thought so
16:00:45 : Direct: Zelena: Whate is the device though
16:01:32 : Direct: Zelena: I want a chinook, they are so big
16:01:34 : Direct: Zelena: but illegal
16:01:40 : Direct: Agent. 43: so is this
16:01:47 : Direct: Zelena: I know
16:01:52 : Direct: Zelena: is it faster than the chinook though
16:01:53 : Direct: White Bob: *COMS ARE BACK*
16:02:35 : Direct: Agent. 43: no i just prefer it easier not to crash :p
16:02:59 : Direct: Zelena: I think that looks alot nicer than the chinook
16:03:45 : Direct: Zelena: going to gun parts probably
16:04:19 : Direct: Zelena: what the fuck is he doing XD
16:05:32 : Direct: Zelena: He could've gone around
16:05:37 : Direct: Zelena: would've been alot faster
16:05:49 : Direct: Zelena: one more load
16:25:38 : Group: [APD] Supt. MrDunis: Dw i got it Marty <3
16:26:26 : Direct: Snape: tried to warn you..
16:27:34 : Direct: Snape: ty ty
16:30:09 : Direct: Snape: rekt
16:31:20 : Direct: [APD] Supt. Martyr: Careful guys
16:34:53 : Direct: Snape: LIFT?`
16:38:06 : Direct: Snape: REWARD ME 5K thats the monies i need to pay my bills :)
16:38:17 : Direct: Snape: Chief :)
16:39:44 : Direct: Snape: impersenationg a officer aye?`Thats a ticket
16:48:19 : Direct: Snape: oh my god
16:48:24 : Direct: Snape: I looked at my phone for one second
16:48:26 : Direct: Snape: ONE SECOPND
16:48:30 : Direct: Snape: I am so sorry!
16:50:40 : Direct: Dump: hE SMACKED ME IN HERE
16:53:36 : Direct: Dump: hELP
16:56:54 : Direct: [APD] Chf Insp. Nolif: shift v
16:57:44 : Direct: Dump: Help
16:58:00 : Group: [APD] Supt. MrDunis: uh
16:58:02 : Group: [APD] Supt. MrDunis: Anyone here?
16:58:07 : Group: [APD] Insp.Gadget: YES
16:58:14 : Group: [APD] Supt. MrDunis: My shop is completly empy
16:58:16 : Group: [APD] Supt. MrDunis: empty*
16:58:56 : Direct: [APD] Chief. Stalks: what?
16:59:06 : Direct: [APD] Chief. Stalks: for me also
16:59:15 : Direct: [APD] Chief. Stalks: should be fixed after this restart#
17:16:17 : Group: [NHS Chief] Dr. Huberio: Ye only medicial Humming 100k and Orca 50k
17:16:32 : Group: [NHS Chief] Dr. Huberio: normal cars np
17:16:35 : Group: [NHS Chief] Dr. Huberio: for medics anyway
17:16:58 : Group: [Cpt] Tango: ROBBBBBBBBBBBB
17:37:25 : Direct: Monkee: no sir
17:37:32 : Direct: Monkee: sorry my mic is broken
17:37:44 : Direct: Monkee: because i have a truck full of drugs?
17:38:08 : Direct: Monkee: sure, but can i offer mitigating circumstances?
17:39:00 : Direct: Monkee: its the truth. i have this 5 legged hamster, its an abomination and it needs imediate vetenary attention. the drugs were to pay for its medical expens
17:39:04 : Direct: Monkee: expenses
17:39:41 : Direct: Monkee: yes i do understand but i thought this would make me thew most. of course sir i apologise
17:39:58 : Direct: Monkee: i will pay straight away
17:40:05 : Direct: Monkee: yes sir
17:40:26 : Direct: Monkee: no thanks you its a fine day i'll walk
17:40:33 : Direct: Monkee: yes sir
17:43:24 : Direct: Ben Kenobi: Booker Dewuitt
17:43:37 : Direct: Ben Kenobi: Booker Dewitt
17:45:18 : Direct: [HATO] Mark: Lift?
17:47:48 : Direct: [HATO] Mark: lift?
17:47:50 : Direct: [APD] PCSO. Thorgard: Oi mate
17:47:54 : Direct: [APD] PCSO. Thorgard: Sure man
17:48:06 : Direct: [APD] PCSO. Thorgard: It seem i cant get in
17:48:35 : Direct: [APD] Insp.Gadget: cant hear you what?
17:48:42 : Direct: [HATO] Mark: can u hear me?
17:48:46 : Direct: Ben Kenobi: Tell hamiliton what i told you mate
17:48:51 : Direct: [APD] Insp.Gadget: ok bbygurl
17:48:52 : Direct: Ben Kenobi:  <3
17:49:13 : Direct: [APD] PCSO. Thorgard: No i can't hear ya
17:51:53 : Direct: [HATO] Mark: Can u hear me?
17:52:04 : Direct: [APD] PCSO. Thorgard: Nah
17:52:07 : Direct: [HATO] Mark: RIP
17:52:21 : Direct: [HATO] Mark: Ah i know why
17:52:23 : Direct: [HATO] Mark: brb
17:56:05 : Direct: [APD] PCSO. Thorgard: Sorry about that
18:02:50 : Direct: [NHS Chief] Dr. Huberio: they left
18:02:54 : Direct: [NHS Chief] Dr. Huberio: going to next station in sportscar
18:08:07 : Group: [Cpt] Tango: DRU MATE
18:08:10 : Direct: [Pvt] Connor.M: thanks bro :P
18:08:11 : Group: [Cpt] Tango: HAMILTON IS COMING FOR YOU
18:12:06 : Direct: [NHS Chief] Dr. Huberio: REMEMBER THEM SEATBELTS..
18:22:31 : Group: [APD] Supt. MrDunis: Hami whats happening?
18:22:36 : Group: [APD] Chief. Hamilton: nothing
18:22:42 : Group: [APD] Supt. MrDunis: okaay
18:26:32 : Direct: [HATO]HussyPunter: :(
18:26:59 : Direct: Zelena: What just happened?
18:27:18 : Direct: Zelena: What happened?
18:29:05 : Direct: [NHS Chief] Dr. Huberio: two combatloggers.
18:29:31 : Direct: Zelena: shit
18:30:03 : Group: [Pvt] Lilcan: Everyone vote day pls
18:30:05 : Direct: Zelena: wher u wanna go
18:30:06 : Group: [Pvt] Lilcan: pls
18:35:14 : Group: [APD] Chief. Hamilton: Spammking and Morrisino. Go to weed hideout ASAP
18:35:51 : Group: [APD] PC. Spammking: on our way to weed gang kidout
18:36:00 : Group: [APD] Chief. Hamilton: yu
18:36:02 : Group: [APD] Chief. Hamilton: ty
18:36:28 : Group: [APD] PC. Spammking: np we are 1.8KM out what are we expecting AFF?
18:37:02 : Group: [APD] PC. Joe Pesci: we done with the guy at the CP do you want us to head over aswell ??
18:38:55 : Group: [APD] PC. Spammking: hamilton are we waiting for somebody to come here from weed field?
18:40:12 : Group: [APD] Chief. Hamilton: FED
18:40:22 : Group: [APD] SPC. Morrisino: FED
18:45:36 : Direct: Monkee: DUDE BRING IT BACK!
18:48:35 : Group: Sgt.Brian S.: SA CHEAT SPACE 
18:49:15 : Group: Sgt.Brian S.: j 'ai réussi a tuer un flic et apres j  'était cacher et boupm 
18:49:31 : Group: sycka ruskove: ok
18:54:43 : Direct: [NHS Chief] Dr. Huberio: Need a lift_
18:54:52 : Direct: [NHS Chief] Dr. Huberio: need a lift?
18:55:28 : Vehicle: [NHS Chief] Dr. Huberio: sure
18:59:20 : Direct: Monkee: video uploading now dude. expect some shit to come your way 
19:00:04 : Group: [APD] SPC. Morrisino: anyone responding to these gas stations??
19:00:15 : Group: [APD] Insp. Pancakes: Me
19:01:35 : Group: [APD] SPC. Morrisino: randall and ham that hideout needs neautrilisng 
19:05:04 : Group: [APD] Insp. Pancakes: Stolen police sports hatchback heading towards Agios!
19:05:29 : Direct: [NHS Chief] Dr. Huberio: officers
19:05:34 : Direct: [NHS Chief] Dr. Huberio: down the dirtroad infront
19:05:40 : Direct: [NHS Chief] Dr. Huberio: guy with lynx behind metal shead
19:09:16 : Direct: sycka ruskove: nice
19:09:19 : Direct: sycka ruskove: report
19:10:40 : Direct: [NHS Chief] Dr. Huberio: yea 
19:10:56 : Direct: (BIH) DerRivE: it ist working to join
19:10:57 : Direct: [HATO]HussyPunter: 216.127.64.88:5748
19:11:00 : Direct: [NHS Chief] Dr. Huberio: goto taru
19:11:07 : Direct: [NHS Chief] Dr. Huberio: i cant get the heal option on you
19:11:15 : Direct: [NHS Chief] Dr. Huberio: you can selfheal at tauru
19:11:26 : Direct: (BIH) DerRivE: ist working
19:11:47 : Direct: [HATO]HussyPunter: Go on the forums
19:11:51 : Direct: [HATO]HussyPunter: you can fine one on there 
19:11:56 : Direct: [HATO]HussyPunter: i will post it here as well though
19:12:13 : Direct: (BIH) Erran: dsnt work man tell them to come here
19:16:33 : Direct: (BIH) DerRivE: ok sorry dont think you are a admin or a cop
19:16:42 : Direct: [NHS Chief] Dr. Huberio: those two combat logged
19:17:45 : Group: (BIH) DerRivE: skype
19:19:38 : Group: [APD] Insp. Pancakes: Everyone remove your placables! 
19:21:18 : Group: [APD] Sgt. Randall: UNDER CONTROL
19:23:15 : Group: [APD] Insp. Pancakes: Konan you NEED to put PC in your name, so it will be [APD] PC. Konan!
19:24:41 : Direct: [NHS Chief] Dr. Huberio: why are you naked? xD
19:27:51 : Direct: [NHS Chief] Dr. Huberio: glitched outfit
19:27:53 : Direct: [NHS Chief] Dr. Huberio: wont taze
19:30:50 : Vehicle: Hassan: wtf?
19:36:52 : Group: [APD] SPC. Spammking: if you see a cream hatchback pull it over that is the vehicle leaving the crime of a robbery
19:36:59 : Group: [APD] SPC. Spammking: near kavala
19:38:02 : Group: [Cpt] Tango: Who needs inviting???
19:38:04 : Group: [Cpt] Tango: to gang
19:38:14 : Group: [Pvt] Lilcan: pom
19:39:10 : Direct: White Bob: ayyy
19:39:16 : Direct: White Bob: whats up
19:40:46 : Group: [APD] SPC. Spammking: ifit outside of kav
19:45:43 : Group: [Pvt] Lilcan: Under Heavy Fire At Border.
19:53:30 : Direct: [Cpt] Tango: hang on
19:57:06 : Direct: [NHS Chief] Dr. Huberio: fleeee
19:58:13 : Vehicle: Felix.: thanks bro
19:58:58 : Group: [APD] Insp. Pancakes: Morrisino you should have crushed it :P
20:01:12 : Vehicle: [APD] PC. Soap: Whats happening here?
20:07:55 : Vehicle: [NHS Chief] Dr. Huberio: m
20:09:22 : Direct: Monkee: you need a toolkit?
20:10:25 : Group: [APD] Chief. Hamilton: Soap and Joe can you guys go do some normal patrols please / check weed field.
20:10:41 : Group: [APD] Chief. Hamilton: relog bud
20:11:00 : Group: [APD] PC. Soap: We could if Morrisino didn't take our car
20:11:31 : Group: [APD] Chief. Stalks: on way to weed field now
20:12:17 : Group: [APD] Chief. Stalks: tempest at weed field
20:13:48 : Direct: Alejandro Emilio Gaviria: can we get a lift
20:13:58 : Direct: Alejandro Emilio Gaviria: rudfe
20:14:00 : Direct: Felix.: thanks
20:14:00 : Direct: Alejandro Emilio Gaviria: rude
20:15:22 : Group: [APD] Chief. Stalks: tempest just leaving field now
20:18:43 : Vehicle: Chuck Mawhinney: 187 IN THE CHAT
20:23:35 : Direct: Chuck Mawhinney: rez? XD
20:24:13 : Direct: [NHS Chief] Dr. Huberio: Te
20:24:14 : Direct: [NHS Chief] Dr. Huberio: Ye
20:24:19 : Direct: [NHS Chief] Dr. Huberio: But im so fucking busy atm
20:24:22 : Direct: [NHS Chief] Dr. Huberio: havnt had time to eat..
20:24:29 : Direct: Felix.: SRY <3 
20:24:29 : Direct: [NHS Chief] Dr. Huberio: knock me down
20:24:31 : Direct: [NHS Chief] Dr. Huberio: im stuck
20:24:37 : Direct: [NHS Chief] Dr. Huberio: No
20:24:38 : Direct: [NHS Chief] Dr. Huberio: NO
20:24:44 : Direct: [NHS Chief] Dr. Huberio: Just knock me down
20:24:51 : Direct: [NHS Chief] Dr. Huberio: ty
20:30:07 : Direct: [APD] Chief. Hamilton: d..
20:35:48 : Group: [APD] SPC. Morrisino: THEY WERE BROKEN HOW SO??
20:35:56 : Direct: [Sgt] Willem: mint
20:36:06 : Group: [APD] Chief. Stalks: The search would show nothing
20:36:13 : Group: [APD] SPC. Morrisino: ahh okay
20:36:49 : Direct: [Sgt] Willem: Thanks mate
20:37:43 : Group: Mei Mong: shh
20:37:48 : Group: Mei Mong: sush
20:38:33 : Vehicle: White Bob: wil this guy fuck off
20:38:43 : Vehicle: Black Bob: Your fault doe
20:38:48 : Vehicle: White Bob: how?
20:38:57 : Vehicle: Black Bob: You gave him the pass
20:39:04 : Vehicle: White Bob: i didnt people guess it
20:39:10 : Vehicle: Black Bob: lol
20:39:12 : Vehicle: White Bob: tell him to fuck off
20:40:20 : Direct: Chuck Mawhinney: Chuck Mawhinney
20:42:01 : Group: Alejandro Emilio Gaviria: After Fuck Fictures
20:42:31 : Group: Alejandro Emilio Gaviria: DUNIS
20:43:55 : Group: Alejandro Emilio Gaviria: what are yo udoing
21:25:56 : Group: [APD] Chief. Hamilton: THORBEN STOP PATROLLING IN HUNTERS!!!
21:27:00 : Group: [APD] Sgt.Potato: thorben was reponding to fed then gas station and then returning to hq but another station got robbed
21:27:26 : Group: [APD] Chief. Hamilton: randall/thorben store your hunters and get SUVs
21:47:14 : Direct: [Cpt] Antony-J: Get in
21:50:28 : Group: [APD] Chief. Hamilton: why you i na hunter thorben?
21:53:29 : Group: [APD] Chief. Hamilton: thorben
21:55:15 : Group: [APD] Sgt.Potato: THORBEN UR IN SIDE
22:00:29 : Group: [APD] Chief. Hamilton: potato what did he do for 165k ticket :L
22:08:33 : Direct: [HATO]HussyPunter: suck my dick
22:08:37 : Direct: [HATO]HussyPunter: you are naked
22:08:40 : Direct: [HATO]HussyPunter: poor RP
22:08:56 : Direct: [HATO]HussyPunter: you owe me comp
22:09:34 : Group: [APD] Chief. Stalks: stolen police car heading out of kavala
22:09:40 : Group: [APD] Chief. Stalks: going back into kavala
22:10:40 : Direct: [HATO]HussyPunter: better let us go
22:12:50 : Direct: [HAT0]HussyPunter: i just brougth back a car back and im restrained
22:14:42 : Group: [APD] Chief. Stalks: hamilton randall, wtf are you guys doing
22:14:48 : Group: [APD] Chief. Hamilton: WE ARE SCREWED
22:14:57 : Group: [APD] Chief. Stalks: your own fauth you tit!
22:15:02 : Group: [APD] Sgt. Randall: roleplatying!!!
22:16:12 : Group: [APD] Chief. Stalks: Guys remember do NOT impound your own cars
22:18:08 : Direct: [APD] PCSO. J. Gordon: /voteday
22:18:12 : Group: [Pvt] ANGeR: /,,,
22:21:08 : Direct: [APD] Sgt. Randall: anybody there?
22:24:12 : Direct: [APD] Sgt. Randall: if you dont do anything in 1 minute im logging
22:48:30 : Group: [B.K.G] Hassan: ok
22:48:38 : Group: [B.K.G] Hassan: mutat mick
22:49:05 : Direct: [Lt] Flames: you boys getting killed abit eh?
22:49:13 : Direct: [Sgt] Ahmed: yea
22:49:21 : Direct: [Lt] Flames: rob being a meanie poo?
22:49:33 : Direct: [Sgt] Ahmed: yea i think i shot myself aswell
22:49:38 : Direct: [Lt] Flames: lol
22:49:38 : Direct: [Sgt] Ahmed: shit*
22:49:49 : Group: [B.K.G] Hassan: kör
22:50:05 : Group: [B.K.G] Hassan: 20
22:50:15 : Group: [B.K.G] Hassan: 30
22:50:20 : Group: [Pvt] Lilcan: omfg xD
22:50:25 : Group: [B.K.G] Hassan: 40
22:50:34 : Group: [B.K.G] Hassan: 50
22:54:00 : Direct: Snape: i just wanna pass
22:54:08 : Direct: Snape: nah i need to get to work
22:55:25 : Direct: Zelena: Wtf is this
22:59:47 : Group: [NHS] Dr.Rupak: ya
23:20:04 : Group: Creep: 7
23:21:28 : Direct: [HAT0]HussyPunter: we cant get in
23:21:31 : Direct: [HATO]Paddy.D: we can't get in
23:21:35 : Direct: [Pvt] Lilcan: why
23:29:58 : Direct: [HAT0]HussyPunter: GET IN
23:32:00 : Direct: Zelena: Wtf
23:32:33 : Direct: [HAT0]HussyPunter: stop mayn
23:33:03 : Direct: Zelena: Sir?
23:33:20 : Direct: Zelena: Yer just sleeping, aint ye.
23:35:28 : Direct: Zelena: sean
23:35:31 : Direct: Zelena: yer but tasted like lemons
23:50:06 : Direct: [Lt] Flames: Wazzup!
23:50:14 : Direct: [HATO]HussyPunter: sup' lads
23:50:22 : Direct: [Lt] Flames: You missed the party
23:52:04 : Direct: [HAT0]HussyPunter: YOU WILL NOT KILL TODAY
23:52:59 : Direct: [Sgt] Willem: cheeky 
23:54:49 : Direct: [HATO]HussyPunter: who requested a tow?
23:58:15 : Direct: Zelena: HELP MEDIC
23:58:17 : Direct: Zelena: MEEM
