00:11:42 : Group: [APD] Chief. Stalks: sorry dunis, a little busy at the mo!
00:11:56 : Direct: Colonel Sanders: ant 
00:12:24 : Direct: Colonel Sanders: that heli over there is mine - but I got killed in it. Am I allowed to lockpick and repair ?
00:29:11 : Group: [APD] Chief. Hamilton: Good job Eden & Bob.
00:29:17 : Group: [APD] Chief. Hamilton: And good job Dunis
00:35:36 : Group: [APD] Chief. Stalks: ALL TO FED
00:37:29 : Direct: Major Mint: save me boys
00:38:13 : Direct: [NHS] Dr. Letterman: its what i do
00:38:58 : Direct: [NHS] Dr. Letterman: WINDOWSKEY +T
00:50:25 : Direct: [NHS] Dr. Letterman: windowskey T to pickup
00:55:58 : Vehicle: Janson The Skrub: scrool
00:56:41 : Group: Janson The Skrub: Brb
00:56:45 : Group: Janson The Skrub: Swapping headset
00:59:36 : Group: Major Mint: run for the hills kag
01:25:24 : Group: Colonel Sanders: dead cunt
02:16:04 : Direct: Alex Krimes: Anyone got some money i can get?XD
02:16:14 : Direct: Alex Krimes: im like the porest guy atm xD
02:16:28 : Direct: VibZ: stfu u begger
02:16:32 : Direct: Alex Krimes: i cri
02:16:50 : Direct: VibZ: shouldnt be a rebel if your so poor
02:45:14 : Direct: Chicken Lips: U LEFT IT UNLOCKED
02:45:29 : Direct: Chicken Lips: U CAN TAKE STUFF THATS UNLOCKED
02:45:32 : Direct: Chicken Lips: READ THE RULES
02:45:52 : Direct: Chicken Lips: U CAN]
02:47:55 : Direct: Chicken Lips: well if u stay in safe zone 24/7 nothing any1 can do
02:50:29 : Direct: Antony-J: Anyone want to buy a lynx? or Navid?
02:52:44 : Direct: Jelly Baby: flash bang!
02:53:11 : Direct: Jelly Baby: cant hear anything :l
02:53:42 : Direct: Colonel Sanders: I want to report shooting in a safe zone
02:53:52 : Direct: VibZ: OK REPORT IT TO ME
02:54:09 : Direct: Colonel Sanders: done
03:07:39 : Group: VibZ: ant?
03:07:44 : Group: VibZ: imma kill stalks
03:07:49 : Group: VibZ: for 8750k
03:08:00 : Group: VibZ: 850k? should i
11:09:22 : Direct: Rob: :D
11:09:30 : Direct: Jackie Chan: I've replaced it 6 times
11:09:32 : Direct: Jackie Chan: no luck
11:09:41 : Direct: Rob: in different locations?
11:09:43 : Direct: Jackie Chan: yeh
11:10:39 : Direct: Jackie Chan: everywhere
11:10:42 : Direct: Rob: definitly a bug then
11:10:44 : Direct: Jackie Chan: yeh
11:10:54 : Direct: Jackie Chan: u want me to put it on forums?
11:11:01 : Direct: Jackie Chan: or will you rember
11:12:43 : Direct: Jackie Chan: afk
12:22:47 : Direct: [APD] PCSO. Bob: your going to jail boy
12:22:52 : Direct: [APD] PCSO. Bob: oh no
12:23:00 : Direct: [APD] PCSO. Bob: he is out of his restraints
12:23:11 : Direct: [APD] PCSO. Bob: he took my weapon
12:23:36 : Direct: [APD] PCSO. Bob: no
14:31:53 : Direct: Toast: why park there?
15:36:24 : Group: Sean Wolfington: oscar look at pygros gq
15:36:27 : Group: Sean Wolfington: hq
15:38:51 : Group: Sean Wolfington: OSCAR GET TOOLKITS
15:39:09 : Group: Sean Wolfington: ill drive this
15:39:16 : Group: Sean Wolfington: ye
15:41:16 : Group: Sean Wolfington: .
15:41:28 : Group: Sean Wolfington: oscar i carry toolkits ?
15:43:43 : Group: Sean Wolfington: i am on the right roads xd
15:47:19 : Direct: White Bob: ay
15:47:24 : Direct: White Bob: ay
15:47:33 : Direct: White Bob: da fuck are you doing parked in the road
15:47:47 : Direct: White Bob: move out of the way
15:47:58 : Direct: White Bob: i do but unhand me you brute
15:48:01 : Group: Sean Wolfington: xd
15:48:03 : Group: Sean Wolfington: yes
15:48:22 : Direct: White Bob: un restrain me you brute
15:48:31 : Direct: White Bob: i did not ram a car
15:48:33 : Group: Sean Wolfington: ma gawd it beutiful
15:48:41 : Direct: White Bob: you where parked in the road
15:48:44 : Group: Sean Wolfington: keys ?
15:49:25 : Direct: White Bob: I DOD NOT RAMY OUR CAR
15:49:29 : Direct: White Bob: *RAM
15:49:43 : Direct: White Bob: you where parked in the road
15:49:56 : Direct: White Bob: i will not pay 10 i will pay 5
15:50:04 : Direct: White Bob: 5k now brute
15:50:05 : Group: Sean Wolfington: cobra fuxy |?
15:50:13 : Group: Sean Wolfington: zac ryan 
15:50:28 : Group: Sean Wolfington: ye it does
15:50:37 : Group: Sean Wolfington: ye
15:50:56 : Group: Sean Wolfington: go 6
15:52:00 : Group: Sean Wolfington: jay your looking at me and oscar
15:52:09 : Group: Sean Wolfington: who ye think found some of these things
15:52:13 : Group: Sean Wolfington: i found this one first tiem
15:53:37 : Group: Sean Wolfington: fak u my money
15:54:22 : Group: Sean Wolfington: 900k XD
15:54:39 : Group: Sean Wolfington: split 1/3
15:55:06 : Group: Sean Wolfington: got 11 in mine ;3
15:55:29 : Group: Sean Wolfington: danks memes
15:55:59 : Group: Sean Wolfington: gonna look
15:56:37 : Group: Sean Wolfington: oka
16:00:00 : Group: Sean Wolfington: 10
16:00:05 : Group: Sean Wolfington: plus tmt
16:02:07 : Group: Sean Wolfington: ye
16:02:16 : Group: Sean Wolfington: we can rob gear
16:04:09 : Group: Sean Wolfington: that desync tho
16:04:26 : Group: Sean Wolfington: ;3
16:08:51 : Group: Sean Wolfington: jay
16:08:54 : Group: Sean Wolfington: halp uscar
16:08:59 : Group: Sean Wolfington: process
16:09:33 : Group: Sean Wolfington: HELO ?
16:09:37 : Group: Sean Wolfington: HURON
16:09:54 : Group: Sean Wolfington: HE DID
16:12:12 : Group: Sean Wolfington: uscar
16:15:48 : Group: Sean Wolfington: mohawks
16:17:32 : Direct: =EG= Marleeeeeee: /voteday 
16:18:23 : Group: Sean Wolfington: cause they are tanks m8
16:18:30 : Group: Sean Wolfington: ;3
16:18:38 : Group: Sean Wolfington: everyone knows i am the best driver
16:18:39 : Group: Sean Wolfington: ;3
16:19:44 : Group: Sean Wolfington: cause i more than likly am gonna use em
16:20:13 : Group: Sean Wolfington: i down
16:20:19 : Group: Sean Wolfington: nah
16:22:36 : Group: Sean Wolfington: yes
16:24:04 : Direct: Tango: hello friend
16:42:13 : Direct: HEFFALOMPEN: shit sorry
16:44:54 : Direct: Flames: good morning to you too
16:51:56 : Direct: Flames: wanker
17:15:13 : Group: [APD] PCSO. Eden: RIP
17:15:55 : Direct: White Bob: wazzap
17:16:10 : Direct: White Bob: is he ok?
17:16:25 : Direct: McNUGGETS: I think so
17:17:04 : Direct: VibZ: can not hear type
17:19:28 : Direct: White Bob: DO NOT CURSE
17:21:43 : Direct: White Bob: wtf are youdoin
17:21:56 : Direct: White Bob: you are just fuking tazing people
17:22:10 : Direct: White Bob: your a cop if you dont wanna fucking rp dont play as a cop
17:22:26 : Direct: White Bob: fucking idiot
17:23:15 : Direct: White Bob: will someone watch these fucking pcsos
17:24:43 : Direct: White Bob: OFFICER
17:24:48 : Direct: White Bob: officer
17:24:52 : Direct: White Bob: eden
17:24:56 : Direct: White Bob: alex
17:25:03 : Direct: VibZ: Um?
17:25:04 : Direct: White Bob: cris
17:25:04 : Direct: [APD] PCSO. Alex: YES ?
17:25:12 : Direct: White Bob: could you do me a favour
17:25:24 : Direct: [APD] PCSO. Alex: maybe !
17:27:12 : Direct: [APD] PCSO. Alex: sorry m8 i dont gonna do that i dont know if he is your friend or not !!
17:27:18 : Direct: White Bob: alex
17:27:22 : Direct: White Bob: we are best freinds
17:27:31 : Direct: White Bob: the best of freinds
17:27:37 : Direct: White Bob: are clubs are allys
17:27:49 : Direct: White Bob: no i dont
17:30:37 : Direct: VibZ: ello copper
17:31:32 : Group: [APD] PCSO. Eden: got rdm
17:32:37 : Direct: White Bob: wassap
17:34:40 : Group: [APD] Chief. Hamilton: if you are RDM'ed record it
17:38:36 : Group: [APD] PCSO. Eden: like srly
17:42:40 : Direct: VibZ: wanna not? taze while driving
17:45:34 : Direct: VibZ: EDEN MY GUN BACK?
17:45:43 : Group: [APD] Supt. MrDunis: Alex leave him
17:45:47 : Group: [APD] Supt. MrDunis: Let him troll
17:45:48 : Group: [APD] Supt. MrDunis: Dont feed hjim
17:46:28 : Direct: VibZ: mx fully loaded
17:46:38 : Direct: VibZ: mxm*
17:46:53 : Direct: VibZ: mags too
17:46:59 : Direct: VibZ: mags#
17:47:01 : Direct: Tango: stopw
17:47:07 : Direct: Tango: stop
17:47:38 : Direct: VibZ: ALEX I NEED MY MAGS BACK
17:53:41 : Direct: Flames: Hello officer
17:54:05 : Direct: Flames: Very nice
17:54:15 : Direct: Flames: nice
17:55:06 : Direct: Flames: i need a lawyer
17:57:38 : Direct: Flames: OUCHIE
18:01:13 : Group: [APD] Supt. MrDunis: Hamilton and stalks
18:08:35 : Direct: Jackie Chan: HI
18:08:39 : Direct: Tinder: hi
18:19:11 : Direct: HEFFALOMPEN: me cri
18:21:31 : Vehicle: Jackie Chan: get out
18:32:28 : Group: [APD] PC. Morrisino: 11 counts of manslaughter on jackie chan............
18:40:06 : Direct: Flames: what a lovely firee
18:48:34 : Group: Flames: they gonna get a ghosthawk either way
18:51:05 : Group: [APD] Supt. MrDunis: yay
18:51:11 : Group: [APD] Supt. MrDunis: We playhed painball with tazers thje otehr day
18:53:42 : Vehicle: [APD] PC. Morrisino: switch channel
18:53:47 : Group: VibZ: whos flames?#
18:59:04 : Group: [APD] Supt. MrDunis: AFF just landed at fed
18:59:17 : Group: [APD] PC. Morrisino: okay
19:02:03 : Direct: El PooP: people need to stop shooting in safezones
19:02:12 : Direct: Jackie Chan: I aggree.
19:04:08 : Group: Flames: brb drink
19:05:36 : Direct: Frederik: /vote
19:05:56 : Direct: Pte.Ford. J: give me a minute please i need to set a push to talk
19:06:00 : Direct: Frederik: shut the fuck up
19:08:09 : Group: [APD] Chief. Stalks: anyone bringing aa?
19:13:01 : Group: Kalem: d
19:40:57 : Vehicle: Tango: can ur turn sirens off
19:41:01 : Vehicle: Tango: they are deafening
19:59:31 : Group: Mr.William: skjer?
19:59:35 : Group: Emil: ts
20:00:46 : Group: Mr.William: oki
20:12:29 : Group: [APD] Chief. Hamilton: EDEN HE IS WANTED FOR MANSLAUGHTER
20:14:14 : Group: [APD]Sgt. Nick Nolif: rip 
20:16:35 : Group: [APD]Sgt. Nick Nolif: stop tazing eachother babes
20:16:58 : Group: [APD]Sgt. Nick Nolif: 10/10 Eden
20:17:00 : Group: [APD] PC. Morrisino: was seeing if rahim works now it does :)
20:17:06 : Group: [APD]Sgt. Nick Nolif: it has always worked
20:21:45 : Direct: Darwin Watterson: I don't have much money at the moment
20:21:55 : Direct: Darwin Watterson: sorry
20:28:06 : Direct: Chicken Lips: WE HAVE GUNS FOR U
20:28:10 : Direct: Colonel Sanders: GUYS WE HAVE PRESENTS !
20:28:31 : Direct: KACPER: WAIT
20:28:35 : Direct: KACPER: I WANT GUNS
20:28:45 : Direct: Chicken Lips: TOO LATE HE LEFT
20:30:11 : Direct: Chicken Lips: ...
20:30:33 : Vehicle: Mr.William: BRB 2 SEC
20:33:24 : Group: [APD]Sgt. Nick Nolif: replying
20:33:59 : Group: [APD]Chf Insp. Eukanubae: Taken care of
20:34:06 : Group: [APD]Sgt. Nick Nolif: I replied gave him 5 minutes max
20:34:13 : Group: [APD]Chf Insp. Eukanubae: same
20:34:18 : Group: [APD]Sgt. Nick Nolif: i said i was replying...
20:34:23 : Group: [APD]Chf Insp. Eukanubae: I didnt see that.
20:36:35 : Group: [APD]Sgt. Nick Nolif: Responding
20:37:05 : Group: [APD]Chf Insp. Eukanubae: Shh
20:37:08 : Group: [APD]Chf Insp. Eukanubae: agging
20:37:15 : Group: [APD]Chf Insp. Eukanubae: Lagging|
20:40:44 : Direct: Mr.William: rekt
20:44:23 : Group: [APD]Sgt. Nick Nolif: Responding
20:44:37 : Group: [APD] Chief. Hamilton: suspects down at firearm
20:47:03 : Group: Black Bob: .vote day if you like fat girls
20:55:33 : Group: [APD]Sgt. Nick Nolif: Is jackie chan an admin?
20:55:38 : Group: Colonel Sanders: NHS has gone to shit
20:55:39 : Group: [APD]Chf Insp. Eukanubae: No
20:55:43 : Group: [APD]Chf Insp. Eukanubae: Its James Sky
20:55:47 : Group: [APD]Chf Insp. Eukanubae: Skye
21:12:26 : Direct: White Bob: HES DYEI9NG
21:12:29 : Direct: White Bob: *DYEING
21:12:37 : Direct: White Bob: hes dyeing
21:12:42 : Direct: White Bob: *dieing
21:46:40 : Group: [APD] Insp. Martyr: On route
21:46:51 : Group: [APD]Sgt. Nick Nolif: Scratch that responding with 4 
21:50:19 : Group: [APD] PC. Morrisino: on route in heli
21:56:23 : Group: [APD] Chief. Hamilton: whose just left a load of cop gear in kavala hq?
21:56:31 : Group: [APD] Supt. MrDunis: Mart medic is here now
22:03:24 : Group: [NHS] Dr. Senju: Yea
22:03:28 : Group: [NHS] Dr. Senju: I said roger that
22:07:06 : Direct: Agent. 47: officer
22:07:21 : Direct: Agent. 47: can i have a lift to garage?
22:07:37 : Direct: Agent. 47: yeah no
22:07:41 : Direct: Agent. 47: indeed
22:07:45 : Direct: Agent. 47: that car is messed up
22:07:50 : Direct: Agent. 47: indeed i do
22:07:57 : Direct: Agent. 47: how else would i have it?
22:08:06 : Direct: Agent. 47: *occ: stop*
22:16:52 : Direct: White Bob: step out officer
22:18:16 : Direct: Flappy Fanny: Excuse me, my mic is bad
22:18:25 : Direct: Flappy Fanny: I have no gun
22:18:48 : Direct: Flappy Fanny: Sorry sir
22:18:54 : Direct: Flappy Fanny: I didn't know you were police
22:19:00 : Direct: Flappy Fanny: Where are we going?
22:19:15 : Vehicle: Flappy Fanny: Mic is bad
22:19:15 : Direct: White Bob: OOC did that send?
22:19:18 : Vehicle: Flappy Fanny: Why sir?
22:19:21 : Direct: [APD] Chief. Hamilton: no
22:19:24 : Direct: White Bob: ffs
22:19:26 : Vehicle: Flappy Fanny: I didn't know you were police
22:19:33 : Vehicle: Flappy Fanny: someone was just shooting
22:19:35 : Vehicle: Flappy Fanny: I have no gun
22:19:38 : Direct: Flappy Fanny: I have no gun
22:19:40 : Direct: Flappy Fanny: check me
22:19:48 : Direct: Flappy Fanny: I was just at the airport
22:19:54 : Direct: Flappy Fanny: Ticket for sir?
22:20:02 : Direct: Flappy Fanny: I HAVE NO GUN
22:20:14 : Direct: Flappy Fanny: Where is my SUV?
22:20:20 : Direct: Flappy Fanny: Check my suv then
22:20:39 : Direct: Flappy Fanny: innocent till proven guilty bro
22:20:42 : Direct: Flappy Fanny: where is my gun?
22:20:45 : Direct: Flappy Fanny: no gun
22:20:48 : Direct: Flappy Fanny: no evidence
22:20:59 : Direct: Flappy Fanny: PAying a ticket you cannot prove?
22:21:05 : Direct: Flappy Fanny: I just drove around the airport
22:21:09 : Direct: Flappy Fanny: I will pay for evading
22:21:10 : Direct: Flappy Fanny: pig
22:21:20 : Direct: Flappy Fanny: Dirty pigs wants more money
22:21:22 : Direct: Flappy Fanny: for his troff
22:21:27 : Direct: Flappy Fanny: I will pay for evading
22:21:37 : Direct: Flappy Fanny: OIIIIIIIIIIIIIIINKJ
22:23:17 : Direct: Flappy Fanny: wAIT
22:23:20 : Direct: Flappy Fanny: Genuine mistake
22:23:22 : Direct: Flappy Fanny: fuck
22:23:24 : Direct: Flappy Fanny: WAIT
22:23:34 : Direct: Flappy Fanny: WAIT
22:23:37 : Direct: Flappy Fanny: OK
22:26:07 : Direct: Flappy Fanny: wtf
22:26:12 : Direct: Flappy Fanny: What happened to me
22:26:29 : Direct: Flappy Fanny: Yo
22:26:31 : Direct: Flappy Fanny: kill me please
22:26:33 : Direct: Flappy Fanny: up in the tree
22:26:41 : Group: [APD] SPC. Cyril Figgis: dd
22:26:42 : Direct: Flappy Fanny: p
22:26:44 : Direct: Flappy Fanny: yeah
22:26:46 : Direct: Flappy Fanny: ty
22:26:54 : Group: [APD] SPC. Cyril Figgis: Stalks
22:26:57 : Direct: Flappy Fanny: safe zone?
22:26:59 : Direct: Flappy Fanny: sorted
22:27:10 : Group: [APD] Chief. Stalks: whois dealing with hamilton situation?
22:30:03 : Direct: Damize: ''''
22:30:08 : Group: [APD] Chief. Stalks: keep group chat clear, use ts
22:30:24 : Group: [APD]Sgt. Nick Nolif: Omw to hamilton
22:30:40 : Direct: [APD] Chief. Hamilton: 079, 147
22:31:24 : Direct: Flappy Fanny: haha
22:31:44 : Direct: Flappy Fanny: I will jump!
22:31:45 : Group: [APD] PCSO. Eden: srly
22:31:55 : Direct: Flappy Fanny: my ankle :(
22:34:27 : Direct: Flappy Fanny: Sorry officer
22:34:35 : Direct: Flappy Fanny: I was debating where I wanted to go
22:34:37 : Direct: Flappy Fanny: mic is bad :/
22:34:46 : Direct: Flappy Fanny: I was
22:34:50 : Direct: Flappy Fanny: I got released ^.^
22:34:56 : Direct: Flappy Fanny: just
22:35:16 : Direct: Flappy Fanny: I forgot they moved the market to here from over the road, sorry officer
22:35:24 : Direct: Flappy Fanny: I will be more careful in the future
22:36:14 : Direct: White Bob: now let him out
22:36:16 : Direct: Flappy Fanny: can you get up?
22:36:19 : Direct: Flappy Fanny: or need running over?
22:36:37 : Direct: Flappy Fanny: you can get up properly?
22:38:41 : Direct: Flappy Fanny: want a lift?
22:43:54 : Direct: Flappy Fanny: Hey man
22:44:29 : Direct: Flappy Fanny: What's up pal?
22:45:13 : Vehicle: Icy Nipples: I like how i never requested a medic
22:45:17 : Vehicle: Icy Nipples: currupt medics
22:45:19 : Direct: Flappy Fanny: Sup?
22:45:19 : Vehicle: Icy Nipples: gonna sue
22:46:37 : Direct: Flappy Fanny: who needs 10k?
22:46:40 : Direct: Flappy Fanny: zac
22:46:44 : Direct: Flappy Fanny: oi
22:46:47 : Direct: Flappy Fanny: who needs 10k?
22:46:56 : Direct: Flappy Fanny: come 
22:47:29 : Direct: Flappy Fanny: yw, glhf
22:47:31 : Direct: Flappy Fanny: take care
22:47:40 : Direct: Geoff: it's a safe zone
22:47:50 : Direct: Geoff: zac
22:52:24 : Vehicle: Flappy Fanny: GOGOGOGo
22:52:32 : Vehicle: Flappy Fanny: FUCK DA POPO
22:52:59 : Vehicle: [APD] Chief. Stalks: WHAT
22:53:16 : Vehicle: [APD] Chief. Stalks: its being readded
22:59:09 : Vehicle: [APD] Chief. Stalks: impounding is coming back tomorrow morning
22:59:39 : Direct: Flappy Fanny: let us in bro
22:59:56 : Direct: Flappy Fanny: got a spare repair kit?
23:01:44 : Direct: Flappy Fanny: Care
23:01:50 : Direct: Flappy Fanny: there was an SUV with an armed guy
23:02:31 : Direct: Flappy Fanny: I was trying to get your suv back sorry pal
23:02:44 : Direct: Flappy Fanny: you need to get in habbit of locking vehicles too fella
23:02:51 : Group: [APD] Chief. Stalks: lock it
23:02:55 : Direct: Flappy Fanny: this wasn't locked aswell
23:03:27 : Vehicle: Flappy Fanny: Yo
23:03:31 : Vehicle: Flappy Fanny: do you know speed limit? -.-
23:03:34 : Vehicle: Flappy Fanny: Sirens on if speeding
23:03:51 : Direct: Flappy Fanny: do sirens work on sports?
23:03:57 : Direct: Flappy Fanny: or they need adding in?
23:04:03 : Direct: Flappy Fanny: Yes sir
23:04:07 : Direct: Flappy Fanny: my left pocket
23:04:28 : Direct: Flappy Fanny: I wasn't driving sir, I was in the passenger
23:04:58 : Direct: Flappy Fanny: Ok sir, no problem
23:18:55 : Direct: [APD] PCSO. Eden: 1 sec cant hear
23:18:58 : Direct: Atlas knight: Last warning
23:19:01 : Direct: Atlas knight: Behave ;)
23:19:12 : Direct: Atlas knight: Sec
23:19:18 : Direct: Atlas knight: Dealing with stuff
23:21:39 : Direct: Flappy Fanny: gogo
23:24:52 : Group: Kalem: d
23:29:06 : Direct: Flappy Fanny: VDM is against rules
23:29:07 : Direct: [Naked] Yakumo: ^
23:32:43 : Direct: [THC] Com. Kirito: iM STILL in the car
23:32:44 : Direct: [THC] Com. Kirito: Wtf
23:34:51 : Direct: [THC] Com. Kirito: Its bugged
23:34:58 : Direct: [THC] Com. Kirito: I dont know what the fk happened
23:35:07 : Direct: [THC] Com. Kirito: It dissappeared
23:36:22 : Group: Sean Wolfington: yes
23:36:33 : Group: Sean Wolfington: nah
23:37:08 : Vehicle: Kalem: kkdwqw
23:37:14 : Vehicle: Kalem: how much a mar 10 cost?
23:37:20 : Vehicle: McNUGGETS: 1mil is it?
23:37:50 : Group: Sean Wolfington: ye
23:38:00 : Group: Sean Wolfington: ;3
23:38:11 : Group: Icy Nipples: come to me if you wanna kill people
23:38:17 : Group: Sean Wolfington: thats admin ithink
23:41:59 : Group: [APD]Sgt. Nick Nolif: This is your cqr ben
23:42:34 : Group: [APD] Supt. MrDunis: go direct ben
23:44:17 : Group: [APD] Supt. MrDunis: 25k
23:50:30 : Direct: Atlas knight: MAY I DRIVE?
23:51:51 : Vehicle: Frog: i didnt fire
23:52:31 : Vehicle: Frog: can we deal with this here
23:52:35 : Vehicle: Frog: i will drop the weapon
23:52:45 : Vehicle: Frog: dont wanna go hq, need to pick my wife up
23:53:16 : Vehicle: Frog: Mr.Frog
23:53:24 : Vehicle: Frog: i was simply shooting birdies
23:53:30 : Vehicle: Frog: they poop on my ifrit
23:53:54 : Vehicle: Frog: i did not fire sirs
23:54:35 : Direct: White Bob: drop your shit
23:54:58 : Group: Frog: this cost me 600k ...
23:56:47 : Direct: Frog: i fired at birds only.
23:57:40 : Direct: Frog: yes sir
23:57:51 : Direct: Frog: they poop on my ifrit
23:57:55 : Direct: Frog: wanted to teach them a lesson
23:58:09 : Direct: Frog: I never knew, sir
23:58:28 : Direct: Frog: you may have it, i killed the birds anyways
23:58:55 : Group: Sean Wolfington: ye
23:59:04 : Group: Sean Wolfington: ik xd
23:59:13 : Group: Sean Wolfington: this is all i drove in
23:59:17 : Group: Sean Wolfington: is a ifrit
23:59:21 : Direct: Frog: no idea, im cuffed
23:59:51 : Group: Sean Wolfington: ye hear a guy ?
23:59:53 : Direct: Frog: May i leave now, you can have my gun
