00:02:08 : Group: [APD] Sgt. Thomas: RIP APOLOGIES
00:02:10 : Group: [APD] Officer Lu: massive cunt
00:04:15 : Vehicle: [APD] PC. Juan Black: this landing
00:04:30 : Vehicle: [APD] PC. Juan Black: XD
00:05:12 : Direct: Zelena: sean
00:05:15 : Direct: Zelena: I need funds
00:05:16 : Direct: Zelena: and donuts
00:05:21 : Direct: Zelena: can i have funds and donuts
00:05:32 : Direct: Zelena: funds and donuts bro
00:06:15 : Group: [APD] Chief. Stalks: keep side clear for a sec pls
00:06:21 : Group: [APD] Officer Lu: copy
00:06:27 : Group: [APD] Officer Lu: apologizes
00:08:03 : Group: [APD] Officer Lu: can we get air patrol?
00:08:40 : Group: [APD] Chief. Stalks: alright can chat in side now /kiss
00:08:48 : Group: [APD] Officer Lu: Hehe
00:12:28 : Direct: Zelena: dun shoot me
00:12:30 : Direct: Zelena: omg
00:12:40 : Direct: Zelena: no
00:12:56 : Direct: Zelena: omg thomas
00:12:57 : Direct: Zelena: thanks
00:15:09 : Direct: Zelena: pistol tazer range 30m
00:15:18 : Direct: Zelena: rifle tazer = 300m
00:15:59 : Direct: Zelena: yus
00:16:02 : Direct: Zelena: :>
00:16:07 : Direct: Zelena: yus
00:17:24 : Direct: Zelena: oh daym
00:17:26 : Direct: Zelena: i got no ammo
00:17:28 : Direct: Zelena: well thats crap
00:18:13 : Direct: Zelena: this is trange
00:18:16 : Direct: Zelena: strange
00:18:35 : Direct: Zelena: any possible way I can get some Zubr ammo
00:19:05 : Direct: Zelena: oh
00:19:09 : Direct: Zelena: gg
00:19:14 : Direct: Zelena: thomas has vanished
00:19:44 : Direct: Zelena: well
00:19:46 : Direct: Zelena: hes gone
00:19:49 : Direct: Zelena: wot we gon do now
00:20:26 : Direct: Zelena: Im pretty sure some nuke has gone off outside
00:20:37 : Group: [APD] Officer Lu: Officer Thomas
00:20:41 : Group: [APD] Officer Lu: fly the chopper please
00:20:51 : Direct: Zelena: bcus loud noises wtf
00:20:56 : Direct: [APD] Officer Lu: sorry?
00:21:06 : Direct: Zelena: where has he cone
00:21:08 : Direct: Zelena: thomas
00:21:13 : Direct: Zelena: gone*
00:25:41 : Direct: Zelena: don't you dare
00:33:07 : Direct: [APD]PC. Sean: can you move the heli
00:33:20 : Direct: Zelena: where?
00:33:33 : Direct: [APD]PC. Sean: justso i can spawn one
00:33:48 : Direct: Zelena: why
00:33:53 : Direct: Zelena: i was moving it
00:33:59 : Direct: [APD]PC. Sean: you know this is a restricted area zelea
00:34:02 : Direct: Zelena: moving the heli
00:34:08 : Direct: Zelena: I was allowed here by lu
00:34:08 : Direct: Zelena: bro
00:34:15 : Direct: Zelena: lu breh
00:34:18 : Direct: Zelena: its his heli
00:34:31 : Direct: Zelena: Omfg xD
00:35:06 : Direct: Zelena: GET OUT
00:35:09 : Direct: Zelena: ITS NOT YOURS
00:35:10 : Direct: Zelena: =V
00:35:21 : Direct: Zelena: No
00:35:26 : Direct: Zelena: lus gonna be pissed with u
00:35:28 : Direct: Zelena: its his
00:35:59 : Direct: Zelena: i wasd just getting it for him bruh
00:36:02 : Direct: Zelena: its gonna despawn
00:36:02 : Direct: Zelena: dude
00:36:40 : Direct: Zelena: soz lu
00:36:44 : Direct: Zelena: it was their fault
00:36:48 : Direct: Zelena: nopt mien
00:37:54 : Direct: Zelena: bro
00:37:58 : Direct: Zelena: can i have some dildo cones
00:38:31 : Direct: Zelena: no
00:39:36 : Direct: Zelena: BRO IM GOING TO DROWN
00:39:44 : Direct: Zelena: DUDE
00:40:06 : Direct: Zelena: OMFG
00:40:11 : Direct: Zelena: STOP
00:42:17 : Direct: Zelena: JUAN
00:42:25 : Direct: Zelena: GIMMI 2 MILL AND ILL GIVE U 2 DONUTS
00:42:52 : Direct: Zelena: Guys i got u a great deal
00:42:58 : Direct: Zelena: 1 donut for 10mill
00:43:09 : Direct: Zelena: made with the finest of cum
00:43:21 : Direct: Zelena: Nah
00:43:24 : Direct: Zelena: i wanna be rich
00:43:29 : Direct: Zelena: but will never happen
00:43:31 : Direct: Zelena: so i cry
00:44:01 : Direct: Zelena: rape
00:44:02 : Direct: Zelena: rape
00:44:03 : Direct: Zelena: rape
00:44:04 : Direct: Zelena: rape
00:44:04 : Direct: Zelena: rape
00:44:05 : Direct: Zelena: rape
00:44:06 : Direct: Zelena: rape
00:44:07 : Direct: Zelena: rape
00:44:09 : Direct: Zelena: rape
00:44:10 : Direct: Zelena: cone rape
00:44:58 : Direct: Zelena: im free
00:46:16 : Direct: Zelena: i want comp money
00:46:19 : Direct: Zelena: for almost dying
00:46:20 : Direct: Zelena: 3 times
00:46:27 : Direct: Zelena: ffs
00:46:54 : Direct: Zelena: comp b4 i cry ;w;
00:47:12 : Direct: Zelena: no im gon kill myself
00:48:14 : Direct: Zelena: im gon go jump off the castle
02:13:00 : Direct: Zelena: noeh
11:08:49 : Direct: VoidYT: Ty for helping me dude!
11:08:58 : Direct: VoidYT: Me and the AFF aren't on the best terms atm
11:08:59 : Direct: [Pvt] Raymond: Its ok
11:09:05 : Direct: [Pvt] Raymond: Yeah i know
11:09:13 : Direct: VoidYT: Really didn't like getting kicked out.. :'(
11:09:29 : Direct: [Pvt] Raymond: did you want to stay
11:09:32 : Direct: VoidYT: was only in for 1day aswell 
11:09:33 : Direct: VoidYT: Ye
11:09:40 : Direct: VoidYT: Was amazing being in AFF
11:09:55 : Direct: [Pvt] Raymond: but it gets boring doing drug runs for the gang and the general
11:10:02 : Direct: VoidYT: Ye
11:10:11 : Direct: VoidYT: Doing drug runs for self is better
11:10:15 : Direct: [Pvt] Raymond: I dunno i am getting bored
11:10:20 : Direct: VoidYT: xD
11:10:29 : Direct: VoidYT: Leave and join NATO ?
11:10:47 : Direct: [Pvt] Raymond: i might leave because of being bored doing runs for people and sitting at border
11:10:56 : Direct: [Pvt] Raymond: who is in the nato
11:11:03 : Direct: VoidYT: just me
11:11:05 : Direct: VoidYT: Atm
11:11:10 : Direct: VoidYT: Recruiting people
11:11:26 : Direct: [Pvt] Raymond: If i leave i will probably make a gun called Alan's Snack Bar
11:11:35 : Direct: [Pvt] Raymond: Gang*
11:11:37 : Direct: VoidYT: Lol
11:12:35 : Direct: [Pvt] Raymond: Do u have food and water
11:12:39 : Direct: [Pvt] Raymond: cause i need
11:12:40 : Direct: VoidYT: no, sorry
11:12:55 : Direct: [Pvt] Raymond: i will o back to base and get some ok
11:13:00 : Direct: VoidYT: Ok#
11:13:13 : Direct: VoidYT: Ok*#
11:13:38 : Direct: VoidYT: I'll probs be done by time you get back
11:42:35 : Group: [Pvt] Raymond: fog tho
11:44:14 : Direct: [B.K.G] Joaquín Guzmán: 350K
11:46:01 : Direct: VoidYT: I'll wire transfer the 350k to you from ATM
11:46:03 : Direct: VoidYT: ^^^
11:46:07 : Direct: VoidYT: only 1 yes
11:46:31 : Direct: VoidYT: I'm going to sell the heroin, then I transfer the 350k to you from aTM
11:46:48 : Group: [Sgt] VibZ: Soz raymond
11:47:01 : Group: [Pvt] Raymond: Its ok
12:07:48 : Direct: [B.K.G] Hassan: RAYAMON
12:13:57 : Direct: [Sgt] VibZ: hello
12:14:05 : Direct: [Sgt] VibZ: um today tax is 100k
12:14:20 : Direct: [Sgt] VibZ: we are aff we are the altis freedom fighters
12:14:33 : Direct: [Sgt] VibZ: we dont like the goverment and the cops
12:14:42 : Direct: [Sgt] VibZ: we help civs and we are not rebels
12:15:43 : Direct: [Sgt] VibZ: and just for the future  text a high ranking officer to allow you access to  sell your drugs
12:16:11 : Direct: [Sgt] VibZ: 100k
12:16:13 : Direct: [Sgt] VibZ: please
13:43:18 : Vehicle: [Sgt] VibZ: im high
13:55:15 : Direct: Agent. Cobra: I am the AIA
13:55:25 : Direct: Agent. Cobra: Very confidential
13:55:43 : Direct: Agent. Cobra: I scope out criminals
13:55:58 : Direct: Agent. Cobra: If you wish to join 
13:56:10 : Direct: Agent. Cobra: We have to go to a secret position
13:56:19 : Direct: Agent. Cobra: Hop in 
14:07:28 : Group: [B.K.G] Hassan: hostage
14:29:53 : Direct: Agent. Cobra: Ahng on
14:29:56 : Direct: Agent. Cobra: Yeh sure
14:31:59 : Group: [APD] Supt. Hamilton: yes
14:32:03 : Group: [APD] Chief. Stalks: nah his cool
14:32:08 : Group: [APD] Supt. Hamilton: no dont
14:32:09 : Group: [APD] PC. Domo Black: yes or no?
14:32:15 : Group: [APD] Supt. Hamilton: no
14:37:07 : Group: Agent. Cobra: Available
14:56:18 : Direct: «ŦŘĐ» Juan Black: lol
15:25:50 : Direct: [APD] Supt. Hamilton: aa
15:31:03 : Group: [APD] PCSO. Stan W: Yo, I couldent get in the TS channel cuz i dont have my rank on TS
15:32:53 : Group: [APD] PCSO. Stan W: Hello
15:33:00 : Group: [APD] PCSO. Stan W: I cant get in the TS..
15:48:00 : Vehicle: [APD] PCSO. Stan W: I suppose we are using our lethals.
15:55:47 : Direct: [B.K.G] Joaquín Guzmán: DROP
16:11:24 : Direct: Monkee: this man robbed me earlier
16:11:46 : Direct: Monkee: karmas a bitch aint it ;
16:12:11 : Direct: Monkee: go fuck yourself dumb prick
16:12:26 : Direct: Monkee: officer this man and his boyfriend  robbed me earlier
16:12:39 : Direct: Monkee: yeah you did
16:13:05 : Direct: Monkee: look dummy come back when your i.q is larger than your shoe size
16:13:17 : Direct: Monkee: i was revived 
16:13:21 : Group: [APD] PC. Domo Black: Send me a cut im going off mate
16:13:26 : Direct: Monkee: i was revived idiot
16:13:41 : Direct: Monkee: what a fucking muppet i have it recorded idiot
16:13:47 : Direct: Monkee: bybe idiot
16:13:55 : Vehicle: [APD] SPC. Felix: turn of the sirens m8
16:13:58 : Direct: Monkee: you rammed him off the road thats enough
16:14:02 : Vehicle: [APD] SPC. Felix: unless we're on our way too something
16:14:11 : Direct: Monkee: b'bye prick :)
16:45:57 : Group: [NHS Chief] Dr. Huberio: mate
17:04:34 : Group: Thorgaard: This server sucks
17:30:09 : Direct: [Pvt] Willem: alright
17:30:25 : Group: [NHS] Muffin: omg bob...
17:30:29 : Group: [NHS] Muffin: what did you do?
17:30:32 : Group: [NHS]White Bob: ?
17:30:32 : Group: [NHS] Muffin: xD
17:30:40 : Group: [NHS]White Bob: how did you know?
17:30:41 : Group: [NHS] Muffin: It said critical damage
17:30:48 : Group: [NHS] Muffin: says at bottom right
17:30:49 : Group: [NHS]White Bob: i wanted to see if it was a submarine
17:30:51 : Group: [NHS] Muffin: bottom left*
17:30:59 : Group: [NHS] Muffin: it flashed red
17:31:03 : Group: [NHS]White Bob: i got my chopper to the bootom of the ocen
17:32:27 : Vehicle: [Cpl] ANGeR: gib keys
17:34:53 : Group: FribZen: Er du klar Math?
17:36:16 : Group: Chullie: Opium procesing
17:36:30 : Direct: Chullie: Really
17:36:34 : Direct: Chullie: Are you just bored
17:36:42 : Direct: Chullie: Waiting on a fuckin hill
17:36:50 : Direct: Chullie: Get a fuckin life
17:37:14 : Direct: Chullie: No i dont
17:37:25 : Direct: Chullie: I am just selling morphine to the homeless
17:37:40 : Direct: Chullie: Why?
17:39:07 : Direct: Chullie: Look i am really rich
17:39:15 : Direct: Chullie: Why dont you build a wall
17:39:24 : Direct: Chullie: You cant arrest me
17:39:36 : Direct: Chullie: I know the police master
17:39:53 : Direct: Chullie: Let me see?
17:40:00 : Direct: Chullie: What will happen when i pay it
17:40:11 : Direct: Chullie: Excuse what?
17:40:17 : Direct: Chullie: What did you say?
17:40:19 : Direct: [APD] Insp.Gadget: you will be let go
17:40:25 : Direct: [APD] Insp.Gadget: into the wild
17:40:26 : Direct: Chullie: oh ok
17:41:04 : Direct: Chullie: Why is a AiA doing here
17:41:12 : Direct: Agent. Cobra: Why do you think
17:45:46 : Group: Thorgaard: Lovely
18:08:37 : Vehicle: DeepfriedWhingu: RIP
18:08:40 : Vehicle: DeepfriedWhingu: 2K16
18:08:46 : Direct: Dimitri Volkov: Iidont understand you
18:08:56 : Direct: Dimitri Volkov: text it i cant heard you
18:09:02 : Direct: [APD] PC. Spectreh.W: do you have a gun?
18:09:08 : Direct: Dimitri Volkov: yes
18:09:16 : Direct: [APD] PC. Spectreh.W: did you rob the gas station?
18:09:17 : Direct: Dimitri Volkov: in the car
18:09:28 : Direct: Dimitri Volkov: no
18:09:45 : Direct: Dimitri Volkov: i am going to my friend
18:10:03 : Direct: [APD] PC. Spectreh.W: did you rob the gas station?
18:10:10 : Direct: Dimitri Volkov: no
18:10:24 : Direct: Dimitri Volkov: what station
18:10:50 : Direct: Dimitri Volkov: i see in the map is not robbed?
18:11:22 : Direct: Dimitri Volkov: why?
18:12:11 : Direct: Dimitri Volkov: i dont know why?
18:12:30 : Direct: Dimitri Volkov: why 
18:12:51 : Direct: Dimitri Volkov: my "cousin" robbed a gas station and die
18:12:56 : Vehicle: [APD] Supt. Randall: go
18:13:04 : Direct: Dimitri Volkov: i dont know why you arrested me
18:13:13 : Direct: [APD] PC. Spectreh.W: You are being arrested for 2 counts of armed robbery and  possession of an illegal gun, do you understand what i just said to you?
18:13:26 : Direct: Dimitri Volkov: i dont rob the gas station!
18:13:38 : Direct: Dimitri Volkov: the ilegal gun yes but not the gas stations
18:13:56 : Direct: Dimitri Volkov: I DONT ROB A GAS STATION 
18:14:15 : Direct: [APD] PC. Spectreh.W: you did, the security cameras catched you and you have been registered in our computer, you are going to Jail for these robberies and in possession of
18:14:20 : Direct: [APD] PC. Spectreh.W: an illegal firearm
18:14:40 : Direct: Dimitri Volkov: and i cant pay a tax.....
18:16:06 : Vehicle: Dimitri Volkov: THE CAMERA DONT SEE ME BECAUSE I DONT ROB IT
18:16:35 : Vehicle: Dimitri Volkov: FUCKING RECRUIT
18:17:03 : Direct: Dimitri Volkov: i only have a ilegal gun dont rob
18:17:44 : Vehicle: Dimitri Volkov: and why  i go to say i have a gun if i rob a gas station?
18:17:50 : Vehicle: Dimitri Volkov: because i dont rob it
18:18:11 : Vehicle: Dimitri Volkov: why i stoped with the car and dont killed you BECAUSE I DONT ROB IT
18:19:14 : Group: [APD] Sgt. Spammking: hamilton all drug locations have been checked and empty
18:21:43 : Direct: Chullie: you got me
18:21:54 : Direct: Chullie: I give up
18:26:44 : Direct: Chullie: No i cant
18:26:50 : Direct: Chullie: I am restarined
18:26:55 : Direct: Chullie: I cant
18:26:57 : Direct: Chullie: I cant
18:27:08 : Direct: Chullie: I try but shift V doesnt work
18:31:55 : Vehicle: Dimitri Volkov: after you arrested me i was going to farm cobalt
18:32:30 : Vehicle: Dimitri Volkov:  i can farm in the jail?
18:32:38 : Vehicle: Dimitri Volkov: oh okey xD
18:32:52 : Vehicle: Dimitri Volkov: yes
18:36:10 : Direct: DeepfriedBuffel: YO DUDE
18:36:22 : Direct: DeepfriedBuffel: d u think i can borrow some money bro??
18:36:38 : Direct: DeepfriedBuffel: i just lost all my money
18:36:48 : Direct: Agent. Viper: Why?
18:36:57 : Direct: DeepfriedBuffel: for buy some of my shit back 
18:37:01 : Direct: DeepfriedBuffel: i dont need mutch
18:37:31 : Direct: DeepfriedBuffel: oh thx x)
18:37:39 : Direct: DeepfriedBuffel: can i gte some more?
18:39:53 : Direct: Zelena: robin
18:40:02 : Direct: Zelena: want me to take you to the rebel base?
18:40:05 : Direct: Zelena: i could get a heli
18:40:15 : Direct: Zelena: yeh or nah
18:40:18 : Direct: Zelena: k
18:44:36 : Direct: DeepfriedBuffel: si
18:44:39 : Direct: DeepfriedBuffel: sir
18:45:45 : Group: [Pvt] Raymond: f
18:46:02 : Direct: DeepfriedBuffel: sir
18:46:56 : Direct: DeepfriedBuffel: sir
18:47:01 : Direct: DeepfriedBuffel: SIR
18:49:35 : Group: [APD] Sgt. Morrisino: chuille
18:51:28 : Direct: Monkee: what?
18:51:44 : Vehicle: DeepfriedBuffel: thx bro
18:51:49 : Vehicle: DeepfriedBuffel: u need some money_
18:51:57 : Vehicle: DeepfriedBuffel: for it_
18:52:42 : Direct: DeepfriedBuffel: oh
18:52:44 : Direct: DeepfriedBuffel: its u
18:52:47 : Direct: DeepfriedBuffel: srry man
18:52:52 : Direct: DeepfriedBuffel: ill pay back man
18:52:59 : Direct: DeepfriedBuffel: didnt know it was u monkee
18:53:10 : Direct: DeepfriedBuffel: u want someting for it_
18:53:17 : Direct: DeepfriedBuffel: dued im srry
18:54:11 : Direct: DeepfriedBuffel: let me out plz_
18:54:24 : Direct: DeepfriedBuffel: POLICE
18:54:26 : Direct: DeepfriedBuffel: HELP
18:54:32 : Direct: DeepfriedBuffel: IM BEING KIDNAPPED
19:11:09 : Direct: HussyPunter: KEYS
19:11:24 : Direct: HussyPunter: GIBE ME THE KEYS
19:11:35 : Direct: HussyPunter: KEYS OR DIE
19:11:45 : Group: FribZen: Fuck de lyder døde
19:13:14 : Direct: HussyPunter: you are friendly
19:16:33 : Direct: Sir: Z
19:20:18 : Group: FribZen: Math
19:20:26 : Group: FribZen: Du kommer sgu på den rigtige side
19:21:34 : Group: Thorgaard: Det er vildt akavet
19:21:35 : Group: Thorgaard: xD
19:21:42 : Group: Thorgaard: Han sidder og snakker med sig selv
19:21:56 : Group: Chullie: eNSOM?
19:22:45 : Group: FribZen: Math
19:22:59 : Group: Thorgaard: Han siger jeg ikke får tid til at spille normal civ
19:23:24 : Group: FribZen: Næste restart er klokken 9 dansk tid
19:23:35 : Group: FribZen: Sig, at vi er med til det i morgen
19:25:21 : Direct: HussyPunter: i do
19:25:25 : Direct: HussyPunter: can you move these cars?
19:25:49 : Group: Thorgaard: Skal jeg sige ja?
19:26:02 : Direct: Almin: .
19:26:04 : Direct: Sir: SGT AHMED
19:26:09 : Group: Almin: til og blive officer
19:26:21 : Group: FribZen: Spørg, hvad vi får ud af det?
19:26:22 : Group: Thorgaard: ja
19:26:28 : Group: Almin: Ja bare gør det
19:26:31 : Direct: HussyPunter: can you move the cars?
19:26:38 : Group: Almin: så kan du give os våben eller et eller andet måske
19:34:04 : Group: Thorgaard: hjælp
19:35:11 : Group: FribZen: Math status-update
19:37:07 : Group: Thorgaard: Han siger der ikke bliver tid til at spille sammen :(
19:37:24 : Group: Thorgaard: Drenge
19:43:27 : Direct: [NHS] Muffin: NO MORE REVIVING
19:43:29 : Direct: [NHS] Muffin: HAVE A NICE DAY
19:43:39 : Direct: [NHS] Muffin: it's ok
19:48:11 : Group: [Pvt] Lilcan: MUFFFFFFIIIIIIINNNNNNNNNNNN
19:53:13 : Direct: [APD]SPC. Sean: you requesting medic
20:19:35 : Group: [APD] Supt. Randall: where is he sean
20:19:48 : Group: [APD]SPC. Sean: not sure
20:20:02 : Group: [APD]SPC. Sean: my body
20:20:11 : Group: [APD]SPC. Sean: went int house
20:25:01 : Direct: [NHS] Jake: OMW ELIAS
20:29:00 : Group: [NHS] Jake: DO WE HAVE MEDIC STRIDERS?
20:29:32 : Direct: HussyPunter: *passes talking stick*
20:29:39 : Direct: HussyPunter: *Stick may be stale poop*
20:29:47 : Direct: Mr.William: bye
20:30:49 : Group: [NHS] Jake: ill hold kavala and revive around that area
20:31:28 : Group: [NHS] Jake: guys?
20:31:37 : Group: [NHS] Muffin: Yes?
20:32:03 : Group: [NHS] Jake: ill be areound kavala and revive there tell me if you guys need more help if alot of people are dead around altis
20:32:11 : Group: [NHS] Jake: ill stay a little on ground
20:33:46 : Group: [NHS] Jake: someone of you who is close to elias / rebel closest to aff
20:34:10 : Direct: HussyPunter: You're a big man
20:34:29 : Direct: [Pvt] Raymond: I know
20:34:54 : Direct: HussyPunter: How does it feel being the least valuable member of AFF
20:35:24 : Direct: HussyPunter: You are literally so bored you are throwing flash bangs
20:37:19 : Direct: [NHS] Muffin: repairing your car
20:37:40 : Direct: HussyPunter: we still on for our deal ray
20:37:50 : Direct: HussyPunter: i can open this gate right?
20:38:00 : Direct: HussyPunter: Yes or no?
20:38:01 : Direct: Mr.William: BYE BYE
20:38:02 : Direct: HussyPunter: Yes?
20:38:07 : Direct: [NHS] Muffin: in a while crocodile :)
20:38:09 : Direct: HussyPunter: okay sean if you say so
20:38:11 : Direct: [NHS] Muffin: ;)
20:38:14 : Direct: HussyPunter: Opening the gate
20:38:17 : Direct: HussyPunter: in 3
20:38:18 : Direct: HussyPunter: 2
20:38:19 : Direct: Mr.William: :)
20:38:19 : Direct: HussyPunter: 1
20:41:20 : Direct: Mason: Military?
20:41:45 : Group: [NHS] Muffin: Yo, Jake, I'm going AFK to get a drink quick, If people die, Try get as many as possible, I'll help when I come back
20:41:47 : Group: [NHS] Muffin: ^^^^^^^
20:41:48 : Group: [NHS] Muffin: ^^^^^^^#
20:41:51 : Group: [NHS] Muffin: ^^^^^
20:42:00 : Group: [NHS] Jake: will can do
20:43:50 : Direct: Dimitri Volkov: i dont listen you sorry
20:52:41 : Direct: [Pvt] Willem: you calmed down yet
20:52:45 : Direct: HussyPunter: BOOO
20:52:50 : Direct: [Pvt] Willem: just calm down
20:52:54 : Direct: Mr.William: yes
20:52:57 : Direct: [Pvt] Willem: get in the border don't get shot
20:52:58 : Direct: HussyPunter: I'M THE GHOST OF RAY'S PAST
20:53:03 : Direct: HussyPunter: I KNOW WHAT YOU DID LAST SUMMER
20:53:04 : Direct: [Pvt] Willem: yesd
20:53:07 : Direct: [Pvt] Willem: no mic though
20:53:15 : Direct: Mr.William: we were just talking to our friend, the great and brave
20:53:30 : Direct: HussyPunter: YOU GUYS HERE ME?
20:53:32 : Direct: [Pvt] Willem: yes
20:53:47 : Direct: HussyPunter: IM A GHOST
20:53:51 : Direct: HussyPunter: boooo
20:53:55 : Direct: HussyPunter: huga buga
20:54:02 : Direct: [Pvt] Lilcan: xDDDDDDDDDD
20:56:13 : Direct: [NHS] Muffin: Have a nice day
20:56:16 : Direct: [NHS] Muffin: Stay safe
20:56:22 : Direct: [NHS] Muffin: and fuck aloada pussy
20:57:27 : Direct: HussyPunter: IM A GHOS
20:57:33 : Direct: HussyPunter: KILL RAY
21:13:28 : Direct: [Pvt] Willem: medic pls
21:13:42 : Direct: [Pvt] Willem: hope my 10k gives you flying lessons
21:14:42 : Direct: [Pvt] Willem: medic
21:14:45 : Direct: [Pvt] Willem: im on my period
21:14:47 : Direct: [Pvt] Willem: help me
21:14:59 : Direct: [Pvt] Willem: heal me pls
21:15:33 : Direct: [Pvt] Willem: thanks man
21:16:26 : Group: Elias: omfg....
21:17:11 : Group: Elias: got killed by a fucking car
21:17:15 : Group: Elias: please help
21:20:03 : Direct: HussyPunter: want ride?
21:20:06 : Direct: HussyPunter: to border?
21:23:56 : Direct: odd_v: whats sup?
21:32:46 : Vehicle: [Lt] Tango: shut the fuck up
21:32:59 : Vehicle: [Pvt] Lilcan: xD
21:36:26 : Vehicle: Sir: we gotta warn the rebels
21:36:30 : Vehicle: Sir: that we are coming
21:36:35 : Vehicle: Sir: so they don t 1 tap us
21:41:04 : Direct: Sir: CYKA BLYAT CYKA BLYAT CYKA BLYAT CYKA BLYAT CYKA BLYAT CYKA BLYAT CYKA BLYAT CYKA BLYAT CYKA BLYAT CYKA BLYAT CYKA BLYAT CYKA BLYAT CYKA BLYAT 
21:41:11 : Direct: Sir: CYKA BLYAT CYKA BLYAT CYKA BLYAT CYKA BLYAT CYKA BLYAT CYKA BLYAT CYKA BLYAT CYKA BLYAT CYKA BLYAT CYKA BLYAT CYKA BLYAT CYKA BLYAT CYKA BLYAT 
21:41:12 : Direct: Sir: CYKA BLYAT 
21:41:13 : Direct: Sir: CYKA BLYAT 
21:43:14 : Direct: DeepfriedBuffel: nice orka
21:43:20 : Direct: DeepfriedBuffel: nice orka
21:43:30 : Direct: DeepfriedBuffel: ye man
21:43:33 : Group: [APD] SPC. MrDunis: Oil Rig
21:43:43 : Direct: DeepfriedBuffel: haha can u guys borrow me like some money x)
21:43:48 : Direct: DeepfriedBuffel: not mutch
21:43:55 : Direct: DeepfriedBuffel: like 5 dollars_
21:44:02 : Direct: Sir: i need  some too :/
21:46:20 : Group: [APD] Chief. Stalks: on way
21:46:31 : Group: [APD] Chief. Stalks: sofia safe?
21:46:39 : Group: [APD] Supt. Hamilton: yes
21:46:41 : Group: [APD] SPC. Felix: ye
21:47:04 : Direct: DeepfriedBuffel: yo man
21:47:09 : Direct: White Bob: YE
21:47:17 : Direct: DeepfriedBuffel: im the desrespectfull guy u remember_
21:47:31 : Direct: White Bob: no?
21:50:04 : Direct: SwiftWarlock: foster
21:50:13 : Direct: SwiftWarlock: due?
21:50:18 : Direct: SwiftWarlock: need some help?
21:50:40 : Direct: SwiftWarlock: ?
21:50:50 : Direct: SwiftWarlock: do you guys need some help?
21:51:48 : Direct: SwiftWarlock: Foster
21:52:06 : Direct: SwiftWarlock: do you need some help?
21:52:25 : Direct: SwiftWarlock: ok
22:00:34 : Vehicle: [APD] Chief. Stalks: 1KM?
22:02:54 : Vehicle: [APD] SPC. Felix: Redo neger
22:03:07 : Vehicle: [APD] SPC. Felix: vad gör vi
22:03:28 : Vehicle: [APD] SPC. Felix: jo prata i skype bara
22:03:31 : Vehicle: [APD] SPC. Felix: jag har itne mutat dig
22:03:35 : Vehicle: [APD] SPC. Felix: bara mig
22:19:47 : Direct: [NHS] Muffin: Picked up ur weapon so it dont despawn
22:20:23 : Vehicle: [APD] SPC. Felix: give keys
22:22:46 : Direct: DeepfriedBuffel: omg dude
22:22:57 : Direct: DeepfriedBuffel: white bob i just lost 4 mil
22:23:03 : Direct: DeepfriedBuffel: all my money
22:23:05 : Direct: White Bob: hoe?
22:23:08 : Direct: White Bob: how
22:23:26 : Direct: DeepfriedBuffel: crash
22:24:12 : Direct: DeepfriedBuffel: can i borrow some from u man
22:24:21 : Direct: DeepfriedBuffel: i have only 100k
22:29:09 : Direct: White Bob: sup
22:29:17 : Direct: [Pvt] Lilcan: cheers bro
22:33:35 : Direct: White Bob: how long does it take to rob?
22:33:38 : Direct: White Bob: ay
22:33:41 : Direct: [Pvt] Lilcan: oioio
22:33:43 : Direct: White Bob: how long does it take to rb
22:34:18 : Vehicle: [Pvt] Raymond: UNLOCK VEHICLE
22:34:20 : Direct: White Bob: how long it take to rob?
22:36:28 : Vehicle: [Pvt] Lilcan: Howdy!
22:36:39 : Vehicle: White Bob: howdy partner
22:37:11 : Direct: [NHS] Muffin: have a nice day
22:39:21 : Vehicle: [Pvt] Lilcan: White Bob
22:39:25 : Vehicle: White Bob: yes
22:39:44 : Vehicle: White Bob: ?
22:39:53 : Vehicle: [Pvt] Lilcan: When you get out, we will not fire or take hostage. However, The general. Rod, wishes to talk to you.
22:40:14 : Vehicle: White Bob: ok can you fly higher i dont like being this low
22:40:33 : Vehicle: White Bob: cya
22:47:42 : Direct: HussyPunter: hit is a hit
22:47:44 : Direct: HussyPunter: come on lads
22:47:49 : Direct: HussyPunter: don't be sdalty
22:48:46 : Direct: HussyPunter: lads it was just a hit
22:50:16 : Group: [APD] SPC. MrDunis: DerRive
22:50:20 : Group: [APD] SPC. MrDunis: Check 2km south please
22:51:13 : Direct: White Bob: he needs a cigeret
22:52:30 : Direct: White Bob: its not hacks mate same thing happend to a guy i had restrained as a cop earlier
23:14:20 : Group: [APD] Chief. Stalks: these TRD guys are angry, they will troll and shit.
23:21:34 : Group: «ŦŘĐ» Gaspermaster: .//
23:29:50 : Group: «ŦŘĐ» Juan Black: 8 km
23:30:04 : Group: «ŦŘĐ» Juan Black: 7km
23:30:17 : Group: «ŦŘĐ» Juan Black: 6km
23:30:32 : Group: «ŦŘĐ» Juan Black: 5km
23:30:45 : Group: «ŦŘĐ» Juan Black: 4km
23:30:59 : Group: «ŦŘĐ» Juan Black: 3km
23:31:13 : Group: «ŦŘĐ» Juan Black: 2km
23:31:27 : Group: «ŦŘĐ» Juan Black: 1km
23:31:32 : Group: «ŦŘĐ» Juan Black: hello :)
23:40:41 : Direct: [APD] Martyr: Hi Viper, how are you?
23:40:57 : Direct: Agent. Viper: good, i need an assignment
23:41:38 : Direct: [APD] Martyr: What is your rate to check Heroin fields?
23:41:50 : Direct: Agent. Viper: Rate?
23:41:55 : Direct: [APD] Martyr: We don't pay you?
23:41:59 : Direct: [APD] Martyr: You are an agency o.O
23:42:33 : Direct: Agent. Viper: Yeah, off course, you can ask stalks, i don't have the spesifics
23:43:11 : Direct: [APD] Martyr: Can you scout Heroin field and Weed field please agent?
23:43:23 : Direct: Agent. Viper: I could head over to the AFF border to do some recon if you'd like.
23:44:07 : Direct: [APD] Martyr: Yeah, that's fine agent
23:44:14 : Direct: Agent. Viper: Allright.
23:44:19 : Direct: [APD] Martyr: If you see any individuals, do not engage them though
23:44:28 : Direct: [APD] Martyr: We will transfer your fee after completion
23:44:33 : Direct: Agent. Viper: Copy.
23:44:43 : Direct: Agent. Viper: can you insert me?
23:44:59 : Direct: [APD] Martyr: Roger
23:45:33 : Direct: [APD] Martyr: I will allow use of this vehicle
23:45:40 : Direct: Agent. Viper: ALLright.
23:45:53 : Direct: [APD] Martyr: He is
23:46:00 : Direct: [APD] Martyr: It's fine
23:46:34 : Direct: Agent. Viper: I'm using it for this mission.
23:55:50 : Direct: [APD] Martyr: I don't know why but I can't get your license to work
23:55:57 : Direct: [APD] Martyr: I am going to make it so you don't require it
23:56:02 : Direct: [APD] Martyr: just got to figure it out
23:56:04 : Direct: [HATO]Kermit the frog: cool
23:56:04 : Direct: [HATO]HussyPunter: cheers
23:56:06 : Direct: [HATO]Kermit the frog: eta?
23:56:08 : Direct: [APD] Martyr: do you want a taru
23:56:12 : Direct: [HATO]HussyPunter: we will go impound :)
23:56:12 : Direct: [HATO]Kermit the frog: yes
23:56:13 : Direct: [APD] Martyr: to use for now?
23:56:14 : Direct: [HATO]Kermit the frog: and orca
23:56:23 : Direct: [APD] Martyr: I can get you one from hq
23:56:27 : Direct: [HATO]Kermit the frog: cool
23:56:30 : Direct: [HATO]Kermit the frog: le go
23:56:31 : Direct: [HATO]HussyPunter: yes pls
23:56:39 : Direct: [APD] Martyr: NO
23:56:44 : Direct: [APD] Martyr: fuck walking :|
23:57:03 : Direct: [APD] Martyr: get in
23:57:03 : Direct: [HATO]HussyPunter: take it we will pull out another one
23:57:07 : Group: [Pvt] Ross: /vote day
23:58:23 : Direct: [HATO]Kermit the frog: fuck
23:58:24 : Direct: [APD] Martyr: 550k
23:58:25 : Direct: [HATO]Kermit the frog: sorry
23:58:26 : Direct: [HATO]HussyPunter: wowwwwww
23:58:28 : Direct: [HATO]Kermit the frog: it was a mistake
23:58:31 : Direct: [HATO]HussyPunter: wow/10
23:59:58 : Direct: [HATO]Kermit the frog: keys plz
