21:34:09 : Direct: [IRA] BigDickPatrica: any bonuses for bug finding and base building lol?
21:34:36 : Direct: DonGino: sup with ts?
21:34:54 : Direct: Antony-J: Its fine for me
21:35:19 : Direct: Antony-J: f
21:35:21 : Direct: Antony-J: f/
21:35:24 : Direct: Antony-J: f
21:35:25 : Direct: Antony-J: f
21:35:26 : Direct: Antony-J: f
21:35:27 : Direct: Antony-J: f
21:35:28 : Direct: Antony-J: f
21:35:28 : Direct: Antony-J: f
21:35:29 : Direct: Antony-J: f
21:35:30 : Direct: Antony-J: f
21:35:31 : Direct: Antony-J: f
21:35:53 : Direct: Antony-J: g
21:35:54 : Direct: Antony-J: g
21:35:54 : Direct: Antony-J: g
21:36:02 : Direct: Antony-J: g
21:36:04 : Direct: Antony-J: g
21:36:07 : Direct: Antony-J: g
21:37:32 : Direct: Major Mint: 216.127.64.88    port 5748
21:41:00 : Direct: Major Mint: should be the IP changed
21:42:00 : Direct: Major Mint: 216.127.64.88:5748    thats the details for TS
21:47:23 : Direct: General Tank: gamepointeu.enjinvoice.com   ts
21:49:46 : Direct: BIGDICKFINGER: BUY ME THE STUFF
22:00:56 : Group: [APD] Chief. Stalks: 4 trucks weed field
22:06:20 : Group: [APD] Insp. Tex: Multiple layers of spikes.
22:14:37 : Group: [APD] Chief. Hamilton: you coming on ts tex?
22:14:41 : Group: [APD] Chf Insp. MrDunis: mk 1 EMR
22:14:56 : Group: [APD] Insp. Tex: Yeah, I'll hop on.
22:16:15 : Group: [APD] Chief. Stalks: 2 trucks still at field 
22:51:57 : Direct: Papa Emeritus III: ITS CD
22:53:47 : Vehicle: [EMS] John Rookie: xD
23:23:16 : Vehicle: [APD] PC. NickB: To cop hq pls
23:23:18 : Vehicle: [APD] PC. NickB: 3
23:23:46 : Vehicle: [APD] PC. NickB: pls sirens off, too loud  :D
23:34:09 : Direct: [EMS] John Rookie: I will hunt him down
23:34:18 : Direct: [APD] PC. NickB: and not revive him :p
23:34:23 : Direct: [EMS] John Rookie: :D
23:35:05 : Direct: [APD] PC. NickB: ty
23:35:06 : Direct: [APD] PC. NickB: 3
23:40:56 : Direct: Flames: brb
23:44:01 : Direct: Geoff: friendly
23:45:22 : Group: | Vertex |: u think we will get comp?
23:45:32 : Direct: [EMS] John Rookie: ima transfer it
23:52:00 : Group: [APD] Chief. Stalks: 2 heli at weed processing - aff
23:54:33 : Direct: [APD] PC. NickB: police officer coming to help us
23:55:49 : Direct: [APD] PC. NickB: john get in
