01:02:51 : Direct: White Bob: ELLO
01:02:58 : Direct: Wyer: hey man
01:06:02 : Direct: White Bob: whats up?
01:06:16 : Direct: Wyer: nice gun im lovin it :)
01:06:24 : Direct: White Bob: bang bang
01:06:31 : Direct: Wyer: yes :P
01:07:57 : Direct: Wyer: the real sound is in hous that gun
01:08:25 : Direct: White Bob: come in
01:08:39 : Direct: White Bob: get that guy lets burst his eardrums
01:09:30 : Direct: White Bob: fuckem
01:09:31 : Direct: Wyer: :D
01:09:57 : Direct: White Bob: this is costing me 40k
01:10:22 : Direct: Wyer: i know you r a vip
01:10:28 : Direct: White Bob: im not a vip
01:10:36 : Direct: White Bob: sound up boys?
01:10:37 : Direct: Wyer: donator
01:10:41 : Direct: White Bob: nope
01:10:46 : Direct: Wyer: admin :P
01:10:49 : Direct: White Bob: nope
01:10:53 : Direct: White Bob: just a player
01:11:00 : Direct: Wyer: nice :)
01:11:14 : Direct: White Bob: well that was 200k
01:11:14 : Direct: Sean Wolfington: this isnt that bad :)
01:11:28 : Direct: Sean Wolfington: i am used to shoot long distance
01:11:51 : Direct: White Bob: i cant hit moveing targets for shit
01:11:59 : Direct: Sean Wolfington: ik it can be aids
01:12:03 : Direct: Wyer: my best shoot that weapon is 1,75km
01:12:08 : Direct: Sean Wolfington: longest moving shot around 1.5
01:12:18 : Direct: Sean Wolfington: longest shot ever is 2.8
01:12:25 : Direct: Wyer: cool 
01:12:42 : Direct: White Bob: i useally like a smaller caliber can put more bullets down range
01:12:55 : Direct: Wyer: okay guys im going to work im realy poor man
01:13:18 : Direct: White Bob: get rich or die trying
01:13:57 : Direct: White Bob: looks better with a pistol
01:16:28 : Direct: Sean Wolfington: i saving movney for gang base
01:16:42 : Direct: White Bob: like the badge
01:16:48 : Direct: White Bob: what level are you now?
01:16:57 : Direct: Sean Wolfington: 4 atm
01:17:15 : Direct: White Bob: i have mine up and running now
01:17:25 : Direct: White Bob: i dont get the poind doe you never really use it
01:17:31 : Direct: Sean Wolfington: but at the weekend we will more or less just grind money cause we have a gang of about 10-15
01:17:36 : Direct: Sean Wolfington: ik 
01:17:48 : Direct: Sean Wolfington: my friends just doing it for fun
01:21:14 : Direct: White Bob: MAKE THAT DOLLAR BOIIIIIII
01:21:34 : Direct: Wyer: kk :)
01:22:08 : Direct: Sean Wolfington: so you have any plans ?
01:33:26 : Direct: White Bob: rember me?
01:33:44 : Direct: White Bob: look at the flowers
11:28:12 : Group: King: rob?
11:28:14 : Group: King: admin?
12:42:29 : Direct: White Bob: why
12:42:37 : Direct: White Bob: im wating for jormo
12:43:09 : Direct: White Bob: get in 
12:43:31 : Direct: White Bob: jarmo
12:43:36 : Direct: jorma_000: i my gun
12:43:50 : Direct: White Bob: put your gun in your ferinds car
12:44:39 : Vehicle: White Bob: your freinds are going to try kill me
13:05:23 : Direct: White Bob: ay pussy
13:05:28 : Direct: White Bob: oh 2 grand
13:06:25 : Direct: White Bob: ban me
13:07:19 : Direct: White Bob: say please
13:07:26 : Direct: White Bob: beg me
13:07:36 : Direct: White Bob: curseing wont work
13:07:48 : Direct: White Bob: yup 
13:07:54 : Direct: White Bob: i hate guys like you
13:08:00 : Direct: White Bob: think there funny
13:09:46 : Direct: White Bob: wheres jamoo?
13:58:15 : Direct: [ARM Cpt] Flames: deez gains
14:13:05 : Group: [TOXX] Apollo: /
14:31:15 : Direct: [ARM Cpt] Flames: shit going down?
14:32:07 : Direct: [ARM General] Antony-J: Ill sort that iout now
14:34:42 : Direct: [ARM Cpt] Flames: a class hitman
14:34:47 : Direct: [ARM Cpt] Flames: no money
14:34:50 : Direct: [ARM Cpt] Flames: i already checked
14:34:53 : Direct: [ARM Cpt] Flames: :(
14:39:50 : Direct: [ARM Cpt] Flames: he testing
14:39:53 : Direct: [ARM Cpt] Flames: dont be so rude
14:40:13 : Direct: [ARM Cpt] Flames: burn baby burn
14:44:30 : Direct: [ARM Cpt] Flames: holy shit, the useless gates got used
14:52:30 : Direct: White Bob: wasup
14:52:49 : Direct: White Bob: hello?
14:54:41 : Direct: [ARM Cpt] Flames: PAINTBALLLLLLLLLLLLLLLL
14:54:48 : Direct: White Bob: whats up
14:54:57 : Direct: [TOXX[Lou: herro
14:55:05 : Direct: White Bob: what does toxx stand for?
14:55:19 : Direct: [TOXX[Lou: No idea, Its that secret
14:55:24 : Direct: White Bob: spooky
14:56:57 : Direct: White Bob: wanna go rob gas stations or sumtin?
14:56:59 : Direct: [TOXX[Lou: Hello again
14:57:18 : Direct: White Bob: 'ello
14:57:26 : Direct: [TOXX[Lou: no thanks man dont need the money atm
15:01:06 : Direct: White Bob: did you like my stunt show?
15:06:40 : Direct: White Bob: oh fuck lol
15:07:01 : Direct: White Bob: thats how i do lol
15:07:07 : Direct: White Bob: fuck the pigs
15:07:26 : Direct: White Bob: exactly
15:07:37 : Direct: White Bob: wanna go do it?
15:08:09 : Direct: White Bob: like what?
15:08:25 : Direct: White Bob: yub
15:09:51 : Direct: White Bob: ye im in the bob squad
15:10:01 : Direct: White Bob: some uniforms have it on the clothes
15:10:07 : Direct: White Bob: nah 3 or 4 of us
15:10:18 : Direct: White Bob: what does toxx stand for?
15:10:46 : Direct: White Bob: ask tommy lol
15:11:03 : Direct: White Bob: how long has toxx been in altis?
15:13:52 : Direct: White Bob: can you hear the music?
15:14:35 : Direct: White Bob: could you hear it?
15:15:11 : Direct: [ARM Cpt] Flames: o bby
15:16:01 : Direct: White Bob: wrong song
15:22:35 : Direct: White Bob: i am
15:22:46 : Direct: White Bob: i know
15:25:20 : Direct: White Bob: where did you get the sunglasses from?
15:32:14 : Direct: White Bob: chinese takeaway
15:33:10 : Direct: White Bob: i know what your up to you fuck
15:33:20 : Direct: White Bob: me
15:33:42 : Direct: White Bob: what?
15:34:02 : Direct: White Bob: mar 10 cause when i kill you i want that gun
15:34:15 : Direct: White Bob: alrigth mate
15:34:38 : Direct: White Bob: i like the mar you gonna buy it for me?
15:35:13 : Direct: White Bob: nah mare its dunnis
15:35:18 : Direct: White Bob: thats what im after
15:35:21 : Direct: White Bob: fuck 200k
15:38:19 : Direct: White Bob: ello
15:38:24 : Direct: White Bob: enjoying her?
15:38:43 : Direct: White Bob: il be cool if i get that scope
15:38:50 : Direct: [TOXX] Apollo: /
15:38:51 : Direct: White Bob: other wise your all dead agian
15:39:09 : Direct: White Bob: your gang died 3 times and cried to admins
15:39:18 : Direct: White Bob: not what will happen if i get all the bobs on
15:39:24 : Direct: White Bob: your gang will be fucked
15:39:38 : Direct: VEDU: cause everytime we kill someone1 we get banned
15:39:40 : Direct: White Bob: exactly 
15:39:57 : Direct: White Bob: cause you brake the rules when you do it
15:40:08 : Direct: White Bob: dont want to rather kill you and take it
15:40:23 : Direct: White Bob: i will rob your house
15:40:33 : Direct: White Bob: yes
15:59:23 : Direct: agent.44: hi
15:59:32 : Direct: agent.44: why?
16:12:31 : Direct: [ARM Cpt] Flames: we got specfic gear cus we is arm
16:20:53 : Direct: [ARM Cpt] Flames: how full are you buddy?
16:24:22 : Direct: Nile Base: i dont have anything
16:24:43 : Direct: KRYPTKAladdin: need a ride anywhere?
16:24:51 : Direct: Nile Base: na im good thx
16:43:54 : Group: Sean Wolfington: we got a new toy
16:48:16 : Group: Sean Wolfington: my new dance move
16:49:02 : Group: Sean Wolfington: look at my dank dance move
16:50:48 : Group: Sean Wolfington: 2.3
16:54:41 : Group: Sean Wolfington: solski
16:55:16 : Group: Sean Wolfington: .keep it
16:56:10 : Group: [NHS] Callum Sweetlove: hello
16:56:18 : Group: [NHS] Callum Sweetlove: medic on standby
17:06:34 : Direct: White Bob: hello agency
17:08:12 : Direct: White Bob: little trick iv been working on disaper infront of the targets
17:21:09 : Direct: Gaia: Just here for experience..
17:21:18 : Direct: [ARM General] Antony-J: Get in
17:21:18 : Direct: Gaia: here for exp
17:21:32 : Direct: [ARM General] Antony-J: Thermals op
17:21:36 : Direct: Gaia: Yea
17:21:42 : Direct: Gaia: ya gang not here?
17:21:43 : Direct: Gaia: ah there
17:21:50 : Direct: Gaia: got LRR
17:22:00 : Direct: Gaia: oi
17:22:22 : Direct: Gaia: ALright
17:22:27 : Direct: Gaia: surely
17:22:31 : Direct: Gaia: ill bug off
17:22:41 : Direct: Gaia: my heli kinda wslid down the mountain tho
17:22:49 : Direct: Gaia: so i can just wait if you want.
17:22:58 : Group: Sean Wolfington: jesse you can give oscar the mk14
17:23:09 : Group: Sean Wolfington: he was starting to look
17:23:11 : Group: Sean Wolfington: loot
17:23:20 : Vehicle: Gaia: Rebel if you like
17:23:30 : Vehicle: Gaia: Thanks.
17:23:32 : Group: Sean Wolfington: he starting looting so
17:23:43 : Group: Sean Wolfington: btw get a gun and run
17:23:59 : Vehicle: Gaia: oh yea you can use thermal while being pilot here right?
17:24:05 : Vehicle: Gaia: just hover in this?
17:24:12 : Vehicle: [ARM General] Antony-J: Yh
17:24:17 : Vehicle: Gaia: Thats op :)
17:24:21 : Vehicle: [ARM General] Antony-J: It really is
17:24:34 : Vehicle: [ARM General] Antony-J: The striders also have pretty op Thermals
17:24:38 : Vehicle: Gaia: And no helis have radar, so i guess this heli will have to suffice.
17:24:49 : Vehicle: Gaia: Yea but thats only in 1person while inside right?
17:25:03 : Vehicle: Gaia: Like on king of the hill servers
17:25:09 : Vehicle: [ARM General] Antony-J: No they work for me
17:25:12 : Vehicle: Gaia: oh
17:25:17 : Vehicle: Gaia: i have to get me one of those then
17:30:22 : Direct: White Bob: my gun is poor?
17:30:31 : Direct: Gaia: your whole outfit is poor.
17:30:35 : Direct: White Bob: :(
17:30:38 : Direct: Gaia: whats that? 500dollar?
17:30:42 : Direct: Gaia: Get in the bush!
17:30:46 : Direct: White Bob: stop being so mean
17:35:39 : Group: Sean Wolfington: you get a lyxn as a reward
17:35:47 : Group: Sean Wolfington: yuuuus
17:35:59 : Group: Sean Wolfington: oscar gonna go get em
17:36:42 : Group: Sean Wolfington: one infront
17:36:47 : Group: Sean Wolfington: ohh shit i dont have the lisence xd
17:37:22 : Group: Sean Wolfington: thats enough
17:37:48 : Group: Sean Wolfington: OHH YEA HE BROKE NLR
17:37:54 : Group: Sean Wolfington: jesse got that recorded ?
17:38:01 : Group: Sean Wolfington: ;d
17:38:05 : Direct: White Bob: so
17:38:10 : Group: Sean Wolfington: ohh yes
17:38:14 : Direct: VEDU: mmm
17:38:17 : Direct: White Bob: want to help eachother
17:38:18 : Direct: VEDU: yea
17:38:20 : Direct: VEDU: sure
17:38:31 : Direct: White Bob: ok you know where kore service station is?
17:38:46 : Direct: White Bob: ok go there and wait for me to tell you im in positon
17:38:55 : Direct: VEDU: yea
17:40:01 : Group: Sean Wolfington: ye
17:41:10 : Group: Sean Wolfington: ye
17:41:12 : Group: Sean Wolfington: you dont
17:41:49 : Group: Sean Wolfington: there is one infront XD
17:42:54 : Group: Sean Wolfington: OLD TRF BASE XD
17:43:28 : Group: Sean Wolfington: how much you get ;3
17:44:24 : Group: Sean Wolfington: ye
17:47:46 : Group: Sean Wolfington: 200k
17:48:51 : Group: Sean Wolfington: wut nao
17:50:38 : Group: Sean Wolfington: WHAT XD
17:50:42 : Group: Sean Wolfington: LOCATION ?
17:50:57 : Group: Sean Wolfington: he didnt
17:55:05 : Group: Sean Wolfington: WUT
17:55:24 : Group: Sean Wolfington: realistic
17:55:35 : Group: Sean Wolfington: THATS RELISM
18:01:09 : Group: Sean Wolfington: SOLSKI
18:01:51 : Group: Sean Wolfington: any location on that finish guy
18:04:01 : Group: Sean Wolfington: weed
18:04:12 : Direct: White Bob: whats up
18:04:20 : Direct: White Bob: ye i do
18:05:09 : Direct: White Bob: wanna do me a favou boys
18:05:16 : Direct: White Bob: Favour
18:05:23 : Direct: White Bob: il give you 50k
18:05:37 : Direct: White Bob: if you hover 600m away from the fed
18:05:45 : Direct: White Bob: and i can shoot out of your heli
18:05:54 : Direct: White Bob: cause im a hitman
18:05:59 : Direct: White Bob: snipe a bitch and get out
18:06:17 : Direct: White Bob: jorma
18:06:39 : Direct: White Bob: yes
18:06:47 : Group: Sean Wolfington: SOLSKI SHUT UP
18:07:00 : Group: [NHS]Paddy.D : have you got a repair kit
18:07:03 : Group: Sean Wolfington: FOR WHAT
18:07:09 : Group: Sean Wolfington: TELL US
18:07:13 : Group: Sean Wolfington: WHY 
18:07:18 : Vehicle: White Bob: ye maybe 500
18:07:37 : Group: Sean Wolfington: jump
18:07:49 : Group: Sean Wolfington: well i aint landing
18:07:54 : Vehicle: White Bob: yes
18:07:58 : Group: [ARM Sgt] VibZ: medic!
18:08:08 : Vehicle: White Bob: is your freind comeing?
18:08:12 : Vehicle: White Bob: ye i can
18:08:17 : Vehicle: Sean Wolfington: do it
18:08:17 : Vehicle: White Bob: we will be fine its 1 shot
18:08:23 : Vehicle: White Bob: then we are leaving
18:08:37 : Vehicle: White Bob: lets go
18:08:52 : Vehicle: Oscar Wolfington: did it
18:09:01 : Vehicle: White Bob: wait let me relog and check his lates position now
18:09:05 : Vehicle: Oscar Wolfington: illegal parachuter at pyrgros he might be a terrorist
18:09:08 : Vehicle: Sean Wolfington: ;d tell them he armed asiwlL?
18:09:12 : Vehicle: Sean Wolfington: XD
18:09:20 : Vehicle: Sean Wolfington: tell them at titanuim
18:09:56 : Vehicle: White Bob: 600
18:10:13 : Vehicle: Sean Wolfington: where jay go
18:10:26 : Vehicle: White Bob: i am
18:10:30 : Vehicle: Sean Wolfington: i gonna have to do drug runs
18:10:32 : Vehicle: White Bob: yes he is tehre now
18:10:38 : Vehicle: Sean Wolfington: but not gonna allow soslki to join
18:10:40 : Vehicle: White Bob: i am a hitman i get his last location
18:10:45 : Vehicle: Sean Wolfington: cause he likes to take all of the moneyy
18:10:53 : Vehicle: Oscar Wolfington: haha
18:10:59 : Vehicle: White Bob: marked on map
18:11:17 : Vehicle: White Bob: .vote day 
18:11:22 : Vehicle: White Bob: highish
18:11:25 : Vehicle: Sean Wolfington: going north
18:11:51 : Vehicle: White Bob: i think theres a fed happening
18:12:03 : Vehicle: White Bob: hover
18:12:07 : Vehicle: White Bob: press x
18:12:37 : Vehicle: White Bob: unlock so i can put my lrps on
18:12:42 : Vehicle: White Bob: get out of here
18:12:54 : Vehicle: White Bob: get out of here now
18:13:00 : Vehicle: White Bob: we are getting warning shots
18:13:08 : Vehicle: White Bob: leave
18:13:18 : Group: [NHS]Paddy.D : NO REVIVES AT FED BEFORE OR AFTER LADS!!!!!!!!!!!!!
18:15:18 : Direct: White Bob: tell your mate to come here will ye
18:15:26 : Direct: White Bob: i wanna cover his chopper
18:16:27 : Group: Sean Wolfington: well every here knows he is the shittest pliot here
18:17:01 : Group: Sean Wolfington: i have to eat
18:17:04 : Group: Sean Wolfington: brb
18:19:48 : Direct: White Bob: you mother fucker
18:19:52 : Direct: White Bob: hahaha
18:19:55 : Direct: White Bob: nope
18:20:06 : Direct: White Bob: is your chopper alright?
18:20:37 : Direct: White Bob: sorry couldent ehar you
18:20:54 : Direct: White Bob: ok
18:23:11 : Direct: White Bob: hello
18:23:14 : Direct: White Bob: vedu
18:23:30 : Direct: White Bob: wanna work together?
18:24:20 : Direct: Gaia: need a lift to garage?
18:24:26 : Direct: Gaia: Or place where you buy bag
18:33:52 : Direct: White Bob: can you hear it?
18:35:57 : Direct: White Bob: let us in party bus
18:36:16 : Group: [APD] PC.HarryDaWizard: NEED BACK UP AT FIREARM REPAIRS!!
18:40:42 : Direct: jorma_000: xddd
18:41:39 : Vehicle: Marcus Wolfington: fuck yea man
18:41:44 : Vehicle: White Bob: lets roll
18:42:16 : Vehicle: White Bob: arm base?
18:42:32 : Vehicle: White Bob: there gonna kill me :(
18:43:01 : Direct: White Bob: any requets?
18:43:12 : Direct: White Bob: shitty base
18:57:55 : Direct: [ARM Sgt] VibZ: leave ples
19:42:24 : Direct: Adam Diaz: Lvote day
19:44:57 : Group: [ARM General] Tango: ANTONY
19:45:00 : Group: [ARM General] Tango: MARK ON MAP WHERE HE IS
19:45:03 : Group: [ARM General] Tango: ILL GO PULL HIM OUT
19:45:26 : Group: [ARM General] Tango: got it
19:46:59 : Direct: Gaia: aha
19:47:37 : Group: [ARM General] Tango: anthony mark him
19:47:44 : Group: [ARM General] Tango: black dot?
19:47:45 : Group: [ARM General] Tango: k
19:50:29 : Direct: Gaia: Speak nicely.
19:50:41 : Group: Mr.William: skjer?
19:50:50 : Group: Emil: gjett kor eg e
19:51:17 : Group: Mr.William: rebel?
19:51:21 : Group: Emil: nope
19:51:26 : Group: Emil: ARM gang base
19:51:27 : Group: Mr.William: arm
19:51:32 : Group: Mr.William: koffer?
19:51:44 : Group: Emil: ska dreppa Anthony-J fer 2,4 mil
19:51:53 : Group: Mr.William: e han der?
19:52:02 : Group: Emil: va, i allefall
19:53:14 : Group: Mr.William: lurt
19:53:46 : Group: [ARM General] Tango: mark it ant
19:54:05 : Group: [ARM General] Tango: anttttt mark itttt
19:54:11 : Group: [ARM General] Tango: got him
19:54:40 : Direct: aksel: we are landing
19:58:32 : Direct: [APD] Supt. Martyr: APD
19:58:33 : Direct: [APD] Supt. Martyr: STOP
20:03:03 : Direct: [APD] Supt. Martyr: vdm
20:19:19 : Group: Wyer: ----..
20:33:08 : Direct: Sanjeet Loom: /VOTEDAY
20:33:44 : Group: Paddy.C: I DONT PLAY SIEGE!
20:36:12 : Direct: Damize: wooohooo
20:36:21 : Direct: Damize: thanks :D
20:39:51 : Group: [LPH] Heisenberg: say my name
20:39:57 : Group: [LPH] Heisenberg: My name is jeff
20:43:21 : Direct: Sif: take it easy
20:44:58 : Direct: [ARM Cpt] Flames: PERMISION TO KILL
20:57:45 : Direct: Gaia: THERE WAS A TOOLKIT IN IT
20:57:49 : Direct: Gaia: THEY SPAWN WITH ONE
20:59:24 : Group: [APD] Supt. Martyr: 3:1 pancakes
20:59:29 : Group: [APD] Supt. Martyr: need to up your game pal
21:02:51 : Group: Damon01: .
21:05:59 : Direct: [APD] Supt. Martyr: geat success!
21:09:30 : Vehicle: William: skal vi gjøre weed?
21:09:37 : Vehicle: Jakob: sure
21:15:58 : Direct: Gaia: maybe you cant inside safezones
21:16:01 : Direct: Gaia: lets go outside safezone
21:19:24 : Vehicle: William: marine
21:19:31 : Vehicle: William: marnie*
21:19:34 : Direct: Magne: Bebe Magne
21:20:01 : Vehicle: Magne: Bebe Magne
21:23:58 : Direct: odd_v: nice car m8
21:26:10 : Direct: Gaia: ARRRGH
21:28:48 : Direct: [APD] Supt. Martyr: Hang in there sir
21:28:52 : Direct: [APD] Supt. Martyr: Don't go into the light
21:28:57 : Direct: [APD] Supt. Martyr: keep your eyes open!
21:29:11 : Direct: [APD] Supt. Martyr: there you go sir, please rest for some time and don't strain
21:29:15 : Direct: Damon01: Why are your NV goggles probing me?
21:29:16 : Direct: [APD] Supt. Martyr: do you need a ride to kavala?
21:29:29 : Direct: Damon01: Please
21:29:33 : Direct: [APD] Supt. Martyr: Yes sir
21:29:38 : Direct: [APD] Supt. Martyr: I was just helping this gentleman
21:29:47 : Direct: [APD] Supt. Martyr: eta 1 min cris
21:29:57 : Direct: [APD] Supt. Martyr: omg
21:30:06 : Direct: [APD] Supt. Martyr: Sir
21:30:12 : Direct: [APD] Supt. Martyr: Please be more careful
21:30:21 : Direct: [APD] Supt. Martyr: my helicopter could have depapitated you
21:30:39 : Direct: Damon01: What direction you going uin?
21:30:45 : Direct: [APD] Supt. Martyr: south
21:30:49 : Direct: Damon01: K
21:30:51 : Direct: [APD] Supt. Martyr: 1 guy close to kavala
21:30:53 : Direct: [APD] Supt. Martyr: then to kavala
21:31:38 : Direct: Damon01: Why cant i activate my Mic?
21:32:10 : Direct: Damon01: It says"Display cannot be closed" when setting up the controls
21:32:11 : Group: [APD] Supt. Martyr: oi
21:32:14 : Group: [APD] Supt. Martyr: MY EXP!
21:32:37 : Direct: [APD] Supt. Martyr: OH
21:32:48 : Direct: cris: thank you sir
21:32:52 : Direct: [APD] Supt. Martyr: you cannot change controls whilst on the server
21:32:53 : Direct: [NHS] Dr. Senju: Anytime lover
21:32:57 : Direct: Damon01: Oh...
21:33:02 : Direct: Damon01: Whats the defauly normally
21:33:08 : Direct: [APD] Supt. Martyr: caps lock
21:33:27 : Direct: Damon01: k
21:34:19 : Vehicle: [APD] Supt. Martyr: did you havea gun?
21:34:32 : Vehicle: Damon01: aND A LICENCE..
21:34:34 : Vehicle: [APD] Supt. Martyr: if you are dead and there is a gun they have to take it
21:34:40 : Vehicle: [APD] Supt. Martyr: someone could pick it up
21:34:45 : Vehicle: Damon01: They took my money, and my clothes, and my bag.
21:34:49 : Vehicle: [APD] Supt. Martyr: they don't know if you  have license
21:34:53 : Vehicle: [APD] Supt. Martyr: x.x
21:35:08 : Vehicle: Damon01: Oh well. Im going on a hgunting spree, cheers :)
21:35:25 : Direct: [APD] Supt. Martyr: Yw sir
21:45:47 : Group: [APD] Supt. Martyr: dunis sees it?
21:45:50 : Group: [APD] Supt. Martyr: I am clear
21:46:18 : Group: [APD] Supt. MrDunis: marjked iut
21:46:59 : Group: [APD] Supt. MrDunis: Lost eyes in some weird way
21:47:05 : Group: [APD] Supt. MrDunis: nvm see it again
21:47:12 : Group: [APD] Supt. MrDunis: .they are out and hiding in the wood
21:49:12 : Group: [APD] Supt. MrDunis: care of the friend 
21:49:54 : Group: [APD] Supt. MrDunis: going back to agios CP to get a hellcat-
21:49:56 : Group: [APD] Supt. MrDunis: stay around please
22:00:48 : Direct: Callumsweetlove: MY XCAR
22:00:53 : Direct: Callumsweetlove: IT NEEDS REPAIRING
22:00:56 : Direct: Callumsweetlove: PLEASE , THANK YOU
22:00:59 : Direct: lilcan: aluakbr
22:01:59 : Direct: [APD] Insp.Gadget: open da car boi
22:13:22 : Direct: [APD] Insp.Gadget: LEAVE THE AREA PLEASE
22:22:45 : Direct: [APD] Supt. Martyr: doing shops :P
22:22:46 : Direct: [APD] Supt. Martyr: sup
22:25:09 : Group: [APD] Mst Sgt. Pancakes: Cya
22:31:22 : Direct: Kalem: oh no 
22:32:18 : Direct: [APD] Supt. Martyr: my money!
22:46:30 : Direct: Wyer: hey man
22:46:35 : Direct: White Bob: hey
22:51:28 : Direct: [ARM Cpt] Flames: halp
22:51:41 : Direct: [ARM Cpt] Flames: zeth
22:51:45 : Direct: [ARM Cpt] Flames: you got the bug spawn
22:51:51 : Direct: [ARM Cpt] Flames: got the smoke nades?
22:52:03 : Direct: [NHS] Zeth: no
22:52:14 : Direct: [ARM Cpt] Flames: rekt
22:53:51 : Direct: [ARM Cpt] Flames: push the strider first
22:54:24 : Direct: White Bob: let me go get proper speed
22:54:46 : Direct: [NHS] Zeth: ant
22:54:51 : Direct: [NHS] Zeth: ant
23:04:16 : Direct: White Bob: OFFICER
23:04:18 : Direct: White Bob: ITS LOCKED
23:29:55 : Direct: [ARM Cpt] Flames: WHERES MY GUN
23:29:57 : Direct: [ARM Cpt] Flames: IT WAS LEGAL
23:30:09 : Direct: [ARM Cpt] Flames:  #fuckdapolice
23:55:08 : Direct: [Naked] YouWontCatchMe: sHUT
23:59:52 : Direct: Felix c:: lel
