00:08:50 : Group: BRITLANNNNND!: no
00:08:58 : Group: BRITLANNNNND!: the mk is the good sniper right?
00:09:03 : Group: Kalem: yea
00:09:04 : Group: [APD] PCSO. Bob: did the ts go down?
00:09:16 : Group: BRITLANNNNND!: mk-I
00:09:32 : Group: BRITLANNNNND!: which 1 u using
00:09:50 : Group: BRITLANNNNND!: ya cant find it
00:10:02 : Group: Ali: teamspeak down?
00:10:16 : Group: Chicken Lips: just look at the vid
00:10:50 : Group: Flames: no
00:10:55 : Group: Flames: doing titanium run baby
00:18:51 : Direct: Ali: thanks kalem
00:20:50 : Group: BRITLANNNNND!: how do i look in dead bodies
00:23:02 : Group: Flames: these guys like to bitch jesus
00:23:16 : Direct: Kalem: ALI
00:23:25 : Direct: Ali: one second sorry
00:23:41 : Direct: Kalem: okay thanks
11:39:39 : Direct: Kalem: hello
11:39:49 : Direct: Kalem: hi
11:55:28 : Direct: McNUGGETS: level of autism on kalem is high
11:56:28 : Direct: Ahmed: so boys who wants to suck my dick
15:30:02 : Direct: Emil: hey man
15:30:05 : Direct: Emil: yup
15:30:07 : Direct: Emil: im italian
15:30:25 : Direct: White Bob: wazzap
15:30:28 : Direct: Emil: NOT MUCH
15:30:33 : Direct: Emil: farmmming
15:30:37 : Direct: White Bob: yup yup
15:30:53 : Direct: Emil: was at weed field earlier, got shot at by some dued there
15:31:02 : Direct: Emil: dude, that is
15:31:07 : Direct: White Bob: what was his name?
15:31:19 : Direct: Emil: ah, i didnt see it,  was still hovering with my orca
15:31:25 : Direct: Emil: i just left, no biggie
15:31:28 : Direct: White Bob: ye
15:31:46 : Direct: White Bob: someone is building a base on the hill i seen a plot up there
15:31:55 : Direct: Emil: by weed?
15:32:02 : Direct: White Bob: ny opium
15:32:11 : Direct: White Bob: *opium
15:32:23 : Direct: Emil: this hill,  SE for us?
15:32:43 : Direct: White Bob: nnw or nw
15:32:52 : Direct: Emil: okay, thx for the heads up
15:32:52 : Direct: White Bob: he not there just the pole
15:32:56 : Direct: Emil: ah
15:33:06 : Direct: Emil: wonder which gang it is
15:33:37 : Direct: White Bob: ftp vests have a base yet?
15:33:51 : Direct: Emil: no, noone have been willing to spit in THAT much money yet
15:53:45 : Group: Koala: ื/voteday
16:06:18 : Direct: B2SX: white bob
16:06:28 : Direct: White Bob: ye
16:06:32 : Direct: White Bob: ?
16:06:47 : Direct: B2SX: it was 135?
16:06:51 : Direct: B2SX: ye?
16:06:57 : Direct: White Bob: 130
16:07:03 : Direct: B2SX: ok
16:07:21 : Direct: B2SX: look thats why i didnt want you to have gun on hand
16:07:27 : Direct: B2SX: see?
16:07:48 : Direct: White Bob: fuck you couldent do this before
16:07:57 : Direct: White Bob: they broke it with the update
16:18:16 : Group: Koala: ...
16:21:23 : Direct: Emil: K
16:24:52 : Direct: Alex Krimes: Ctrl+y
16:25:28 : Direct: Emil: JEPP
16:25:33 : Direct: Alex Krimes: Nice:)
17:21:02 : Direct: Jjay: can i have a small lone
17:21:04 : Direct: Jjay: and thx
17:21:13 : Direct: Jjay: duno
17:21:51 : Direct: Jjay: 40k?
17:22:46 : Direct: Jjay: rly
17:23:14 : Direct: Jjay: i dont need money now
17:23:35 : Direct: Jjay: ?
17:23:42 : Direct: Jjay: sorry?
17:24:01 : Direct: Jjay: i know.
17:26:51 : Direct: Chicken Strips: whos konan
17:27:32 : Direct: Chicken Strips: my what?
17:27:43 : Direct: Ahmed: bellend 
17:27:53 : Direct: Ahmed: does your bellend have armour
17:34:07 : Direct: Mr Tree: this dude have adhd?
17:34:23 : Direct: Mr Tree: should be put down
17:36:26 : Direct: Anjo Diabolico: .im /im on phone
17:36:59 : Direct: Anjo Diabolico: im on phone, 2 min
17:37:18 : Vehicle: [APD] PCSO. Morrisino: you sure your okay to drive Sarg?
17:39:20 : Vehicle: Chicken DrumStick: fair warning, i have no ammo for this
17:39:51 : Vehicle: Flames: its kalem, you can kill him with words
17:41:01 : Vehicle: [APD] PCSO. Morrisino: thorben lad let me drive
17:41:44 : Group: Wiggles: PIPE IT UP
17:42:18 : Group: Wiggles: free nudes my pussy is wet right now call me 978-271-9920
17:46:25 : Direct: Rusty: Wag 1
17:48:15 : Vehicle: Flames: aff friendly
17:48:36 : Vehicle: Chicken DrumStick: k
17:51:19 : Direct: Flames: well
17:53:46 : Direct: Flames: i think so, still counts as a warzone i guess
17:54:11 : Direct: Flames: friendly hunter on ridge
17:59:16 : Direct: Rusty: hold one one sec
18:01:06 : Vehicle: Rusty: I'm back one second
18:01:22 : Vehicle: Rusty: Hello?
18:05:14 : Group: [APD] Sgt. Thorben: /
18:18:53 : Group: [APD] Chief. Stalks: spammking?
18:20:13 : Direct: Fekky Wap: nlkr
18:20:29 : Direct: Fekky Wap: nlr
18:20:31 : Direct: Fekky Wap: NICE 1
18:24:02 : Group: [APD] PCSO. Morrisino: stalks??
18:30:06 : Group: [APD] Supt. MrDunis: Thorben & Eukan go check my hunter marker please
18:30:16 : Group: [APD]Chf Insp. Eukanubae: roger
18:30:22 : Group: [APD]Chf Insp. Eukanubae: blowing up hellcat
18:30:38 : Group: [APD] Supt. MrDunis: Hellcats are not illegal are they? o.O Only armoured vehicles
18:32:34 : Group: [APD] PCSO. Bob: tell us if you catch him
18:38:46 : Group: [APD]Chf Insp. Eukanubae: to heroin processing
18:41:03 : Group: [APD] PCSO. Bob: fatruff any idea how many people are in the huron?
18:41:10 : Group: [APD] Supt. MrDunis: Bob and Morrisino careful of the marked gang base. They tend to be trigger happy sometimes
18:42:30 : Group: [APD] Supt. MrDunis: Fucking called it
18:42:34 : Group: [APD] Supt. MrDunis: Guys the gang base is marked
18:42:39 : Group: [APD] Supt. MrDunis: THose are the once who messaged you guys
18:42:53 : Group: [APD] Supt. MrDunis: Stay hidden
18:42:57 : Group: [APD] Supt. MrDunis: They have the advantage
18:43:03 : Group: [APD] Supt. MrDunis: Higher grounds - And its their base
18:43:41 : Group: [APD] Supt. MrDunis: I'm waiting for Nifo then we will be imbound to assist
18:52:24 : Group: [APD] Supt. MrDunis: They shot us from teh gangbase
18:57:57 : Direct: Jackie Chan: yeh
18:58:01 : Direct: Jackie Chan: sec
18:58:14 : Direct: Emil: if u got it recorded, its fine i guess
19:06:07 : Group: Alex Krimes: Mute Curse
19:06:15 : Group: [APD]Chf Insp. Eukanubae: 'd
19:07:24 : Group: [APD] Supt. MrDunis: Keep in my now guys that someone got their hands on a GhostHawk
19:07:34 : Group: [APD] Supt. MrDunis: mind*
19:09:45 : Group: [APD] Chief. Stalks: thanks spamm
19:10:55 : Group: [APD] Supt. MrDunis: Reminder to all cops - Keep your eyes out for a Ghosthawk. If you see it please call it in
19:17:16 : Group: [APD] Supt. MrDunis: Once again please keep your eyes out for a Ghosthawk. I hardly believe it's not going to be used for a federal or something similar
19:24:01 : Direct: [APD] Insp. fatruff3: can you type
19:30:06 : Direct: [APD] PCSO. Bob: get out
19:44:14 : Direct: [APD] PCSO. Bob: get in cops
19:47:02 : Direct: [APD] PCSO. Bob: get in
19:56:41 : Direct: [APD] Insp. fatruff3: '/day
19:58:41 : Vehicle: [APD] PCSO. Bob: direct
19:58:59 : Direct: Black Bob: NOT WORKING INSIDE A CAR?
20:02:44 : Direct: [APD] PCSO. Bob: GET IN COVER
20:05:52 : Group: [APD]Chf Insp. Eukanubae: Gj
20:08:02 : Vehicle: [APD] PSCO.HarryDaWizard: No
20:08:41 : Group: [APD]Chf Insp. Eukanubae: Dont go to that drug dealer, they are simply there to RDM...
20:09:24 : Vehicle: [APD] PCSO. Bob: wanna pick up bob he can be copz
20:09:38 : Group: [APD] Sgt. Thorben: ยง/
20:12:41 : Vehicle: [APD] PCSO. Bob: just give air sport
20:16:29 : Group: [APD]Chf Insp. Eukanubae: Do some RP before you put him in jail.
20:16:45 : Group: [APD] PCSO. Bob: ham is doing it now
20:19:25 : Group: [APD]Chf Insp. Eukanubae: 3 GUYS RUNNING TO ATHIRA POLICE STATION
20:19:28 : Group: [APD]Chf Insp. Eukanubae: VISIBLE UNARMED.
20:24:37 : Group: [APD] PC.Potato: I WANT 1 MIL COMP FOR MY LYNC
20:25:07 : Group: [APD] PC.Potato: give me comp or i report u 4 vdm
20:26:46 : Vehicle: Kalem: stfu faggot
20:26:58 : Vehicle: Ahmed: he doesnt know im taking the piss
20:30:02 : Direct: Tango: hello#
20:31:40 : Direct: [APD] PCSO. Morrisino: patrol together??
20:35:33 : Vehicle: [APD] PCSO. Morrisino: jano come to kav chat on ts :P
20:38:12 : Group: [APD] Chief. Hamilton: going to heorin
20:38:23 : Group: [APD] PC.Potato: ditto
20:40:47 : Vehicle: [APD] PCSO. Morrisino: go check opium processing :) 
20:41:12 : Group: Kalem: tell him i need 2 more
20:41:50 : Group: Kalem: heli down 
20:42:03 : Group: Kalem: gunna wait till restart and 
20:42:03 : Vehicle: [APD] PCSO. Morrisino: ben lets go respond to gang heroin??
20:42:06 : Group: Kalem: and no 
20:42:12 : Group: Kalem: say no 
20:42:19 : Group: Kalem: but ima combat log 
20:42:38 : Vehicle: [APD] PCSO. Morrisino: btw i'm not a higher rank just suggesting ideas pal :P
20:43:08 : Group: [APD] PCSO. Morrisino: potato still need backup??
20:43:35 : Group: [APD] PCSO. Bob: we have the truck found but are trying to stop it
20:45:10 : Vehicle: [APD] PCSO. Morrisino: move towards athira think potato and others have it under control
20:45:35 : Group: [APD] Chief. Hamilton: ticket is 112,300
20:45:54 : Group: [APD] PCSO. Morrisino: hamilton you have it under control?
20:45:59 : Group: [APD] Chief. Hamilton: all good
20:46:04 : Group: [APD] PCSO. Morrisino: okay :)
20:47:31 : Group: [APD] PCSO. Morrisino: euk look on map have marked a guy
20:47:32 : Vehicle: [APD] PCSO. Bob: you never beat the law
20:47:40 : Vehicle: Wiggles: almost
20:47:44 : Vehicle: [APD] PCSO. Bob: i used to be like you
20:47:50 : Vehicle: [APD] PCSO. Bob: now im a man of the lord
20:48:08 : Vehicle: Wiggles: ima do it again
20:48:09 : Vehicle: [APD] PCSO. Bob: i fougth the law but the law won
20:48:14 : Vehicle: Wiggles: some were secert
20:48:20 : Vehicle: [APD] PCSO. Bob: well ima send your ass back to jail
20:48:25 : Vehicle: Wiggles: nooooooooooooooo
20:48:32 : Vehicle: Wiggles: ill sew u
20:48:47 : Vehicle: Wiggles: thats illegal to put me in jail
20:49:44 : Vehicle: [APD] PCSO. Morrisino: let me fast rope down :P
20:54:05 : Group: [APD] Chief. Hamilton: Harry just a FYI. Like everyone around you is wanted. Remember to check the wanted list when you see civs.
20:59:23 : Direct: Jackie Chan: can u asnwer me
20:59:26 : Direct: Jackie Chan: wtf are u doing
20:59:28 : Direct: Jackie Chan: ?
20:59:32 : Direct: Jackie Chan: can u answer me
20:59:34 : Direct: Jackie Chan: please.
20:59:40 : Direct: Jackie Chan: OMG
20:59:45 : Direct: Jackie Chan: reported.
21:08:00 : Group: [APD] PSCO.HarryDaWizard: BACK UP AITHRA!!!!!!!!
21:19:01 : Vehicle: Colonel Sanders: here plz
21:51:29 : Direct: Jackie Chan: WHAT
21:51:37 : Direct: Jackie Chan: BELLSNIFER
21:51:39 : Direct: Alex Krimes: give me key to broken chopper ahahha
21:51:43 : Direct: Jackie Chan: DONT HAV IT
21:58:39 : Group: [NHS] Dr. Hermes: Right crtl+M
22:04:14 : Group: [NHS] Callum Sweetlove: kalem , 6.2 km away , on ,my way
22:09:58 : Direct: NickB: wtf
22:10:44 : Group: Kalem: GOT A GOOD SHODOW PLAY OF DAT ONE 
22:11:00 : Group: Ahmed: mate it was an accident
22:11:04 : Group: Kalem: i want 300k comp 
22:11:07 : Direct: NickB: come safezone
22:11:15 : Group: Ahmed: if you want to start this i have screenshots of you killing me with a 50 before
22:11:17 : Group: Kalem: i said stop didnt i?/
22:11:19 : Direct: NickB: you help channel
22:11:23 : Direct: NickB: u shit dick
22:11:27 : Group: Ahmed: where was my 50 cal before?
22:11:39 : Group: El Chapo: come back here u lil bitch
22:11:52 : Direct: Gunter Bambino : i love you
22:12:07 : Direct: Gunter Bambino : 50000  i love you 
22:12:15 : Group: Kalem: got proof of you killing me in safezone mate = 300k 
22:12:30 : Group: [APD] PC.Potato: i wanted to get in
22:12:35 : Group: Ahmed: mate i have you rdming before
22:14:31 : Vehicle: Jackie Chan: NO
22:14:33 : Vehicle: Jackie Chan: pls
22:19:00 : Group: [APD] PCSO. Bob: are you allowed hit people with cars?
22:19:30 : Group: [APD] Chief. Hamilton: unfortunately, yes
22:19:53 : Group: [APD] PCSO. Bob: ham that guy is in a strider can you go try get him?
22:20:09 : Group: [APD] Chief. Hamilton: will go now
22:20:13 : Group: [APD] Chief. Hamilton: kavala??
22:20:31 : Group: [APD] PCSO. Bob: no at airport robbory
22:20:33 : Group: [APD] PCSO. Morrisino: no near airport
22:20:35 : Group: [APD] PCSO. Bob: *robbory
22:20:43 : Group: [APD] PCSO. Bob: hes at gravia
22:20:53 : Group: [APD] PCSO. Bob: morriso sees him
22:24:27 : Group: [APD] PCSO. Morrisino: gj 
22:27:54 : Direct: Jackie Chan: sorry
22:28:03 : Direct: Jackie Chan: didnt mean too
22:29:05 : Direct: [NHS] Mike: Can't get him out
22:30:55 : Group: [APD] PCSO. Bob: that gas station that says its getting robbed is empty
22:32:12 : Direct: ChiChi: BELLENDS
22:34:03 : Group: [NHS] Mike: I don't even see Emil on the map
22:34:11 : Group: [NHS] Dr. Hermes: kavala
22:34:22 : Group: [NHS] Dr. Hermes: ill take him
22:34:33 : Group: [NHS] Dr. Hermes: north of kavala.
22:34:49 : Group: [NHS] Mike: I see him, how close are you? I can fly to him and just send you the 10k if you want?
22:35:00 : Group: [NHS] Dr. Hermes: Im there in 3km
22:35:04 : Group: [NHS] Mike: Or we can team up, I'll fly and you can jump out to revive people?
22:35:06 : Group: [NHS] Dr. Hermes: Ill keep kvala area covered
22:35:10 : Group: [NHS] Mike: kk wanmna team afterwards?
22:35:16 : Group: [NHS] Dr. Hermes: go with the new guy insted
22:35:19 : Group: [NHS] Dr. Hermes: He could use the experience
22:35:39 : Group: [NHS] Mike: Who's the new guy :)? Callum?
22:37:42 : Vehicle: Emil: to kavala :)
22:39:04 : Group: [NHS] Mike: got him
22:39:10 : Direct: Emil: CYA
22:39:17 : Group: [NHS] Dr. Hermes: IM 1KM AWAY
22:39:22 : Group: [NHS] Dr. Hermes: Want me to take him_
22:39:27 : Group: [NHS] Mike: sure
22:39:31 : Group: [NHS] Dr. Hermes: roger that
22:39:36 : Group: [NHS] Dr. Hermes: why are you not on TS?
22:39:50 : Group: [NHS] Mike: watching a movie on the second monitor
22:39:53 : Group: [NHS] Dr. Hermes: ahh
22:39:56 : Group: [NHS] Dr. Hermes: Coolio
22:43:27 : Group: [NHS] Dr. Hermes: Active firefight 
22:43:30 : Group: [NHS] Dr. Hermes: at nugget and nick
22:43:35 : Group: [NHS] Dr. Hermes: Im waiting for a go.
22:43:41 : Group: [NHS] Dr. Hermes: No need to respond to them.
22:45:56 : Group: [NHS] Callum Sweetlove: Mike , we going to madwhiz?
22:46:02 : Group: [NHS] Mike: ya
22:48:55 : Direct: [NHS] Callum Sweetlove: mike , if we land again , ill give u 5k for assist
22:49:53 : Direct: Sabet: THIS GUY GOT ME OUT
22:50:36 : Group: [NHS] Mike: He's up here by the rocks
22:51:36 : Group: [NHS] Mike: Callum
22:52:48 : Direct: [NHS] Callum Sweetlove: do we assist them or not
22:53:09 : Group: [NHS] Mike: I was under the impression this was a clear area
22:53:44 : Direct: [NHS] Callum Sweetlove: nvm
22:53:46 : Group: [NHS] Mike: did you?
22:53:55 : Direct: [NHS] Callum Sweetlove: no , hes still down
22:54:04 : Direct: [NHS] Callum Sweetlove: ill rope it down
22:54:22 : Direct: [NHS] Callum Sweetlove: i cant go down anyway lol
22:54:28 : Direct: [NHS] Callum Sweetlove: can i?
22:54:32 : Direct: Sabet: hello
22:56:34 : Group: [NHS] Mike: a
23:01:54 : Group: [NHS] Mike: Logging off, need food, bbl
23:02:14 : Group: [NHS] Dr. Hermes: Alright
23:26:35 : Direct: Jake: /voteday
23:26:44 : Direct: Jake: voteday
