00:02:41 : Group: White Bob: we will turn him in
00:02:57 : Direct: Juan Maria Carlos II: bye
00:04:31 : Group: White Bob: we will turn him in
00:05:52 : Group: «ŦŘĐ» Hazza: I HAVent loaded in
00:06:04 : Group: «ŦŘĐ» Hazza: where am i in the map
00:07:08 : Group: «ŦŘĐ» Hazza: oi
00:07:14 : Group: «ŦŘĐ» Hazza: where am i on themap
00:07:46 : Group: «ŦŘĐ» Hazza: tell me where i am on the fricking map
00:07:59 : Group: «ŦŘĐ» Domo Black: DEBUG ISLAND
00:09:53 : Direct: Zelena: Ill sell you a lynx for 100k with 3 mags
00:10:11 : Direct: Zelena: or a zafir for 50k with 1 mag
00:10:38 : Direct: (BIH) Erran: ill message u later
00:11:12 : Group: «ŦŘĐ» Hazza: it all good
00:11:31 : Group: [APD] Chief. Stalks: we need to move... the hostage ....
00:12:17 : Group: [Cpl] ANGeR: anthony
00:12:21 : Group: [Cpl] ANGeR: do u need help there ? 
00:12:23 : Group: «ŦŘĐ» Hazza: give me 2 secs getting money done
00:12:31 : Direct: HussyPunter: YOU RAISE ME UP
00:12:31 : Group: «ŦŘĐ» Hazza: just wait
00:12:36 : Direct: HussyPunter: SO I CAN STAND ON MOUNTAINS
00:12:46 : Direct: HussyPunter: YOU RAZZZZE ME UPPPPPPP
00:13:11 : Direct: Zelena: IS THIS YOUR TRUCK
00:16:17 : Direct: Zelena: My what?
00:16:28 : Direct: Zelena: you want to by my hwat
00:22:49 : Group: Paddy.D: YEAH IM WITH STALKS FRIEND WHATS UP WE LEAVING
00:25:57 : Direct: Zelena: oy
00:26:01 : Direct: Zelena: No
00:26:06 : Direct: Zelena: someone else was shooting my car/
00:26:10 : Direct: [APD]PC. Sean: who was shooting befire
00:26:11 : Direct: Zelena: and stole my shit
00:26:26 : Direct: [APD]PC. Sean: do u know who they were
00:26:37 : Direct: Zelena: Derive or whateverr
00:26:43 : Direct: Zelena: come to square with me
00:27:09 : Direct: [APD]PC. Sean: unlock
00:27:46 : Direct: Zelena: OMG
00:28:56 : Direct: Zelena: over here police
00:28:59 : Direct: Zelena: the perp
00:29:30 : Direct: Zelena: drop the gun
00:29:57 : Direct: Zelena: PLEACE
00:29:59 : Direct: Zelena: POLICE
00:30:05 : Direct: Zelena: DO YOUR FUCKING JOB
00:30:19 : Direct: Zelena: IM REPORTING YOU FOR HACKING, SINCE YOU STOLE MY GUNS FROM A LOCKED CAR
00:30:58 : Group: [APD] Supt. MrDunis: Federal?
00:31:12 : Direct: Zelena: POLICE
00:31:14 : Direct: Zelena: HE STOLE MY GUN
00:31:24 : Direct: Zelena: YOU STOLE IT
00:31:35 : Direct: Dommex: it wasnt me
00:31:41 : Direct: Zelena: iM DONE
00:33:25 : Group: [APD] PC. Felix: MAN MARTIN U FROM ICELAND 
00:33:42 : Group: [APD]Master Kermit: Auðvitað ... !
00:34:03 : Group: [APD] PC. Felix: I am not from Iceland, just a beast fking country, writing a report on it in school right now lel
00:45:39 : Group: Paddy.C: EVRYONE IS BOTHERED ABOUT COMMS!
00:45:44 : Group: Paddy.C: *COMP
00:48:32 : Group: Paddy.C: gas station robbery!!!!!!!¬!!
00:48:36 : Group: Paddy.C: lets go!!!
00:50:22 : Direct: «ŦŘĐ» Domo Black: /vote day
00:50:27 : Group: (435) DerRivE: vvote dau
01:46:44 : Direct: [APD] Supt. Martyr: Hi sir, you are really quiet
01:46:48 : Direct: [APD] Supt. Martyr: it's hard to hear you
01:49:56 : Direct: Paddy.D: you alright fatruff or nes i forget
07:21:50 : Group: [Cpl] Alex(wolf): ..
09:06:47 : Group: [General] RoD: Ross
09:06:49 : Group: [General] RoD: u here?
10:45:03 : Group: [Pvt] Ross: CTRL YA
10:45:17 : Group: [Pvt] Ross: Y*
10:45:55 : Group: [Pvt] Ross: CTRL Y
11:42:08 : Direct: [HATO]Paddy.S: hi
11:42:11 : Direct: Gaz Mazk: hi
11:42:14 : Direct: Gaz Mazk: how do i become HATO?
11:42:22 : Direct: [HATO]Paddy.S: apply on the fourums
11:42:40 : Direct: Gaz Mazk: is there a teamspeak?
11:42:44 : Direct: [HATO]Paddy.S: yep
11:42:48 : Direct: Gaz Mazk: can you link ip?
11:43:29 : Direct: [HATO]Paddy.S: 216.127.64.88:5748
12:27:11 : Group: Dimitri Volkov: g
12:29:56 : Direct: MrKadafi: ok firearms
12:30:14 : Direct: MrKadafi: fok die hitman lisc
12:30:41 : Direct: MrKadafi: kan seke as jy will ma jy kort ees rebel lesensie
12:30:53 : Direct: MrKadafi: volga my
12:31:09 : Direct: MrKadafi: kom
12:31:56 : Direct: MrKadafi: km net
12:32:45 : Direct: MrKadafi: vat hm
12:34:21 : Group: MrKadafi: eeste kee wat dit  gebe
12:36:20 : Group: MrKadafi: ons moes nu eintlik geld en goed trek
12:37:57 : Group: MrKadafi: robert
12:38:03 : Group: MrKadafi: ons sal mut geld trek viju
12:38:14 : Group: MrKadafi: om prossc. lesensie te koop
12:38:59 : Group: MrKadafi: hiers twee rtroke hier one
12:40:07 : Group: MrKadafi: hiers twee trokee hier voor ons ek dink dit was hulle
12:40:16 : Group: MrKadafi: ja
12:41:51 : Group: MrKadafi: ju wiell fuckd
12:42:07 : Group: MrKadafi: kom hier
12:42:17 : Group: MrKadafi: kyk in jou trok inventory
12:43:24 : Group: MrKadafi: moes dalk die gelos het en eees die chopper gebruik het vi quick cash
12:43:34 : Group: [Cpl] Connor.M: yo rod after restart can i talk to u?
12:43:48 : Group: [General] RoD: sure bro
12:43:53 : Group: [Cpl] Connor.M: thanks
12:46:29 : Group: MrKadafi: wat?
12:46:42 : Group: MrKadafi: se weeer
12:46:54 : Group: MrKadafi: is orraait
12:47:07 : Group: MrKadafi: sal nu al daai gud kry jou net ees bitji coin kry
12:47:42 : Group: MrKadafi: ju lesenie hier koop
12:48:04 : Group: [Pvt] Ross: hahahahaha
12:48:04 : Group: MrKadafi: vir di proces
12:48:28 : Group: MrKadafi: vir jou foken firearm lisc proses
12:49:16 : Group: MrKadafi: besig opi map[\
12:49:44 : Group: MrKadafi: ok gaan trek geld ek gaan solank na die plek toe en sccout
12:49:56 : Group: MrKadafi: 100k
12:50:12 : Group: MrKadafi: server gaan restart los ma
12:50:30 : Group: MrKadafi: 100k
12:51:03 : Group: MrKadafi: solank scout
12:51:15 : Group: MrKadafi: server restart ampe
12:53:10 : Group: MrKadafi: wag
12:53:15 : Group: MrKadafi: stop tjm
12:53:40 : Group: MrKadafi: ek gaan kyk of ek die ouens kan kap wat hier is want diis daai ouens wat op ons geskiet het 
12:53:45 : Group: MrKadafi: het jy jou lesensie??
12:53:59 : Group: MrKadafi: lesensie
12:54:27 : Group: MrKadafi: jirirrrr ou lees as ek met jou praat by di firearm repair hwet ju nenu al gese lol
12:54:37 : Group: MrKadafi: leeees
12:54:42 : Direct: MrKadafi: rovbert
12:54:50 : Direct: MrKadafi: my fok
12:55:05 : Direct: MrKadafi: die server gaan restart in 10min soo dit help fkl
12:55:07 : Direct: MrKadafi: 5min
12:55:17 : Direct: MrKadafi: wag da is mense daw
12:55:53 : Direct: MrKadafi: llyk skkon
12:57:48 : Direct: MrKadafi: ok serveer gan nu restart ek dink ons mut viju n rebel lisc ees kry 
13:04:22 : Direct: H[Major] Kryptic [AFT]: HHH
13:06:32 : Group: [Cpl] Connor.M: Yh can u move me to your channel
13:10:37 : Direct: H20: give me keys
13:10:44 : Direct: H20: k den
13:26:28 : Group: [Sgt] VibZ: stop
13:26:30 : Group: [Sgt] VibZ: please
13:26:38 : Group: [Cpl] WarGamer : wp
13:27:03 : Direct: [Cpl] Connor.M: whats tvaf?
13:27:36 : Direct: vladimir rosskowizky: something in spanish
13:27:38 : Direct: [Cpl] Connor.M: cant hear right now in a meeting just wondering what the tag stands for :D
13:27:43 : Direct: [Cpl] Connor.M: ah alright
13:28:05 : Direct: vladimir rosskowizky: when are you recluting?(AFF)
13:28:49 : Direct: [Cpl] Connor.M: think there may be 1 open spot, i suggest u make a poston the website
13:29:10 : Direct: vladimir rosskowizky: ok thnx
13:29:11 : Direct: [Cpl] Connor.M: explaining why u should join and the details so rod sees it
13:29:34 : Direct: [Cpl] Connor.M: thats your best bet, go on ts and ill send u thr rules
13:37:23 : Direct: MrKadafi: SOORRY MY GUN  WAS OUT
13:37:28 : Direct: MrKadafi: sorry caps
13:37:38 : Direct: MrKadafi: wana go to sell herion plz
13:38:01 : Direct: MrKadafi: is it good?
13:38:09 : Direct: MrKadafi: can i go ? tax is 15k?
13:39:49 : Group: Jakob: eirik bli med i heli så kan jeg kjøre deg til trucken din så du kan store den så tar jeg deg og larry med tilbake til rebel south?
13:40:18 : Group: [General] Balder [AFT]: nei takk
13:40:20 : Group: [CPL] Larry Drywater: What?
13:40:23 : Group: [General] Balder [AFT]: snakker med admin
13:40:23 : Group: Jakob: aight
13:40:36 : Group: [CPL] Larry Drywater: stoppe talkinge norwegiannuhhh
13:40:39 : Group: Jakob: larry want me to pick you up?
13:40:44 : Group: [CPL] Larry Drywater: yes please
13:40:46 : Group: Jakob: alright
13:40:55 : Group: [CPL] Larry Drywater: got some good gear so
13:41:00 : Group: [CPL] Larry Drywater: im at the garage
13:41:01 : Group: Jakob: alright
13:41:18 : Group: Jakob: k
13:42:46 : Group: Jakob: 5km
13:45:47 : Group: Jakob: so hows the admin talk going?
13:49:35 : Direct: MrKadafi: hey
13:49:42 : Direct: MrKadafi: balder
13:49:53 : Direct: MrKadafi: i want ur civ clothes
13:49:59 : Direct: MrKadafi: i buy u otha cloths
13:50:08 : Direct: MrKadafi: too blend
13:50:15 : Direct: MrKadafi: lol
13:50:23 : Direct: MrKadafi: only if u want 
13:50:38 : Direct: MrKadafi: doesnt matter if not my friend 
13:58:32 : Direct: «ŦŘĐ» Juan Black: aff?
13:58:53 : Direct: «ŦŘĐ» Juan Black: aff?
14:06:36 : Direct: «ŦŘĐ» Gaspermaster: sHIFT V
14:07:37 : Direct: White Bob: hi
14:07:47 : Direct: LoneWolf: yo
14:08:54 : Direct: [Cpl] Connor.M: WHAT DRUG U SELLING PAL
14:09:23 : Direct: White Bob: AY
14:09:34 : Direct: White Bob: can you let your boys know il be tehre soon?
14:09:34 : Direct: [Cpl] Connor.M: type in cht teh drug ur selling
14:09:38 : Direct: [Cpl] Connor.M: the*
14:11:01 : Direct: [Cpl] Connor.M: 87k tax mate
14:14:57 : Direct: Dimitri Volkov: you cant text it i dont listen you sorry
14:15:04 : Direct: Dimitri Volkov: can*
14:15:44 : Direct: Dimitri Volkov: yes 14
14:15:47 : Direct: Timucin: day
14:16:00 : Direct: [Lt] Kagutsuchi: HAVE U SOLD DRUGS ON THIS SERVER BEOFRE?
14:16:02 : Direct: «ŦŘĐ» Juan Black: salt
14:16:08 : Direct: «ŦŘĐ» Domo Black: SALT
14:16:09 : Direct: Dimitri Volkov: no my friend 
14:16:11 : Direct: Jakob: is real
14:16:17 : Direct: Dimitri Volkov: is selling inside
14:17:11 : Direct: [Lt] Kagutsuchi: AS A WELCOME TO THE SERVER, U MAY SELL YOUR DRUGS FREE OF CHARGE OK
14:17:20 : Direct: Dimitri Volkov: ok
14:17:32 : Direct: Dimitri Volkov: thx
14:17:56 : Direct: [Lt] Kagutsuchi: PLEASE GET OUT OF THE CARS AGAIN
14:18:26 : Direct: [Lt] Kagutsuchi: I REQUIRE THE KEYS OF YOUR VEHICLE, SO I MAY INSPECT YOUR DRUGS... NOTHING WILL BE TAKEN I PROMISE
14:19:15 : Direct: [Lt] Kagutsuchi: THANK YOU AND ENJOY
14:25:05 : Direct: [Lt] Kagutsuchi: JUMP OUT PLZ
14:25:42 : Direct: [Lt] Kagutsuchi: Dimitrim General RoD would like to talk to you, are you will to follow me to the Mansion and talk?
14:26:16 : Direct: [Lt] Kagutsuchi: Dimitri?
14:26:20 : Direct: Dimitri Volkov: okey
14:26:23 : Direct: Dimitri Volkov: ye yes
14:26:42 : Direct: [Lt] Kagutsuchi: ok, please follow the chopper
14:27:14 : Direct: [Lt] Kagutsuchi: Vlad, u too please
14:28:50 : Direct: MrKadafi: wadap katiba
14:28:51 : Direct: [Lt] Kagutsuchi: please put your weapons away]#
14:29:01 : Direct: MrKadafi: katiba
14:29:10 : Direct: Dimitri Volkov: and the ammunatioj?
14:29:10 : Direct: MrKadafi: how much?
14:29:21 : Direct: Dimitri Volkov: and the ammo?
14:29:24 : Direct: MrKadafi: ok goood rgo
14:29:25 : Direct: [Lt] Kagutsuchi: follow wargamer
14:29:48 : Direct: MrKadafi: so thats 30k?
14:29:56 : Direct: MrKadafi: plus some amo??
14:30:06 : Direct: MrKadafi: 5?
14:30:14 : Direct: MrKadafi: i got 39k
14:31:17 : Direct: MrKadafi: np
14:31:57 : Direct: MrKadafi: good bussines man thank u
14:46:14 : Vehicle: Cpl. Bruce: Can you take me to DP 5?
14:46:16 : Vehicle: MrKadafi: why u jump in
14:46:34 : Vehicle: Cpl. Bruce: Oh.. Do you want me to get out?
14:46:41 : Vehicle: MrKadafi: wats init for me?
14:47:03 : Vehicle: Cpl. Bruce: I'm New so I just need to know how to make money
14:47:39 : Vehicle: Cpl. Bruce: And I have a package to deliver to DP 5
14:47:40 : Vehicle: MrKadafi: dp 5 is far you can relogg to go ther
14:47:51 : Vehicle: Cpl. Bruce: Ok sweet thanks
14:47:54 : Vehicle: MrKadafi: ok il take u
14:48:05 : Vehicle: Cpl. Bruce: Can you unlock your car if you want me to get out?
14:48:11 : Vehicle: Cpl. Bruce: You sure?
14:48:25 : Vehicle: MrKadafi: yeah ,man
14:52:04 : Direct: Louis: mic isnt very clear
14:54:58 : Vehicle: Cpl. Bruce: Thanks man, ill give you some money for the ride
14:54:59 : Vehicle: MrKadafi: some advice// watch out in to whos car u jump in 
14:55:10 : Vehicle: Cpl. Bruce: Yeah will do :)
14:55:13 : Vehicle: MrKadafi: sometimes theyll take u hostage
14:55:41 : Group: [NHS S.F.O.]Dan: Hi man
14:55:54 : Group: [NHS Chief] Dr. Huberio: hey.
14:55:59 : Group: [NHS Chief] Dr. Huberio: You aint in TS?
14:56:07 : Group: [NHS S.F.O.]Dan: yeh i am 
14:56:12 : Group: [NHS S.F.O.]Dan: hang on
14:56:35 : Direct: Cpl. Bruce: How do I give you money?
14:56:49 : Direct: MrKadafi: press y
14:56:57 : Direct: MrKadafi: then give and u select my name
14:57:50 : Direct: Cpl. Bruce: That enough?
14:57:54 : Direct: MrKadafi: coool man yeah
14:58:08 : Direct: MrKadafi: u gona be coool here
14:58:11 : Direct: MrKadafi: ?
14:58:12 : Direct: Cpl. Bruce: Dude where do I get enough money for cars? Yeah thanks
14:58:37 : Direct: MrKadafi: id say u must get start doing some weed 
14:58:49 : Direct: Cpl. Bruce: How I start that?
14:59:15 : Direct: MrKadafi: u got like 500k in the bank right?
14:59:20 : Direct: Cpl. Bruce: Yeah
14:59:39 : Direct: MrKadafi: ok soo u should go to weed prosc. and buy the lisc.
14:59:41 : Direct: MrKadafi: 100k
14:59:49 : Direct: Cpl. Bruce: Sweet
15:00:01 : Direct: MrKadafi: then buy you a small truck and start farming 
15:00:03 : Direct: Cpl. Bruce: Where it says gang weed processing?
15:00:12 : Direct: MrKadafi: or if u want to u can go diving for turtles
15:00:23 : Direct: MrKadafi: they are 35k each
15:00:33 : Direct: Cpl. Bruce: Are they easy to find?
15:00:48 : Direct: MrKadafi: yeah kindaaa.. weed will be easier lol
15:00:53 : Direct: Cpl. Bruce: Ok weed it is
15:01:06 : Direct: Cpl. Bruce: So I go to DP 17 and get my license?
15:01:10 : Direct: MrKadafi: but u have to go to AFF border to sell it
15:01:18 : Direct: Cpl. Bruce: Ok
15:01:32 : Direct: MrKadafi: just relogg to kavala and go to the DMV
15:01:33 : Direct: Cpl. Bruce: Do I sell it to actual players or AI?
15:01:46 : Direct: MrKadafi: buy ur car lisc and wat have you 
15:02:09 : Direct: MrKadafi: ull sell it to a AI but u give 10% to the AFF 
15:02:16 : Direct: Cpl. Bruce: Ok i see
15:02:19 : Direct: Cpl. Bruce: Ok thanks man
15:02:25 : Direct: Cpl. Bruce: Im gonna relog and go dmv
15:02:27 : Direct: MrKadafi: ok man cool enjoy
15:02:31 : Direct: Cpl. Bruce: Ty for ride
15:10:46 : Direct: [NHS S.F.O.]Dr.Dan: dont go into the light
15:12:06 : Direct: Stan Woodland: IM COMING OUT AND HOLSTERING MY EAPON
15:12:22 : Direct: Stan Woodland: yo
15:12:26 : Direct: [Pvt] Willem: You are free to go mate
15:12:36 : Direct: Stan Woodland: thanks dude
15:12:40 : Direct: Stan Woodland: i spoke with mythic :)
15:12:46 : Direct: [Pvt] Willem: yeah he told us
15:18:38 : Direct: [Pvt] Willem: He is not
15:18:50 : Direct: [Pvt] Willem: Not available at the moment
15:19:01 : Direct: [Pvt] Willem: Yes i got the message, tell you when he is here
15:20:08 : Group: [Pvt] Willem: .
15:24:28 : Direct: [Pvt] Willem: take these guys in medical custody
15:24:47 : Direct: [Major] Kryptic [AFT]: respawn man
15:26:05 : Direct: MrKadafi: maybe get my things back?
15:26:21 : Direct: [Major] Kryptic [AFT]: nlr man
15:26:41 : Direct: MrKadafi: i didnt mean to respawn like a dumb prick lol
15:26:44 : Direct: [Major] Kryptic [AFT]: Give me the money you picked up or get reported
15:26:48 : Direct: MrKadafi: i mean who does dat
15:26:57 : Direct: MrKadafi: its a dollar bru chillax
15:27:03 : Direct: [Major] Kryptic [AFT]: ohh kk
15:27:27 : Direct: MrKadafi: so u taking it now?
15:27:35 : Direct: [Major] Kryptic [AFT]: yas
15:27:38 : Direct: [Major] Kryptic [AFT]: i need it
15:27:44 : Direct: MrKadafi: mm ok 
15:27:46 : Direct: [Major] Kryptic [AFT]: Or ayt me to get it back
15:27:50 : Direct: [Major] Kryptic [AFT]: pay*
15:27:50 : Direct: Stan Woodland: im friendly
15:27:50 : Direct: Stan Woodland: WHAT?
15:27:53 : Direct: Stan Woodland: IM FRIENDDLY
15:27:55 : Direct: Stan Woodland: TYPE PLS
15:27:59 : Direct: Stan Woodland: TYPE PLS
15:28:04 : Direct: MrKadafi: nah be a cunt keep it
15:28:05 : Direct: «ŦŘĐ» Juan Black: bun in car plz
15:28:08 : Direct: «ŦŘĐ» Juan Black: gun*
15:28:09 : Direct: Stan Woodland: yeah
15:28:11 : Direct: [Major] Kryptic [AFT]: tyty
15:28:11 : Direct: Stan Woodland: ok
15:28:16 : Direct: Stan Woodland: there m8
15:28:26 : Direct: MrKadafi: doos
15:28:50 : Direct: [Major] Kryptic [AFT]: huh??
15:28:58 : Direct: MrKadafi: google translate it
15:29:03 : Direct: [Major] Kryptic [AFT]: nah
15:29:10 : Direct: MrKadafi: then get fucked
15:29:16 : Direct: [Major] Kryptic [AFT]: tyty
15:30:35 : Direct: Stan Woodland: Can i process my shit soon?
15:35:14 : Direct: Stan Woodland: General, Spectreh is coming in a Orange SUV with your guns/equipment.
15:36:42 : Direct: Stan Woodland: Excuse me General
15:36:56 : Direct: Stan Woodland: hmay i ask you how much you make  of 6 trucks?
15:37:05 : Direct: Stan Woodland: Im just curious
15:37:07 : Direct: [Cpl] ANGeR:  a lot 
15:37:12 : Direct: Stan Woodland: i make 350k with my truck boxer
15:37:17 : Direct: [Cpl] ANGeR: depending on price of mar
15:38:35 : Group: [Major] Kryptic [AFT]: SHHH
15:38:40 : Group: [Pvt] Willem: Ahmed
15:38:46 : Group: [Pvt] Willem: kryptic is in the mansion
15:38:50 : Group: [Pvt] Willem: according to hitman
15:38:53 : Group: [Major] FyXel [AFT]: k
15:38:56 : Group: [Major] FyXel [AFT]: srry
15:39:19 : Group: [Major] Kryptic [AFT]: np
15:40:44 : Group: [Cpl] ANGeR: my ts dropped
15:43:10 : Group: [Major] Kryptic [AFT]: Ikke gjør det
15:43:18 : Group: [Major] Kryptic [AFT]: Er fortsatt her
15:52:56 : Direct: Stan Woodland: Goodbye
15:59:24 : Group: Jakob: eyy
16:00:27 : Direct: SpecterH Woodland: you need some cheap guns?
16:04:28 : Direct: Louis: .
16:09:02 : Direct: Louis: lol
16:09:05 : Direct: Louis: hi
16:09:38 : Direct: Louis: fucking mlg i have to say
16:10:49 : Direct: «ŦŘĐ» Domo Black: WHERE BRING U TO REBEL
16:12:01 : Direct: Louis: yo
16:12:09 : Direct: Louis: LEL
16:12:13 : Direct: Louis: hi
16:12:51 : Direct: Louis: heil
16:13:56 : Direct: Louis: how to becaome polic
16:13:58 : Direct: Louis: e?
16:14:09 : Direct: [APD] PC. Felix: apply at gamepoint.co.uk
16:14:18 : Direct: Louis: do i neeed whitelist
16:14:23 : Direct: [APD] PC. Felix: yes
16:14:39 : Direct: Louis: what do police do really?
16:14:42 : Direct: Louis: like everyday
16:14:56 : Direct: [APD] PC. Felix: haha idk. Patrol and shit bra
16:14:56 : Direct: «ŦŘĐ» Juan Black: trd123
16:15:01 : Direct: [APD] PC. Felix: brah*
16:15:02 : Direct: Louis: lol
16:15:33 : Direct: Dan: Plz step away from my car
16:15:50 : Direct: Louis: do i get whitelisted when i apply for police
16:15:57 : Direct: [APD] PC. Felix: If you get accepted
16:15:58 : Direct: Louis: or is it a seperate thing
16:16:03 : Direct: Louis: ok
16:16:06 : Direct: Louis: i go apply
16:16:11 : Direct: Louis: im waiting for aff
16:16:13 : Direct: [APD] PC. Felix: ^^ 
16:16:20 : Direct: Louis: LOL
16:16:32 : Direct: Louis: recruitment is closed for aff thow
16:16:39 : Direct: [APD] PC. Felix: :)
16:16:39 : Direct: Louis: so gonna try be a cop
16:17:31 : Direct: [Cpl] Konan of Konantown: hello
16:17:37 : Direct: «ŦŘĐ» Domo Black: how much dis heli cos
16:31:48 : Direct: Dan: officer can you not impound my car
16:32:19 : Direct: [APD] PC. Felix: can you not hear me?
16:32:26 : Direct: [APD] PC. Felix: HM
16:32:29 : Direct: [APD] PC. Felix: hm*
16:32:42 : Direct: [APD] PC. Felix: Okay. Good luck
16:37:05 : Direct: [Pvt] Willem: fucking hell
16:37:10 : Direct: [Pvt] Willem: you gave us a right scare
16:37:42 : Direct: [Pvt] Willem: that orca is not friendly
16:37:43 : Direct: LoneWolf: no
16:37:44 : Direct: [Pvt] Willem: not ours
16:50:34 : Direct: MrKadafi: taxi
16:52:01 : Group: [Pvt] Willem: yo dru
16:52:06 : Group: [Pvt] Willem: I fucking broke me wheel
16:53:27 : Group: «ŦŘĐ» Gaspermaster: /vote dy
17:05:16 : Direct: MrKadafi: is that u ?
17:08:50 : Vehicle: Louis: let me out
17:08:54 : Vehicle: Louis: i bed
17:08:58 : Vehicle: Louis: beg
17:11:01 : Direct: MrKadafi: hallloooo
17:13:43 : Direct: MrKadafi: dafag ja
17:13:48 : Direct: MrKadafi: yes its myne
17:14:01 : Direct: MrKadafi: cant be i was here the whole time
17:14:13 : Direct: MrKadafi: no problem
17:22:15 : Direct: Chullie: Can you please give me 2000
17:22:21 : Direct: Chullie: Ty
17:28:27 : Direct: SpecterH Woodland: FUCK THE AFF AND FUCK THE AFT
17:29:55 : Direct: Kavala Backdoor Weaponry: everything in order?
17:30:24 : Group: [APD] PCSO. DerRivE: NO
17:31:59 : Direct: Agent. Cobra: APD GET DOWN ON THE GROUND
17:32:00 : Direct: [HATO] Mark: Ram go kart so it does not block spawn please
17:32:06 : Direct: Agent. Cobra: THIS IS THE AIA
17:32:52 : Direct: Agent. Cobra: stop the vehiucle
17:33:40 : Direct: Gaz Mazk: hi
17:33:48 : Direct: Gaz Mazk: thx for the comment on my app >D
17:33:49 : Direct: Gaz Mazk: :D
17:35:30 : Direct: Gaz Mazk: sorry?
17:35:34 : Direct: Gaz Mazk: nah im good
17:36:46 : Direct: [APD] PCSO. Juan Black: shift + V
17:37:02 : Direct: [APD] PCSO. Juan Black: shift v
17:38:04 : Group: [APD] PCSO. DerRivE: ok
17:38:28 : Group: [APD] PCSO. Juan Black: how long tiol training is over?
17:38:34 : Group: [APD] PCSO. Juan Black: until*
17:40:17 : Group: [APD] Sgt. Cyril Figgis: On our way to weed field
17:48:28 : Direct: Cody Adams: Y
17:48:29 : Direct: Cody Adams: U
17:57:48 : Group: Chullie: ..
18:02:25 : Direct: Kavala Backdoor Weaponry: The car has weapons
18:02:25 : Direct: [APD] Supt. Martyr: Hi Sir
18:02:31 : Direct: Kavala Backdoor Weaponry: illigal once
18:02:45 : Direct: [APD] Supt. Martyr: Come to the atm, I will reward you for them
18:02:48 : Direct: Kavala Backdoor Weaponry: I captured a airdrop and am handing these over to you, i see you have new recruits
18:03:07 : Direct: Kavala Backdoor Weaponry: the recruits could use them i think i have a mxm on me aswell
18:03:15 : Direct: [APD] Supt. Martyr: There you go sir
18:03:35 : Direct: Kavala Backdoor Weaponry: GOod job on that bust at morhpine
18:03:45 : Direct: [APD] Supt. Martyr: Thank you for handing them in sir, I sent you a reward
18:03:46 : Direct: Kavala Backdoor Weaponry: 1.1m for a tip! Ill keep my eyes open for more of those
18:03:52 : Direct: Kavala Backdoor Weaponry: Thank you officer Martyr
18:04:11 : Direct: Kavala Backdoor Weaponry: Is the sting illigal?
18:04:54 : Direct: Kavala Backdoor Weaponry: Officers is the sting illigal?
18:04:59 : Group: [NHS] Medic: king
18:05:08 : Group: [NHS]Spammking: yea
18:05:24 : Group: [NHS] Medic: should i ress ppl if they didnt request NHS
18:05:33 : Group: [NHS]Spammking: yea if they dont respawn
18:05:37 : Group: [NHS] Medic: ok
18:06:15 : Direct: Kavala Backdoor Weaponry: press U to unlock
18:09:45 : Group: [APD] Supt. Martyr: y then key chain
18:10:00 : Group: [NHS] Medic: they guy that i revived shoulve been taken in custody 
18:10:09 : Group: [NHS]Spammking: yea can you get them
18:10:11 : Group: [NHS] Medic: can you jump in the air channel pls
18:11:05 : Group: [NHS]Spammking: need to go do some stuff brb get everyone but konnan first then get that guy
18:14:05 : Direct: Kavala Backdoor Weaponry: He dropped the key
18:14:21 : Direct: Kavala Backdoor Weaponry: It wasnt your key xD
18:14:28 : Direct: Kavala Backdoor Weaponry: it was @any's"
18:15:59 : Group: Paddy.C: need to go to my house to stoor the gear
18:16:03 : Group: Paddy.C: you guys getting in?
18:17:19 : Group: Paddy.C: FRANK GET IN!!!
18:20:56 : Direct: HussyPunter: want to buy some mags
18:21:05 : Direct: HussyPunter: i bought mags
18:21:10 : Direct: [Cpl] Konan of Konantown: well
18:21:12 : Direct: HussyPunter: now i cant use them
18:21:14 : Direct: [Cpl] Konan of Konantown: i had 5 on me
18:21:19 : Direct: HussyPunter: well now you dont
18:21:24 : Direct: [Cpl] Konan of Konantown: alright
18:21:25 : Direct: HussyPunter: so wanna buy some mags?
18:21:28 : Direct: [Cpl] Konan of Konantown: comp it for me later
18:21:37 : Direct: HussyPunter: i didnt kill you
18:21:39 : Direct: HussyPunter: i died
18:21:43 : Direct: HussyPunter: i just want to sell some mags
18:22:14 : Group: Paddy.C: FRANK GET IN
18:23:57 : Direct: Kavala Backdoor Weaponry: .your voice is lagging
18:24:02 : Direct: Kavala Backdoor Weaponry: and you are dsyncing around paddy B
18:26:26 : Direct: Kavala Backdoor Weaponry: TURN OFF THE DAMN HELI
18:26:30 : Direct: Kavala Backdoor Weaponry: ITS MAKIGN A LOT OF NOICE
18:26:54 : Direct: Kavala Backdoor Weaponry: Please
18:27:02 : Direct: [WTC]Paddy.B: are we settled flames?
18:27:30 : Direct: [WTC]Paddy.B: konan
18:27:59 : Direct: [WTC]Paddy.B: are we settled????
18:28:06 : Direct: Paddy.D: FUCKSAKE FLAMES
18:28:13 : Direct: Paddy.D: ANSWER OR WE LEAVE
18:34:22 : Direct: DeepfriedBuffalo: yo
18:34:28 : Direct: DeepfriedBuffalo: hahab ye 
18:38:13 : Direct: Kavala Backdoor Weaponry: 365k
18:41:04 : Direct: Kavala Backdoor Weaponry: You get on 
18:41:07 : Direct: Kavala Backdoor Weaponry: from market
18:41:30 : Direct: Kavala Backdoor Weaponry: no market
18:43:03 : Direct: Kavala Backdoor Weaponry: Ya wep was picked up
18:43:08 : Direct: [APD] Supt. Martyr: It's hard to hear you
18:43:10 : Direct: [APD] Supt. Martyr: one moment
18:43:12 : Direct: «ŦŘĐ» Domo Black: ;]
18:43:12 : Direct: Kavala Backdoor Weaponry: so jsut repsawn and return? :)
18:43:25 : Direct: DeepfriedBuffalo: yo man
18:44:03 : Direct: Kavala Backdoor Weaponry: thats some long ass ropes
18:45:41 : Direct: Chullie: hey
18:46:05 : Direct: [APD] Supt. Martyr: 35
18:51:55 : Direct: DeepfriedBuffalo: yo
18:52:09 : Direct: DeepfriedBuffalo: deu
18:52:22 : Direct: DeepfriedBuffalo: dude
18:52:34 : Direct: DeepfriedBuffalo: u need 
18:52:38 : Direct: DeepfriedBuffalo: bro
18:52:44 : Direct: DeepfriedBuffalo: .i need ur hel
18:52:55 : Direct: DeepfriedBuffalo: can u drive me to apple?
18:53:03 : Direct: DeepfriedBuffalo: why?
18:55:17 : Direct: DeepfriedBuffalo: DONMT ROB OLLIE
18:55:31 : Direct: DeepfriedBuffalo: YE
18:55:36 : Direct: DeepfriedBuffalo: go
18:55:45 : Direct: DeepfriedBuffalo: dued u will join 
18:56:02 : Direct: DeepfriedBuffalo: pooor bitxh
18:58:55 : Direct: MrKadafi: all these rebels;p
18:59:32 : Direct: Thorgaard: My mate is eating dinner
18:59:43 : Direct: DeepfriedBuffalo: hack
18:59:58 : Direct: DeepfriedBuffalo: how did u survive that man
19:00:04 : Direct: DeepfriedBuffalo: i know
19:00:06 : Direct: Rec. D. Dolanski: wtf what did i do
19:00:17 : Direct: DeepfriedBuffalo: i didnt kill u
19:00:17 : Direct: Rec. D. Dolanski: wat
19:00:25 : Direct: DeepfriedBuffalo: no
19:00:40 : Direct: DeepfriedBuffalo: i didnt try to kill u
19:00:45 : Direct: DeepfriedBuffalo: u cant die
19:00:51 : Direct: DeepfriedBuffalo: its green zone
19:01:00 : Direct: DeepfriedBuffalo: im shooting love arrows
19:01:11 : Direct: DeepfriedBuffalo: duye
19:01:38 : Direct: DeepfriedBuffalo: dude im a nice man
19:01:41 : Direct: ZipHiFi: He was going to kill us all
19:01:45 : Direct: DeepfriedBuffalo: my name is buffalo
19:03:49 : Group: DeepfriedBuffalo: dude
19:03:57 : Group: DeepfriedBuffalo: jst  give me a waarning
19:04:05 : Group: DeepfriedBuffalo: or  ticket pls
19:04:16 : Direct: MrKadafi: u sound gay
19:04:18 : Direct: DeepfriedBuffalo: ok?
19:04:34 : Direct: DeepfriedBuffalo: dude
19:04:46 : Direct: DeepfriedBuffalo: dude
19:04:51 : Direct: MrKadafi: there gay
19:04:55 : Direct: DeepfriedBuffalo: u cant arest me before  
19:05:16 : Direct: VoidYT: Could anyone give me a loan of 40k?
19:05:19 : Direct: VoidYT: ^^
19:05:21 : Direct: MrKadafi: gggaaaaaaaaaaaaaaaaaaayyyyyyyyyyyyy
19:05:24 : Direct: VoidYT: Please?
19:05:30 : Direct: VoidYT: I'm really poor.. :(
19:05:33 : Direct: MrKadafi: soooooooooooo gaaaaayyyyyy
19:05:38 : Direct: VoidYT: :'(
19:05:45 : Direct: MrKadafi: where u bro
19:06:00 : Direct: VoidYT: here
19:06:00 : Group: [APD] Chief. Stalks: all move to fed
19:06:03 : Direct: VoidYT: Why?
19:06:05 : Group: [APD] Chief. Stalks: group at airfield
19:06:16 : Direct: MrKadafi: ok
19:06:21 : Direct: MrKadafi: cum here
19:06:28 : Direct: DeepfriedBuffalo: ?
19:06:31 : Direct: DeepfriedBuffalo: what
19:06:32 : Direct: MrKadafi: whenn u gona give it back
19:06:32 : Direct: VoidYT: :3
19:06:35 : Direct: DeepfriedBuffalo: u need moiney
19:06:43 : Direct: VoidYT: When i've done a weed ru
19:06:45 : Direct: VoidYT: *run
19:06:53 : Direct: [STAG] Austin Laxton: voteday
19:06:59 : Direct: VoidYT: It'll be in like 15m
19:07:01 : Direct: MrKadafi: wel i see u alot on the side channel so i trust u
19:07:06 : Direct: VoidYT: Ty
19:07:29 : Direct: VoidYT: Ty dud
19:07:52 : Group: «ŦŘĐ» Domo Black: /vote day
19:07:59 : Direct: MrKadafi: spectar
19:08:03 : Group: «ŦŘĐ» Domo Black: /vote day
19:08:40 : Direct: DeepfriedBuffalo: dude
19:10:23 : Direct: ZipHiFi: what?
19:11:15 : Direct: SpecterH Woodland: type
19:13:25 : Direct: MrKadafi: halo?
19:14:10 : Direct: MrKadafi: please move
19:14:15 : Direct: [General] Balder [AFT]: get in!
19:14:23 : Direct: MrKadafi: nah dont trust
19:29:03 : Direct: vladimir rosskowizky: i dont understand
19:29:28 : Direct: vladimir rosskowizky: yes but i cant hear
19:34:21 : Group: [NHS]Spammking: already with specter
19:38:28 : Direct: [Pvt] Mythic: WHY ARE YOU KNOCKING ME OUT
19:38:38 : Direct: [Pvt] Mythic: lol
19:38:56 : Direct: VoidYT: Taking weapons from armoury without permission
19:38:58 : Direct: VoidYT: ^^
19:39:02 : Direct: [Pvt] Mythic: ask dru
19:39:13 : Direct: [Pvt] Mythic: just ask fucking dru
19:39:27 : Direct: [Sgt] Ahmed: when
19:39:35 : Direct: [Pvt] Mythic: GO AHEAD AND ASK DRU
19:39:43 : Direct: [Sgt] Ahmed: when did he give you permission
19:39:49 : Direct: [Pvt] Mythic: jusr now
19:39:55 : Direct: [Pvt] Mythic: ask him
19:40:02 : Direct: [Pvt] Mythic: join the ts
19:40:14 : Direct: [Pvt] Mythic: jesus christ
19:40:41 : Direct: [Pvt] Mythic: stop knocking me out
19:40:46 : Direct: VoidYT: xD
19:40:55 : Direct: [Pvt] Mythic: fuck poff
19:41:45 : Group: DeepfriedBuffalo: bro
19:41:53 : Direct: DeepfriedBuffalo: hi
19:41:58 : Vehicle: [APD] Supt. MrDunis: can you drive
19:42:01 : Direct: DeepfriedBuffalo: im new to the town
19:42:01 : Vehicle: [APD] Supt. MrDunis: brb fasdt
19:42:48 : Direct: DeepfriedBuffalo: srry
19:44:12 : Direct: ZipHiFi: What is happening¨
19:44:25 : Direct: DeepfriedBuffalo: hahaha
19:44:29 : Direct: DeepfriedBuffalo: knock fight x)
19:44:34 : Vehicle: [APD] Supt. MrDunis: Sitting in skype with an old friend so thats why im not spelaing sorry
19:44:39 : Vehicle: [APD] Supt. MrDunis: still around if shit hits the fan
19:44:41 : Direct: DeepfriedBuffalo: what afre u doing 
19:44:44 : Direct: DeepfriedBuffalo: hahhaahj
19:49:18 : Direct: DeepfriedBuffalo: j
19:51:33 : Direct: [APD] Supt. Martyr: Thank you sir!
19:52:14 : Direct: [APD] Supt. Martyr: Yes sir
19:52:19 : Direct: [APD] Supt. Martyr: I am thank you
19:52:23 : Direct: VoidYT: Abdul Patel
19:52:23 : Direct: [APD] Supt. Martyr: the light has gone
19:53:17 : Direct: [APD] Sgt. Cyril Figgis: gamepointeu.enjinvoice.com
19:56:28 : Direct: DeepfriedBuffalo: dude
19:57:08 : Direct: Ted Blackburn: thank you dude
19:57:12 : Direct: [T_M] James M: Hello
19:57:13 : Direct: DeepfriedBuffalo: thx man
19:57:13 : Direct: [T_M] James M: What
19:57:25 : Vehicle: [T_M] James M: can u plz type
19:57:51 : Direct: DeepfriedBuffalo: i mean peach field
19:57:53 : Vehicle: Ted Blackburn: Can you get us to the applefield?
19:58:11 : Vehicle: Ted Blackburn: I will pay you for that man :)
19:58:35 : Direct: DeepfriedBuffalo: i think u drived past it
19:58:42 : Vehicle: Ted Blackburn: man you missed peach field bro
19:58:50 : Vehicle: Ted Blackburn: bilion kilometers away
19:59:01 : Vehicle: Ted Blackburn: :(
19:59:05 : Direct: DeepfriedBuffalo: oh apple field__
19:59:18 : Vehicle: DeepfriedBuffalo: what about apple field _
19:59:24 : Vehicle: Ted Blackburn: So you are going to rob us?
19:59:29 : Vehicle: [T_M] James M: no
19:59:38 : Vehicle: Ted Blackburn: So you are going to kidnap us
19:59:39 : Vehicle: DeepfriedBuffalo: bro_
19:59:41 : Vehicle: [T_M] James M: why did u rob us in the safe zone
19:59:47 : Group: [APD] Supt. MrDunis: or oil
19:59:47 : Vehicle: DeepfriedBuffalo: me_
19:59:50 : Vehicle: [T_M] James M: also no
19:59:51 : Vehicle: Ted Blackburn: Ill give you your money back
19:59:54 : Vehicle: Ted Blackburn: srsly
19:59:57 : Vehicle: [T_M] James M: we are driving u to the airport
19:59:58 : Vehicle: Ted Blackburn: we were talking with admin
20:00:11 : Vehicle: DeepfriedBuffalo: aiight
20:00:14 : Vehicle: Ted Blackburn: Let me get out... Ill give you your money bro
20:00:22 : Vehicle: [T_M] James M: nah its fine
20:00:25 : Vehicle: Ted Blackburn: ok then
20:00:26 : Vehicle: [T_M] James M: I got tons
20:00:32 : Vehicle: Ted Blackburn: But I dont wanna keep it bro
20:00:34 : Vehicle: [T_M] James M: It just pissed me off how you robbed me
20:00:39 : Vehicle: Ted Blackburn: LOL Let me out bro
20:00:43 : Vehicle: Ted Blackburn: sry man
20:00:53 : Direct: DeepfriedBuffalo:  HELP POLICE IM BEINMG KIDNAPPED
20:01:14 : Vehicle: DeepfriedBuffalo: we even needed to give up our guns man
20:01:18 : Vehicle: Ted Blackburn: why are you doing this what do you want?!?!
20:01:32 : Vehicle: Ted Blackburn: xD
20:01:33 : Group: [APD] Insp. Randall: FED 100%
20:01:35 : Group: [APD] SPC. Spammking: YES
20:01:42 : Vehicle: DeepfriedBuffalo: we needed apple field man
20:03:20 : Direct: MrKadafi: say again sir
20:03:28 : Direct: MrKadafi: say again sir
20:03:35 : Direct: MrKadafi: herion
20:03:47 : Direct: MrKadafi: yes i understand 
20:05:43 : Direct: VoidYT: They don't wanna know what my name is XDDD
20:05:44 : Direct: VoidYT: lol
20:05:48 : Direct: VoidYT: SSShhh
20:06:00 : Direct: «ŦŘĐ» Domo Black: m
20:06:01 : Direct: VoidYT: It's Kaylum
20:06:17 : Direct: VoidYT: Pronounced same as Kalem xD
20:06:20 : Direct: [Sgt] Ahmed: not you other kalem
20:06:21 : Direct: VoidYT: Lul
20:06:23 : Direct: VoidYT: ik
20:06:54 : Direct: VoidYT: what do I say when I leave?
20:06:59 : Direct: VoidYT: Like when I leave ts
20:07:27 : Direct: VoidYT: Carryon?
20:07:42 : Direct: [Sgt] Ahmed: join charlie squadd
20:07:47 : Direct: VoidYT: Ok
20:09:27 : Direct: DeepfriedBuffalo: WHERE ARE U\
20:15:26 : Vehicle: (T_M) T-Bone: .
20:17:18 : Group: [Lt] Tango: hello
20:23:37 : Direct: [APD]PC. Sean: LEAVE THE AREA
20:23:46 : Direct: HussyPunter: YOU LAGGY FUCK
20:27:17 : Direct: HussyPunter: you should be in restrains
20:30:25 : Group: DeepfriedBuffalo: excuse me
20:30:53 : Direct: DeepfriedBuffalo: /
20:31:00 : Direct: DeepfriedBuffalo: excuse me
20:31:29 : Direct: Sam Tatoe: this is green zone
20:31:29 : Direct: Sam Tatoe: wtf
20:40:27 : Direct: DeepfriedBuffalo: aight
20:40:35 : Direct: DeepfriedBuffalo: im fine man
20:40:37 : Direct: DeepfriedBuffalo: u_
20:40:49 : Direct: DeepfriedBuffalo: what
20:40:55 : Direct: DeepfriedBuffalo: wait a sev
20:41:14 : Direct: DeepfriedBuffalo: dude
20:41:24 : Direct: DeepfriedBuffalo: u got any money_
20:41:33 : Direct: DeepfriedBuffalo: u can help me man
20:41:35 : Direct: MrKadafi: whos cjhopper is this?
20:41:40 : Direct: DeepfriedBuffalo: we need a better truck >*
20:41:47 : Direct: DeepfriedBuffalo: we lost our hemmet_
20:41:58 : Direct: DeepfriedBuffalo: got steeled
20:44:14 : Direct: Zelena: Stalks
20:45:48 : Direct: <TRD> Hazza: /voteday
20:46:37 : Group: DeepfriedBuffalo: wtf
20:46:45 : Direct: Zelena: oy
20:46:52 : Direct: DeepfriedBuffalo: what happend
20:46:55 : Direct: Zelena: is le tempest illegsal
20:47:28 : Direct: [APD] Chief. Stalks: no, only if its full of illegal items
20:47:34 : Direct: Zelena: Ok
20:49:57 : Direct: [Pvt] Ryujack: what is your business here
20:52:11 : Group: «ŦŘĐ» Gaspermaster: ,
20:53:16 : Direct: [APD] Supt. Martyr: Medic, can you give me keys please
20:53:29 : Direct: [APD] Supt. Martyr: or tell me how many bars are inside
20:54:33 : Direct: [APD] Supt. Martyr: Medic
20:54:44 : Direct: [APD] Supt. Martyr: Can you check trunk?
20:57:00 : Direct: [APD] Supt. Martyr: Thanks for the cooperation ant
20:57:04 : Direct: [APD] Supt. Martyr: we will do
21:05:06 : Direct: [Lt] Tango: is that incorrect uniform i see?
21:07:12 : Direct: [Lt] Tango: NO PLEASE
21:07:15 : Direct: [Lt] Tango: CORNER NOOO
21:07:19 : Direct: [Lt] Tango: DONT KILL ME
21:07:31 : Direct: [Lt] Tango: pTSD
21:07:40 : Direct: [Lt] Tango: dam corner almost took me life again
21:13:24 : Group: [Lt] Tango: RDM
21:13:32 : Group: [Lt] Tango: FUKIN RDMING CUNT ASTARD
21:36:22 : Group: [APD] Chief. Stalks: aff at weed field
21:36:30 : Group: [Pvt] Sig: Have you got officer problems Dru?
21:40:01 : Direct: MrKadafi: yala 
21:40:08 : Direct: MrKadafi: here to sell herion sir
21:40:18 : Direct: MrKadafi: orca sir
21:41:14 : Direct: MrKadafi: im aware yes
21:47:02 : Direct: Zelena: Why are you talking to me
21:47:06 : Direct: Zelena: No i want to kill myself
21:48:45 : Direct: MrKadafi: halo
21:48:54 : Direct: MrKadafi: i dont know who that is
21:49:11 : Direct: MrKadafi: whys that ok coool ;D
21:49:14 : Direct: Zelena: nO
21:49:23 : Direct: Zelena: Im gon get my ass fucked by my master
21:49:25 : Direct: Zelena: :>
21:49:27 : Direct: MrKadafi: dont worry about it
21:49:47 : Direct: MrKadafi: goodluck mate
21:52:12 : Direct: MrKadafi: alot of people looking for u
21:54:46 : Direct: Zelena: yes
21:55:07 : Direct: Zelena: WELL I HAD ONE
21:55:17 : Direct: MrKadafi: whos?
21:55:18 : Direct: Zelena: I DON'T KNOW WHERE ITS GONE 
21:55:23 : Direct: Zelena: HOW ABOUT
21:55:27 : Direct: Zelena: DON'T FUCKING TOUCH ME
21:55:30 : Direct: Zelena: AND ILL GO GET ONE
21:55:31 : Direct: MrKadafi: oooooo
21:55:43 : Direct: Zelena: FINE
21:56:02 : Direct: Zelena: you owe me
21:56:16 : Direct: Zelena: getuff me
21:56:51 : Direct: Zelena: can you get off me
21:56:52 : Direct: Zelena: omg
21:57:06 : Direct: Zelena: my bumhole is not for you
21:57:09 : Direct: Zelena: its for someone else
21:57:23 : Direct: Zelena: when did i get rangefinders wtf
21:57:29 : Direct: MrKadafi: wana go hunt them?
21:57:48 : Direct: MrKadafi: i geuss
22:00:04 : Direct: «ŦŘĐ» Juan Black: no
22:00:42 : Direct: Thorgaard: Yeah
22:00:53 : Direct: Thorgaard: Its healthy to run right?
22:01:14 : Direct: Thorgaard: Well.. Its run from the cops day
22:01:32 : Direct: Thorgaard: No no no
22:01:39 : Direct: Thorgaard: You see my black cultur
22:01:50 : Direct: Thorgaard: We can run from the police anytime
22:01:57 : Direct: Thorgaard: We get shot anyone
22:02:03 : Direct: Thorgaard: anyway
22:02:09 : Direct: Zelena: can i have my car fixed plz
22:02:15 : Direct: Thorgaard: Who the fuck is this punk?
22:02:21 : Direct: Thorgaard: White ass bitch
22:02:21 : Direct: Zelena: my car
22:02:22 : Direct: Zelena: bro
22:02:39 : Direct: Zelena: fix me plz
22:02:47 : Direct: Thorgaard: What the fuck?
22:02:49 : Direct: Zelena: fix me
22:02:54 : Direct: Thorgaard: Fuck rather go jail
22:02:55 : Direct: Zelena: Fix my gay ass car
22:03:01 : Direct: Thorgaard: Motherfucker?
22:03:10 : Direct: Thorgaard: Da fuck is this white ass rules?
22:03:19 : Direct: Zelena: FIX MY CAR SO I CAN SEE YO ASS
22:03:22 : Direct: Thorgaard: White people mannn fucking racists
22:03:27 : Direct: Thorgaard: Motherfucker its not 60000
22:03:33 : Direct: Zelena: FIX ME
22:03:35 : Direct: Zelena: I NEED
22:03:37 : Direct: Thorgaard: I WILL SPEAK WITH MY LAYWER
22:03:40 : Direct: Zelena: FIXYFIX
22:03:41 : Direct: Zelena: THANK U
22:03:54 : Direct: Zelena: No i didn't
22:03:58 : Direct: Zelena: ive been waiting for u
22:03:59 : Direct: Zelena: lwl
22:04:01 : Direct: Zelena: ;w;
22:04:17 : Direct: Zelena: u drive
22:04:32 : Direct: Thorgaard: Couple of driveby in the hood lately?
22:04:44 : Direct: Thorgaard: Motherfucker where you learned to drive?
22:04:46 : Direct: Zelena: my bumhole is gonna be dead isnt it
22:04:48 : Direct: Thorgaard: Legoland?
22:05:01 : Direct: Thorgaard: Yeah because yall some corrupt mothafuckers
22:05:12 : Direct: Zelena: don't crash and don't get us robbed breh
22:05:17 : Direct: Thorgaard: Suck ma black cock
22:05:34 : Direct: Thorgaard: Beautiful name
22:05:41 : Direct: Thorgaard: Motherfucka you fucked up ma life
22:05:45 : Direct: Zelena: I got a vermin on me if u want it
22:05:49 : Direct: Thorgaard: Suck my cock
22:05:55 : Direct: Zelena: oh..
22:06:05 : Direct: Zelena: this isn't very secret...
22:06:12 : Direct: Zelena: check 060225 on the map.
22:06:38 : Direct: Zelena: it bs obs
22:06:38 : Direct: Zelena: run
22:06:39 : Direct: Zelena: run
22:06:40 : Direct: Zelena: ru n
22:06:42 : Direct: Zelena: get the fuck in
22:06:43 : Direct: Zelena: and drive
22:06:45 : Direct: Zelena: please
22:06:46 : Direct: Zelena: PLEASE
22:06:47 : Direct: Zelena: DRIVE
22:06:48 : Direct: Zelena: OMFG
22:06:50 : Direct: Zelena: PLEASE
22:07:15 : Direct: Zelena: RIVE YO ASS
22:07:18 : Direct: Zelena: DRIVE
22:07:20 : Direct: Zelena: QUICKY MART
22:07:22 : Direct: Zelena: CMON
22:07:51 : Direct: Zelena: OK THEN
22:07:53 : Direct: Zelena: YOU NOB
22:07:56 : Direct: Zelena: I DONE NOWT WRONG
22:08:23 : Direct: Zelena: iLL FIX.
22:08:30 : Direct: Zelena: Oww
22:08:34 : Direct: Zelena: Im hurting daddy ;c;
22:09:10 : Vehicle: Zelena: yes ;c;
22:09:16 : Vehicle: Zelena: Go to salt valley ;c;
22:09:19 : Vehicle: Zelena: is very secluded
22:09:26 : Vehicle: Zelena: yus
22:09:29 : Vehicle: Zelena: check map
22:09:31 : Vehicle: [APD] Chief. Stalks: strider stuck in floor...
22:09:32 : Vehicle: Zelena: when we get to hospital
22:09:36 : Vehicle: Zelena: I know but still!
22:09:40 : Vehicle: [APD]Master Kermit: lol nice
22:09:44 : Vehicle: Zelena: I marked salt valley for us on the map..
22:09:56 : Vehicle: Zelena: Its where I go when im pissed
22:09:59 : Vehicle: Zelena: :)
22:10:10 : Vehicle: Zelena: Its  got a nice view of le ocean
22:10:18 : Vehicle: Zelena: A small hut
22:10:26 : Vehicle: Zelena: sadly you cant buy it but still
22:11:29 : Direct: Zelena: take the hat
22:11:53 : Direct: Zelena: 2 good scopes
22:11:56 : Direct: Zelena: oh i had them 
22:12:01 : Direct: Zelena: when i went for a care package
22:12:06 : Direct: Zelena: no big dealio
22:12:50 : Direct: Zelena: check the inventory
22:12:52 : Direct: Zelena: north
22:12:54 : Direct: Zelena: check north
22:13:39 : Vehicle: Zelena: THERE IS A DROP
22:13:45 : Vehicle: Zelena: I got it marked/
22:13:56 : Vehicle: Zelena: Ill go get the drop stuff if you drive me near
22:13:57 : Vehicle: Zelena: no
22:14:11 : Direct: Zelena: drive me 1k away
22:14:16 : Direct: Zelena: and i can go find it by running
22:14:49 : Direct: Zelena: if you drop me close I can pick up a weapon and some of the ammo it has
22:14:56 : Direct: Zelena: ill come back get the stuff then once i got it
22:14:56 : Group: [APD] Chief. Stalks: all to fed
22:15:18 : Direct: Zelena: once i got the last stuff
22:15:25 : Direct: Zelena: you quickly drive to me and pick me up
22:15:29 : Direct: Zelena: then we drive to salt valley
22:15:34 : Direct: Zelena: shall I mark it for you?
22:15:50 : Vehicle: Zelena: marked it
22:15:52 : Vehicle: Zelena: drop area
22:15:55 : Vehicle: Zelena: we need to go north
22:15:57 : Vehicle: Zelena: alot
22:16:02 : Vehicle: Zelena: like alot alot north
22:16:35 : Vehicle: Zelena: knobs :/
22:17:02 : Vehicle: Zelena: I like night
22:17:19 : Vehicle: Zelena: 4k away from drop
22:17:27 : Vehicle: Zelena: drop me near but not too near
22:17:34 : Vehicle: Zelena: so if i do get attacked you won't get the bumhole
22:17:44 : Vehicle: Zelena: All my shit is in the car anyway so eh
22:18:05 : Vehicle: Zelena: laggy laggy laglag
22:18:12 : Vehicle: Zelena: I got internet that downloads so fast/
22:18:20 : Vehicle: Zelena: but arma fucking demolishes it
22:18:40 : Vehicle: Zelena: u shoulda took a right
22:19:03 : Vehicle: Zelena: 2fast2quick
22:19:30 : Direct: Zelena: do you think I don't come prepared bro
22:19:49 : Direct: Zelena: its a car thats faster than the buguetteh vayron bro
22:20:04 : Direct: Zelena: 0 to sixtey in 3 seconds 
22:20:08 : Direct: Zelena: don't crash again pplease/
22:20:14 : Direct: Zelena: no more toolkits
22:20:20 : Direct: Zelena: and im not in the mood for a marathon XD
22:20:45 : Direct: Zelena: there is a dirt track that heads off the road near the sand mine i think
22:20:54 : Direct: Zelena: silver mine
22:21:07 : Direct: Zelena: drop me off west from the drop
22:21:10 : Direct: Zelena: then I can run up
22:21:18 : Direct: Zelena: Keep going straight
22:21:29 : Direct: Zelena: we might need to go offroad 
22:21:41 : Direct: Zelena: ok right offroadf
22:22:04 : Direct: Zelena: we ain't goin to go too fast offroad but fast enough
22:22:31 : Direct: Zelena: either drop me off far away from the drop of shtuf your shit in the car and park right next to the drop
22:22:35 : Direct: Zelena: both of us getting the loot
22:22:39 : Direct: Zelena: in and out in 1 minute
22:22:43 : Direct: Zelena: which way u wanna do it
22:22:54 : Direct: Zelena: ok
22:23:08 : Direct: Zelena: we are 700 metres away from the marked area of where the drop should be
22:23:12 : Direct: Zelena: shall I get out now or what
22:23:32 : Direct: Zelena: Stop
22:23:37 : Direct: Zelena: its here
22:23:42 : Direct: Zelena: 459 metres away
22:23:45 : Direct: Zelena: from where it was marked
22:28:36 : Group: Mango Dango: dds
22:28:57 : Direct: [NHS] Medic: // u laggin bruh
22:30:12 : Direct: Agent. Cobra: Shit
22:31:00 : Direct: Zelena: relog
22:31:02 : Direct: Zelena: rebel base north
22:31:09 : Direct: Zelena: yus
22:31:12 : Direct: Zelena: rebel base north
22:31:14 : Direct: Zelena: bcus
22:31:17 : Direct: Zelena: salt valeh
22:31:18 : Direct: Zelena: broe
22:32:42 : Direct: Zelena: take this
22:33:23 : Direct: Zelena: take it
22:33:26 : Direct: Zelena: both of em
22:34:09 : Direct: Zelena: why?
22:34:41 : Vehicle: Mango Dango: I demand to be treated different 
22:35:00 : Vehicle: Mango Dango: I DEMAND TO BE TREATED DIFFERENT TO THIS GUY
22:35:02 : Direct: Zelena: no door
22:35:03 : Direct: Zelena: how
22:35:42 : Vehicle: Zelena: there is a helicrash up here
22:35:46 : Vehicle: Zelena: want me to take some out or nah
22:36:11 : Vehicle: Zelena: expect me to die
22:36:13 : Vehicle: Zelena: aimbots
22:36:16 : Vehicle: Zelena: literally
22:36:23 : Vehicle: Zelena: nonononon
22:36:26 : Vehicle: Zelena: i want guns
22:36:29 : Vehicle: Zelena: i want do it
22:36:42 : Vehicle: Zelena: who gives a anus if i die
22:36:46 : Vehicle: Zelena: only bout 80k gone
22:36:47 : Vehicle: Zelena: lol
22:36:48 : Vehicle: Zelena: :>
22:36:54 : Vehicle: Zelena: oh? :3
22:36:56 : Vehicle: Jango Fett: SIR
22:37:01 : Vehicle: Jango Fett: YOU HAVE CUT OFF MY TOUNGE
22:37:06 : Vehicle: Jango Fett: THIS IS POLICE BRUTALITY
22:37:06 : Vehicle: Zelena: nonononono keep driving
22:37:08 : Vehicle: Jango Fett: I CAN'T SPEAK
22:37:11 : Vehicle: Zelena: that is the worst heli crash
22:37:20 : Vehicle: Zelena: worst possitions to kill the ai
22:37:26 : Vehicle: Zelena: just drive past quickly
22:37:33 : Vehicle: Zelena: FUCK IIIIIIIIIT
22:37:40 : Vehicle: Zelena: ALLAHU SNACKBAR
22:37:49 : Vehicle: Zelena: UNLOCK LE CAR
22:38:02 : Vehicle: Zelena: fite me 
22:38:03 : Vehicle: Zelena: cunts
22:38:09 : Direct: Jango Fett: GET YOUR HANDS OFF ME YOU SCUM
22:38:13 : Vehicle: Zelena: ALLAHUUUUUUUUUUUU
22:38:15 : Direct: Jango Fett: This is why we dont trust the police
22:39:21 : Direct: Jango Fett: Who just threw me out of the helicopter
22:39:46 : Direct: Jango Fett: did you just throw me out of the helicopter
22:40:15 : Vehicle: Jango Fett: who just threw me out of the helicopter
22:40:51 : Vehicle: Jango Fett: The other police cut off my tounge
22:40:58 : Vehicle: Jango Fett: Yes
22:41:01 : Vehicle: Jango Fett: I can't speak
22:41:11 : Direct: Zelena: AMMO
22:41:12 : Vehicle: Jango Fett: I felt very violated
22:41:37 : Direct: Jango Fett: I cant hear you sir
22:41:41 : Direct: Jango Fett: I cant talk anyway
22:41:47 : Direct: Jango Fett: So I mean
22:41:52 : Direct: Jango Fett: Yeah
22:41:57 : Direct: Jango Fett: The police gave me the notes
22:42:03 : Direct: Jango Fett: It is your problem
22:42:07 : Direct: Jango Fett: you said you were the superior
22:44:18 : Direct: Zelena: get the car
22:44:19 : Direct: Zelena: quick
22:44:46 : Direct: Zelena: get the car
22:44:47 : Direct: Zelena: now
22:50:21 : Vehicle: Zelena: DRIVE YO ASS
22:50:25 : Direct: Mango Dango: wAIT
22:50:32 : Direct: Mango Dango: WAIT
22:50:58 : Vehicle: Zelena: Now we got one question for eachother
22:51:05 : Direct: Jango Fett: excuse me
22:51:07 : Vehicle: Zelena: keep these till the restart or buy a house and store them
22:51:13 : Vehicle: Zelena: on that beach would be a nice place
22:51:15 : Vehicle: Zelena: Or
22:51:20 : Direct: Jango Fett: I am this mans naked lawyer
22:51:21 : Vehicle: Zelena: give them to the police for 500k
22:51:27 : Direct: Jango Fett: Hello
22:51:29 : Vehicle: Zelena: bcus thats what i used to do
22:51:38 : Vehicle: Zelena: are you in third?
22:51:49 : Vehicle: Zelena: Allahu snackbar
22:51:56 : Vehicle: Zelena: beach
22:52:02 : Vehicle: Zelena: the one we went buy to get the thing
22:52:05 : Direct: Jango Fett: Hello I am THE Naked ginger lawyer
22:52:06 : Vehicle: Zelena: drop
22:52:12 : Vehicle: Zelena: which we didn't get but still
22:52:14 : Direct: Jango Fett: Yeah, my tounge got cut off
22:52:17 : Direct: Jango Fett: by a police offier
22:52:18 : Direct: Jango Fett: officer
22:52:19 : Vehicle: Zelena: no
22:52:21 : Direct: Jango Fett: when I was five
22:52:27 : Direct: Jango Fett: no
22:52:28 : Vehicle: Zelena: somewere way away from a densly populated area
22:52:32 : Direct: Jango Fett: English
22:52:42 : Direct: Jango Fett: an English police officer
22:52:44 : Direct: Jango Fett: so 
22:52:46 : Vehicle: Zelena: do you think the police would be a little bit suspicious of arnald shwartz storing rocket launchers in a house
22:52:48 : Vehicle: Zelena: hmm?
22:52:53 : Direct: Jango Fett: I would like you too unrestrain my client
22:53:08 : Vehicle: Zelena: gimmi the keys to the car like I did you 
22:53:09 : Direct: Jango Fett: no
22:53:10 : Vehicle: Zelena: bcus like
22:53:14 : Direct: Jango Fett: he was just at the scene of the crime
22:53:16 : Vehicle: Zelena: i wanna see our loot :0
22:53:17 : Vehicle: Zelena: :)
22:53:36 : Vehicle: Zelena: what a pull
22:53:38 : Vehicle: Zelena: lagit
22:53:49 : Vehicle: Zelena: stay away from it
22:53:59 : Vehicle: Zelena: the ai don't have ammo in some of their guns
22:54:02 : Vehicle: Zelena: but always the launchers
22:54:08 : Vehicle: Zelena: get in clear line of sight and we are dead
22:54:14 : Vehicle: Zelena: rip tempest 2k16 ;w;
22:54:36 : Vehicle: Zelena: we don't have ammo for most of these besides from them rifles
22:54:37 : Vehicle: Zelena: like
22:54:38 : Vehicle: Zelena: y'know
22:54:40 : Vehicle: Zelena: 30 mags
22:54:44 : Vehicle: Zelena: 50k each if you buy them
22:54:44 : Vehicle: Zelena: gg
22:54:49 : Vehicle: Zelena: we rich ammo wise lol
22:54:55 : Vehicle: Zelena: if we get a alrge house
22:54:57 : Vehicle: Zelena: which is 2 mill
22:55:02 : Vehicle: Zelena: then 4 storage containers
22:55:03 : Vehicle: Zelena: pretty good
22:55:13 : Vehicle: Zelena: but a small one 2 containers
22:55:16 : Vehicle: Zelena: non
22:55:21 : Vehicle: Zelena: i accidentally sold my tempest
22:55:24 : Vehicle: Zelena: remember in chat?
22:55:25 : Vehicle: Zelena: xD
22:55:30 : Direct: Jango Fett: i can still talk
22:55:31 : Vehicle: Zelena: 150k
22:55:33 : Direct: Jango Fett: please save me sir
22:55:36 : Vehicle: Zelena: 168,062 tbh
22:55:43 : Vehicle: Zelena: but thats how much I got
22:55:52 : Vehicle: Zelena: if you drop me off at a store and drive off quickly
22:55:56 : Vehicle: Zelena: i can get a large box
22:55:57 : Vehicle: Zelena: no wait
22:56:04 : Vehicle: Zelena: ill log to kavala then u can pick me up at kavala or
22:56:10 : Vehicle: Zelena: i can just get my car and drive to you
22:56:18 : Vehicle: Zelena: Id say me getting my car and stuff
22:56:20 : Vehicle: Zelena: stop the risk
22:56:26 : Vehicle: Zelena: of being robbed
22:56:34 : Vehicle: Zelena: of about 3mill amount of weaponry
22:56:44 : Vehicle: Zelena: don't worry about being followed unless they have a gun on their car
22:56:47 : Vehicle: Zelena: I got a titan ffs
22:57:00 : Vehicle: Zelena: well 
22:57:02 : Vehicle: Zelena: third person
22:57:21 : Vehicle: Zelena: wooo
22:57:23 : Vehicle: Zelena: xD
22:57:24 : Vehicle: Zelena: drive
22:57:26 : Vehicle: Zelena: keep driving
22:57:33 : Vehicle: Zelena: I wasn't shooting at anyone
22:57:36 : Vehicle: Zelena: or i woulda shot alot more
22:57:40 : Vehicle: Zelena: or just blow them up
22:58:03 : Vehicle: Zelena: I guess?'
22:58:10 : Vehicle: Zelena: But im a bumtoy btw
22:58:18 : Vehicle: Zelena: or a slave i guess
22:58:21 : Vehicle: Zelena: dude
22:58:27 : Vehicle: Zelena: i just took out a ai heli crash with you
22:58:36 : Vehicle: Zelena: 'not my thing' is a stupid statement atm
22:58:46 : Vehicle: Zelena: Im standing in a pickup with a light machiengun
22:59:00 : Vehicle: Zelena: well that was legal and i was usually storing them in my truck and taking them to the officers for a reward
22:59:07 : Vehicle: Zelena: highest reward i got was 400k
22:59:15 : Vehicle: Zelena: isnt bad 
22:59:38 : Vehicle: Zelena: take a right
22:59:38 : Vehicle: Zelena: on this dirt toad
22:59:38 : Vehicle: Zelena: now
22:59:54 : Direct: Zelena: go offline?
23:00:06 : Direct: Zelena: Im confused
23:00:12 : Direct: Zelena: Are you going offline?
23:00:21 : Direct: Zelena: because I thought we were getting a house and storing the weapons
23:00:48 : Direct: Zelena: oh
23:00:48 : Direct: Zelena: shall I take these guns to the police or what?
23:00:49 : Direct: Zelena: I guess the police would like them
23:00:51 : Direct: Zelena: bai
23:03:21 : Direct: Jango Fett: shhhhhhhhhhhhhhhhH
23:03:26 : Direct: Jango Fett: SHHHHHHHHHHHHHHHHHHHHHh
23:03:28 : Direct: Jango Fett: I AM NOT HERE
23:05:54 : Direct: Jango Fett: yes mom
23:06:16 : Direct: Jango Fett: What?
23:06:18 : Direct: Jango Fett: I dont have a gun
23:06:21 : Direct: Jango Fett: search me 
23:06:27 : Direct: Jango Fett: SEARCH ME I DARE YOU
23:06:40 : Direct: Fuzion (2): /voteday
23:06:41 : Direct: Jango Fett: POLICE BRUTALITY
23:06:56 : Direct: Jango Fett: You racist
23:06:58 : Direct: Jango Fett: I hate being white
23:14:26 : Direct: Zelena: bruh
23:14:31 : Direct: Zelena: ins not evewn my truck
23:14:34 : Direct: Zelena: its my friends
23:14:35 : Direct: Zelena: xD
23:14:42 : Direct: Zelena: checkit
23:15:03 : Direct: [APD]PC. Sean: why you wasting police time
23:15:10 : Direct: Zelena: how am i?/
23:15:17 : Direct: Zelena: I got u weapons
23:15:32 : Direct: [APD]PC. Sean: there nothuing in there]
23:15:38 : Direct: Zelena: yes there is4
23:15:52 : Direct: Zelena: I said
23:15:54 : Direct: Zelena: there is stuff
23:15:56 : Direct: Zelena: in the car
23:16:01 : Direct: Zelena: I CANT
23:16:03 : Direct: Zelena: U RESTRAINED ME
23:16:04 : Direct: Zelena: XD
23:16:16 : Direct: Zelena: how about
23:16:20 : Direct: Zelena: i [put the guns
23:16:22 : Direct: Zelena: in ur car
23:16:35 : Direct: Zelena: bcus ur guns are anus
23:16:54 : Direct: Zelena: bro
23:16:58 : Direct: Zelena: I broguht u the guns
23:17:02 : Direct: Zelena: if u don't givem e a reward
23:17:04 : Direct: Zelena: i swear to fuck
23:17:14 : Direct: Zelena: you idiot
23:17:15 : Direct: Zelena: dude
23:17:22 : Direct: Zelena: that was 3mill of stuff
23:17:23 : Direct: MrKadafi: u want to help me?
23:17:24 : Direct: Zelena: in that
23:17:26 : Direct: Zelena: for the police
23:17:29 : Direct: Zelena: are you kidding me
23:17:29 : Direct: [APD]PC. Sean: ill giver you 20000 that the most i can give you
23:17:33 : Direct: Zelena: bro
23:17:40 : Direct: Zelena: I had 2mk18s in it
23:17:43 : Direct: Zelena: with 30mags
23:17:50 : Direct: MrKadafi: want to help?
23:18:10 : Direct: Zelena: your never getting another shipment of weapons from me again =/
23:18:22 : Direct: [APD]PC. Sean: well am not a gun trader am not going to buy them off u
23:26:15 : Direct: [Pvt] Willem: Thanks mate
23:26:29 : Direct: [Pvt] Willem: anger pls
23:27:16 : Direct: [Pvt] Willem: can i have my gun pls
23:27:27 : Direct: [Pvt] Willem: yes
23:27:55 : Direct: [Pvt] Willem: nah just drop it
23:28:04 : Direct: [Pvt] Willem: he is scared of a medic with a lynx
23:28:16 : Direct: [Pvt] Willem: thanks man
23:38:05 : Direct: SwiftWarlock: calm down
23:38:10 : Direct: SwiftWarlock: wtf
23:39:00 : Direct: SwiftWarlock: w
23:39:09 : Direct: SwiftWarlock: idk
23:39:15 : Direct: SwiftWarlock: i just came
23:39:19 : Direct: Rihanna: wheres my mar 10 bruddah
23:39:29 : Direct: SwiftWarlock: =]]]
23:40:06 : Group: «ŦŘĐ» Gaspermaster: change school , they clearly dont teach you how to spell...
23:46:37 : Direct: MrKadafi: cheap lynx  enyone??
23:47:37 : Direct: MrKadafi: enyone wana buy a 7.62 wid silencer for 150k
23:53:01 : Direct: Tranquelity: everything is fine!
23:53:08 : Direct: Tranquelity: I feel totally healed and fine!
23:53:15 : Direct: Tranquelity: An apple aday keeps the doctor away!
23:53:22 : Direct: Tranquelity: ommenomme
23:53:28 : Direct: Tranquelity: I have overeaten..
23:53:33 : Direct: Tranquelity: Im fat!
23:54:31 : Group: Tranquelity: There goes my last ifrit..
23:54:59 : Group: [Cpl] Lazarus: can someone move this hunter at base so i can pick up the new recruit?
23:56:41 : Group: [Pvt] Ryujack: laz do u want to use mt car
23:58:03 : Direct: [Pvt] Ryujack: sir please step off the atv i cant hear u
23:58:22 : Group: Tranquelity: Gonna have to blackout this video it have my houses locations on the map-.-
