01:27:50 : Group: Kagutsuchi: vote kick
02:48:03 : Group: VibZ: CHANGHESONG?
03:28:18 : Group: Flames: hes trying to make me pay 1m
03:28:22 : Group: Flames: lol jk
10:14:39 : Group: [APD] Chief. Stalks: da fuck
10:15:39 : Group: [APD] Martin Riggs: oh hi there
10:16:01 : Group: [APD] Chief. Stalks: hi
10:17:03 : Group: [APD] Chief. Stalks: HAPPY BIRTHDAY TO ME
10:17:07 : Group: [APD] Chief. Stalks: HAPPY BIRTHDAY TO ME
10:18:12 : Group: [APD] Chief. Stalks: rofl
10:18:24 : Group: [APD] Martin Riggs: everyone loves you man
10:18:46 : Group: [APD] Chief. Stalks: the checkpoint looks nice
10:19:04 : Group: [APD] Martin Riggs: yah havent taken a look at the changes
10:19:07 : Group: [APD] Martin Riggs: federal moved
10:19:10 : Group: [APD] Martin Riggs: aff base moved
10:19:13 : Group: [APD] Martin Riggs: many changes
10:19:19 : Group: [APD] Martin Riggs: wich is good that someone is focusing on the map
10:19:21 : Group: [APD] Chief. Stalks: is the fed now on a hill?
10:19:38 : Group: [APD] Martin Riggs: yeah its next to airfield on the left
10:38:19 : Group: [APD] Chief. Stalks: omg
10:38:25 : Group: [APD] Chief. Stalks: am i seeing an officer of the law
10:38:30 : Group: [APD] Chief. Stalks: helping drug runners
10:38:46 : Group: [APD] Chief. Stalks: :p
10:39:00 : Group: [APD] Martin Riggs: You must be hitting that bottle again
10:39:04 : Group: [APD] Martin Riggs: I dont recognize it
10:39:41 : Group: [APD] Chief. Stalks: need to write my report up!
10:50:39 : Group: [APD] Chief. Stalks: the fuck is wrong with my internet today
14:40:01 : Group: Flames: phil 2 kag 1
15:43:04 : Direct: Flames: yah
15:44:12 : Direct: Scrubbie01: ok
15:44:36 : Direct: Scrubbie01: ok
15:49:21 : Group: Flames: Getting mugged konan?
15:49:41 : Group: Konan: nah
15:49:45 : Group: Konan: met a new gang, pretty chill
15:50:17 : Direct: Scrubbie01: just chilling
15:50:52 : Direct: Scrubbie01: can you please let me out
15:51:42 : Direct: Scrubbie01: cmon let me out!
15:52:51 : Direct: Scrubbie01: m8 my jizz is on ur seat
15:53:33 : Direct: Scrubbie01: help hes holding me
15:53:39 : Direct: Scrubbie01: Help!
15:54:09 : Direct: Scrubbie01: let me out 
15:57:54 : Direct: Jimmy: 500000
16:05:00 : Direct: John Smith: JIMMY
16:05:49 : Direct: John Smith: get in jimmy
16:06:16 : Direct: John Smith: JIMMY GET IN
16:06:21 : Direct: John Smith: QWICK
16:16:51 : Direct: John Smith: thanks for car
16:16:55 : Direct: John Smith: easy money
16:17:00 : Direct: John Smith: super ez faggots
16:18:06 : Direct: John Smith: THANKS FOR TEH CAR BABES
16:18:17 : Direct: John Smith: EZ MONEY
16:18:22 : Direct: John Smith:  $$$$$$$$
16:18:26 : Direct: TimThada: you know you hack.
16:18:28 : Direct: TimThada: so..
16:18:36 : Direct: TimThada: you did get in my car, when it was LOCKED
16:18:57 : Direct: John Smith: lockoicks you mong
16:19:11 : Direct: John Smith: LOCKPICKS YOU FUCKING FAGGOT
16:19:12 : Direct: Jimmy: Report !!
16:19:16 : Direct: TimThada: + you and your friend are driving to each other.. Normally the car would be stuck with 120kph
16:19:26 : Direct: TimThada: omg.. and your car didn't even broke
16:19:32 : Direct: John Smith: LMAO
16:19:36 : Direct: John Smith: YOU ARE SO DUMB
16:19:48 : Direct: TimThada: bro, you are russian so tfu
16:19:57 : Direct: John Smith: FROM THE UK FAGGOT
16:20:14 : Direct: TimThada: you are hacking bro.,
16:20:22 : Direct: TimThada: your car needs to be almost stuck, with 120kph.
16:20:26 : Direct: John Smith: BYE BYE CAR BABE
16:20:53 : Direct: TimThada: bye bye account :)
16:21:12 : Direct: TimThada: you know i don't even care.
16:21:13 : Direct: TimThada: so.
16:45:51 : Group: [APD] Chief. Stalks: dont think this guy even knows im above him
17:14:50 : Direct: [APD] SPC. Nick Nolif: OOC: you're glitched give me a sec
17:27:55 : Group: TimThada: ..
17:52:22 : Direct: Artorias: cant hear
17:52:37 : Direct: Artorias: go to glass before me
17:52:44 : Direct: Artorias: it will crash after me
17:53:40 : Direct: Artorias: type cant hear you
17:54:18 : Direct: Artorias: want me to move it so you can run better?
17:55:21 : Direct: Paddy.D: TY FOR MOVING IT :)
17:55:28 : Direct: Artorias: np :)
17:55:39 : Direct: White Bob: alrigth
17:55:50 : Direct: White Bob: ye
17:55:54 : Direct: White Bob: pew pew
17:56:02 : Direct: White Bob: gang shop
17:56:08 : Direct: White Bob: wanna come?
17:56:13 : Direct: White Bob: get you one?
17:56:22 : Direct: White Bob: what is it?
17:56:38 : Direct: White Bob: its ok for now
17:59:16 : Group: [APD] Sgt. Thorben: §/
18:09:48 : Group: [APD] Sgt. Thorben: check herion
18:26:08 : Group: Flames: my net dying
18:48:07 : Direct: Major Mint: hahah
18:48:14 : Direct: General Beast: class
18:59:21 : Group: [APD] SPC. Nick Nolif: major mint & general besat
18:59:22 : Group: [APD] SPC. Nick Nolif: beast
19:01:18 : Group: [APD] SPC. Nick Nolif: sorry
19:07:10 : Group: [APD] Chief. Stalks: getting some food, kick me if server gets populated
19:07:19 : Group: [APD] Martin Riggs: lol okay bro
19:08:44 : Group: [APD] SPC. Nick Nolif: james car
19:09:22 : Group: [APD] SPC. Nick Nolif: James make it an automatism to close your car
19:09:23 : Direct: Flames: 2 seconds buddy
19:09:30 : Group: [APD] SPC. Nick Nolif: those 2 can jump down and steal it
19:09:45 : Group: [APD] SPC. Nick Nolif: afk 10 min
19:10:06 : Group: [APD] Mst Sgt. Pancakes: AFK 20 mins going for a run
19:10:07 : Direct: Flames: im here for you buddy
19:10:54 : Direct: Flames: 70%
19:11:00 : Group: [APD] Chief. Hamilton: Pacakes go to Prison please ASAP
19:30:12 : Vehicle: Malaysia Airways MH370: LIGHTS
19:46:30 : Direct: Malaysia Airways MH370: pklease nmo
19:49:47 : Group: White Bob: turn up
19:58:34 : Group: Tango: sorry sgt brad miller
20:06:01 : Group: Wildgoldfish4: hei
20:06:11 : Direct: Shooter McFade: guys pls
20:06:16 : Direct: Shooter McFade: im friendly
20:08:58 : Direct: Mike: Come up, you can help us. 
20:09:00 : Group: William: elias
20:09:02 : Direct: Mike: we'll stop shooting
20:09:04 : Direct: Malaysia Airways MH370: are you sure
20:09:08 : Direct: Mike: yes
20:09:08 : Direct: Shooter McFade: promise?
20:09:14 : Direct: Malaysia Airways MH370: coming up
20:09:16 : Direct: Malaysia Airways MH370: gun holsterede
20:09:21 : Direct: Shooter McFade: im coming in hold fire
20:14:10 : Direct: Flames: no res
20:14:12 : Direct: Flames: for this fuck
20:14:27 : Direct: Flames: ikr
20:14:30 : Direct: Flames: hes an ass
20:33:49 : Group: Flames: mk1
20:33:55 : Direct: Fin.exe: /voted day
20:34:02 : Direct: White Bob: IN THE PASSENGER SEAT
20:34:06 : Group: Malaysia Airways MH370: ash
20:34:08 : Group: Malaysia Airways MH370: drag me
20:34:09 : Group: Malaysia Airways MH370: u tit
20:40:27 : Direct: Andy K: OI
20:41:42 : Direct: Andy K: TY
20:42:15 : Direct: Andy K: wHAT DO YOU WANT?
20:42:18 : Direct: Andy K: oops
20:42:20 : Direct: Andy K: Soz caps
20:42:24 : Direct: Andy K: It's to your left
20:42:26 : Direct: Andy K: Right*
20:42:30 : Direct: Andy K: In the square
20:42:33 : Direct: Andy K: Np
20:42:37 : Direct: Andy K: Yh
20:44:45 : Direct: Malaysia Airways MH370: can u ticket me here please
20:44:48 : Direct: Malaysia Airways MH370: i cba to go to a station
20:46:25 : Direct: Andy K: Ay mate
20:46:53 : Direct: Andy K: Recording this
20:46:57 : Direct: Andy K: Gonna get you banned
20:47:14 : Direct: TimThada: Bro,
20:47:18 : Direct: TimThada: you know you can pullout people
20:47:23 : Direct: TimThada: with windows button?
20:48:09 : Direct: Andy K: Oi 
20:48:10 : Vehicle: Malaysia Airways MH370: Wanna buy a plane
20:48:22 : Direct: Andy K: What happened
20:48:37 : Direct: Andy K: Ok
20:49:12 : Direct: Andy K: Oi
20:49:58 : Vehicle: Malaysia Airways MH370: heres my number
20:50:00 : Vehicle: Malaysia Airways MH370: 456463547
20:50:06 : Vehicle: Malaysia Airways MH370: contact me about selling cop gear
20:52:23 : Group: William: stop
20:55:10 : Direct: TimThada: andy
20:55:43 : Direct: TimThada: andy?
20:55:47 : Direct: TimThada: I am not hacking btw.
20:55:55 : Direct: TimThada: You can pull-out players,
20:56:08 : Direct: TimThada: and yes, even in safe zones.
20:56:50 : Group: [APD] Chief. Stalks: Dunis, i have not forgotten the huron you sank
21:03:08 : Direct: Ronnie Rowe: skepta, JME, thats not me
21:04:26 : Vehicle: Ronnie Rowe: wag1
21:04:30 : Vehicle: Ronnie Rowe: wanna buy some pills
21:04:55 : Direct: Paddy.C: /
21:04:59 : Direct: ChiChi: i put it down
21:05:07 : Direct: ChiChi: did the animation
21:06:25 : Vehicle: Ronnie Rowe: nee noor neee noor
21:07:17 : Direct: Paddy.D: respawn gears in car mate sorry
21:19:08 : Direct: Flames: my nigger
21:25:10 : Direct: [APD] Chief. Hamilton: hands up
21:25:19 : Direct: [APD] Chief. Hamilton: shift v
21:25:22 : Direct: [APD] Martin Riggs: love you man
21:25:30 : Direct: [APD] Chief. Hamilton: 5 seconds
21:25:31 : Vehicle: Flames: gokarts?
21:25:31 : Direct: [APD] Chief. Hamilton: or u die
21:25:33 : Direct: [APD] Chief. Hamilton: drop weapon
21:25:45 : Direct: [APD] Chief. Hamilton: drop the gun
21:25:47 : Direct: [APD] Chief. Hamilton: 5 seconds
21:26:04 : Vehicle: Paddy.G: drop me off at salt pls
21:26:07 : Vehicle: Paddy.G: thank you kind sir
21:26:47 : Vehicle: Paddy.G: thanks for this, ran out of salt for ma chips, wife has gone crazy
21:27:09 : Vehicle: Paddy.G: may need to pick up some sugar on the way back for the misses
21:27:14 : Vehicle: Paddy.G: and by sugar i mean cocaine
21:27:24 : Vehicle: Paddy.G: yes please!
21:27:42 : Vehicle: Paddy.G: we all have our demons
21:27:53 : Vehicle: Paddy.G: you should see my wife drive
21:28:02 : Vehicle: Paddy.G: well i have ran out of salt
21:28:08 : Vehicle: Paddy.G: aren't they all?
21:28:25 : Vehicle: Paddy.G: my chips taste like shit
21:28:59 : Vehicle: Paddy.G: another hemtt?? these company cars?
21:29:23 : Vehicle: Paddy.G: oh
21:33:52 : Vehicle: ChiChi: Who is the bush man?
21:36:11 : Direct: ChiChi: cheers
21:44:30 : Direct: [APD] PC. James Skye: SEC
21:45:43 : Direct: Paddy.G: I drop my shit?
21:46:25 : Direct: Andy K: fiN
21:46:31 : Direct: Andy K: Diq
21:46:48 : Direct: General Beast: HEs alright mate
21:50:44 : Direct: John Smith: ite ben
21:56:14 : Group: TheGreatAndBrave: Plz need help, Jihad at salt prossesing!
21:56:51 : Group: General Beast: rip
21:56:59 : Group: General Beast: Everyone is too far away
21:57:33 : Group: TheGreatAndBrave: Well, shit, hopefully I'll manage
21:57:42 : Group: Flames: what are you in?
21:59:07 : Group: TheGreatAndBrave: Hemtt box, they left before I got here but they stole a heli from the Paddys, and they said they where coming back
21:59:21 : Group: TheGreatAndBrave: so i think i mighe bail on this one
22:00:04 : Direct: Cactuar: PULL OVER
22:00:43 : Direct: John Smith: BEN
22:02:01 : Group: [APD] Chief. Stalks: nick pair up with james, ignore the striders
22:03:23 : Direct: ChiChi: fat piggy!
22:08:16 : Group: Roger Murtaugh: Hvað á að fara brasa ?
22:23:13 : Group: [APD] Chief. Hamilton: DRIVE
22:23:47 : Vehicle: [APD] Sgt. Randall: QUICKLY
22:24:34 : Direct: [APD] Sgt. Randall: are you the guy who wants escorting?
22:25:01 : Group: [APD] Chief. Hamilton: its not him tom
22:25:02 : Group: [APD] Chief. Hamilton: get in
22:27:25 : Direct: [APD] Chief. Hamilton: escort
22:31:16 : Vehicle: Andy K: wHAT U SAY?
22:31:31 : Vehicle: Kalem: got as long range scope may be able to snipe him 
22:31:36 : Vehicle: Andy K: I have lrps
22:31:39 : Vehicle: Kalem: same
22:31:39 : Vehicle: Andy K: yh boy
22:31:45 : Vehicle: Andy K: lmao
22:31:49 : Vehicle: Andy K: gone be gd
22:37:27 : Direct: ScottC: we see you bye bye
22:44:02 : Group: Seepra: Police can be shot on sight by anyone willing to contest the law and suffer the potential consequences.
22:47:06 : Direct: Wildgoldfish4: run
22:47:08 : Direct: ChiChi: :(
22:47:09 : Direct: Wildgoldfish4: sebastian, kom på ts
22:48:13 : Group: [APD] Chief. Stalks: medic has been removed, nomore pissing about from him
22:49:12 : Group: Paddy.C: they have the cheek to ask for comp....
22:49:19 : Group: Paddy.G: oh wow
22:49:22 : Group: Paddy.C: ive just lost both my fucking helis!!!!!
22:49:52 : Group: Paddy.D: LAG? YEAH
22:50:09 : Vehicle: Kalem: just leave 1 of everything in my house 
22:50:11 : Group: Paddy.C: why would i intentionally blow both my choppers up??!??!?!?!
22:50:16 : Vehicle: Kalem: take what you want
22:50:26 : Group: Paddy.G: so unfair that those laggy bastards took us out
22:51:23 : Group: Paddy.G: SEE EVEN THEY'RE LAGGING
22:53:53 : Group: Paddy.C: TAKWE THE FUCKIGN GUN
22:55:15 : Group: Paddy.C: CAN WE GO KAV AND KILL SOMEONE?
22:55:24 : Group: Paddy.D: sure
23:00:04 : Direct: Andy K: mOVE HELI PLS
23:00:04 : Direct: Andy K: Ty
23:00:29 : Direct: Andy K: Hussy da real G
23:00:37 : Direct: Paddy.C: fuck off you wanker
23:00:44 : Direct: Andy K: Hussy it's crump :(
23:01:07 : Direct: Andy K: Pls let's go
23:02:23 : Direct: White Bob: lock pic it brown
23:04:04 : Direct: [APD] Chief. Stalks: we're a little out numbered :p
23:04:16 : Direct: [APD] PC. James Skye: im fully aware.
23:04:37 : Direct: [APD] PC. James Skye: bring out a gmg
23:07:04 : Direct: Paddy.C: .
23:12:45 : Direct: Kalem: yea?
23:12:50 : Direct: Kalem: what you want?
