00:01:18 : Direct: [NHS]Paddy.D: its okay sorry 
00:01:49 : Direct: Zardier: We did warn you ;)
00:01:59 : Direct: Zardier: you all good?
00:02:31 : Direct: [NHS]Paddy.D: yeah sorry was afk :P 
00:02:43 : Direct: [NHS]Paddy.D: ty
00:14:02 : Group: General Tank: please
00:14:08 : Group: DonGino: kk
00:39:36 : Group: [APD] Insp. Eukanubae: GANG COCAINE NEED ASSISTANCE
00:47:06 : Group: [APD] Insp. Eukanubae: HUNTER GOING KAVALA
01:32:31 : Direct: odd_v: IM NEW TO THIS SERVER .FFS /./
01:32:48 : Direct: odd_v: TY
02:41:28 : Direct: Commissar: nIGGA
02:41:38 : Direct: Camy: hey bb
02:42:14 : Direct: Camy: wooo mad paycheck money m8
02:42:28 : Direct: Commissar: did you want some better clothes?
02:42:48 : Direct: Camy: okies :0
02:42:52 : Direct: Commissar: use the atm
02:43:16 : Direct: Commissar: I would take out about 10000
02:43:18 : Direct: Camy: its not letting me?
02:44:16 : Direct: Camy: now what?
02:44:49 : Direct: Camy: goose?
02:44:54 : Direct: Commissar: type the amount you want to withdraw
02:45:01 : Direct: Camy: how much should i grab
02:45:06 : Direct: Commissar: 10000
02:48:20 : Direct: Commissar: now guns are illiagle
02:48:24 : Direct: Commissar: wut
02:48:28 : Direct: Commissar: dat spelling
02:48:38 : Direct: Camy: kkkk
02:48:46 : Direct: Camy: brb
02:48:50 : Direct: Commissar: let's go get one ;)
02:50:55 : Direct: Camy: skeep?
03:04:29 : Direct: [APD] Chief. Stalks: out of roleplay, the mic is really low
03:14:04 : Direct: Commissar: day
09:27:19 : Group: Flames: Hey omen
09:27:31 : Group: TheOman: Hello Flames. 
09:28:37 : Group: Flames: im paycheck farming in base, for a bit, have fun with drug runs
09:29:02 : Group: TheOman: Alright, have fun you to. 
12:45:53 : Group: Flames: 15 min til restart kag gl with your run
12:53:19 : Group: Flames: kag you selling turtles?
14:42:41 : Group: [APD] Chief. Hamilton: did you get my gun off the floor?
14:42:49 : Group: [APD] PC. Jack Frost: NOPE
14:42:54 : Group: [APD] Chief. Hamilton: rip 700k
14:44:45 : Group: [APD] Chief. Hamilton: go to drug dealer
14:45:26 : Group: [APD] Chief. Hamilton: go to drug field or derank
14:49:58 : Group: [APD] Insp. Eukanubae: SO QUIET
15:01:49 : Direct: [APD] Insp. Eukanubae: Do you sirs need your cars anymore? if not do impound them.
15:02:01 : Direct: [APD] Insp. Eukanubae: appreciated.
15:11:19 : Direct: Alex(Wolf) [AFF]: Can you split the money?
15:13:05 : Group: DonGino: BDpatricia is in kavala
15:16:23 : Group: TheOman: Inferno did you die at the Cocain Prosessing? 
15:16:32 : Group: Zardier: yeah he did
15:16:48 : Group: TheOman: Someone killed him or he crashed? 
15:16:58 : Group: Zardier: crashed
15:17:02 : Group: TheOman: Alright thanks.
15:17:31 : Group: [APD] Chief. Hamilton: go find me AFF thorben and jack
15:17:40 : Group: [APD] Chief. Hamilton: search all drug fields/processors
15:25:13 : Group: TheOman: Someone from our gang at Drug dealer, can someone confirm this?  They're driving our car but not sure.
15:25:42 : Group: Inferno: IFF IT WAS US YOUD SEE GANG TAG
15:29:00 : Direct: TheOman: You are?
15:29:05 : Direct: Alex(Wolf) [AFF]: Alex
15:29:09 : Direct: TheOman: Oh
15:29:12 : Direct: Alex(Wolf) [AFF]: Are you not in TS?
15:29:22 : Direct: TheOman: You scared me alot
15:29:30 : Direct: Alex(Wolf) [AFF]: More to scare the IRA kid.
15:29:44 : Direct: Alex(Wolf) [AFF]: But get going he might come back.
15:29:44 : Group: TheOman: Sorry, joining in like 15 mins with my friend.
15:29:47 : Direct: Alex(Wolf) [AFF]: And he will shoot.
15:30:24 : Direct: TheOman: Roger that.
15:31:42 : Group: Inferno: stop talking in gang chat
15:31:44 : Group: Inferno: type only
15:31:48 : Group: Pufface.: okay. sorry
15:32:02 : Group: TheOman: Roger that sry
15:43:48 : Direct: Dorris: can i get a lift
15:43:54 : Direct: Dorris: when you go
15:44:42 : Group: [APD] Insp. Eukanubae: heli took ya car.
15:46:04 : Direct: Dorris: How much is rebel licence?
15:47:17 : Vehicle: Dorris: i can do coke runs for you?
15:47:27 : Vehicle: Dorris: if you have a truck we split it 3 ways?
15:52:49 : Direct: Dorris: can i join?
15:53:16 : Direct: Dorris: thanks bro <3
15:56:23 : Group: Pufface.: drug dealer clear?
15:58:48 : Group: [APD] Insp. Eukanubae: What?
15:59:01 : Group: [APD] Chief. Hamilton: situation witj AFF?
15:59:06 : Group: [APD] SPC. Thorben: 6 aff at; drugs dealer 
15:59:09 : Group: [APD] Insp. Eukanubae: pulled back
15:59:24 : Group: [APD] Insp. Eukanubae: they showed up after we started to go back.
15:59:29 : Group: [APD] Insp. Eukanubae: we are regearing to recapture
16:01:22 : Group: Pufface.: yellow car at drug dealer, might be rob able?
16:01:46 : Group: Pufface.: hell cat, parked beside, by airstrip dont know how many people there doe
16:08:57 : Group: Pufface.: guys got police on my ass
16:10:13 : Group: Pufface.: police going towards base
16:10:45 : Group: Pufface.: hes somewhere inside our border
16:19:18 : Group: Pufface.: police at border
16:19:40 : Group: [APD] PC. John Rookie: responding
16:19:42 : Group: [APD] Insp. Eukanubae: resptonding
16:20:10 : Direct: Konan: what
16:21:03 : Group: Pufface.: Flames are you afk?
16:22:09 : Direct: Flames: whats up
16:22:54 : Direct: Flames: would love too but im busy currently, try the guys on ts they might be able to help your situation
16:26:13 : Group: General Tank: CUNT
16:26:35 : Group: Pufface.: what happend?
16:32:12 : Group: [APD] Chief. Hamilton: HUNTER INCOMIGN
16:34:53 : Group: Pufface.: police at border arresting me..
16:38:22 : Group: TheOman: Hamilton and cops camping at the AFF border.
16:38:54 : Group: [APD] Chief. Hamilton: .///
16:38:55 : Group: [APD] Chief. Hamilton: //
16:39:20 : Group: General Tank: give them a fire fight take many lives
16:40:13 : Group: Pufface.: Update - left the border, went on dirt road, probably going somewhere, around drug dealer,
16:42:06 : Group: [APD] SGT. Jason: Euk are you blowing stuff up?
16:42:43 : Group: [APD] Insp. Eukanubae: MAYHAOS]
16:42:46 : Group: [APD] Insp. Eukanubae: MAYHAPS
16:43:33 : Direct: Flames: ello
16:45:45 : Direct: [APD] PC. John Rookie: ALLAHU AKBAR
16:45:46 : Direct: Pufface.: flames our vehicles are illegal?
16:45:48 : Direct: Pufface.: hunters
16:46:03 : Direct: TheOman: Yes they are illegal.
16:46:06 : Direct: Flames: yes
16:46:10 : Direct: Flames: they can be crushed
16:46:19 : Direct: Pufface.: okay,
16:46:23 : Direct: Flames: are cops still near the border?
16:46:46 : Direct: Pufface.: nope not border, but we need more people to fight them they was around 6 cops, they might be camping drug dealer where they first did
16:46:49 : Direct: Pufface.: spot me
16:47:00 : Direct: Pufface.: could be more than 6 to.
16:47:17 : Direct: Flames: okay i will go to the border tower and will see what i can shoot
16:47:23 : Direct: Pufface.: ait
16:47:25 : Direct: Pufface.: wait
16:47:50 : Direct: Pufface.: make sure to check behind the wall of border, becuase that was where they were as they were outside the border by the wall where we cant spot them,
16:48:04 : Direct: Pufface.: we follow you to the border, incase they camping, come on our ts?
16:48:09 : Direct: Flames: okay no problem
16:48:47 : Direct: [APD] PC. John Rookie: allahu
16:50:05 : Direct: [APD] PC. John Rookie: laaa
17:39:15 : Direct: Alex(Wolf) [AFF]: ellow
17:39:25 : Direct: Alex(Wolf) [AFF]: You guys got a sick gang name.
17:39:25 : Direct: dave: howdy
17:39:44 : Direct: Alex(Wolf) [AFF]: Well have a good day.
17:39:47 : Direct: Alex(Wolf) [AFF]: And fk the police.
17:39:51 : Direct: dave: you too sir
17:54:28 : Group: Pufface.: Flame you got killed at  border? :O
17:54:42 : Group: Flames: fucking fell off didnt i
17:54:53 : Group: Pufface.: ahaha, well done mate ;) lol
17:55:00 : Group: Flames: pro skills yo
17:55:03 : Group: Pufface.: indeed
17:55:27 : Direct: dave: .
17:57:04 : Group: General Tank: you doing turtles Gino?
18:03:55 : Direct: Flames: ty bby
18:06:54 : Direct: [APD] SGT. Jason: hey guys
18:06:57 : Direct: [APD] SGT. Jason: you all alright?
18:07:00 : Direct: odd_v: hello :)
18:07:16 : Direct: [APD] SGT. Jason: Just thought I would stop and say hello
18:07:27 : Direct: [APD] SGT. Jason: have a nice day guys, no lawbreaking ofc ;)
18:10:05 : Group: [APD] SGT. Jason: Why 100k? o.O
18:10:08 : Group: [APD] Chief. Stalks: explain the 100k ticket
18:10:13 : Group: [APD] Sgt. NickB: 100k?
18:12:41 : Group: DonGino: 1082666
18:13:00 : Direct: TheOman: You alive_?
18:15:27 : Direct: Alfred: da
18:15:33 : Direct: Alfred: day
18:15:41 : Direct: Alfred: day
18:25:19 : Group: [APD] SPC. Pancakes: Someone respond to that
18:29:20 : Group: [APD] SGT. Jason: PER
18:29:32 : Group: [APD] SGT. Jason: make sure he drops weapon
18:29:39 : Group: [APD] Cadet. BookerDewit: Jason on route to you
18:30:31 : Group: [APD] SPC. Pancakes: Got a vehicle by Heroin processing!
18:30:46 : Group: [APD] Cadet. BookerDewit: he said they are going to atheira
18:30:57 : Group: [APD] Chief. Hamilton: attempt to arrest pancakes
18:31:13 : Group: [APD] SPC. Pancakes: Never mind they were doing a salt run!
18:33:02 : Group: [APD] SGT. Jason: rgr
18:34:04 : Group: [APD] Chief. Hamilton: good job lads
18:36:17 : Group: [APD] SGT. Jason: Pancake, need to leave Heroine pal, we can't camp them
18:36:34 : Group: [APD] SPC. Pancakes: I know
18:36:48 : Group: [APD] SPC. Pancakes: Was find next destination
18:38:12 : Direct: Masked Robber: wow nice gun
18:38:36 : Direct: Masked Robber: its scary
18:38:49 : Direct: Masked Robber: why such shit guns guys?
18:39:02 : Direct: Masked Robber: who?
18:39:25 : Direct: Masked Robber: good bye guys i dont want to live anymore
18:41:05 : Group: [APD] Chief. Hamilton: we'll go to heroin
18:41:30 : Group: [APD] Chief. Hamilton: can i get a squad to weed and cocaine hideouts.
18:41:43 : Group: [APD] Sgt. NickB: im camping dealer
18:42:12 : Group: [APD] SGT. Jason: who placed the placeables at weed processing?
18:42:17 : Group: [APD] Chief. Hamilton: me
18:42:20 : Group: [APD] SGT. Jason: gj :P
18:42:29 : Group: [APD] Cadet. BookerDewit: Can i get assistants in kavala, i have a armed gunman in the scrapyard building apparently wants to kill me?
18:44:28 : Group: [APD] Sgt. NickB: Dunnis promotion party @ Dunnis' 9PM
18:44:33 : Group: [APD] Sgt. NickB: Be there or be square
18:44:35 : Group: [APD] SPC. Pancakes: I have a heli flying around the Heroin field!
18:44:41 : Group: [APD] SPC. Pancakes: He has moved!
18:44:51 : Group: [APD] SPC. Randall: people at heroin field
18:47:50 : Group: [APD] Chief. Hamilton: where is this?
19:06:55 : Group: Flames: who needed money for orca?
19:07:04 : Group: Zardier: me
19:11:39 : Direct: [APD] Chief. Hamilton: unlock the heli
19:11:42 : Direct: Patient man: i understand
19:11:52 : Direct: Patient man: I don't run 
19:11:58 : Direct: Patient man: I negociate
19:13:48 : Group: [APD]Chf Insp. Eukanubae: Hamminton i accidently sent you 200k..
19:14:03 : Group: [APD] Chief. Hamilton: it was 100k
19:14:21 : Direct: Patient man: THE DRUGS
19:14:41 : Direct: Patient man: just need justification
19:14:44 : Direct: Patient man: yes
19:14:50 : Direct: Patient man: I do
19:14:54 : Direct: Patient man: can I get a ride?
19:14:58 : Direct: Patient man: nice
19:15:06 : Direct: Patient man: can you bring me to cocain field?
19:17:14 : Direct: Patient man: it smells bad in here
19:17:21 : Direct: Patient man: clean this place up sometime
19:17:26 : Direct: Patient man: so much sweat
19:20:18 : Group: [APD] Insp. Jason: Nick
19:20:22 : Group: [APD] Insp. Jason: voice lags on group
19:20:24 : Group: [APD] Insp. Jason: whats up
19:20:29 : Group: [APD] PC. Crumpet: Lag.exe
19:20:32 : Group: [APD] Chief. Hamilton: TYPE
19:20:33 : Group: [APD]Chf Insp. Eukanubae: dSYNC
19:20:33 : Group: [APD] Sgt. NickB: Big heli landing drug dealer
19:20:33 : Group: [APD] SPC. Pancakes: Huron at drug dealer
19:21:21 : Group: [APD] Sgt. NickB: they dont know im here yet
19:21:28 : Group: [APD] Sgt. NickB: taking off again
19:21:31 : Group: [APD] Sgt. NickB: hellcat
19:22:00 : Group: [APD] Sgt. NickB: taken off again
19:22:04 : Group: [APD] Sgt. NickB: flying away
19:22:06 : Group: [APD] Sgt. NickB: they didnt sell
19:22:11 : Group: [APD] SPC. Randall: direction?
19:22:12 : Group: [APD] Sgt. NickB: landed about 100m away from dealer
19:22:18 : Group: [APD] Sgt. NickB: towards telos/fed
19:22:27 : Group: [APD] Sgt. NickB: prygos area
19:22:43 : Group: [APD] Sgt. NickB: black hellcat
19:23:05 : Group: [APD] Chief. Hamilton: we are here nick
19:23:25 : Group: [APD] Sgt. NickB: i see i see
19:23:49 : Group: [APD] Sgt. NickB: coming back?
19:26:06 : Group: [APD] SPC. Pancakes: Nick where are they?
19:27:04 : Group: [APD] SPC. Pancakes: Hide
19:27:08 : Group: [APD] SPC. Pancakes: They are coming!
19:31:50 : Group: [APD]Chf Insp. Eukanubae: we are going to adjust popo paychecks.
19:32:55 : Group: [APD] SPC. Pancakes: I'm gunna head to processing then, nothing happening here!
19:38:31 : Group: [APD] Sgt. NickB: hamilton
19:38:38 : Group: [APD] Sgt. NickB: have you been afk here the whole time
19:39:01 : Direct: Major Mint: how much did u get card
19:39:06 : Direct: Major Mint: zard*
19:39:17 : Direct: Zardier: 301k
19:39:35 : Direct: Zardier: just from the orca
19:39:44 : Direct: Major Mint: Roger that 
19:40:47 : Group: [APD] Chief. Hamilton: stop tazing each other
19:40:57 : Group: [APD] Sgt. NickB: aff hunter driven past drug dealer
19:41:03 : Group: [APD] Sgt. NickB: heading up towards gang unless it turns back
19:41:13 : Group: [APD] Sgt. NickB: its coming back
19:41:15 : Group: [APD] Sgt. NickB: aff hunter
19:41:37 : Group: [APD] Sgt. NickB: AFF hunter circling dealer
19:41:48 : Group: [APD] SPC. Pancakes: Heading over now
19:42:01 : Group: [APD] SPC. Pancakes: Taze if possible
19:42:11 : Group: [APD] Sgt. NickB: tried to shoot out tyres
19:42:16 : Group: [APD] Sgt. NickB: coming back around
19:44:28 : Direct: Flames: Hello officer
19:45:03 : Direct: Flames: How are you today officer?
19:45:23 : Group: [APD] Chief. Hamilton: WHY IMPOUND
19:45:23 : Group: [APD] Insp. Jason: Armed men at kore gas station, requesting backup
19:45:29 : Group: [APD] Insp. Jason: 3 men
19:45:31 : Group: [APD] Chief. Hamilton: on route.
19:45:57 : Direct: Flames: lies
19:46:01 : Direct: Flames: i never fired my gun
19:46:07 : Direct: Flames: im being framed
19:46:14 : Direct: Flames: pancakes your a good man
19:46:21 : Direct: Flames: dont listen to his lies
19:46:23 : Direct: Flames: .HE LIES
19:46:26 : Direct: Flames: LIEEEEESSSSSSSSSSSS
19:46:31 : Direct: Flames: IM INNOCENT!
19:46:52 : Group: [APD] Sgt. NickB: AFF at drug dealer arrested
19:46:58 : Group: [APD] Sgt. NickB: no need to come anymore
19:47:03 : Vehicle: Flames: i can eject mate
19:47:07 : Vehicle: [APD] Sgt. NickB: dare you
19:47:08 : Vehicle: Flames: may not want me to do that
19:47:11 : Group: [APD] Chief. Hamilton: why did u impound their hunter
19:47:11 : Vehicle: Flames: i fucking willl
19:47:17 : Vehicle: Flames: wanna watch?
19:47:23 : Vehicle: [APD] Sgt. NickB: couldnt blow it up with my gun
19:47:29 : Vehicle: [APD] Sgt. NickB: didnt wanna risk standing in the open
19:47:38 : Group: [APD] Sgt. NickB: couldnt blow it up with gun
19:47:42 : Group: [APD] Sgt. NickB: didnt wanna risk standing in the open
19:47:43 : Group: [APD] Chief. Hamilton: use flags
19:48:13 : Vehicle: Flames: ahhh i tripped
19:52:45 : Group: [APD] Insp. Jason: Careful at agios, beware of 3 armed assailants!
19:57:41 : Vehicle: General Tank: you got any food?
19:57:49 : Vehicle: Zardier: nope
19:58:04 : Vehicle: General Tank: should be ok for this run at 45
19:58:11 : Vehicle: Zardier: yeah im at 30
19:58:30 : Vehicle: General Tank: better hurry up pmsl
20:12:29 : Direct: Darren: /
20:17:10 : Group: [APD]Chf Insp. Eukanubae: WHER ETOLIF?
20:17:36 : Group: [APD]Chf Insp. Eukanubae: WHERE?
20:19:11 : Group: [APD] PC. Nick Nolif: I think dunis has been taken hostage
20:19:15 : Group: [APD] PC. Nick Nolif: Last known position:Telos
20:23:59 : Group: [APD] Chief. Hamilton: I will get Dunis back by my self.
20:24:02 : Direct: [APD]Chf Insp. Eukanubae: Leave the area
20:24:11 : Direct: [APD]Chf Insp. Eukanubae: o fuck
20:24:18 : Direct: [APD]Chf Insp. Eukanubae: well leave the area! :)
20:24:54 : Direct: General Tank: run again?
20:27:03 : Group: [APD] Chief. Hamilton: STAND DOWN
20:31:49 : Direct: [APD] Insp. Jason: sTOP 
20:31:57 : Group: [APD] Insp. Jason: Sorry hamilton
20:32:01 : Group: [APD] Insp. Jason: we have people under arrest
20:32:07 : Group: [APD] Insp. Jason: we forgot
20:34:45 : Group: [APD] Chief. Hamilton: Someone neogiate with Molly to get me free
20:36:30 : Group: [APD] Chief. Hamilton: i will pay back whoever is able to set me free
20:36:37 : Group: [APD] Supt. MrDunis: i started negotiations
20:38:46 : Group: Mandy and Mollys Sister: ash
20:38:48 : Group: Mandy and Mollys Sister: get keys for hunter
20:38:49 : Group: Mandy and Mollys Sister: aswell
20:43:03 : Vehicle: [APD] Chief. Hamilton: I C
20:46:40 : Direct: [APD] Chief. Hamilton: dunis
20:47:47 : Group: [APD] PC. Nick Nolif: selling a lynx for 150K
20:52:21 : Direct: Major Mint: bastard haha
20:57:20 : Direct: Temptie: never
20:57:26 : Direct: Flames: you stuck on me mint
20:58:07 : Direct: Temptie: meh
21:04:42 : Direct: Masked Robber: talk is ts
21:06:44 : Direct: Mandy and Mollys Sister: nothing to see
21:06:45 : Direct: Mandy and Mollys Sister: here
21:06:46 : Direct: Mandy and Mollys Sister: officer
21:08:19 : Direct: Mandy and Mollys Sister: Turn engine off
21:08:22 : Direct: Mandy and Mollys Sister: i cant hear
21:08:28 : Direct: Mandy and Mollys Sister: TURN
21:14:03 : Direct: Flames: no problem
21:15:10 : Direct: Mandy and Mollys Sister: get in
21:16:51 : Vehicle: Mandy and Mollys Sister: DONT IMPOUND MY CAR
21:16:55 : Vehicle: Mandy and Mollys Sister: IT GOT WRAPPED
21:16:59 : Vehicle: Mandy and Mollys Sister: BY WEST COAST CUSTOMS
21:17:01 : Vehicle: Mandy and Mollys Sister: ITS A CUSTOM
21:17:03 : Vehicle: Mandy and Mollys Sister: U TIT
21:18:21 : Direct: Flames: i cant hear you
21:18:23 : Direct: Flames: I CANT
21:18:25 : Direct: Flames: HEAR YOU
21:18:29 : Direct: Flames: TYPE PLEASE
21:18:29 : Direct: [APD] PC. Nick Nolif: lEAVE THE AREA
21:18:30 : Direct: [APD] SPC. Per: LEAVE THE AREA
21:18:37 : Direct: Flames: okay officer
21:18:41 : Direct: [APD] SPC. Per: OR YOU'll be restrained
21:18:42 : Direct: Nice : i AM LAGGING 
21:18:43 : Direct: Nice : Le me go I haven't done anything
21:18:43 : Direct: Nice : Please
21:18:53 : Direct: Nice : Ur hands hurt
21:20:25 : Direct: Nice : Rebels zip tied
21:20:25 : Direct: Nice : Please
21:21:04 : Direct: Nice : le me go pls
21:21:11 : Direct: Nice : Rebels ziptied
21:21:40 : Direct: Nice : What's going on?
21:21:45 : Direct: Nice : WHy am I in here?
21:24:39 : Direct: [APD]Chf Insp. Eukanubae: nlr DUDE
21:28:15 : Vehicle: [APD] Supt. MrDunis: I believe 
21:41:32 : Direct: Flames: what a mron
21:41:43 : Direct: [APD] PC. Nick: yup
21:41:47 : Direct: [APD] PC. Nick: well gtg
21:45:28 : Group: [APD] Supt. MrDunis: Nifo and Dunis respondingh to Oil rig
21:45:37 : Group: [APD] PC. Nick Nolif: And Nick
21:55:40 : Direct: Flames: MY ASS
21:58:45 : Group: [APD] Insp. Jason: Nick, Dunis, everything ok?
21:58:50 : Group: [APD] PC. Nick Nolif: YEP
21:58:54 : Group: [APD] Insp. Jason: rgr
21:59:58 : Direct: [APD]Chf Insp. Eukanubae: Per
22:00:01 : Direct: [APD]Chf Insp. Eukanubae: Windowsley +t
22:00:21 : Direct: [APD] SPC. Per: i know
22:03:12 : Group: [NHS]Paddy.D: holy shit your actually on john :P :P
22:04:52 : Group: [APD] Chief. Hamilton: SHOTS COCAINE HIDEOUT
22:04:54 : Group: [APD] Chief. Hamilton: RESPOND
22:05:40 : Group: [NHS]Paddy.D: nice :)w
22:07:16 : Group: [APD] Supt. MrDunis: Still shots at cocaine_
22:07:36 : Group: [APD]Chf Insp. Eukanubae: nej
22:07:51 : Group: [APD] Supt. MrDunis: Roger. Gonna logg of for the night hten
22:07:52 : Group: [APD] Supt. MrDunis: baiii
22:13:02 : Group: El Chapo: vote day
22:13:03 : Direct: [APD] Insp. Jason: Thank you very much medic!
22:13:11 : Direct: [APD] Insp. Jason: Tyty
22:13:21 : Direct: [NHS]Paddy.D: np :P
22:14:35 : Direct: [NHS]Paddy.D: hey
22:15:47 : Direct: Mandy and Mollys Sister: just saved ur life
22:15:52 : Direct: Mandy and Mollys Sister: by telling you to watch out
22:16:22 : Group: k 4 Ket: mm
22:16:33 : Group: k 4 Ket: 14
22:17:46 : Direct: Masked Robber: hello?
22:18:15 : Direct: [NHS]Paddy.D: YOUR THE WORST CHEIF EVER!!!!!!!!!!!!
22:18:38 : Group: k 4 Ket: im stuck
22:18:39 : Group: k 4 Ket: need evac
22:18:44 : Direct: Masked Robber: officer?
22:18:45 : Group: k 4 Ket: nv m
22:18:54 : Direct: Masked Robber: are you speaking?
22:19:03 : Group: k 4 Ket: just got pulled from vehjcile
22:39:40 : Direct: [APD] Insp. Jason: wtf?
22:39:44 : Direct: [APD] Insp. Jason: flying hax?
22:43:27 : Direct: Molly: DRIVE UP THE ROAD
22:43:28 : Direct: k 4 Ket: drive forward. YOUR FRIEND IS HURT
22:43:31 : Direct: Molly: OR WE WONT STOP
22:43:36 : Direct: k 4 Ket: VERY SCARY STUFF
22:48:58 : Direct: [HATO]Paddy.G: fuck you
22:49:03 : Direct: [HATO]Paddy.G: fight me
22:49:10 : Direct: [HATO]Paddy.G: *punches in face*
22:50:29 : Direct: [APD]Chf Insp. Eukanubae: Sup
22:53:58 : Group: General Tank: lol
22:54:03 : Group: Major Mint: you muppet
22:54:39 : Group: Major Mint: got ya doller
22:55:28 : Direct: [APD] Insp. Jason: teamspeak spam protection sucks -.-
22:55:44 : Direct: [APD] Insp. Jason: lol!
22:55:52 : Direct: [APD] Chief. Stalks: rofl
22:55:56 : Direct: [APD] Chief. Stalks: fuckers
22:56:14 : Direct: [APD] Insp. Jason: Dancy baby
22:57:44 : Direct: [APD] Insp. Jason: Excuse me sir, this is official police business
22:57:46 : Direct: [APD] Insp. Jason: please move on
22:59:21 : Direct: Major Mint: cheers lads
22:59:46 : Direct: [NHS]Paddy.D: you lads drop me near a hospital plz
22:59:52 : Direct: Major Mint: sure
22:59:55 : Direct: [APD] Insp. Jason: Sir, do you know the speed limit?
22:59:57 : Direct: [HATO]Paddy.G: PADDY WATCH THIS
23:00:01 : Direct: [NHS]Paddy.D: out of fuel on heli
23:00:01 : Direct: Masked Robber: 60 km
23:00:02 : Direct: [HATO]Paddy.G: DM
23:00:07 : Direct: Major Mint: jump in
23:00:16 : Direct: [APD] Insp. Jason: And how fast would you say you were going then?
23:00:21 : Vehicle: [NHS]Paddy.D: cheers guys :)
23:00:22 : Direct: Masked Robber: 59 KM
23:00:28 : Direct: [APD] Insp. Jason: 159km?
23:00:39 : Direct: Masked Robber: oh officer i can explain
23:00:53 : Direct: [APD] Insp. Jason: Ok, please explain why you needed to speed so excessively
23:01:05 : Vehicle: [NHS]Paddy.D: i will para drop if you want be easier :P
23:01:12 : Direct: Masked Robber: i was on the way to the nct to get  the car checked out there has been a problem with the speed telling me wrong
23:01:13 : Vehicle: Major Mint: can do mate yeh :D
23:01:16 : Direct: [APD] Insp. Jason: I will release you due to having to do something but please watch the speed
23:01:23 : Direct: Masked Robber: ok officer
23:01:38 : Vehicle: [NHS]Paddy.D: how much can this hold on weight??
23:01:43 : Vehicle: Major Mint: 700
23:01:51 : Vehicle: [NHS]Paddy.D: damn how much it cost?
23:01:58 : Vehicle: Major Mint: 2m i think
23:02:43 : Direct: DonGino: DONT WORK?
23:03:09 : Direct: DonGino: does it not work?
23:03:58 : Direct: [APD]Chf Insp. Eukanubae: xD
23:04:28 : Direct: [APD]Chf Insp. Eukanubae: do from other side
23:05:21 : Direct: Dorris: we  will get your car out for 1 mil each
23:06:08 : Direct: [APD]Chf Insp. Eukanubae: DSUNC_
23:09:10 : Group: DonGino: why i can not tranfer money to u
23:09:24 : Group: General Tank: go again
23:09:43 : Group: General Tank: cement
23:10:48 : Direct: [NHS]Paddy.D: can't revive you :( sorry its bugged or something!!!!!!!!!!!
23:17:18 : Direct: Mandy and Mollys Sister: let me go
23:17:21 : Direct: Mandy and Mollys Sister: or i will lick u
23:19:31 : Direct: Mandy: soz
23:19:35 : Direct: Mandy: flomes
23:19:39 : Direct: Mandy: u was in road
23:19:42 : Direct: Mandy: love you
23:20:23 : Direct: Flames: Would be a shame
23:20:27 : Direct: Flames: wouldnt it
23:20:38 : Direct: Flames: An absolute shame
23:21:09 : Direct: Flames: cant spawn my cooler cars because of you ; - (
23:21:45 : Group: Major Mint: grab ya fuel truck after dru
23:22:36 : Vehicle: Major Mint: wanna grab your fuel truck out now or?
23:24:23 : Direct: El Chapo: DROP PACK
23:27:28 : Direct: Flames: rip molly
23:28:54 : Direct: Flames: get em officer!
23:33:23 : Direct: Flames: need a bigger nudge?
23:33:28 : Direct: Flames: hey bby
23:33:29 : Direct: [APD] Sgt. fatruff3: /yah
23:33:43 : Direct: Flames: rip
23:34:31 : Direct: [APD] Sgt. fatruff3: /try from the other side
23:35:00 : Direct: [APD] Sgt. fatruff3: /ty
23:35:02 : Direct: [APD] Sgt. fatruff3: ty
23:35:05 : Direct: Flames: np
23:35:09 : Direct: Flames: get em
23:35:17 : Direct: Flames: lol
23:35:50 : Direct: [APD] Insp. Jason: I know you didn't
23:35:58 : Direct: [APD] Insp. Jason: I walked around the corner
23:36:03 : Direct: [APD] Insp. Jason: when you set off
23:36:38 : Direct: Mandy: dominated by the better copper mate
23:36:40 : Direct: [APD] Insp. Jason: drop it on floor
23:36:54 : Direct: Flames: get em jail em
23:37:23 : Direct: [APD] Insp. Jason: yw
23:37:49 : Direct: [APD] Insp. Jason: no repair inside it?
23:37:58 : Direct: [APD] Insp. Jason: is there one in boot?
23:38:00 : Direct: [APD] Insp. Jason: got no kit
23:39:19 : Vehicle: Flames: Hey
23:39:48 : Vehicle: Flames: want anywhere specific?
23:40:23 : Direct: [APD] Insp. Jason: there you go pal
23:40:49 : Direct: Flames: Take their keys officer!
23:41:11 : Vehicle: Papa Bear: How do you salute?
23:41:28 : Vehicle: Flames: hash key for me
23:41:46 : Group: General Tank: pick me up
23:42:27 : Group: Major Mint: Gino gunna pick you up 
23:43:20 : Group: [APD] Chief. Stalks: any known bugs you guys know about?
23:43:32 : Group: [APD] Chief. Stalks: the car one is going to get fixed
23:43:34 : Group: [APD] Sgt. fatruff3: nope
23:43:55 : Direct: Mandy and Mollys Sister: unflip
23:44:18 : Vehicle: Papa Bear: lets rob the store
23:44:26 : Vehicle: Flames: okay
23:44:42 : Vehicle: Flames: omg
23:45:05 : Direct: Flames: Holster
23:46:05 : Direct: Flames: rob him?
23:46:22 : Direct: Papa Bear: do it
23:46:27 : Direct: Flames: i got 6 shots
23:46:36 : Direct: Papa Bear: copy
23:46:37 : Direct: Flames: well 5, one for myself
23:46:48 : Direct: Papa Bear: won't be neccesary
23:46:54 : Direct: Flames: lets hope so
23:46:58 : Direct: Papa Bear: we get out clean
23:47:05 : Direct: Flames: without a car
23:47:26 : Direct: Papa Bear: we run
23:48:46 : Direct: Flames: nice
23:48:53 : Direct: Papa Bear: well done
23:48:58 : Direct: Papa Bear: on to the next one
23:49:59 : Group: El Chapo: HERE
23:53:30 : Group: [APD] Chief. Stalks: the jail will get fixed
23:53:45 : Group: [APD] Chief. Stalks: He just got out, now trying to kill self
23:53:57 : Group: [APD] Insp. Jason: can't he get banned?
23:54:03 : Group: [APD] Insp. Jason: he is exploting
23:54:06 : Group: [APD] Insp. Jason: exploiting
23:54:10 : Group: [APD] Sgt. fatruff3: can we send john smith to jail
23:55:13 : Group: [APD] Sgt. fatruff3: can we jail him stalks?
23:56:46 : Direct: El Chapo: GET OT
