00:00:08 : Vehicle: [APD] PSCO. Felix: ty
00:00:26 : Vehicle: [APD] PSCO. Felix: du var dryg idag
00:00:33 : Vehicle: [APD] PSCO. Felix: ska inte vara vän med dina jävla svenska vänner
00:00:34 : Vehicle: [APD] PSCO. Felix: neger
00:00:34 : Vehicle: [APD] PSCO. Felix: hora
00:00:35 : Direct: SwiftWarlock: hey man
00:00:44 : Direct: SwiftWarlock: do you need some help?
00:01:10 : Direct: SwiftWarlock: hand up
00:01:12 : Direct: SwiftWarlock: down
00:01:21 : Direct: Callum: Im new how do i do that?
00:01:34 : Direct: SwiftWarlock: idk either=]]]
00:01:37 : Direct: SwiftWarlock: jk
00:01:44 : Direct: Callum: lol
00:01:55 : Direct: SwiftWarlock: i scared you?
00:02:23 : Group: [APD] Supt. MrDunis: NIFO
00:02:26 : Group: [APD] Supt. MrDunis: turn to the field
00:02:39 : Group: [APD] Chf Insp. Nolif: who is nifo
00:02:41 : Vehicle: [APD] Supt. MrDunis: Nifo
00:02:55 : Vehicle: [APD] Supt. MrDunis: They are gonna have a pawnee but htey just want a picture 
00:03:05 : Vehicle: [APD] Supt. MrDunis: So im just gonna take a picture
00:03:07 : Vehicle: [APD] Chf Insp. Nolif: so we destroy it
00:03:26 : Group: [APD] PCSO. Thorgard: Just some guy who is derping around 
00:03:27 : Vehicle: [APD] Chf Insp. Nolif: who has the pawnee
00:03:36 : Vehicle: [APD] Supt. MrDunis: The gunnar guy
00:03:48 : Vehicle: [APD] Supt. MrDunis: he just wants a picture so dont be annoying
00:05:17 : Group: [APD] Chf Insp. Nolif: Dunis has been taken hostage by a pawnee
00:06:28 : Group: [APD] Chf Insp. Nolif: jk its just a prank
00:06:31 : Group: CoCo the LoCo the PoPo: rofl
00:06:35 : Group: CoCo the LoCo the PoPo: car getting rekt down here
00:06:40 : Group: CoCo the LoCo the PoPo: meat spin
00:07:39 : Group: CoCo the LoCo the PoPo: desync with a spinning car tangled with a helicopter ... yeah that will go well
00:07:55 : Group: [APD] Insp.Gadget: its not desync its happening
00:10:10 : Group: CoCo the LoCo the PoPo: EVERY APD RESPOND, WE DONT FUCK ABOUT WHEN GASOLINE IS INVOLVED
00:10:23 : Group: [APD] Chf Insp. Nolif: ITS NOT THE GASOLINE
00:10:25 : Group: [APD] Chf Insp. Nolif: ITS THE CANDY FROM THE SHOP
00:10:33 : Group: [APD] PSCO. Felix: We need too get that candy
00:11:29 : Group: CoCo the LoCo the PoPo: You owe me all money ! So much money
00:19:50 : Group: [APD] PSCO. Felix: think they took the mx from me
00:31:35 : Group: [APD] PCSO. Thorgard: We are going to make a roadblock in Kavala in hope of finding illegal cars
00:32:35 : Direct: [NHS] Sean (2): cant hear shit
00:32:55 : Vehicle: [B.K.G] Joaquín Guzmán: left
00:32:59 : Vehicle: [B.K.G] Joaquín Guzmán: truck shop
00:42:08 : Group: [APD] PCSO. Thorgard: Have a good night 
00:53:18 : Direct: [NHS] Sean (2): HEY
02:40:46 : Direct: SwiftWarlock: how do you hostler your weap?
02:40:59 : Direct: LoneWolf: shift h
02:41:08 : Direct: SwiftWarlock: thx
02:41:13 : Direct: LoneWolf: np
02:42:52 : Direct: SwiftWarlock: nice help=]]
02:43:04 : Direct: LoneWolf: lol
02:43:34 : Direct: SwiftWarlock: dont say what are we doing
02:44:16 : Direct: SwiftWarlock: can you repair my car after youre done?
02:45:59 : Direct: SwiftWarlock: i get a get a heli from the place near rebel outpost is mine?
02:46:17 : Direct: SwiftWarlock: like can i save it?
02:46:19 : Direct: LoneWolf: if you but not rent yes
02:46:40 : Direct: LoneWolf: yes
02:46:42 : Direct: SwiftWarlock: no like how they say fuel the heli and take it
02:47:00 : Direct: SwiftWarlock: at the left corner of the map heli event
02:48:02 : Direct: SwiftWarlock: why is still have the keys for the tempest?
02:48:23 : Direct: SwiftWarlock: i gave them to you
02:48:25 : Direct: LoneWolf: it's ok
02:50:48 : Direct: LoneWolf: you ok for food and water
02:51:05 : Direct: SwiftWarlock: both 80
02:51:10 : Direct: LoneWolf: ok
02:51:26 : Direct: SwiftWarlock: i just had in kavala some food and water
02:52:11 : Direct: SwiftWarlock: doneeee
02:52:20 : Direct: LoneWolf: last 1 now
02:52:29 : Direct: SwiftWarlock: ok
09:06:49 : Group: [Cpt] Antony-J: The AFF Clothes shops have nothing in them btw
10:28:57 : Direct: [Pvt] VibZ: raised paychecks for mansion guards <3
12:35:03 : Direct: [Cpt] Flames: halp
13:21:49 : Direct: Rambo: I have some drugs to sell
13:27:54 : Direct: Rambo: Coke
13:28:01 : Direct: Rambo: personal use, small amount
13:28:15 : Direct: Rambo: Sold.
13:28:26 : Direct: Rambo: 86,900 is what I made
13:51:08 : Group: [B.K.G] Hassan: mutat micken
14:03:36 : Direct: Rambo: Selling drugs
14:03:57 : Direct: Rambo: Just here to sell drugs
14:04:20 : Direct: Rambo: Weed
14:09:17 : Direct: [Cpt] Flames: shift h
14:11:07 : Direct: Rambo: Nobody mentioned a tax
14:11:21 : Direct: Rambo: Who's going to pay for my damaged wheel?
14:11:42 : Direct: Rambo: 10k from?
14:11:52 : Direct: Rambo: Correct
14:18:57 : Group: [APD] PCSO. Thorgard: All right
14:19:08 : Group: [APD] PCSO. Thorgard: Just stood up mmannn
14:19:16 : Group: [APD] PCSO. Thorgard: Need ma coffe
14:19:33 : Group: [APD]PCSO.Larry Drywater: 'ooc' come teamspeak
14:20:31 : Group: [APD] PCSO. Thorgard: ARRH THE LIGHT
14:20:44 : Group: [APD] PCSO. Thorgard: brb
14:25:02 : Group: [Cpt] Flames: did you hear a word he just said?
14:36:53 : Group: [Cpl] Alex(wolf): ..
14:58:33 : Group: [B.K.G] Hassan: okey
15:04:56 : Group: [Pvt] ANGeR: anthony
15:07:22 : Group: [Pvt] ANGeR: anthony
15:12:08 : Vehicle: [APD] PCSO. Thorgard: Are we heading back at headquarters?
15:22:26 : Direct: Hawky: tried to pull over sorry
15:22:28 : Direct: Hawky: for the cp
15:22:31 : Direct: Hawky: cop|
15:22:43 : Direct: Hawky: and then this guy is in the middle of the road..
15:22:45 : Direct: [APD] PCSO. FribZen: ah kk
15:23:27 : Group: [Pvt] ANGeR: anthony i got moneh for yah
15:27:22 : Direct: Hawky: officers
15:27:34 : Direct: Hawky: dont impound unless he have been trolling
15:28:19 : Direct: Hawky: spikestrips....
15:28:50 : Direct: A3aN: dafaaq
15:28:58 : Direct: A3aN: dumbaass
15:29:07 : Direct: A3aN: fucken idiots
15:29:22 : Direct: A3aN: y u shiooot me prick dick
15:29:45 : Direct: [APD] PCSO. FribZen: A guy named Almin is stealing cars
16:09:39 : Direct: VoidYT: SEEYA <3
16:28:01 : Group: [Pvt] Ahmed: Guys shooting at border
16:29:20 : Group: [Pvt] Connor.M: guys ill finish the run then me and void will make our way down to support u
16:37:46 : Direct: VoidYT: DoublePenetration
16:37:51 : Direct: VoidYT: Do.Pe
17:03:36 : Group: A3aN: i got a alie?
17:04:00 : Group: A3aN: pvt?
17:05:46 : Group: A3aN: ahalllooo?
17:11:22 : Group: [Pvt] Connor.M: wheres gang funds gone?
17:11:49 : Group: [Pvt] Connor.M: after resatrt droped by 1 mill?
17:18:32 : Group: Paddy.C: WHEN HE THINKS HE CAN MAKE $ ON THE SIDE WITHOUT ME KNOWING AND JOINING IN......
17:25:16 : Group: [Pvt] VibZ: type
17:28:09 : Group: LoneWolf: who
17:31:47 : Direct: A3aN: goodday sir
17:31:50 : Direct: [Pvt] VibZ: out of the vehicle
17:32:11 : Direct: A3aN: yes sir 
17:32:25 : Direct: A3aN: its weed sir
17:33:07 : Direct: A3aN: 10% sir?
17:37:05 : Direct: [Pvt] VibZ: 20k
17:37:07 : Direct: A3aN: 10%??
17:37:07 : Direct: [Pvt] VibZ: please
17:37:12 : Direct: A3aN: ok sir
17:37:28 : Direct: [Pvt] VibZ: thank you
17:37:49 : Direct: A3aN: wat is the usual rates?
17:39:37 : Direct: Agent. 43: Dru why you hiding for??
17:39:58 : Direct: LoneWolf: i'm not i'm chilling
17:40:36 : Direct: Agent. 43: you let your guys know i;ll be at boarder soon  plz :P :P
17:41:18 : Direct: A3aN: sir??
17:41:23 : Direct: LoneWolf: done
17:41:28 : Direct: A3aN: sir??
17:41:28 : Direct: Agent. 43: ty :)
17:41:47 : Direct: A3aN: goodday ther
17:42:00 : Direct: A3aN: how much is usual price for truck wid weed?
17:42:36 : Direct: A3aN: Ok sir but it stays 10%?
17:42:42 : Direct: Agent. 43: dru don't mind Paddy he just enjoys annoying people trust me :P :P 
17:42:53 : Direct: A3aN: if the oficer that escorts me asks more?
17:43:08 : Direct: Agent. 43: + he  gets salty to like me :P :P
17:43:09 : Direct: LoneWolf: lol
17:43:13 : Direct: A3aN: or just give me a number ?
17:43:32 : Direct: A3aN: i have right to refuse? and pay only the 10%?
17:43:47 : Direct: A3aN: i wouldnt want to get shot
17:44:05 : Direct: A3aN: ok thank youi for all the info sir !
18:06:34 : Group: [Pvt] Connor.M: request backup at weed
18:06:40 : Group: [Pvt] Connor.M: cops inbound on us
18:06:50 : Group: [Pvt] VibZ: where?
18:07:01 : Group: [Pvt] Connor.M: weed feild
18:11:02 : Group: [Pvt] VibZ: pabby stup wit tha abuse
18:15:29 : Group: [Pvt] Connor.M: WELL DONE
18:15:51 : Group: [Pvt] Connor.M: clear?
18:15:57 : Group: [Pvt] VibZ: ye
18:16:05 : Group: [Pvt] Connor.M: did he just combat log?
18:16:18 : Group: [Pvt] VibZ: checkin]
18:18:30 : Direct: VoidYT: /vote day
18:18:39 : Group: [Pvt] VibZ: /day
18:20:13 : Group: [General] RoD: /vote day
18:20:26 : Group: [General] RoD: /day
18:20:27 : Group: [Cpl] Alex(wolf): /vote day
18:24:58 : Group: [Pvt] Connor.M: spoils of war a cop car xD
18:35:47 : Group: [Pvt] Connor.M: kryptic can u bring food and water to gang plz
18:36:04 : Group: [Pvt] Kryptic: KKK
18:36:08 : Group: [Pvt] Kryptic: Ohh sorry
18:36:28 : Group: [Pvt] Kryptic: Im going to drug field
18:36:35 : Group: [Pvt] Kryptic: Cant you just buy some please??
18:36:48 : Group: [Pvt] Connor.M: cant no where near me and no money
18:37:01 : Group: [Pvt] Connor.M: im protecting void
18:40:59 : Direct: [Pvt] Mythic: vote day
18:42:45 : Group: Black Bob: /vote day
18:43:36 : Group: [APD]PCSO.Larry Drywater: /vote day
18:47:14 : Group: [Pvt] Kryptic: /vote day
18:47:30 : Group: [NHS Chief] Dr. Huberio: /vote day
18:57:48 : Direct: LoneWolf: ahmed
18:58:25 : Direct: LoneWolf: ahmed
18:58:30 : Direct: VoidYT: ^^^
18:58:32 : Direct: VoidYT: ^^^^^
18:59:01 : Direct: LoneWolf: yeah
19:00:05 : Direct: [Pvt] Connor.M: voids tax
19:00:10 : Direct: [Pvt] Connor.M: im paying for him
19:00:17 : Direct: [Pvt] Connor.M: so hes free to go
19:00:55 : Direct: Agent. 43: ty 
19:06:02 : Direct: Crawford jihad: what
19:13:28 : Group: [APD] Chief. Stalks: the vote script should be fixed by 8pm restart
19:13:40 : Group: [APD] PCSO. Jimmy: oh ok
19:14:03 : Group: [APD] Chief. Stalks: cant see anything in this darkness :P
19:16:26 : Group: [APD] PCSO. Jimmy: the meeting will be tonight right ?
19:19:21 : Group: Kalem: /vote day
19:21:46 : Direct: Zelena: Why you chase me
19:21:58 : Direct: Zelena: I was being legal
19:22:02 : Direct: Zelena: U were following me
19:22:04 : Direct: Zelena: in my cart
19:22:11 : Direct: Zelena: while i was within legal speed limit
19:22:20 : Direct: Zelena: why
19:22:33 : Direct: Zelena: dude
19:22:37 : Direct: Zelena: you can drive any car
19:22:40 : Direct: Zelena: and kill anyone with any car
19:22:43 : Direct: Zelena: welldone
19:24:04 : Group: [APD] Chief. Stalks: LOTS of cars at the gas station
19:24:13 : Group: [APD] Chief. Stalks: 4 cars
19:25:12 : Group: [APD] Chief. Stalks: 3 cars leaving, heading towards airfield
19:28:40 : Group: [APD] Chief. Stalks: gravia gas station maybe next, 3 armed guys in 3 seperate cars
19:28:46 : Group: [APD] Chief. Stalks: 2 hatchback sports 1 suv
19:29:45 : Group: [APD] Chief. Stalks: red hatchback sport heading airfield, chasing it now
19:33:09 : Direct: Chullie: Ty
19:36:58 : Direct: Chullie: Lorte almin
19:47:29 : Group: Chullie: Skal jeg købe en opium processing license
19:47:36 : Group: Chullie: Kan vi bruge det?
19:51:54 : Group: [APD] Chief. Hamilton: responding
19:59:17 : Group: [APD] Chief. Stalks: He matches the description of a wanted guy who robs gas stations
20:00:35 : Group: Chullie: Rasmus får i stadig pay checks i prison?
20:01:05 : Direct: Almin: mic spam
20:02:26 : Direct: [Pvt] Connor.M: ty huberio :D
20:07:48 : Direct: [Lt] Tango: ty
20:07:59 : Group: [Pvt] Kryptic: NP
20:13:56 : Direct: [NHS Chief] Dr. Huberio: sure
20:15:40 : Vehicle: Paddy.N: can i get dropped off at the garage
20:15:54 : Vehicle: Paddy.N: thanks man
20:16:47 : Direct: Zelena: sir
20:16:51 : Direct: Zelena: i got u stuff
20:17:30 : Direct: Zelena: I was bringing weapons to kavala
20:17:31 : Direct: Zelena: duh
20:17:33 : Direct: Zelena: for u guys
20:17:34 : Direct: Zelena: duh
20:17:36 : Direct: Zelena: Titan launcher, 5 lynxes, 2 kabitas, one carbine, and a navid
20:17:40 : Direct: Zelena: for you guys
20:17:41 : Direct: Zelena: duh
20:17:50 : Direct: Zelena: Look at em
20:18:12 : Direct: Zelena: kavala hq?
20:18:22 : Direct: Zelena: Ye ill go there
20:20:37 : Group: [Pvt] Kryptic: TY GUYS
20:24:04 : Direct: Zelena: Titan launcher, 5 lynxes, 2 kabitas, one carbine, and a navid
20:24:08 : Direct: Zelena: 3 kabitas actually
20:24:12 : Direct: Zelena: I had one in my backpack
20:24:15 : Direct: Zelena: without noticing
20:24:38 : Direct: Zelena: want em in ur truck or wot
20:25:33 : Direct: Zelena: its full
20:25:34 : Direct: Zelena: ahha
20:26:20 : Direct: Zelena: Eyyyy
20:26:22 : Direct: Zelena: worth itttt
20:26:32 : Direct: Zelena: where shall I put the other guns :3
20:27:10 : Direct: Zelena: I put ye a rig in there too
20:27:18 : Direct: [APD] Chief. Stalks: thank you very much sir
20:27:36 : Direct: Zelena: im gonna go fishing now
20:27:37 : Direct: Zelena: Later
20:27:41 : Direct: [APD] Monster: Be safe out there
20:27:42 : Direct: [APD] Chief. Stalks: goodbuy sir
20:27:51 : Direct: [APD] Chief. Stalks: goodbye!
20:28:40 : Direct: Chullie: What did you say
20:28:45 : Direct: Chullie: please write
20:28:47 : Direct: [B.K.G] Joaquín Guzmán: jump out
20:28:50 : Direct: Chullie: ok
20:30:01 : Direct: Chullie: should i drop them
20:30:09 : Direct: Chullie: ok
20:32:28 : Direct: Zelena: Hello bush brother
20:34:32 : Direct: Chullie: Please write my sounds are so low
20:34:40 : Direct: shaduxen: ?
20:34:45 : Direct: shaduxen: WHAT DO U WANT
20:34:48 : Direct: shaduxen: CAPS
20:34:49 : Direct: [B.K.G] Joaquín Guzmán: I DONT know how i  do so you are my hoster
20:34:56 : Direct: Chullie: ok
20:35:07 : Direct: Chullie: i am just gonna stay no worry
20:35:16 : Direct: [B.K.G] Joaquín Guzmán: GOOD
20:35:20 : Direct: Chullie: Police took my car
20:35:25 : Direct: [B.K.G] Joaquín Guzmán: OKEJ
20:36:46 : Direct: Chullie: I think police is comming
20:36:55 : Direct: Chullie: You have to be ready ;)
20:36:56 : Direct: [B.K.G] Joaquín Guzmán: time to jump in
20:37:01 : Direct: Chullie: ok
20:41:29 : Vehicle: Chullie: My gang leader said that he would like to jon up with you and your group
20:41:40 : Vehicle: Chullie: What should tell him?
20:42:21 : Vehicle: Chullie: He said he would like to be allies
20:42:32 : Vehicle: Chullie: We produce opium 
20:42:40 : Vehicle: Chullie: Good stuf ;D
20:43:54 : Direct: [NHS Chief] Dr. Huberio: ye
20:44:26 : Direct: [Pvt] Kryptic: You dont have to stay here btw
20:44:33 : Direct: [Lt] Tango: ITS OK I HAVE NOTHING ELSE TO DO LOL
20:44:39 : Direct: [Pvt] Kryptic: xd
20:44:52 : Direct: [Lt] Tango: kalem might go back to processing so
20:45:02 : Direct: [Pvt] Kryptic: o ok
20:45:21 : Vehicle: [APD] Supt. MrDunis: lol
20:45:35 : Vehicle: [APD] Supt. MrDunis: 5mil and i wont snitch
20:45:43 : Vehicle: [APD] Chief. Stalks: rofl
20:46:07 : Vehicle: Chullie: hostage?
20:47:27 : Group: Chullie: Mat de sagde at det vist var ok
20:47:33 : Direct: [Lt] Tango: brb
20:47:40 : Direct: [Pvt] Kryptic: kk
20:47:50 : Group: Chullie: De sagde at de havde brug for penge og at de kunne give mig 2 våben
20:48:21 : Direct: Zelena: aRE YOU GUYS GOING TO THE HELI CRASH
20:48:36 : Direct: [Lt] Tango: i dont think you are going to finish before restart :/
20:48:51 : Direct: [Pvt] Kryptic: when is rs??
20:48:54 : Direct: [Lt] Tango: 8pm
20:48:57 : Direct: [Lt] Tango: rip
20:48:59 : Direct: [APD] Supt. MrDunis: -
20:48:59 : Direct: [Lt] Tango: 10 mins xD
20:49:01 : Direct: [Pvt] Kryptic: RIP
20:49:11 : Direct: [Lt] Tango: you got a house?
20:49:19 : Direct: [Pvt] Kryptic: Yes i do
20:49:23 : Direct: [Lt] Tango: close?
20:49:29 : Direct: [Pvt] Kryptic: In aff base
20:49:34 : Direct: [Lt] Tango: ok you best just go store it now
20:49:39 : Direct: [Lt] Tango: then process and sell after restart
20:51:00 : Direct: Zelena: Hello
20:51:05 : Direct: [A.R.F] Pvt. Ross: ik he is my friend
20:51:05 : Direct: Zelena: I was going to go to the crash
20:51:09 : Direct: Zelena: but server is restarting in 10
20:51:12 : Direct: Zelena: so there is no point
20:52:45 : Direct: Chullie: please write it
20:52:51 : Direct: Chullie: i cant hear ya
20:53:02 : Direct: Chullie: ok
20:55:26 : Group: Chullie: I bliver skudt
20:55:34 : Group: Chullie: Så det er jeres eget valg
20:55:53 : Direct: Chullie: One of the members in my gang is comming
20:56:02 : Direct: Chullie: Dont shoot!
20:56:04 : Direct: Chullie: please
20:56:07 : Direct: Zelena: ERR
20:56:10 : Direct: Zelena: i JUST SPAWNED
20:56:14 : Direct: Zelena: IN THAT HOUSE BACK THERE
20:56:14 : Direct: Zelena: ERR
20:56:31 : Direct: Zelena: ERR
20:56:33 : Direct: Zelena: SHOULD I LEAVE
20:56:38 : Direct: Zelena: BECAUSE I SPAWNED IN THAT HOUSE
20:56:45 : Direct: Zelena: Ok bai
20:57:21 : Direct: Chullie: The server is restating
20:57:29 : Direct: Chullie: You have to hurry
20:58:02 : Direct: [NHS] Sean: what happen
20:58:19 : Group: [APD] Chief. Stalks: got food, brb
20:59:16 : Direct: Chullie: Server restart 50 secs man
20:59:40 : Direct: Chullie: ok we meet up there
21:06:39 : Direct: Chullie: so what now?
21:06:46 : Direct: Chullie: oh ty
21:07:34 : Vehicle: Chullie: What now
21:07:36 : Vehicle: Chullie: ?
21:08:07 : Vehicle: Chullie: May i go?
21:10:51 : Vehicle: Chullie: Where should we go?
21:11:06 : Vehicle: [B.K.G] Hassan: you are my hostage dude
21:11:19 : Vehicle: Chullie: I know
21:14:31 : Direct: Chullie: AM I FREE?
21:14:37 : Direct: [APD] Chf Insp. Nolif: yES
21:14:40 : Direct: [APD] Chf Insp. Nolif: Do you need a ride somewhere
21:14:53 : Direct: Chullie: No ty
21:14:55 : Direct: Chullie: i am fine
21:14:58 : Direct: Chullie: Thx sir
21:15:02 : Direct: [APD] Chf Insp. Nolif: Okayhave a good day sir
21:15:44 : Direct: alex: what does HATO stand for?
21:16:07 : Direct: [NHS] Sean: high way agency training officer
21:16:09 : Direct: [HATO]HussyPunter: Highway Agency Traffic Officer
21:16:13 : Direct: alex: ah ok 
21:16:16 : Direct: [HATO]HussyPunter: fuck off nhs
21:17:59 : Direct: VoidYT: dude
21:18:23 : Direct: Chullie: Please write it
21:18:32 : Direct: VoidYT: where were you when you gor arrested??
21:18:38 : Direct: alex: WTF
21:19:18 : Group: [Pvt] Connor.M: laz turn ya off road off
21:19:27 : Group: [Pvt] ANGeR: lazarus can you trun off teh off rad
21:19:35 : Group: [Pvt] Lazarus: yh on ma way
21:20:32 : Direct: alex: WTF
21:25:35 : Direct: [HATO]HussyPunter: request hato
21:25:38 : Direct: Chullie: ok
21:26:04 : Direct: Chullie: Thx
21:26:19 : Vehicle: [APD] Supt. MrDunis: YOU LIKE THAT PICK UP HU?!
21:26:49 : Vehicle: [APD] Chf Insp. Nolif: stfu
21:29:08 : Direct: VoidYT: Good Landing!!!
21:38:26 : Direct: White Bob: hello there
21:46:28 : Group: [APD] Chf Insp. Nolif: Martni?
21:47:00 : Direct: White Bob: AY
21:47:03 : Direct: White Bob: AY
21:47:18 : Direct: White Bob: wanna buy a cop?
21:47:30 : Direct: [General] RoD: LOL?
21:47:36 : Direct: White Bob: hes in the back want him?
21:47:46 : Direct: White Bob: you have to promise to feed him
21:47:47 : Direct: [General] RoD: sure
21:47:50 : Direct: [General] RoD: lets make a deal
21:47:59 : Direct: [General] RoD: via phone
21:48:03 : Direct: White Bob: ok
21:52:58 : Group: [Pvt] VibZ: need help?
21:53:33 : Direct: YellowSanta: tn
21:54:40 : Direct: Zelena: Yo dude
21:54:46 : Direct: Zelena: When there is a heli crash
21:54:52 : Direct: Zelena: I clear them out
21:55:01 : Direct: Zelena: if ye tell me ye coming ye can have some loot
21:55:49 : Direct: Zelena: PUNTER
21:55:52 : Direct: Zelena: I SWEAR TO GOD
21:55:57 : Direct: Zelena: WHEN THERE IS A HELI CRASH
21:56:04 : Direct: Zelena: DUDE
21:56:11 : Direct: Zelena: Fuck it then
21:56:14 : Direct: Zelena: whatever
21:56:15 : Direct: Zelena: bye
21:56:21 : Group: Chullie: jeg børster lige tænder, løber tilbage mod truck shop
21:57:27 : Direct: [APD] Chief. Hamilton: ....
21:58:36 : Vehicle: VoidYT: Thanks again! <3
21:58:46 : Vehicle: VoidYT: Imma pay u 50k for your troubles.
22:00:18 : Direct: VoidYT: it says "The player doesn't seem to exist"
22:00:21 : Direct: VoidYT: ^^^
22:02:07 : Direct: alex: heelo?
22:02:14 : Direct: alex: ...
22:02:21 : Direct: alex: kys fuck tard
22:04:46 : Direct: Krogo: hello
22:05:00 : Direct: Krogo: /help
22:06:09 : Direct: Zelena: Dude If you want me to take you to the gun dealer you need to take out 500k 
22:06:37 : Direct: Zelena: go to the atm
22:06:39 : Direct: Krogo: How do I check how much money I have?
22:06:41 : Direct: Zelena: take money out
22:06:44 : Direct: Zelena: and come back
22:06:48 : Direct: Zelena: The atm over there
22:07:58 : Direct: Krogo: I'm kinda new
22:08:15 : Direct: Krogo: Are you in a gang?
22:08:26 : Direct: Zelena: MAH
22:08:28 : Direct: Zelena: Nah
22:09:40 : Direct: Zelena: Dude
22:09:45 : Direct: Zelena: you see that building to the right?
22:09:49 : Direct: Zelena: you can rob it m8
22:09:55 : Direct: Zelena: go rob it
22:10:02 : Direct: Krogo: I need a gun
22:10:08 : Direct: Zelena: Not in this server
22:11:12 : Direct: FribZen: Kill yourself by Filthy Frank
22:14:28 : Direct: YellowSanta: v
22:26:18 : Direct: YellowSanta: SORRY
22:26:27 : Direct: YellowSanta: sorry
22:26:55 : Group: [APD] Chief. Stalks: i need to log for 20mins or so, will be back
22:27:02 : Group: [APD] Supt. MrDunis: Aight
22:27:56 : Group: Chullie: ok
22:29:20 : Direct: LoneWolf: np
22:30:04 : Direct: LoneWolf: i got 4 might as well use them
22:30:26 : Direct: VoidYT: opps
22:30:27 : Direct: VoidYT: sorry
22:30:35 : Direct: VoidYT: didn't see the chat before pressing shift
22:30:35 : Direct: VoidYT: xD
22:30:39 : Direct: VoidYT: Ty Dru
22:30:42 : Direct: VoidYT: Appreciate it
22:30:55 : Direct: [Pvt] Lazarus: lone can i have a lift to base if your heading that way?
22:31:05 : Direct: LoneWolf: sure
22:31:20 : Direct: VoidYT: Dru, Why don't you use your mic anymore??
22:31:21 : Direct: Zelena: ello
22:31:23 : Direct: VoidYT: Broken?
22:31:24 : Direct: Zelena: I jus died
22:33:04 : Direct: [Pvt] Lazarus: cheers
22:33:23 : Group: [Pvt] Connor.M: how u guys die?
22:34:10 : Direct: Zelena: BUT ME A BERET
22:34:30 : Direct: Zelena: Buy me a beret plz
22:34:42 : Direct: Zelena: Le french hat plz
22:34:45 : Direct: Zelena: buy me one
22:35:10 : Direct: Zelena: beret plzzzzzzzz
22:35:54 : Direct: Zelena: YOU ARE SUCH A IDIOT
22:36:05 : Direct: Zelena: ARREST HIM
22:36:07 : Direct: Zelena: ILLEGAL WEAPON
22:36:11 : Direct: Zelena: ATTEMPTED RDM
22:36:24 : Vehicle: [Pvt] Lazarus: drop us with kag
22:36:35 : Direct: Zelena: ARRRRRRREST
22:37:25 : Direct: Zelena: You have shit aim
22:37:27 : Direct: Zelena: hire me
22:37:31 : Direct: Zelena: and ill kill everyone
22:38:32 : Direct: Zelena: Nolif
22:38:59 : Direct: Zelena: can you buy me a beret plz
22:39:01 : Direct: Zelena: nolif
22:39:03 : Direct: Zelena: beret plz
22:39:21 : Direct: Zelena: OH 
22:39:25 : Direct: Zelena: MA GAWD
22:39:30 : Direct: Zelena: AM I SEXY
22:40:04 : Direct: Zelena: MARTYR 
22:40:06 : Direct: Zelena: STOPPIT
22:40:26 : Direct: Zelena: IM GON JUMP NOW
22:40:50 : Direct: Zelena: BYE
22:40:56 : Direct: Zelena: I hope you know
22:40:58 : Direct: Zelena: i cant diew
22:41:00 : Direct: Zelena: from jumping
22:41:14 : Direct: [APD] Supt. Martyr: *OOC that's still not RP to let you die though :P
22:41:32 : Direct: Zelena: I GOT MY BERET
22:41:34 : Direct: Zelena: LEMME GO
22:41:39 : Direct: Zelena: MY LIFE IS COMPLETE
22:41:46 : Direct: [APD] Supt. Martyr: I am going to escort you to the bottom floor sir, watch your step
22:41:49 : Direct: Zelena: AND MY FPS IS SUPERFLOUS
22:41:50 : Direct: Zelena: OY
22:41:50 : Direct: Zelena: OY
22:41:51 : Direct: Zelena: OY
22:41:52 : Direct: Zelena: OW
22:41:54 : Direct: Zelena: MY FACE
22:42:02 : Direct: [APD] Supt. Martyr: It's an improvement!
22:42:03 : Direct: Zelena: I WILL JUMP OFF THE CASTLE IF U DON'T LET ME GO RIGHT MEOW
22:42:13 : Direct: Zelena: I SWEAR TO GAWD
22:42:17 : Direct: Zelena: ILL JUMP OFF THE CASTLE
22:42:18 : Direct: Zelena: LET ME GO
22:42:20 : Direct: Zelena: NOW
22:42:21 : Direct: Zelena: NOW
22:42:21 : Direct: Zelena: NOW
22:42:22 : Direct: Zelena: NOWE
22:42:23 : Direct: Zelena: NOW
22:42:26 : Direct: Zelena: NOW
22:42:54 : Direct: [APD] Supt. Martyr: Sir, if you go to the castle, I will presume you are going to commit suicide and send you to a jail for help with mental issues, suicide is not the op
22:42:58 : Direct: [APD] Supt. Martyr: option
22:43:00 : Group: [Pvt] VibZ: Reynolds
22:43:14 : Direct: Zelena: IM GON JUMP OFF THE CASTLE NOW BYE
22:45:31 : Group: [APD] Chf Insp. Nolif: Can you drive again please
22:45:41 : Group: [APD] Chf Insp. Nolif: drive
22:46:18 : Group: [APD] Chief. Hamilton: vehicle chase?
22:46:22 : Group: [APD] Chief. Hamilton: training?
22:48:58 : Direct: Chullie: ?
22:49:08 : Direct: Chullie: No
22:49:39 : Direct: FribZen: POLICE SOMEONE IS BEING ROBBED AT THE BOAT SHOP
22:51:54 : Direct: FribZen: Help Yellowsanta
22:51:58 : Direct: FribZen: Medics
22:52:01 : Direct: YellowSanta: Help
22:52:06 : Group: Chullie: Jeg er nødt til at skrive fra nu af
22:52:41 : Direct: FribZen: MEDICS
22:53:21 : Direct: YellowSanta:  I need a Medic
22:56:55 : Group: [Pvt] Connor.M: rod u taking your kingsmen to help dru?
22:57:14 : Group: [General] RoD: OFC
22:57:51 : Group: [Pvt] Connor.M: need any assistance we have the checkpoint squad ready on call to u
22:57:53 : Vehicle: OIOIOI: 1 sec
23:00:17 : Group: [Pvt] Connor.M: meta buddy
23:03:07 : Direct: Zelena: IM JUMPIMN
23:11:56 : Group: [Pvt] ANGeR: shots at that location
23:16:31 : Direct: Zelena: yo dude
23:16:36 : Direct: alex: hey
23:16:42 : Direct: Zelena: Want me to take you to the gun dealer?
23:16:48 : Direct: alex: why?
23:17:06 : Direct: Zelena: Well if you go get a legal weapon you can protect yourself
23:17:11 : Direct: Zelena: and people kill everyone no joke
23:17:40 : Direct: Zelena: take money out since there ain't no atms at the gun store
23:17:41 : Direct: alex: umm i don't think i'll be killing anyone anything soon
23:17:56 : Direct: Zelena: Well I know but you will be shot at
23:17:57 : Direct: Zelena: alot
23:18:00 : Direct: alex: and i've got a feeling youre going to rob me
23:18:04 : Direct: Zelena: nah
23:18:05 : Direct: alex: so 
23:18:56 : Group: [APD] I KILL YOU: Keep my keys just for a minute here Hamilton 
23:19:04 : Group: [APD] I KILL YOU: Relogging real quick, wait here
23:20:51 : Direct: Zelena: what are you doing
23:21:17 : Direct: [APD]Special Forces: shhhh
23:21:22 : Direct: [APD]Special Forces: key please
23:21:27 : Direct: [APD] Chief. Hamilton: okkk
23:21:27 : Direct: [APD] Chief. Hamilton: i dont have
23:21:32 : Direct: [APD]Special Forces: I gave you
23:21:34 : Direct: [APD] Chief. Hamilton: nvm
23:21:44 : Direct: [APD] Chief. Hamilton: why do we have this
23:21:47 : Direct: [APD]Special Forces: Just using to patrol, not going to use the weapon
23:21:50 : Direct: [APD] Chief. Hamilton: ok lol
23:22:59 : Group: [APD] Supt. MrDunis: Thorgard red suv
23:23:02 : Group: [APD] Supt. MrDunis: heading otwards you
23:23:03 : Group: [APD] Supt. MrDunis: stop it!
23:23:05 : Vehicle: [APD] Chief. Hamilton: roger
23:23:09 : Vehicle: [APD] Chief. Hamilton: imtimidation
23:23:27 : Group: [APD] Supt. MrDunis: Did it pass you?
23:23:35 : Group: [APD] PCSO. Thorgard: Fucker got away
23:23:36 : Direct: Zelena: franz
23:23:40 : Direct: Zelena: what are you doing
23:23:41 : Vehicle: [APD] Chief. Hamilton: there has been
23:23:43 : Group: [APD] PCSO. Thorgard: My mic also broke :P
23:23:45 : Vehicle: [APD] Chief. Hamilton: last 2 times i was there
23:23:53 : Direct: Zelena: Whatever XD
23:23:56 : Vehicle: [APD] Chief. Stalks: BRB 2SEC
23:25:01 : Direct: White Bob: MEDIC
23:25:11 : Group: [APD] Supt. MrDunis: Thorgard cant know tis him
23:25:14 : Group: [APD] Supt. MrDunis: Only questions
23:25:17 : Direct: Franz Von Switzerberg: hello officer
23:26:09 : Group: [APD] Supt. MrDunis: ITS EDEN
23:26:11 : Group: [APD] Supt. MrDunis: NIFO ITS EDEN
23:26:13 : Group: [APD] Supt. MrDunis: AND ITS 205k
23:26:15 : Group: [APD] Supt. MrDunis: 250k
23:26:21 : Direct: Zelena: THIS PERSON VERBALLY ABUSED ME
23:26:56 : Direct: HussyPunter:  <£
23:27:00 : Direct: HussyPunter:  <3*
23:27:29 : Direct: White Bob: ay
23:27:32 : Direct: White Bob: my zafir
23:27:44 : Direct: Paddy.C: what zafir?
23:27:54 : Direct: White Bob: AGENT 43 fuckign zafir
23:27:55 : Direct: Agent. 43: you made us lose my gun.................. so
23:28:06 : Direct: White Bob: il maky you lose this one aswell
23:28:06 : Direct: Paddy.C: yeah only fair enough 
23:28:15 : Direct: Paddy.C: welll its yours so your loss
23:31:49 : Direct: Zelena: go to the atm, get some money, buy stuff and then we can go
23:31:51 : Direct: Zelena: get ye a gun
23:32:03 : Vehicle: White Bob: let me out
23:32:16 : Direct: White Bob: let me out
23:32:20 : Direct: Zelena: ye
23:32:30 : Direct: White Bob: im restrained and its locked
23:32:32 : Direct: Zelena: who?
23:32:41 : Vehicle: Zelena: Whos ye friend?
23:32:49 : Direct: White Bob: im going to kill you hussy
23:33:55 : Vehicle: Zelena: ok dude, just tellum its me
23:34:05 : Vehicle: Zelena: I believe all the pistols are 10k
23:34:13 : Vehicle: Zelena: the virmin rifle is legal and is 40k
23:34:17 : Vehicle: Zelena: the sting isn't
23:34:20 : Vehicle: Zelena: check the map
23:34:25 : Direct: Zelena: what
23:34:41 : Direct: HussyPunter: I WILL SELL YOU MINE FOR 100K
23:34:50 : Vehicle: Zelena: what a total cunt
23:34:52 : Direct: HussyPunter: Yes
23:34:55 : Vehicle: Zelena: I lost 100k in fines due to him
23:34:59 : Vehicle: Josh: lol ikr
23:35:03 : Vehicle: Josh: fuckin cops
23:35:04 : Vehicle: Zelena: and i was just driving a gokart
23:35:10 : Direct: HussyPunter: yes
23:35:15 : Vehicle: Zelena: yo, ye seem like a cool dude
23:35:15 : Direct: HussyPunter: it will be in gargage
23:35:23 : Vehicle: Zelena: Next time I steal a heli loot drop
23:35:23 : Direct: HussyPunter: garage*
23:35:26 : Vehicle: Zelena: ill give ye a good gun
23:35:31 : Vehicle: Zelena: Kavala square
23:35:41 : Vehicle: Zelena: where all the shops are
23:37:06 : Vehicle: Zelena: Ello lads
23:37:09 : Vehicle: Zelena: ye got money?
23:37:12 : Vehicle: Zelena: we goin to the gun shop
23:37:16 : Vehicle: Sgt. Paul Jackson: RGR
23:37:38 : Direct: Franz Von Switzerberg: YES
23:38:29 : Vehicle: Zelena: ere we go
23:39:06 : Group: [APD] Chf Insp. Nolif: Thorgard don't forget to come on TS
23:39:14 : Vehicle: Zelena: lag gg
23:40:00 : Direct: HussyPunter: WHAT?
23:40:01 : Direct: HussyPunter: TYPE
23:40:04 : Vehicle: Zelena: i cannot hear ye
23:40:09 : Vehicle: Zelena: too loud
23:40:11 : Vehicle: Josh: PRICE TO BECOME REBEL
23:40:19 : Vehicle: Zelena: 250k 
23:40:19 : Vehicle: Zelena: i think
23:40:23 : Vehicle: Zelena: either that or 100k
23:40:26 : Direct: HussyPunter: oh cheers mate
23:40:29 : Vehicle: Josh: okay ty
23:40:35 : Vehicle: Zelena: i can pop down to them
23:40:37 : Vehicle: Zelena: get ah elid
23:40:46 : Vehicle: Zelena: get a heli and pick you up
23:40:50 : Vehicle: Zelena: take you to them if you want
23:40:59 : Vehicle: Josh: thatd be nice
23:41:07 : Vehicle: Zelena: ill do that then
23:41:15 : Vehicle: Zelena: Ill park you on a hill and pick you up shortly
23:41:21 : Vehicle: Zelena: i have to relog but that takes 5 secs
23:41:24 : Direct: Agent. 43: we know about stalks pal
23:41:25 : Vehicle: Sgt. Paul Jackson: why are you so nice, ive never met a nice player in altis life 
23:41:30 : Vehicle: Josh: ^^^^^^
23:41:33 : Vehicle: Zelena: Im not a total CUNT
23:41:35 : Vehicle: Zelena: like everyone else
23:41:40 : Vehicle: Sgt. Paul Jackson: we met alot of them
23:41:41 : Vehicle: Josh: nice
23:41:44 : Vehicle: Josh: lol ikr
23:42:23 : Vehicle: Zelena: how fucking big is this hill omfg
23:42:31 : Vehicle: Sgt. Paul Jackson: are you in the UK?
23:42:34 : Vehicle: Zelena: ye
23:42:40 : Vehicle: Sgt. Paul Jackson: we are from the US
23:42:41 : Vehicle: Josh: fucking massive lol
23:42:46 : Vehicle: Josh: yeah we're from the US
23:42:58 : Vehicle: Zelena: This is hosted in the uk
23:43:02 : Vehicle: Zelena: i still get shit internet though
23:43:06 : Vehicle: Josh: LOL
23:43:24 : Vehicle: Josh: we're locked in
23:43:41 : Direct: Zelena: check map
23:43:45 : Direct: Zelena: ill come pick you up here
23:43:53 : Direct: Zelena: Ill be about 5 mins
23:43:57 : Direct: Sgt. Paul Jackson: rgr
23:44:02 : Vehicle: Josh: kk
23:44:05 : Vehicle: Josh: UNLOCK CAR
23:44:09 : Direct: Josh: omfg
23:48:44 : Direct: Zelena: SHIT
23:48:54 : Direct: Sgt. Paul Jackson: lol
23:48:57 : Vehicle: Zelena: PICK HIS MONEY UP
23:48:58 : Direct: Sgt. Paul Jackson: get rekt josh
23:49:01 : Vehicle: Zelena: WINDOWS KEY
23:49:52 : Direct: Sgt. Paul Jackson: cant windoiws it
23:50:15 : Direct: Sgt. Paul Jackson: can you grab it?
23:50:22 : Direct: Zelena: heli is too close
23:51:38 : Direct: Zelena: josh
23:51:43 : Direct: Zelena: request EMS on the menu
23:51:49 : Direct: Sgt. Paul Jackson: RIP
23:52:07 : Direct: Zelena: get in or yell die next XD
23:52:17 : Direct: Zelena: GET IN
23:53:01 : Vehicle: Sgt. Paul Jackson: he said hes on his way
23:53:09 : Vehicle: Zelena: hes coming to us\?
23:53:09 : Vehicle: Zelena: gg
23:53:12 : Vehicle: Sgt. Paul Jackson: no lol
23:53:17 : Vehicle: Sgt. Paul Jackson: to the court
23:53:20 : Vehicle: Zelena: oh
23:53:23 : Vehicle: Zelena: ok then XD
23:53:34 : Vehicle: Sgt. Paul Jackson: where u said, but josh could be an idiot so idk lol
23:53:55 : Vehicle: Sgt. Paul Jackson: desync is real
23:53:57 : Vehicle: Zelena: I guess
23:53:57 : Vehicle: Zelena: he stood next to a heli
23:53:57 : Vehicle: Zelena: and he got smacked in the face
23:54:00 : Vehicle: Zelena: INTERNET
23:54:01 : Vehicle: Zelena: hold
23:54:03 : Vehicle: Zelena: u cunt
23:54:09 : Vehicle: Zelena: INTERNET
23:54:14 : Vehicle: Zelena: STOPPIT
23:54:14 : Vehicle: Sgt. Paul Jackson: internet pls
23:54:17 : Vehicle: Sgt. Paul Jackson: lol
23:54:23 : Vehicle: Zelena: ASSHOEL
23:54:51 : Vehicle: Sgt. Paul Jackson: he said 200 m out from the court
23:54:56 : Vehicle: Zelena: GG
23:55:00 : Vehicle: Sgt. Paul Jackson: he promised not to die again
23:55:10 : Vehicle: Zelena: ye see it
23:55:12 : Vehicle: Zelena: just in front
23:55:20 : Vehicle: Sgt. Paul Jackson: yep
23:56:27 : Vehicle: Zelena: lets get high
23:56:31 : Vehicle: Zelena: incase of internet
23:56:34 : Vehicle: Josh: LOL
23:56:50 : Vehicle: Sgt. Paul Jackson: zelena if you need manpower or some dough, we are in debt to you
23:57:04 : Vehicle: Zelena: this thing cost me 360k
23:57:15 : Vehicle: Zelena: but i had a mill
23:57:16 : Vehicle: Zelena: so gg
23:57:21 : Vehicle: Sgt. Paul Jackson: josh has money, dont worry
23:57:32 : Vehicle: Zelena: ps
23:57:33 : Vehicle: Josh: we are going to make a shit ton of money
23:57:38 : Vehicle: Josh: we will repay you 
23:57:41 : Vehicle: Zelena: Ill drop you off through the rope system
23:57:45 : Vehicle: Zelena: its fun :3
23:57:52 : Vehicle: Sgt. Paul Jackson: josh has weak arms zelena
23:58:00 : Vehicle: Zelena: He is gonna have to deal with it
23:58:11 : Vehicle: Sgt. Paul Jackson: i like it
23:58:32 : Vehicle: Josh: how can i see amount of players on>
23:58:33 : Vehicle: Zelena: do you guys record or what
23:58:38 : Vehicle: Zelena: just go to the map 
23:58:43 : Vehicle: Zelena: and then to players
23:58:43 : Vehicle: Sgt. Paul Jackson: josh records for porn but i dont 
23:58:44 : Vehicle: Josh: yeah i do
23:58:52 : Vehicle: Zelena: For youtube?
23:59:00 : Vehicle: Josh: no just like for personal
23:59:05 : Vehicle: Zelena: Ahh ok
23:59:08 : Vehicle: Josh: incase someone breaks rules on me
23:59:10 : Vehicle: Sgt. Paul Jackson: do you record?
23:59:12 : Vehicle: Zelena: Were here lads
23:59:16 : Vehicle: Zelena: Ye
