00:46:25 : Direct: Mass Effect-ion: 2 min
00:52:26 : Direct: Mass Effect-ion: Hello Hamilton
00:53:13 : Group: Kagutsuchi: Dru?
00:59:00 : Direct: Mass Effect-ion: noice gun bro
00:59:13 : Direct: Colonel Sanders: samw
00:59:16 : Direct: Colonel Sanders: same*
00:59:25 : Direct: Colonel Sanders: nice scope
00:59:32 : Direct: Mass Effect-ion: Yeah, you too pal
00:59:36 : Direct: Mass Effect-ion: VDM
00:59:37 : Direct: Mass Effect-ion: VDM
00:59:40 : Direct: Mass Effect-ion: Recorded!
00:59:47 : Direct: Colonel Sanders: shadowplayed
00:59:48 : Direct: Mass Effect-ion: I have witnesses!
01:34:57 : Group: [TDG]  Nigel Farage: can u hear me  ?
03:27:26 : Direct: Antony-J: g
11:33:28 : Direct: Daniel woods: ...
11:33:33 : Direct: Daniel woods: Whale whale whalle
15:01:48 : Direct: jorma_000: DO YOU HAVE ANY TOOLKITS
15:14:25 : Group: [APD] PC. Morrisino: euk
15:21:30 : Group: [APD] PC. Morrisino: 4 km out
15:34:03 : Group: jorma_000: no
15:35:16 : Direct: Eirik: .
15:38:48 : Vehicle: Eirik: i wrote this on a piece of paper, you have no reason to give me a ticket
15:39:04 : Vehicle: Eirik: amazing skills i learned
15:39:11 : Vehicle: Eirik: from grandfather John
15:39:31 : Direct: Eirik: im alergic to helicopters
15:39:37 : Direct: Eirik: im gonna die
15:42:06 : Vehicle: Eirik: WELL EL POOP TALKED AS WELL SO WTF?
17:08:59 : Direct: Eden: cant hear u
17:09:14 : Direct: [APD] PCSO. Alex: you dont need
17:18:44 : Direct: Eden: man
17:18:47 : Direct: Eden: how much is that truck
17:19:17 : Direct: [TOXX[Lou: HMM AROUND 400k
17:20:03 : Direct: Eden: are you doing coce
17:20:24 : Direct: [TOXX[Lou: no cobalt
17:22:51 : Direct: Eden: jo
17:24:19 : Direct: Eden: store it
17:24:29 : Direct: Eden: im going to chop shop it
17:24:33 : Direct: Eden: if u dont unock it
17:24:35 : Direct: Daniel woods: Ok
17:25:26 : Group: jorma_000: jaa
18:11:19 : Direct: Muddah: aammo
18:14:06 : Direct: jorma_000: poop
18:14:08 : Direct: jorma_000: ihihihi
18:14:17 : Direct: El PooP: bye <3
18:14:25 : Direct: Palikka: bye
18:17:58 : Group: [TDG] Nigel Farage: why shooting me bruh
18:18:44 : Direct: Jack: What
18:18:54 : Direct: Jack: dude i cant hear you
18:19:04 : Direct: Jack: yer voice is too silent
18:21:04 : Direct: El PooP: hey
18:21:05 : Direct: jorma_000: cyka
18:21:08 : Direct: El PooP: pick uop
18:24:58 : Direct: [MM] Cerlerm: Get  cancer
18:25:07 : Direct: jorma_000: drive safe
18:26:34 : Vehicle: [TOXX] Apollo: make sure you use your lights on the highway because police might pull you over
18:30:13 : Direct: Jack: Ello
18:30:21 : Direct: Jack: what?
18:30:28 : Direct: [TOXX[Lou: REPAIR KIT we kinda broke down..
18:30:43 : Direct: Jack: I ain't got one. soz
18:30:49 : Direct: [TOXX[Lou: no worries thanks! :D
18:30:50 : Direct: Jack: i can go get ye one
18:31:00 : Direct: [TOXX[Lou: if ya dont mind I will pay ya bac
18:34:17 : Direct: Jack: dude
18:34:19 : Direct: Jack: cmere
18:34:23 : Direct: Jack: I didn't see you
18:34:31 : Direct: Jack: where is it..?
18:34:43 : Direct: Jack: oh
18:34:46 : Direct: Jack: im going there...
18:34:51 : Direct: Jack: wait
18:35:13 : Direct: Jack: get in
18:35:39 : Direct: Jack: Like
18:35:40 : Direct: Jack: 300k
18:37:04 : Direct: Jack: Later dude
18:37:06 : Direct: Jack: aww
18:37:08 : Direct: Jack: uwot m8
18:37:11 : Direct: Jack: dat wos rdm
18:47:15 : Direct: Jack: No
18:47:19 : Direct: Jack: I got a problem with prick
18:47:27 : Direct: Jack: mk
18:47:34 : Direct: Jack: it was him btw
18:47:43 : Direct: Jack: Oy
18:47:45 : Direct: Jack: dani
18:47:49 : Direct: Jack: cum see me dead truk
18:47:49 : Direct: Daniel woods: Heya
18:47:51 : Direct: Jack: dat he ruind
18:48:13 : Direct: Jack: dani
18:48:18 : Direct: Jack: OY
18:48:22 : Direct: Jack: get ien
18:48:31 : Direct: Jack: I want to show u me truk
18:48:33 : Direct: Jack: cmon
18:48:53 : Direct: Jack: I WANT TO SHOW U ME REKT TRUK
18:48:55 : Direct: Jack: CMUUUUURN
18:49:20 : Direct: Jack: oeh
18:49:25 : Direct: Jack: do ye know how to repair trucks
18:49:37 : Direct: [NHS] VibZ: windows key
18:49:42 : Direct: [NHS] VibZ: need bag and repair kit
18:55:00 : Group: Palikka: m
18:59:04 : Direct: Jack: Hi?
19:04:00 : Direct: [APD] Chief. Stalks: hang on sir
19:05:47 : Group: Palikka: HARVOIN SÄ MITÄÄ TAJUUT
19:06:49 : Group: [TDG] Jeremy Corbyn: Vlad
19:07:14 : Group: Muddah: 185.38.149.82:9197
19:08:24 : Group: [TDG] Nigel Farage: IM IN THE TS
19:08:28 : Group: [TDG] Nigel Farage: Caps
19:09:01 : Group: Muddah: 185.38.149.82:9197
19:09:15 : Group: Muddah: 185.38.149.82:9197
19:09:26 : Group: [TDG] Nigel Farage: we are in there
19:25:47 : Group: [APD]Sgt. Nick Nolif: stuck on "setting up client, please wait..."
19:28:21 : Direct: Muddah: godmode?
19:29:58 : Direct: [TDG] Nigel Farage: im doing something
19:30:54 : Group: [APD] Sgt. Randall: dw
19:38:43 : Group: [APD] PC. Morrisino: fed
19:39:38 : Group: [APD] PC. Morrisino: fed
19:42:36 : Group: Sean Wolfington: JHESSE WHO YE TAKIN
19:44:42 : Group: Sean Wolfington: i afctualy think it is kos
19:49:02 : Group: Sean Wolfington: airfdield
19:49:07 : Group: Sean Wolfington: yus
19:49:15 : Group: Sean Wolfington: rebel or nah ?
19:50:18 : Group: [APD] Chief. Stalks: markers on map if possible
19:53:08 : Group: Sean Wolfington: getting a gat
19:54:31 : Group: Sean Wolfington: mags 10k each xd
19:54:42 : Group: Sean Wolfington: i have 600k
19:54:44 : Group: Biggy Smalls: can i have mrco?
19:54:50 : Group: Sean Wolfington: I SPENT 700k already
19:54:57 : Group: Biggy Smalls: kys 
19:55:05 : Group: Sean Wolfington: i have spent over 2mil ;3
19:55:12 : Group: Sean Wolfington: i have hemmit box 
19:55:15 : Group: Sean Wolfington: lisences
19:55:18 : Group: Sean Wolfington: guns etc
19:55:19 : Group: Sean Wolfington: gang 300k
19:57:36 : Group: Sean Wolfington: you dont have enough space
19:57:49 : Group: Sean Wolfington: this alarm tho
20:01:45 : Group: Sean Wolfington: /ohh i wont
20:01:55 : Group: Sean Wolfington: its tmt base
20:03:17 : Group: Lt. J. Wolfington: SEAN WAKE UP
20:08:02 : Group: Sean Wolfington: really \?
20:08:13 : Group: Sean Wolfington: you can fucking jump in with gandhi
20:08:15 : Group: Sicariuse: /VOTEDAY
20:08:31 : Group: Sean Wolfington: shift v
20:09:13 : Group: Sean Wolfington: i am at risk m8
20:09:18 : Group: Sean Wolfington: this has paper time armour
20:13:51 : Group: Sean Wolfington: dealer clear atm
20:14:11 : Direct: jorma_000: friednly
20:14:18 : Direct: jorma_000: were coming to help u
20:14:21 : Group: Sean Wolfington: yes
20:14:27 : Group: Sean Wolfington: chop it :D
20:15:13 : Group: Sean Wolfington: jesse
20:15:19 : Group: Sean Wolfington: funny thing is
20:15:26 : Group: Sean Wolfington: jake has heard me speak more than you
20:15:38 : Group: Sean Wolfington: gundhi
20:15:48 : Group: Sean Wolfington: its jesse
20:15:56 : Group: Sean Wolfington: jjesse pickmen
20:16:02 : Group: Sean Wolfington: ik 
20:16:06 : Group: Sean Wolfington: pinkmen
20:16:10 : Group: Sean Wolfington: hamberg
20:16:24 : Group: Sean Wolfington: getting shot
20:16:27 : Group: Sean Wolfington: that base
20:16:38 : Group: Sean Wolfington: up the hill
20:16:39 : Group: Sean Wolfington: yes
20:16:49 : Group: Sean Wolfington: got shot there
20:17:12 : Group: Sean Wolfington: gang base
20:17:37 : Group: [APD] Chief. Stalks: from?
20:17:38 : Group: Sean Wolfington: CM XD
20:17:46 : Group: Sean Wolfington: so they camp drug dealer
20:18:03 : Group: [APD] Chief. Stalks: any idea?
20:18:57 : Group: Sean Wolfington: not a gud shot
20:19:19 : Group: Sean Wolfington: wut bout me
20:19:28 : Group: Sean Wolfington: wasnt for me you wouldnt have the trucks
20:20:07 : Group: Sean Wolfington: i didnt earn shit
20:21:07 : Direct: [APD] Chief. Hamilton: get out
20:21:23 : Group: Sean Wolfington: emm what
20:21:59 : Group: Lt. J. Wolfington: 45 water
20:22:21 : Group: Sean Wolfington: 32 k ???
20:22:28 : Group: Sean Wolfington: i did the most
20:22:39 : Group: Sean Wolfington: li
20:22:40 : Group: Sean Wolfington: ;o
20:22:43 : Group: Sean Wolfington: i fine
20:24:16 : Group: Sean Wolfington: XD
20:24:48 : Group: Sean Wolfington: wut nao
20:25:18 : Group: Sean Wolfington: nah he spec ops
20:26:32 : Group: Sean Wolfington: rebel ?
20:29:42 : Vehicle: War: Turn around
20:29:47 : Vehicle: War: Back to Kav
20:38:36 : Direct: White Bob: probs when i seen the truck it was my first thougth
20:38:50 : Group: [APD]Chf Insp. Eukanubae: .
20:43:45 : Group: Flames: mint willem, we got a  hostage situation
20:43:58 : Group: Flames: hussypunter is bringing a cop to aff base
20:44:16 : Group: Major Mint: roger that copy over eta 5 mins
20:46:58 : Direct: Flames: nice ass on this one
20:47:28 : Direct: Flames: will the cops pay?
20:49:48 : Direct: Flames: when can we burn him alive?
20:51:50 : Direct: Flames: rob him
20:51:51 : Direct: Flames: why
20:52:02 : Direct: Flames: did you say we would rape him to death?
20:55:52 : Group: [APD] Chief. Stalks: anyone dealing with the hostage?
21:01:33 : Group: John A. Gilbert: what happend
21:09:28 : Direct: Major Mint: not a clue
21:12:51 : Direct: [APD] Chief. Stalks: broke?
21:12:55 : Direct: General Beast: save me from this purgatory
21:13:02 : Direct: General Beast: WAKE ME UP
21:13:08 : Direct: General Beast: WAKE ME UP INSIDE
21:13:16 : Direct: General Beast: CAN"T WAKE UP
21:13:56 : Direct: Rob: is all your ammo at 0?
21:14:04 : Direct: DeadPool: //.
21:14:08 : Direct: Rob: Think it might be infistar
21:14:08 : Direct: DeadPool: yes
21:14:11 : Direct: Rob: that's caused it
21:14:28 : Direct: DeadPool: how do i get ou of here
21:17:20 : Group: [APD] PC.Potato: anyone else lost their gear?
21:18:12 : Direct: Jack: OFFICER
21:18:21 : Direct: Jack: FFICER
21:18:31 : Direct: Jack: OFFFFFFFFICCEEEER
21:18:42 : Vehicle: Connor Murphy: we need a repair kit
21:18:43 : Direct: Jack: WUT
21:19:05 : Direct: Jack: I need to know if its illegal to fish in a speedboat
21:19:21 : Direct: Jack: Well hopefully tuna but y'know
21:19:44 : Direct: Jack: Yes I know about turtles
21:24:31 : Direct: [APD] Supt. Martyr: Hi Jack, are you ok?
21:24:37 : Direct: Jack: Pretty k
21:24:40 : Direct: [APD] PC.Potato: 22500
21:24:40 : Direct: Jack: got me truck over there
21:24:42 : Direct: [APD] Supt. Martyr: Good good
21:24:45 : Direct: Jack: 800Gs in the bank
21:24:53 : Direct: Jack: so Im going... Grand... :)
21:24:55 : Direct: [APD] Supt. Martyr: oh nice! What are you doing to earn money? I hope legal stuff
21:25:09 : Direct: Jack: Well first 250k was clay
21:25:15 : Direct: Jack: then I moved onto diamonds and stuff
21:25:25 : Direct: [APD] Supt. Martyr: Sir, I am sorry but we must respond to a robbery in progress
21:25:29 : Direct: [APD] Supt. Martyr: please stay safe!
21:25:34 : Group: [APD]Sgt. Nick Nolif: sorry
21:26:29 : Direct: [APD] Supt. Martyr: cOME OUT
21:26:31 : Direct: [APD] Supt. Martyr: APD
21:26:33 : Direct: [APD] Supt. Martyr: OUT 
21:26:42 : Direct: [APD] Supt. Martyr: Come out with your hands up!
21:26:53 : Direct: Jack: Sorry my lad
21:28:32 : Direct: Jack: Nick
21:28:33 : Direct: Jack: Ma man
21:28:38 : Direct: [APD]Sgt. Nick Nolif: Hey jack
21:28:51 : Direct: [APD]Sgt. Nick Nolif: what's up
21:28:55 : Direct: Jack: Im bored
21:29:00 : Direct: Jack: das all
21:29:01 : Direct: [APD]Sgt. Nick Nolif: rip
21:29:10 : Direct: [APD]Sgt. Nick Nolif: do a run :p$
21:29:20 : Direct: Jack: Is there any way you could let me in the station? top floor balcany
21:29:23 : Direct: Jack: plz
21:29:26 : Direct: Jack: :)
21:29:30 : Direct: [APD]Sgt. Nick Nolif: Yep you have my permission
21:29:36 : Direct: Jack: Aaaaaayy
21:29:39 : Direct: [APD]Sgt. Nick Nolif: have fun
21:29:39 : Direct: Jack: thanks my lad
21:31:14 : Group: [APD]Sgt. Nick Nolif: respnding
21:31:15 : Direct: NickB: DANK MEMES
21:38:46 : Direct: NickB: MISCLICK
21:38:47 : Direct: NickB: BRUH
21:39:42 : Group: [NHS] Dr. Senju: B
21:39:49 : Direct: Currel: help i am burning
21:40:16 : Vehicle: [APD] PCSO. Bob: can u hear it?
21:41:34 : Direct: [APD] Supt. Martyr: OOC* If you go to mark on map, and windows key it sometimes work
21:45:59 : Direct: (F.I.A) Sgt. k dionne: a gun with 10 runfs all for 30k
21:46:13 : Direct: (F.I.A) Sgt. k dionne: 30 k
21:46:21 : Direct: (F.I.A) Sgt. k dionne: yh 
21:48:49 : Direct: Jack: What chu doing
21:52:03 : Direct: NickB: zeth u slippery cunt
21:52:06 : Direct: NickB: you have a 200k bounty on you
21:52:10 : Direct: VibZ: fall in LINE!
21:53:42 : Direct: Jack: Heru
21:53:46 : Direct: Jack: Im ok
21:53:48 : Direct: [NHS] Dr. Senju: Welcome to safezone
21:53:53 : Group: [APD] PCSO. Bob: potato and bob on route to weed feilds
21:53:59 : Direct: Jack: I was given permission to be on the balcany in the thing
21:54:09 : Direct: Jack: by nick
21:54:13 : Direct: Jack: but yeah
21:54:14 : Direct: Jack: bored
21:54:18 : Direct: Jack: so might aswell lift gates
21:54:20 : Direct: Jack: am i rite
21:54:34 : Direct: Jack: I hate talking on the mike
21:54:35 : Direct: Jack: and
21:54:37 : Direct: Jack: also
21:54:40 : Direct: Jack: I have lost my voice
21:54:49 : Direct: Jack: due to an operation about
21:54:52 : Direct: Jack: yeah cancer n stuff but yeah
21:55:16 : Direct: Jack: ur vest is cool
21:56:07 : Group: [APD]Sgt. Nick Nolif: srry i didn't know repairing my vehicle is deadly
21:56:35 : Direct: [APD]Sgt. Nick Nolif: HI
21:56:37 : Direct: Jack: Nick
21:56:40 : Direct: [APD]Sgt. Nick Nolif: yes
21:56:53 : Direct: Jack: Nick
21:56:56 : Direct: [APD]Sgt. Nick Nolif: yes
21:57:04 : Direct: [APD]Sgt. Nick Nolif: i have to respond to someth ing important mate
21:57:09 : Direct: [APD]Sgt. Nick Nolif: whats up
21:57:11 : Direct: Jack: Is there a chance that I can get a 9mm supressor or nah?
21:57:17 : Direct: [APD]Sgt. Nick Nolif: no sorry
21:57:20 : Direct: Jack: mmmkay
21:57:30 : Group: [APD] Supt. Martyr: to weed proc!
21:59:03 : Group: [APD] Supt. Martyr: Sitrep at Weed?
21:59:18 : Group: [APD]Sgt. Nick Nolif: 4 minutes
21:59:29 : Direct: NickB: flames
21:59:34 : Direct: NickB: 100k if you 1 tap zibz
21:59:37 : Direct: NickB: vibz*
21:59:38 : Group: [APD] Chief. Stalks: need to log for an hour or 2 
21:59:57 : Direct: Agent. 47: GET BACK IN THE HELOI
21:59:58 : Direct: [APD] Mst Sgt. Pancakes: Map is in car
22:00:28 : Direct: Jack: No dude
22:00:30 : Direct: Jack: x3
22:00:44 : Direct: Jack: Ye not suppost to be in ere
22:00:47 : Direct: Jack: I got perm
22:00:59 : Direct: Jack: Protect le station
22:01:03 : Direct: Jack: and im bored
22:01:17 : Direct: Jack: I had perm from cheif
22:01:19 : Direct: Jack: chief
22:01:20 : Direct: Jack: eh
22:01:23 : Direct: Jack: fuck spelling
22:01:32 : Direct: Jack: Eh whatever ye can't harm owt 
22:02:06 : Direct: Jack: k ill stop XD
22:02:09 : Direct: Jack: its so banta
22:02:11 : Direct: Jack: who?
22:02:24 : Direct: Jack: Yes totally with 9mm
22:02:26 : Direct: Jack: yes
22:02:27 : Direct: Jack: defo
22:02:30 : Direct: Jack: I got 2
22:02:31 : Direct: Jack: xD
22:02:36 : Direct: Jack: I got 3 trucks
22:02:39 : Direct: Jack: like 5 crs
22:02:59 : Direct: Jack: Top kek
22:05:18 : Direct: Jack: Dude
22:05:22 : Direct: Jack: Dunt be rude
22:05:30 : Direct: Jack: I might go ahead and sign up for that shit
22:05:30 : Direct: Agent. 47: dude?
22:05:36 : Direct: Jack: cus all about that pig lifer
22:05:39 : Direct: Jack: life*
22:05:44 : Direct: Jack: Dude
22:05:52 : Direct: Jack: a chief told me I should try
22:05:54 : Direct: Jack: so y'know
22:05:57 : Direct: Jack: worth a 
22:06:08 : Direct: Jack: well im going
22:06:09 : Direct: Jack: so
22:06:11 : Direct: Jack: top kek
22:06:54 : Direct: NickB: everyone on my left is a bad meme
22:09:00 : Vehicle: [APD] PC. Morrisino: where are you taking me???
22:09:20 : Vehicle: [APD] PC. Morrisino: i have a family to support i don't want to die...............
22:09:35 : Vehicle: [APD] PC. Morrisino: plz be merciful good sir
22:09:45 : Vehicle: Agent. 47: shut up
22:10:06 : Direct: [APD] Supt. Martyr: Sir, can you speak up you are really quiet
22:12:27 : Vehicle: Agent. 47: looks like they don't want you
22:16:15 : Vehicle: Declan Murphy: i have 69k lel
22:16:38 : Group: [APD] Mst Sgt. Pancakes: Is someone responding?
22:16:45 : Group: [APD] Mst Sgt. Pancakes: To the hostage?
22:17:15 : Direct: (F.I.A) Sgt. k dionne: Y 
22:21:41 : Direct: [APD] Supt. Martyr: Sir?
22:21:49 : Direct: [APD] Supt. Martyr: Would you like a lift to Kavala?
22:21:59 : Direct: [APD] Supt. Martyr: or to a garage?
22:22:23 : Direct: [APD] Supt. Martyr: Sir, come with us
22:22:29 : Direct: [APD] Supt. Martyr: we will take you to get a repair kit
22:24:17 : Direct: [APD] Supt. Martyr: Do you have one now sir?
22:25:16 : Direct: [APD] Supt. Martyr: Sir, we will go impound your vehicle
22:25:21 : Direct: [APD] Supt. Martyr: oh nevermind
22:25:35 : Direct: [APD] Supt. Martyr: we will go impound it for you, if you wait two minutes you can get it back out
22:25:39 : Direct: [APD] Supt. Martyr: have a nice day
22:39:07 : Group: Brian D: admin?
22:39:52 : Group: Brian D: admin 
22:40:58 : Group: Brian D: admin help plz
22:48:35 : Direct: [NHS] Dr. Senju: take out your gun
22:48:38 : Direct: [NHS] Dr. Senju: and press shift G
22:48:42 : Direct: [NHS] Dr. Senju: to knock me down
22:48:44 : Direct: [NHS] Dr. Senju: im bugged
22:48:46 : Direct: [NHS] Dr. Senju: and cant move..
22:48:49 : Direct: [NHS] Dr. Senju: please do that now.
22:49:06 : Direct: [NHS] Dr. Senju: Take your gun out
22:49:07 : Group: Sean Wolfington: dolphin squad ination
22:49:11 : Direct: [NHS] Dr. Senju: and press SHIFT G on me
22:49:25 : Direct: [NHS] Dr. Senju: Take out your gun!
22:49:34 : Direct: [NHS] Dr. Senju: Take your gun i nahnd
22:49:40 : Direct: [NHS] Dr. Senju: Press hift G on me
22:49:44 : Direct: [NHS] Dr. Senju: With your gun in hand
22:49:45 : Group: Sean Wolfington: 2
22:49:50 : Direct: [NHS] Dr. Senju: with your gun in hand
22:49:54 : Direct: [NHS] Dr. Senju: Take your gun out...
22:49:57 : Group: Sean Wolfington: i got 3 so far aswil
22:49:57 : Direct: [NHS] Dr. Senju: And press shift G
22:49:59 : Direct: [NHS] Dr. Senju: on me!
22:50:03 : Direct: [NHS] Dr. Senju: THANK YOU!
22:50:06 : Direct: [NHS] Dr. Senju: Finnaly!
22:50:43 : Group: Sean Wolfington: ye josh ;3
22:52:20 : Group: Sean Wolfington: where to
22:54:00 : Direct: NickB: heal me u whore
22:54:11 : Direct: NickB: ty
22:55:31 : Group: Sean Wolfington: i dont kno where to go
22:55:47 : Group: Sean Wolfington: south ?
23:01:54 : Direct: [HATO]HussyPunter: thats mine
23:02:14 : Direct: [HATO]HussyPunter: give me my cash
23:02:24 : Direct: [HATO]HussyPunter: how much cash you get?
23:02:30 : Direct: [APD] PC. Morrisino: 125K
23:02:36 : Direct: [HATO]HussyPunter: just store it i will get it later
23:02:57 : Group: Sean Wolfington: i love it
23:04:07 : Group: Sean Wolfington: ol ot
23:05:25 : Group: Sean Wolfington: ye you can
23:05:51 : Group: Sean Wolfington: mg see ta
23:06:04 : Group: Sean Wolfington: i love underwater shit
23:06:17 : Group: Sean Wolfington: ryan you cant say sht about dolphin squad you aint og liek me mg Kappa
23:06:28 : Group: Sean Wolfington: and trf XD
23:06:50 : Group: Sean Wolfington: we raidied the cop base ;3
23:07:28 : Group: Sean Wolfington: thats what it was
23:07:36 : Group: Sean Wolfington: i can 
23:07:38 : Group: Sean Wolfington: you stay here
23:07:40 : Group: Sean Wolfington: i get helo
23:12:26 : Group: Sean Wolfington: when we do one
23:12:29 : Group: Sean Wolfington: we will get one
23:13:55 : Group: Sean Wolfington: mg surface i give you charge
23:15:33 : Direct: [APD] Supt. Martyr: 16,17 on the map
23:18:36 : Direct: Declan Murphy: voteday
23:19:17 : Group: Sean Wolfington: ahh no
23:19:36 : Group: Sean Wolfington: ye range 300 m 
23:19:46 : Group: Sean Wolfington: from 3k ;3
23:19:47 : Group: Sean Wolfington: dank
23:20:29 : Group: Sean Wolfington: yes
23:20:30 : Group: Sean Wolfington: go lower
23:20:58 : Group: Sean Wolfington: the package is being delivared
23:21:00 : Group: Sean Wolfington: be scout
23:21:08 : Group: Sean Wolfington: or pick them fukkers up
23:22:54 : Group: Sean Wolfington: not yet
23:23:11 : Group: Sean Wolfington: get svd
23:24:05 : Group: Sean Wolfington: rebel
23:24:18 : Direct: stevo: it's not my time to go devil...not my time
23:24:32 : Group: Sean Wolfington: honest i gonna google this
23:26:27 : Group: Sean Wolfington: 45k
23:26:33 : Group: Sean Wolfington: 021-214  035-227  074-092  143-077  136-119  030-135  
23:26:38 : Group: Sean Wolfington: this are some cords of ships
23:27:03 : Group: Sean Wolfington: other cords
23:27:06 : Group: Sean Wolfington: 221-056  021-234  279-244  023-193  034-224  177-194  176-188  231-240  222-086  159-097  
23:28:13 : Group: Sean Wolfington: emmm
23:28:29 : Group: Sean Wolfington: nathing
23:30:42 : Group: Sean Wolfington: i know a location of a shipwreck
23:30:44 : Group: Sean Wolfington: but not here
23:31:14 : Group: Sean Wolfington: he has a mar 10
23:32:40 : Group: Sean Wolfington: you cant
23:32:42 : Group: Sean Wolfington: go karts
23:33:35 : Group: SoulMasterOpus: Hello
23:33:47 : Group: NickB -  salty af rn: HI
23:33:54 : Group: SoulMasterOpus: so whats the sweet spot for killing ppl?
23:33:55 : Group: Master of Disaster: oi m8
23:35:23 : Group: Sean Wolfington: troy the owner fucked up jay 
23:36:35 : Group: Sean Wolfington: they fucked bomba 
23:36:37 : Group: Sean Wolfington: sniper
23:36:38 : Group: Sean Wolfington: and jay
23:36:39 : Group: Sean Wolfington: so
23:36:42 : Group: Sean Wolfington: that says alot
23:37:05 : Group: Sean Wolfington: i know a ;location
23:37:12 : Group: Sean Wolfington: of a shipwreck
23:38:18 : Group: Sean Wolfington: can we try something
23:38:48 : Group: Sean Wolfington: m8
23:38:55 : Group: Sean Wolfington: i know a location of a boat up north
23:39:30 : Group: Sean Wolfington: thing is
23:39:35 : Group: Sean Wolfington: i am the only one that can get in
23:40:06 : Group: Sean Wolfington: no can we try something first
23:40:39 : Group: Sean Wolfington: there is a location up north this icon sometimes spawns on 
23:40:45 : Group: Sean Wolfington: and this is garrenteed boat
23:41:24 : Group: Sean Wolfington: you better not be using autohover
23:42:26 : Group: Sean Wolfington: WHY AUTOHOVER
23:42:28 : Group: Sean Wolfington: WHY
23:43:06 : Group: Sean Wolfington: take it offnow
23:43:11 : Group: Sean Wolfington: give me controls
23:43:18 : Group: Sean Wolfington: yus
23:44:46 : Direct: Tenacious red: O shit
23:44:49 : Direct: Tenacious red: its euk
23:44:55 : Group: Sean Wolfington: 13
23:44:55 : Direct: Tenacious red: I thoght you were his friend!
23:45:00 : Direct: Tenacious red: Im so damn sorry!
23:45:12 : Direct: Tenacious red: Soooo sorry!
23:45:44 : Group: Sean Wolfington: no
23:45:46 : Group: Sean Wolfington: i am landing
23:46:28 : Group: Busta Rhymes: where do i spawn
23:47:13 : Group: Sean Wolfington: xd
23:47:23 : Group: Sean Wolfington: jay
23:48:11 : Group: Sean Wolfington: 3 mroe levesls BOIIIIIS
23:50:29 : Group: Sean Wolfington: marking a location
23:51:01 : Group: Sean Wolfington: RYAN
23:51:02 : Group: Sean Wolfington: STOP
23:51:11 : Group: Sean Wolfington: or i will personally get out
23:51:13 : Group: Sean Wolfington: and kill you ;3
23:51:25 : Group: Sean Wolfington: release controls
23:51:37 : Group: Sean Wolfington: release controls
23:51:51 : Group: Sean Wolfington: RYAN
23:51:57 : Group: Sean Wolfington: GIVE ME FUCKING CONTROLS
23:52:08 : Group: Sean Wolfington: RYAN
23:52:17 : Group: Sean Wolfington: ARE YOU MENTALLY DUMB
23:52:36 : Group: Sean Wolfington: i need controls cause i want to try something
23:52:38 : Group: Sean Wolfington: 369
23:56:44 : Group: Sean Wolfington: solski i will land soon
23:56:46 : Group: Sean Wolfington: but 034-224  
23:56:52 : Group: Sean Wolfington: these cords we going to 
23:57:50 : Group: Sean Wolfington: shipwreck
23:57:56 : Group: Sean Wolfington: dont wanna come
23:57:59 : Group: Sean Wolfington: leave
23:58:04 : Group: Sean Wolfington: no
23:58:25 : Group: Sean Wolfington: emmm
23:59:44 : Group: Busta Rhymes: i vote heli crash
