00:00:08 : Direct: [APD] Chief. Stalks: thanks again sir!
00:00:11 : Direct: [APD] Chief. Stalks: take care
00:00:15 : Direct: Ole: Can i get a ride?
00:00:22 : Direct: Ole: I crashed
00:00:27 : Direct: [APD] Chief. Stalks: im off to a hostage situation, sorry sir
00:00:30 : Direct: Ole: oh
00:00:35 : Direct: [APD] Chief. Stalks: busy night for the apd!
00:00:35 : Direct: Ole: well
00:00:39 : Direct: Ole: cya]
00:00:42 : Direct: [APD] Chief. Stalks: take care!
00:02:28 : Group: [APD] Chief. Stalks: anyone dealing with the hostage?
00:06:29 : Direct: [APD] Insp. Martyr: Sir, I am just putting my firearm away
00:06:32 : Direct: [APD] Insp. Martyr: do not be alarmed
00:07:58 : Direct: Masked Robber: whats up brother
00:08:06 : Direct: jordan: HOWS THINGS
00:09:55 : Direct: [APD] Insp. Martyr: I gave it to Mint sir
00:10:02 : Direct: [APD] Insp. Martyr: No problem
00:11:52 : Group: [APD] Insp. Martyr: Ole, don't worry,. it was voluntary due to an hostage exchange
00:27:35 : Group: jordan: its getting sorted now 
00:27:58 : Group: Jack Van Lutterveld: nice
02:28:33 : Vehicle: Kalem: yo 
04:08:12 : Direct: Darren: just in chat with euka over that guy
04:08:20 : Direct: Flames: ik
07:05:57 : Group: Flames: You doing turtles?
07:06:16 : Group: Mike: yeah, need to make a quick 200-500k so I can buy that heli :P 
07:06:22 : Group: Flames: haha
07:06:25 : Group: Mike: dropped 300k last night accidentally lol
07:06:34 : Group: Flames: ahaha what a mistake
07:06:37 : Group: Mike: :d
07:07:10 : Group: Mike: 180k per load out on death, then I put 200k into gang funds and immediately remembered I needed it hah
07:07:34 : Group: Flames: ahah mistakes!
07:56:30 : Group: Flames: Got that 200k?
08:10:53 : Direct: Flames: Alright mate?
08:11:18 : Direct: Mike: Bored, watching only fools and horses on the second monitor, thought I would come here in-case anyone turned up to shoot :)
08:11:46 : Direct: Flames: Haha, alright I'm in the TS with the only other guy on
08:12:00 : Direct: Mike: ah kk 
08:12:12 : Direct: Flames: You could help me process this heroin though
08:12:16 : Direct: Mike: sure
08:12:24 : Direct: Flames: Let me give you keys
08:16:25 : Direct: Mike: All done, I'll follow in heli help sell it and send you the money, if you like? or?
08:16:32 : Direct: Flames: Yeah sure
08:16:35 : Direct: Flames: Scout it out
08:30:54 : Direct: Mike: awesome mate, ty :>
08:31:04 : Direct: Flames: No probs
08:31:14 : Direct: Mike: you planning on doing any more runs? I can get a large vehicle also ?
08:31:22 : Direct: Flames: restart in like
08:31:25 : Direct: Flames: 30 minutes
08:31:30 : Direct: Mike: 767k
08:31:32 : Direct: Flames: so cant really do anything in trucks
08:31:33 : Direct: Mike: ahh yeah
08:31:43 : Direct: Mike: I might get some breakfast now and log back on afterwards
08:31:54 : Direct: Flames: yeah same
08:32:05 : Direct: Mike: alright, back shortly mate!
08:32:10 : Direct: Flames: Bye
10:45:17 : Group: [APD] PC. Nick Nolif: we tried to test
10:45:23 : Group: [APD] PC. Nick Nolif: if the p07 with the military gear is still a taser
10:45:25 : Group: [APD] PC. Nick Nolif: seems it is not
10:45:31 : Group: [APD] PC. Nick Nolif: rip jano
10:56:41 : Group: [APD] PC. Nick Nolif: 3 tempests at drugdealer
11:04:58 : Group: [APD] PC. Nick Nolif: Rob can i have a jet? <3
12:04:15 : Direct: Masked Robber: i like your picture
12:23:38 : Direct: Masked Robber: ello
12:24:55 : Direct: Masked Robber: who goes there
12:25:51 : Direct: Masked Robber: hello
12:26:02 : Direct: Masked Robber: why you no type back
12:28:04 : Direct: Masked Robber: who are ya?
12:28:36 : Direct: Masked Robber: meinck?
12:31:21 : Group: [APD] Chief. Stalks: woo another cop
12:31:36 : Group: [APD] Chief. Stalks: careful spikes at main gate, aff was around in ifrtis
12:31:59 : Group: [APD] Insp. Martyr: bloody hell, cheers, will grab rep kits and clear them
12:32:36 : Group: [APD] Chief. Stalks: all cleared
12:32:46 : Group: [APD] Chief. Stalks: just eating then i'll play
12:33:09 : Group: [APD] Insp. Martyr: np, am off in a hour or so to do shopping then will be back on prperly
12:34:28 : Group: [APD] Chief. Stalks: servers taken a fair hit this weekend :/
12:34:53 : Group: [APD] Insp. Martyr: what you mean?
12:36:24 : Group: [APD] Chief. Stalks: barely hit 20 players
12:36:33 : Group: [APD] Chief. Stalks: hardly any cops bothered to login either
12:36:53 : Group: [APD] Insp. Martyr: yeah, rob and lev said, loads of new players though
12:38:32 : Group: [APD] Chief. Stalks: thought the weekends would be when the server hit its peak
12:40:55 : Group: [APD] Insp. Martyr: the ifrit is here
12:41:01 : Group: [APD] Insp. Martyr: but got to go shopping lol
12:41:14 : Group: [APD] Chief. Stalks: only 15mins for restart
12:41:17 : Group: [APD] Chief. Stalks: there was 3 earlier
12:41:21 : Group: [APD] Chief. Stalks: i had no chance :p
12:41:49 : Group: [APD] Insp. Martyr: there we go, didn't want to just ignore them and drive back to kavala
12:42:23 : Group: [APD] Insp. Martyr: be back in around 40 mins pal
12:42:29 : Group: [APD] Chief. Stalks: alright cya then
12:42:32 : Group: [APD] Insp. Martyr: we can sort these hoodlums out then :P
14:36:45 : Group: John Rookie: How much does a weed license cost?
14:36:53 : Group: Alex(Wolf) [AFF]: 1 billion dollar
14:37:09 : Group: Konan: 19500
14:37:17 : Group: John Rookie: Love you
14:55:13 : Group: Alex(Wolf) [AFF]: john rookie steal that heli c:
14:55:30 : Group: John Rookie: ima look for the officer first probs ;:P
14:55:43 : Group: John Rookie: Shots fired near coke processing
14:56:00 : Group: Alex(Wolf) [AFF]: Nice
14:56:17 : Group: John Rookie: Orca at me
15:12:10 : Direct: [APD] Insp. Martyr: Land
15:12:20 : Direct: [APD] Insp. Martyr: Land or be disabled
15:16:10 : Group: [APD] Insp. Martyr: bloody spam protection on ts
15:16:29 : Group: [APD] Chief. Stalks: want dropping at heli?
15:16:38 : Group: [APD] Insp. Martyr: yah please
15:16:45 : Group: [APD] Chief. Stalks: where is it?
15:16:52 : Group: [APD] Insp. Martyr: 600 AHEAD
15:17:01 : Group: [APD] Insp. Martyr: STUCK ON CAPS UNTIL SPAM PROTECTION OVER SORRY
15:23:11 : Group: Tango: JOHN IS DRUG DEALER CLEAR?
15:23:30 : Group: John Rookie: ima look
15:23:36 : Group: Tango: k cheers babe
15:23:43 : Group: John Rookie: i see a heli flying near drug dealer...like above zaros
15:23:48 : Group: John Rookie: Turtle
15:23:58 : Group: Tango: yeah isee it too
15:23:58 : Group: John Rookie: its the police at drug
15:24:13 : Group: Tango: ok cheers
15:28:27 : Group: John Rookie: KONAN
15:28:30 : Group: John Rookie: COMING
15:28:36 : Group: John Rookie: konan im coming
15:31:53 : Group: John Rookie: car just flew above me, good thing i was proned xP
15:34:58 : Group: John Rookie: bro, 2 offroads near drug dealer, look at me
15:35:01 : Group: John Rookie: map
15:35:35 : Group: John Rookie: they are driving
15:37:26 : Group: John Rookie: heli coming drug dealer
15:37:42 : Group: John Rookie: iz  APD
15:39:28 : Group: Josephrules: BRUH CAN U HEAR ME?
15:39:41 : Group: anselm: yes
15:39:51 : Group: Josephrules: SUH DUDE?
15:40:47 : Group: John Rookie: need a lil help
15:45:23 : Group: John Rookie: car at the dots
15:45:34 : Group: John Rookie: am i allowed to kill if he got a gun_
15:46:47 : Direct: [APD] Insp. Martyr: Goodbye sir
15:47:07 : Direct: Diego Lopez: YES
15:50:57 : Direct: The Notorious B.I.G: kavala 
15:51:16 : Direct: The Notorious B.I.G: rex
15:52:01 : Direct: The Notorious B.I.G: no officer
15:52:07 : Direct: The Notorious B.I.G: why?
15:52:15 : Direct: The Notorious B.I.G: i am not
15:52:23 : Direct: The Notorious B.I.G: that is a lie and a accusation
15:54:58 : Group: Corey Spencer: teamspeak?
15:58:02 : Group: Paddy.D: where you at??
15:59:27 : Direct: [APD] PC. Nick Nolif: shift v
16:11:59 : Direct: The Notorious B.I.G: my eyes officer fuck
16:12:05 : Direct: The Notorious B.I.G: you tazed my balls
16:12:38 : Direct: The Notorious B.I.G: officer am i under arrest
16:12:51 : Direct: The Notorious B.I.G: why?
16:12:59 : Direct: The Notorious B.I.G: i didnt have that officer
16:13:07 : Direct: The Notorious B.I.G: what are you talking about
16:13:17 : Direct: The Notorious B.I.G: i did not have that weapon on me
16:13:26 : Direct: The Notorious B.I.G: was it on me no
16:13:32 : Direct: The Notorious B.I.G: you have no proof
16:13:39 : Direct: The Notorious B.I.G: FUCK YOU PIG
16:13:56 : Vehicle: The Notorious B.I.G: kill them bitches
16:15:30 : Direct: The Notorious B.I.G: asp 1 khalifa scope and bipod il give you money
16:16:03 : Direct: The Notorious B.I.G: asp 1 khalifa scope and bipoid i  gave mange money
16:16:32 : Direct: The Notorious B.I.G: nope
16:31:46 : Direct: Paddy.C: SORRY BUD IM OUT
16:33:07 : Direct: Nathan : WHAT
16:33:14 : Direct: Rex: the zombies are coming!
16:33:24 : Direct: Magne: HOP IN OR THEY'LL GET TO YOU
16:33:28 : Direct: Nathan : dont care fuck em up
16:43:36 : Direct: Paddy.C: type it
16:43:45 : Direct: Paddy.C: i cant hear
16:43:48 : Direct: Paddy.C: TYPE IT
16:43:50 : Direct: Magne: help
16:43:53 : Direct: Magne: heeeelp
16:43:56 : Direct: [APD] Cadet.  Jano: leave now
16:44:05 : Direct: Paddy.C: why didnt you say?
16:52:03 : Direct: Rex: CAN YOU TELL THE FUCKING RETARDET HELIS TO FLY AWAY? CANT HEAR SHIT...
16:52:31 : Direct: DonGino: i didnt do anything
16:52:37 : Direct: DonGino: was not me shooting
16:52:42 : Direct: DonGino: doesnt even have a gun
16:55:39 : Direct: DonGino: JANU U WILL GET SHOT
16:55:59 : Direct: [APD] Cadet.  Jano: WUT
16:56:03 : Direct: DonGino: behind u
16:56:08 : Direct: DonGino: hill
17:08:10 : Direct: Nathan : thank you dude
17:30:52 : Direct: Flames: /vote ban tango
17:45:30 : Vehicle: John Smack-Ya-Da: get out the vehcile
17:59:04 : Direct: Corey Spencer: sorry
17:59:18 : Direct: Corey Spencer: come closer cant hear you
18:00:08 : Direct: Corey Spencer: how am i blocking it all the way over here
18:32:23 : Direct: [BBK] Stormzy: chat shit get banged 
18:41:55 : Vehicle: VibZ: cyka
18:41:56 : Vehicle: VibZ: bylat
18:41:58 : Vehicle: VibZ: idi
18:42:02 : Vehicle: VibZ: peter vodka
18:42:07 : Vehicle: VibZ: da da
18:42:12 : Vehicle: VibZ: neit
18:42:13 : Vehicle: VibZ: hola
19:05:30 : Group: Ahmed: Kalem grab me a weapon pls and ill give you 50k
19:12:17 : Group: Pixie: helo
19:12:24 : Group: Pixie: helo
19:12:28 : Group: Pixie: helo
19:12:33 : Vehicle: Pixie: hey guisy
19:12:40 : Direct: Pixie: idk
19:18:06 : Direct: ScottC: dont believe you
19:20:03 : Group: DonGino: /
19:22:24 : Direct: [APD] SPC. Nick Nolif: I'm gonna have to confisticate it
19:26:24 : Vehicle: [APD] PC. Nick: wanne switch channel?
19:27:33 : Direct: Paddy.C: now
19:27:36 : Direct: Paddy.C: im not asking again
19:30:18 : Vehicle: Alex(Wolf) [AFF]: Go air garage
19:30:21 : Vehicle: Alex(Wolf) [AFF]: So we get heli
19:31:20 : Group: Adam: /voteday
19:38:38 : Group: [APD]Chf Insp. Eukanubae: Remove placeables at fed.
19:38:45 : Vehicle: oCarlos: airfield bitch
19:42:16 : Group: oCarlos: i paid 100k to base maintenace, today
19:43:38 : Group: [APD] Supt. MrDunis: Just spawned a heli at kavala from pygros
19:43:47 : Group: [APD] Supt. MrDunis: feel free to impound
19:44:04 : Group: [APD] Insp. Martyr: we can't impound police vehicles anymore
19:44:15 : Group: [APD] Supt. MrDunis: oh
19:49:06 : Group: [APD] SPC. Nick Nolif: RICHO
19:49:15 : Group: [APD] SPC. Nick Nolif: Do you have an ammo truck
19:49:59 : Group: [APD] Supt. MrDunis: Richo ride please
19:51:06 : Vehicle: [APD] Supt. MrDunis: he is brb
19:51:37 : Vehicle: [APD] Supt. MrDunis: gonna take a break
19:52:00 : Vehicle: [APD] Supt. MrDunis: drop at HQ please
19:56:11 : Direct: DonGino: fck u was faster lol
19:56:27 : Direct: DonGino: DIDNT HEAR U M8
19:57:41 : Group: Kalem: come get me
20:28:25 : Group: [APD] Insp. Martyr: k
20:28:29 : Group: [APD] Insp. Martyr: Karol
20:28:39 : Group: [APD] Insp. Martyr: This hunter is going in water :P
20:38:59 : Direct: Max Flens: yes>
20:39:09 : Direct: Max Flens: i was confingue my video setitngs
20:39:10 : Direct: Max Flens: sorry
20:48:26 : Direct: Kalem: STOP OR BE FIRED UPON
20:49:55 : Direct: Kalem: STOP OR BE FIRED UPON
20:50:34 : Direct: Kalem: STOP OR BE FIRED UPON
20:58:27 : Vehicle: [NHS]Paddy.D: yeah 
20:58:33 : Vehicle: [NHS]Paddy.D: hatchback
20:59:29 : Direct: [NHS]Paddy.D: sync data ladsW
21:02:55 : Direct: [APD]Chf Insp. Eukanubae: BLAZE IT
21:11:38 : Group: Pixie: the gun store
21:14:54 : Group: [APD] Chief. Hamilton: you can are permitted to attend the event, and shoot AFF on sight. Work with other rebels to take them down
21:15:16 : Group: [APD]Chf Insp. Eukanubae: Roger
21:19:57 : Direct: [NHS] chips: 3
21:20:15 : Direct: [Hired]MrK: WHERE IS MY MILL
21:22:15 : Direct: Alex(Wolf) [AFF]: oUT THE MORTAR
21:22:21 : Direct: [NHS] chips: noice
21:22:24 : Direct: [Hired]MrK: calm dow n :P
21:22:25 : Direct: Alex(Wolf) [AFF]: STOP foking whit it
21:22:28 : Direct: Alex(Wolf) [AFF]: Its a limited ammount
21:22:30 : Direct: [NHS] chips: bbibi
21:22:32 : Direct: [Hired]MrK: Im not gonna shot
21:22:37 : Direct: [Hired]MrK: I wanted to know how to aim
21:28:11 : Direct: Masked Robber: do you just want the keys?
21:28:26 : Direct: Paddy.D: press W
21:29:48 : Direct: [APD] Chief. Hamilton: ....
21:33:30 : Direct: Mike: MEDIC, come up the middle tower, I need a heal
21:38:18 : Direct: [NHS] chips: hahaha
21:45:20 : Direct: Alex(Wolf) [AFF]: thx :D
21:46:01 : Direct: Andrew Appleton: who was pinned down?
21:46:17 : Direct: Martyr: tyty
21:53:02 : Group: Kalem: no one is experienced here sorry 
22:01:36 : Group: david: /
22:02:01 : Group: david: /.
22:02:43 : Direct: david: e
22:06:01 : Group: david: ..
22:06:52 : Vehicle: [APD] Chief. Stalks: how you been pal
22:07:03 : Vehicle: [APD] Chief. Stalks: even k has been online more than you!
22:16:33 : Group: Adam: /voteday
22:29:43 : Vehicle: Paddy.D: stay away until this is sorted out
22:29:53 : Vehicle: Paddy.C: ?
22:29:56 : Vehicle: Paddy.C: me?
22:30:14 : Vehicle: Paddy.N: i will
22:31:19 : Vehicle: Paddy.D: until this shit is sorted
22:31:54 : Direct: Lukas Finzel: SIR
22:34:37 : Direct: [NHS] chips: xoxo
22:35:05 : Vehicle: Paddy.N: guys whats happening im low on fuel
22:35:42 : Direct: david: /
22:40:17 : Group: Paddy.D: i died :P
22:40:24 : Group: Paddy.N: HAHAHAAH
22:41:22 : Group: Paddy.N: saying you landed on the roof is silly
22:42:11 : Direct: Pickle: :d
22:42:14 : Direct: Pickle: Hello
22:44:51 : Direct: Richard Baelisch: i HATE NIGGERS
22:48:51 : Direct: Pickle: GG
22:50:01 : Group: Paddy.C: YEH
22:50:09 : Group: Paddy.C: They said they were gonna tp you out
22:50:29 : Group: Paddy.G: They killed my yeah
22:51:04 : Group: Paddy.G: morris did'nt tel me
22:51:43 : Group: Paddy.C: ask levia for a typ
22:51:51 : Group: Paddy.C: CAN YOU TP PADDY.g
22:52:56 : Direct: Paddy.G: oh hello
22:53:22 : Direct: david: /
22:54:38 : Direct: Pickle: Help[
22:54:40 : Direct: Pickle: Ps
22:54:49 : Direct: Pickle: NOOOOOOOOO
22:54:50 : Direct: Pickle: PLS
22:54:56 : Direct: Pickle: WTF
22:55:57 : Group: Paddy.C: WE COULD just leave and keep the gear
22:56:08 : Group: Paddy.C: there gone
22:59:15 : Group: [APD]Chf Insp. Eukanubae: 500k_
22:59:18 : Group: [APD]Chf Insp. Eukanubae: thats it_
23:01:14 : Group: Syrian Refugee: put in garage and respaw
23:01:49 : Direct: david: ..
23:02:07 : Direct: Masked Robber: can you tp black bob
23:04:36 : Group: Paddy.C: no fuckning deny it
23:07:09 : Direct: [NHS] chips: ?
23:07:25 : Group: [APD] Chief. Stalks: euk figgis
23:07:33 : Group: [APD] Chief. Stalks: im wiring some money to you guys for your losses
23:07:34 : Direct: [APD] SPC. Cyril Figgis: .
23:07:46 : Group: [APD] SPC. Cyril Figgis: Taking shots at the fed
23:07:53 : Group: [APD] SPC. Cyril Figgis: I already got 500k
23:07:58 : Group: [APD]Chf Insp. Eukanubae: Its kalem..
23:08:03 : Group: [APD]Chf Insp. Eukanubae: I send him a msg to fuck off.
23:09:04 : Direct: General Beast: If you shoot anymore you will get shot yourselves
23:11:57 : Direct: Ronan: ill join 
23:15:11 : Direct: Major Mint: shoot me mike so i spawn in with aaf clothes
23:15:18 : Direct: Major Mint: AFF*
23:15:42 : Direct: Major Mint: cheers
23:16:23 : Direct: ImproGoodluck: /voteday
23:17:44 : Group: TONY CURTIS: got rdm in athira :(
23:24:03 : Direct: Kalem: land or be fired upon
23:29:01 : Direct: Masked Robber: alrigth boys
23:29:42 : Direct: Lukas Finzel: how u doin
23:30:05 : Direct: Lukas Finzel: u hear me?
23:30:09 : Direct: Torrance: i'm waiting for the repair truck
23:30:27 : Direct: Torrance: no idea sorry
23:30:31 : Direct: Torrance: apm?
23:30:32 : Direct: Lukas Finzel: hmm not marked on map either
23:30:34 : Direct: Lukas Finzel: ATM
23:30:40 : Direct: Torrance: atm?
23:30:44 : Direct: Lukas Finzel: ye
23:30:47 : Direct: Lukas Finzel: cant seem to find them 
23:30:51 : Direct: Torrance: there's one at the airport
23:30:59 : Direct: Lukas Finzel: Hmm
23:31:01 : Direct: Lukas Finzel: Thanks
23:31:02 : Direct: Lukas Finzel: Cya
23:31:11 : Direct: Torrance: east of here
23:31:19 : Direct: Torrance: only the one airside works
23:42:34 : Group: Paddy.G: WILL SHOOT DOWN HELI
23:42:35 : Group: Paddy.C: join backk 
23:42:36 : Group: Paddy.C: we 
23:43:03 : Group: Richard Baelisch: :
23:43:03 : Group: Paddy.C:  
23:47:42 : Direct: Torrance: i was involved in a  hit and run
23:47:55 : Direct: Torrance: a black panel  van
23:48:59 : Direct: Torrance: sure
23:49:25 : Direct: Torrance: wrong button
23:49:53 : Direct: Braden Welsh: Windows key
23:49:57 : Direct: Torrance: lol
23:50:24 : Direct: Torrance: is your car driveable?
23:53:19 : Vehicle: [APD]Chf Insp. Eukanubae: L
23:53:26 : Direct: Torrance: going to be slow!!
23:53:46 : Direct: Torrance: my mic doesn't work
23:54:05 : Direct: Torrance: i'm not a mute
23:54:30 : Direct: Torrance: okay great
23:54:42 : Direct: Torrance: how do i get my car from impound?
23:55:03 : Direct: Torrance: okay
23:55:54 : Direct: Torrance: my first time on this server
23:56:06 : Direct: Torrance: first time playing RPG too
23:57:38 : Direct: Torrance: When I leave a vehicle my gun always unholsters
23:59:50 : Direct: Torrance: sure
