00:07:37 : Direct: Callumsweetlove: /LOL
00:29:40 : Direct: Chicken Strips: want to move your hellcat from spawn point?
00:36:37 : Direct: Antony-J: Robbing inside the safezone is a bannable offence
00:36:50 : Direct: Antony-J: Give the money back now or i will have to take action as an admin
00:37:22 : Direct: Antony-J: I just got told that you guys were inside the safezone
00:48:46 : Direct: John: pls no
00:51:35 : Direct: Flames: oi
00:51:38 : Direct: Flames: wanna stop?
00:56:59 : Direct: Flames: help us joey
00:59:48 : Direct: Flames: help me joey!
01:08:39 : Vehicle: Flames: keep that between me n u k
01:08:46 : Vehicle: Antony-J: yhyh
01:18:18 : Direct: Flames: sig
01:18:22 : Direct: Flames: why u no save me
01:26:15 : Direct: Flames: i cant get in
01:26:16 : Direct: Flames: wtfd
01:26:47 : Direct: Flames: nope im bugged
01:26:52 : Direct: Flames: gonna abort to kavala
01:27:09 : Direct: Flames: cant get in : - (
01:27:19 : Direct: Flames: k
01:28:47 : Direct: Flames: Yay
01:30:58 : Vehicle: Flames: you on ts?
01:31:11 : Vehicle: Flames: we all in on channel
01:31:15 : Vehicle: Flames: just chillin
02:00:27 : Direct: Flames: HELP
02:00:30 : Direct: Flames: I BEEN ARRESTED
05:15:32 : Direct: Santiago: uhh
05:15:34 : Direct: Santiago: U ther
14:26:12 : Group: [APD] Chief. Hamilton: did that guy just combat log?
14:44:42 : Vehicle: [APD] PC. Spammking: can these fuckers leave
14:45:29 : Vehicle: [APD] PC. Spammking: got to go to talk to my tutor
14:45:41 : Vehicle: [APD] PCSO. Morrisino: okay 
16:18:02 : Direct: Major Mint: what a mong
16:18:06 : Group: VibZ: could be meta-gaming
16:49:05 : Direct: Gard: Alux69
17:06:12 : Group: Jamie: Alux
17:06:19 : Group: Jamie: Transfere meg 20k a
17:18:52 : Group: [APD] Insp. Martyr: Armed people Kavala
17:29:02 : Group: Flames: rip
17:29:17 : Direct: General Beast: what
17:29:24 : Direct: [APD] SGT. Nick Nolif: get off the vehicle please
17:29:26 : Direct: General Beast: can't hear you
17:30:31 : Direct: Flames: thanks medic
17:30:47 : Direct: Flames: thanks honey
17:31:25 : Direct: Fekky Wap: get in
17:31:27 : Direct: Fekky Wap: now
17:31:34 : Direct: [APD] Insp. Martyr: stop
17:32:21 : Direct: [NHS] Robert Liston: Remove placeables.
17:32:29 : Direct: [NHS] Robert Liston: o
17:32:35 : Direct: [NHS] Robert Liston: gotta wait for it to respawn
17:34:12 : Direct: Tinder: oi
17:34:56 : Direct: Tinder: has the server been updated?
17:35:10 : Direct: Tinder: your lagging sorry
17:38:20 : Group: [APD] SGT. Nick Nolif: pammking we're dealing with some armed vehicles atm
17:48:49 : Group: [APD] Supt. MrDunis: Nifo responding to that message
17:48:57 : Group: [APD] SGT. Nick Nolif: ^
17:52:51 : Group: [APD] Chief. Hamilton: ..
17:53:00 : Direct: Konan: what?
17:55:17 : Direct: Konan: you got money?
17:55:24 : Direct: Konan: who is that offroad
17:55:28 : Direct: Konan: blocking spawn point
17:58:30 : Group: [APD] Insp. Tex: Yes it is<
18:00:06 : Direct: ChiChi: SHIFT R
18:02:33 : Group: [APD] Insp. Tex: strider leaving avala
18:03:32 : Group: [APD] Chief. Hamilton: blow that shit up
18:03:36 : Group: [APD] Chief. Hamilton: hes a nightmare
18:15:19 : Group: [APD] Supt. MrDunis: Leave it
18:15:22 : Group: [APD] Supt. MrDunis: they are looking to troll
18:15:39 : Group: [APD] Supt. MrDunis: Leave it and they will stop and for once they might go do something usefull
18:15:52 : Group: [APD] Supt. MrDunis: AFF have been doing it all day so lets not give them waht they want (A fire fight)
18:16:00 : Group: [APD] Supt. MrDunis: Relogg To Athira or something and find some friendly civilians
18:32:42 : Group: [APD] Chief. Stalks: brb
18:41:04 : Group: TimThada: bro
18:44:29 : Direct: [NHS] Robert Liston: BRB!
18:49:47 : Direct: [NHS] Robert Liston: get in my heli bro
18:50:18 : Direct: [NHS] Robert Liston: sec
18:50:39 : Vehicle: [NHS] Robert Liston: cant find gang weed
18:52:15 : Direct: [APD] Chief. Stalks: cant hear you 
18:52:19 : Direct: [APD] SGT. Nick Nolif: can you move me
18:52:23 : Direct: [APD] SGT. Nick Nolif: i can't join police channels anymore
18:56:16 : Direct: [NHS] Robert Liston: GET IN
19:03:01 : Direct: VibZ: hi <3
19:03:11 : Direct: TimThada: hI :d
19:03:27 : Direct: VibZ: wanna do it u put your shit in the car i kill give u 250k?
19:03:50 : Direct: TimThada: Idk, the safest way for me is, my friend in my car (My cousin)
19:03:56 : Direct: TimThada: I think he will kill me,
19:03:58 : Direct: TimThada: needs to*
19:04:00 : Direct: VibZ: sure#
19:04:02 : Direct: TimThada: is the safest way for me.
19:04:06 : Direct: TimThada: Yeh, i am sure.
19:04:08 : Direct: VibZ: ok idm
19:04:15 : Direct: VibZ: bring em
19:04:17 : Direct: TimThada: Have a great btw,
19:04:27 : Direct: TimThada: Btw: without you i didn't even know i had a bounty.
19:04:34 : Direct: VibZ: bcareful
19:04:37 : Direct: TimThada: My cousin is next to me.
19:04:40 : Direct: TimThada: But he is afk now.
19:04:45 : Direct: TimThada: I will be. :)
19:09:04 : Direct: NickB: WANT A LIFT
19:09:06 : Direct: NickB: TO HELI
19:09:09 : Direct: [NHS] Robert Liston: Ye
19:22:29 : Direct: TimThada: Like 250k for me, and 250k for you?
19:23:36 : Direct: TimThada: ViBz
19:23:39 : Direct: TimThada: if you kill me
19:32:44 : Group: [APD] Chief. Stalks: going for food, kick me if you need to!
19:41:15 : Group: White Bob: SHUT UP
19:41:21 : Group: White Bob: im talking to a admin
19:51:52 : Direct: [NHS] Robert Liston: Out of repair kits m8..
19:55:34 : Direct: [NHS] Robert Liston: stfu car
19:55:39 : Direct: Emil: ahaha
20:01:54 : Group: [APD] Chief. Stalks: tempest at heroin field
20:11:25 : Group: [APD] PCSO. Morrisino: yes
20:12:29 : Direct: Jamie: U have proof?
20:22:38 : Direct: Jimmy: Pay back white bob u tazert me friend timthada so i killt u so and got u money
20:26:55 : Group: [APD] Chief. Stalks: dunis we need to get out of here :p
20:32:24 : Direct: White Bob: AY
20:32:29 : Direct: White Bob: LET ME GO FUCK FACE
20:32:39 : Direct: White Bob: YOU DONT HAVE A REASON FOR ARREST
20:32:59 : Direct: White Bob: i didnt do anything release me
20:33:08 : Direct: White Bob: release me
20:36:16 : Vehicle: White Bob: *pushes officer out of car and drives*
20:36:44 : Direct: White Bob: OFFICER
20:36:55 : Direct: White Bob: he attempted to kull you
20:37:09 : Vehicle: White Bob: anwser me
20:37:31 : Vehicle: White Bob: *pushes officer out of car*
20:40:41 : Direct: Black Bob: can't hear you ingame
20:40:46 : Direct: [APD] PCSO.Potato: better?
20:40:50 : Direct: Black Bob: Nope..
20:41:13 : Direct: [APD] PCSO.Potato: fuck know whats wrong
20:52:15 : Direct: [APD] PC. Spammking: thank you
20:59:57 : Direct: Tango: lol where are we going? xD
21:30:44 : Direct: NickB: I HAD A SMALL DRIVING INCIDENT
21:30:50 : Direct: NickB: ITS FINE DONT WORRY
21:39:41 : Group: William: GOGGO
21:47:25 : Group: [APD] Supt. MrDunis: Responding to text message
21:48:02 : Group: [APD] Mst Sgt. Pancakes: Responded 
21:48:09 : Group: [APD] Mst Sgt. Pancakes: Coke hide out clear
21:48:13 : Direct: Major Mint: cheers
21:48:25 : Group: [APD] PCSO. Morrisino: it was weed
21:48:44 : Group: [APD] PCSO. Morrisino: that gang is doing weed just a heads up
21:49:50 : Group: [APD] Insp. Martyr: we are 
21:51:58 : Group: [APD] Chief. Hamilton: HELIS LANDING AT FIREARMS DEALER BACKUP
21:54:53 : Vehicle: Major Mint: run the fuckers over and drive outta base
21:56:38 : Group: Chicken Lips: its a war zone
22:00:55 : Group: [APD] PC. Spammking: strider in kav just driving around HQ drove into the road
22:03:47 : Direct: [APD] PCSO. Morrisino: loook at the turtle
22:04:53 : Direct: [NHS] Robert Liston: pst
22:05:01 : Direct: [NHS] Robert Liston: THERES A COP IN THE BARRELS
22:05:04 : Direct: [NHS] Robert Liston: HE IS AFK ATM..
22:05:12 : Direct: [NHS] Robert Liston: tOOK HIS GUN
22:11:13 : Direct: NickB: dont nab my gun pls
22:11:22 : Direct: NickB: ty bby girl
22:11:29 : Direct: NickB: repair? ,3
22:12:30 : Direct: Antony-J: Dont ask
22:22:13 : Direct: [NHS] Robert Liston: AFF GUY HERE
22:22:16 : Direct: [NHS] Robert Liston: WANT ME TO RESS_
22:22:17 : Direct: [NHS] Robert Liston: ?
22:22:20 : Direct: [APD] Chief. Hamilton: wait
22:22:28 : Direct: Major Mint: why did you pick up my wep
22:26:35 : Group: Flames: cheeky nak
22:28:14 : Group: Flames: NAK
22:28:16 : Group: Flames: IM CUMING
22:28:23 : Group: Flames: NAH MATE U FUKED
22:31:58 : Vehicle: ChiChi: Mic :/
22:32:04 : Direct: Fekky Wap: FIX
22:34:41 : Direct: Ahmed: strip
22:34:47 : Direct: Ahmed: idc strip
22:34:50 : Direct: Ahmed: now
22:34:53 : Direct: Ahmed: 5
22:34:54 : Direct: Ahmed: 4
22:36:27 : Direct: Ahmed: gtfo now
22:36:28 : Direct: El Chapo: get out oir die
22:36:31 : Direct: Ahmed: get out
22:41:47 : Direct: William: whats going on?
22:42:00 : Direct: William: åja
22:42:07 : Direct: William: dere og comps ass
22:44:39 : Direct: William: skal dere være med på marujuana?
22:46:36 : Group: William: GJØR MARUJUANA
22:47:19 : Direct: [APD] Insp. Martyr: stay landed
22:47:32 : Direct: [APD] Insp. Martyr: LAND
22:47:35 : Direct: [APD] Insp. Martyr: or be disabled
22:49:18 : Direct: White Bob: sup fuck face
22:50:36 : Group: [APD] Chief. Stalks: spikes at cop base, if you spawn be aware
22:53:34 : Group: Major Mint: cough cough
22:55:16 : Group: [APD] PCSO. Morrisino: wow
23:12:38 : Direct: NickB: bro you broke 3 - 1 combat rule
23:12:49 : Direct: NickB: if its 3-1 you gotta surrender
23:30:30 : Direct: [NHS] Robert Liston: Ben
23:34:35 : Direct: [NHS] Robert Liston: WINDOWS KEY t
23:59:59 : Direct: TimThada: I have a question?
