00:03:23 : Direct: White Bob: heal me medic
00:16:54 : Direct: Behemoth Alpha 5: Send it in text lol
00:16:58 : Direct: Behemoth Alpha 5: I'm deaf as fuck right now
00:17:15 : Direct: [APD] PC. Morrisino: YEAH FORGOT SORRY THEY ADDED THAT IN ONLY YOU CAN HEAR IT SILLY RIGHT
00:17:20 : Direct: Behemoth Alpha 5: LOL WAT
00:17:22 : Direct: Behemoth Alpha 5: Yeah that's silly
00:17:28 : Direct: Behemoth Alpha 5: Let's go find more shit to lockpick.
00:17:32 : Direct: Behemoth Alpha 5: I have a warrant now yeah?
00:25:14 : Vehicle: [ARM Cpt] Flames: spray over them?
00:25:22 : Vehicle: [ARM Cpt] Flames: im on left seat
00:36:18 : Group: [ARM Cpt] Flames: queue for paintball if you arent geared
03:38:55 : Group: [ARM Pvt] Willem: Like that price on firearm parts :^)
11:10:13 : Direct: Anjo Diabolico: truck is full
11:10:18 : Direct: White Bob: how much coke?
11:10:40 : Direct: Anjo Diabolico: 233 in truck 15 on me
11:10:46 : Direct: White Bob: fuck thats alot
11:10:54 : Direct: White Bob: you can go ahead i will catch up
11:11:11 : Direct: Anjo Diabolico: gonna process. now then dealer and send you the money
11:11:22 : Direct: White Bob: ty bbygurl
11:12:04 : Direct: Anjo Diabolico: what is better gang process or normal ?
11:12:24 : Direct: White Bob: normal if you have license cause gang alerts everyone your doing drugs
11:12:34 : Direct: Anjo Diabolico: oh ok
11:27:44 : Direct: White Bob: want me to help process/
11:27:52 : Direct: White Bob: ok  1 sec
11:29:03 : Direct: Anjo Diabolico: how much this gonna give you _
11:29:11 : Direct: Anjo Diabolico: ?
11:29:19 : Direct: White Bob: bout 2 mil
11:29:24 : Direct: Anjo Diabolico: nice
11:29:32 : Direct: White Bob: if you ever need backup just call the bob squad
11:29:45 : Direct: Anjo Diabolico: ok, thx
11:29:59 : Direct: Anjo Diabolico: 2 mil, heli and truck or only truck ?
11:30:14 : Direct: White Bob: truck gets like 1.5 mil per run rigth?
11:30:33 : Direct: Anjo Diabolico: first time in coke !!
12:03:08 : Direct: White Bob: wazap
12:03:29 : Direct: White Bob: thanks man
12:03:33 : Direct: Anjo Diabolico: np
12:03:38 : Direct: Anjo Diabolico: cya
12:03:39 : Direct: White Bob: give the bob squad a shout if your ever in trouble
12:03:59 : Direct: Anjo Diabolico: do you know where chickesns base is ?
12:04:16 : Direct: Anjo Diabolico: chickens*
12:04:50 : Direct: White Bob: put a marker on the map
12:05:06 : Direct: White Bob: its sw of here up on the hill i think
12:05:15 : Direct: White Bob: i gotta go put this in the bank man cya
12:05:17 : Direct: Anjo Diabolico: nor far from here
12:05:22 : Direct: Anjo Diabolico: not*
12:05:29 : Direct: Anjo Diabolico: thx
16:13:36 : Direct: VEDU: how do u lower ur weapon
16:13:47 : Direct: Ahmed: ctrl x2
16:14:00 : Direct: VEDU: thanks
16:14:02 : Direct: Ahmed: np
16:29:39 : Direct: White Bob: ello
16:29:45 : Direct: jorma_000: hi
16:29:49 : Direct: White Bob: whats up?
16:29:56 : Direct: jorma_000: good, you?
16:29:59 : Direct: White Bob: good
16:30:07 : Direct: jorma_000: join us
16:30:09 : Direct: jorma_000: gonna rob
16:30:10 : Direct: White Bob: ?
16:30:12 : Direct: jorma_000: follow
16:31:25 : Direct: White Bob: will i go in the back?
16:35:54 : Direct: VEDU: .
16:48:18 : Direct: stevo: you rammed into me 
16:48:24 : Direct: stevo: learn to drive man
16:49:31 : Direct: stevo: watch my fuckin car you ponce
16:53:35 : Direct: stevo: THAT SHITTY TRUCK PARKIN THOUGH!
17:31:47 : Group: [APD] Supt. Martyr: Paintballing
17:31:48 : Group: [APD] Supt. Martyr: gogo
17:36:48 : Group: Sean Wolfington: not you]
17:37:56 : Group: Sean Wolfington: what ?
17:38:05 : Group: Sean Wolfington: diver shop
17:43:04 : Group: Sean Wolfington: diver shop
17:43:21 : Direct: Zeuz: testing treasure now
17:43:23 : Direct: Zeuz: dnd
17:48:16 : Group: Sean Wolfington: for 1
17:48:23 : Group: Sean Wolfington: yes
17:48:26 : Group: Sean Wolfington: alot
17:48:37 : Group: Sean Wolfington: need svds tho
17:48:47 : Group: Sean Wolfington: well to find it easier yes
17:48:57 : Group: Sean Wolfington: ik exactly
17:49:04 : Group: Sean Wolfington: we have a fucking helo above
17:50:27 : Group: Sean Wolfington: ...
17:50:28 : Group: Sean Wolfington: ik 
17:50:33 : Group: Sean Wolfington: cause of cops you retarded child
17:50:47 : Group: Tupac: should we spawn north rebel
17:55:58 : Group: [APD]Sgt. Nick Nolif: join paintball :D
17:55:58 : Group: Sean Wolfington: jesse turn around
17:56:35 : Group: Sean Wolfington: ye thing is
17:56:37 : Group: Sean Wolfington: you cant take off
17:56:44 : Group: Sean Wolfington: can you
17:56:51 : Group: Sean Wolfington: hato
17:57:05 : Group: Sean Wolfington: ok 
17:57:10 : Group: Sean Wolfington: gandhi do it
17:57:32 : Group: Sean Wolfington: JESSE I HAVE A PRESENT
17:57:59 : Group: Sean Wolfington: jesse comme
17:58:24 : Group: Sean Wolfington: svd
18:01:53 : Group: Sean Wolfington: nup
18:02:37 : Group: Sean Wolfington: thats the shit shot kid m87
18:03:53 : Group: Sean Wolfington: FUCKING LOVE
18:04:02 : Group: Sean Wolfington: npo gandhi
18:09:13 : Group: Sean Wolfington: FFS
18:09:27 : Group: Sean Wolfington: cop + rebel fighting so ye
18:09:39 : Group: Sean Wolfington: they sending ems to impound
18:10:33 : Group: [APD] Mst Sgt. Pancakes: Martyr can I impound my Hunter because I need to relog?
18:10:41 : Group: Sean Wolfington: buy charge ?
18:10:55 : Direct: [ARM General] Antony-J: Comeout with your hands up
18:11:02 : Group: Sean Wolfington: OMG 
18:11:03 : Direct: [ARM General] Antony-J: 3-1
18:11:08 : Group: Sean Wolfington: UNDERWATER EXPLOSIVE IT WORKS NOW
18:11:17 : Group: Sean Wolfington: aaf
18:13:05 : Group: Sean Wolfington: emm i found something broken Kappa
18:13:12 : Group: Sean Wolfington: come look at mh 9 hummingbird skins
18:13:20 : Group: Sean Wolfington: look at the skin
18:14:36 : Group: Sean Wolfington: emm
18:14:43 : Group: Sean Wolfington: meet em at bonds dealer
18:15:13 : Group: Sean Wolfington: i am
18:16:14 : Group: Sean Wolfington: he logged
18:16:37 : Group: Sean Wolfington: alluh snackbar
18:19:13 : Group: Sean Wolfington: you are slow
18:19:18 : Group: Sean Wolfington: no gandhi
18:20:04 : Group: Sean Wolfington: OSCAR
18:20:08 : Group: Sean Wolfington: 16k DPI MOUSE XD
18:20:23 : Group: Sean Wolfington: oscar
18:20:31 : Group: Sean Wolfington: oscar
18:20:36 : Group: Sean Wolfington: i use 300
18:20:37 : Group: Sean Wolfington: 400
18:20:39 : Group: Sean Wolfington: **
18:21:52 : Group: Sean Wolfington: ohh you havent seen me drive ?
18:21:56 : Group: Sean Wolfington: gandhi
18:21:59 : Group: Sean Wolfington: i flip alot of shit
18:23:29 : Group: Sean Wolfington: jesse can i trust you with something?
18:24:05 : Group: Sean Wolfington: you have no mags but ;3
18:24:50 : Group: Sean Wolfington: oscar get a boat
18:24:59 : Group: Sean Wolfington: speed boat and go to shipwreck
18:25:27 : Group: Sean Wolfington: they do
18:25:40 : Group: Sean Wolfington: yes
18:25:49 : Group: Oscar Wolfington: spd boot price?
18:25:58 : Group: Sean Wolfington: 35k
18:26:17 : Group: Sean Wolfington: z down ?
18:26:19 : Group: Sean Wolfington: q up ?
18:26:40 : Group: Sean Wolfington: gandhi let someone else who is compatent be gunner ;3
18:26:49 : Group: Sean Wolfington: ik
18:26:55 : Group: Sean Wolfington: i am gonna search for this
18:27:04 : Group: Sean Wolfington: i do
18:27:22 : Group: Sean Wolfington: ;d
18:27:40 : Group: Sean Wolfington: xd
18:28:17 : Group: Sean Wolfington: i cant
18:28:42 : Group: Sean Wolfington: TURTLE
18:28:52 : Group: Sean Wolfington: ITS IMPOUNDED
18:30:17 : Group: Sean Wolfington: tyhing is
18:30:19 : Group: Sean Wolfington: its 5 k awayt
18:30:28 : Group: Sean Wolfington: you dumb ?
18:31:00 : Group: Tupac Wolfington: cunterstrike
18:32:38 : Group: Sean Wolfington: reason why i getting oscar to come up
18:33:07 : Group: Sean Wolfington: i just did so yes
18:33:34 : Group: Sean Wolfington: there are kits in car
18:33:39 : Group: Sean Wolfington: when they spawn if i correct
18:34:10 : Group: Sean Wolfington: witch i did idiot
18:36:47 : Group: Sean Wolfington: xd
18:38:43 : Group: Sean Wolfington: we diving now
18:39:08 : Group: Sean Wolfington: what you think ?
18:39:16 : Group: Sean Wolfington: ofc
18:40:26 : Group: Sean Wolfington: sweeden is gay ;3
18:40:36 : Group: Sean Wolfington: WHY
18:40:45 : Group: Sean Wolfington: you damb tupac
18:40:49 : Vehicle: [ARM Cpt] Flames: 1k to the first guy to kidnap vibz
18:41:00 : Group: Sean Wolfington: we using the sdv to search for this
18:41:12 : Vehicle: [ARM Cpt] Flames: 20k
18:41:17 : Vehicle: [ARM Cpt] Flames: 200k
18:41:17 : Vehicle: [ARM Pvt] Willem: zipties cost 2,5
18:41:24 : Vehicle: [ARM Rct] WarGamer : 500k
18:41:33 : Direct: [CS]  Ethan Bradberry: how2pickupmoney
18:41:34 : Vehicle: [ARM Cpt] Flames: 750k plus a sextape
18:41:34 : Group: Sean Wolfington: 160 meters down ?
18:41:34 : Vehicle: [ARM Sgt] VibZ: 1MIL
18:41:42 : Vehicle: [ARM Rct] WarGamer : 3Mil
18:41:44 : Direct: [NHS] Ahmed: left windows key + t
18:41:46 : Vehicle: [ARM Pvt] Willem: Give me zipties ill do it for 69 dollars
18:41:46 : Vehicle: [ARM Sgt] VibZ: Who in the sex tape?
18:41:57 : Vehicle: [ARM Rct] Declan Murphy: hamiliton and you 
18:41:59 : Vehicle: [ARM Cpt] Flames: well vibz you will be tied up
18:42:02 : Group: Sean Wolfington: just fishing
18:42:03 : Vehicle: [ARM Sgt] VibZ: mmmmmnnnnnnnnnnnyes
18:42:47 : Group: Sean Wolfington: DO IT THEN
18:42:54 : Group: Sean Wolfington: fakking go
18:43:06 : Group: Sean Wolfington: go to center first
18:43:29 : Group: Sean Wolfington: yes
18:43:30 : Group: Sean Wolfington: we can
18:43:41 : Direct: [ARM Sgt] VibZ: sup
18:43:42 : Group: Oscar Wolfington: If yez find my boat tell it to come back to me 
18:43:43 : Direct: [ARM Pvt] Willem: HELLO MATE
18:43:46 : Direct: [ARM Sgt] VibZ: how ya doing m8?
18:43:49 : Direct: [ARM Pvt] Willem: WHAts up
18:43:55 : Direct: [ARM Cpt] Flames: hey babes
18:44:05 : Group: Sean Wolfington: its btter up higher
18:44:07 : Group: Sean Wolfington: NOPE
18:44:53 : Group: Sean Wolfington: ye ik
18:45:01 : Group: Sean Wolfington: do if ye want
18:46:20 : Group: Sean Wolfington: i marking where we go
18:46:45 : Group: Sean Wolfington: its a boat
18:46:48 : Group: Sean Wolfington: destroyed
18:47:05 : Group: Sean Wolfington: ...
18:48:01 : Group: Sean Wolfington: it isnt cause i found it the otherday
18:48:11 : Group: Sean Wolfington: on the marker ;3
18:49:04 : Direct: [APD] PC. Morrisino: yeah
18:49:08 : Direct: [APD] PC. Morrisino: ty
18:49:40 : Group: Sean Wolfington: you mean finish
18:50:32 : Group: Sean Wolfington: he fakked his mum in taiwan
18:50:50 : Group: Sean Wolfington: lower down ?
18:52:11 : Group: Sean Wolfington: exactly
18:53:32 : Group: Sean Wolfington: i am
18:54:36 : Group: Sean Wolfington: solski you just drive i will mark
18:54:54 : Group: Sean Wolfington: WHY FUCK YOU OSCAR
18:55:06 : Group: Sean Wolfington: i hate thisn sonk
18:55:17 : Group: Sean Wolfington: same
18:55:21 : Group: Sean Wolfington: he was ded on birth
18:55:44 : Group: Sean Wolfington: i agree
18:56:42 : Group: Sean Wolfington: you could go to reeebel
18:56:58 : Group: Sean Wolfington: really ?
18:57:16 : Group: Sean Wolfington: 170
18:57:27 : Group: Sean Wolfington: your a pussy
18:58:09 : Group: Marcus Wolfington: vote knight
18:59:07 : Vehicle: [CS]  Ethan Bradberry: /voteday
19:03:09 : Group: Sean Wolfington: ?
19:03:12 : Group: Sean Wolfington: no
19:06:11 : Group: Sean Wolfington: as i said i put down markers you drive
19:06:12 : Group: Sean Wolfington: ik
19:06:16 : Group: Sean Wolfington: i have fuel
19:07:15 : Group: Sean Wolfington: hahahaha
19:07:17 : Group: Sean Wolfington: hato xd
19:07:25 : Group: Sean Wolfington: yus
19:07:35 : Group: Sean Wolfington: shit shot ;3
19:07:47 : Group: Sean Wolfington: wut
19:07:56 : Group: Sean Wolfington: try beat ming Kappa
19:08:02 : Group: Sean Wolfington: 4.5k
19:08:52 : Group: Sean Wolfington: jesse we won 3 togther fakker
19:09:51 : Group: Sean Wolfington: ok i am losing hope
19:10:10 : Group: Sean Wolfington: CAUSE I DID SEET THE OTHER DAY
19:10:11 : Group: Sean Wolfington: yes
19:11:09 : Group: Sean Wolfington: already done
19:11:46 : Group: Sean Wolfington: FAK
19:12:08 : Group: Sean Wolfington: doesnt
19:12:31 : Group: Sean Wolfington: i wasted 35 k ;3
19:12:52 : Group: Sean Wolfington: turtles?
19:13:02 : Group: Sean Wolfington: nah we do turtles
19:13:11 : Group: Sean Wolfington: hahahahhr rekt
19:13:19 : Group: Sean Wolfington: drink ta
19:13:47 : Group: Sean Wolfington: ok tiem for turtle ferming bois
19:14:53 : Group: [ARM Rct] Connor.M: he didnt read me my rights he cant arrest me lol
19:16:01 : Group: [ARM Rct] Connor.M: guys unmute me :(
19:16:53 : Group: Sean Wolfington: funny thing is
19:16:57 : Group: Sean Wolfington: i am in kavala
19:17:32 : Group: [ARM Rct] Connor.M: waiting to be unmuted like xD
19:19:11 : Group: Sean Wolfington: XD
19:19:52 : Group: Sean Wolfington: jesse just saying 1 mag = 100k
19:20:01 : Group: Sean Wolfington: dank
19:20:16 : Group: Sean Wolfington: THATS WORTH 200k
19:21:17 : Vehicle: [CS]  Ethan Bradberry: if you give a cat chocolate, it will eat it and kill itself
19:24:59 : Group: Sean Wolfington: whai
19:25:06 : Group: Oscar Wolfington: im almost flipping the car
19:25:13 : Group: Oscar Wolfington: but im still goin on 2 weels
19:29:16 : Group: Sean Wolfington: wut hapend
19:29:31 : Group: Oscar Wolfington: Too fast
19:29:36 : Group: Oscar Wolfington: and lil too much turning
19:30:22 : Group: Sean Wolfington: i want to do coke / opuim
19:30:33 : Group: Sean Wolfington: but i also want the taru to do it
19:30:36 : Group: Oscar Wolfington: we kinda need more ppz
19:31:04 : Group: Oscar Wolfington: imagine if were 15
19:31:15 : Group: Oscar Wolfington: and 10 trucks and 5 lookouts 
19:31:21 : Group: Oscar Wolfington: gg no one is gon bust us
19:31:30 : Group: Sean Wolfington: imagine
19:31:35 : Group: Sean Wolfington: 15 temptest devices
19:31:54 : Group: Sean Wolfington: just a average of fucking lets say maybe 30k storage
19:31:55 : Group: Oscar Wolfington: damn
19:32:34 : Group: Sean Wolfington: how much mane ye have
19:32:34 : Group: Oscar Wolfington: im slowly dieing
19:32:41 : Group: Oscar Wolfington: 529w
19:32:42 : Group: Oscar Wolfington: k
19:32:59 : Group: Sean Wolfington: we could get a 1k storage tempest
19:33:05 : Group: Sean Wolfington: for 1.5
19:33:23 : Group: Oscar Wolfington: were_
19:33:34 : Group: Oscar Wolfington: DANK MEMES
19:33:38 : Group: Sean Wolfington: wha
19:33:41 : Group: Oscar Wolfington: if ye go into the savesone
19:33:47 : Group: Oscar Wolfington: ye get full hp again 
19:33:52 : Group: Sean Wolfington: xd
19:34:00 : Group: Oscar Wolfington: and 
19:34:05 : Group: Oscar Wolfington: car gets fixed
19:34:21 : Group: Sean Wolfington: ye have shit fo turtles
19:34:23 : Group: Sean Wolfington: ????????????
19:34:23 : Group: Sean Wolfington: ;3
19:34:27 : Group: Oscar Wolfington: i dont
19:34:32 : Group: Sean Wolfington: ok so lator
19:34:36 : Group: Sean Wolfington: we do drug runs
19:34:54 : Group: Sean Wolfington: coke i feel liek doin
19:35:07 : Group: Oscar Wolfington: Ayy i guess
19:35:09 : Group: Sean Wolfington: ohhh gawd that drive
19:35:16 : Group: Sean Wolfington: gang processng to drug dealer
19:35:24 : Group: Sean Wolfington: i think opuim
19:35:25 : Group: Sean Wolfington: ;3
19:35:38 : Group: Sean Wolfington: its a 12k drive
19:35:41 : Group: Sean Wolfington: direct
19:35:44 : Group: Oscar Wolfington: yeah
19:35:45 : Group: Sean Wolfington: by helo xd
19:36:01 : Group: Sean Wolfington: we relle need tarus ;3
19:36:16 : Group: Sean Wolfington: gonna go have shower etc get foud
19:36:25 : Group: Oscar Wolfington: kk
19:36:26 : Group: Sean Wolfington: i have 830k ;3
19:36:27 : Direct: [ARM Cpt] Flames: tango
19:36:30 : Direct: [ARM Cpt] Flames: you busy?
19:36:30 : Direct: Tango: ?
19:36:32 : Group: Oscar Wolfington: HAX
19:36:35 : Direct: Tango: sorta yeah, why?
19:36:42 : Direct: [ARM Cpt] Flames: we got someone who wants to be rookie
19:36:48 : Group: Oscar Wolfington: i wunder if we can
19:36:53 : Direct: [ARM Cpt] Flames: ant gon afk
19:36:58 : Direct: Tango: sgtcracksown?
19:37:01 : Direct: [ARM Cpt] Flames: ye
19:37:03 : Direct: Tango: ok
19:37:08 : Direct: Tango: be down in a min
19:37:11 : Direct: [ARM Cpt] Flames: k
19:37:16 : Direct: Tango: ?
19:37:27 : Direct: Tango: ill go speak to him in a min
19:53:27 : Group: stevo: ya the fishing guild should work
20:01:11 : Group: [NHS] Callum Sweetlove: Hey
20:05:20 : Direct: [ARM Cpt] Flames: wasnt a falsh?
20:16:47 : Group: [APD] Supt. MrDunis: You beast nifo
20:21:30 : Direct: Aiden Smith: Please :(
20:21:37 : Direct: Aiden Smith: Don't
20:26:06 : Group: [APD] Supt. MrDunis: Just granted him permission
20:36:32 : Direct: Bill Gates: why does my inventory not show in the fish market
20:40:57 : Direct: El PooP: 10000????
20:41:03 : Direct: El PooP: CA I TALKJ TO U?
20:41:14 : Direct: El PooP: can i talk to you before i pay?
20:41:23 : Direct: El PooP: i have no money
20:41:31 : Direct: El PooP: aiden took it
20:46:49 : Direct: Anjo Diabolico: some1 gonna try the bank !!
20:47:04 : Direct: [APD]Chf Insp. Eukanubae: 5 COPS ON ONLY
20:47:33 : Direct: [APD]Chf Insp. Eukanubae: RESTART in 15anyway
20:49:00 : Group: xDiTex: .
21:13:25 : Group: [APD]Chf Insp. Eukanubae: Client works again, action will happen then
21:13:39 : Group: [APD]Chf Insp. Eukanubae: 6 cops expect ARM
21:20:14 : Direct: [APD] Insp.Gadget: AY ANJO
21:20:19 : Direct: jakob: k ty
21:20:48 : Direct: Anjo Diabolico: Hi insp.
21:30:08 : Direct: stevo: yes
21:41:12 : Group: Emil: jo
21:41:21 : Group: Mr.William: yoyo
21:42:06 : Group: Emil: ska dreppa anjo diabolico
21:42:12 : Group: Mr.William: haha koffer?
21:42:16 : Group: Emil: hitman
21:42:19 : Group: Mr.William: ahh
21:43:08 : Direct: [APD]Chf Insp. Eukanubae: Nope
21:43:14 : Direct: [APD]Chf Insp. Eukanubae: i have skill to jump higher
21:44:42 : Group: [APD] PC. Morrisino: OIL RIG
21:48:29 : Group: Mr.William: veit du ka de koste for lead?
21:48:37 : Group: Emil: nope
21:48:46 : Group: Mr.William: hmm
21:54:28 : Group: [ARM Rct] Declan Murphy: Metres
21:55:18 : Direct: [ARM Cpt] Flames: no comms
21:55:22 : Direct: [ARM Cpt] Flames: blind folded
21:58:13 : Direct: [ARM Cpt] Flames: used 10 zipties apperently
21:59:07 : Vehicle: [APD] Insp.Gadget: *muffled* can you t*** m *ag out 
21:59:36 : Vehicle: [ARM Cpt] Flames: GAG REMOVED
21:59:57 : Vehicle: [ARM Cpt] Flames: type mate my channel is loud as fuck
22:00:14 : Vehicle: [APD] Insp.Gadget: so whats the plan here whats going on?
22:00:25 : Vehicle: [ARM Cpt] Flames: hostage you off probs
22:00:29 : Vehicle: [APD] Insp.Gadget: ah
22:00:43 : Vehicle: [APD] Insp.Gadget: im not worth much tbh
22:00:44 : Vehicle: [ARM Cpt] Flames: not enough cops for oilrig
22:01:16 : Vehicle: [APD] Insp.Gadget: are we driving the whole way back to the island?
22:01:21 : Vehicle: [ARM Cpt] Flames: maybe
22:01:31 : Vehicle: [APD] Insp.Gadget: fuck can you not aragne a air lift
22:01:35 : Vehicle: [ARM Cpt] Flames: yah
22:02:19 : Vehicle: [APD] Insp.Gadget: can i have your helmet as a blindfold?
22:04:24 : Group: [NHS] Dr.Rupak: /
22:04:25 : Vehicle: [APD] Insp.Gadget: ah are ride?
22:04:42 : Group: [ARM General] Tango: vikbx
22:04:50 : Group: [ARM General] Tango: dont go fucking telling people our prices
22:05:29 : Group: Emil: yo, eg campe på opium processing, eg såg at targete mett va på opium field, så..
22:05:47 : Vehicle: [ARM Cpt] Flames: so hows your day copper?
22:05:48 : Group: Mr.William: hehe nais
22:06:02 : Group: Mr.William: har du lov tel å KOS targete dett?
22:06:35 : Vehicle: [APD] Insp.Gadget: not good im in a heli with a bunch of arm filth
22:06:35 : Group: Emil: jo, eg mein eg kan det, men han arne ska sjekk det opp ått meg
22:06:37 : Vehicle: [ARM Cpt] Flames: your the only cop on lol
22:06:43 : Vehicle: [APD] Insp.Gadget: i mean
22:06:46 : Vehicle: [APD] Insp.Gadget: now what?
22:06:50 : Vehicle: [ARM Cpt] Flames: fuck knows
22:06:53 : Vehicle: [APD] Insp.Gadget: mexican standoff?
22:06:57 : Vehicle: [ARM Cpt] Flames: maybe
22:07:02 : Vehicle: [APD] Insp.Gadget: me and your leader for my freedom
22:07:05 : Vehicle: [ARM General] Antony-J: Well your PC messaged me askign what iwanted so i said 200k
22:07:09 : Vehicle: [ARM General] Antony-J: And he just went off so
22:07:21 : Vehicle: [ARM General] Antony-J: Were going to have you fight to the death with our recruits
22:07:24 : Vehicle: [APD] Insp.Gadget: me and you antony zubers
22:07:35 : Vehicle: [APD] Insp.Gadget: i fucked vibz up now its your turn
22:08:59 : Direct: [APD] Insp.Gadget: i cant leave my gear here
22:09:18 : Direct: [APD] Insp.Gadget: yes
22:09:46 : Direct: [APD] Insp.Gadget: nahhhhhhhhhh
22:12:46 : Direct: stevo: hello
22:14:34 : Group: Mr.William: wut
22:17:49 : Direct: [ARM Pvt] Willem: waiting on a medic 
22:17:54 : Direct: stevo: thank you
22:21:26 : Direct: [ARM Cpt] Flames: antony
22:21:43 : Group: Mr.William: ka skjedd?
22:29:51 : Direct: [ARM Rct] Declan Murphy: /va
22:44:06 : Direct: [NHS] Dr.Rupak: OMW JOEY
22:47:44 : Direct: [NHS] Dr.Rupak: nice gun bro
22:50:28 : Direct: [NHS] Dr.Rupak: FIXED?
22:56:37 : Direct: [NHS] Dr.Rupak: alright if i stay here>?
22:56:44 : Direct: [ARM Cpt] Flames: i guess so
22:56:48 : Direct: [ARM Cpt] Flames: not much happening now
22:56:51 : Direct: [ARM Sgt] VibZ: yh whbatever
23:12:04 : Vehicle: Kalem: SHHHH
23:36:32 : Direct: White Bob: 200K and i wont say anything
