00:00:59 : Direct: Arod: go into it
00:01:04 : Direct: Arod: then it will be repaired
00:01:20 : Direct: cHIEF GibbO: NICEE
08:33:51 : Group: [APD] SPC. Thorben: ZZZZZZ
15:59:02 : Direct: [NHS]Spammking: is this kid for real
15:59:19 : Direct: Paddy.D: no he's trolling you can tell
15:59:32 : Direct: [NHS]Spammking: haha
16:42:07 : Direct: Artorias: type cant hear
16:42:18 : Direct: MuZeKiller: you gonna do the eligel stuff huh?
16:42:24 : Direct: MuZeKiller: i see you have a nice gun here :D
16:42:35 : Direct: Artorias: na restarts in 18 min not time for any
16:42:42 : Direct: MuZeKiller: that sucks
16:42:58 : Direct: MuZeKiller: i can do my thing so see ya later stay safe ;)
16:42:59 : Direct: Artorias: just stacking up for war thats all xD
16:43:07 : Direct: Artorias: same mate
16:45:03 : Group: Flames: SORRY HONEY BUN
16:45:12 : Group: Papa Bear: its ok <3
16:45:45 : Group: Flames: if you respawn your gun is in my strider
16:46:06 : Group: Papa Bear: thanks man!
16:46:15 : Group: Papa Bear: much appreciated
16:49:56 : Group: Papa Bear: someone left their strider unlocked
16:50:04 : Group: Flames: restart soon
17:18:42 : Group: [APD] SPC. Thorben: /
17:29:56 : Vehicle: Nice : Outside the DVLA please 
17:30:00 : Vehicle: Nice : Much appreaciated
17:31:40 : Vehicle: John Rookie: I picked up this ASP-1 Kir 12.7mm, guess what, the ammo costs way 2 much, only have one clip, gon make em shots count, eh?
17:32:03 : Group: Potato: i spawned at pyrgos
17:32:38 : Vehicle: John Rookie: So basically the rules are: kill all cops rite naw?
17:32:47 : Vehicle: John Rookie: Roger 
17:36:43 : Group: Potato: you do my cement i dont have licnese
17:39:30 : Group: Potato: dupe?
17:39:45 : Group: Masked Robber: ye store some in my house case it glitches
17:39:54 : Group: Potato: u need to unlock
17:39:57 : Group: Potato: i have 10
17:41:00 : Group: Masked Robber: ok wait outiside
17:56:32 : Vehicle: Potato: go to air port and ill get my other heli and do heroin
17:56:38 : Vehicle: Masked Robber: k
18:02:56 : Group: [APD] Chief. Stalks: remember no camping drug dealer
18:06:46 : Direct: Thomas: Sup
18:07:43 : Direct: Thomas: How much was the heli tank?
18:07:53 : Direct: General Tank: APD on route
18:07:57 : Direct: Thomas: Fuck
18:08:01 : Direct: Thomas: im not armed
18:08:13 : Direct: Thomas: How far out?
18:08:20 : Direct: General Tank: ill draw fire you run
18:08:24 : Direct: Thomas: On it
18:09:09 : Direct: Thomas: How do I join you guys?
18:09:14 : Direct: Thomas: Is it like old times?
18:09:47 : Direct: Masked Robber: FUCK YOU
18:10:12 : Direct: Thomas: Im off, good luck with the cops
18:12:07 : Group: Jack Van Lutterveld: /vore day
18:14:57 : Vehicle: [NHS]Paddy.D: gonna toss ropes go down them okay :P
18:20:54 : Direct: Arod: IF YOU WANT OUT, JUMP IN MY CAR
18:34:54 : Group: Masked Robber: sub bruh
18:35:19 : Group: Black Bob: Need to drop the shit man..
18:35:37 : Group: Masked Robber: i have it at my hous
18:35:43 : Group: Black Bob: Box?
18:35:56 : Group: Masked Robber: ye
18:37:48 : Group: Masked Robber: bby girl
18:41:22 : Vehicle: Potato: drugs
18:41:55 : Group: Masked Robber: wtf
18:41:59 : Group: Masked Robber: it dissapered
18:42:26 : Group: Black Bob: That happens sometimes
18:42:38 : Group: Potato: bob you got a heli?
18:42:45 : Group: Black Bob: Yes
18:42:51 : Group: Potato: ill let u get it out
18:43:09 : Group: Black Bob: I will play later
18:43:24 : Group: Black Bob: Need to buy a house for the weapons first
18:50:06 : Direct: Kalem: OI 
18:50:10 : Direct: Kalem: FUCK FACE
18:50:23 : Direct: Tits or Auschwitz: HURRY
18:53:20 : Vehicle: Tits or Auschwitz: if you take me to join im taking it to a help channel lmao
18:53:25 : Vehicle: Tits or Auschwitz: you can comp me for my rebel licence
18:57:10 : Direct: Artorias: cant hear paddy sorry
18:57:24 : Direct: [NHS]Paddy.D: how much that cost and how much can it hold??
18:57:34 : Direct: Nice : xdddd
18:57:43 : Direct: Artorias: 6 mil 1440
18:57:48 : Direct: Artorias: 1400
18:57:56 : Direct: [NHS]Paddy.D: how much sand??
18:58:10 : Direct: Artorias: 436 i think
18:58:46 : Direct: [NHS]Paddy.D: okay im getting one of those ;P
18:59:00 : Direct: Artorias: yeah xD
19:00:30 : Direct: Artorias: but you need a fuel truck to fill it full so you know
19:00:50 : Direct: Artorias: seens it can fram on its own
19:01:05 : Direct: [NHS]Paddy.D: what you mean by that??
19:01:16 : Direct: [NHS]Paddy.D: where would i get the fuel???
19:01:29 : Direct: Artorias: fuel truck or gas station
19:01:34 : Direct: [NHS]Paddy.D: from like a gas station place 
19:02:57 : Vehicle: Kalem: comms removed
19:04:09 : Direct: [APD] Chief. Stalks: BRB 5MINS PAL
19:09:52 : Direct: Arod: want a lift?
19:09:59 : Direct: Arod: going to kavala
19:10:41 : Direct: Arod: no
19:11:08 : Group: Masked Robber: we need tp pick up bob
19:12:17 : Direct: John Smith: gave coms back
19:21:12 : Direct: Dan: get away from my car
19:23:09 : Group: [APD] Supt. MrDunis: We just spotted vehicles at coke field
19:23:22 : Vehicle: John Rookie: dont scream at me, heya
19:23:32 : Vehicle: John Rookie: Oh heya
19:23:53 : Vehicle: John Rookie: i was shooting birds, isnt that allowed? i got permission from my father
19:24:08 : Vehicle: John Rookie: Dont know what you are talking about
19:24:14 : Vehicle: John Rookie: You got any proof?
19:24:19 : Vehicle: John Rookie: i only shot at birds
19:24:26 : Group: [APD] Supt. MrDunis: Could we get some officers to coke processing? Me and Tex shall cover the  hideout
19:24:26 : Vehicle: John Rookie: You must mean somebody else
19:24:30 : Vehicle: John Rookie: i got a hunting license
19:25:19 : Group: [APD] Supt. MrDunis: Helis
19:25:25 : Vehicle: John Rookie: flashbang out
19:25:27 : Group: [APD] Supt. MrDunis: we are going back for a  better look
19:25:29 : Vehicle: John Rookie: careful there
19:25:38 : Vehicle: John Rookie: we dont want you to crash dont we?
19:25:44 : Direct: John Rookie: nice land
19:25:58 : Direct: John Rookie: when do we see eachothers again?
19:26:19 : Direct: John Rookie: oh i was just hunting a bit
19:26:29 : Direct: John Rookie: still dont know whatya talk about
19:26:41 : Direct: John Rookie: My father handed me this license
19:26:46 : Direct: John Rookie: you see what is written on it?
19:26:54 : Direct: John Rookie: yes, i am allowed to shoot birds, yes.
19:27:10 : Direct: John Rookie: Visit me in my hunting ground in the next year yes
19:27:13 : Direct: John Rookie: yes
19:27:16 : Direct: John Rookie: thx
19:27:19 : Group: [APD] Supt. MrDunis: There is an  hellcat at the field
19:27:19 : Direct: Jack Van Lutterveld: how do i talk?
19:27:33 : Group: [APD] SPC. Randall: we are set up at processing
19:27:36 : Direct: [APD] PC. Jack Frost: caps
19:27:37 : Vehicle: Jack Van Lutterveld: how do i talk?
19:27:43 : Group: [APD] Supt. MrDunis: It's taking off now
19:27:59 : Group: [APD] Chief. Hamilton: roger that
19:28:01 : Group: [APD] Chief. Hamilton: we are in position
19:28:02 : Group: [APD] Supt. MrDunis: We are pulling back now so we dont get seen
19:28:04 : Group: [APD] Chief. Hamilton: how many helis?
19:28:10 : Group: [APD] Supt. MrDunis: expect one hellcat with 2 people
19:28:16 : Group: [APD] Chief. Hamilton: confirmed.
19:29:01 : Group: [APD] Chief. Hamilton: there was a AFF hunter around weed processing previously if you want to inspect that
19:29:09 : Group: [APD] Supt. MrDunis: Alright we are on our way
19:29:22 : Group: [APD] Supt. MrDunis: use our name tag as a timer on the other hellcat.
19:30:41 : Group: [APD] Supt. MrDunis: We are leaving weed for the coke hideout if the hellcat decides for that one instead
19:31:15 : Group: [APD] Supt. MrDunis: Youi guys see the hellcat?
19:31:21 : Group: [APD] Supt. MrDunis: we just saw it with thermal its getting close
19:31:24 : Group: [APD] SPC. Randall: yeah its here now not landing though
19:31:33 : Group: [APD] Chief. Hamilton: yea hes here
19:31:34 : Group: [APD] Insp. Tex: They have thermal as well
19:31:35 : Group: [APD] Supt. MrDunis: ITs a hellcat
19:32:21 : Group: [APD] Chief. Hamilton: unfortunately it spotted us and flew off
19:32:24 : Group: [APD] Chief. Hamilton: we'll stay here
19:32:30 : Group: [APD] Insp. Tex: Hunter inc COKE from WEED
19:32:49 : Group: [APD] Supt. MrDunis: We spotted a hutner leaving from weed towards coke but we are taking shots so we are pulling off
19:33:35 : Direct: Masked Robber: hello
19:34:29 : Group: [APD] Chief. Hamilton: pretty sure AFF are doing weed
19:34:32 : Group: [APD] Chief. Hamilton: check field
19:34:35 : Group: [APD] Insp. Tex: Sniper at weed.
19:34:40 : Group: [APD] Supt. MrDunis: The aff have a sniper that was shooting at us
19:34:44 : Group: [APD] Supt. MrDunis: marked with sniper
19:34:45 : Group: [APD] Chief. Hamilton: pretty sure aff are at weed
19:34:59 : Group: [APD] Chief. Hamilton: we are gonna move in
19:35:01 : Group: [APD] Supt. MrDunis: We will be checking the route
19:35:10 : Group: [APD] Supt. MrDunis: Keep in mind the sniper was shooting at us and there is a hunter scouting
19:36:19 : Group: [APD] Supt. MrDunis: so one hunter (unknown passengers) and one sniper
19:37:22 : Group: [APD] Insp. Tex: Dunis has eyes on sniper
19:37:27 : Group: [APD] Insp. Tex: But we want to taze his ass
19:37:40 : Group: [APD] Chief. Hamilton: I GOT EYES
19:37:44 : Group: [APD] Insp. Tex: Hamilton always says: 'taze, annoys 'em more' and I abide by that.
19:38:07 : Group: [APD] Chief. Hamilton: i could kill him right now
19:38:12 : Group: [APD] Supt. MrDunis: same here
19:38:14 : Group: [APD] Insp. Tex: Cover Dunis
19:38:18 : Group: [APD] Supt. MrDunis: keep in mindm he was shooting at our heli earlier
19:38:23 : Group: [APD] Supt. MrDunis: I'm gonna try the taze
19:38:27 : Group: [APD] Insp. Tex: He's going to represent the AP to the D.
19:38:30 : Group: [APD] Chief. Hamilton: ok
19:38:41 : Group: [APD] Chief. Hamilton: i will keep and eye on him
19:38:47 : Group: [APD] Insp. Tex: Dunis thanks you.
19:38:51 : Group: [APD] Supt. MrDunis: tell me if he turns towards me please
19:40:48 : Group: [APD] Chief. Stalks: huron at gang coke process
19:43:03 : Direct: Arod: ther ewe are
19:43:07 : Direct: Arod: off you go :)
19:43:16 : Direct: Arod: im bugged atm cause im hurt
19:43:20 : Direct: Arod: so just go :)
19:45:50 : Group: [APD] Chief. Stalks: nick jack jano, do something usefull
19:46:18 : Group: [APD] PC. Nick: were stuck
19:46:19 : Group: [APD] PC. Jack Frost: We took care of 2 gas station robberies
19:47:05 : Group: [APD] Chief. Stalks: weed is clear
19:47:52 : Group: jordan: you back on
19:48:16 : Group: [APD] Chief. Stalks: coke clear
19:50:33 : Direct: Magne: Hey
19:50:36 : Direct: Magne: dude
19:53:29 : Direct: General Tank: me paddy
19:57:12 : Direct: Dan: Lel :P
19:58:40 : Vehicle: John Rookie: none of our boys are at the border
19:58:43 : Vehicle: John Rookie: +careful
19:58:50 : Vehicle: John Rookie: they will probs set up a trap again
19:59:11 : Group: [APD] Chief. Stalks: brb 5mins
20:05:16 : Direct: [APD] PC. Jack Frost: you have 3 chances to pay
20:06:56 : Vehicle: General Tank: OI DICK HEADS CHARGES YOU CAN'T JUST TAZE ME AND TAKE ME AWAY
20:07:46 : Vehicle: General Tank: OI CHARGES NOB  HEADS BREAKING RP RIGHT NOW
20:08:18 : Direct: [APD] Chief. Hamilton: stop breaking NLR
20:14:31 : Group: [APD] Mst Sgt. Pancakes: Can someone respond?
20:20:31 : Group: Jack Van Lutterveld: /voteday
20:20:40 : Group: Jack Van Lutterveld: /voteday
20:22:57 : Group: [APD] PC. Nick: someone in kavala check gang cocaine pls
20:23:28 : Group: [APD] Chief. Stalks: coke process empty
20:23:40 : Group: [APD] PC. Nick: neutralized?
20:28:17 : Direct: Magne: GO AWAY POTATO
20:29:12 : Group: [APD] SPC. Thorben: +
20:31:08 : Direct: Masked Robber: are we getting escaped?
20:32:37 : Group: [APD] SPC. Randall: prison under control?
20:33:07 : Group: [APD] PC. Nick: Jail secure, Suspect arrested
20:34:07 : Vehicle: [APD] PC. Nick: don't get out
20:34:14 : Vehicle: DonGino: ACCIDENTAL
20:34:37 : Group: [APD] Chief. Stalks: Arod on wanted list
20:35:22 : Group: DonGino: ,
20:36:31 : Vehicle: [APD] SPC. Randall: brb
20:38:37 : Direct: [NHS]Paddy.D: hey
20:45:14 : Group: [APD] SPC. Randall: pretty sure that will be coke, they owned the hideout about 30 mins ago
20:45:35 : Direct: Dan: i want compinsation
20:46:51 : Direct: Masked Robber: HELLO
20:54:50 : Direct: Potato: thank youuuuuuuuuuuuuuuuuu
20:56:37 : Direct: Masked Robber: heal me man
21:12:02 : Direct: Dan: HELLO
21:28:29 : Direct: VibZ: keys
21:28:34 : Direct: VibZ: so we can help fiill
21:29:38 : Direct: Masked Robber: keep walking bitch
21:29:50 : Direct: Masked Robber: away from kavala
21:33:38 : Direct: Dan: i dont do turtles....
21:33:50 : Direct: Dan: turtle poaching is bae
21:37:45 : Direct: [HATO]Paddy.S: go away
21:38:00 : Direct: Potato: whos ur friend
21:38:24 : Direct: [HATO]Paddy.G: medics are here
21:38:34 : Direct: [HATO]Paddy.G: dont worry i will give you yours stuff back after
21:39:06 : Direct: [HATO]Paddy.G: need a repair?>
21:39:15 : Direct: [HATO]Paddy.G: just text a request
21:39:26 : Direct: Holly Holm: get out with hands up
21:39:56 : Direct: [HATO]Paddy.G: have to go will drop your stuff
21:40:54 : Direct: Holly Holm: PUT HANDS DOWN DROP EVERYTHING
21:41:29 : Group: VibZ: with amount of helis crashed in aff we could have cured world hunger!
21:41:58 : Direct: Masked Robber: i need to go
21:44:10 : Direct: [HATO]Paddy.G: ew welsh
21:44:18 : Direct: [HATO]Paddy.G: ooc: you have been requested on ts
21:51:39 : Direct: [NHS] John Rookie: allahu akbar
21:56:27 : Direct: [APD] SPC. Thorben: can i have the keys
21:56:57 : Direct: [APD] SPC. Thorben: i can  get him
22:00:56 : Direct: [NHS] John Rookie: and im flying <3
22:04:34 : Group: Masked Robber: bob and ekzo what are you doing?
22:04:42 : Direct: 420SpermCannon: sto[p
22:04:48 : Group: Black Bob: Making the moneyyyyyy\
22:04:54 : Group: Masked Robber: dupe?
22:04:59 : Group: Black Bob: No..
22:05:01 : Group: Black Bob: Cement
22:05:18 : Group: Masked Robber: why dont you just do heroion insted off cement
22:05:33 : Direct: [HATO]Paddy.G: give what?
22:05:40 : Group: Black Bob: I don't have a chopper anymore
22:05:46 : Group: Black Bob: to far to drive
22:07:45 : Group: Masked Robber: coke
22:10:12 : Group: [HATO]Paddy.S: just leave it locked
22:11:45 : Direct: [NHS] John Rookie: kidnap
22:11:56 : Direct: [NHS] John Rookie: yis
22:12:01 : Direct: [NHS] John Rookie: plz nu die anymore <3
22:13:38 : Group: Masked Robber: i donnt know any money glitches man and i dont do taht shit ruins the game
22:13:56 : Group: Black Bob: stfu
22:14:01 : Group: Potato: YEAH man dupers and glicthes ruin the game://///
22:14:13 : Group: Papa Bear: flames how do you salute again?
22:15:29 : Group: Flames: Salute is hash key m8
22:15:56 : Direct: [APD] SPC. Thorben: i be the nogatior
22:17:06 : Direct: [NHS] John Rookie: don
22:17:10 : Direct: [NHS] John Rookie: iz dis ur car?
22:17:19 : Direct: [NHS] John Rookie: store it ;_;
22:17:38 : Direct: [NHS] John Rookie: is dis ur car?
22:18:16 : Direct: [NHS] John Rookie: is that ur car? xP
22:18:25 : Direct: [NHS] DonGino : ?
22:18:29 : Direct: [NHS] John Rookie: dis one
22:19:59 : Direct: Dan: GO AWAY
22:20:24 : Group: Flames: HASH
22:20:26 : Group: Flames: KEY
22:20:51 : Direct: Dan: Pussy destroyers are coming for you
22:21:06 : Group: Papa Bear: Whats a hash key
22:21:08 : Group: Papa Bear: shift 3?
22:21:16 : Group: Flames: next to enter
22:21:21 : Group: Flames: below ]
22:21:26 : Group: Papa Bear: thats a slash
22:21:27 : Group: Flames: on a qwerty keyboard atleast
22:21:28 : Group: Papa Bear: LOL
22:27:36 : Group: Flames: classic fuckup
22:31:04 : Direct: [HATO]Paddy.G: keys for suv pls
22:31:26 : Group: [APD]Chf Insp. Eukanubae: lethal is autherized
22:32:29 : Group: [APD]Chf Insp. Eukanubae: 3 at their car
22:33:05 : Vehicle: [APD] SPC. Thorben: stop the cqr qnd get out
22:35:08 : Vehicle: [APD] SPC. Thorben: stop
22:35:12 : Group: Flames: 6 cops
22:35:19 : Group: Flames: that means fed boyzzz
22:41:26 : Group: Paddy.C: ah shit
22:41:34 : Group: Paddy.C: Thats what that guy wanted
22:41:48 : Group: Paddy.D: what happend 
22:42:19 : Group: Paddy.C: what a fucking wet
22:42:24 : Group: Paddy.C: i fucking was
22:42:28 : Group: Paddy.C: this guy is a wanker
22:42:34 : Group: Paddy.C: "all brits are douche bags"
22:42:43 : Group: Paddy.C: go fuck yourself
22:42:51 : Group: Paddy.C: EU Wanker
22:42:58 : Direct: [HATO]Paddy.G: WELCOME
22:43:27 : Direct: Dan: hello paddy
22:43:56 : Group: [APD] Supt. MrDunis: Eukan
22:43:59 : Group: [APD] Supt. MrDunis: still shots_
22:44:00 : Direct: Holly Holm: Go on son
22:44:18 : Direct: Aamir Shafi: XD
22:44:22 : Direct: Holly Holm: go on
22:44:29 : Group: [APD] Supt. MrDunis: ??
22:45:17 : Direct: [HATO]Paddy.G: admins are sending server wide message
22:45:21 : Direct: [HATO]Paddy.G: just wait a min
22:45:27 : Direct: [HATO]Paddy.G: lol im hato
22:45:33 : Direct: [HATO]Paddy.G: OOC: you cant rob me 
22:46:11 : Direct: Holly Holm: ajhhhha
22:46:51 : Direct: Holly Holm: you want a gun?
22:50:19 : Group: Paddy.C: fuck sake its the wet fucker again
22:50:22 : Group: Paddy.D: you bank the cash 
22:51:16 : Group: Paddy.C: aGGGGG
22:51:35 : Direct: Dan: Sir i found a police car and brang it back to u :)waw
22:52:34 : Group: Paddy.C: dont admit that
22:52:42 : Group: Paddy.C: i DONT ADMIT IT!!!
22:52:53 : Group: Paddy.C: get in the car
22:53:37 : Direct: Flames: This is so fun boyz
22:54:40 : Direct: Flames: What up?
22:54:49 : Direct: Flames: trying to deal with something
22:54:54 : Direct: Flames: BIG BOOTY BITCHEZ
22:55:47 : Group: [APD]Chf Insp. Eukanubae: start impounding guys
22:56:31 : Vehicle: Flames: hey bby
22:56:58 : Group: Paddy.D: haha
22:57:13 : Direct: dominicwood: its my
22:57:15 : Direct: dominicwood: okay
22:57:15 : Vehicle: Flames: penis penis penis penis
22:57:23 : Vehicle: Flames: when will the charge get placed
22:57:24 : Vehicle: Flames: no
22:57:26 : Vehicle: Flames: fuck no
22:57:29 : Vehicle: Flames: ikr
22:57:51 : Direct: dominicwood: dude
22:57:53 : Direct: dominicwood: it was my
22:57:58 : Direct: dominicwood: its my
22:58:03 : Direct: dominicwood: no
22:58:07 : Direct: dominicwood: you cant have 20k
22:58:21 : Group: Paddy.C: CALUUM WTF IS GOING ON?
22:58:27 : Direct: dominicwood: iv payes
22:58:33 : Direct: dominicwood: i payed
22:58:39 : Direct: dominicwood: dude
22:58:42 : Direct: dominicwood: iv payed
23:00:26 : Direct: Paddy.C: WHAT THE FUCK
23:01:03 : Vehicle: Flames: is this shit starting?
23:02:14 : Group: [APD] SPC. Randall: where did they die?
23:02:51 : Direct: Paddy.C: FFS HES AFK YOU CUNTG
23:03:13 : Direct: Paddy.C: IVE DONE NOTHING
23:03:37 : Vehicle: Flames: FUCK THIS IS TAKING LONG
23:03:41 : Vehicle: Flames: GONNA MISS THE START
23:05:02 : Direct: [HATO]Paddy.G: can you do a favour?
23:05:06 : Direct: [HATO]Paddy.G: i repair car
23:05:21 : Direct: [HATO]Paddy.G: can you guys request tow on keychain it may be bugged
23:05:25 : Direct: [HATO]Paddy.G: can you quickly test
23:05:49 : Group: Paddy.D: how am i dead
23:06:02 : Direct: [HATO]Paddy.G: ooc: you cant knock me out
23:08:08 : Group: Paddy.D: whats password for hato??
23:08:19 : Group: Paddy.C: hato4life
23:09:35 : Group: Paddy.D: cheers :)
23:12:18 : Group: [APD] Chief. Stalks: they put spikes at front of fed
23:13:06 : Group: Paddy.D: nice one :)
23:13:20 : Group: Paddy.C: ty
23:13:22 : Vehicle: Kalem: IM NOT PAYING DOR IT XD
23:13:51 : Group: Paddy.C: morris why arent you on?
23:14:37 : Group: Paddy.C: morris run!!!
23:15:23 : Group: Paddy.C: MORRIS LETS GO
23:15:45 : Direct: 420SpermCannon: Revive please?
23:15:59 : Direct: 420SpermCannon: no shoots being fired
23:16:40 : Direct: [HATO]Paddy.G: REQUEST TOW
23:16:50 : Direct: 420SpermCannon: Request revive
23:17:45 : Direct: 420SpermCannon: Are you going to revive me???
23:17:58 : Direct: 420SpermCannon: Come on ffs
23:18:59 : Direct: Alexander young: VOTE
23:20:37 : Direct: [HATO]Paddy.G: HI
23:20:45 : Direct: Masked Robber: hi
23:20:48 : Direct: [HATO]Paddy.G: Can you do favour and request tow on your car
23:20:58 : Direct: [HATO]Paddy.G: go to keychain then request hatp
23:21:17 : Direct: dominicwood: cant do that
23:21:21 : Direct: dominicwood: getting baned
23:21:25 : Direct: Aamir Shafi: k
23:21:26 : Direct: dominicwood: have fun
23:23:31 : Direct: dominicwood: HELP
23:23:38 : Direct: dominicwood: hes bening robbing my car
23:24:44 : Direct: Artorias: dont rape me i was just driving
23:24:54 : Direct: dominicwood: stop
23:26:31 : Vehicle: [APD] Supt. MrDunis: TAke me TO CHURCH  bamdamMDAMN
23:27:08 : Vehicle: [APD] Supt. MrDunis: Air HQ please <3
23:29:28 : Vehicle: Flames: brb
23:34:01 : Direct: Holly Holm: do not revive hostile area
23:34:16 : Direct: Holly Holm: LEAVE NOW MEDIC OR DIE
23:34:22 : Direct: Holly Holm: LEAVE OR DIE
23:34:41 : Direct: Holly Holm: LEAVE NOW OR WE KILL YOU
23:34:47 : Vehicle: Flames: we coulda done a turtle run already
23:35:01 : Vehicle: Flames: im gonna be an inpatient bastard
23:35:18 : Vehicle: Zardier: yeah got to wait until dru gets up there anyway
23:36:34 : Group: Paddy.G: tom you alive?#
23:36:43 : Group: Paddy.D: yeah he is
23:36:50 : Group: Paddy.G: can he get my gear?
23:37:02 : Group: Paddy.D: no he can't move
23:38:10 : Group: Paddy.G: you alive morris
23:38:47 : Group: [APD] SPC. Randall: I will check heroin
23:43:01 : Direct: Paddy.C: YES?
23:43:07 : Group: [APD] SPC. Thorben: /
23:44:36 : Direct: [APD]Chf Insp. Eukanubae: CLOTHES LOCKED IN CAR?
23:44:58 : Direct: [NHS] John Rookie: locked inside fed
23:45:02 : Direct: [APD]Chf Insp. Eukanubae: oph
23:45:03 : Direct: [NHS] John Rookie: plz giv clothes
23:45:07 : Direct: [NHS] John Rookie: iz cold
23:45:12 : Direct: [NHS] John Rookie: noooo
23:45:16 : Direct: [NHS] John Rookie: iz bugged
23:45:45 : Direct: Holly Holm: IRAAAAAa
23:45:56 : Direct: [NHS] John Rookie: nu work
23:45:58 : Direct: [NHS] John Rookie: ;_;
23:46:01 : Direct: [APD]Chf Insp. Eukanubae: you have to relog then
23:46:06 : Direct: [NHS] John Rookie: fook dis!
23:46:10 : Direct: [APD]Chf Insp. Eukanubae: ?*
23:50:32 : Direct: Holly Holm: VIBS DONT REVIE
23:50:39 : Direct: Paddy.G: will wire cash later
23:52:36 : Group: [APD] Chief. Stalks: stolen police hunter under me
23:53:50 : Group: [APD] Chief. Stalks: loads of cars under me, 2 hunters also
23:53:59 : Group: [APD] SPC. Randall: on route
23:57:02 : Direct: [NHS] VibZ: WAIT
23:58:35 : Direct: Paddy.C: give me 
23:59:14 : Group: Paddy.C: MORRIS ITS freehato
