00:00:03 : Vehicle: Jack: this is some rape
00:00:05 : Vehicle: Jack: innit
00:00:14 : Vehicle: White Bob: ye
00:00:23 : Vehicle: Jack: i don't want ur supressor up my asshoel
00:00:25 : Vehicle: Jack: mkay
00:00:40 : Direct: Jack: RAPE
00:00:56 : Direct: Jack: MY CLOTHES TOO
00:01:03 : Direct: Frog: this guy has drugs in his bumhole
00:01:10 : Direct: Abu bakr el-Bahgdadi: FUCK YOU 
00:01:13 : Direct: White Bob: all of it
00:01:17 : Direct: Jack: NIGGA I DUN WANT ME SHIT STOLE
00:01:48 : Direct: Frog: This officer scares me, remove him please
00:02:27 : Direct: Frog: yes sir
00:02:34 : Direct: Frog: he has an ounce in his bumhole
00:03:02 : Direct: Frog: Can you deal with me first, i must leave
00:03:09 : Direct: Frog: this guys an asshole, send him to jail
00:03:23 : Direct: Frog: i did not 
00:03:26 : Direct: Frog: prove this sir
00:03:37 : Direct: Frog: i was shooting birds.. not pigs
00:03:55 : Direct: Frog: take my gun, fine me, release me
00:03:58 : Direct: Frog: i know my rights
00:04:18 : Direct: Frog: yes sir
00:05:10 : Group: [APD] Supt. MrDunis: Eden you can lower that gun of yours
00:06:07 : Direct: White Bob: pull over we want fuel
00:06:27 : Direct: White Bob: WE WANT FUEL
00:06:31 : Direct: White Bob: PULL OVER
00:07:27 : Vehicle: White Bob: he spawning in these guns
00:07:30 : Vehicle: White Bob: bring me hitman
00:07:35 : Vehicle: White Bob: we can find hos house on map
00:08:36 : Vehicle: Black Bob: GOT IT?
00:08:45 : Vehicle: White Bob: let me drive
00:08:48 : Vehicle: White Bob: got it
00:09:05 : Vehicle: Black Bob: GET THE WEAPONS FIRST
00:12:19 : Group: [APD] Supt. MrDunis: NIfo Jano
00:12:23 : Group: [APD] Supt. MrDunis: Lets move in a helu
00:13:41 : Direct: White Bob: can you unlock car bbycakes
00:13:50 : Direct: Atlas knight: SDTU
00:13:54 : Direct: Atlas knight: STUÝ
00:13:57 : Direct: Atlas knight: SRY
00:14:16 : Direct: Frog: you tazed me from the car...
00:14:37 : Direct: Frog: Its not your car, you wasnt in it
00:14:55 : Direct: Frog: and you cannot taze when someone is in the car
00:14:59 : Direct: Frog: read your red rules
00:15:22 : Direct: Frog: you tazed me in the car fella
00:15:26 : Group: Sean Wolfington: wut
00:15:30 : Direct: Frog: it was moving
00:15:34 : Direct: Frog: its a red rule break fella
00:16:02 : Direct: Frog: i want to speak to your senior
00:16:10 : Direct: Frog: for being tazed out of a moving car
00:16:20 : Direct: Frog: i want to speak to officer nifo
00:21:02 : Direct: Jack: what the holy hell is going on
00:21:12 : Direct: Jack: and do you lads want to come turtle poaching with me 
00:35:13 : Direct: Jack: Sir?
00:35:26 : Direct: [APD]Sgt. Nick Nolif: Police! Go to the beach
00:35:38 : Direct: Jack: Am I being arrested for fishing?
00:35:43 : Direct: [APD]Sgt. Nick Nolif: No sir
00:36:17 : Direct: [APD]Sgt. Nick Nolif: Not here sir, the beach
00:36:30 : Direct: Jack: fair nuff, sorry :3
00:37:31 : Direct: Jack: this piece of junk don't have no lights
00:38:03 : Direct: Jack: no?
00:38:32 : Direct: Jack: No problem
00:38:35 : Direct: Jack: just got fish
00:38:53 : Direct: Jack: Jack :)
00:39:32 : Direct: Jack: I bought one 
00:40:05 : Direct: Jack: Yeah its ok
00:40:22 : Direct: Jack: Mmm thanks
00:41:03 : Direct: Jack: I cant do it XD
00:41:33 : Direct: Jack: I HAVE AN IDEA
00:43:27 : Direct: Jack: Its ok thanks
00:43:58 : Direct: Jack: oh god my boat
00:44:01 : Direct: Jack: I can swim
00:46:08 : Group: [APD] Chief. Stalks: spikes on kavala road
00:48:22 : Group: [APD] Supt. Martyr: Put an admin message out please saying VDM in Kavala is against the rules and will lead to a ban
00:49:29 : Group: [APD] Supt. MrDunis: Rip
00:50:03 : Direct: Jack: I need me car back
00:50:25 : Direct: Jack: mmm k
00:50:41 : Group: [APD] Supt. MrDunis: you got NLR sorry Ben
00:51:43 : Direct: Jack: ello der
00:52:02 : Direct: Jack: mmm very helpful
00:52:36 : Direct: Jack: I don't know if you know anything about fish n stuff but how do you sell them?
00:54:31 : Direct: Jack: oh jesus
00:54:33 : Direct: Jack: so sorry
01:06:00 : Direct: Alex Krimes: let me join
01:06:01 : Direct: Alex Krimes: Xd
01:12:25 : Direct: Icy Nipples: hop in
01:17:52 : Direct: Jack: Sowwe
01:17:59 : Direct: Jack: i has question doe
01:18:10 : Direct: Jack: how does i become medic :3
01:19:01 : Direct: Jack: hai
01:19:11 : Direct: Jack: i wants to know how dus i become le medic
01:19:36 : Direct: Konan: lol
01:19:47 : Direct: [APD]Sgt. Nick Nolif: You have to apply on the forums
01:20:25 : Direct: Konan: its punishable
01:20:49 : Direct: Konan: take it to help channel
01:21:12 : Direct: Konan: wh
01:21:13 : Direct: Konan: y
01:21:22 : Direct: Konan: did he ban you?
01:21:31 : Direct: Konan: lol 
01:25:48 : Direct: Icy Nipples: help
01:25:52 : Direct: Icy Nipples: my nipples
01:25:54 : Direct: Icy Nipples: they are icy
01:28:08 : Direct: Colonel Sanders: FLY AWAY DOGGY
01:28:25 : Group: [APD] Supt. MrDunis: Martyr i goit one restrained
01:28:28 : Group: [APD] Supt. MrDunis: one was behind hte suv
01:28:31 : Direct: Alex Krimes: uhm xD
01:28:56 : Group: Icy Nipples: gj phil
01:34:15 : Direct: Jack: Goodbye, my friend
01:34:24 : Direct: Jack: I will be leaving 
01:49:14 : Group: [Naked] Louis: matthew your mic is echo
02:02:31 : Group: [Naked] Louis: How could you mistake me for sora
02:02:32 : Group: [Naked] Louis: wow
02:02:37 : Group: [Naked] Louis: just...wow
02:06:19 : Direct: Konan: take it
02:06:49 : Direct: Konan: take care 
02:16:07 : Direct: [Naked] Louis:  v ote night
02:16:30 : Direct: Jack: ELLO
02:16:54 : Group: [Naked] Yakumo: REKT
02:17:04 : Direct: Jack: Zaros
02:17:04 : Direct: [APD] Supt. MrDunis: where would you like to go?
02:17:14 : Group: Temptie420: 7night
02:17:21 : Direct: Temptie420: / night
02:17:26 : Vehicle: [APD] Supt. MrDunis: Zaros you say?
02:17:33 : Vehicle: Jack: Yeees
02:17:52 : Vehicle: [APD] Supt. MrDunis: Zaros it is then
02:18:15 : Vehicle: Robert: thought u where a bad guy
02:18:18 : Vehicle: Robert: fix ur fucking mic
02:18:21 : Group: TheGreatAndBrave: the popo is flagging my veichle
02:18:28 : Group: TheGreatAndBrave: nothing new
02:18:34 : Vehicle: Jack: Thanks for pickin' me up lads
02:18:38 : Group: TheGreatAndBrave: so yeah im pretty fine
02:18:46 : Vehicle: [APD] Supt. MrDunis: No worries sir. 
02:18:49 : Vehicle: [APD] Supt. MrDunis: Glad it all worked out
02:18:49 : Direct: [APD] Chief. Stalks: Working fine
02:18:54 : Vehicle: Jack: Ain't got much food left nor water, feelin' ill n stuff
02:18:55 : Vehicle: [APD] Supt. MrDunis: Now you get to jump rope :D
02:18:59 : Direct: Robert: I THOUGHT U WHERE A BAD GUY
02:19:04 : Direct: Robert: i didnt know
02:19:05 : Direct: [APD] Chief. Stalks: no sir, you see
02:19:07 : Direct: Jack: THANKS LADS
02:19:09 : Direct: Robert: i swear
02:19:15 : Direct: [APD] Chief. Stalks: we get a call asking for help, we arrive and take fire
02:19:17 : Direct: Robert: someone was holding me hostage
02:19:33 : Direct: Robert: they said that if i didnt shoot your tires they would kill me
02:19:36 : Direct: Robert: so i said ok
02:19:40 : Direct: [APD] Chief. Stalks: I saw you myself sir, in the widow taking shots at me. 
02:19:45 : Direct: Robert: that was me
02:19:48 : Direct: Robert: they told me to shoot you
02:19:54 : Direct: [APD] Chief. Stalks: Enjoy your time in our finest prison sir
02:20:01 : Direct: [APD] Chief. Stalks: the food is the best
02:20:03 : Direct: Robert: wait
02:20:05 : Direct: Robert: fuck you pig
02:20:07 : Direct: Robert: uk cunt
02:23:46 : Direct: [APD] Supt. Martyr: OUT OF THE VEHICLE
02:24:09 : Direct: TheGreatAndBrave: FUCK U POPO
02:30:55 : Group: [Naked] JabbaTheSlutt: GOt the hunter
02:37:29 : Direct: Kalem: stalks
02:37:40 : Direct: Ahmed: whats up
02:38:05 : Direct: Kalem: icccccccccccccy
02:38:12 : Direct: Icy Nipples: what
02:42:44 : Direct: Kalem: get in
02:44:31 : Direct: Bruh: can i come?
02:58:58 : Direct: Kalem: you want A  LIFT?
02:59:09 : Direct: Jack: Le copper traders
02:59:13 : Direct: Jack: near the airstrip
03:00:05 : Direct: Jack: If I sat on the side of a heli in real life I'd feel sorry for people below me
03:00:07 : Direct: Jack: what?
03:00:21 : Direct: Jack: Oh I have 2 actually
03:00:25 : Direct: Jack: both in my carryall
03:00:37 : Direct: Jack: thank yuu
03:00:46 : Direct: Kalem: NP
03:00:53 : Direct: Jack: LOOKA THAT
03:00:54 : Direct: Jack: RAINBOW
03:01:12 : Direct: Jack: nooooooo le floor
03:49:29 : Direct: Cowboy: im not stalks
04:08:18 : Direct: Bulldog90: /votenight
04:25:46 : Direct: Icy Nipples: hello
04:25:55 : Direct: Icy Nipples: yo
04:25:58 : Direct: BoobieHunterOldLegend : wasson
04:50:30 : Group: Sean Wolfington: its 6 mil truck ta
04:57:57 : Group: Sean Wolfington: ye dont 
04:58:01 : Group: Sean Wolfington: your just imagining
04:58:35 : Group: Sean Wolfington: tell him he is a massive scrub and that he sucks for me plox
04:58:44 : Group: Sean Wolfington: plz
04:58:50 : Group: Sean Wolfington: FUCKING DANK
04:59:00 : Group: Sean Wolfington: got 25k for robbing a store XD
04:59:13 : Group: Sean Wolfington: m8 its ez money
04:59:34 : Group: Sean Wolfington: 8k each or so
05:08:29 : Group: Sean Wolfington: major etc
05:08:59 : Group: Sean Wolfington: thats a gang base up there
05:09:21 : Group: Sean Wolfington: ye cause they can camp drug dealer
05:09:53 : Group: Sean Wolfington: there are surply drops
05:10:06 : Group: Sean Wolfington: but a actually plane flys in and drops the crate
05:11:20 : Group: Sean Wolfington: ok we got this
05:18:45 : Direct: Sean Wolfington: we can get fucking svds
05:20:56 : Group: Sean Wolfington: each one 100k
05:21:08 : Group: Sean Wolfington: thing is 
05:21:13 : Group: Sean Wolfington: i only have 157 k ;3
05:21:17 : Group: Sean Wolfington: ryan
05:21:59 : Group: Sean Wolfington: my gang has jay oscar in it aswill
05:22:25 : Group: Sean Wolfington: gimme the money
05:24:11 : Group: Sean Wolfington: wha
05:24:23 : Group: Sean Wolfington: yup
05:24:30 : Group: Sean Wolfington: could i think
05:25:59 : Group: Sean Wolfington: mg look at talents in y menu
05:26:12 : Group: Sean Wolfington: yte
05:26:42 : Group: Sean Wolfington: anyone want ryan shit ?
05:27:22 : Group: Sean Wolfington: he is in the car xd
05:33:08 : Group: Sean Wolfington: dont
05:36:43 : Group: Sean Wolfington: rebel poutpost
05:36:57 : Group: Sean Wolfington: wut gat
05:37:22 : Group: Sean Wolfington: its fucking almost 5 am xd
05:39:37 : Group: Sean Wolfington: that moment when car is stuck on a wall
05:40:13 : Group: Sean Wolfington: GOT ET
05:42:44 : Group: Sean Wolfington: so what ye think
05:43:09 : Group: Sean Wolfington: mk14 only 150k xd
05:43:46 : Group: Sean Wolfington: mg 
05:43:52 : Group: Sean Wolfington: i gonna get off and sleep
05:44:20 : Group: Sean Wolfington: i see you tomorrow high flute ?
05:44:30 : Group: Sean Wolfington: dank 
05:44:39 : Group: Sean Wolfington: tell sfire he is stupid
11:14:49 : Vehicle: Jack: LOOK ON LE MAP XD
11:14:55 : Vehicle: Jack: U WILL BE ABLE TO TELL
11:15:11 : Vehicle: Alex Krimes: haha
11:15:16 : Vehicle: Jack: 'shitty cock waffle truck of doom'
11:15:21 : Vehicle: Jack: best name ever 10/10
11:15:21 : Vehicle: Alex Krimes: loool
11:15:24 : Vehicle: Alex Krimes: yeah
11:15:36 : Vehicle: Jack: im gonna be wanking with a autoblow gold edition with all my diamonds kek
11:15:58 : Vehicle: Jack: THERE THE BASTARD IS
11:15:59 : Vehicle: Jack: THANKS
11:16:06 : Direct: Jack: Love ye
11:16:10 : Direct: Alex Krimes: ;)
11:32:42 : Direct: Jack: Well hi there mate
11:33:18 : Direct: Jack: no point kidnapping or robbin me
11:33:20 : Direct: Jack: i got no money on me
12:23:52 : Group: [THC] Com. Kirito: /
13:02:14 : Group: Sean Wolfington: ye
13:02:22 : Group: Sean Wolfington: cause i synced 5 mins before xd
13:02:43 : Group: Sean Wolfington: ye
13:04:46 : Direct: White Bob: ira sucks dick
13:11:01 : Direct: Jack: Hi?
13:11:32 : Direct: Jack: hi?
13:11:47 : Direct: Canodetonator: Hi
13:12:00 : Direct: Jack: where are you guys going?
13:12:10 : Direct: Jack: with all these big ass trucks x3
13:12:47 : Direct: Jack: hai
13:13:08 : Direct: Canodetonator: Are you a gay fish?
13:19:03 : Direct: [APD]Sgt. Nick Nolif: Could you repeat that please
13:23:04 : Direct: White Bob: ello jackie
13:25:23 : Vehicle: White Bob: trader or proccesing?
13:25:28 : Vehicle: Black Bob: mine
13:25:39 : Vehicle: White Bob: he prob isent there anymore
13:25:47 : Vehicle: Black Bob: Whats happing?
13:25:55 : Vehicle: White Bob: you migth have to give comp
13:26:02 : Vehicle: White Bob: cause you came back to get me
13:26:42 : Vehicle: Black Bob: i was more than 1km away where i died from
13:26:49 : Vehicle: White Bob: ok
13:26:55 : Vehicle: Black Bob: 1.4km
13:26:58 : Group: Sean Wolfington: how many ye have
13:27:09 : Vehicle: White Bob: i think the name is just mixed up doe caues he said i died and came back and killed them
13:28:03 : Group: Sean Wolfington: these kids need to die
13:28:24 : Group: Sean Wolfington: shot em
13:28:52 : Group: Sean Wolfington: i have no ide
13:28:57 : Group: Sean Wolfington: till ye get 10 
13:29:20 : Group: Sean Wolfington: cant pick up this kid
13:29:23 : Group: Sean Wolfington: turtle 
13:29:24 : Group: Sean Wolfington: xd
13:29:26 : Group: Sean Wolfington: you can
13:29:28 : Group: Sean Wolfington: cant
13:29:32 : Group: Sean Wolfington: its client sided
13:32:27 : Group: Sean Wolfington: 9 of them are mine
13:33:07 : Group: Malu': bois 
13:33:15 : Group: Malu': Morphine aint illegal :d
13:33:20 : Group: Sean Wolfington: w8 wut
13:33:26 : Group: Malu': on the map
13:33:29 : Group: Malu': illegal items
13:33:36 : Group: Sean Wolfington: morphine = opuim
13:33:46 : Group: Malu': Turtle Cocaine heroin cannabis and Marijuana 
13:35:44 : Group: Sean Wolfington: get in
13:35:48 : Group: Sean Wolfington: not all
13:36:00 : Group: Sean Wolfington: i have 13 i think maybe
13:36:04 : Group: Sean Wolfington: i have 11 on me
13:36:12 : Group: Sean Wolfington: 14 *
13:36:20 : Group: Sean Wolfington: no
13:36:21 : Group: Sean Wolfington: 11
13:36:44 : Group: Sean Wolfington: oka
13:37:02 : Group: Sean Wolfington: ems
13:37:05 : Group: Sean Wolfington: yes
13:37:12 : Group: Sean Wolfington: its fucking copyrighted
13:37:13 : Group: Malu': Do De math Bois
13:37:30 : Group: Malu': Song :d
13:37:59 : Group: Malu': Foken Sfg bois
13:38:06 : Group: Malu': they got a new developer
13:38:13 : Group: Sean Wolfington: is it ?
13:38:23 : Group: Sean Wolfington: u
13:38:27 : Group: Malu': hes name was like udahm or something
13:38:36 : Group: Malu': he don even english
13:39:38 : Group: Malu': liek m8 hes coding is 8/8 he codes suicide bombs so they explode remotly
13:40:12 : Group: Malu': yes
13:40:27 : Group: Malu': yes
13:40:29 : Group: Sean Wolfington: YES
13:40:30 : Group: Sean Wolfington: XD
13:40:39 : Group: Sean Wolfington: time to jump on there with our legit 300mil
13:40:51 : Group: Malu': Really 
13:40:54 : Group: Malu': only 300?
13:41:30 : Group: Malu': APPLES BOIS 
13:41:51 : Group: Malu': want to hear a dank song?
13:41:59 : Group: Sean Wolfington: yes
13:42:16 : Group: Malu': its shit :d
13:42:30 : Group: Sean Wolfington: fak u
13:42:43 : Group: Sean Wolfington: sounds like leon
13:42:49 : Group: Malu': it is leon
13:44:09 : Group: Sean Wolfington: yes
13:44:29 : Group: Malu': liekd the song?
13:44:46 : Group: Malu': DANK MEMES IT THE ONE CADETT
13:46:14 : Group: Malu': ITS SEAN
13:46:24 : Group: Malu': HE CANT DRIVE OR TURN OFF THE ENGINE :d
13:46:26 : Group: Sean Wolfington: wut
13:46:31 : Group: Sean Wolfington: ik m87
13:47:53 : Group: Sean Wolfington: say simo Hayha or sumthing
13:49:13 : Group: Sean Wolfington: atm
13:49:39 : Group: Sean Wolfington: wut hao
13:49:46 : Group: Mr.William: popp hjulan hans?
13:49:47 : Group: Sean Wolfington: ohh ye you never bought anything
13:51:22 : Vehicle: Mr.William: vent litt
13:51:32 : Vehicle: Mr.William: arne ska skræm han
13:51:38 : Group: Sean Wolfington: voice creeek
13:55:32 : Group: Sean Wolfington: DANK MEMES
13:56:57 : Group: Sean Wolfington: we doing turtles ;3
13:57:13 : Group: Sean Wolfington: jesse
13:57:16 : Group: Sean Wolfington: the gang shops
13:57:17 : Group: Sean Wolfington: ye
13:57:23 : Group: Sean Wolfington: the gang shops are fucking insance
13:57:25 : Group: Sean Wolfington: iinsane
13:57:36 : Direct: Alex Krimes: Matsu
13:57:44 : Group: Sean Wolfington: you get guns
13:57:46 : Group: Sean Wolfington: nah
13:57:51 : Group: Sean Wolfington: jay
13:57:55 : Group: Sean Wolfington: there is every fucking gun
13:58:09 : Group: Sean Wolfington: lynx 1.6 mil 
13:58:13 : Group: Sean Wolfington: apds rouynds 200k
13:58:24 : Group: Sean Wolfington: mk14 150k
13:58:31 : Group: Sean Wolfington: get silencer etc
13:58:35 : Group: Sean Wolfington: we could
13:58:49 : Group: Sean Wolfington: we made 250 k ;3
13:58:54 : Group: Sean Wolfington: for about 10 mins
13:59:40 : Group: Sean Wolfington: should be
14:00:49 : Group: Sean Wolfington: jesse
14:00:51 : Group: Canodetonator: Sitrep
14:00:53 : Group: Sean Wolfington: shipwrecks
14:01:12 : Group: Sean Wolfington: XD
14:01:47 : Group: Canodetonator: OK
14:01:51 : Group: Sean Wolfington: anybody have 7.5k
14:02:01 : Group: Sean Wolfington: my boat only holds 3
14:02:45 : Direct: Jack: Hi?
14:02:49 : Direct: Jackie Chan: hi
14:02:53 : Direct: Jackie Chan: how are u
14:03:00 : Direct: Jack: Im doing ok
14:03:08 : Direct: Jackie Chan: wonderfall
14:03:57 : Group: Sean Wolfington: only things with turtles nobody bothers you
14:04:01 : Group: Sean Wolfington: XD
14:04:24 : Group: Sean Wolfington: so no campiing
14:04:38 : Group: Sean Wolfington: jesse you know how to extarct from shipwreack
14:04:49 : Group: Sean Wolfington: ik i was there yesterday
14:04:54 : Group: Sean Wolfington: nathing there tho
14:04:56 : Group: Sean Wolfington: ye 
14:05:10 : Group: Sean Wolfington: they drive so slow tho
14:05:17 : Group: Sean Wolfington: i found the ship
14:05:43 : Group: Sean Wolfington: super intendant
14:06:43 : Group: Sean Wolfington: whai
14:07:17 : Group: Sean Wolfington: i lost my opuim lisence when i logged off ;3
14:07:35 : Group: Sean Wolfington: i own your opuim lisence ;3
14:11:33 : Group: Sean Wolfington: go athria / softlog
14:11:53 : Group: Oscar Wolfington: he might lose the contract
14:12:05 : Group: Sean Wolfington: there is a hitman place there
14:12:46 : Group: Sean Wolfington: kill 120 people nao
14:13:31 : Group: Sean Wolfington: or shot 1 person 120 times
14:14:01 : Group: Sean Wolfington: link
14:14:32 : Group: Jackie Chan: /vote day
14:15:05 : Group: Sean Wolfington: just vote night plz
14:15:58 : Group: Sean Wolfington: jesse does it say anything about drug dealer being kos
14:19:39 : Group: Sean Wolfington: ok back
14:20:16 : Group: Sean Wolfington: if this was night
14:20:48 : Group: Sean Wolfington: so jesse is drug dealers kos
14:20:51 : Group: Sean Wolfington: shift g 
14:21:13 : Group: Sean Wolfington: nah i was wondering cause yesterday
14:21:44 : Group: Sean Wolfington: hen they inatiated
14:21:50 : Group: Sean Wolfington: ye
14:22:10 : Group: Sean Wolfington: stiiiiiiiiiil?
14:22:45 : Group: Sean Wolfington: i only ever been banned from one server
14:22:51 : Group: Sean Wolfington: actually 2 
14:23:00 : Group: Sean Wolfington: one for cheat engine forgot to close it
14:23:11 : Group: Sean Wolfington: xd
14:23:15 : Group: Sean Wolfington: ahhh yus
14:23:35 : Group: Sean Wolfington: jesse me oscar never been banned for what we good at
14:24:08 : Group: Oscar Wolfington: i got banned from evo :d
14:24:14 : Group: Oscar Wolfington: For advertising 
14:24:15 : Group: Sean Wolfington: i was close to ;3
14:24:17 : Group: Sean Wolfington: XD
14:24:22 : Group: Oscar Wolfington: but i didn do it :d
14:25:24 : Group: Sean Wolfington: jesse
14:25:28 : Group: Sean Wolfington: dolphin squad
14:25:33 : Group: Sean Wolfington: we can get svds
14:25:44 : Group: Sean Wolfington: they subs
14:25:49 : Group: Sean Wolfington: y menu
14:26:07 : Group: Sean Wolfington: can i play a going into war song after this ?
14:26:40 : Direct: [APD] Supt. Martyr: Unsure sir
14:26:56 : Direct: [APD] Supt. Martyr: Please be careful, as they will take shots at you since you are armed
14:27:17 : Group: Sean Wolfington: just imagine if i could use this sense
14:28:44 : Group: Sean Wolfington: /i can
14:29:56 : Group: Sean Wolfington: XD
14:30:10 : Group: Sean Wolfington: gang hideout
14:30:17 : Group: Sean Wolfington: its like gang hideout in normal
14:30:29 : Group: Sean Wolfington: MLG POGCHAMP
14:30:48 : Group: Sean Wolfington: in safe zone you have god mode
14:31:10 : Group: [APD] Supt. Martyr: np
14:31:28 : Group: Sean Wolfington: guy in bobs gang said ira was shit
14:31:49 : Group: Sean Wolfington: got 500k bois
14:33:03 : Group: Sean Wolfington: DANK
14:33:47 : Group: Sean Wolfington: got 450 kills
14:34:43 : Group: Sean Wolfington: THAT LYNX MAG IS FUCKING 200k XD
14:34:50 : Group: Sean Wolfington: ye
14:35:17 : Group: Sean Wolfington: why there 2 rebel trainings
14:36:48 : Group: Sean Wolfington: rip
14:36:53 : Group: Sean Wolfington: i cant get water
14:37:29 : Group: Sean Wolfington: can snomeone give meh water
14:38:35 : Group: Sean Wolfington: think 2
14:38:45 : Group: Sean Wolfington: you need picaxes btw
14:39:18 : Group: Sean Wolfington: jesse
14:39:58 : Group: Sean Wolfington: so 400 k ;/
14:40:05 : Direct: Canodetonator: The Impire will compensate that for you
14:40:48 : Group: Sean Wolfington: weed ?
14:41:07 : Group: Sean Wolfington: jesse oil rig ;3
14:41:29 : Group: Sean Wolfington: btw jesse there is a way we can get ininftie gold
14:41:36 : Group: Sean Wolfington: we just need to find the right gold wreck
14:42:14 : Group: Sean Wolfington: jesse
14:42:33 : Group: Sean Wolfington: jesse 
14:42:35 : Group: Sean Wolfington: gold
14:42:38 : Group: Sean Wolfington: wrecks
14:43:00 : Group: Sean Wolfington: btw look at the chinese mafia xml jay
14:43:07 : Group: Sean Wolfington: cm
14:43:11 : Group: Sean Wolfington: bottem
14:43:15 : Group: Sean Wolfington: ahmed
14:43:33 : Group: Sean Wolfington: yuo
14:43:38 : Group: Sean Wolfington: bukka
14:43:43 : Group: Sean Wolfington: d
14:44:10 : Group: Sean Wolfington: xd
14:49:49 : Vehicle: Jack: Very very cold
14:50:00 : Vehicle: Jack: Mkay
14:50:04 : Group: Sean Wolfington: vermnins are legal ;3w
14:50:19 : Vehicle: Jack: I need fuel for my boat, its going no-were without it and I have so much fish its stupid 
14:51:13 : Vehicle: Jack: Yees
14:51:30 : Vehicle: Jack: Hmm?
14:51:37 : Group: Sean Wolfington: meh
14:51:55 : Group: Sean Wolfington: AS I SAID XD
14:53:41 : Group: Sean Wolfington: rebreather in car
14:54:06 : Group: Sean Wolfington: thats boat 1
14:54:37 : Group: Sean Wolfington: it disappers
14:54:45 : Group: Sean Wolfington: JUST FUCKING MOVE
14:55:25 : Direct: William: POLICE!!!
14:55:41 : Vehicle: Jack: ye
14:55:45 : Vehicle: Jack: but were a bit too low
14:55:50 : Group: Sean Wolfington: jesse come ere
14:55:53 : Group: Sean Wolfington: i give keys
14:55:54 : Group: [APD] Chief. Stalks: Eden, leave magne
14:56:39 : Direct: [NHS] Callum Sweetlove: IM ON MY WAY , A COP ARRESTED ME , SORRY FOR DELAY
14:56:52 : Group: Sean Wolfington: wassap boro
14:57:10 : Group: Sean Wolfington: i aint driing
14:57:13 : Group: Sean Wolfington: driving
14:57:20 : Group: Sean Wolfington: go to turtle
14:57:24 : Direct: Jack: WELLTHEN
14:57:28 : Direct: Jack: THIS IS AWKWARD
14:57:32 : Group: Sean Wolfington: JAY IUT ONLY 7.5k
14:57:41 : Direct: Jack: YO DUDE
14:57:59 : Group: Eirik: its Eirik dude ;)
14:58:08 : Direct: Jack: well
14:58:11 : Direct: Jack: this is wierd
14:58:23 : Direct: Jack: All them tuna n stuff
14:58:24 : Direct: Jack: gone
14:58:25 : Direct: Jack: gg
14:59:03 : Direct: Jack: Im going diving
14:59:17 : Direct: Jack: Shipwreck down here/
14:59:20 : Group: Eirik: .
14:59:21 : Group: [APD] Chief. Stalks: Eden
14:59:24 : Group: [APD] Chief. Stalks: release both of them
14:59:34 : Group: Sean Wolfington: jesse in boat
14:59:35 : Group: Sean Wolfington: look
14:59:38 : Group: Sean Wolfington: rco fo you
14:59:45 : Group: [APD] Chief. Stalks: eden, hold on
15:00:15 : Group: [APD] Chief. Stalks: eden, release magne
15:00:19 : Group: [APD] Chief. Stalks: his free to go
15:00:25 : Group: [APD] Chief. Stalks: eden
15:00:27 : Group: [APD] Chief. Stalks: release him
15:00:33 : Group: [APD] Chief. Stalks: just magne
15:00:34 : Direct: William: i am not wanted, i have not killed anyone. i have no reason to go to jaiil
15:00:38 : Direct: William: rekt
15:00:39 : Group: Sean Wolfington: emm ;3
15:00:45 : Group: [APD] Chief. Stalks: it was fail rp in catching him
15:00:57 : Group: [APD] Chief. Stalks: his complaining in the help channel
15:01:12 : Group: Sean Wolfington: HIUGHFLUTE
15:01:32 : Vehicle: Jack: You too
15:01:37 : Group: Sean Wolfington: its sfire cousin who he rapesKappa
15:01:46 : Group: [APD] Chief. Stalks: eden
15:01:48 : Group: [APD] Chief. Stalks: his free
15:01:49 : Vehicle: Jack: This is not my fault btw he crashed the heli XD
15:01:52 : Group: [APD] Chief. Stalks: calm down
15:02:09 : Vehicle: Jack: Dude
15:02:16 : Vehicle: Jack: hes gonna be havin' a chilly willy for a while
15:02:28 : Vehicle: Jack: that water was cold :>
15:02:37 : Vehicle: [APD] Supt. MrDunis: :> Nothing is better then a cold morning swim
15:02:59 : Vehicle: [APD] Supt. MrDunis: Is Pyrgros good for you? Thats our destionation right now
15:03:09 : Vehicle: Jack: Yeah its ok
15:03:25 : Vehicle: Jack: He looks bumhurt
15:03:28 : Vehicle: Jack: look at his face
15:04:30 : Direct: Jack: Mmm thanks
15:04:32 : Direct: Jack: :3
15:04:40 : Direct: Jack: Mkay thanks guys
15:07:26 : Group: Sean Wolfington: jesse wanna pick him ap ?
15:07:31 : Group: [APD] Chief. Stalks: eden, calm your language
15:08:25 : Group: Sean Wolfington: fitta
15:08:51 : Direct: Benja: I dont know
15:09:13 : Group: Sean Wolfington: in french 10 is sounds liek dick
15:11:04 : Group: Sean Wolfington: i do 
15:12:53 : Group: [APD] Chief. Stalks: Eden
15:13:12 : Group: [APD] Chief. Stalks: do NOT impound your own car
15:13:19 : Group: [APD] Chief. Stalks: doesnt matter
15:13:23 : Group: [APD] Chief. Stalks: do NOT impound it
15:13:36 : Group: [APD]Sgt. Nick Nolif: You're not supposed to impound your own car in no s ituation
15:13:48 : Group: [APD]Sgt. Nick Nolif: Just repair it or get someone else to impound it
15:14:24 : Group: Sean Wolfington: we can still hear the snap
15:15:24 : Group: Sean Wolfington: say dank memes
15:15:50 : Group: Sean Wolfington: THEY ARE BOTH MINE
15:16:32 : Group: Sean Wolfington: DEFINATLY ZAC
15:16:40 : Direct: [THC] Com. Kirito: // It was a fucking accident
15:18:04 : Group: Sean Wolfington: KERVALA
15:18:28 : Group: Sean Wolfington: MY BOAT
15:18:42 : Group: Oscar Wolfington: DAS BOOT
15:20:07 : Group: Oscar Wolfington: Solski be like : ich ficke dine mutters boot am montag
15:20:09 : Group: Sean Wolfington: THE CHIEF THEN DISCONNECTS XD
15:20:50 : Group: Oscar Wolfington: i duno
15:22:14 : Group: Oscar Wolfington: UBoot <3
15:22:23 : Group: Oscar Wolfington: Ayy >d
15:22:34 : Group: Sean Wolfington: jay you can give him the sdar
15:23:04 : Group: Sean Wolfington: funny thing is 
15:23:09 : Group: Sean Wolfington: solski you knocked out oscar
15:23:19 : Group: Sean Wolfington: even tho i knocked you otu before ;3
15:23:24 : Group: [APD] Supt. MrDunis: Eden jail Tango
15:24:47 : Group: Sean Wolfington: JESSE HAS A SPARE
15:24:50 : Group: Sean Wolfington: ASK EM
15:25:07 : Group: Sean Wolfington: yes
15:25:33 : Group: Sean Wolfington: DEFINATLY ZAC
15:26:46 : Group: Sean Wolfington: 20 TURTLES DANK
15:27:33 : Group: Sean Wolfington: oscar you gay everyday to get oiff schuul?
15:27:39 : Vehicle: Tango: finally someone who is decend pilot :P
15:28:16 : Vehicle: Rex: lucky its not william that is flying... or to say flying and then not flying..
15:28:39 : Vehicle: Tango: haha xD
15:28:39 : Vehicle: Magne: lol rex
15:28:43 : Vehicle: William: F
15:28:46 : Vehicle: William: U
15:28:48 : Vehicle: William: C
15:28:50 : Vehicle: William: K
15:28:52 : Vehicle: William: U
15:28:59 : Vehicle: Rex: ^^
15:29:18 : Vehicle: William: i am best pilot
15:29:57 : Group: Sean Wolfington: i to stronk ;3
15:30:01 : Vehicle: Tango: ahahahaha
15:30:12 : Group: Sean Wolfington: i think i have salt running
15:30:14 : Vehicle: Tango: ahahahahahahahaha
15:30:25 : Group: Sean Wolfington: WE GOT YOUR SHIT XD
15:30:58 : Group: Sean Wolfington: you stole my boat relle
15:31:18 : Group: Sean Wolfington: ye kno
15:31:49 : Group: Sean Wolfington: so beuutiful
15:31:56 : Group: [APD] Supt. MrDunis: Niifo hurry up a bit
15:32:01 : Group: [APD] Supt. MrDunis: His frineds might be coming
15:32:07 : Group: [APD] Supt. MrDunis: Ticket him also
15:32:16 : Group: Sean Wolfington: they at top
15:32:27 : Group: [APD] Supt. MrDunis: 35k ticket for firearm
15:32:41 : Group: [APD] Supt. MrDunis: 5k for threatening a civlian life
15:32:44 : Group: [APD] Supt. MrDunis: which means 40k
15:32:45 : Group: [APD] Supt. MrDunis: oh okay
15:33:34 : Group: Sean Wolfington: seel this part 
15:33:35 : Group: Sean Wolfington: ??
15:34:10 : Group: Oscar Wolfington: Sure
15:34:53 : Group: Oscar Wolfington: Fake Fire 
15:36:03 : Direct: Ahmed: http://steamcommunity.com/sharedfiles/filedetails/?id=644580761
15:37:01 : Group: Sean Wolfington: DANK
15:37:16 : Group: Sean Wolfington: gimem ta money we split
15:37:24 : Group: Sean Wolfington: shift h
15:37:34 : Group: Sean Wolfington: nah
15:37:37 : Group: Sean Wolfington: OSCAR
15:37:41 : Group: Sean Wolfington: MANE
15:37:41 : Direct: Eirik: HOW DID YOU GET THAT BIG TRUCKK?
15:37:53 : Vehicle: [Naked] JabbaTheSlutt: Whats the cop name
15:37:56 : Vehicle: [Naked] JabbaTheSlutt: Hold on
15:39:31 : Direct: Eirik: TITS OR RIOT
15:40:01 : Group: Sean Wolfington: jesse cut is 86k
15:40:06 : Group: Sean Wolfington: out of this one
15:40:16 : Group: Sean Wolfington: waser ?
15:40:25 : Group: Sean Wolfington: btw the oil rig has aimbotting ai
15:41:28 : Group: Sean Wolfington: i regreat what i just did
15:41:48 : Group: Sean Wolfington: good good you?
15:42:53 : Group: Sean Wolfington: yus
15:44:04 : Vehicle: [Naked] Dazed: 185.38.149.82:9197
15:44:14 : Vehicle: Hermanovic: /
15:46:18 : Direct: Antony-J: Stop
15:46:24 : Direct: Antony-J: STOP
15:46:27 : Group: Sean Wolfington: sorta wanna do opuim
15:46:34 : Group: Oscar Wolfington: ayy
15:46:38 : Group: Sean Wolfington: since we do have guns
15:47:55 : Vehicle: [Naked] Dazed: it's done for
15:48:00 : Vehicle: [Naked] Dazed: rip mic
15:48:11 : Vehicle: [Naked] Dazed: not sure
15:48:19 : Vehicle: [Naked] Dazed: i'll get my own car?
15:48:23 : Vehicle: [Naked] Dazed: na pc
15:48:37 : Group: Sean Wolfington: ok swim back
15:49:27 : Direct: [Naked] JabbaTheSlutt: [Naked]
15:50:25 : Group: Sean Wolfington: XD
15:50:30 : Group: Sean Wolfington: PLIOT
15:50:36 : Group: Sean Wolfington: autohover ;3
15:50:38 : Group: Sean Wolfington: ye
15:51:12 : Group: Sean Wolfington: jesse ;3
15:51:20 : Group: Sean Wolfington: wha solski
15:51:27 : Group: Sean Wolfington: yeeees
15:51:33 : Group: Sean Wolfington: xd
15:52:03 : Group: Sean Wolfington: jesse remeberthat time when the dlc was just released 
15:52:13 : Group: Sean Wolfington: and me you oscar where in a car as wookis
15:52:23 : Group: Sean Wolfington: and we had silencers sticking out of the roofs XD#
15:53:52 : Group: Sean Wolfington: the egg is the jar
15:54:11 : Group: [Naked] Dazed: help
15:54:12 : Group: [Naked] Dazed: stuck
15:54:42 : Group: Sean Wolfington: not me
15:54:48 : Group: Sean Wolfington: nej
15:54:54 : Group: Sean Wolfington: ye 
15:56:02 : Group: Sean Wolfington: that bob guy insulted the irs
15:57:07 : Group: Sean Wolfington: ye so ;3
15:57:16 : Group: Sean Wolfington: ik
15:57:33 : Group: Sean Wolfington: no
15:58:05 : Group: Sean Wolfington: btw look in inventory of the trucks there is a repair kit 
15:58:08 : Group: Sean Wolfington: should be
15:58:17 : Group: Sean Wolfington: ye
15:58:33 : Group: Sean Wolfington: nah
15:58:42 : Group: Sean Wolfington: you pay 2k get out a truck
15:58:46 : Group: Sean Wolfington: you pay 250 for a toolkit
15:59:28 : Group: Sean Wolfington: 3
16:01:08 : Group: [Naked] Dazed: ready
16:01:39 : Direct: [Naked] Dazed: mic is dead out of roleplay
16:01:52 : Direct: [Naked] Dazed: i've got no repair kit
16:01:55 : Direct: [Naked] Dazed: my tyres popped
16:02:06 : Direct: [Naked] Dazed: why am i being cuffed?
16:02:30 : Vehicle: [Naked] Dazed: yes what reason am I in the car?
16:02:40 : Vehicle: [Naked] Dazed: i'm not wanted
16:02:50 : Vehicle: [Naked] Dazed: where is your proof
16:02:58 : Vehicle: [Naked] Dazed: I have no been involved in crime
16:03:09 : Vehicle: [Naked] Dazed: out of roleplay
16:03:12 : Direct: Jackie Chan: yes
16:03:13 : Direct: Jackie Chan: ty
16:03:52 : Direct: [Naked] Dazed: you know your breaking all the rules here?
16:04:01 : Direct: [Naked] Dazed: type please
16:04:08 : Direct: [Naked] Dazed: no manslaughter
16:04:12 : Direct: [Naked] Dazed: i was ransomed yesterday
16:04:14 : Group: Sean Wolfington: I AM A FUCKING SPECIALIST BIUATCH
16:04:15 : Direct: [Naked] Dazed:  iwas on a boat
16:04:21 : Direct: White Bob: WAT
16:04:25 : Direct: [Naked] Dazed: don't put me in jail
16:04:27 : Direct: [Naked] Dazed: i want proof
16:04:30 : Group: Sean Wolfington: jesse
16:04:32 : Direct: [Naked] Dazed: i even have a gun license/
16:04:35 : Group: Sean Wolfington: i have all the leval 1 skills
16:04:37 : Direct: [Naked] Dazed: and no kills
16:05:32 : Group: Sean Wolfington: jesse
16:05:44 : Group: Sean Wolfington: gandhi john are gonna join us / narcos
16:06:05 : Group: Sean Wolfington: gimme the xml
16:06:29 : Group: [APD] Supt. MrDunis: Anything for you <3
16:06:34 : Group: [APD] Chief. Hamilton: thankyou
16:06:45 : Group: Sean Wolfington: i have a shit ton of uids
16:07:15 : Group: Sean Wolfington: jesse i have about 15 uids of peoepl
16:07:18 : Group: Sean Wolfington: i have his uid etc
16:07:33 : Group: Oscar Wolfington: Zek wolfinton
16:08:27 : Group: Sean Wolfington: solski 
16:08:30 : Group: Sean Wolfington: the way i went
16:08:45 : Group: Sean Wolfington: jesse can i go atm
16:08:52 : Group: Sean Wolfington: put away muh turtle mane
16:08:55 : Group: Sean Wolfington: ye
16:10:00 : Group: Sean Wolfington: he does
16:10:07 : Direct: [Naked] Dazed: I don't know why I was arrested
16:10:18 : Group: Sean Wolfington: you mean highflute
16:10:27 : Group: Sean Wolfington: wut
16:10:59 : Group: Sean Wolfington: yup
16:11:07 : Group: Sean Wolfington: 1.5
16:11:40 : Group: Sean Wolfington: oscar remeber halloween last year the FOG XD
16:12:05 : Group: Sean Wolfington: oscar is the biggest desyncer ere
16:12:19 : Group: TheSFire: eDEN
16:12:23 : Group: Sean Wolfington: wut
16:12:25 : Group: Sean Wolfington: fakker
16:12:31 : Group: TheSFire: FAK U
16:12:40 : Group: TheSFire: MUDDAR FUKKER
16:12:55 : Group: [APD] Insp. Richo: Following Kate Upton SUV, robbers inside
16:12:58 : Group: Sean Wolfington: zac is a love incest and he has admitted it
16:13:11 : Group: Sean Wolfington: xd
16:13:17 : Group: Sean Wolfington: i aint awake ;3
16:13:23 : Group: Sean Wolfington: Dia duit 
16:14:45 : Group: Sean Wolfington: brains are dcheap ;3
16:15:02 : Group: Sean Wolfington: ik ;3
16:15:43 : Group: Sean Wolfington: YES
16:15:56 : Group: Sean Wolfington: XD
16:16:05 : Group: [APD] Chief. Hamilton: WAS THE PRISON FIXED?
16:16:17 : Group: [APD] Supt. MrDunis: bugged
16:16:19 : Group: [APD]Sgt. Nick Nolif: Nope glitched
16:16:23 : Group: [APD] Chief. Hamilton: stick flag poles in it
16:17:02 : Group: Sean Wolfington: troy2k15
16:17:13 : Group: [APD] Chief. Hamilton: use placeables and block jail door
16:17:47 : Group: Sean Wolfington: 40 mins
16:19:55 : Group: [APD] Insp. Richo: weed field hummingbird 2 ppl
16:20:47 : Vehicle: [Naked] Dazed: where to?
16:20:50 : Vehicle: [Naked] Dazed: where is it?
16:21:11 : Group: Sean Wolfington: DONT
16:21:28 : Group: Sean Wolfington: WAZZAP
16:21:31 : Direct: [APD] Sgt. Randall: APD  PULL OVER
16:21:47 : Group: [APD] Insp. Richo: They got away because dunis can't decide for shit
16:23:18 : Direct: [Naked] Dazed: no
16:24:45 : Group: [APD] PC. Jano: JAIL DOOR IS BLOCKED OFF
16:25:08 : Direct: [Naked] Dazed: we can carry 13
16:25:14 : Group: Sean Wolfington: take pick
16:25:22 : Direct: [Naked] Dazed: i'm staring at it
16:25:24 : Direct: [Naked] Dazed: it's on me
16:25:37 : Group: Sean Wolfington: WHAT XD
16:25:50 : Group: Sean Wolfington: rip
16:26:16 : Group: Sean Wolfington: no value of life
16:27:04 : Group: Sean Wolfington: rip 750k
16:28:21 : Direct: [Naked] Dazed: matthew are we going to a gang outpost?
16:29:16 : Group: Sean Wolfington: guess we may ave to resort to coke etc
16:31:21 : Group: [APD] PC. Jano: me and nifo are responding
16:31:57 : Group: [APD] Chief. Hamilton: hes been taken away, do not pursuit you will be endangering his life.
16:32:11 : Group: [APD] Chief. Hamilton: wait for him to declare his demands
16:32:35 : Direct: [NHS] Dr. Senju: fak
16:32:39 : Direct: [Naked] JabbaTheSlutt: Yes
16:32:41 : Direct: [Naked] JabbaTheSlutt: First aid kit
16:32:42 : Direct: [NHS] Dr. Senju: ea
16:32:52 : Direct: [Naked] Dazed: no
16:32:52 : Direct: [NHS] Dr. Senju: sounded like fag
16:32:54 : Direct: [Naked] Dazed: ;)
16:32:55 : Direct: [Naked] JabbaTheSlutt: Thanks xD
16:32:55 : Direct: [NHS] Dr. Senju: like a smoke..
16:32:58 : Group: Sean Wolfington: taking shots
16:33:03 : Direct: [NHS] Dr. Senju: And im against smoking!
16:33:08 : Group: Lt. J. Wolfington: ;)
16:33:11 : Group: Lt. J. Wolfington: ...
16:33:14 : Group: Sean Wolfington: fak u
16:33:16 : Group: [APD] Supt. MrDunis: Hamil are you taking negotiations?
16:33:16 : Group: Lt. J. Wolfington: 3
16:33:33 : Group: Sean Wolfington: carry on
16:33:37 : Group: [APD] Chief. Hamilton: no im too high risk cos if i get captured im $300k
16:33:42 : Group: Sean Wolfington: btw jay hemay have impounded it ?
16:33:45 : Group: [APD] Chief. Hamilton: i need one of youze to do it
16:33:51 : Group: [APD]Sgt. Nick Nolif: We're coming
16:33:53 : Group: [APD]Sgt. Nick Nolif: witht he moneyq
16:33:55 : Group: [APD] Supt. MrDunis: Shall we sacrifce Nifo
16:34:04 : Direct: [APD] Chief. Hamilton: send nifo, dunis you transport him
16:34:08 : Group: [APD] PC. Jano: yes
16:34:14 : Group: [APD]Sgt. Nick Nolif: stfu jano you're turkish
16:34:18 : Group: Sean Wolfington: carry on ?
16:34:19 : Group: [APD] Chief. Hamilton: send nifo, dunis you transport him. after its done ill give you the money
16:34:29 : Group: [APD] Chief. Hamilton: hes worth $125k. give them no more than that
16:34:31 : Group: [APD]Sgt. Nick Nolif: jano is transporting me
16:34:32 : Group: [APD] Supt. MrDunis: Sounds good
16:34:38 : Group: [APD] Chief. Hamilton: thats fine
16:34:43 : Group: [APD]Sgt. Nick Nolif: for me ben is worth millions
16:34:52 : Group: [APD] Chief. Hamilton: not according to our law
16:34:56 : Group: [APD] Chief. Hamilton: 125k max
16:35:58 : Group: Sean Wolfington: ye
16:36:01 : Group: [APD]Sgt. Nick Nolif: we're waiting on the message
16:36:26 : Group: [APD]Sgt. Nick Nolif: for
16:36:30 : Group: [APD] Chief. Hamilton: yes, wait
16:36:58 : Group: [APD]Sgt. Nick Nolif: no worries
16:37:02 : Group: [APD]Sgt. Nick Nolif: everythign is under control
16:37:25 : Group: [APD]Sgt. Nick Nolif: scratch that
16:37:29 : Group: [APD]Sgt. Nick Nolif: medic just crashed next to us
16:38:53 : Direct: [NHS] Dr. Senju: Move it
16:38:54 : Direct: [NHS] Dr. Senju: More
16:38:59 : Direct: [NHS] Dr. Senju: i cant spawn it
16:39:05 : Direct: [NHS] Dr. Senju: Already on pad it says
16:39:18 : Group: Sean Wolfington: hato
16:39:34 : Group: Sean Wolfington: rage quit i think
16:39:39 : Group: Sean Wolfington: nah
16:39:45 : Group: Sean Wolfington: that truck 750k
16:39:47 : Group: Sean Wolfington: ye
16:39:50 : Group: Sean Wolfington: and mine
16:40:00 : Group: Sean Wolfington: hidden in a  reeds
16:40:02 : Group: [APD]Sgt. Nick Nolif: flashbangs?
16:40:07 : Group: Sean Wolfington: carry on
16:40:11 : Group: Sean Wolfington: nah
16:40:13 : Group: Sean Wolfington: fin the run
16:40:33 : Group: [APD] Supt. MrDunis: Cant give out police issued gear
16:40:33 : Group: Sean Wolfington: shops etc i think
16:40:44 : Group: Sean Wolfington: yus
16:40:44 : Group: [APD] Chief. Hamilton: nope
16:40:46 : Group: [APD] Chief. Hamilton: money only.
16:40:59 : Group: [APD]Sgt. Nick Nolif: will deal with it
16:41:08 : Group: Sean Wolfington: medic
16:41:46 : Group: Sean Wolfington: he isnt
16:42:08 : Group: Sean Wolfington: btw
16:42:16 : Group: Sean Wolfington: free stuff in car
16:42:29 : Group: Sean Wolfington: he got tazed
16:42:36 : Group: Sean Wolfington: free shit in car
16:42:40 : Group: Sean Wolfington: oh xd
16:42:41 : Group: Sean Wolfington: wut
16:42:55 : Group: Sean Wolfington: 2sdars xd
16:42:58 : Group: Sean Wolfington: oscar
16:43:15 : Group: Sean Wolfington: in backapck
16:43:56 : Group: Sean Wolfington: best driver eu bois
16:46:38 : Group: Sean Wolfington: nope
16:46:55 : Group: Sean Wolfington: wut
16:46:56 : Group: Sean Wolfington: XD
16:47:14 : Direct: BurnsyWRD: vote daz
16:47:34 : Group: Sean Wolfington: he say anything about meh
16:49:32 : Group: Sean Wolfington: yes
16:49:37 : Group: Sean Wolfington: its money so
16:50:34 : Group: Sean Wolfington: we finish this quick
16:50:36 : Group: Sean Wolfington: get n
16:50:42 : Group: Sean Wolfington: we  try finish the dealer
16:51:47 : Group: [NHS] Callum Sweetlove: im on standby , let me know if u need assistanc
16:51:55 : Group: [THC] Rct. Dionoss: justus
16:52:39 : Group: Sean Wolfington: get rdmed ?
16:52:44 : Direct: Muddah: desync
16:54:09 : Vehicle: [UGC]BoyWonder: Now then
16:54:15 : Vehicle: [UGC]BoyWonder: hiya
16:54:17 : Vehicle: [UGC]BoyWonder: :O
16:54:27 : Vehicle: [UGC]BoyWonder: fuck you
16:54:34 : Vehicle: [UGC]BoyWonder: :D
16:54:39 : Vehicle: [UGC]BoyWonder: love you
16:54:41 : Group: [APD] Supt. MrDunis: I just fired a bullet my bad
16:54:53 : Vehicle: [UGC]BoyWonder: lmao
16:55:30 : Vehicle: [UGC]BoyWonder: ahahaha
16:55:40 : Vehicle: [UGC]BoyWonder: kill em all
16:56:32 : Vehicle: White Bob: wer getting fucking shot
16:57:44 : Direct: Agenie: HELLO?
16:57:50 : Vehicle: [UGC]BoyWonder: now then, what we up to
16:58:27 : Vehicle: [UGC]BoyWonder: what we doinggg
16:58:37 : Group: Sean Wolfington: DRIVE BIATCH
16:58:58 : Vehicle: [UGC]BoyWonder: i think thats illegal
16:59:17 : Vehicle: [UGC]BoyWonder: you are rebel
16:59:19 : Group: Sean Wolfington: got 350k xd
16:59:27 : Vehicle: [UGC]BoyWonder: you a mad nigga
16:59:29 : Group: Oscar Wolfington: 320k
16:59:33 : Group: Sean Wolfington: dank
16:59:35 : Vehicle: [UGC]BoyWonder: :O
16:59:48 : Vehicle: [UGC]BoyWonder: you are so rebellious
16:59:53 : Group: Sean Wolfington: we are sp lucky xd
16:59:54 : Group: Oscar Wolfington: 40 minute run <3
17:10:36 : Direct: [NHS] Callum Sweetlove: hey
17:10:44 : Direct: [NHS] Callum Sweetlove: im ground unit today in kavala
17:12:48 : Group: [APD] Chief. Stalks: strider kavala square
17:14:11 : Group: [NHS] Callum Sweetlove: u got them in the east>?
17:16:30 : Group: [APD] PC. Morrisino: i'll take care of mikes lads
17:18:35 : Group: [APD] Chief. Stalks: 2 armed outside kavala in a strider
17:19:20 : Group: [APD] PC. Morrisino: on route stalks 
17:19:33 : Group: [APD] Chief. Stalks: 2 armed
17:19:44 : Group: [APD] Chief. Stalks: heading towards kavala
17:20:27 : Group: Tango: anthony
17:20:30 : Group: Tango: why u not in ts
17:20:46 : Direct: [Naked] Dazed: yeah
17:26:41 : Direct: Muddah: afk
17:26:43 : Direct: Muddah: i gtg
17:26:47 : Direct: Muddah: bye
17:27:25 : Direct: [APD]Sgt. Nick Nolif: don't log out...
17:27:28 : Direct: Muddah: I WONT
17:27:29 : Direct: Muddah: AFK
17:27:31 : Direct: Muddah: ILL STAY IN GAME
17:27:34 : Direct: [APD]Sgt. Nick Nolif: k i'll get you in jail
17:27:38 : Direct: Muddah: K
17:28:23 : Vehicle: [APD] Chief. Hamilton: 216.127.64.88:5748
17:28:57 : Group: [APD]Sgt. Nick Nolif: Need help just outside kavala
17:29:03 : Group: [APD]Sgt. Nick Nolif: we are dead, medic and armed guys here
17:29:07 : Group: [APD]Sgt. Nick Nolif: well we aren't really dad
17:29:09 : Group: [APD]Sgt. Nick Nolif: well kinda
17:29:22 : Vehicle: [APD] PC. Morrisino: keys pl\
17:29:33 : Group: [APD]Sgt. Nick Nolif: GET OVER HERE FAST
17:29:34 : Vehicle: [APD] PC. Morrisino: keys plz for car :P
17:31:59 : Vehicle: jakob: real life : gotta get somethign to drink :P
17:32:00 : Direct: Antony-J: No
17:33:34 : Direct: [Naked] Dazed: do you guys use full auto or semi?
17:35:05 : Direct: Konan: want to go mess with the cops?
17:35:17 : Direct: Konan: uhh/
17:35:21 : Direct: Konan: where
17:35:27 : Direct: Konan: see you there
17:38:11 : Direct: [Naked] Dazed: i have 13 too
17:46:33 : Direct: War: GUN FOR $5000 DOLLAR
17:48:04 : Vehicle: [Naked] Dazed: i have
17:48:43 : Direct: [Naked] Dazed: yh
17:50:49 : Direct: [Naked] Dazed: i'l store 
17:51:03 : Direct: Mass Effect-ion: That's your gun?
17:51:09 : Direct: Mass Effect-ion: Don't admit that, they will fine you!
17:53:29 : Direct: [Naked] Dazed: i;m in
17:57:00 : Direct: [Naked] Dazed: one herms go i'll store
17:57:04 : Direct: [Naked] Dazed: on
17:57:52 : Direct: [Naked] Dazed: who's storing?
17:58:28 : Direct: [Naked] Dazed: is it me storing now?
17:58:48 : Direct: [Naked] Dazed: i'll be the sniper cover on fed
17:59:30 : Vehicle: [APD] Chief. Hamilton: lagging like a mtherfker
18:01:09 : Direct: BurnsyWRD: get out
18:01:12 : Direct: BurnsyWRD: go on foot 
18:01:26 : Direct: [Naked] Dazed: i stored
18:02:55 : Direct: [Naked] Dazed: we need to bank this cash, we'll lose so much
18:03:33 : Direct: Callumsweetlove: help
18:03:34 : Direct: Callumsweetlove: me
18:03:35 : Direct: [Naked] Dazed: na
18:03:36 : Direct: [Naked] Dazed: too risky
18:03:40 : Direct: [Naked] Dazed: 90k
18:03:50 : Direct: [Naked] Dazed: got 1.6
18:03:52 : Direct: Callumsweetlove: did u bring a toolkit
18:04:18 : Direct: [NHS] VibZ: boobie
18:05:00 : Direct: S.Folgerø: How do i pick it up
18:05:17 : Direct: S.Folgerø: i cant pick it up
18:05:38 : Direct: S.Folgerø: how do i pick it up
18:06:15 : Direct: [Naked] Dazed: sweaty hands lol
18:06:58 : Direct: S.Folgerø: CYA :d
18:12:09 : Group: [APD] Supt. MrDunis: Someone has captured a Pawnee, if you see it please notify everyone about its location
18:16:09 : Direct: Mass Effect-ion: It's martyr
18:16:13 : Direct: Mass Effect-ion: I am moving it to hq
18:16:32 : Group: [Naked] Dazed: to athira?
18:16:36 : Direct: Mass Effect-ion: Yo
18:16:41 : Direct: Mass Effect-ion: its against rules
18:16:45 : Direct: Mass Effect-ion: I am moving it to hq
18:16:46 : Direct: Mass Effect-ion: ty
18:17:54 : Direct: Mass Effect-ion: I
18:17:57 : Direct: Mass Effect-ion: It's martyr
18:18:02 : Direct: Mass Effect-ion: I was bringing it back to hq
18:18:08 : Direct: Mass Effect-ion: someone left it near construction
18:18:16 : Direct: Mass Effect-ion: npnp
18:18:17 : Direct: [NHS] VibZ: inw
18:18:25 : Direct: Mass Effect-ion: Eden
18:18:31 : Direct: Mass Effect-ion: can you give me a lift to construction please?
18:18:37 : Direct: Mass Effect-ion: ty
18:19:06 : Group: [Naked] Dazed: where 
18:19:06 : Direct: White Bob: nay
18:19:14 : Direct: White Bob: get in
18:19:19 : Direct: Mass Effect-ion: ahhh
18:19:21 : Direct: Mass Effect-ion: ty man
18:19:44 : Direct: Mass Effect-ion: need a rep?
18:19:45 : Direct: Mass Effect-ion: np
18:19:47 : Direct: Mass Effect-ion: nm
18:21:37 : Vehicle: Justus: Hey buddy i have the right to use the bathroom 
18:21:40 : Vehicle: Justus: pull over
18:21:51 : Vehicle: Justus: i know my rights
18:24:09 : Direct: White Bob: come nay
18:24:13 : Group: Cain *WoodLand*: .D
18:25:32 : Direct: White Bob: KILL COPS
18:27:48 : Direct: jorma_000: let me in or i blow us both
18:28:13 : Direct: charlee: BEN
18:28:55 : Direct: jorma_000: v
18:29:03 : Direct: [Naked] Dazed: you broke it
18:31:33 : Direct: [Naked] Dazed: get me some food and water please
18:31:55 : Direct: [Naked] Dazed: :'(
18:32:42 : Direct: S.Folgerø: i have a pistol
18:32:46 : Direct: S.Folgerø: might pop out
18:32:47 : Direct: [APD] Supt. MrDunis: Shift H
18:33:03 : Direct: [Naked] Dazed: where are we going?
18:33:31 : Direct: [Naked] Dazed: my ropes ain't working
18:33:38 : Direct: [APD] Supt. MrDunis: If you could type
18:34:58 : Direct: S.Folgerø: Ø is uh :P
18:35:04 : Direct: [Naked] Dazed: which oine?
18:35:06 : Direct: jorma_000: nice
18:35:38 : Direct: [Naked] Dazed: can't see the rebel
18:35:40 : Direct: [Naked] Dazed: on the map
18:38:46 : Group: [APD] Chief. Stalks: no
18:39:04 : Direct: Jack: NO
18:39:05 : Direct: Jack: MY HELI
18:39:07 : Direct: Jack: YOU SHITHAT
18:39:12 : Direct: Jack: my heli
18:39:13 : Group: [APD] Chief. Stalks: probably me
18:39:14 : Direct: Jack: is on the roof
18:39:15 : Direct: Jack: you as
18:39:29 : Direct: Jack: My 
18:39:30 : Direct: Jack: heliu
18:39:32 : Direct: Jack: is 
18:39:33 : Direct: Jack: on
18:39:34 : Direct: Jack: the 
18:39:35 : Direct: Jack: roof
18:40:57 : Group: [APD] Chief. Stalks: on ts at the mo
18:41:11 : Group: [APD] Supt. MrDunis: Need someone to respond to Barney. Make sure you announce in group if you are so he does not get 50 messages
18:41:21 : Group: [APD] Mst Sgt. Pancakes: Want me to you or weed pros?
18:41:26 : Group: [APD] Chief. Hamilton: we will respond
18:41:52 : Group: [APD] Mst Sgt. Pancakes: Okay
18:42:21 : Group: [APD] SPC. Cyril Figgis: Didn't see anyone leave, there was 1 guy on foot didn't see any vehicles
18:42:53 : Group: [Naked] Dazed: back in a sec
18:43:11 : Group: [APD] Supt. MrDunis: Markjed Barneys Location. Someone respond now please
18:43:26 : Group: [APD] SPC. Cyril Figgis: Randalll he is gone
18:43:40 : Group: [APD] SPC. Cyril Figgis: It was martyrhe just infor
18:46:49 : Group: [Naked] Dazed: back
18:47:17 : Direct: Barney: medic
18:47:44 : Group: [APD] Supt. MrDunis: Remeber guys a lot of new civlians - RP to your maximum!
18:48:23 : Group: [Naked] Dazed: i wana snipe too
18:49:09 : Direct: Benja: Dood
18:49:20 : Group: [Naked] Dazed: can't
18:49:57 : Group: [Naked] Dazed: should i land?
18:50:56 : Group: [Naked] Dazed: move thta heli
18:50:59 : Group: [Naked] Dazed:  i need to go closer
18:51:22 : Direct: charlee: LMAO
18:52:33 : Group: [Naked] Dazed: am i with you then?#
18:52:55 : Group: [Naked] Dazed: what scope?
18:52:57 : Direct: [APD] Supt. Martyr: It's ok
18:53:02 : Direct: [APD] Supt. Martyr: please move the vehicle
18:53:25 : Direct: [APD] Supt. Martyr: Your car is unlocked sir
18:53:27 : Group: [APD] Sgt. Randall: on route
18:53:28 : Direct: [APD] Supt. Martyr: please lock it
18:53:30 : Direct: [Naked] Yakumo: Sup
18:53:45 : Direct: [Naked] Yakumo: Wuup2?
18:53:48 : Group: [APD] Chief. Stalks: use ts channels if you can
18:54:51 : Group: [APD]Sgt. Nick Nolif: We just stayed there 20 minutes
18:54:57 : Group: [APD]Sgt. Nick Nolif: Untill we decided to leave since nothing happens
18:56:48 : Group: [Naked] Dazed: will have you got food
18:56:49 : Direct: [MM] BoobieHunter: Mr medic my friend
18:57:03 : Group: [APD] Supt. Martyr: Anyone doing heroin come Kavala patrol
18:57:42 : Group: [APD] Supt. MrDunis: martyr mate we are all in the same channel already
18:57:50 : Direct: White Bob: ay
18:57:54 : Direct: White Bob: wheres nay
18:57:58 : Direct: [APD] PC. Morrisino: stop the Zamak or we will be forced to shoot the tires
18:58:02 : Direct: Eirik: i surrender
18:59:14 : Direct: [THC] Com. Kirito: 216.127.64.88:5748
18:59:56 : Group: [APD] Supt. MrDunis: Heroin  undercontrol anyone on their way can return to normal patrols
19:00:18 : Group: [Naked] Dazed: go up into the silo
19:00:25 : Direct: Jack: Hmm go fuck yourself and you deserve to die
19:00:26 : Group: [APD] Sgt. Randall: Type pancakes its lagging
19:00:29 : Group: [Naked] Dazed: therock line
19:00:31 : Group: [Naked] Dazed: to the right
19:02:18 : Group: [Naked] Dazed: can you shoot through the glass in these?
19:02:55 : Group: [Naked] Dazed: can you shoot through the glass windows?
19:04:24 : Group: [Naked] Dazed: can you shoot through the windows?
19:05:11 : Group: [APD] Supt. MrDunis: Gas station undercontrol
19:05:22 : Group: [APD] Chief. Stalks: bank
19:05:48 : Direct: [THC] Com. Kirito: a fucking spIKe strip you cunt
19:05:52 : Direct: [THC] Com. Kirito: Your getting banned
19:07:16 : Vehicle: [APD] Supt. MrDunis: Air HQ
19:12:57 : Group: [Naked] Dazed: how can they restrain us in combat situations
19:13:01 : Group: [Naked] Dazed: that's bs
19:13:04 : Group: [Naked] Dazed: i'm restrained
19:13:27 : Direct: Connor Murphy: how do u pick up money??????
19:15:07 : Direct: Barney: help medic
19:16:05 : Direct: Jan Willem: WTF DUDE
19:16:29 : Group: [Naked] Dazed: i was locked onto by loads of people, it was a kill for a kill
19:16:50 : Direct: jorma_000: fuck
19:16:57 : Direct: [Naked] Dazed: gg
19:17:00 : Direct: [Naked] Dazed: you guys did good
19:19:47 : Direct: [Naked] Dazed: kobra
19:19:50 : Direct: [Naked] Dazed: what gun should i get
19:20:05 : Group: [Naked] Dazed: kobra what gun should i get?
19:21:51 : Group: Liam: ...
19:22:39 : Group: [Naked] Dazed: any point in getting a silencer?
19:23:14 : Group: [Naked] Dazed: yeah this is a nice scope
19:23:34 : Group: [Naked] Dazed: kobra i'll get the chopper out?
19:24:57 : Direct: Konan: need a hand?
19:25:06 : Direct: Konan: okay
19:27:46 : Group: [Naked] Dazed: yeah?
19:27:54 : Group: [Naked] Dazed: rebel with kobra
19:29:48 : Group: [Naked] Dazed: we'll offroad it
19:30:01 : Group: [Naked] Dazed: where to?
19:34:50 : Direct: Alex Krimes: Lol
19:34:54 : Direct: White Bob: SHHHH
19:35:39 : Direct: S.Folgerø: Going to the gunstore
19:35:59 : Group: [Naked] Dazed: wjhere to?
19:36:00 : Group: [Naked] Dazed: where
19:36:24 : Direct: Alex Krimes: rip
19:36:37 : Direct: El PooP: im the one that told u about this 
19:36:38 : Group: [Naked] Dazed: ?
19:36:42 : Direct: S.Folgerø: I lost my pistol,, and they told me we could go to the gunstore
19:37:20 : Direct: Konan: sleep with me baby
19:37:42 : Direct: Konan: fire
19:37:58 : Direct: El PooP: hamilton
19:38:05 : Direct: El PooP: i told u abot this
19:38:44 : Group: Master Hunter: /
19:39:03 : Direct: Konan: sup
19:39:21 : Group: [APD] Chief. Hamilton: i know, he cant do anything. keep an eye on him
19:39:47 : Direct: Konan: thanks for telling me, ill go speak with him now
19:39:57 : Direct: El PooP: my story is that me and my firnd drove over here, and we got shot at and my friend got kkilled... so i went for cover in the hills
19:40:02 : Direct: El PooP: friend
19:40:03 : Direct: Alex Krimes: oki^^ Think it just was Black bob, dident se withbob:P
19:41:24 : Direct: El PooP: friend
19:42:06 : Group: [Naked] Dazed: i killed him
19:42:43 : Group: [Naked] Dazed: ctrl s
19:42:52 : Group: [Naked] Dazed: ctrl and s
19:43:10 : Direct: El PooP: why did u say that....
19:43:28 : Direct: PVT S.Jorgensen: .
19:43:45 : Direct: carl: can you buy radios?
19:43:56 : Direct: S.Folgerø: Fuck me in the arse xD
19:44:11 : Direct: S.Folgerø: happily gunstore day, and we get drugscated
19:44:56 : Direct: El PooP: can I like, go??
19:45:11 : Direct: [Naked] Frosted: ...
19:47:08 : Direct: El PooP: i was not involved in this
19:47:58 : Group: [Naked] Dazed: i need to go for dinner
19:51:51 : Direct: [Naked] Dazed: can you move please?
19:52:01 : Direct: [Naked] Dazed: lol
19:52:02 : Direct: [Naked] Dazed: come on
19:52:13 : Direct: [Naked] Dazed: oi lads
19:52:16 : Direct: [Naked] Dazed: move lol
19:52:21 : Direct: [Naked] Dazed: looool
19:52:28 : Direct: Muddah: ?
19:52:32 : Direct: Muddah: WHAT
19:52:34 : Direct: Jimmy Murphy: cops are first priority
19:52:49 : Direct: [Naked] Dazed: yeah
19:54:37 : Group: [NHS] Dr. Senju: Do so
19:54:41 : Direct: jesse (2): wtf 
19:55:14 : Direct: aiden robertson: yea
19:55:22 : Direct: aiden robertson: ok
19:55:27 : Direct: aiden robertson: you to
19:55:32 : Direct: aiden robertson: XD
19:57:57 : Direct: Jack: Oy
19:57:59 : Direct: Jack: nick
19:58:07 : Direct: Jack: Want to come fishing with me? :)
19:58:21 : Direct: Jack: I cant hear u
19:58:24 : Direct: Jack: dis assholes car
19:58:36 : Direct: [APD]Sgt. Nick Nolif: No sorry mate its very busy
19:58:37 : Direct: jorma_000: i will become police
19:58:40 : Direct: jorma_000: so we will meet
20:02:07 : Direct: Jack: wot u gonna do
20:03:10 : Direct: jorma_000: seeya
20:03:12 : Direct: jorma_000: bitch
20:03:20 : Direct: jorma_000: we will meet again
20:04:28 : Direct: [NHS] Dr. Senju: ............................
20:05:11 : Direct: [NHS] Dr. Senju: WIRE
20:05:12 : Direct: [NHS] Dr. Senju: IT
20:05:24 : Direct: [NHS] Dr. Senju: My poor heli
20:05:28 : Direct: [NHS] Dr. Senju: Poor poor helio
20:05:32 : Direct: [NHS] Dr. Senju: its fine then
20:05:35 : Direct: [NHS] Dr. Senju: its fine >(
20:06:30 : Direct: jorma_000: uiii
20:11:11 : Direct: Tango: hello vibz
20:11:31 : Direct: Tango: hello
20:11:39 : Direct: Tango: hello friend
20:11:44 : Direct: [NHS] VibZ: yo!
20:11:45 : Direct: Tango: hello
20:13:10 : Group: [APD] Chief. Hamilton: yes
20:17:20 : Direct: Tango: hello
20:19:02 : Direct: Jack: Nick
20:19:05 : Direct: Jack: NICJ
20:19:07 : Direct: [APD]Sgt. Nick Nolif: Hello
20:19:07 : Direct: Jack: WHY
20:19:09 : Direct: Jack: YOU ASS
20:19:15 : Direct: Jack: I HAD SO MUCH FISH IN THAT
20:19:41 : Direct: [APD]Sgt. Nick Nolif: come with me
20:19:59 : Direct: [Naked] Yakumo: wat
20:20:12 : Direct: [Naked] Yakumo: My guns crap?
20:20:16 : Direct: Ahmed: yea
20:20:21 : Direct: [Naked] Yakumo: Best gun in the game
20:20:33 : Direct: Ahmed: sucks more dick than kalems mam
20:20:40 : Direct: [APD]Sgt. Nick Nolif: here you go
20:20:56 : Direct: Jack: NICK
20:21:24 : Group: [APD] Supt. MrDunis: He bugged out gonna tell him to relogg
20:21:27 : Direct: Jack: Dickhead
20:21:34 : Group: [APD] Mst Sgt. Pancakes: Okay
20:21:41 : Direct: Jack: OY
20:21:47 : Direct: Jack: TAKE ME TO BOAT SALESMN
20:25:06 : Group: [APD] Mst Sgt. Pancakes: Nice driving ham! :P
20:33:09 : Direct: White Bob: are u ok officer?
20:33:20 : Direct: White Bob: offcier
20:33:23 : Direct: Barney: medic?
20:33:52 : Direct: White Bob: ello
20:34:16 : Vehicle: [Naked] KobraPlays: I HAVE A FAT COCK 4 YA MUM 4 free!!!!
20:34:55 : Direct: Agent. 47: MY MATE IS HERE
20:35:01 : Direct: Agent. 47: IM LOOKING FOR MY MATE
20:35:06 : Direct: Agent. 47: HE HAS BEEN TAKEN
20:35:13 : Direct: Agent. 47: HE NEEDS A LIFT
20:35:17 : Direct: Agent. 47: HE WAS RESTRAINED
20:35:25 : Direct: Agent. 47: HES BEING TRANSPORTED
20:35:35 : Direct: Agent. 47: He was restrained by peaches
20:35:42 : Direct: Agent. 47: so i told him i'd come pick him up
20:35:49 : Direct: Agent. 47: hes not here yet
20:35:54 : Direct: Agent. 47: can i just park up and wait?
20:36:10 : Direct: Agent. 47: wait outside sounds good
20:36:17 : Direct: Agent. 47: ok
20:36:36 : Direct: White Bob: y?
20:43:11 : Group: [APD] Chief. Stalks: ALL TO FED
20:59:00 : Group: O'Connor: HUNTER
21:06:23 : Group: [Naked] Dazed: spam the sit button will
21:08:30 : Direct: Jack: NICK
21:08:31 : Group: [Naked] Dazed: how
21:08:45 : Direct: Jack: NICK
21:10:35 : Vehicle: Jack: This is banta
21:10:44 : Vehicle: Jack: now why are you ressed up like kinky pornstars
21:10:49 : Vehicle: Jack: dressed*
21:11:12 : Vehicle: [APD] PC. Jano: we are gonne rape you
21:11:16 : Vehicle: Jack: Yum
21:11:21 : Vehicle: Jack: I like cum in my asshole
21:11:33 : Vehicle: Jack: You get to wear the rubber though
21:11:37 : Vehicle: Jack: thats toats unfair
21:12:07 : Vehicle: Jack: GUYS
21:12:13 : Vehicle: Jack: I LEFT YOU A DILDO IN THE TRUNK
21:12:14 : Vehicle: Jack: LOOK
21:12:25 : Vehicle: [APD] PC. Jano: nice
21:12:47 : Vehicle: Jack: I got almost all in all shapes n sizes
21:12:48 : Vehicle: [APD]Sgt. Nick Nolif: we're gonna dive
21:14:45 : Vehicle: Jack: Y did he shoot 
21:14:46 : Vehicle: Jack: breh
21:16:30 : Direct: Jack: dude
21:16:31 : Direct: Jack: y
21:16:47 : Direct: Jack: I wanna get in
21:16:57 : Direct: Jack: but ill kill myself instead
21:17:22 : Direct: Jack: hiiiiiii
21:17:26 : Direct: Jack: how u doin der
21:17:41 : Direct: Jack: its very warm in here
21:17:44 : Direct: Jack: did one of you pee
21:17:45 : Vehicle: [APD]Sgt. Nick Nolif: Do you drown?
21:17:51 : Direct: Jack: nah dude
21:18:04 : Direct: Jack: I was the one doing them false claims about SVDS going to poach
21:18:08 : Direct: Jack: I got ben to chase me 
21:18:11 : Direct: Jack: it was banta
21:18:38 : Direct: Jack: I could stay underwater for a long time
21:18:46 : Direct: Jack: but I still need oxygen each like 10 mins
21:18:52 : Direct: Jack: or when my screen goes bluury
21:19:39 : Direct: Jack: AND THATS HOW I GET SALTY OVER PEOPLE WITH MORE MONEY THAN ME
21:20:04 : Direct: Jack: NO FAIR GIMMI SUM
21:20:11 : Direct: Jack: THIS IS COCKSHI
21:20:13 : Direct: Jack: T
21:20:57 : Direct: Jack: PENETRATED BITCH
21:22:41 : Vehicle: Jack: take me to le shore u bum
21:28:55 : Direct: Jack: yas
21:29:02 : Direct: Jack: u u hav spare change lel
21:29:05 : Direct: Jack: i will repae
21:29:10 : Direct: Jack: 7.5k
21:29:33 : Direct: Jack: RAPE!
21:29:49 : Direct: Jack: Oyy
21:29:54 : Direct: Jack: i want shoot underwater gun
21:30:11 : Direct: Jack: can i loan from u
21:30:14 : Direct: Jack: for 69k
21:30:51 : Direct: [APD]Sgt. Nick Nolif: get in
21:31:19 : Direct: Jack: OOOOO W8 M8 Da police department has a atm blokje
21:31:24 : Direct: Jack: who shits money
21:31:29 : Direct: Jack: don't they?
21:31:37 : Direct: [APD]Sgt. Nick Nolif: yes
21:31:41 : Direct: Jack: brilliant
21:33:16 : Direct: [APD]Sgt. Nick Nolif: Jack
21:33:19 : Direct: [APD]Sgt. Nick Nolif: we're gonna go offline
21:33:24 : Direct: Jack: Awwwwwwwwwwwwwww
21:33:26 : Direct: [APD]Sgt. Nick Nolif: good night mate
21:33:32 : Direct: Jack: baaaaaai
21:34:12 : Direct: Jack: GIMMI GUN
21:34:45 : Direct: [Naked] Dazed: why did you pull me outl lol?
21:34:54 : Direct: [APD] PCSO. Eden: IT was a prank
21:34:57 : Direct: [Naked] Yakumo: Antony
21:34:59 : Direct: [Naked] Dazed: just a prank bro?
21:35:01 : Direct: [Naked] Yakumo: Who got banned?
21:35:05 : Direct: [APD] PCSO. Eden: yeah
21:35:08 : Direct: [Naked] Dazed: k
21:35:08 : Direct: [APD] PCSO. Eden: there is a camer there
21:35:19 : Direct: [APD] PCSO. Eden: rip
21:35:44 : Direct: [Naked] Dazed: yes
21:35:49 : Direct: [Naked] Dazed: wait what
21:35:57 : Direct: [Naked] Dazed: what with
21:36:27 : Direct: [Naked] Dazed: i can't afford repair kits
21:36:52 : Direct: [Naked] Dazed: no room
21:36:55 : Direct: [Naked] Dazed: can you repair it for me
21:36:59 : Direct: [Naked] Dazed: thanks
21:37:27 : Direct: [Naked] Dazed: thanks
21:39:22 : Direct: [Naked] Dazed: i'm a poor man
21:39:29 : Direct: [Naked] Dazed: please let me go
21:39:38 : Direct: [Naked] Dazed: jack
21:39:45 : Direct: [Naked] Dazed: run for your life :'(
21:39:59 : Direct: [Naked] Dazed: eden
21:40:03 : Direct: [Naked] Dazed: take me to cash machine
21:40:21 : Direct: Jack: fuck yourself you shitcock asshole bumbleached dickwad
21:41:24 : Direct: Jack: Ok sorry but u cant fucking arrest me but not the other dude
21:41:27 : Direct: Jack: you cockwafle
21:41:44 : Direct: Jack: I will kill you
21:42:10 : Direct: Jack: Ill fucking report you shitbird for false arrest 
21:43:21 : Direct: [Naked] Dazed: i was looking at the pier
21:43:25 : Direct: [Naked] Dazed: am i not allowed
21:43:28 : Direct: [Naked] Dazed: i didn't know
21:43:30 : Direct: [Naked] Dazed: sorry officer
21:43:34 : Direct: [Naked] Dazed: please no
21:43:40 : Direct: [Naked] Dazed: you know i have nothing 
21:43:44 : Direct: [Naked] Dazed: this is what my family left me
21:43:52 : Direct: [Naked] Dazed: help
21:43:53 : Direct: [Naked] Dazed: help
21:43:55 : Direct: [Naked] Dazed: please
21:43:57 : Direct: [Naked] Dazed: officer
21:43:59 : Direct: [Naked] Dazed: i can't swim
21:44:05 : Direct: [Naked] Dazed: :'(
21:44:07 : Direct: [Naked] Dazed: please
21:44:10 : Direct: [Naked] Dazed: yes
21:45:01 : Direct: [Naked] Dazed: one second
21:45:03 : Direct: [Naked] Dazed: out of roleplay
21:45:05 : Direct: [Naked] Dazed: give me 1 sec
21:45:12 : Direct: [Naked] Dazed: back
21:45:26 : Direct: [Naked] Dazed: you admin lol?
21:45:56 : Direct: [Naked] Dazed: nooooooo
21:45:58 : Direct: [Naked] Dazed: :'(
21:46:05 : Direct: [Naked] Dazed: are you admin?
21:46:19 : Direct: [Naked] Dazed: lol
21:46:23 : Direct: [Naked] Dazed: admin?
21:46:40 : Direct: [Naked] Dazed: it's fine
21:46:47 : Direct: [Naked] Dazed: can i ride it
21:46:53 : Direct: [Naked] Dazed: if you can put 4 wheels on
21:46:57 : Direct: [Naked] Dazed: i'll give it a go
21:47:19 : Direct: [Naked] Dazed: my friends got banned for trolling right?
21:47:36 : Direct: [Naked] Dazed: eden
21:48:00 : Direct: [Naked] Dazed: i think my friends got banned
21:48:01 : Direct: [Naked] Dazed: is that right
21:48:49 : Direct: [Naked] Dazed: lol
21:48:53 : Direct: [Naked] Dazed: oi
21:48:54 : Direct: [Naked] Dazed: no
21:48:55 : Direct: [Naked] Dazed: plez
21:49:00 : Direct: [Naked] Dazed: oh
21:49:03 : Direct: [Naked] Dazed: no
21:49:16 : Direct: [Naked] Dazed: have mercy
21:49:24 : Direct: [Naked] Dazed: i'm a simple man
21:49:31 : Direct: [Naked] Dazed: i have no cash
21:49:40 : Direct: [Naked] Dazed: my friends blew up my chopper
21:49:46 : Direct: [Naked] Dazed: lol
21:49:52 : Direct: [Naked] Dazed: is that my car?
21:49:59 : Direct: [Naked] Dazed: :'(
21:50:08 : Direct: [Naked] Dazed: you're shooting through my ass?
21:50:15 : Direct: [Naked] Dazed: can I go on a cop mission with you
21:50:18 : Direct: Jack: Ello ma nigs
21:50:32 : Direct: Kalem: HOW LONG YOU GOT?
21:50:35 : Direct: Kalem: CPAZ
21:50:38 : Direct: Jack: 1.40
21:50:39 : Direct: [Naked] Dazed: no
21:50:43 : Direct: Kalem: we will get it
21:50:54 : Direct: [Naked] Dazed: lol
21:51:00 : Direct: [Naked] Dazed: nice and toasty
21:51:14 : Direct: [Naked] Dazed: not warm enough
21:51:19 : Direct: Jack: it looks like ur headbutting the door XD
21:51:24 : Direct: Kalem: how long?
21:51:25 : Direct: [Naked] Dazed: too cold
21:51:28 : Direct: Jack: 50 sex
21:51:32 : Direct: Kalem: good good
21:51:35 : Direct: [Naked] Dazed: i think you should let me run
21:52:07 : Direct: [Naked] Dazed: lol
21:52:08 : Direct: [Naked] Dazed: nooool
21:52:17 : Direct: [Naked] Dazed: i want to get 1mil from you
21:52:19 : Direct: Ahmed: where did you get that berret
21:52:22 : Direct: [Naked] Dazed: lol
21:52:25 : Direct: [Naked] Dazed: 750k
21:52:29 : Direct: [Naked] Dazed: and we have a deal
21:52:37 : Direct: Jack: Me mates at the station dropped it while I was spying on them
21:52:38 : Direct: [Naked] Dazed: 650k :D?
21:52:45 : Direct: Jack: so when they went to get svds i got it
21:52:46 : Direct: Jack: lelelel
21:54:10 : Direct: Toad: Can you tell me
21:54:14 : Direct: Toad: why you shot my car?
21:54:23 : Direct: Toad: no you have no right to search me
21:54:58 : Direct: Toad: its open
21:55:10 : Direct: Toad: why are you impounding?
21:55:21 : Direct: Toad: what the hell are you doing?
21:55:26 : Direct: Toad: YOU HAD NO RIGHT TO SEARCH ME
21:55:31 : Direct: Toad: i dare you
21:55:55 : Direct: [Naked] Dazed: help
21:59:59 : Direct: White Bob: hop in :)
22:00:05 : Direct: White Bob: i have candy
22:00:33 : Direct: White Bob: want some candy?
22:00:43 : Direct: Toad: NO I LIKE MY TEETH
22:01:01 : Direct: Toad: get rekt
22:01:02 : Direct: White Bob: srry byygurl
22:03:42 : Direct: Callumsweetlove: MOVE AWAY FROM THE HELI
22:26:54 : Group: [APD] PC.Potato: KILLED THEM
22:35:12 : Group: Sean Wolfington: xd
22:35:46 : Group: Sean Wolfington: dont kno
22:35:54 : Group: Sean Wolfington: will i buy one??
22:39:34 : Group: Sean Wolfington: will i buy a truck
22:39:40 : Group: Sean Wolfington: or to risky
22:39:52 : Group: Sean Wolfington: fo sure zac
22:40:22 : Group: Sean Wolfington: so will i 
22:40:25 : Group: Sean Wolfington: buy a truckl
22:40:28 : Vehicle: [APD] PC.Potato: HOLD ON
22:40:39 : Group: Sean Wolfington: no spares
22:40:50 : Group: Sean Wolfington: not yet
22:40:54 : Group: Sean Wolfington: its 800k
22:41:04 : Group: Sean Wolfington: mg 
22:41:12 : Group: Sean Wolfington: yez can buy a truck with ta
22:41:27 : Group: Sean Wolfington: 3 trucks 1 scouts care ?
22:42:15 : Group: Sean Wolfington: yez gonna buy a truck?
22:42:48 : Group: Sean Wolfington: nah
22:42:51 : Group: Sean Wolfington: i buying a box
22:42:58 : Group: Sean Wolfington: yez could buy a transport
22:43:07 : Group: Sean Wolfington: we go and look
22:43:17 : Group: Sean Wolfington: yes i think
22:43:19 : Group: Sean Wolfington: 6 mil tho
22:44:02 : Group: Sean Wolfington: FUCKING HELL
22:44:05 : Group: Sean Wolfington: device
22:44:08 : Group: Sean Wolfington: 1.4k capcity
22:48:24 : Group: Sean Wolfington: someone drive it as a scout car
22:56:55 : Direct: Toad: i'll speak to hamilton tomorrow
22:57:18 : Direct: Flames: HELLO
23:01:37 : Direct: [APD] Supt. Martyr: Excuse me
23:01:43 : Direct: [APD] Supt. Martyr: do you know the speed limits Martin?
23:04:49 : Direct: [MM] BoobieHunter: why teh fuk fucking STUPID ASS COPS RDMIGN
23:05:02 : Direct: [MM] BoobieHunter: Why did you shoot me?
23:10:12 : Direct: Flames: 10k
23:12:26 : Group: Sean Wolfington: hear anything wierd we gone
23:13:16 : Group: Sean Wolfington: ffs
23:13:46 : Group: Sean Wolfington: i dont
23:13:55 : Group: Sean Wolfington: nah
23:14:44 : Group: Sean Wolfington: mg come ere and help process
23:14:46 : Group: Sean Wolfington: 25
23:14:48 : Group: Sean Wolfington: eft
23:15:40 : Group: Sean Wolfington: ryan you have morphine on ye ?
23:15:53 : Group: Sean Wolfington: gimme it to process
23:16:20 : Group: Sean Wolfington: ryna you have anything to process/
23:16:32 : Group: Sean Wolfington: gimme
23:16:42 : Group: Sean Wolfington: no gime ME
23:16:56 : Group: Sean Wolfington: no to my character ...
23:16:59 : Group: Sean Wolfington: y menu
23:17:42 : Group: Sean Wolfington: thats worth 9 k 
23:17:48 : Direct: Flames: store it nuggets
23:18:08 : Direct: McNUGGETS: I CANT
23:19:43 : Group: Sean Wolfington: you could of ran to us
23:23:48 : Direct: Beast: Thats not nice is it
23:23:53 : Direct: Flames: dont glitch infront of an admin again
23:24:02 : Direct: Flames: naughty boy
23:24:05 : Direct: McNUGGETS: who glitching?
23:24:08 : Direct: Flames: you
23:24:10 : Direct: Beast: That backpack cost me a fortune
23:24:13 : Direct: McNUGGETS: no im not you mong
23:24:45 : Direct: Flames: how did you access the car inventory?
23:24:53 : Direct: McNUGGETS: i didnt
23:25:02 : Direct: McNUGGETS: inventory comes up if locked or not you dingbat
23:25:02 : Direct: Flames: beast is being retarded then
23:25:15 : Direct: McNUGGETS: was checking if open or not, am I not allowed to do that?
23:25:26 : Direct: Flames: ye knock yourself out
23:25:33 : Direct: McNUGGETS: thanks :)
23:27:59 : Vehicle: Antony-J: Out plox
23:28:05 : Vehicle: McNUGGETS: no
23:28:16 : Group: Sean Wolfington: ryan how much money ye have on ye
23:28:59 : Group: Sean Wolfington: so i have 971k on me xd
23:29:19 : Group: Sean Wolfington: 1.3mil
23:29:21 : Group: Sean Wolfington: thing is
23:29:27 : Group: Sean Wolfington: the morphine price went from 9k to
23:29:36 : Group: Sean Wolfington: 8.2
23:29:44 : Group: Sean Wolfington: yes
23:32:58 : Group: [APD] PCSO. Bob: bring us to fed bbycakes
23:34:31 : Group: [APD] PCSO. Bob: DROP US
23:34:34 : Group: [APD] PCSO. Bob: cap lcok
23:34:50 : Group: [APD] Supt. Martyr: how many of you are going afk...?
23:35:16 : Group: Sean Wolfington: tell em repair
23:35:26 : Group: Sean Wolfington: open up the car
23:38:21 : Group: Sean Wolfington: 7.k5
23:39:13 : Group: Sean Wolfington: i will put out the boats for you
23:39:18 : Group: Sean Wolfington: then i get off
23:39:45 : Group: Sean Wolfington: yes
23:40:12 : Group: Sean Wolfington: press z when you get in
23:40:40 : Group: Sean Wolfington: what you going back for
23:40:44 : Group: Sean Wolfington: i will give you boats
23:40:47 : Group: Sean Wolfington: i have 2
23:40:59 : Group: [APD] Terminator: Get to da chopppa naaaow
23:41:28 : Direct: [APD] Supt. Martyr: ben
23:41:31 : Direct: [APD] Supt. Martyr: drop your gun please
23:42:01 : Direct: Toad: went to make a tea and look what happens
23:42:08 : Direct: Toad: btw theres 2 more guys around here
23:42:19 : Direct: [APD] Supt. Martyr: Stalks
23:42:22 : Direct: [APD] Supt. Martyr: Anything to say?
23:42:24 : Group: Sean Wolfington: go to port
23:42:32 : Group: Sean Wolfington: map
23:43:26 : Direct: [APD] Supt. Martyr: Hamilton, I find you guilty of 2 counts of murdering your fellow police officers
23:44:38 : Group: [APD] PCSO. Bob: nigthy nigth 
23:45:32 : Group: Sean Wolfington: ryan
23:45:35 : Group: Sean Wolfington: get in the boat
23:45:39 : Group: Sean Wolfington: there is an preseny
23:45:43 : Group: Sean Wolfington: gonna get off
