01:22:42 : Direct: [APD]Chf Insp. Eukanubae: SOMEONE IS MAD!
01:30:32 : Direct: stalks: GET REKT
01:39:34 : Group: [APD] Chief. stalks: remove your shit :p
01:40:02 : Group: [APD]Chf Insp. Eukanubae: forgot about them and logged out /./
01:43:25 : Direct: Flames: halp
01:43:31 : Direct: Flames: i cant turn my camera
01:45:07 : Direct: Flames: How rude
01:45:45 : Direct: Flames: I would like to file a formal complaint
01:46:50 : Direct: Flames: swim faster boy!
01:47:14 : Direct: Flames: Well this isnt buggy at all
01:50:15 : Direct: Flames: haha
01:52:30 : Direct: [APD] Chief. stalks: nn guys, dont break too much shit
01:52:37 : Direct: [APD]Chf Insp. Eukanubae: NN!
01:54:03 : Vehicle: Flames: lets rob the oil rig
01:54:11 : Vehicle: Flames: make us some monayyyyyyy
01:55:20 : Direct: Flames: NO
01:55:22 : Direct: Flames: NO NO NO
01:55:43 : Direct: Flames: HAHAHA
01:55:46 : Direct: Flames: SERVES YOU RIGHT
01:55:51 : Direct: Flames: AHAHAHAHAH
01:55:54 : Direct: Flames: sorry
01:56:01 : Direct: Flames: HAHAHA
01:56:05 : Direct: Flames: fuck
01:57:30 : Direct: [APD]Chf Insp. Eukanubae: P;sd
01:58:06 : Direct: [APD]Chf Insp. Eukanubae: this guy..
01:58:08 : Direct: [APD]Chf Insp. Eukanubae: man
01:58:27 : Direct: Flames: cant get the staff these days
01:58:38 : Direct: [APD]Chf Insp. Eukanubae: IKR
01:58:48 : Direct: Flames: have you boys scouted out oilrig?
01:58:59 : Direct: [APD]Chf Insp. Eukanubae: If you go there, you get teleportet
01:59:06 : Direct: [APD]Chf Insp. Eukanubae: 800 out in the oachen
01:59:15 : Direct: Flames: swear they said they fixed that today
01:59:16 : Direct: [APD]Chf Insp. Eukanubae: and if you blow the shipwreck you get dced
02:00:02 : Direct: Flames: How do you mess it up that bad
02:00:11 : Direct: [APD]Chf Insp. Eukanubae: I dont even
02:00:16 : Direct: Flames: LOL
02:01:19 : Direct: Flames: err
02:01:30 : Direct: [APD]Chf Insp. Eukanubae: ONLY WANTED TO PUSH IT!
02:02:09 : Direct: [APD]Chf Insp. Eukanubae: you alive_
02:02:11 : Direct: [APD]Chf Insp. Eukanubae: ?
02:02:18 : Direct: Flames: Yeah
02:02:22 : Direct: Flames: On other side
02:02:23 : Direct: [APD]Chf Insp. Eukanubae: st uck?
02:02:25 : Direct: Flames: just stuck
02:02:28 : Direct: Flames: lol
02:03:06 : Direct: Flames: thanks babes
02:04:56 : Direct: Flames: lol
02:05:01 : Direct: Flames: lolol
02:05:04 : Direct: Flames: lololol
02:05:06 : Direct: [APD]Chf Insp. Eukanubae: Well im just letting you go now..
02:05:09 : Direct: [APD]Chf Insp. Eukanubae: I cant even..
02:06:51 : Direct: Flames: noticed
02:07:17 : Direct: Flames: bought it
02:07:19 : Direct: Flames: errr i mean
02:07:23 : Direct: Flames: killed a cop for it
02:07:31 : Direct: Flames: buy them from a cop
02:07:34 : Direct: Flames: ya know
02:07:41 : Direct: Flames: the dodge backally kinda shop
02:07:47 : Direct: Flames: nah
02:08:09 : Direct: Flames: he laughs off my requests to buy
02:08:14 : Direct: [APD]Chf Insp. Eukanubae: whom
02:08:32 : Direct: [APD]Chf Insp. Eukanubae: welcome to arma
02:08:38 : Direct: Flames: rip me
02:09:01 : Direct: Flames: asiuodhoasid
02:09:08 : Direct: [APD]Chf Insp. Eukanubae: what now?
02:09:10 : Direct: Flames: i dont sell out my sell outs
02:09:15 : Direct: [APD]Chf Insp. Eukanubae: ah
02:09:18 : Direct: Flames: i got pickup en route
02:09:19 : Direct: [APD]Chf Insp. Eukanubae: in that case
02:09:50 : Direct: Flames: nickb offered me a tempest full of flashbangs
02:10:02 : Direct: Flames: got him ass kicked off before we could deal the useless bastard
02:10:22 : Direct: Flames: just saying, i dont trust his flying
02:32:30 : Group: [APD]Chf Insp. Eukanubae: Shhhhh
02:37:41 : Group: [APD]Chf Insp. Eukanubae: muahhaha
14:08:47 : Direct: Flames: it was popo
14:08:52 : Direct: Flames: yeah
14:08:59 : Direct: Flames: and both popo in our channel
15:07:27 : Group: Magne: /vote day
16:09:00 : Group: Mike: x3 heli's doing coke run, they're at the coke field now, wanna jump them at the dealer or?
16:42:12 : Group: TheGreatAndBrave: Any one up for some cocain?
16:57:51 : Direct: White Bob: go kart club yup yup
16:57:57 : Direct: Rex: yes
16:58:58 : Direct: White Bob: wazap
16:59:03 : Direct: White Bob: you like the patch?
17:13:25 : Direct: Jimmy: U
17:18:58 : Direct: ChiChi: Hey Konan
18:04:34 : Direct: White Bob: ello officer
18:04:42 : Direct: [APD] Chief. stalks: Hello sir
18:05:07 : Direct: White Bob: ay
18:05:12 : Direct: White Bob: PUT THAT AWAY
18:05:21 : Direct: White Bob: thats rigth
18:05:29 : Direct: White Bob: keep walking
18:05:43 : Direct: White Bob: officer
18:14:02 : Group: [APD]Chf Insp. Eukanubae: INC
18:14:28 : Direct: White Bob: officer
18:14:38 : Direct: White Bob: officer it was a mistake
18:14:46 : Direct: White Bob: i was afraid and had a panic attack
18:14:57 : Direct: White Bob: i was trying to do a handbrake turn
18:15:07 : Direct: White Bob: then you where in the middle of the road
18:15:19 : Direct: White Bob: ok officer
18:15:38 : Direct: White Bob: im sorry officer
18:16:52 : Direct: Jimmy: /VOTE DAY
18:16:57 : Direct: Jimmy: /vote day
18:17:07 : Direct: ChiChi: /vote day
18:20:06 : Direct: ChiChi: hey james
18:24:27 : Direct: White Bob: pull over
18:28:35 : Direct: Magne: daaaaamn daniel
18:29:07 : Group: Juvia_Sama: DLC CANT
18:29:16 : Direct: White Bob: can i get a trip back to kavala
18:29:22 : Direct: Shrektator: Go around
18:34:25 : Direct: [APD]Chf Insp. Eukanubae: TS
18:36:12 : Direct: [NHS]Paddy.D: officer you their??
18:38:43 : Direct: [APD]Chf Insp. Eukanubae: hOLSTER YOUR WEP!
18:38:52 : Group: Jack Van Lutterveld: /vote day
19:01:17 : Group: [APD] PC. Nick: james, u got a car middle of kavala, care to pick it up?
19:10:10 : Direct: [APD]Chf Insp. Eukanubae: take it if you need it :)
19:10:38 : Direct: ChiChi: need a lift?
19:10:45 : Direct: [APD]Chf Insp. Eukanubae: relog
19:10:56 : Direct: [APD ] SPC. John Rookie: why :c
19:23:54 : Direct: Jimmy: I
19:28:24 : Group: Paddy.D: spawn sofia
19:28:45 : Direct: White Bob: can you hear me
19:32:16 : Group: [APD] PC. Mike: Ik kan nederlands praten, ik ben mike, jij? = I can speak Dutch, I am mike, you?
19:45:59 : Group: [APD ] SPC. John Rookie: On my way
19:52:16 : Direct: White Bob: can i buy your beret?
19:52:27 : Vehicle: [APD ] SPC. John Rookie: Arrest him
19:52:31 : Vehicle: [APD ] SPC. John Rookie: he is clearly crazy
19:52:55 : Direct: White Bob: 2000
19:54:57 : Direct: [APD]Chf Insp. Eukanubae: LIKE A GLOVEEEEEEE
19:58:19 : Direct: [APD]Chf Insp. Eukanubae: ...
19:58:33 : Direct: [APD]Chf Insp. Eukanubae: wtf
20:07:33 : Group: Paddy.D: just got banned from ts
20:07:54 : Group: Paddy.D: prick thought i had pistol when i had rangefinders out
20:08:16 : Group: Paddy.D: i was just trying to repair the car 
20:09:06 : Group: Paddy.C: 4 min ban callum 
20:09:10 : Group: Paddy.C: you can go back
20:09:13 : Group: Paddy.D: yeah ik
20:09:20 : Group: [APD]Chf Insp. Eukanubae: whoever made ar roadblock in kavala, remove it or man it :)
20:09:35 : Group: Paddy.D: just realised but still prick cop playing the hero all the fucking time
20:09:37 : Group: [APD] PC. Mike: Roger that.
20:09:55 : Group: Paddy.D: 3vs 1 he has to automatically surrender
20:10:02 : Group: [APD]Chf Insp. Eukanubae: Getting a drink Mike, brb a few.
20:10:09 : Group: Paddy.D: its in the rules
20:15:28 : Group: [APD] PC. Mike: Anyone wanna man this checkpoint? I'm going on patrol, I'll remove it if not
20:15:43 : Group: Kalem: ...
20:17:47 : Direct: White Bob: pull over or die
20:19:57 : Group: TheGreatAndBrave: someone is right outside
20:20:04 : Group: TheGreatAndBrave: plz come flames
20:22:36 : Direct: Flames: yo man
20:22:50 : Direct: Flames: i acciedently killed konan
20:22:55 : Direct: Flames: yeah tehy ran away
20:23:05 : Direct: Flames: yeah he got ran over
20:25:27 : Group: Kalem: here
20:25:44 : Group: HussyPunter: morris they're comping you
20:35:49 : Direct: Vertex: YEAH I WAS LAGGIN LIKE FUK
20:37:38 : Direct: TimThada: /vote night
20:42:10 : Group: Black Bob: /vote day
20:42:58 : Direct: Paddy.D: ty
20:43:58 : Direct: [APD]Chf Insp. Eukanubae: sIR
20:44:02 : Direct: [APD]Chf Insp. Eukanubae: Please put on your lights
20:44:13 : Direct: [APD]Chf Insp. Eukanubae: Thank you.
20:51:40 : Direct: Tango: COME OUT WITH YOUR HANDS UP
20:51:51 : Direct: Tango: AND WE WONT KILL KILL YOU
20:53:00 : Direct: ChiChi: YESH LAD
20:53:48 : Direct: ChiChi: We are here for you babe
20:55:02 : Group: [APD]Chf Insp. Eukanubae: Paddy D and paddy C
20:55:11 : Group: [APD]Chf Insp. Eukanubae: and hussypunter
20:55:22 : Group: [APD]Chf Insp. Eukanubae: hussy dead, paddy in green sportshatchbag
21:07:47 : Group: [APD] PSCO.HarryDaWizard: Question?
21:08:14 : Direct: White Bob: paddy.cry
21:10:07 : Group: [APD]Chf Insp. Eukanubae: Cop meeting
21:10:07 : Group: [APD]Chf Insp. Eukanubae: Cop meeting
21:10:17 : Direct: ChiChi: WANKER
21:11:49 : Direct: HussyPunter: do not be alarmed
21:11:58 : Direct: HussyPunter: i am here for the one they call Paddy
21:12:10 : Direct: White Bob: im not alarmed its just fucking annoying
21:16:59 : Vehicle: Tango: rob
21:17:05 : Vehicle: Tango: u know how we are best friends?
21:17:15 : Vehicle: Tango: can i hget an orca armed hex
21:17:15 : Vehicle: Tango: can i hget an orca armed hex
21:19:14 : Direct: TimThada: wtf?
21:19:17 : Direct: TimThada: I got again!
21:19:20 : Direct: TimThada: JUST RDMED!
21:19:54 : Direct: Tango: TRON :D
21:20:17 : Direct: cris: whats up
21:21:15 : Direct: Jimmy: :U:
21:33:47 : Group: [APD] Chief. Stalks: better be some distance between the trucks or these rockets will blow everything :p
21:34:21 : Group: tobb: -
21:48:24 : Group: [APD]Chf Insp. Eukanubae: JAMES
21:48:24 : Group: [APD]Chf Insp. Eukanubae: JAMES
22:15:47 : Group: [APD] Chief. Stalks: whoever wants my cut can have it
22:18:04 : Direct: [APD] SPC. Cyril Figgis: Stawks
22:18:13 : Direct: [APD] SPC. Cyril Figgis: There is no ammo in the amma guy for this weapon
22:19:13 : Direct: [APD] SPC. Cyril Figgis: Give me ammo
22:19:29 : Direct: [APD ] SPC. John Rookie: .<3
22:31:22 : Group: [APD]Chf Insp. Eukanubae: trafic cones
22:32:54 : Group: [APD] Insp. Martyr: If one of you are surrounded
22:32:54 : Group: [APD] Insp. Martyr: If one of you are surrounded
22:32:57 : Group: [APD] Insp. Martyr: surrender and RP
22:33:40 : Vehicle: [APD] PSCO.HarryDaWizard: To kavala they need back up?
22:33:47 : Vehicle: [APD] Insp. Martyr: ya
22:33:54 : Group: [APD] Cadet. Inferno: Please dont speak in game, poke him on TS, RIP eardrums
22:33:54 : Group: [APD] Cadet. Inferno: Please dont speak in game, poke him on TS, RIP eardrums
22:34:40 : Group: [APD]Chf Insp. Eukanubae: JAM<ES
22:34:45 : Group: [APD]Chf Insp. Eukanubae: UMUTE YOUR SOUND YOU DIMWIT
22:35:03 : Group: [APD] PC. James Skye: one sec
22:35:06 : Vehicle: [APD] PSCO.HarryDaWizard: James being bollocked XD
22:35:13 : Group: [APD] Insp. Martyr: saw your ts poke James
22:35:20 : Group: [APD] PC. James Skye: tell eukan
22:35:20 : Group: [APD] PC. James Skye: tell eukan
22:35:23 : Group: [APD] Insp. Martyr: we just need to talk for a mo, you are in a situation we need comms
22:37:51 : Group: [APD]Chf Insp. Eukanubae: inferno ts
22:38:02 : Group: [APD]Chf Insp. Eukanubae: get on ts?
22:39:05 : Group: [APD]Chf Insp. Eukanubae: inferno
22:39:05 : Group: [APD]Chf Insp. Eukanubae: inferno
22:42:42 : Direct: [APD] Insp. Martyr: Was the people who shot at you the ones who the officer was engaged in a firefight with?
22:42:42 : Direct: [APD] Insp. Martyr: Was the people who shot at you the ones who the officer was engaged in a firefight with?
22:42:43 : Group: [APD]Chf Insp. Eukanubae: nehind ya
22:42:48 : Group: [APD]Chf Insp. Eukanubae: LEft
22:42:57 : Group: [APD] SPC. Cyril Figgis: There is nothing here I think
22:42:58 : Group: [APD]Chf Insp. Eukanubae: at your 7 oclock figgis
22:43:04 : Group: [APD] SPC. Cyril Figgis: Don't see anything
22:43:15 : Direct: [APD] Insp. Martyr: it's ok sir, we have cleared the gun men
22:43:15 : Group: [APD]Chf Insp. Eukanubae: nvm then :)
22:43:20 : Direct: [APD] Insp. Martyr: you are safe to leave the area
22:43:33 : Direct: [APD] Insp. Martyr: have a nice day sir
22:47:48 : Direct: [APD] Insp. Martyr: Have a nice day
22:48:14 : Group: [APD] SPC. Cyril Figgis: Impound one of my vehicles pleas
22:48:14 : Group: [APD] SPC. Cyril Figgis: Impound one of my vehicles pleas
22:54:06 : Direct: [APD] Insp. Martyr: Gentlemen, leave the area please
22:57:39 : Direct: [APD ] SPC. John Rookie: eukan 
22:57:39 : Direct: [APD ] SPC. John Rookie: eukan 
22:57:53 : Direct: [APD ] SPC. John Rookie: move me into another room with you, let's have a chat
22:59:35 : Group: [APD] Cadet. Inferno: ouch
23:00:15 : Group: [APD]Chf Insp. Eukanubae: shoot to kill him james_
23:01:11 : Group: [APD] Insp. Martyr: 5 people dealing with 2 swimmers is too much
23:01:21 : Group: [APD] Insp. Martyr: leave them alone now until they come back
23:03:56 : Group: [APD] Insp. Martyr: Euk that's my boat!
23:04:12 : Group: [APD] Insp. Martyr: 100k mofo
23:04:32 : Group: [APD]Chf Insp. Eukanubae: Prove it!
23:04:32 : Group: [APD]Chf Insp. Eukanubae: Prove it!
23:05:27 : Group: [APD]Chf Insp. Eukanubae: Yea
23:06:19 : Group: [APD] Insp. Martyr: I said this earlier, any vehicles left in kaval will be destroyed
23:06:19 : Group: [APD] Insp. Martyr: I said this earlier, any vehicles left in kaval will be destroyed
23:06:24 : Group: [APD]Chf Insp. Eukanubae: easy with the tazer harry >(
23:06:33 : Group: [APD] Insp. Martyr: there is a hunter outside hq and an suv inside
23:06:34 : Group: [APD]Chf Insp. Eukanubae: ;)
23:06:42 : Group: [APD]Chf Insp. Eukanubae: Im in MY hunter martyr.
23:06:45 : Group: [APD]Chf Insp. Eukanubae: I PARKED it outside
23:06:54 : Group: [APD]Chf Insp. Eukanubae: :)
23:07:33 : Group: [APD]Chf Insp. Eukanubae: cirenes off please :)
23:09:21 : Direct: HussyPunter: OOC: looting dead bodies is bannable
23:10:30 : Group: TimThada: ...
23:29:48 : Direct: White Bob: ey 
23:53:32 : Group: Kasa: well
23:56:36 : Group: [APD]Chf Insp. Eukanubae: Chill with the tazer.
23:56:39 : Group: [APD]Chf Insp. Eukanubae: Jsut restrain insted.
23:57:28 : Direct: Rex: ..................................................
23:57:28 : Direct: Rex: ..................................................
