00:00:13 : Direct: Sgt. Paul Jackson: thanks m8
00:00:24 : Direct: Zelena: LADS
00:00:26 : Direct: Zelena: GET A GUN
00:00:26 : Direct: Zelena: NOW
00:00:30 : Direct: Zelena: WE CAN GET THIS HELI
00:00:52 : Direct: Zelena: get a gun
00:00:54 : Direct: Zelena: now
00:00:56 : Direct: Zelena: we getting this heli
00:01:33 : Direct: Zelena: GUYS
00:01:35 : Direct: Zelena: GEAR UP
00:01:36 : Direct: Zelena: GET A GUN
00:01:40 : Direct: Zelena: WE GETTING SOME GOOD ONES
00:01:44 : Direct: Zelena: SO DON'T GET A PRICEY GUN
00:01:48 : Direct: Zelena: GMON
00:01:51 : Direct: Zelena: CMON
00:02:12 : Direct: Zelena: get a cheep gun
00:02:16 : Direct: Zelena: we going to get lynxes
00:02:17 : Group: Paddy.C: /
00:02:18 : Direct: Zelena: cmon
00:02:21 : Direct: Zelena: quick
00:02:23 : Direct: Zelena: and get in
00:02:32 : Direct: Zelena: people will get this and kill us if we don't hurry
00:02:34 : Direct: Zelena: cmon
00:02:56 : Direct: Zelena: guys we don't have long
00:02:57 : Direct: Zelena: cmon
00:03:05 : Direct: Zelena: anything will do
00:03:08 : Direct: Zelena: lets go=
00:03:13 : Direct: Zelena: get armor
00:03:24 : Group: White Bob: tell him to fuck off
00:03:34 : Direct: Zelena: guys
00:03:36 : Direct: Zelena: the heli crash
00:03:44 : Direct: Zelena: Guys we need to hurry
00:03:58 : Direct: Zelena: Take them out quick
00:03:59 : Direct: Zelena: ok
00:04:16 : Direct: Sgt. Paul Jackson: total noob moment right there sorry for the wait
00:04:22 : Vehicle: Josh: i have no ammo
00:04:26 : Direct: Zelena: tuff shit
00:04:36 : Vehicle: Josh: bought so many different types and none worked
00:04:42 : Vehicle: Sgt. Paul Jackson: i got 1 mag of 6.5 so im good
00:04:48 : Direct: Zelena: Shit
00:04:50 : Direct: Zelena: well
00:04:51 : Direct: Zelena: were here
00:06:01 : Direct: Zelena: get my gun
00:09:30 : Direct: [APD] PCSO. Thorgard: hvad_
00:10:13 : Direct: Zelena: PICK MY GUN UP
00:10:16 : Direct: Zelena: DUDE
00:10:19 : Direct: Zelena: PICK IT UP
00:10:21 : Direct: Zelena: AND KEEP IT
00:10:24 : Direct: Zelena: CUS IM COMING BACK
00:18:16 : Vehicle: [APD] Chief. Hamilton: TEMPEST AT FIREARMS
00:18:19 : Vehicle: [APD] Chief. Hamilton: LONG DRIVE MARTIN
00:20:19 : Group: HussyPunter: wow
00:20:22 : Group: HussyPunter: wowwwwwwwwwwwwwwwwwwwwwwwwwwww
00:20:26 : Group: HussyPunter: wowowowowwowoowowowowow
00:20:35 : Group: HussyPunter: you killed me with your desync
00:21:08 : Group: [APD] Supt. MrDunis: Car belongs ot Edger but he is not around
00:22:31 : Direct: [APD] Supt. MrDunis: ye?
00:22:39 : Direct: [APD] Supt. MrDunis: type you shit
00:22:44 : Direct: [APD] Chf Insp. Nolif: WHAT CHANNEL ARE YOU IN
00:22:47 : Direct: [APD] Supt. MrDunis: internal affairs
00:22:51 : Direct: [APD] Supt. MrDunis: you are gettiong banned
00:22:53 : Direct: [APD] Chf Insp. Nolif: :(
00:22:55 : Direct: [APD] Supt. MrDunis: for being a piece of shit
00:22:57 : Direct: Zelena: yo dude
00:22:59 : Direct: Zelena: wots up
00:26:34 : Group: [APD] Chf Insp. Nolif: dunis
00:26:38 : Group: [APD] Supt. MrDunis: yea
00:26:39 : Group: [APD] Chf Insp. Nolif: it was eukenabae
00:26:45 : Group: [APD] Supt. MrDunis: wut
00:26:53 : Group: [APD] Supt. MrDunis: oh
00:26:55 : Group: [APD] Supt. MrDunis: Edgar?
00:26:58 : Group: [APD] Chf Insp. Nolif: ye
00:27:02 : Group: [APD] Supt. MrDunis: rip
00:27:07 : Group: [APD] Chf Insp. Nolif: he crashed
00:27:09 : Direct: Zelena: I need 50k
00:28:13 : Direct: Zelena: get back in the car
00:28:28 : Direct: Zelena: get in the car
00:29:04 : Direct: Zelena: hahahah
00:29:30 : Direct: Zelena: your friend left?
00:29:43 : Direct: Josh: brb im gonna make a sandwich
00:32:42 : Direct: White Bob: get in we will kill the wtc
00:35:19 : Direct: White Bob: enjoying your self?
00:38:23 : Direct: Zelena: Ill bring your stuff back to kavala
00:38:26 : Direct: Zelena: well the stuff i can
00:38:36 : Vehicle: White Bob: are you there?
00:44:24 : Direct: Edger : welcome to the death suv!
00:44:42 : Group: [Pvt] Sig: Guys in the mansion, please lock all the doors after you've entered
00:46:08 : Direct: Edger : filthy combatloggers..
00:47:02 : Direct: Edger : hey ho captain jack
00:47:27 : Direct: Edger : hey ho captain jack
00:47:28 : Direct: Jack: HELLO
00:47:36 : Direct: Jack: hello
00:47:42 : Direct: Edger : its a song!
00:47:56 : Direct: Jack: its me
00:47:59 : Direct: Edger : Yep!
00:48:19 : Direct: Jack: i was wondering after all these years if you would like to meet
00:48:25 : Direct: Edger : ew
00:48:42 : Direct: Edger : whups
00:48:45 : Direct: Edger : wrong key! MY CAR
00:49:08 : Vehicle: White Bob: should i shoot you?
00:49:10 : Direct: Jack: its fine im new so i dont want to make any enemy's
00:49:19 : Direct: Edger : whalcum
00:49:22 : Vehicle: Giuseppe Pisto: nonoonono
00:49:26 : Group: [APD] Chief. Stalks: rip
00:49:31 : Direct: Jack: gesunti
00:52:36 : Direct: White Bob: get in the car
00:52:44 : Direct: White Bob: fuck that car
00:53:01 : Direct: White Bob: no now get in my car
00:53:43 : Direct: White Bob: get out again and you die
00:54:50 : Vehicle: White Bob: to afghanistan
00:57:57 : Vehicle: White Bob: stay in the car or your getting left behind
01:10:30 : Direct: Josh: you there
01:10:36 : Direct: White Bob: yes 
01:10:38 : Direct: Josh: still willing to loan me that money homie
01:10:42 : Direct: Josh: i will repay
01:11:11 : Direct: Josh: thanks man
01:11:17 : Direct: Josh: i will repay 100%
01:11:25 : Direct: White Bob: dont forget i want 200069 back
01:11:31 : Direct: Josh: 3
01:15:47 : Direct: White Bob: ello np
01:16:59 : Direct: White Bob: sir
01:17:04 : Direct: White Bob: sir
01:17:09 : Direct: White Bob: is this your base?
01:17:15 : Direct: White Bob: this is very
01:17:18 : Direct: White Bob: cool
01:17:21 : Direct: White Bob: can i look aroind?
01:23:24 : Direct: alex: k
01:24:17 : Direct: alex: cut yousrself
02:05:10 : Direct: LoneWolf: get in
02:09:58 : Direct: Josh: ty
02:10:16 : Direct: LoneWolf: sell
03:28:05 : Group: [Pvt] VibZ: help us process
03:28:19 : Group: [Pvt] VibZ: great
04:07:50 : Direct: Josh: /note night
09:37:04 : Direct: A3aN: goodday sir
09:37:10 : Direct: [Pvt] Kryptic: good day
09:37:19 : Direct: [Pvt] Kryptic: How are you sir??
09:37:51 : Direct: A3aN: im doing all good there sir and how your day been sofar?
09:38:14 : Direct: [Pvt] Kryptic: So far my day has been great sir. Thanks for asking
09:38:34 : Direct: A3aN: always good to see the AFF around
09:38:39 : Direct: [Pvt] Kryptic: ;D
09:38:53 : Direct: A3aN: xD you work at the border too sir?
09:39:02 : Direct: [Pvt] Kryptic: Yes I do sir.
09:39:18 : Direct: [Pvt] Kryptic: Do you want to be escorted/protected while you do your run??
09:39:28 : Direct: A3aN: ill see you there sometime aswell then lol :D
09:39:36 : Direct: [Pvt] Kryptic: Ofc ;)
09:39:50 : Direct: A3aN: yeah do you need a bit off the run aswell there sir??
09:40:17 : Direct: [Pvt] Kryptic: No I dont sir you can have all untill you sell if where we're gonna have to take 10% sir
09:40:51 : Direct: [Pvt] Kryptic: If you give me keys to your car i can fill it for you aswell then just dop the key when done
09:41:00 : Direct: [Pvt] Kryptic: It will be twice as fasr
09:41:04 : Direct: [Pvt] Kryptic: fast*
09:41:19 : Direct: A3aN: yes i am aware sir ill give 10% to them and for your honesty and kindness il give u 10% aswell kind sir
09:47:00 : Direct: A3aN: almost done sir
09:47:19 : Direct: [Pvt] Kryptic: kk you dont need to call me sir. I am the one that needs to say so sir
09:47:27 : Direct: [Pvt] Kryptic: you can call me whatever you want
09:47:31 : Direct: [Pvt] Kryptic: sir
09:48:02 : Direct: A3aN: haha i know saying it out of kindness and respect not like jiz sir ayhaai sir xD
09:48:28 : Direct: [Pvt] Kryptic: ahah kk thank you sir
09:48:57 : Direct: A3aN: No problem,i didnt get your name ?
09:49:21 : Direct: [Pvt] Kryptic: Just call me Kryptic sir, whats yours??
09:49:58 : Direct: A3aN: im A3an good to meet you ther mrKryptic.
09:50:12 : Direct: [Pvt] Kryptic: Nice to meet you to Mr A3aN sir
09:51:00 : Direct: A3aN: She is full kryptic :)
09:51:06 : Direct: [Pvt] Kryptic: Me to soon ;D
09:51:37 : Direct: A3aN: No problem i wait for you!
09:51:42 : Direct: [Pvt] Kryptic: thanks sir
09:51:59 : Direct: [Pvt] Kryptic: Im ready sir
09:52:17 : Direct: [Pvt] Kryptic: Wanna take the lead sir??
09:52:24 : Direct: A3aN: lead the way Mrkryptic
09:52:28 : Direct: [Pvt] Kryptic: kk
09:55:47 : Direct: [Pvt] Kryptic: Want me to go fast to processor and clear it before you come??
09:56:09 : Direct: A3aN: yes that would make it much easier for you !
09:56:16 : Direct: [Pvt] Kryptic: cya there then
09:56:22 : Direct: A3aN: cye!
10:01:42 : Group: [Pvt] Kryptic: Great shot general ;d
10:07:15 : Direct: [Pvt] Kryptic: I took 15 to process faster
10:07:29 : Direct: A3aN: no problem Pvt
10:08:42 : Direct: A3aN: krptic that last Bud inside the truclk you can keep for yourself as payment
10:08:57 : Direct: A3aN: soo thats 16 pcs
10:08:59 : Direct: [Pvt] Kryptic: Ohh thanks man
10:09:16 : Direct: A3aN: you need a bit more>?
10:09:21 : Direct: [Pvt] Kryptic: Well when we get inside border imma take you to the dealer where i need 10% 
10:09:33 : Direct: A3aN: yes i know
10:09:45 : Direct: A3aN: that was your 10%
10:09:49 : Direct: [Pvt] Kryptic: kk the tax is going to me then imma pay the general ;D
10:09:54 : Direct: [Pvt] Kryptic: Ohh nah xD
10:10:53 : Direct: [Pvt] Kryptic: you drive first
10:15:58 : Direct: [Pvt] Kryptic: gogogo
10:23:02 : Direct: [Pvt] Kryptic: 10% IS 100-120K BTW
10:23:09 : Direct: [Pvt] Kryptic: With the prices
10:23:29 : Direct: A3aN: yeah i alreeady worked out before
10:23:38 : Direct: [Pvt] Kryptic: kk
10:24:36 : Direct: A3aN: that amount of bud i gave u was enough for your payment?
10:24:47 : Direct: [Pvt] Kryptic: nah you have me 1... 7k
10:24:53 : Direct: [Pvt] Kryptic: Still need 110k
10:25:20 : Direct: A3aN: sell those 15 quickly tjek wat u get should be the right amount
10:25:58 : Direct: [Pvt] Kryptic: tHAT WAS 92K
10:26:07 : Direct: [Pvt] Kryptic: need atleast 15k more and youre good
10:26:22 : Direct: [Pvt] Kryptic: 15k im letting you off fir 105 when its 120k
10:26:28 : Direct: [Pvt] Kryptic: With*
10:26:50 : Direct: A3aN: whos the high rank?
10:26:56 : Direct: [Pvt] Kryptic: What do you mean??
10:27:13 : Direct: A3aN: tho who i give the 10% ?
10:27:17 : Direct: [Pvt] Kryptic: Fine since you were nice imma let you off
10:27:27 : Direct: [Pvt] Kryptic: Me and ill pay the general
10:27:30 : Direct: A3aN: noo i wana pay my due sir
10:27:37 : Direct: A3aN: ok are u sure then?
10:27:42 : Direct: [Pvt] Kryptic: Yes I am
10:27:53 : Direct: A3aN: thank you!
10:27:53 : Direct: [Pvt] Kryptic: Now imma escort you back and then were both happy
10:27:56 : Direct: [Pvt] Kryptic: np
10:28:06 : Direct: [Pvt] Kryptic: Imma drive behind you
10:28:32 : Direct: [Pvt] Kryptic: ty
10:45:53 : Direct: [Pvt] VibZ: ten seconds to start leavin or where gnna shoot
11:56:11 : Group: [Pvt] ANGeR: missions are kos ? 
12:01:03 : Group: [Pvt] ANGeR: a
13:37:24 : Direct: Alejandro Emilio Gaviria: HEY JOAQUIN
13:37:33 : Direct: Alejandro Emilio Gaviria: Its me nick nolif :p
13:42:14 : Direct: Grim: Hey
13:42:14 : Direct: Grim: Do you want a free heli?
13:42:21 : Direct: onetwo: no thank you
13:55:48 : Direct: onetwo: no ty
13:55:49 : Direct: [B.K.G] Joaquín Guzmán: 300
13:55:53 : Direct: onetwo: waiting for my friends to logon
15:07:38 : Direct: [Pvt] ANGeR: /dance
15:20:38 : Direct: Grim: I would like to view the Generals house
15:21:30 : Direct: Grim: I spoke to your Cpt, he said I was allowed, no?
15:21:57 : Direct: Grim: Antony
15:22:10 : Direct: Grim: I'll wait, is there an eta?
15:22:54 : Direct: Grim: Negative, just viewing.
15:23:31 : Direct: Grim: I heard people are allowed to view the generals house, I'm just wanting to view
15:24:23 : Direct: Grim: Negative.
15:24:53 : Direct: Grim: eta on viewing times?
15:25:45 : Direct: Grim: I support myself
15:26:10 : Direct: [Lt] Tango: Do you have an alterego who goes by the name of mike?
15:26:31 : Direct: Grim: Understood, and negative, Tango.
15:26:42 : Direct: [Lt] Tango: sure mate
15:27:20 : Direct: Jack: i recieved a meesage from a capt. antonyj for some sexy time
15:27:27 : Direct: Grim: How many men do you have at this border?
15:27:55 : Direct: Jack: no si
15:27:58 : Direct: Jack: sir
15:28:06 : Direct: Grim: Just making chit chat
15:28:41 : Direct: Jack: i stole a heli to get here
15:29:10 : Direct: Grim: Say that again
15:29:36 : Direct: Grim: No need for added protection
15:30:08 : Direct: Grim: Can't hear you due to the heli
15:30:28 : Direct: Grim: I have to leave, I will be back later
15:47:21 : Group: [APD] Supt. MrDunis: .HAMMY
15:47:23 : Group: [APD] Supt. MrDunis: MASS WEED RUN
15:47:24 : Group: [APD] Chf Insp. Nolif: hamilton need backup
15:47:25 : Group: [APD] Supt. MrDunis: GET OYUR ASS HERE
15:47:26 : Group: [APD] Supt. MrDunis: PLEASE
15:47:27 : Group: [APD] Supt. MrDunis: .FUCK
15:47:29 : Direct: SwiftWarlock: hey man
15:47:29 : Group: [APD] Supt. MrDunis: ALL OF AFF
15:47:33 : Group: [APD] Chief. Hamilton: ok
15:48:02 : Direct: Thorgaard: Hey
15:51:04 : Group: [APD] Chief. Stalks: where shall i go to?
15:51:12 : Group: [APD] Chief. Stalks: yay nato gear
15:52:26 : Direct: [Cpt] Antony-J: brb
15:56:58 : Direct: SwiftWarlock: do you want to die?
15:57:00 : Direct: Thorgaard: Geared up
15:57:07 : Direct: SwiftWarlock: yeah=]]]
15:57:09 : Direct: Thorgaard: Nahh im good
15:57:14 : Direct: SwiftWarlock: can i join your gang?
15:57:24 : Group: [Lt] Tango: there are cops there
15:57:27 : Direct: Thorgaard: Hm
15:57:28 : Group: [Lt] Tango: void scouted for us
15:57:33 : Group: [Pvt] Connor.M: already checked it at least 1 cop there
15:57:37 : Direct: Thorgaard: We are currently not recruiting
15:57:51 : Direct: Thorgaard: Since we are a so small gang xD
15:57:52 : Direct: SwiftWarlock: c'mon man....
15:57:54 : Group: [Cpt] Antony-J: Where are we going gang or other?
15:57:59 : Group: [Lt] Tango: normal
15:58:10 : Direct: SwiftWarlock: i'm going to be useful
15:58:41 : Direct: SwiftWarlock: who is the leader?
15:59:09 : Direct: [HATO] Mark: u hear me?
15:59:19 : Direct: Thorgaard: Im the leader
15:59:26 : Direct: VoidYT: DO NOT SHOOT
15:59:34 : Direct: VoidYT: Im going to holster my weapon
15:59:41 : Direct: SwiftWarlock: how many players are in Riders?
15:59:45 : Group: [Pvt] WarGamer : Who is it?
15:59:54 : Group: [Pvt] Connor.M: void
15:59:59 : Direct: [Lt] Tango: If you take your weapon of your back you will be shot.
16:00:01 : Group: [Pvt] Connor.M: he pulls his weapon kill
16:00:02 : Direct: Thorgaard: Six
16:00:19 : Group: [Pvt] Connor.M: 3 apd at weed proccessing
16:00:21 : Group: [General] RoD: tell him to fk off
16:00:32 : Group: [Pvt] Connor.M: hes our scout rod 
16:00:34 : Direct: SwiftWarlock: one more doesn't make damage=]]
16:00:55 : Group: [General] RoD: anthony, come to my room
16:03:53 : Direct: SwiftWarlock: =]]
16:04:33 : Direct: SwiftWarlock: can i join?
16:04:37 : Direct: SwiftWarlock: yeah?
16:04:51 : Direct: SwiftWarlock: ok
16:05:03 : Direct: SwiftWarlock: i have a mic but im not using it now
16:20:46 : Direct: SwiftWarlock: wtf
16:20:51 : Direct: [NHS Chief] Dr. Huberio: digsite
16:20:57 : Direct: [NHS Chief] Dr. Huberio: we found several skeletons
16:21:03 : Direct: SwiftWarlock: =]]]
16:21:05 : Direct: [NHS Chief] Dr. Huberio: my men are off for a break
16:21:07 : Direct: SwiftWarlock: you are alone?
16:21:17 : Direct: [NHS Chief] Dr. Huberio: Currently im alone just covering them
16:21:21 : Direct: [NHS Chief] Dr. Huberio: so they dont get stolen
16:21:28 : Direct: SwiftWarlock: nice heli=]]
16:21:32 : Direct: [NHS Chief] Dr. Huberio: Thanks.
16:22:19 : Direct: [NHS Chief] Dr. Huberio: entrance.....
16:35:01 : Direct: [NHS Chief] Dr. Huberio: really
16:37:43 : Direct: [Lt] Tango: any more?
16:41:25 : Group: FribZen: ?
16:57:28 : Direct: [Lt] Tango: thankyou :d
16:58:10 : Group: [APD] Chief. Stalks: brb 15min
17:11:39 : Group: [Lt] Tango: KAG HOW LONG YOU GONNA BE?
17:32:31 : Direct: White Bob: talk to black bob hes da leader ya know
17:34:42 : Direct: White Bob: I talked to black bob he said come to the base and we will takl
17:34:46 : Direct: White Bob: *takl
17:34:50 : Direct: White Bob: *talk
17:37:51 : Direct: Jack: yes
17:52:42 : Direct: Thorgaard: Do we have a problem?
17:52:49 : Direct: Thorgaard: Would you stop?
17:54:06 : Vehicle: jhklp1: hey
17:54:10 : Vehicle: jhklp1: im new to server
17:54:13 : Vehicle: jhklp1: got any tips
17:54:19 : Vehicle: jhklp1: i got no idea what to do xD
17:54:25 : Vehicle: jhklp1: liek first time on arma 3
17:54:35 : Vehicle: jhklp1: ive seen tutoirla but thats it
17:54:49 : Direct: jhklp1: rly
17:54:53 : Direct: jhklp1: whyyy
17:55:30 : Direct: jhklp1: mate
17:55:32 : Direct: jhklp1: your a dick
17:55:38 : Direct: jhklp1: i havnt even been on arma 1 hour
17:55:50 : Direct: jhklp1: and you kidnap me
17:56:12 : Direct: jhklp1: plzz
17:56:15 : Direct: jhklp1: im new\
17:56:23 : Direct: jhklp1: can i have some
17:56:26 : Direct: jhklp1: and can i join you after
17:56:36 : Direct: jhklp1: can i join you after you make money?
17:56:39 : Direct: jhklp1: im beast why?
17:56:51 : Direct: jhklp1: im a rly good sniper
17:56:58 : Direct: jhklp1: cool
17:57:09 : Direct: jhklp1: i fucked the tutorial over
17:57:20 : Direct: jhklp1: i killed all the npc's b4 i was told so i had to reset xD
17:57:28 : Direct: jhklp1: so
17:57:31 : Direct: jhklp1: got any water
17:57:33 : Direct: jhklp1: b4 i die
17:57:45 : Direct: jhklp1: meowww
17:57:56 : Direct: jhklp1: so
17:57:59 : Direct: jhklp1: we going for a ride?
17:58:09 : Direct: jhklp1: ok
17:58:27 : Direct: jhklp1: we going to your base?
17:59:22 : Vehicle: jhklp1: i like your car
17:59:31 : Vehicle: jhklp1: wwhy not get a ferrari?
18:00:26 : Vehicle: jhklp1: why we stopped?
18:00:38 : Vehicle: jhklp1: meow?
18:01:22 : Vehicle: jhklp1: oww your back
18:01:26 : Vehicle: jhklp1: so
18:01:30 : Vehicle: jhklp1: can i join you after this?
18:01:38 : Vehicle: jhklp1: why\
18:01:50 : Vehicle: jhklp1: plz dude
18:01:54 : Vehicle: jhklp1: ill do what ever you want
18:02:06 : Vehicle: jhklp1: and im a beast shot, i play alot of dayz
18:02:31 : Vehicle: jhklp1: im about to die
18:02:43 : Vehicle: jhklp1: i cant drink it
18:02:52 : Vehicle: jhklp1: cos im in handcuffs
18:03:21 : Direct: jhklp1: i wont run since im joining you :P
18:03:49 : Vehicle: jhklp1: rly
18:03:59 : Direct: jhklp1: wait
18:04:03 : Direct: jhklp1: can i join you
18:04:05 : Direct: jhklp1: after
18:04:13 : Direct: jhklp1: plz?
18:04:17 : Direct: jhklp1: umm
18:04:24 : Direct: jhklp1: i got 2 mates behind you and your about to die :P
18:04:53 : Direct: jhklp1: well
18:04:57 : Direct: jhklp1: it was nice knowing you
18:05:01 : Direct: jhklp1: btw
18:05:05 : Direct: jhklp1: how much is it for a car
18:05:13 : Direct: jhklp1: oww 
18:05:16 : Direct: jhklp1: where we going now?
18:05:25 : Direct: White Bob: can i come along for the ride boys?
18:09:05 : Direct: jhklp1: ik
18:09:07 : Direct: jhklp1: kill me
18:09:10 : Direct: jhklp1: and come pick me up
18:09:24 : Direct: FribZen: Thought you were slick, huh?
18:09:43 : Direct: (BIH) Erran: at least i killd u
18:13:04 : Direct: White Bob: thorgard?
18:13:09 : Direct: Thorgaard: Hello bush brother
18:13:16 : Direct: White Bob: are you a cop?
18:13:21 : Direct: Thorgaard: Nope
18:13:23 : Direct: White Bob: oh
18:13:41 : Direct: White Bob: want to rent the bob protection service for your trucks?
18:14:03 : Direct: (BIH) DerRivE: ja sam iz bosne
18:14:07 : Direct: White Bob: bh
18:14:16 : Direct: (BIH) DerRivE: ja sam iz mostar
18:14:17 : Direct: Thorgaard: Im also bosnia
18:14:24 : Direct: White Bob: erram
18:14:27 : Direct: White Bob: *erran
18:14:34 : Direct: White Bob: are these your trucks?
18:14:41 : Direct: (BIH) DerRivE: nisu
18:14:42 : Direct: (BIH) Erran: yes why
18:14:52 : Direct: (BIH) Erran: im lockpicking now so its mine
18:14:54 : Direct: White Bob: whos are thare they?
18:15:00 : Direct: (BIH) DerRivE: ooooo mnuraze
18:15:03 : Direct: White Bob: riders
18:15:04 : Direct: (BIH) DerRivE: boraze
18:15:10 : Direct: (BIH) DerRivE: kako si
18:15:12 : Direct: (BIH) DerRivE: jesam
18:15:28 : Direct: Chullie: TY'
18:15:29 : Direct: White Bob: want to rent the bobs to protect your trucks?
18:16:16 : Direct: White Bob: want to rent the bobs brother
18:16:24 : Direct: White Bob: we will protect your convoy
18:20:56 : Direct: Chullie: Hassan do we still have a deal?
18:21:49 : Direct: jhklp1: we need
18:21:54 : Direct: jhklp1: to get me unglitched first
18:22:05 : Direct: jhklp1: glitched.
18:22:08 : Direct: jhklp1: cant access 
18:22:15 : Direct: jhklp1: ikr
18:22:17 : Direct: jhklp1: get a cop
18:22:21 : Direct: jhklp1: or someone to picklock me out
18:22:53 : Direct: jhklp1: help
18:22:57 : Direct: jhklp1: yes
18:23:10 : Direct: jhklp1: come pick me up
18:26:55 : Vehicle: jhklp1: xD
18:26:59 : Vehicle: jhklp1: thankyou
18:43:56 : Direct: jhklp1: hey
18:44:00 : Direct: jhklp1: have you been here a while
18:44:04 : Direct: jhklp1: hello
18:45:07 : Vehicle: Therustybandit: hi
18:45:16 : Vehicle: Therustybandit: no i havnet
18:45:28 : Vehicle: White Bob: your going to jail
18:45:36 : Vehicle: Therustybandit: aluhackbar
18:59:43 : Direct: [APD]PCSO.Sean: you need to store your blue car or its getting impounded
19:12:54 : Direct: [Cpt] Antony-J: *Hugs*
19:13:23 : Direct: White Bob: enjoy him
19:22:06 : Vehicle: [APD] SPC. Spammking: cant talk got people in my room making lots of noise but i can hear you
19:39:25 : Group: [Pvt] Ahmed: rip my ping = 8000 think i need to reset my router
19:43:36 : Group: jhklp1: wow
19:43:39 : Group: jhklp1: this is cool
19:43:42 : Group: jhklp1: btw where r you
19:43:59 : Group: Josh: coming to you mate
19:44:04 : Group: jhklp1: im at aaf
19:44:12 : Group: Josh: stay there
19:44:15 : Direct: jhklp1: friendly
19:44:21 : Direct: jhklp1: hey
19:44:22 : Direct: jhklp1: guys
19:44:24 : Direct: jhklp1: im friendly
19:44:28 : Direct: jhklp1: i was wanting to join
19:44:30 : Direct: jhklp1: i have a gun
19:44:32 : Direct: jhklp1: ill put it away
19:44:34 : Direct: jhklp1: ok?
19:44:48 : Direct: jhklp1: hey
19:44:57 : Direct: jhklp1: i was wondering if i could join aaf
19:45:00 : Direct: jhklp1: aff xD
19:45:10 : Direct: jhklp1: hes my mate
19:45:12 : Direct: jhklp1: i think
19:45:19 : Direct: jhklp1: i can?
19:45:27 : Direct: jhklp1: why
19:45:30 : Direct: jhklp1: oww
19:45:34 : Group: jhklp1: is that you
19:45:38 : Direct: jhklp1: thanks man
19:45:39 : Direct: jhklp1: ill be off
19:45:42 : Direct: Josh: just a sec hooking in mic boys
19:45:50 : Direct: jhklp1: wtf am i doing
19:45:58 : Direct: jhklp1: controls are spazzing
19:46:00 : Direct: Josh: just a sec man
19:46:08 : Direct: jhklp1: ok
19:46:18 : Group: jhklp1: where r you
19:46:26 : Group: jhklp1: are you the chopper
19:46:34 : Group: jhklp1: hey
19:46:49 : Direct: jhklp1: this is my friend
19:46:52 : Direct: jhklp1: josh
19:47:44 : Direct: jhklp1: bye
19:47:45 : Direct: jhklp1: 3
19:47:52 : Group: jhklp1: hey maan
19:47:57 : Group: jhklp1: you got ts?
19:48:02 : Group: jhklp1: i got a mic on ts
19:48:15 : Group: jhklp1: go to gaming room 1
19:48:23 : Group: jhklp1: whgen you can xD
19:49:31 : Direct: Black Bob: Why you pulled me out ?
19:49:40 : Group: jhklp1: gaming room 1
19:50:15 : Direct: Black Bob: Why did you pulled me out?
19:52:02 : Group: [Pvt] Kryptic: brb 1-2 min
19:53:08 : Group: [Pvt] Kryptic: back
19:53:48 : Direct: [APD] Chf Insp. Nolif: BOB
19:57:45 : Group: jhklp1: u here?
20:00:36 : Direct: jhklp1: bob
20:00:39 : Direct: jhklp1: you owe me
20:08:12 : Direct: [APD] Chf Insp. Nolif: ooc: is almin cop?
20:08:21 : Direct: Chullie: nO
20:08:29 : Direct: Chullie: HE IS NOT
20:16:37 : Direct: [APD] SPC. Morrisino: do you need a toolkit?
20:16:42 : Group: FribZen: yES
20:16:54 : Group: FribZen: Isnt there a gasstaion over here?
20:17:01 : Direct: [APD] SPC. Morrisino: well do you need a toolkit??
20:17:06 : Group: FribZen: Why yes
20:22:09 : Group: jhklp1: where we going?
20:22:16 : Group: jhklp1: i can hear you xD
20:35:31 : Direct: [APD] Supt. Martyr: NOOOO
20:35:35 : Direct: [APD] Supt. Martyr: Jesus was waiting for me!
20:35:46 : Direct: [APD] Supt. Martyr: Thank you medic
20:39:20 : Group: [APD] Supt. Martyr: DId one of you repair my car?
20:39:22 : Direct: Nanobear: neim
20:39:27 : Group: [APD] SPC. Morrisino: yeah 
20:39:27 : Direct: Nanobear: nein
20:39:30 : Group: [APD] Supt. Martyr: Thank you
20:39:33 : Group: [APD] SPC. Morrisino: np
20:43:40 : Direct: Nanobear: TURN OFF RAIN
20:52:18 : Direct: jhklp1: bob
20:52:20 : Direct: jhklp1: hey
20:52:39 : Direct: jhklp1: bob
20:52:40 : Direct: jhklp1: why
20:52:42 : Direct: jhklp1: you cunt
20:52:54 : Group: jhklp1: stay alive
20:53:25 : Direct: jhklp1: dude
20:53:27 : Direct: jhklp1: why kill me
20:53:30 : Direct: jhklp1: im friendly
20:55:28 : Group: Chullie: FUCK DER ER RESTART
20:55:35 : Group: Chullie: Hvad gør vi?
20:56:13 : Group: Chullie: Hvad gør vi`
20:56:16 : Group: Chullie: med alt det
20:56:44 : Group: Chullie: Jeg gpr ved restart
20:56:55 : Group: Chullie: Jeg går når der er restart
20:59:59 : Group: jhklp1: wow
21:04:29 : Direct: jhklp1: oi
21:04:31 : Direct: jhklp1: white bob
21:04:36 : Direct: jhklp1: you jsut killed me b4 restart
21:04:40 : Direct: jhklp1: can i have my stuff back
21:04:45 : Direct: jhklp1: i was at drug dealer and you killed me
21:04:51 : Direct: jhklp1: kalen
21:04:53 : Direct: jhklp1: you were with him
21:05:05 : Group: [Pvt] Connor.M: rod ive lock all mqasion doors as they where unlocked for some unknown reason
21:05:26 : Direct: jhklp1: kalem
21:05:57 : Direct: jhklp1: boob
21:06:00 : Direct: jhklp1: bob
21:06:05 : Direct: jhklp1: bob
21:06:09 : Direct: jhklp1: you kileld me b4 reset
21:06:12 : Direct: jhklp1: i was at drufg deaer
21:06:20 : Direct: jhklp1: you took all my cash
21:06:24 : Direct: jhklp1: ..
21:06:28 : Direct: jhklp1: you kileld me
21:06:34 : Direct: jhklp1: you kileld me
21:06:37 : Direct: jhklp1: at drug dealer
21:06:40 : Direct: jhklp1: i have nothing
21:06:50 : Direct: jhklp1: i had
21:06:56 : Direct: jhklp1: like 1000000on me
21:07:05 : Direct: jhklp1: ye but
21:07:07 : Direct: jhklp1: i got nothing
21:07:09 : Direct: jhklp1: in bank
21:07:14 : Direct: jhklp1: bob
21:07:17 : Direct: jhklp1: can you buy me a gun
21:07:19 : Direct: jhklp1: i lsot it
21:07:28 : Direct: Kalem: FANCY A COBINED OPP BOBS?
21:08:04 : Direct: jhklp1: bob
21:08:08 : Direct: jhklp1: i lsot all my stuff
21:10:16 : Direct: Bich Phuc Dat: hello guys
21:10:20 : Direct: Bich Phuc Dat: its me peyzo
21:10:26 : Direct: Bich Phuc Dat: honestly mate go kill urself
21:10:52 : Direct: jhklp1: i rly cant fly
21:10:55 : Direct: jhklp1: hahaha
21:10:57 : Direct: jhklp1: can you teach me
21:11:13 : Direct: jhklp1: i did
21:13:24 : Direct: jhklp1: dude
21:13:38 : Direct: jhklp1: help
21:19:28 : Direct: Bich Phuc Dat: 420SPERMTROLLZZZZZZZZZZZ
21:22:08 : Direct: jhklp1: hey
21:22:20 : Direct: jhklp1: its me
21:22:26 : Group: [Pvt] VibZ: ROD
21:22:32 : Group: [Pvt] Lazarus: is jhklp clear to go through border?
21:22:46 : Group: [General] RoD: the Captain will get him
21:22:53 : Direct: jhklp1: snake
21:23:24 : Direct: jhklp1: thanks for the lift
21:25:19 : Direct: jhklp1: cant get out
21:25:34 : Direct: jhklp1: kinda stuck
21:25:40 : Direct: Bich Phuc Dat: SOM TING WONG
21:25:42 : Direct: jhklp1: thanks
21:25:44 : Direct: jhklp1: 3
21:25:45 : Direct: Bich Phuc Dat: TOM PENG PUNG
21:25:59 : Group: [Pvt] VibZ: sorry didnt know they had permission
21:26:15 : Direct: jhklp1: hello sir
21:26:42 : Direct: jhklp1: i cant hear very well
21:26:51 : Group: [Pvt] Lazarus: is there anyone else with permission to cross we need to know about?
21:26:54 : Direct: jhklp1: cant access
21:26:58 : Direct: jhklp1: oww
21:27:01 : Direct: jhklp1: you gaave me 500k
21:27:02 : Direct: jhklp1: dude
21:27:04 : Direct: jhklp1: thanks so much
21:27:07 : Direct: [General] RoD: NP
21:27:27 : Direct: jhklp1: bobs the guy who fucking kileld me
21:27:32 : Direct: jhklp1: in the first place
21:28:16 : Direct: jhklp1: ye
21:28:22 : Direct: White Bob: OOC we cant move them its bugged
21:28:28 : Direct: jhklp1: i can dig executions
21:29:05 : Direct: jhklp1: noice
21:29:23 : Direct: jhklp1: whos the cash
21:30:12 : Direct: jhklp1: do i just hang around with you guys xD
21:30:37 : Direct: jhklp1: was testing
21:31:22 : Direct: jhklp1: rod im now your peronal security guard :P xD
21:32:09 : Direct: jhklp1: meow
21:33:16 : Direct: jhklp1: ddo isleep here
21:33:23 : Direct: jhklp1: meow?
21:33:39 : Direct: jhklp1: i live here
21:33:41 : Direct: jhklp1: aparently
21:33:46 : Direct: A3aN: can u plz move ur chopper?
21:33:47 : Direct: jhklp1: im the resident cat
21:33:51 : Direct: jhklp1: rod
21:33:55 : Direct: jhklp1: can i be the resident cat
21:34:05 : Direct: jhklp1: lovley
21:34:12 : Direct: jhklp1: rly
21:34:12 : Direct: A3aN: no  problem man
21:34:24 : Direct: jhklp1: ok
21:34:30 : Direct: jhklp1: ok
21:34:41 : Direct: jhklp1: you guys kinda
21:34:44 : Direct: jhklp1: moved my car
21:35:08 : Direct: jhklp1: do you know where my car is
21:35:15 : Direct: jhklp1: you guys kinda moved it
21:35:38 : Vehicle: jhklp1: red pick up
21:35:47 : Vehicle: jhklp1: ye
21:35:56 : Vehicle: jhklp1: btw you dont know how to fly a heli ddo ya?
21:36:10 : Vehicle: jhklp1: i kinda broke mine
21:36:17 : Vehicle: jhklp1: i dont know how to fly a heli
21:36:31 : Vehicle: jhklp1: dustyy
21:41:11 : Direct: alex: freindly?
21:53:24 : Direct: Bich Phuc Dat: BASICALLY MATE, WE GIVE YOU THE OPPURTUNITY TO FUCK PEOPLE UP.
21:56:19 : Direct: SwiftWarlock: stop
21:57:01 : Vehicle: [Cpt] Antony-J: 350k for the launcher 70k per rocket?
21:57:24 : Direct: Bich Phuc Dat: Hello Sir!
21:58:27 : Direct: Bich Phuc Dat: 490k total.
21:58:49 : Direct: Bich Phuc Dat: 350k for a launcher +1missile,. and 70k missle
21:58:59 : Group: [Pvt] Sig: There is/was a chopper over our island
21:59:08 : Direct: A3aN: bit downhill here haha lol
21:59:18 : Direct: A3aN: ni mike 
21:59:31 : Direct: A3aN: needa get new one
21:59:45 : Direct: A3aN: herion
21:59:55 : Direct: A3aN: thats correct
22:00:22 : Direct: A3aN: 134400
22:00:45 : Direct: SwiftWarlock: hey
22:01:06 : Direct: A3aN: to who do  i pay?
22:01:28 : Direct: SwiftWarlock: =]]]
22:01:33 : Direct: SwiftWarlock: dont try something
22:01:53 : Direct: A3aN: all good?
22:01:53 : Direct: SwiftWarlock: c'mon
22:02:22 : Direct: SwiftWarlock: no
22:04:59 : Group: [Pvt] Sig: man on quadbike close to border!
22:05:18 : Group: SwiftWarlock: where?
22:05:41 : Group: SwiftWarlock: need help?
22:06:04 : Direct: Grim: I am here to view the generals house
22:06:09 : Direct: Grim: I came this morning
22:06:18 : Direct: Grim: Go ahead
22:06:34 : Group: SwiftWarlock: you're on the other side of me
22:06:43 : Direct: Grim: How many guys do you have on the border?
22:06:45 : Group: SwiftWarlock: thor let's get the drop
22:06:47 : Group: [Pvt] Lazarus: rod is grim allowed to view the generals house?
22:06:51 : Group: [Pvt] Sig: orca going towards dealer
22:07:34 : Group: SwiftWarlock: regorup at you?
22:07:47 : Direct: Grim: When is a good time?
22:07:58 : Direct: Grim: Can you get an eta?
22:09:44 : Group: [APD] Chf Insp. Nolif: hami he wants comp for what happend
22:09:46 : Group: [APD] Chf Insp. Nolif: when he exploded
22:09:53 : Group: [APD] Chf Insp. Nolif: he had like titan mk18 lynx in his car aswell
22:10:48 : Group: Thorgaard: Opium 
22:10:53 : Group: [APD] Chief. Hamilton: it was desync
22:10:59 : Group: Thorgaard: Proccesing
22:11:00 : Group: [APD] Chief. Hamilton: if he wants comp tell him to post on forum
22:11:14 : Group: SwiftWarlock: coming
22:11:15 : Group: [APD] Chf Insp. Nolif: his uploading a video
22:11:24 : Group: [APD] Chf Insp. Nolif: ok i'll tell him to put it on the forums
22:11:37 : Group: SwiftWarlock: we are just 3 on and the other one saw the message...
22:11:53 : Group: SwiftWarlock: i should go to the drop first?
22:11:57 : Group: [Pvt] VibZ: orca hovering over drug dealer
22:13:33 : Group: SwiftWarlock: saw a jet around the drop=]]]
22:14:44 : Group: SwiftWarlock: guys vote night
22:17:17 : Group: SwiftWarlock: thor regorup for what?
22:17:26 : Group: SwiftWarlock: just asking
22:18:13 : Group: [Pvt] Sig: Who is outside the border with a weapon and/or rangefinder? By a quadbike that is
22:18:50 : Group: [General] RoD: sig
22:18:59 : Group: [General] RoD: move on teamspeak channel and check with them
22:19:08 : Direct: [HATO]HussyPunter: hello sir
22:19:12 : Group: SwiftWarlock: really?=]]]
22:19:18 : Group: SwiftWarlock: both on the same way?=]]]
22:19:20 : Group: Thorgaard: fokkiw
22:19:26 : Group: Thorgaard: follow
22:19:29 : Group: SwiftWarlock: ok
22:19:31 : Direct: [HATO]HussyPunter: where to?
22:19:38 : Direct: [HATO]HussyPunter: sure
22:20:38 : Direct: [HATO]HussyPunter: its glitched :(
22:20:47 : Direct: [HATO]HussyPunter: sorry
22:20:47 : Group: SwiftWarlock: wheres frib?
22:22:33 : Group: SwiftWarlock: wtf
22:23:10 : Group: Thorgaard: Dont know what happend
22:23:38 : Group: SwiftWarlock: you took myitems at least?
22:23:48 : Direct: [HATO]HussyPunter: One of us will be dispatched to your location
22:24:21 : Group: SwiftWarlock: i'm out if you're goign to be just like this regroup and when i'm next to you not even 5 min i die....
22:24:48 : Group: SwiftWarlock: ok bye with you're group then....
22:24:49 : Group: FribZen: k
22:29:06 : Direct: [B.K.G] Joaquín Guzmán: DONT TAKE DOWN
22:29:10 : Vehicle: [Pvt] Lazarus: why?
22:29:10 : Direct: [B.K.G] Joaquín Guzmán: THEN YOU ARE DEAD
22:29:15 : Direct: [B.K.G] Joaquín Guzmán: STUF
22:29:44 : Direct: [B.K.G] Joaquín Guzmán: jump in
22:31:05 : Direct: Josh: you robbed me at the aff base 
22:31:11 : Direct: Josh: for 130k
22:31:17 : Direct: Josh: it was you and bob
22:31:19 : Direct: Josh: .-
22:32:44 : Direct: Thorgaard: Goodday!
22:35:47 : Group: [Pvt] Kryptic: yu'll
22:36:17 : Direct: SwiftWarlock: hey
22:43:11 : Direct: Mr Moonman: KYS
22:43:14 : Direct: Mr Moonman: JK
22:43:28 : Direct: HussyPunter: TS
22:43:33 : Direct: HussyPunter: im in channel
22:47:39 : Direct: HussyPunter: meta-gaming
22:47:42 : Direct: HussyPunter: ts now
22:48:03 : Direct: HussyPunter: jk <3 luv u, dont do it again
22:48:11 : Direct: HussyPunter: dont meta
22:48:20 : Direct: HussyPunter: k cool
22:48:29 : Direct: HussyPunter: who wants to commit suicide?
22:48:35 : Direct: HussyPunter: nah
22:48:36 : Direct: VoidYT: Me
22:50:14 : Direct: HussyPunter: fuck off
22:50:16 : Direct: HussyPunter: plans
22:52:59 : Direct: LoneWolf: training
22:53:07 : Group: [Pvt] Connor.M: take susspicion and causion with Grim, I feel he has a plot to kill RoD or as a hit.
22:53:23 : Group: [Pvt] Connor.M: has*
22:54:45 : Direct: HussyPunter: BOB FUCKING STOP
22:54:48 : Direct: HussyPunter: I WILL PAY YOU
22:54:53 : Direct: HussyPunter: HOW MUCH DO YOU WANT
22:55:08 : Direct: HussyPunter: I SWEAR TO GOD I WILL THROAT FUCK YOU WITH A BAGEL
22:58:40 : Group: YAKUZA FU KAN TONG: headsettet fucka
22:59:10 : Group: Bich Phuc Dat: HAR SHITSETTET CREFT)
22:59:31 : Group: YAKUZA FU KAN TONG: ja
22:59:36 : Group: Bich Phuc Dat: SO DO U
22:59:45 : Group: YAKUZA FU KAN TONG: :,(
22:59:48 : Group: Bich Phuc Dat: IDK ILU
23:00:04 : Group: [APD] Chief. Hamilton: AFF at Weed
23:00:06 : Group: [APD] Chief. Hamilton: help
23:00:15 : Group: [APD] Insp. Pancakes: On route
23:00:25 : Direct: Kalem: ello m8
23:00:32 : Group: [APD] Supt. MrDunis: Landing at zaros for vehicle
23:01:01 : Group: Bich Phuc Dat: .honestly mait
23:01:15 : Group: YAKUZA FU KAN TONG: lol ka skjedde nO?
23:01:20 : Group: Bich Phuc Dat: JA 
23:01:21 : Group: [APD] Chief. Hamilton: false alarm, go back to your duty
23:01:28 : Group: [APD] Supt. MrDunis: faack
23:01:40 : Group: Paddy.C: ffs
23:01:51 : Group: FribZen: This is bs
23:01:51 : Group: [APD] Chief. Hamilton: sorry
23:01:51 : Group: [APD] Sgt. Randall: group chat ya spastic
23:01:51 : Group: HussyPunter: no no its okay
23:01:55 : Group: Paddy.C: ......?
23:10:08 : Group: [Pvt] Sig: going over there
23:12:05 : Direct: Bich Phuc Dat: sir
23:12:09 : Direct: Bich Phuc Dat: im lost
23:12:11 : Direct: [APD] Chief. Stalks: Hello sir, you should leave this area
23:12:12 : Direct: Bich Phuc Dat: im lost on a hike
23:12:18 : Direct: Bich Phuc Dat: i need a riude
23:12:32 : Direct: Bich Phuc Dat: officer
23:12:38 : Direct: [APD] Chief. Stalks: take the heli sir
23:12:49 : Direct: [APD] Chief. Stalks: take it to safety sir
23:12:57 : Direct: [APD] Chief. Stalks: yes, go sir, its not safe here
23:14:57 : Group: Paddy.C: do we tell sean bout gltich?
23:15:27 : Group: HussyPunter: hardly a glitch jumping higher from skill points
23:15:40 : Group: Paddy.C: can anyone else do it tho?
23:15:53 : Group: HussyPunter: literally anyone who presses control + Y
23:16:11 : Group: Paddy.C: yeah but the height that get
23:17:25 : Direct: Paddy.C: sorry
23:31:40 : Group: [Pvt] Connor.M: border is under attack the patrol is requesting assistance
23:32:19 : Group: [Pvt] Connor.M: we are keeping 2 men on drug dealer and we also have a green/brown orca coming over which has permission so do not shoot.
23:34:27 : Direct: Kalem: CAN YOU GET HIM TO SHUT THE HELI UP
23:34:39 : Group: [Pvt] ANGeR: GUY
23:34:49 : Direct: A3aN: yes sir
23:35:29 : Direct: A3aN: to who i payen ? 
23:35:31 : Direct: White Bob: IT GLITCHED YOUR RESTRAINED
23:35:39 : Group: [APD] Chief. Hamilton: nolif did the bob's take you hostage?
23:35:51 : Direct: Kalem: shut the heli up ffs
23:36:32 : Group: [APD] Chf Insp. Nolif: Sean do what they say
23:36:36 : Group: [APD] Chf Insp. Nolif: restrain is glitched
23:36:39 : Direct: Grim: Hey
23:36:46 : Direct: [APD] Chf Insp. Nolif: sean
23:36:47 : Direct: Grim: Are you against the AFF at the border?
23:36:51 : Direct: [APD] Chf Insp. Nolif: restrain is glitched mate
23:37:01 : Direct: Agent. 43: just hitmen
23:37:06 : Direct: White Bob: hurry please
23:39:23 : Vehicle: [APD] Chf Insp. Nolif: ooc: you died
23:39:29 : Vehicle: [APD] Chf Insp. Nolif: HAHAHAHAHA
23:39:36 : Vehicle: [APD] Chf Insp. Nolif: HAHAHAHAAHAHAHAHAHAHAHAHA
23:39:40 : Vehicle: [APD] Chf Insp. Nolif: Kalem i love you
23:39:55 : Vehicle: [APD]PCSO.Sean: LAMFO
23:40:55 : Group: [APD] Chf Insp. Nolif: ooc: Inb4 me and sean do a jimmy
23:41:03 : Group: [APD] Supt. MrDunis: lol
23:41:14 : Direct: [Pvt] Connor.M: no one ever lets me talk :( like legit even when im not talking much
23:42:28 : Direct: White Bob: we will meet you at the mansion
23:42:58 : Group: Hans: .
23:44:11 : Vehicle: [APD] Supt. MrDunis: You are being taken to the Pyrgos HQ where we will speak further
23:44:26 : Vehicle: [APD] Supt. MrDunis: *closes the hatch to the back*
23:45:02 : Vehicle: [APD] Supt. MrDunis: We will speak whgen we arrive at the HQ
23:45:58 : Vehicle: [APD] Supt. MrDunis: Sssh we will take you to Pyrgos HQ and speak
23:46:54 : Group: [APD] Chief. Hamilton: Nifo and Sean we are not negotiating to rescue you. its against policy
23:47:08 : Group: [APD] Chf Insp. Nolif: It's fine i'll join them
23:47:09 : Group: [APD] Chief. Hamilton: if they capture the negotiators then all negotiations are off
23:47:36 : Group: [APD] Chf Insp. Nolif: [Pvt] Nick Nolif this has been planned along time ago
23:47:47 : Group: [APD] Chf Insp. Nolif: and [Pvt] Sean aswell
23:47:58 : Group: [APD] Chief. Stalks: i'll unwhitelist now no problem
23:47:59 : Vehicle: [APD] Supt. MrDunis: nope
23:48:03 : Group: [APD] Chief. Stalks: cya fellas
23:48:31 : Direct: [APD] Chf Insp. Nolif: OOc: how, by breaking the rules xd
23:49:24 : Direct: [APD]PCSO.Sean: I GIVE YOU THE HELLO KITY BANDAGE plz let me go
23:51:33 : Group: [Pvt] Connor.M: can we get an armoured vehicle to drug to collect tax money.
23:51:41 : Group: [Pvt] Connor.M: down at drug dealer
23:52:55 : Direct: [APD] Supt. Martyr: Move along please sir
23:54:09 : Direct: [APD] Supt. MrDunis: IF we atch you rob another gas station no deals will be made
23:55:38 : Group: [Pvt] Connor.M: we need a replacement at drug dealer as i need to go soon. 
23:56:52 : Direct: Henrik: 100000
23:57:10 : Direct: (BIH) DerRivE: YESS
23:57:20 : Direct: (BIH) DerRivE: what
23:57:36 : Direct: (BIH) DerRivE: whaT ARE YOU TALKTING ABOUT
23:57:46 : Direct: (BIH) DerRivE: no
23:57:51 : Group: [Pvt] WarGamer : Let the bob's go
23:57:56 : Direct: (BIH) DerRivE: aha yess
23:57:58 : Direct: (BIH) DerRivE: hahahaha
23:58:11 : Direct: (BIH) DerRivE: yesss good times
23:58:14 : Direct: (BIH) DerRivE: my friend?
23:59:31 : Group: [Pvt] VibZ: had food lads 
