00:02:16 : Direct: [NHS] VibZ: oke
00:17:29 : Direct: Synthificant: What, your mic is too low
00:17:43 : Direct: G.O]  snopparunderstenar: put ur hands up
00:17:49 : Direct: G.O]  snopparunderstenar: or i shoot
00:17:52 : Direct: Synthificant: What for? I'm in a green zone mate and you have no gun.
00:24:57 : Direct: Paddy.C: medic ffs
00:28:35 : Vehicle: Major Mint: cheers who ever you are :D
00:30:45 : Direct: Synthificant: /VOTE NIGHT
00:33:04 : Group: DonGino: /vote brand new car...
01:50:58 : Direct: Artorias: cant hear mate
02:05:56 : Group: Major Mint: 25% phill :D
02:13:23 : Group: Major Mint: Gino could i get a lift back to base if the truck is not locked
02:13:41 : Group: Major Mint: cheers man
02:23:11 : Group: Major Mint: pull me back up dru
02:52:11 : Group: DonGino: /
06:23:59 : Vehicle: Mr Turtle: we'll go heroin
11:03:16 : Direct: [NHS] VibZ: THANKS
12:08:05 : Direct: Mick Woods: can i get a heal
12:08:18 : Direct: Mick Woods: ill pay for it obviously
12:08:50 : Direct: Mick Woods: one sec
12:09:15 : Direct: Mick Woods: it wont let me give you money 
12:10:19 : Group: [NHS]Spammking: vibz you got them they are right next to you
12:10:29 : Group: [NHS] VibZ: ye 1sec
12:10:32 : Group: [NHS]Spammking: kk
12:37:48 : Direct: Masked Robber: come on ts
12:38:07 : Group: [NHS]Spammking: cant anyway
13:20:28 : Group: Swimpie: KLOOTZAK
13:37:13 : Group: [APD] Sgt. NickB: anything going on?
13:37:27 : Group: [APD] Chief. Stalks: gas stations :p
13:40:03 : Group: [APD] Chief. Stalks: nick if your gonna play as cop, you need to come on ts :x
13:40:26 : Group: [APD] Sgt. NickB: will be 2 secs
13:47:12 : Group: TheOman: Just getting kicked from the game, don't know how to fix.
14:00:05 : Group: [AFF] VibZ: DRSonny who are you?
14:08:30 : Group: Konan: omen did you fix it?
14:28:08 : Direct: Dan: :)
14:29:12 : Direct: Masked Robber: sup
14:33:20 : Direct: Dan: :(
14:42:29 : Direct: DonGino: lol
14:46:41 : Direct: Peak: U dat guy that has beef with Ash
14:46:47 : Direct: Peak: out of rp
14:50:03 : Direct: Konan: thanks guys
14:50:07 : Direct: Speed Awareness: np
14:50:13 : Direct: Konan: dont thinks theres much apd on so ;)
14:50:18 : Direct: Speed Awareness: ye :D
14:50:21 : Direct: Peak: Y KNO
14:52:42 : Direct: Dan: XD
14:56:24 : Direct: Speed Awareness: Cya in abit
14:56:26 : Direct: Speed Awareness: gotta go refuel
14:56:30 : Direct: Tango: bye
15:01:16 : Vehicle: Dan: my car
15:01:18 : Vehicle: Dan: drop me off
15:01:25 : Vehicle: Dan: ??
15:03:38 : Vehicle: Dan: can we go to peaches
15:03:42 : Vehicle: Dan: i need my car
15:06:30 : Direct: Tango: cheers dude :)
15:06:33 : Direct: Tango: bye
15:06:37 : Direct: Peak: cya
15:08:27 : Direct: Peak: voteday
15:12:39 : Direct: Speed Awareness: u k?
15:43:44 : Group: DonGino: .
15:44:58 : Direct: Speed Awareness: GO TO OM DANK OPERATIOND
15:45:03 : Direct: Speed Awareness: THE PASSWORD FOR CHANNEL IS 420
17:13:30 : Direct: John Smith: What do you want?
17:24:32 : Group: William: FJELL!
17:31:03 : Direct: Flames: I think we should murder tango
17:31:11 : Direct: Flames: In an "accident"
17:31:15 : Direct: Zardier: xD
17:31:29 : Direct: Zardier: only if we get dru aswell
17:31:40 : Direct: Flames: get em all
17:36:53 : Direct: Zardier: 876k
17:37:07 : Group: Flames: not bad for a quick run
17:37:20 : Group: Zardier: yeah
17:52:33 : Group: Flames: DRU HONEY BUN, GIMMIE YO KEYZ
17:57:44 : Direct: 420SpermCannon: stop here
18:04:15 : Group: [APD] Chief. Stalks: huron passing me, heading to coke field
18:04:46 : Group: [APD] Insp. Richo: roger
18:10:39 : Group: Speed Awareness: be carefull when you land
18:10:42 : Group: Speed Awareness: hold z
18:10:47 : Group: Speed Awareness: otherwise you slide down hil
18:17:16 : Direct: John Smith: voteday
18:44:04 : Direct: [APD] Sgt. fatruff3: HI
18:58:35 : Group: [APD] Cadet.  Jano: can we inpound helis they are open
18:58:43 : Group: [APD] Sgt. fatruff3: yah
18:58:47 : Group: [APD] PC. Nick Nolif: no
19:00:34 : Group: [APD] PC. Nick Nolif: cocaine
19:00:52 : Group: [APD] Sgt. fatruff3: be there soon with randall
19:01:12 : Direct: [APD] Sgt. fatruff3: SO can i be let out?
19:13:33 : Direct: General Tank: leave
19:25:11 : Direct: Stewie: Stalks
19:45:18 : Direct: Henrik: no
19:53:44 : Direct: John Smith: CAN SETUPO
19:58:25 : Direct: [APD] Chief. Hamilton: HATO
19:58:30 : Direct: [APD] Chief. Hamilton: could my vehicle get a repair please
19:58:31 : Direct: [HATO]Stewie: ye
19:58:32 : Direct: [HATO]Stewie: s
19:59:00 : Direct: [APD] Chief. Hamilton: ty
19:59:23 : Group: [APD] Chief. Stalks: wru cops
19:59:33 : Group: [APD] Chief. Hamilton: teamspeak
19:59:38 : Group: [APD] Chief. Stalks: no headset atm, talking to holly
19:59:42 : Group: [APD] Chief. Stalks: 2mins pal
20:00:33 : Group: [APD] Chief. Hamilton: so now cops cant impound no one can
20:00:36 : Group: [APD] Chief. Hamilton: HATO cant even do it
20:01:14 : Group: [APD] Chief. Stalks: is it still broke?
20:01:16 : Group: [APD] Chief. Stalks: worked earlier
20:01:20 : Group: [APD] Chief. Hamilton: HATO cant impound
20:01:23 : Group: [APD] Chief. Hamilton: apparently
20:08:59 : Direct: Tango: hello
20:09:37 : Direct: Alex(Wolf) [AFF]: pss off
20:11:50 : Group: [APD] Chief. Stalks: jano nick, wanna handle that? tell them you'll give 100k or something
20:12:05 : Group: [APD] PC. Nick Nolif: will do
20:12:17 : Group: [APD] Chief. Stalks: i'll comp you whatever it costs, dont go high tho
20:12:27 : Group: [APD] Chief. Stalks: its called neogating, not order
20:17:40 : Direct: [HATO]Stewie: /VOTEDAY
20:21:03 : Direct: Masked Robber: what seems to be the problem here officer
20:21:30 : Vehicle: Masked Robber: officer
20:21:53 : Vehicle: Masked Robber: what would happen if i where to slide 50k over this dash?
20:22:08 : Direct: [APD] Chief. Stalks: hang on guys
20:22:12 : Direct: [APD] Chief. Stalks: be with you in 2sec
20:22:19 : Vehicle: [APD] PC. Nick Nolif: i would take the money and send you to jali
20:22:22 : Vehicle: [APD] PC. Nick Nolif: jail*
20:22:33 : Vehicle: Masked Robber: how does 70 k sound?
20:22:54 : Vehicle: [APD] PC. Nick Nolif: nice money
20:23:10 : Vehicle: [APD] PC. Nick Nolif: lets say
20:23:15 : Vehicle: [APD] PC. Nick Nolif: 300K and we would give you a parachute
20:23:24 : Vehicle: Masked Robber: 120j
20:23:28 : Vehicle: Masked Robber: *k
20:23:32 : Vehicle: [APD] PC. Nick Nolif: 200
20:23:37 : Vehicle: Masked Robber: 150
20:23:42 : Vehicle: [APD] PC. Nick Nolif: 300
20:23:46 : Vehicle: Tango: 160k
20:23:55 : Vehicle: Tango: hopefully
20:23:57 : Vehicle: Masked Robber: last offer 150
20:25:13 : Vehicle: Tango: yeah police are on their way
20:25:41 : Vehicle: Tango: hopefully an unarmed police will come and give money
20:25:55 : Vehicle: Tango: then we let you go at gang processing
20:26:15 : Vehicle: Tango: shhhh
20:26:30 : Vehicle: Tango: there is no other guy
20:26:53 : Vehicle: Tango: no
20:28:51 : Direct: Tango: get in hunter
20:29:51 : Vehicle: Tango: oliver?
20:31:32 : Direct: [APD] Chief. Stalks: requested
20:46:02 : Group: [APD] Chief. Stalks: will get a heli out
20:52:28 : Direct: Masked Robber: im going hunting brother
20:52:32 : Direct: Masked Robber: pig hunting
20:52:33 : Direct: Tango: rabbit?
20:52:35 : Direct: Tango: pig? :o
20:52:41 : Direct: Masked Robber: the pigs in uniforms
20:52:46 : Direct: Tango: ahh i see
20:58:52 : Direct: Holly Holm: GET OUT OF THE HELI
21:14:16 : Direct: Masked Robber: can yuo not taze him officer
21:15:06 : Direct: Masked Robber: officer
21:15:11 : Direct: Masked Robber: fix my car please
21:17:33 : Group: [APD] Chief. Stalks: WANNA DEAL WITH THIS GUY
21:17:40 : Group: [APD] Chief. Stalks: in diff chan
21:17:45 : Group: [APD]Chf Insp. Eukanubae: yea
21:19:38 : Direct: [APD] Chief. Stalks: was firing at my car also
21:22:57 : Direct: Masked Robber: asked robber
21:32:22 : Direct: Henrik: yeah
21:32:27 : Direct: Henrik: wanna tag along?
21:35:03 : Group: [APD] Chief. Stalks: euk, im gonna grab some food
21:35:07 : Group: [APD] Chief. Stalks: be on soon!!
21:38:05 : Direct: Masked Robber: officer
21:41:50 : Direct: Masked Robber: whats up brother
21:42:01 : Direct: Masked Robber: you like the car?
21:42:05 : Group: [APD] Chief. Stalks: pizza on way, so can play until it comes :p
21:42:10 : Group: [APD] Chief. Stalks: will look at drug fields
21:42:15 : Direct: Masked Robber: get in i cant hear you
21:42:30 : Direct: Masked Robber: and?
21:42:31 : Direct: Ole: if you cant hear ne step out
21:42:42 : Direct: Masked Robber: cant have a illegal weapon
21:42:56 : Direct: Masked Robber: cops are around
21:42:57 : Direct: Ole: wot? Wanna buy some green?
21:43:02 : Direct: Masked Robber: how much?
21:43:12 : Direct: Ole: 5 for 10
21:43:26 : Direct: Ole: Lets meet later, k?
21:43:30 : Direct: Masked Robber: now
21:43:33 : Direct: Ole: im texting ya
21:43:40 : Direct: Ole: Whats ur name?
21:43:49 : Direct: Masked Robber: youl regret stealing my 5 dollers
21:43:55 : Direct: Masked Robber: masked robber
21:44:06 : Direct: Ole: im texting ya later
21:44:09 : Direct: Ole: ok?
21:44:14 : Direct: Masked Robber: ok boo
21:44:16 : Direct: Ole: cya
21:44:52 : Direct: Masked Robber: whats up brother
21:48:40 : Group: Masked Robber: what are they saying man/
22:03:00 : Vehicle: Masked Robber: hello officer
22:03:08 : Vehicle: Masked Robber: wow 15
22:03:14 : Vehicle: Masked Robber: will big bubba be tehre?
22:03:34 : Vehicle: Masked Robber: i want him to break my water tigth seal
22:03:55 : Vehicle: Masked Robber: not after him
22:04:20 : Vehicle: Masked Robber: im not a good sniper man you need to teach me
22:04:38 : Direct: Masked Robber: im bad at hitting moving targets
22:04:47 : Direct: Masked Robber: i killed nick b 5 times today
22:08:37 : Group: [APD] Chief. Stalks: back after food!
22:13:37 : Direct: Masked Robber: what
22:20:26 : Direct: RyuTheLegend: /vote da
22:20:53 : Direct: [TAU] Will*: FUCK THE POLICE
22:31:10 : Group: [APD]Chf Insp. Eukanubae: already jailed two tau for trolling
22:39:03 : Direct: Masked Robber: OPEN FIRE
22:39:12 : Direct: Masked Robber: FIRE AT WILL
22:40:09 : Direct: Masked Robber: what are you saying brother?
22:40:19 : Direct: jordan: YO
22:40:30 : Direct: jordan: hows things
22:40:32 : Direct: Masked Robber: WHAT ARE YOU LOOKING AT PIG
22:45:44 : Direct: Masked Robber: wassap
22:46:35 : Group: [APD] Chief. Stalks: his at the corner, armed
22:47:17 : Group: [APD] Chief. Stalks: hunter incoming to kavala, armed guy
22:47:25 : Group: [APD] Chief. Stalks: almost at the square
22:47:32 : Group: [APD] Chief. Stalks: car garage
22:47:39 : Direct: Masked Robber: :(
22:47:49 : Group: [APD] Chief. Stalks: hunter has been stored
22:49:09 : Direct: Masked Robber: attemted murder of who?
22:50:06 : Group: [APD] Chief. Stalks: hunter kavala square
22:50:08 : Direct: Masked Robber: i didny try to kill anyone
22:51:12 : Group: [APD] Chief. Stalks: hunter inc police hq
22:56:38 : Direct: Ole: Do you guys have website?
22:59:50 : Direct: jordan: you a cop ?
23:06:08 : Group: [APD] Chief. Stalks: coke is ours
23:07:57 : Direct: jordan: on ts ok 
23:08:30 : Direct: jordan: my name is mrfreeze
23:09:37 : Direct: jordan: my name is mrfreeze on civ 1
23:14:24 : Direct: jordan: you on ts ?
23:21:37 : Direct: jordan: hey
23:21:43 : Direct: Levia: hi
23:21:57 : Direct: jordan: hows it going 
23:22:17 : Direct: Levia: s'alright
23:24:04 : Direct: Ole: Officer?
23:24:43 : Direct: Ole: free candy
23:26:48 : Direct: Ole: free ladies
23:27:00 : Direct: Ole: free candy
23:28:57 : Direct: Ole: free candy
23:29:21 : Direct: Ole: Yes, free candy
23:29:24 : Direct: Ole: xD
23:29:37 : Direct: Ole: Free models
23:31:00 : Direct: jordan: where you gone
23:31:32 : Direct: jordan: free candy /
23:31:39 : Direct: Ole: yes xD
23:31:45 : Direct: jordan: wheres my candy 
23:31:59 : Direct: Ole: if you jump in the car i can give you
23:32:20 : Direct: jordan: is she the candy 
23:32:25 : Direct: Ole: yes
23:32:52 : Direct: Henrik: hi
23:33:08 : Direct: Henrik: who gets the cash?
23:33:24 : Direct: Henrik: wtf?
23:33:46 : Direct: General Tank: for own safety
23:38:08 : Direct: Jack Van Lutterveld: gun
23:38:10 : Direct: Jack Van Lutterveld: pls
23:38:27 : Direct: Jack Van Lutterveld: bag?
23:38:30 : Direct: Jack Van Lutterveld: :D
23:38:53 : Direct: Jack Van Lutterveld: bag?
23:39:11 : Direct: Jack Van Lutterveld: thx m8
23:39:37 : Direct: [APD]Chf Insp. Eukanubae: USE IT
23:39:41 : Direct: [APD]Chf Insp. Eukanubae: GOTTA DEAL WITH THIS
23:39:43 : Direct: [APD]Chf Insp. Eukanubae: TAKES TIME
23:47:07 : Group: Phill Massa: what u guys upto over there 
23:47:19 : Group: Major Mint: robbing
23:47:21 : Group: Papa Bear: PICNIC
23:47:22 : Group: General Tank: taking hostages
23:48:06 : Group: Phill Massa: all 3 ok nice having a picnic while robbing hostages 
23:48:44 : Group: General Tank: yeah come over
23:55:20 : Group: [APD] Chief. Stalks: any cop able to handle the hostage? im pretty tired up at air field
23:55:58 : Group: [APD] Insp. Martyr: Already doing it pal
23:57:15 : Direct: [APD] Chief. Stalks: out of roleplay, i can barely hear you
23:57:26 : Direct: Ole: Ok, can try to fix it.
23:57:35 : Direct: Ole: Are people talking to you via ts?
23:57:45 : Direct: [APD] Chief. Stalks: yeah
23:57:51 : Direct: [APD] Chief. Stalks: too many voices in my head :p
23:57:54 : Direct: Ole: xD
23:57:55 : Direct: Ole: ok
23:58:13 : Direct: [APD] Chief. Stalks: did you lose any cash coz of this?
23:58:29 : Direct: Ole: No sir, i was just trying to take the 2 suspects.
23:58:37 : Direct: Ole: They robbed a couple of gas stations
23:59:17 : Direct: [APD] Chief. Stalks: Ok sir, my officers will keep an eye out. Any trouble call us!
23:59:20 : Direct: [APD] Chief. Stalks: thank you!
23:59:37 : Direct: Ole: No problem, just trying to help the police a little bit.
