00:00:27 : Direct: Lafuras: im deth
00:00:46 : Direct: [APD] Sgt. NickB: You have been restrained
00:00:55 : Direct: Lafuras: no you have
00:00:55 : Direct: [APD] Sgt. NickB: because you are at an illegal area
00:01:02 : Direct: [APD] Sgt. NickB: believed to be doing drugs
00:01:04 : Direct: Lafuras: no you are
00:01:10 : Direct: [APD] Sgt. NickB: is it ok to search you
00:01:16 : Direct: Lafuras: yeah
00:02:21 : Direct: Lafuras: i cant hear you
00:41:51 : Vehicle: [APD] MoneyShot: lets desync the shit out of this ride
00:42:31 : Vehicle: [APD]Borewicz: back to the future desync?
00:44:36 : Vehicle: [APD] MoneyShot: whoooooaaa badboys badboys watcha gonna do
00:53:45 : Vehicle: [APD]Borewicz: Lets do flyby
14:17:33 : Group: [APD] PC. Thorben: IM STREAMING ATM
14:17:37 : Group: [APD] PC. Thorben: +
15:33:06 : Group: [APD] PC. Thorben: chaging an aff hunter and offroad involed in 4 roberys and manslaughter
15:33:19 : Group: [APD] Chief. Hamilton: on route
15:41:31 : Vehicle: [APD] Cadet. John Rookie: 22 hp, u gonna kill me ;c
16:07:43 : Direct: [APD] Insp. Eukanubae: LEAVE THE AREA
16:18:34 : Group: Pufface.: cocain inside?
16:20:22 : Group: Pufface.: I gotta go off for a few minutes, I'll be back soon
16:33:31 : Group: [APD] Chief. Hamilton: JOHN ROOKIE CAN YOU NEURTALIZE COCAINE HIDEOUT
16:33:38 : Group: [APD] Cadet. John Rookie: done
16:33:42 : Group: [APD] Cadet. John Rookie: .<3
16:33:47 : Group: [APD] Chief. Hamilton: ty
16:46:39 : Direct: [APD] MoneyShot: rofl vehicle fucked
16:46:45 : Direct: [APD] MoneyShot: ty
16:47:13 : Direct: General Tank: np
17:21:45 : Group: Flames: puff wanna do drugs?
17:21:52 : Group: Pufface.: SURE
17:21:55 : Group: Flames: hop in
17:22:04 : Group: Flames: wanna hop on the ts with us?
17:22:10 : Group: Pufface.: Yeah ill come,
17:22:12 : Group: Pufface.: sec
17:23:47 : Group: Pufface.: lol cant find the ts server..
17:23:52 : Group: [APD] Insp. Eukanubae: Rob could you implant the new weapon script in the boss office_
17:24:00 : Group: [APD] Chief. Hamilton: implement*
17:24:04 : Group: [APD] Insp. Eukanubae: that word.
17:24:06 : Group: Pufface.: you guys got the ip up tthe head?
17:26:09 : Group: [APD] Chief. Stalks: going for food, brb!
17:26:17 : Group: [APD] PC. Pancakes: Cya
17:46:21 : Vehicle: [APD] MoneyShot: You drive for a moment, need to minimize the game for few
17:57:19 : Group: [APD] Insp. Eukanubae: wtf
18:06:05 : Group: [APD] PC. Nick Nolif: Type please
18:06:23 : Group: [APD] PC. Nick Nolif: air supp inc
18:09:22 : Group: [APD] Cadet. John Rookie: Can't do much with a taser
18:13:04 : Group: [APD] Chief. Hamilton: Nick Nolif can you check heroin field
18:13:17 : Group: [APD] PC. Nick Nolif: just did i'll fly over it again once i'm on my way back
18:13:26 : Group: [APD] Chief. Hamilton: just keep an eye on it
18:14:14 : Direct: Masked Robber: comeing
18:19:20 : Group: [APD] Chief. Hamilton: someone respond to the dispatch
18:19:33 : Group: [APD] PC. Nick Nolif: on it
18:19:33 : Group: [APD] Insp. Eukanubae: Be warned, Paddys are known copkillers
18:19:50 : Group: [APD] PC. Pancakes: We are responding
18:22:18 : Group: [APD] Insp. Eukanubae: nighthhaters
18:30:54 : Group: [APD] PC. Pancakes: Sofia situation is sorted
18:38:59 : Group: [APD] Chf insp. MrDunis: Just crahsed
18:39:02 : Group: [APD] Chf insp. MrDunis: on our way in asecond
18:42:46 : Group: [APD] PC. Pancakes: Responding for that
18:42:49 : Group: [APD] PC. Pancakes: to that*
18:53:28 : Group: [APD] Chf insp. MrDunis: Jason, i think the car is bugged beacuse our bodys are inside it
18:57:49 : Group: [APD] Insp. Tex: Thorben, did you get the joke?
18:58:05 : Group: [APD] PC. Thorben: yes tnx
18:58:20 : Group: [APD] Insp. Tex: I love how you're thanking me, keep up the good work my Romanian friend.
18:59:05 : Direct: [APD] Insp. Eukanubae: 770m Bearing N 0deg
18:59:09 : Group: [APD] PC. Thorben: you too man keep up the good work and jokes
18:59:22 : Group: [APD] Chf insp. MrDunis: You may now kiss the bride
18:59:39 : Group: [APD] Insp. Tex: Past kissing, just hit a home-run and getting a baby boy.
18:59:51 : Group: [APD] PC. Thorben: come here dunis let me kiss your ass
19:00:15 : Group: [APD] Chf insp. MrDunis: You can't cheat on tex man
19:00:45 : Group: [APD] Insp. Tex: Gosh, this has gotten out of hand, Tex aus.
19:01:24 : Direct: Masked Robber: FUCK THE POLICE
19:06:39 : Direct: Masked Robber: wu tang
19:07:13 : Group: [APD] Insp. Tex: Huron at Rebel base, might be doing runs, shortly.
19:07:22 : Group: [APD] Insp. Tex: Keep an eye on weed/druggie.
19:07:38 : Group: [APD] Chief. Hamilton: track it inspector
19:07:38 : Group: [APD] Insp. Eukanubae: we got coke field covered.
19:07:57 : Group: [APD] Insp. Eukanubae: 770M Bnorth 
19:08:09 : Direct: [APD] Insp. Eukanubae: 770m north
19:08:13 : Direct: [APD] Insp. Eukanubae: 0deg
19:09:47 : Group: [APD] Chief. Hamilton: eukan, you are watching coke field from there? :/
19:09:57 : Group: [APD] Insp. Eukanubae: Shots fired north of syrta.
19:10:04 : Direct: Masked Robber: be safe
19:10:12 : Group: [APD] Insp. Eukanubae: Im doing training.
19:10:15 : Group: [APD] Insp. Tex: Air recon coming to assist, Eukan.
19:10:16 : Group: [APD] Insp. Eukanubae: i can see if helis fly here.
19:10:28 : Group: [APD] Chief. Hamilton: roger thar
19:11:41 : Group: [APD] Insp. Eukanubae: CAR
19:12:13 : Direct: [APD] Insp. Eukanubae: APD SHOW YOURSELF
19:12:34 : Direct: [APD] PC. Jason: got no money?
19:12:49 : Group: [APD] Insp. Eukanubae: Anton owner of car
19:12:58 : Direct: [APD] PC. Jason: come with me
19:12:58 : Direct: Da Pussy da destroyer: very poor
19:13:46 : Direct: Da Pussy da destroyer: thank you man
19:13:49 : Direct: [APD] PC. Jason: there you go pal, should be able to rent a car now
19:13:50 : Direct: [APD] PC. Jason: np
19:13:57 : Direct: [APD] PC. Jason: you need 250k for rebel license btw
19:14:15 : Direct: Da Pussy da destroyer: dont have that much
19:14:17 : Group: [APD] Insp. Eukanubae: No suspects found.
19:14:34 : Direct: [APD] PC. Jason: salt or diamond is best prices atm
19:14:42 : Group: [APD] Insp. Tex: What kind of shots were they?
19:14:42 : Group: [APD] Insp. Eukanubae: ARMED HELI
19:14:44 : Direct: [APD] PC. Jason: if you can run one of them you should get it easily enough pal
19:14:47 : Group: [APD] Insp. Eukanubae: armed guys on heli.
19:14:50 : Direct: Da Pussy da destroyer: daimond sell more
19:15:05 : Direct: [APD] PC. Jason: yeah but there was a rebel heli with 4 peeps which headed there earlier
19:15:12 : Direct: [APD] PC. Jason: salt a little faster in car too
19:15:14 : Group: [APD] PC. Nick Nolif: I got shot at from the east
19:15:17 : Direct: Da Pussy da destroyer: fuck that then
19:15:17 : Group: Zardier [AFF]: want  me to fly only have 1 hand
19:16:22 : Vehicle: [APD] Insp. Tex: APD123 = pw
19:16:37 : Direct: [APD] PC. Jason: there you go pal, go get yasen a truck and get some money for your rebel license :P
19:16:41 : Direct: Da Pussy da destroyer: thanks man 
19:16:54 : Group: [APD] Insp. Tex: Hummingbird with four armed gunmen spotted north of Syrta, be weary fellow officers.
19:16:54 : Direct: [APD] PC. Jason: your welcome, I must go, glhf
19:18:22 : Group: Major Mint: jump out for a sec dru 
19:21:11 : Group: Zardier [AFF]: you can fly and i'll take over if you crash
19:21:24 : Group: Tango: good idea
19:30:49 : Group: Zardier [AFF]: profile out of server
19:31:11 : Group: Zardier [AFF]: mine didnt load until today
19:33:55 : Group: Flames: Shoot
19:34:57 : Direct: Flames: 2 secs bby
19:35:06 : Group: Flames: Its k i will
19:36:16 : Group: General Tank: 2 min s
19:37:33 : Direct: Deano: quiet time kiddo
19:39:53 : Direct: [APD] PC. Jason: Type please pal
19:40:06 : Direct: [APD] PC. Jason: shift+v
19:40:17 : Direct: [APD] PC. Jason: yw
19:40:23 : Direct: [APD] PC. Jason: do you need a lift back into town?
19:44:09 : Direct: DonGino: BUSINESS
19:48:19 : Direct: Masked Robber: hello?
19:50:20 : Group: ShuraSama: ay
19:53:57 : Direct: [APD] PC. Jason: /ty
19:55:36 : Group: Pufface.: is Vibz with us?
19:55:46 : Group: Zardier [AFF]: yeah
19:55:50 : Group: Pufface.: aight
20:02:30 : Group: [APD] PC. Jason: speeding!
20:02:44 : Group: [APD] PC. Jason: Speeding grey hatchback heading out of Kavala
20:03:05 : Direct: [APD] PC. Jason: Please pull over
20:03:09 : Direct: [APD] PC. Jason: Sir
20:03:12 : Direct: [APD] PC. Jason: Benco
20:07:21 : Group: [APD] Insp. Eukanubae: rainbow
20:07:23 : Direct: Kalem: ima kil this cunt
20:07:24 : Direct: [APD] Sgt. NickB: rekt
20:07:26 : Group: [APD] Cadet. John Rookie: rainbow <3
20:07:31 : Vehicle: [APD] PC. Jason: dw we just trying to disable
20:08:31 : Direct: [APD] Cadet. HussyPunter: you are a monster
20:09:03 : Group: [APD] PC. Jason: Stolen SUV and Hatchback in Kavala
20:10:02 : Direct: Masked Robber: what?
20:11:40 : Direct: [APD] Sgt. NickB: Move heli pls
20:11:50 : Direct: [APD]Borewicz: one sec
20:11:58 : Direct: [APD] Sgt. NickB: ty <3
20:12:17 : Group: Danny Jansen: LOCKPICK IT PLZ
20:12:21 : Group: Danny Jansen: srry caps
20:12:27 : Group: Danny Jansen: cant hear you
20:12:34 : Group: Danny Jansen: sound ias gone
20:12:49 : Group: Danny Jansen: use them
20:13:09 : Direct: Danny Jansen: lockpick it
20:13:16 : Direct: Danny Jansen: cant hear you
20:13:19 : Direct: Pufface.: my bad
20:13:32 : Direct: 2Pac: press zhqt to lock pick it
20:13:59 : Direct: 2Pac: حقPress what to lock pickit
20:14:17 : Direct: Danny Jansen: dude you do it olz
20:24:10 : Group: [APD] Chf insp. MrDunis: Go makres at Weed processing
20:24:17 : Group: [APD] Chf insp. MrDunis: Someone check that please <3
20:26:21 : Group: [APD] Cadet. John Rookie: Pancakes cleaning house eh?
20:30:39 : Direct: [APD] MoneyShot: Whats up civilian
20:31:05 : Direct: Da Pussy da destroyer: NOTHING WRONG YOU SEEM LIKE A NICE FELLA
20:32:38 : Vehicle: [APD] Cadet. HussyPunter: where are we going?
20:32:51 : Vehicle: [APD] PC. Jason: not sure
20:32:57 : Vehicle: [APD] Cadet. HussyPunter: i will get out here then
20:33:05 : Vehicle: [APD] Cadet. HussyPunter: land
20:33:13 : Vehicle: [APD] Cadet. HussyPunter: pls lnd
20:33:25 : Vehicle: [APD] Cadet. HussyPunter: could you land pls
20:33:28 : Vehicle: [APD] Cadet. HussyPunter: i will walj
20:33:33 : Direct: Masked Robber: get in
20:33:42 : Vehicle: [APD] Cadet. HussyPunter: stretch ma legs
20:33:42 : Vehicle: [APD] PC. Jason: we heading kavala
20:36:41 : Group: [APD] PC. Jason: Anton needs to go jail
20:36:47 : Group: [APD] PC. Jason: He escaped jail
20:42:49 : Group: [APD] Chf insp. MrDunis: Since the doors are bugged
20:42:53 : Group: [APD] Chf insp. MrDunis: can we block it with props?
20:43:00 : Group: [APD] Insp. Eukanubae: Te
20:43:01 : Group: [APD] Insp. Eukanubae: ye
20:43:11 : Direct: ShuraSama: yep
20:43:13 : Group: [APD] Insp. Eukanubae: Just remember to remove once logou
20:43:22 : Direct: ShuraSama: im here but its crowded in my room lol
20:43:59 : Direct: [APD] Sgt. NickB: rip rebel licence
20:46:55 : Direct: [APD] Sgt. NickB: unflip the hatchback
20:47:27 : Group: [APD] Insp. Eukanubae: npooo
20:49:15 : Group: [APD] PC. Jason: Hunter in athira
20:49:21 : Group: [APD] PC. Jason: AFF
20:53:42 : Group: [APD] Supt. Bibbs: WARGWARN BOYS BOSS MAN BIBBS BACK IN DA GAME
20:57:06 : Direct: Zando: why did u guys kill hahn?
20:57:16 : Direct: Masked Robber: who is halhn?
20:57:26 : Direct: Zando: the guy u killed at airfield
20:57:37 : Direct: Masked Robber: he tried to rob him and he ran
20:57:55 : Direct: Zando: we have it recorded brooo
20:58:02 : Direct: Masked Robber: and?
20:58:05 : Direct: Zando: lol
20:58:41 : Direct: [APD] Insp. Eukanubae: DSYNC...
21:08:52 : Direct: [APD] PC. Jason: oops
21:08:53 : Direct: [APD] PC. Jason: ere
21:08:55 : Direct: [APD] PC. Jason: here
21:08:59 : Direct: [APD] PC. Jason: Bibs
21:09:03 : Direct: [APD] PC. Jason: I am getting a new gun
21:09:09 : Direct: [APD] PC. Jason: my old one is here
21:13:07 : Group: [APD] Sgt. NickB: can us low ranks get some bipods in the shop
21:13:08 : Group: [APD] Sgt. NickB: pls
21:17:30 : Group: [APD] Sgt. NickB: speeding
21:21:54 : Direct: Nice : yh
21:21:56 : Group: Nice : yh
21:22:25 : Group: Nice : It's Luke ya mong
21:22:28 : Group: Nice : Soft Scoop
21:22:34 : Group: Nice : mebelukey
21:22:38 : Direct: [APD] Chief. Hamilton: BLOW THIS UP
21:22:44 : Direct: [APD] Cadet. HussyPunter: hamilton
21:22:47 : Direct: [APD] Cadet. HussyPunter: TIT
21:22:50 : Direct: [APD] Cadet. HussyPunter: MAN DOWN
21:23:04 : Vehicle: Masked Robber: go to gang shop
21:23:38 : Group: Nice : What
21:23:41 : Group: Nice : What?
21:23:49 : Group: Nice : I am
21:23:59 : Vehicle: Masked Robber: unlock
21:25:18 : Group: [APD] Chief. Hamilton: dunis can you take a lot of cops to the athira/sofia side of the map pls x
21:25:23 : Group: [APD] Chief. Hamilton: and eukan
21:26:00 : Group: [APD] Chf insp. MrDunis: Rodger Doger
21:26:37 : Group: [APD] Cadet. BookerDewit: are you still chasing AFF?
21:26:44 : Group: [APD] Chief. Hamilton: nope
21:27:00 : Group: [APD] Cadet. BookerDewit: ok, i have impounded a I-900
21:27:09 : Group: [APD] Cadet. BookerDewit: or whatever the heli is called
21:27:16 : Group: [APD] MoneyShot: AFF Aint got shit on my pot manuvers !!!!
21:27:25 : Group: [APD] MoneyShot: PIT MANUVERS
21:27:27 : Group: [APD] MoneyShot: ugh
21:27:35 : Group: Masked Robber: hurry botch
21:31:01 : Direct: Masked Robber: 'ello officer
21:32:33 : Group: Pufface.: someone doing cocain?
21:34:49 : Group: [APD] Cadet. BookerDewit: on route nick
21:35:17 : Group: [APD] Cadet. BookerDewit: died?
21:35:36 : Group: [APD] SGT. Jason: Stolen Police Truck Kavala
21:37:08 : Group: Pufface.: fucking hell
21:37:12 : Vehicle: Tango: yeah i gotta go so im gonna be afk bye
21:37:18 : Vehicle: Tango: say hello back
21:37:57 : Group: [APD] Cadet. BookerDewit: i have recorded footage of what just happened, if you need to review it Hamilton or stalks
21:38:12 : Group: [APD] Chief. Hamilton: what happened?
21:38:42 : Group: [APD] Chief. Stalks: people at cocaine field
21:39:10 : Group: [APD] Chief. Stalks: 1 crashed heli also at coke field
21:39:11 : Group: [APD] Cadet. BookerDewit: Nick can you move me
21:40:36 : Group: [APD] Chief. Hamilton: what vehicles at cocaine?
21:40:41 : Group: [APD] Chief. Stalks: heli
21:40:42 : Group: [APD] Chief. Stalks: 2
21:40:45 : Group: [APD] Chief. Stalks: 1 crashed and burned
21:40:47 : Group: [APD] Chief. Hamilton: type?
21:40:51 : Group: [APD] Chief. Stalks: huron
21:40:54 : Group: [APD] Chief. Hamilton: roger
21:42:17 : Direct: [APD] SGT. Jason: It damaged it?
21:42:31 : Direct: [APD] SGT. Jason: Omg sorry
21:42:38 : Direct: [APD] SGT. Jason: They are only meant to damage when placed
21:43:02 : Direct: [APD] SGT. Jason: Thank you for the understanding, have a nice day sir, fully repaired
21:43:45 : Group: [APD] PC. Nick Nolif: booker can you check ringroad
21:44:41 : Group: [APD] SGT. Jason: AFF Hunter at gas station
21:44:54 : Group: [APD] SGT. Jason: heading away from kavala
21:45:07 : Group: [APD] SGT. Jason: Booker??
21:45:20 : Group: [APD] Chief. Hamilton: heli full of cocaine might come to hideout
21:46:43 : Group: [APD] SGT. Jason: Anyone?!?!
21:52:14 : Group: [APD] Supt. Bibbs: Jason & K you still need a hand??
21:52:26 : Group: [APD]Borewicz: nah
21:52:28 : Group: [APD] SGT. Jason: Clr ty
21:54:48 : Vehicle: [APD] Sgt. NickB: unlock
21:54:49 : Vehicle: [APD] Sgt. NickB: pls
22:00:39 : Direct: [APD] Supt. Bibbs: cant hear u boss
22:01:53 : Direct: [APD] Sgt. NickB: rlly
22:01:55 : Direct: [APD] Sgt. NickB: forward pls
22:01:57 : Direct: [APD] Sgt. NickB: alittle
22:02:07 : Direct: [APD] Sgt. NickB: tyty
22:02:40 : Group: Jebaczlesny: what are you doing mike ?
22:03:04 : Direct: Masked Robber: jesus
22:03:11 : Group: Mike: o/
22:03:25 : Group: Jebaczlesny: You doing osmething interesting?
22:03:30 : Group: Jebaczlesny: come admin channel
22:03:33 : Group: Mike: Nope
22:06:39 : Direct: Masked Robber: just relaxing officer
22:09:16 : Direct: Not Me!: hi officer
22:09:27 : Direct: Not Me!: sorry my sound isn't working right now
22:09:30 : Direct: Not Me!: may I help?
22:09:32 : Direct: [APD] Sgt. NickB: can i search you
22:09:34 : Direct: Not Me!: sure
22:09:36 : Direct: [APD] Sgt. NickB: check for licences 
22:09:36 : Direct: [APD] Sgt. NickB: etc
22:10:04 : Direct: [APD] Sgt. NickB: have a nice day
22:10:05 : Direct: Not Me!: thank you
22:10:07 : Direct: [APD] Sgt. NickB: free to go
22:10:08 : Direct: Not Me!: you too thanks
22:11:32 : Direct: Masked Robber: he walked infront of me
22:11:36 : Direct: Masked Robber: are you ok offier
22:11:44 : Direct: Masked Robber: yes
22:11:50 : Direct: Not Me!: ty
22:12:04 : Group: [IRA] Jihadi john : send me the cash u bich
22:12:04 : Direct: Not Me!: tyvm
22:12:22 : Direct: Masked Robber: cop checkpoint
22:13:12 : Group: [IRA] Jihadi john : send me the cash
22:16:08 : Direct: Masked Robber: why am i being arrested officer
22:16:21 : Direct: Masked Robber: I demand a reason
22:16:30 : Direct: Masked Robber: Now stop ruff houseing me you brute
22:16:55 : Direct: Masked Robber: I did not hear you the raido was playing then you started shooting
22:17:08 : Direct: Masked Robber: Now you will unhand me at once
22:17:19 : Direct: Masked Robber: You will not
22:17:26 : Direct: Masked Robber: you will not violate me
22:17:32 : Direct: Masked Robber: wothout reason
22:18:04 : Direct: Masked Robber: unhand me
22:18:13 : Direct: Masked Robber: stop copping a feel you pervert
22:18:27 : Group: [APD] Supt. Bibbs: Ifrit headed E of Kavala
22:18:37 : Direct: Masked Robber: thats two much
22:18:42 : Direct: Masked Robber: come on lower it a bot
22:18:46 : Direct: Temptie: hello
22:18:51 : Direct: Temptie: just fine thaks
22:19:01 : Direct: Masked Robber: its all my money man im poor
22:19:02 : Direct: Temptie: oh no
22:19:24 : Direct: Temptie: yes ofc :)
22:19:27 : Direct: Masked Robber: im going to kill you slow officer
22:19:44 : Direct: [APD] Chief. Hamilton: SHIFT+V
22:19:51 : Direct: Temptie: thank you very much :)
22:22:35 : Direct: Masked Robber: well fuck
22:22:53 : Direct: Masked Robber: im really poor man
22:23:02 : Direct: Masked Robber: i honestly cant pay 20k now
22:23:12 : Direct: Masked Robber: lower 6 k
22:23:18 : Direct: Masked Robber: and i pay
22:24:08 : Vehicle: Nice : It happened again
22:25:28 : Vehicle: Masked Robber: lock the car man
22:25:34 : Vehicle: Masked Robber: i could kill myself
22:25:45 : Direct: [APD] Sgt. NickB: BRB
22:25:45 : Vehicle: Masked Robber: gotta learn this shit if ur a cop
22:31:45 : Group: [APD] Supt. Bibbs: SOMEONE REMOVE ALL A FEW PLACEABLES IN MIDDLE OF ROAD IN KAVALA TYTY
22:33:01 : Vehicle: [APD] Cadet. BookerDewit: yup
22:33:09 : Vehicle: [APD] Cadet. BookerDewit: they asked eachover if they could go in
22:33:09 : Vehicle: [APD] Supt. Bibbs: ONTO CASTLE
22:33:14 : Vehicle: [APD] Cadet. BookerDewit: Yeah
22:35:38 : Group: [IRA] BigBeanJanine: fuck up you piece of shit
22:36:20 : Group: [IRA] BigBeanJanine: alex is a faggot
22:36:47 : Group: [IRA] BigBeanJanine: No fuck up
22:37:30 : Group: [IRA] BigBeanJanine: No hang yourself
22:42:33 : Direct: [APD] Supt. Bibbs: 1 sec
22:46:23 : Vehicle: [APD] Sgt. NickB: nes mad af
22:47:00 : Vehicle: [APD] Sgt. NickB: lemme get suv
22:47:05 : Vehicle: [APD] Sgt. NickB: drop me off at kavala hqw
22:53:17 : Group: El Chapo: here
22:56:19 : Direct: Masked Robber: i dont have the keys
23:03:25 : Group: [APD] Chief. Hamilton: bibbs get out of kavala and do some patrols stop fingering ash
23:07:12 : Direct: Nice : u suck
23:07:27 : Direct: Ash: OI
23:07:30 : Direct: Nice : XD
23:12:27 : Group: Kalem: ...
23:23:46 : Group: [APD] Chief. Stalks: 2 guys in telos, 2 cars inc to telos from west
23:24:32 : Group: Badboy: Fuuuuck another new life rule
23:24:39 : Group: Badboy: So maaany hunters and cops around you
23:26:21 : Direct: Ash: hello?
23:26:29 : Direct: Ash: ium coming out
23:26:31 : Direct: Ash: dont shoot
23:26:35 : Direct: Darren: i didnt do nothing
23:27:56 : Vehicle: Ash: desync
23:28:37 : Direct: Leeroy: what
23:28:39 : Direct: Ash: hamilton lagged out
23:28:42 : Direct: Ash: pls
23:28:43 : Direct: Leeroy: cant hear
23:28:56 : Direct: Ash: PLS
23:28:59 : Direct: Ash: impound it
23:29:03 : Direct: [APD] Chief. Stalks: cant get you out :p
23:31:41 : Direct: jordan: thank you
23:34:16 : Vehicle: [APD] Chief. Stalks: he has a powerful dlc gun with a nightstalker :p
23:35:07 : Direct: Not Me!: hihi
23:35:10 : Direct: Not Me!: sorry sound is off
23:44:17 : Vehicle: [APD] PC. John Rookie: Plz nu crash <3
23:46:12 : Vehicle: [APD] PC. John Rookie: white truck at drug dealer 2 lads
23:46:22 : Vehicle: [APD] Cadet. BookerDewit: yEA
23:57:38 : Direct: Major Mint: ahoy ahoy 
