00:16:53 : Direct: [APD] Supt. Martyr: haha
00:16:54 : Direct: [APD] Supt. Martyr: ty pal
00:21:38 : Direct: [NHS] Dr. Senju: UNFLIUP ME
00:33:49 : Direct: Felix c:: cant u hear me?
00:33:51 : Direct: Felix c:: oh wait
00:34:47 : Direct: Felix c:: cant u hear me?
00:34:57 : Direct: Felix c:: weird, sry my mic is not working I guess
00:35:24 : Direct: Felix c:: yes. sorry. Thank you
00:35:48 : Direct: [Naked] YouWontCatchMe: // tYPE
00:35:53 : Direct: [Naked] YouWontCatchMe: // Quickly type my sound is fucked
00:36:34 : Group: [TOXX] Apollo: you were right with the every 3 times you pick  you get one cannabis
00:44:28 : Group: [TOXX] Apollo: how far away are you from filling your inventory
00:44:39 : Group: [TOXX] Apollo: night vision
00:45:19 : Group: [TOXX[Lou: some reason your mic on this TS server is really breaking up...
00:45:32 : Group: [TOXX[Lou: wanna join your TS server was fine there?
00:45:41 : Group: [TOXX] Apollo: k
00:45:46 : Group: [TOXX] Apollo: im a min
00:45:49 : Group: [TOXX[Lou: kk
00:45:53 : Group: [TOXX] Apollo: in a min
00:52:07 : Direct: [Naked] Yakumo: y
00:57:11 : Group: [TOXX[Lou: TRY USING TS AGAIN MAN
00:59:29 : Direct: White Bob: SHOOT ME
00:59:33 : Direct: White Bob: nvm
03:10:24 : Group: kittens: .
03:23:07 : Group: [ARM Sgt] Zeth: where not rebels
03:49:33 : Direct: Gaia: im not stupid..
03:49:59 : Direct: Gaia: just fuck off..
03:50:05 : Direct: Gaia: the few hrs i can do it..
11:03:02 : Group: Sean Wolfington: oscar
11:03:06 : Group: Malu': yz
11:03:11 : Group: Sean Wolfington: should i save up for tempest repair holds 1k
11:03:24 : Group: Malu': could
11:03:29 : Group: Sean Wolfington: or buy a tempest ammo for 900
11:03:46 : Group: Sean Wolfington: tempest repair cost 1.5
11:04:59 : Group: Sean Wolfington: temted to buy a helo and rob stations
11:09:29 : Group: Sean Wolfington: go get it ?
11:09:46 : Group: Sean Wolfington: nope
11:10:25 : Group: Sean Wolfington: btw when done with it just put the truckin the sea
11:10:42 : Group: Sean Wolfington: ahmed ding coke
11:12:16 : Group: Sean Wolfington: hm ye make
11:12:34 : Group: Malu': got 455
11:12:43 : Group: Malu': still hasnt got ´bakk my mone
11:12:47 : Group: Malu': from uu
11:12:50 : Group: Sean Wolfington: DRIVE INTO THE FUCKING SEA
11:13:47 : Group: Sean Wolfington: night
11:16:20 : Group: Sean Wolfington: yes
11:17:36 : Group: Sean Wolfington: he has coke in there
11:17:42 : Group: Sean Wolfington: i know what to do
11:17:44 : Group: Sean Wolfington: lockpick it ;3
11:17:59 : Group: Sean Wolfington: i on way
11:18:16 : Group: Sean Wolfington: he still there ?
11:19:06 : Group: Sean Wolfington: yes
11:19:36 : Group: Sean Wolfington: we cant do shit now
11:19:46 : Group: Sean Wolfington: yes but even then
11:20:18 : Group: Sean Wolfington: jesse any hits ?
11:21:19 : Group: Sean Wolfington: hahaha
11:22:51 : Group: Sean Wolfington: drugs
11:24:04 : Group: Sean Wolfington: dolphin squaaaaaaaaaaaaaaaaad
11:25:52 : Group: Sean Wolfington: 500
11:25:59 : Group: Sean Wolfington: 500
11:26:08 : Group: Sean Wolfington: he aint there
11:26:11 : Group: Sean Wolfington: DONT
11:26:14 : Group: Sean Wolfington: buy tempest
11:26:43 : Group: Sean Wolfington: 350
11:26:44 : Group: Sean Wolfington: yes
11:27:06 : Group: Sean Wolfington: i drop 70
11:27:24 : Group: Sean Wolfington: wut the
11:27:36 : Group: Sean Wolfington: wtf
11:27:44 : Group: Sean Wolfington: OHHH ABOUT FUCKING 2mil 
11:27:51 : Group: Sean Wolfington: 1.6mil gun and a helo
11:28:21 : Group: Sean Wolfington: 7 mags ....
11:28:40 : Group: Sean Wolfington: near rocks 
11:28:45 : Group: Sean Wolfington: facing the airfield
11:32:44 : Group: Sean Wolfington: i have a box
11:37:12 : Group: Sean Wolfington: ;o
11:38:31 : Group: Sean Wolfington: do it
11:38:42 : Group: Sean Wolfington: btw when that blows up rip
11:38:48 : Group: Sean Wolfington: so i wouldnt stand close
11:38:50 : Group: Sean Wolfington: the heli
11:39:04 : Group: Sean Wolfington: titan here fo u
11:39:11 : Group: Sean Wolfington: at
11:39:29 : Group: Sean Wolfington: here
11:40:34 : Group: Sean Wolfington: adhmed
11:42:01 : Group: Sean Wolfington: any contracts 
11:42:02 : Group: Sean Wolfington: ?
11:42:19 : Group: Sean Wolfington: 2
11:42:35 : Group: Sean Wolfington: i dont have a heli now so
11:42:49 : Group: Sean Wolfington: titan ?
11:42:51 : Group: Sean Wolfington: put in house ?
11:45:26 : Group: Sean Wolfington: mar 10 sound without silencer is ;o
11:45:38 : Group: Sean Wolfington: no the suond without the silencer ;o
11:50:17 : Group: Sean Wolfington: jesse ye have le mags Kappa
11:51:34 : Group: Sean Wolfington: bringin lockpicks
11:52:36 : Group: Sean Wolfington: looks like i am running 2k
11:53:21 : Group: Sean Wolfington: i gonna go use it for a while
11:54:30 : Group: Sean Wolfington: same stroy boro
11:56:29 : Group: Sean Wolfington: wut the
11:59:25 : Group: Sean Wolfington: we gonna use it
11:59:27 : Group: Sean Wolfington: ik ;3
11:59:48 : Group: Sean Wolfington: repair :O
11:59:56 : Group: Sean Wolfington: 1 k STORAGE HOLY SHIT
12:00:21 : Group: Sean Wolfington: its a repair worth 1.5mil
12:00:41 : Group: Sean Wolfington: yes
12:00:54 : Group: Sean Wolfington: you have to go into y
12:01:12 : Group: Sean Wolfington: its him
12:01:25 : Group: Sean Wolfington: sure
12:01:35 : Direct: Sean Wolfington: have it :)
12:01:43 : Direct: Sean Wolfington: we just need a ride back XD
12:02:25 : Group: Sean Wolfington: jesse 
12:02:29 : Group: Sean Wolfington: kate upton on side m8
12:02:42 : Group: Sean Wolfington: 8/8 sound fakker
12:03:01 : Group: Sean Wolfington: respect
12:03:03 : Group: Sean Wolfington: xd
12:03:16 : Group: Sean Wolfington: just warn him
12:04:06 : Group: Sean Wolfington: wut
12:04:15 : Group: Sean Wolfington: wut ye on about a train
12:04:32 : Group: Sean Wolfington: oihhhh gawd
12:05:09 : Group: Sean Wolfington: XD
12:05:26 : Group: Sean Wolfington: brb
12:23:22 : Group: Sean Wolfington: how much he worth ?
12:23:36 : Group: Sean Wolfington: rob station
12:23:41 : Group: Sean Wolfington: ;3 and you get the pick
12:23:56 : Group: Sean Wolfington: whats best way to get the cop here we lure him in
12:24:15 : Group: Sean Wolfington: u suuuuure? ;3
12:24:46 : Group: Sean Wolfington: rpg ?
12:25:12 : Group: Sean Wolfington: nope
12:25:20 : Group: Sean Wolfington: helo ?
12:25:56 : Group: Sean Wolfington: stop ere
12:28:09 : Group: Sean Wolfington: they aint on ...
12:28:21 : Group: Sean Wolfington: he isnt
12:28:31 : Group: Sean Wolfington: arm
12:28:45 : Group: Sean Wolfington: that would explain how they missed
12:29:35 : Group: Sean Wolfington: mission gonna come up inn a sec
12:29:47 : Group: Sean Wolfington: YES
12:30:08 : Group: Sean Wolfington: yuuuuuuuuuuuus
12:30:13 : Group: Sean Wolfington: that was dank
12:30:38 : Group: Sean Wolfington: how much money ye have solski
12:30:50 : Group: Sean Wolfington: XD
12:31:02 : Group: Sean Wolfington: i snipin
12:31:10 : Group: Sean Wolfington: yuuuuuuuus
12:31:26 : Group: Sean Wolfington: we should save up for another mohawk
12:31:32 : Group: Sean Wolfington: and i come on veri early and grind
12:31:39 : Group: Sean Wolfington: stoop ere
12:31:50 : Group: Sean Wolfington: jusse
12:33:00 : Group: Sean Wolfington: wut
12:33:04 : Group: Sean Wolfington: bullet gone thru
12:33:39 : Group: Sean Wolfington: all dead i think
12:33:58 : Group: Sean Wolfington: /i see
12:34:36 : Group: Sean Wolfington: 2 left
12:34:40 : Group: Sean Wolfington: 1 left
12:34:47 : Group: Sean Wolfington: dead
12:35:01 : Group: Sean Wolfington: collect me soslki
12:35:09 : Group: Sean Wolfington: i cant see behind
12:35:21 : Group: Sean Wolfington: solski pickap
12:35:54 : Group: Sean Wolfington: got 12 FAKKER
12:36:36 : Group: Sean Wolfington: cops have brains tho
12:36:38 : Group: Sean Wolfington: some do
12:37:19 : Group: Sean Wolfington: navid here
12:38:45 : Group: Sean Wolfington: another navid here
12:39:21 : Group: Sean Wolfington: 19
12:39:45 : Group: Sean Wolfington: repair kit?
12:40:10 : Group: Sean Wolfington: i dont
12:42:18 : Group: Sean Wolfington: should
12:43:28 : Group: Sean Wolfington: emmmmm
12:43:52 : Group: Sean Wolfington: nope
12:43:55 : Group: Sean Wolfington: not alot of spaced
12:43:59 : Group: Sean Wolfington: 3 rockets
12:44:09 : Group: Sean Wolfington: my  house only holds 1 XD
12:44:14 : Group: Sean Wolfington: big ofc
12:45:14 : Group: Sean Wolfington: ye
12:45:44 : Group: Sean Wolfington: emmm
12:45:52 : Group: Sean Wolfington: ye true
12:45:57 : Group: Sean Wolfington: liek they ez to get
12:46:04 : Group: Sean Wolfington: we can sell em 
12:46:08 : Group: Sean Wolfington: ;3
12:46:12 : Group: Sean Wolfington: for 1 mil
12:46:14 : Group: Sean Wolfington: 380k off
12:46:18 : Group: Sean Wolfington: HELO
12:46:22 : Group: Sean Wolfington: taru
12:46:30 : Group: Sean Wolfington: medic
12:46:37 : Group: Sean Wolfington: its medic
12:47:34 : Group: Sean Wolfington: yus
12:47:55 : Group: Sean Wolfington: wunna do them herionnnnnns
12:48:28 : Group: Sean Wolfington: i leval 7;o 
12:48:33 : Group: Sean Wolfington: staff sergant
12:48:37 : Group: Sean Wolfington: xp/levels
12:49:14 : Group: Sean Wolfington: wut leval are ye
12:49:41 : Group: Sean Wolfington: i gained about 3k xp there xd
12:50:05 : Group: Sean Wolfington: restart in 10
12:50:10 : Group: Sean Wolfington: drug runs ?
12:50:16 : Group: Sean Wolfington: PAINTBALL XD
12:50:17 : Group: Sean Wolfington: LETS
12:51:06 : Group: Sean Wolfington: ik
12:51:11 : Group: Sean Wolfington: but restart so wut point
13:26:18 : Group: Sean Wolfington: i think i will be up early alot the next few days cause i can grind herion etc without anyone on
13:26:51 : Group: Sean Wolfington: if i had the mohawk this monring i would have around 7 mil atm
13:27:08 : Group: Sean Wolfington: where tafak is everyonew
13:27:28 : Group: Sean Wolfington: ye gonna uploadd shit 
13:27:42 : Group: Sean Wolfington: nothing dank is happening
13:27:54 : Group: Sean Wolfington: we have to do fed ;3
13:28:38 : Group: Sean Wolfington: if hamilton is there i will kill myself
13:28:48 : Group: Sean Wolfington: last timoe he brought out a blackfoot
13:28:59 : Group: Sean Wolfington: yes
13:32:04 : Group: Sean Wolfington: no location but he is that way
13:32:28 : Group: Sean Wolfington: ohh i do
13:38:49 : Group: Sean Wolfington: i dont know how we didnt hear it
13:39:18 : Group: Sean Wolfington: yes
13:39:30 : Group: Sean Wolfington: maybe they have a ddiscount
13:44:17 : Group: Sean Wolfington: are you john wick ?
14:02:17 : Direct: White Bob: ello
14:03:27 : Group: Sean Wolfington: yes
14:04:24 : Group: Sean Wolfington: i made him run
14:05:12 : Group: Sean Wolfington: negevtive
14:05:45 : Group: Sean Wolfington: SOPLSKI MOVE
14:06:09 : Group: Sean Wolfington: nope
14:06:11 : Group: Sean Wolfington: YES
14:06:18 : Group: Sean Wolfington: fak ran behind bush
14:06:27 : Group: Sean Wolfington: in that shitty house
14:07:56 : Group: Sean Wolfington: ok m8
14:08:34 : Group: Sean Wolfington: well he sorta ran behind a teree
14:09:01 : Group: Sean Wolfington: nope
14:09:08 : Group: Sean Wolfington: no it was arm first time
14:09:54 : Direct: [ARM Pvt] Willem: mint
14:13:03 : Group: Sean Wolfington: yes
14:13:16 : Group: Sean Wolfington: 1.8
14:14:12 : Direct: El PooP: YEA
14:15:38 : Group: Sean Wolfington: xd
14:15:42 : Group: Sean Wolfington: yes
14:24:12 : Direct: White Bob: IM SORRY ABOUT HTIS
14:35:06 : Direct: Keidis, Flea: Land agent
14:55:06 : Direct: White Bob: ello
14:55:14 : Direct: White Bob: ye i know
14:55:23 : Direct: White Bob: i have no more hits left
15:22:43 : Direct: White Bob: ello
15:23:29 : Direct: [TOXX] Apollo: no bobby
15:23:36 : Direct: [TOXX] Apollo: it's me apollo
15:23:51 : Direct: [TOXX] Apollo: why
15:28:59 : Direct: Frederik: kan vi leave callen?
15:29:22 : Group: Frederik: kan vi leave callen?
15:30:09 : Direct: White Bob: there was a hit for 400k
15:30:12 : Direct: White Bob: im sorry
15:30:27 : Direct: White Bob: beat me sir
15:30:30 : Direct: White Bob: im sorrty
15:30:34 : Direct: White Bob: *sorry
15:31:17 : Direct: White Bob: no one can hit bob
15:31:27 : Direct: White Bob: no one can
15:32:20 : Direct: White Bob: i gave you a 100k
15:32:24 : Direct: White Bob: and last nigth 50
15:33:10 : Direct: White Bob: stop doing a hit brotehr
15:40:32 : Direct: [ARM Pvt] WarGamer : 4 hp
15:49:17 : Direct: [ARM Pvt] WarGamer : afk
16:08:01 : Group: Kryptic: hvorfor er kriss i callen??
16:09:55 : Group: Kryptic: Hvorfor snakke om dette n[r kriss er i callen___
16:10:57 : Group: Sean Wolfington: its a orca
16:10:58 : Group: Sean Wolfington: ...
16:11:15 : Group: Sean Wolfington: thing is 
16:11:19 : Group: Sean Wolfington: i dont have my lynx so ;3
16:11:27 : Group: Sean Wolfington: emmmm
16:11:29 : Group: Sean Wolfington: soslki
16:11:34 : Group: Sean Wolfington: ahmed is arm
16:11:59 : Group: Sean Wolfington: yes we aint in a kos zone either
16:12:12 : Group: Sean Wolfington: ik
16:12:18 : Group: Sean Wolfington: exatly what i said
16:12:27 : Direct: [ARM Pvt] Willem: Mic fucked then
16:12:31 : Group: Sean Wolfington: sdar XD
16:12:31 : Direct: [ARM Pvt] Willem: this the truck here?
16:12:44 : Direct: [ARM Pvt] Willem: alright gonna need to lock pick it lol
16:12:55 : Group: Sean Wolfington: ohhh baby
16:12:59 : Group: Sean Wolfington: ty bby
16:13:24 : Direct: [ARM Pvt] Willem: Got no infistar only owners do
16:13:31 : Direct: [ARM Pvt] Willem: So lets do it the old fashioned way
16:14:25 : Group: Sean Wolfington: swamp
16:14:44 : Group: Sean Wolfington: me
16:14:46 : Group: Sean Wolfington: lsd ;3
16:15:05 : Group: Sean Wolfington: i dont kno
16:15:26 : Direct: White Bob: ello
16:15:42 : Group: Sean Wolfington: ik
16:15:45 : Group: Sean Wolfington: i do aswill
16:16:01 : Group: Sean Wolfington: sounds nicer
16:16:56 : Group: Sean Wolfington: x is a shortcut btw
16:21:31 : Group: Sean Wolfington: almostr
16:22:27 : Group: Sean Wolfington: ehhh not as profitable as i would have thought
16:22:39 : Group: Sean Wolfington: 3.8
16:24:07 : Group: Sean Wolfington: 70
16:32:04 : Group: White Bob: whats up bitch
16:32:07 : Group: Sean Wolfington: XD
16:32:25 : Direct: [ARM Pvt] Willem: Thats aff
16:32:25 : Group: Sean Wolfington: just stay in the water ;3
16:32:28 : Direct: [ARM Pvt] Willem: nvm him
16:32:44 : Direct: [ARM Pvt] Willem: hopefully ai
16:32:59 : Group: Sean Wolfington: XD
16:33:00 : Group: Sean Wolfington: SO WHAT
16:33:06 : Group: Sean Wolfington: you have a underwater gun l;3
16:33:13 : Group: Sean Wolfington: XD
16:33:33 : Group: Sean Wolfington: shoot out back rotar if they do
16:34:42 : Group: Sean Wolfington: ik
16:38:58 : Group: Sean Wolfington: xd
16:39:31 : Direct: RamboHoy: can uyou help me?
16:39:33 : Group: Sean Wolfington: 1 of mine
16:39:45 : Group: Sean Wolfington: 30 euros so ye
16:40:03 : Group: Sean Wolfington: its agame
16:40:23 : Group: Sean Wolfington: its liek op arrowhead
16:40:36 : Group: Sean Wolfington: osprey
16:40:57 : Group: Sean Wolfington: its like the guns
16:41:05 : Group: Sean Wolfington: no idea
16:41:22 : Group: Sean Wolfington: mustang
16:41:47 : Group: Sean Wolfington: taf
16:41:59 : Group: Sean Wolfington: YUP
16:42:04 : Direct: [APD] SPC.Potato: going for poo
16:42:12 : Group: Sean Wolfington: its like fiji
16:42:37 : Group: Sean Wolfington: june]
16:43:19 : Group: Sean Wolfington: ye xd
16:44:16 : Group: Sean Wolfington: YES
16:44:23 : Group: Sean Wolfington: THAT NEEDS TO HAPPEN
16:45:16 : Group: [APD] PC. Morrisino: get on TS Potato if your not
16:51:25 : Direct: [TOXX] Apollo: GOOD SHOT
17:06:36 : Group: Michael: why do i keep gettng kicked out when i join the game?
17:06:52 : Group: Mei Mong: restart arma
17:07:00 : Group: Mei Mong: its a glitch when it comes to the mission file
17:07:27 : Group: [HATO] Sgt.CrackDown: resart your game will fix it
17:25:50 : Group: Sean Wolfington: navid or lynx ?
17:27:40 : Group: Sean Wolfington: that moment when you respawn at athria and lose a mag
17:28:26 : Group: Sean Wolfington: my god
17:30:53 : Group: Sean Wolfington: kappa
17:31:05 : Group: Sean Wolfington: DRUG DELER CHANGED L:OCATION :o
17:31:41 : Group: Sean Wolfington: where ?
17:31:46 : Group: Sean Wolfington: ik
17:32:13 : Group: Sean Wolfington: reason to have a mohawk
17:33:43 : Direct: Sean Wolfington: THIS IS A ROBBERY
17:34:13 : Direct: Sean Wolfington: mg wut ye doin
17:34:56 : Direct: Sean Wolfington: get your truck fakker
17:35:51 : Group: Sean Wolfington: ryan come to athria we do bik convoy
17:36:48 : Group: Sean Wolfington: who wanna do paintball ?
17:40:47 : Group: Sean Wolfington: he has 56k
17:41:52 : Group: Sean Wolfington: uscar come ere
17:42:02 : Group: Sean Wolfington: YE SAME
17:42:13 : Group: Sean Wolfington: MYDIING GEAR IS COMBAT FXD
17:42:22 : Group: Sean Wolfington: rip ammo tho
17:42:39 : Group: Sean Wolfington: ye ik 
17:42:50 : Group: Sean Wolfington: my helmut
17:43:01 : Group: Sean Wolfington: XD
17:43:05 : Group: Sean Wolfington: mg stole ye gat
17:43:39 : Group: Sean Wolfington: 100k lisence
17:44:11 : Group: Sean Wolfington: yup
17:44:20 : Group: Sean Wolfington: the ira XD
17:44:32 : Group: Sean Wolfington: TRF XD
17:44:33 : Group: Sean Wolfington: YES
17:44:47 : Direct: [AFF Cpl] Willem: Hello mate
17:44:52 : Direct: [AFF Cpl] Willem: Get out of the vehicle 
17:44:52 : Group: Sean Wolfington: about 020 sergeant
17:45:07 : Group: Sean Wolfington: field marshall
17:45:20 : Group: Sean Wolfington: AIR MARSHALL FSAKKER
17:45:25 : Group: Sean Wolfington: XD
17:46:38 : Group: Sean Wolfington: ITS MUH WALK FAKKER
17:48:01 : Group: Sean Wolfington: HOW THA FAK U GOT A TEMPEST AMMO XD
17:48:22 : Group: Sean Wolfington: so he had liek a mil
17:48:40 : Group: Sean Wolfington: clay ?
17:48:45 : Group: Sean Wolfington: ryan you heard about muh lynx ?
17:49:18 : Group: Sean Wolfington: clay or iron ?
17:50:01 : Group: Sean Wolfington: i know how to get over
17:50:12 : Group: Sean Wolfington: called ahemmit v wall
17:50:22 : Group: Sean Wolfington: no the wall
17:50:26 : Group: Sean Wolfington: it makes it fly ;3
17:51:29 : Direct: [AFF Cpl] Willem: yes mate
17:51:33 : Direct: [AFF Cpl] Willem: My mic is bit fucked
17:51:49 : Direct: Callumsweetlove: I PAY U?
17:51:52 : Direct: [AFF Cpl] Willem: Yeah mate
17:51:55 : Group: [APD] PC. Morrisino: WOW
17:52:14 : Group: Sean Wolfington: i do bearly
17:52:19 : Group: Sean Wolfington: i to bik
17:52:29 : Direct: [AFF Cpl] Willem: Escort you of the island now
17:52:47 : Direct: [AFF Cpl] Willem: make sure you text ahead
17:52:56 : Group: Sean Wolfington: XD
17:53:40 : Group: Sean Wolfington: XD
17:55:02 : Group: Sean Wolfington: HAI
17:55:20 : Group: [APD] PC. Morrisino: ANYONE CHECKING DRUGS??
17:55:31 : Group: Sean Wolfington: ik
17:56:58 : Group: Sean Wolfington: solski hao much ye make
17:58:54 : Group: Sean Wolfington: /solski
18:02:03 : Group: Sean Wolfington: XD
18:02:38 : Group: Sean Wolfington: they can tow it
18:09:28 : Direct: [AFF Pvt] Baked Beans: can i get unrestrained
18:09:33 : Group: Sean Wolfington: XD
18:09:33 : Direct: [AFF Pvt] Baked Beans: hello
18:10:23 : Direct: [AFF Pvt] Baked Beans: nice nlr
18:11:02 : Group: Sean Wolfington: XD
18:11:35 : Group: Sean Wolfington: your an retard Kappa
18:12:37 : Group: Sean Wolfington: i love how you see al of you unarmed 
18:12:40 : Group: Sean Wolfington: then you see me
18:12:50 : Group: Sean Wolfington: no hell nah
18:12:55 : Group: Sean Wolfington: mg has it
18:13:12 : Group: Sean Wolfington: ryan ?
18:16:24 : Group: Sean Wolfington: medkit ?
18:16:41 : Group: Sean Wolfington: solski
18:16:46 : Group: Sean Wolfington: WUT
18:17:01 : Group: Sean Wolfington: oscar gone
18:17:11 : Group: Sean Wolfington: where the fak his truck
18:19:14 : Group: Sean Wolfington: mg i will pull out a offroad fo you
18:19:25 : Group: Sean Wolfington: or ye run?
18:20:10 : Group: Sean Wolfington: emm solki
18:20:16 : Group: Sean Wolfington: littleenglishman ?
18:20:46 : Group: Sean Wolfington: soslki
18:20:57 : Group: Sean Wolfington: is that thee littleenglishman
18:23:48 : Group: Sean Wolfington: i know what happend
18:23:54 : Group: Sean Wolfington: you where in there
18:24:47 : Group: Sean Wolfington: XD
18:25:06 : Group: Sean Wolfington: LOOK WHO IT IS
18:25:08 : Group: Sean Wolfington: xd
18:26:29 : Group: Sean Wolfington: i do
18:26:41 : Group: Sean Wolfington: but i aint gonna use it will you know who is on
18:27:05 : Group: Sean Wolfington: that dank moment when you truck gets stuck no a wall
18:27:10 : Group: Sean Wolfington: what
18:27:14 : Group: Sean Wolfington: by ?
18:27:23 : Group: Sean Wolfington: /police
18:27:36 : Group: Sean Wolfington: i weanna take it down
18:27:37 : Group: Sean Wolfington: map
18:28:17 : Group: Sean Wolfington: ca yez push muh truuuuuuuuck
18:29:00 : Group: Sean Wolfington: ty bby
18:30:15 : Direct: Jack: Sir
18:30:22 : Direct: Jack: Sir
18:30:34 : Direct: Jack: Would you like to be flown to some place? :)
18:31:05 : Group: Sean Wolfington: should i get a chunook
18:31:08 : Direct: Jack: Yo
18:31:08 : Group: Sean Wolfington: it hold 70
18:31:11 : Group: Sean Wolfington: 700
18:31:34 : Direct: Jack: Sir opium is an illegal activity
18:31:36 : Direct: Jack: yes?
18:32:05 : Direct: Jack: Illegal yes or no? :)
18:32:51 : Direct: Jack: SIRRRRRRRRRRR
18:33:08 : Direct: Jack: opium is illegal?
18:33:14 : Direct: Jack: Mmmm ok
18:33:29 : Direct: Jack: im just confused
18:33:37 : Direct: Jack: since its made to make possitive meds
18:33:43 : Direct: Jack: but eh its good to know
18:33:59 : Direct: Jack: bad to know im never going to get my hellcat x-x
18:34:13 : Group: Sean Wolfington: idk
18:34:18 : Group: Sean Wolfington: can ye ?
18:34:27 : Direct: Jack: ello
18:34:30 : Direct: Jack: how are you
18:34:43 : Group: Sean Wolfington: his holds 900
18:34:58 : Group: Sean Wolfington: nope
18:35:07 : Group: Sean Wolfington: oit can
18:35:19 : Group: Sean Wolfington: that would be so good
18:35:27 : Group: Sean Wolfington: nope
18:35:34 : Group: Oscar Wolfington: we can lift the Normal transport
18:35:54 : Group: Sean Wolfington: wut exactly we doing
18:36:00 : Group: Oscar Wolfington: goin to eat dinner
18:36:02 : Direct: Jack: oh
18:36:05 : Group: Oscar Wolfington: so
18:36:10 : Direct: Jack: i shot someone thinking it wouldn't kill them
18:36:12 : Direct: Jack: in a thing
18:36:15 : Direct: Jack: safezone
18:36:18 : Direct: Jack: but it killed um
18:36:19 : Group: Sean Wolfington: i have 127k ;3
18:36:22 : Direct: Jack: eeeeeeeeeeeeeeeeeeeeeeeeeeeeee
18:36:27 : Direct: Jack: but
18:36:30 : Direct: Jack: i did repay them
18:36:31 : Direct: Jack: nononoon
18:36:34 : Direct: Jack: they lost 40k
18:36:36 : Group: Sean Wolfington: XD
18:36:38 : Direct: Jack: i gave me 50k
18:36:39 : Direct: Jack: gg
18:36:44 : Group: Sean Wolfington: they fixed that
18:36:47 : Group: Sean Wolfington: idiot
18:36:51 : Direct: Jack: Mkay thanks
18:37:21 : Group: Sean Wolfington: wut ta do
18:37:31 : Group: Sean Wolfington: solski buy lisences for herion ?
18:37:40 : Group: Sean Wolfington: or it too risky
18:37:47 : Group: Sean Wolfington: cause hamilton
18:38:11 : Group: Sean Wolfington: no its processing when he comes
18:38:32 : Group: Sean Wolfington: solski buy lisences for coke?
18:38:50 : Group: Sean Wolfington: wait we go herion
18:39:11 : Group: Sean Wolfington: check the price first
18:39:31 : Group: Sean Wolfington: ik
18:40:18 : Group: [Naked] Dazed: mic is being jewish
18:40:29 : Group: Sean Wolfington: ryan like the logo on the helo
18:40:34 : Group: [Naked] Dazed: turn the fucking chopper engine off before i SHOOT YOU DOWN
18:40:48 : Direct: Jack: bob mu friend
18:40:49 : Group: [Naked] Dazed: MY MIC HAS GONE FULL ON JEWISH MODE
18:40:51 : Group: [Naked] Dazed: OOPS CAPS
18:40:52 : Direct: Jack: mu*
18:40:59 : Direct: Jack: fuck my keyboard >.>#
18:41:06 : Direct: Jack: ur pretty k
18:41:09 : Direct: Jack: i want u to know dat
18:41:27 : Direct: Jack: now no more kidnapping
18:41:41 : Group: Sean Wolfington: owned by the aaf
18:41:45 : Group: Sean Wolfington: or wutvea
18:42:02 : Group: Sean Wolfington: atm
18:42:07 : Direct: Jack: yes?
18:42:10 : Group: Sean Wolfington: or we get the shit then atm?
18:42:20 : Group: Sean Wolfington: sure ?
18:42:30 : Direct: Jack: Officer..?
18:42:38 : Group: Sean Wolfington: 100k lisence
18:42:52 : Group: Sean Wolfington: ill do that aswill
18:43:00 : Direct: Jack: Hello
18:43:20 : Direct: Jack: Im doing ok, getting my truck and dunis just crashed
18:43:37 : Group: [Naked] Dazed: SMD
18:43:41 : Direct: Jack: I have no space
18:43:42 : Direct: Jack: no wait
18:43:45 : Group: [Naked] Dazed: X 12 IS JEWISH
18:43:50 : Direct: Jack: there we go
18:44:11 : Group: Sean Wolfington: medkit ?
18:45:56 : Direct: Jack: help
18:45:57 : Direct: Jack: lag
18:45:58 : Direct: Jack: help
18:46:11 : Direct: Jack: sir
18:46:15 : Direct: Jack: I need to know
18:46:18 : Direct: Jack: the fasted legal way
18:46:20 : Direct: Jack: to get money
18:46:25 : Direct: Jack: because I need a new truck
18:46:27 : Direct: Jack: bcus topke
18:46:30 : Direct: Paddy.C: so about my gear
18:46:30 : Direct: Jack: I cannot hear you
18:46:30 : Direct: [APD] Supt. MrDunis: everyone is lagging for me
18:46:38 : Direct: [APD] Supt. MrDunis: you lost your gear you say?
18:46:43 : Direct: Paddy.C: yeah
18:46:45 : Direct: Paddy.C: all of it
18:46:47 : Direct: [APD] Supt. MrDunis: When he searched you?
18:46:51 : Direct: Paddy.C: and the stuff in my car
18:46:54 : Direct: Jack: Im not going to lie
18:46:58 : Direct: Paddy.C: indeed
18:46:59 : Direct: Jack: I did sell some drugs someone gave me
18:47:02 : Direct: Jack: gave them the money
18:47:03 : Direct: [APD] Supt. MrDunis: The stuff in the car shouldnt not dissapear when he searches it
18:47:05 : Direct: Jack: and i hated it
18:47:08 : Group: Sean Wolfington: medkit ?
18:47:09 : Direct: Jack: cus it was shit
18:47:15 : Direct: Paddy.C: well.....
18:47:20 : Direct: [APD] Supt. MrDunis: I will be ready to comp w/e you had in your backpack beacue the search is glitched alright
18:47:21 : Direct: Jack: Please don't arrest me for that xD
18:47:26 : Direct: [APD] Supt. MrDunis: it shouldnt happend but i happens sometimes
18:47:33 : Direct: Jack: Yo
18:47:36 : Direct: Jack: can you radio stalks
18:47:39 : Direct: Jack: to tell him to not
18:47:42 : Direct: Paddy.C: ok.............
18:47:43 : Direct: Jack: crash that helicopter
18:47:47 : Direct: [APD] Supt. MrDunis: okay?
18:47:51 : Direct: [APD] Supt. MrDunis: Isnt that what you are here for?
18:47:52 : Direct: Jack: because all the police are wasting money on helis
18:47:54 : Direct: Paddy.C: sure...
18:47:58 : Direct: Paddy.C: well yeah
18:48:01 : Direct: Jack: LIKE DUNIS
18:48:04 : Direct: Jack: OVER THERE
18:48:06 : Direct: Jack: YOU GOOD
18:48:06 : Direct: [APD] PCSO. CrackDown: HE IS
18:48:06 : Direct: [APD] Supt. MrDunis: Great wanna follow me to the ATM?
18:48:09 : Direct: Jack: goof.
18:48:16 : Direct: [APD] PC. Jano: ahahahah
18:48:28 : Direct: Jack: omg this rain]
18:48:35 : Group: Sean Wolfington: listen for movement
18:48:45 : Direct: Jack: Mkay
18:48:45 : Direct: [APD] Supt. MrDunis: Im sure that more than you lost
18:48:47 : Direct: Jack: tell dunis
18:48:49 : Direct: Jack: i need him
18:48:52 : Direct: [APD] Supt. MrDunis: Have a gday man
18:48:53 : Direct: Paddy.C: ONLY BY 10K
18:48:56 : Direct: [APD] Supt. MrDunis: sorry about the glitch nothing we can do
18:49:03 : Group: Oscar Wolfington: Dats a big foken heli
18:49:09 : Group: Sean Wolfington: 3.6mil
18:49:16 : Group: Oscar Wolfington: Overprized?
18:49:20 : Group: Sean Wolfington: meh
18:49:24 : Group: Sean Wolfington: holds 700 flys 300
18:49:30 : Group: Sean Wolfington: fully armoured
18:49:33 : Group: Oscar Wolfington: didnt the mohawk have 600
18:49:36 : Group: Sean Wolfington: can take 2 aa 
18:49:37 : Group: Sean Wolfington: ye
18:49:42 : Direct: Jack: where is dunis
18:49:57 : Group: Oscar Wolfington: 600k for another 100 storage
18:50:08 : Group: Oscar Wolfington: but its the armour ye pay for i guess
18:50:13 : Group: Sean Wolfington: and mroe armour 
18:50:26 : Direct: Jack: leave me truck alone
18:50:27 : Direct: Jack: yes
18:50:31 : Group: Sean Wolfington: you know how tanky it is
18:50:37 : Direct: Jack: yeeeeee
18:50:37 : Group: Oscar Wolfington: Yeah
18:50:41 : Direct: Jack: Never done them drugs
18:50:48 : Group: Oscar Wolfington: its the only bigger heli i liek :d
18:50:51 : Direct: Jack: Just get diamonds for migrants
18:51:03 : Group: Oscar Wolfington: i might start doin firearms
18:51:25 : Group: Oscar Wolfington: i just dont have any license money
18:52:01 : Direct: [APD] PCSO. CrackDown: sup
18:52:10 : Direct: [APD] PCSO. CrackDown: im waitinging on jano
18:52:16 : Direct: [APD] Insp. Nick Nolif: k
18:52:28 : Direct: [APD] Insp. Nick Nolif: i don't think jano is coming :p
18:52:33 : Direct: [APD] PCSO. CrackDown: lel
18:52:40 : Direct: [APD] Insp. Nick Nolif: i was the person saying i'll do it with you btw xd
18:52:40 : Direct: [APD] PCSO. CrackDown: i will go get him xD
18:52:48 : Direct: [APD] PCSO. CrackDown: o
18:53:12 : Group: Sean Wolfington: if only i had this this morning
18:53:19 : Group: Oscar Wolfington: yeah
18:53:27 : Group: Oscar Wolfington: ye stayin up all night?
18:53:30 : Group: Sean Wolfington: nah
18:53:34 : Group: Sean Wolfington: get off around 2am
18:53:38 : Group: [Naked] Dazed: YOU LAUNCHED ME
18:53:38 : Group: Oscar Wolfington: aight
18:53:43 : Group: Sean Wolfington: you ?
18:53:44 : Direct: Jack: DUNIS
18:53:45 : Group: [Naked] Dazed: I WAS ON THE BENCH
18:53:49 : Group: Oscar Wolfington: i might
18:54:52 : Direct: Jack: I want a new truck
18:54:55 : Direct: Jack: mine is too fat
18:54:55 : Direct: [APD] Supt. MrDunis: hmm
18:54:58 : Direct: [APD] Supt. MrDunis: idk 
18:55:03 : Direct: [APD] Supt. MrDunis: check the market prices
18:55:08 : Direct: [APD] Supt. MrDunis: and then check the lenght of the routes
18:55:14 : Direct: Jack: mmmm mkay
18:55:15 : Direct: [APD] Supt. MrDunis: and go from there
18:55:15 : Direct: Jack: but
18:55:25 : Direct: Jack: I need like 500k more and i don't want to do drugs xD
18:55:33 : Direct: [APD] Supt. MrDunis: Man it goes fast trust me
18:55:44 : Direct: Jack: but going up a hill at like
18:55:49 : Group: Sean Wolfington: after this i getting dinner
18:55:50 : Direct: Jack: 50km/h is shit
18:55:52 : Direct: Jack: and boring
18:55:56 : Group: Oscar Wolfington: aight
18:56:00 : Direct: Jack: but bouncing over things in that big truck is fun ass fuck
18:56:03 : Direct: Jack: but yeah
18:56:09 : Direct: [APD] Supt. MrDunis: well its the only thing you can do
18:56:21 : Direct: Jack: So
18:56:26 : Direct: [APD] Supt. MrDunis: Anyway man i need to go patroling
18:56:28 : Direct: Jack: are you poor since you keep crashing helis? :)
18:56:32 : Direct: [APD] Supt. MrDunis: Maybe
18:56:32 : Group: [Naked] Dazed: let me in the inventory
18:56:33 : Direct: [APD] Supt. MrDunis: ;)
18:56:36 : Group: [Naked] Dazed: my backpack is in there
18:56:37 : Direct: Jack: ;)
18:56:41 : Direct: [APD] Supt. MrDunis: anyways talk to you later man
18:56:46 : Direct: Jack: Yeah same
18:56:59 : Direct: Jack: MORRI
18:57:04 : Direct: Jack: HOW MUCH DOLLA DO U HAVE
18:57:11 : Group: [Naked] Dazed: 20 health and my legs
18:57:26 : Group: [Naked] Dazed: my backpack is in the chopper
18:57:49 : Group: Oscar Wolfington: 900k for the once in the heli
18:57:56 : Group: Sean Wolfington: not bad
18:58:00 : Group: Sean Wolfington: what about herion
18:58:01 : Group: Oscar Wolfington: but price is gon drop so about 850k
18:58:12 : Direct: [APD] Chief. Hamilton: y
18:58:20 : Group: [APD] Chief. Hamilton: ticket is 77,500
18:58:20 : Direct: [APD] PCSO. CrackDown: sir 
18:58:25 : Direct: [APD] PCSO. CrackDown: please hop out
18:58:39 : Group: Oscar Wolfington: 1 mil 38k
18:58:45 : Group: Oscar Wolfington: for just the heli
18:58:49 : Group: [Naked] Dazed: shootingthrough it
18:59:12 : Group: [Naked] Dazed: let me get my backpack out though
18:59:18 : Group: Oscar Wolfington: rip
18:59:24 : Group: Oscar Wolfington: i don has 100k on me :d
18:59:24 : Group: Sean Wolfington: ye have lisence ?
18:59:29 : Group: [Naked] Dazed: yeah
18:59:33 : Group: Sean Wolfington: vote  night
18:59:34 : Group: [Naked] Dazed: can i get my backpack out
18:59:47 : Group: [Naked] Dazed: i need my backpack
18:59:55 : Group: [Naked] Dazed: do you read chat?
18:59:58 : Group: [Naked] Dazed: hello???
19:00:26 : Group: Sean Wolfington: 500 400 ?
19:00:36 : Group: [Naked] Dazed: flex shot me
19:01:04 : Group: Oscar Wolfington: some liek tha 
19:01:11 : Group: Sean Wolfington: sound gud ?
19:01:14 : Group: Sean Wolfington: oka
19:01:15 : Group: Oscar Wolfington: ye
19:02:03 : Group: Sean Wolfington: get in co pliot and be ready to spin up 
19:02:10 : Group: Sean Wolfington: / keep watch
19:02:18 : Group: Sean Wolfington: spin up if you hear / see cops
19:04:49 : Group: Oscar Wolfington: DUDE
19:04:55 : Group: Oscar Wolfington: LOOK WHO FOKEN JOINED
19:05:10 : Group: Sean Wolfington: little englishman is here aswill xd
19:05:16 : Group: Oscar Wolfington: Dank 
19:05:42 : Group: Oscar Wolfington: all of us should just do apples :d
19:05:48 : Group: Sean Wolfington: XD
19:05:49 : Group: Oscar Wolfington: and go thru kavala
19:05:58 : Group: Sean Wolfington: bring the mohawks/ chunooks
19:06:05 : Group: Oscar Wolfington: Yeah ofcourse
19:06:19 : Group: Oscar Wolfington: 5 trucks 2 birds
19:06:37 : Group: [Naked] Dazed: speed autoclicker
19:08:21 : Group: Sean Wolfington: have gps ?
19:08:36 : Group: Oscar Wolfington: yeh
19:09:01 : Group: Sean Wolfington: if only this had a front gun
19:09:10 : Group: Oscar Wolfington: haha
19:09:13 : Group: [Naked] Dazed: 2 mil?
19:09:17 : Group: Oscar Wolfington: ifrit
19:09:20 : Group: Oscar Wolfington: DUd
19:09:26 : Group: Sean Wolfington: where
19:09:33 : Group: Oscar Wolfington: on our 6
19:09:37 : Group: Oscar Wolfington: was a hunter
19:09:39 : Group: Sean Wolfington: so behind
19:09:42 : Group: Oscar Wolfington: yeah
19:09:45 : Group: Sean Wolfington: its hamilton
19:09:48 : Group: Sean Wolfington: i bet you
19:09:53 : Group: Oscar Wolfington: haha
19:10:17 : Group: Sean Wolfington: too far out of the other cops jurisdtion
19:11:16 : Group: Sean Wolfington: XD
19:13:14 : Group: [Pvt] WarGamer : :b
19:13:25 : Direct: Sean Wolfington: illgal weapon
19:13:36 : Direct: [APD] Chief. Hamilton: YES
19:14:19 : Direct: Sean Wolfington: i can
19:15:03 : Direct: Sean Wolfington: nope
19:15:11 : Direct: Sean Wolfington: yes
19:15:28 : Group: [Naked] Dazed: i was the one who did the last vote lol
19:16:32 : Direct: Sean Wolfington: yes
19:17:54 : Group: [General] RoD: AFF meeting in 1 hour
19:18:03 : Group: [General] RoD: make sure to pass that Sgt and Lt
19:18:24 : Group: [Sgt] Willem: Alright
19:18:28 : Direct: Alfonso: ;)
19:21:00 : Direct: [NHS] Dr. Senju: ASSULT RIFLE IN HAND
19:21:01 : Direct: [NHS] Dr. Senju: THE OFFROAD
19:21:22 : Group: [General] RoD: Flmaes
19:21:34 : Group: [General] RoD: flames, make sure everyone knows meeting in 1 hour all aff
19:21:41 : Group: [Sgt] Willem: Everyone knows
19:21:44 : Group: [Lt] Flames: done
19:21:51 : Group: [General] RoD: cool
19:22:06 : Group: [Naked] Dazed: cops
19:22:11 : Group: [Naked] Dazed: nick
19:22:58 : Group: [Naked] Dazed: yh
19:23:35 : Group: [Naked] Dazed: snipers
19:23:47 : Group: [Naked] Dazed: keep going
19:23:54 : Group: [Naked] Dazed: keep going!!"
19:25:01 : Group: [APD] PC. Inferno: STFU
19:25:05 : Group: [APD] PC. Inferno: got ts for reason?
19:25:09 : Direct: [Lt] Flames: Im going to get some food, good luck men
19:26:45 : Group: [Naked] Dazed: ones there
19:28:18 : Group: [Naked] Dazed: i had 6 bullets left
19:28:28 : Group: [Naked] Dazed: once again i have 6 bull;ets
19:28:32 : Group: [Naked] Dazed: at the cop car
19:28:35 : Group: [Naked] Dazed: actually
19:28:54 : Group: [Naked] Dazed: once again for everyone who can read
19:28:57 : Group: [Naked] Dazed: i had 6 bullets
19:29:11 : Group: [Naked] Dazed: for some reason when i reloaded it just had 6 bullets
19:29:19 : Group: [Naked] Dazed: no
19:29:22 : Group: [Naked] Dazed: he was at me
19:29:24 : Group: [Naked] Dazed: at some point
19:29:52 : Group: [Naked] Dazed: want to mug the people on the bus
19:29:54 : Group: [Naked] Dazed: going to the airport?
19:30:15 : Group: [Naked] Dazed: will how much cash have you got?
19:30:37 : Group: [Naked] Dazed: will how much cash have you got?
19:30:38 : Direct: Shiva: why you broke my car
19:30:42 : Direct: Shiva: pay up now
19:30:52 : Direct: Shiva: i did nothing wrong
19:30:54 : Group: [Naked] Dazed: will how much cash have you got
19:31:02 : Direct: Shiva: i want a lawer
19:31:12 : Group: [Naked] Dazed: will how much cash have you got?
19:31:20 : Group: [Naked] Dazed: no reason
19:31:22 : Group: [Naked] Dazed: curious
19:31:48 : Group: [Naked] Dazed: na
19:31:53 : Group: [Naked] Dazed: if i had more mags i would of killed him#
19:31:55 : Group: [General] RoD: blow it up
19:31:56 : Group: [Naked] Dazed: i had shots on him
19:32:01 : Group: [Naked] Dazed: but ran out
19:32:05 : Direct: Jack: sir
19:32:08 : Direct: Jack: do i need to put it in my bp
19:32:12 : Direct: Jack: nhhhhhhhh whhy
19:32:13 : Group: [Naked] Dazed: i shot him with 3 of the 6 bullets
19:32:16 : Direct: Jack: its a legal weapon
19:32:21 : Group: [Naked] Dazed: how muchcash have you got
19:34:42 : Group: [General] RoD: Spread out on the border
19:34:46 : Group: [General] RoD: dont bunch up like that
19:36:16 : Group: [Naked] Dazed: at some points yeah
19:37:27 : Group: [Naked] Dazed: ok
19:38:28 : Group: [General] RoD: Guys the Drug dealer is Empty
19:38:40 : Group: [General] RoD: make sure at least 1 of u is Covering the Drug dealer
19:38:48 : Group: [Naked] Dazed: in kavala
19:39:08 : Group: [Naked] Dazed: no
19:39:16 : Group: [Naked] Dazed: I'VE KI LLED alot
19:39:19 : Group: [Naked] Dazed: specially in fed
19:39:24 : Group: [Naked] Dazed: get out
19:39:33 : Group: [Naked] Dazed: give me the key if you want
19:40:45 : Group: [APD] Insp. Nick Nolif: CRACK HEAD TO KAV
19:40:49 : Group: [APD] Insp. Nick Nolif: MORRI NEEDS HELP
19:41:41 : Group: [Naked] Dazed: yh
19:43:16 : Group: [Naked] Dazed: look at me
19:45:55 : Vehicle: [APD] PC. Inferno: We have neautralised the dopped weapon crate. We are going to neautralise it in the ocean, over.
19:46:36 : Group: [APD] PC. Inferno: Myself and gadget have neautralisedthe illegal weapon crate. We are going to dispose of it in the ocean, over.
19:46:55 : Group: [APD] Insp. Nick Nolif: Thats not the ocean
19:47:20 : Group: [AFF Pvt] Connor.M: test
19:49:41 : Group: Sean Wolfington: well do you want to feel the wrath of hamilton kappa
19:49:45 : Group: [Naked] Dazed: rip me
19:49:56 : Group: [Naked] Dazed: i tried to drift round the road
19:50:01 : Group: [Naked] Dazed: and hit the tree
19:50:12 : Group: Sean Wolfington: illigal stuff
19:50:18 : Group: Sean Wolfington: hamilton is coming
19:50:23 : Group: Sean Wolfington: for drugs etc
19:50:42 : Group: Sean Wolfington: i aint
19:51:01 : Group: [Naked] Dazed: will make sure he doesn't get the cops up
19:51:10 : Group: [Naked] Dazed: you were in the back
19:51:14 : Group: Sean Wolfington: i just got busted
19:51:16 : Group: [Naked] Dazed: make sure he doesn't get rthe cops up
19:51:26 : Group: Sean Wolfington: lost 800k
19:51:27 : Group: [Naked] Dazed: tell him not to get the cops up
19:52:15 : Direct: [Naked] Dazed: thankyou :'(
19:52:18 : Direct: Shiva: we want chess
19:52:42 : Direct: [APD] PC. Inferno: HELLO
19:52:43 : Direct: [APD] PC. Inferno: MEDIC
19:52:59 : Direct: [APD] PC. Inferno: MEIDC
19:53:02 : Direct: [APD] PC. Inferno: MEDIC?
19:53:05 : Direct: [APD] PC. Inferno: IN THE POLICE CAR/
19:53:07 : Direct: [APD] PC. Inferno: HELLO?
19:53:13 : Group: Sean Wolfington: we gonna do turtles?
19:53:19 : Direct: [Naked] Dazed: :)
19:53:32 : Group: [Naked] Dazed: i call that the ninja
19:53:40 : Group: Sean Wolfington: ;o
19:53:41 : Group: [Naked] Dazed: 2 cops for 1 life
19:53:43 : Group: [Naked] Dazed: worth
19:53:55 : Direct: Jack: What the fuck are you doing
19:53:57 : Group: Sean Wolfington: ok wut nao
19:53:59 : Group: [Naked] Dazed: put my gun in the car?
19:54:00 : Direct: Jack: I was afk
19:54:00 : Group: [Naked] Dazed: and mags
19:54:06 : Group: [Naked] Dazed: oh i do
19:54:08 : Group: Sean Wolfington: o have
19:54:13 : Direct: [APD] Insp. Nick Nolif: You were blocking the road were dropping you back off here
19:54:21 : Direct: Jack: BRO
19:54:23 : Direct: Jack: IF YOU
19:54:27 : Direct: Jack: FUCKING TOOK MY MEDS
19:54:29 : Direct: Jack: ILL KILL YOU
19:54:33 : Direct: Jack: WHERE R ME MEDS
19:54:35 : Group: Sean Wolfington: we doing turtles if so 
19:54:36 : Direct: Jack: Y U TAKE MY MEDAS
19:54:37 : Direct: [APD] Insp. Nick Nolif: no we didn't
19:54:39 : Direct: Jack: WHERE IS M
19:54:40 : Group: Sean Wolfington: i aint gettin out muh chunook
19:54:41 : Direct: Jack: MY TRUCK
19:54:44 : Direct: [APD] Insp. Nick Nolif: in your backpack
19:55:01 : Direct: [APD] Insp. Nick Nolif: OOC:sorry
19:55:05 : Direct: [APD] Insp. Nick Nolif: OOC:accident
19:56:25 : Group: [Naked] Dazed: repair
19:56:29 : Group: [Naked] Dazed: i have a kit
19:56:33 : Group: [Naked] Dazed: stop the car
19:57:05 : Direct: Jack: oy
19:57:09 : Direct: Jack: where the fuck is nolif
19:57:26 : Group: [Naked] Yakumo: Flex u muted?
19:58:04 : Direct: Jacouille LERAMONEUR: /
20:00:24 : Group: [Naked] Dazed: no
20:01:36 : Direct: Ted: help
20:03:50 : Direct: [Naked] Dazed: officer
20:04:04 : Direct: Jack: Sorry cheif
20:04:11 : Direct: [Naked] Dazed: hi
20:04:15 : Direct: Jack: its me car
20:04:22 : Direct: Jack: im bumhurt cus nolif impounded me truck
20:04:26 : Direct: Jack: with like
20:04:26 : Direct: [Naked] Dazed: how
20:04:29 : Direct: [APD] Chief. Stalks: What are you doing up their sir
20:04:30 : Group: Sean Wolfington: shut up ye fak
20:04:30 : Direct: [Naked] Dazed: jano
20:04:30 : Direct: Jack: stuff i was gonna sell
20:04:34 : Direct: [Naked] Dazed: can you hold my ghillie
20:04:36 : Direct: Jack: I want to kill myself
20:04:39 : Direct: [Naked] Dazed: i took it off to show you i have nothing
20:04:41 : Direct: Jack: and i cant cus dis is a safezone
20:04:41 : Direct: [APD] Chief. Stalks: Nah you dont sir
20:04:43 : Direct: Jack: yes
20:04:47 : Direct: Jack: i was going to buy new truck
20:04:49 : Direct: [Naked] Dazed: jano
20:04:51 : Direct: [APD] Chief. Stalks: Think of your family
20:04:52 : Direct: [Naked] Dazed: i have no weapon
20:04:56 : Direct: [Naked] Dazed: i took off myclothes
20:04:57 : Direct: Jack: so i could get my girlfriend 100 diamonds
20:04:57 : Direct: [Naked] Dazed: to show you
20:04:59 : Direct: Jack: cut n all
20:05:00 : Direct: [Naked] Dazed: can i go please
20:05:03 : Direct: [Naked] Dazed: i was a hostage
20:05:05 : Direct: [Naked] Dazed: in that car
20:05:06 : Direct: Jack: My family died in a plane crash
20:05:09 : Direct: [Naked] Dazed: jano please
20:05:21 : Direct: [APD] Chief. Stalks: I'll pay 10k if you come down sir, you can buy your diamonds then
20:05:22 : Direct: [Naked] Dazed: they had me as a hostage
20:05:29 : Direct: [Naked] Dazed: ask my friends if they are awake
20:05:31 : Direct: [Naked] Dazed: at this hour
20:05:50 : Direct: [Naked] Dazed: can i grab my clothes?
20:06:00 : Direct: [Naked] Dazed: i'm a little chilly
20:06:05 : Direct: Jack: brb
20:06:09 : Direct: [Naked] Dazed: yeah, so i was took as a hostage
20:06:14 : Direct: [Naked] Dazed: ok
20:06:18 : Direct: [Naked] Dazed: so i'll stay in the area?
20:06:24 : Direct: Jack: that did not work
20:06:26 : Direct: Jack: not at all
20:06:29 : Direct: Jack: well done me
20:06:29 : Direct: [APD] Chief. Stalks: What the hell sir
20:06:30 : Direct: [Naked] Dazed: sorry type please
20:06:32 : Direct: [Naked] Dazed: my mic is dead
20:06:38 : Direct: [APD] Chief. Stalks: put your weapon away please
20:06:40 : Direct: Jack: oh jesus christ
20:06:43 : Direct: Jack: this is scary
20:06:45 : Direct: [Naked] Dazed: am i free to go?
20:06:51 : Direct: [APD] Chief. Stalks: oh god
20:06:51 : Direct: [Naked] Dazed: ok
20:06:56 : Direct: Jack: now that was skills
20:07:00 : Direct: [Naked] Dazed: also who was that mad man?
20:07:05 : Direct: [Naked] Dazed: driving the car over us
20:07:06 : Direct: Jack: omg lol
20:07:11 : Direct: [APD] Chief. Stalks: go get your diamonds sir
20:07:13 : Direct: Jack: that is brilliant
20:07:16 : Direct: [APD] Chief. Stalks: i shall fix your car!
20:07:21 : Direct: Jack: mm thanks
20:07:34 : Direct: [Naked] Dazed: jano can i stand around , i won't run or you can take me straight to jail?
20:07:49 : Direct: [Naked] Dazed: ok officer
20:08:14 : Direct: [Naked] Dazed: i heard there was a gang here too?
20:08:21 : Direct: [Naked] Dazed: before all this went down
20:08:36 : Direct: [Naked] Dazed: i was in the back of the offroad
20:08:43 : Direct: [Naked] Dazed: i was taken as hostage
20:08:46 : Direct: [Naked] Dazed: like i told you
20:08:48 : Direct: [Naked] Dazed: if i got out
20:08:52 : Direct: [Naked] Dazed: i would of been shot
20:08:54 : Vehicle: [APD] Insp.Gadget: ooc are you hamilton
20:09:21 : Direct: [Naked] Dazed: can you tell nick what happened from my point of view?
20:09:35 : Direct: [Naked] Dazed: and i can see your namebadge
20:09:39 : Direct: [Naked] Dazed: if you're going to ask
20:09:43 : Direct: [Naked] Dazed: ok
20:09:47 : Direct: [Naked] Dazed: so i was in the back of the ofroad
20:09:49 : Direct: [Naked] Dazed: offroad
20:09:52 : Direct: [Naked] Dazed: jano was here
20:09:53 : Direct: [Naked] Dazed: too
20:10:03 : Direct: [Naked] Dazed: should i walk off?
20:10:04 : Direct: Jack: I NEVER KNEW YOU WERE A ADMIN
20:10:09 : Direct: [Naked] Dazed: thanks
20:10:11 : Direct: Jack: YO
20:10:13 : Direct: Jack: UP ERE
20:10:17 : Direct: [Naked] Dazed: i'll jsust peg it
20:10:19 : Direct: [Naked] Dazed: just
20:10:19 : Direct: [APD] Chief. Stalks: Again sir?
20:10:21 : Direct: Jack: I JUST REALIZED THAT MICHAEL JACKSON IS DEAD
20:10:22 : Direct: [Naked] Dazed: to kavala
20:10:25 : Direct: Jack: AND I WANT TO KILL MYSELF XD
20:10:27 : Direct: [Naked] Dazed: ok thanks
20:10:29 : Direct: Jack: ALLAHU
20:10:34 : Direct: [APD] Chief. Stalks: His been dead for a long time
20:10:35 : Direct: Jack: Bam
20:10:37 : Direct: Jack: spider man
20:10:52 : Direct: Jack: Im pretty sure my knees do not exist anymore
20:11:12 : Direct: [APD] Chief. Stalks: They do sir, must be the steriods
20:11:13 : Direct: Jack: OH GOD I CANT SEE MY KNEES
20:11:22 : Direct: Jack: I NEED TO KILL MYSELF AGAIN
20:11:24 : Direct: [Naked] Dazed: nope
20:11:30 : Group: [Naked] Dazed: stuck it in my backpack
20:11:31 : Direct: [APD] Chief. Stalks: Sir i have to go, getting called away!
20:11:32 : Group: [Naked] Dazed: and said i was a hostage
20:11:35 : Group: [Naked] Dazed: ;)
20:11:58 : Direct: Jack: i have no vehicle
20:12:03 : Direct: Jack: sadface
20:12:05 : Direct: Jack: much sad
20:12:18 : Direct: [APD] Chief. Stalks: Sir, are you lost?
20:12:34 : Direct: Cudlez: ok
20:12:35 : Group: [Naked] Dazed: lock it
20:12:48 : Group: [Naked] Dazed: i love talking my way out of shiot
20:12:50 : Group: Sean Wolfington: firearms
20:12:50 : Group: [Naked] Dazed: shit
20:13:06 : Direct: Jack: em
20:13:08 : Direct: Jack: what
20:13:10 : Direct: Jack: the fuck
20:13:26 : Group: [Naked] Dazed: i put my gun in the backpack
20:13:29 : Group: [Naked] Dazed: and stepped out
20:13:32 : Direct: Jack: sir
20:13:36 : Group: [Naked] Dazed: and told them i was a hostage
20:13:39 : Direct: Jack: sir
20:13:50 : Direct: Jack: where did did cheef go
20:13:51 : Direct: Jack: m8
20:13:56 : Direct: [Naked] Dazed: hi
20:13:57 : Direct: Jack: is that him?
20:13:58 : Direct: [Naked] Dazed: yeah
20:14:01 : Direct: [Naked] Dazed: he made a me hostage
20:14:06 : Direct: [Naked] Dazed: ask the other officer
20:14:09 : Direct: [Naked] Dazed: gadget
20:14:16 : Direct: Jack: NOLIF
20:14:25 : Direct: [Naked] Dazed: gadget
20:14:31 : Direct: [Naked] Dazed: what are you doing?
20:14:55 : Direct: [Naked] Dazed: put your car infront
20:14:57 : Direct: [Naked] Dazed: so i can get in
20:15:04 : Direct: [Naked] Dazed: other side
20:15:07 : Direct: [Naked] Dazed: road site
20:15:29 : Group: [Naked] Dazed: he wasn't allowed to pull us out of a armoured vehicle
20:15:35 : Group: [Naked] Dazed: an
20:15:41 : Group: [Naked] Dazed: no mic
20:16:01 : Group: [Naked] Yakumo: Hes in ts aswell lol
20:16:02 : Direct: Jack: SIR
20:16:04 : Direct: Jack: WHERE IS NICK
20:16:10 : Direct: Jack: NICK NOLIF
20:16:14 : Direct: Jack: I GOT A HURT BOTTOM
20:16:28 : Direct: Jack: NO I WANT TO COMPLAIN
20:16:32 : Direct: Jack: NICK
20:16:39 : Direct: Jack: NICK
20:16:46 : Group: [Naked] Yakumo: Now we wait xD
20:16:50 : Group: [Naked] Dazed: yeah
20:17:02 : Direct: Jack: WHERE IS ALL MY GOD DAMN MORPHINE I WAS GIVING TO THE AFRICAN CHILDREN
20:17:22 : Direct: Jack: MY ASS IS OFFICIALLY CAVED IN RIGHT NOW
20:17:23 : Direct: [APD] Insp. Nick Nolif: Sorry mate you were afk in the middle of the road i didn't impound it
20:17:24 : Group: [Naked] Dazed: i need to sort my dinner brb
20:17:34 : Direct: Jack: I LOST 500K FROM THAT
20:17:42 : Group: Sean Wolfington: yes
20:17:43 : Direct: Jack: I WAS GOING TO BUY A HELLCAT X-X
20:17:44 : Group: Sean Wolfington: no
20:17:45 : Direct: Jack: IM DONE
20:17:49 : Direct: Jack: IM GOING TO DROWN MYSELF
20:18:00 : Group: Sean Wolfington: i just got on
20:18:42 : Group: Sean Wolfington: cuase thats you
20:18:50 : Direct: [APD] Insp.Gadget: TY
20:18:55 : Direct: Jack: I hope you know
20:19:02 : Direct: Jack: 69 african children are going to die
20:19:05 : Direct: Jack: because of you
20:19:14 : Direct: Jack: without their morphine they will die from all that shit they drink
20:19:19 : Direct: Jack: I hope you feel guilty
20:19:43 : Group: [Naked] Dazed: will?
20:19:45 : Direct: Jack: now im going to go to 088234 and drive my car off the cliff
20:19:48 : Direct: Jack: goodbye
20:19:49 : Group: Sean Wolfington: fitta
20:20:04 : Group: Sean Wolfington: Fitta Pa tv
20:20:12 : Group: Sean Wolfington: XD
20:21:24 : Direct: [Sgt] Willem: Alright you're good
20:22:01 : Direct: [Sgt] Willem: You're good man
20:22:04 : Direct: [Sgt] Willem: Go ahead
20:22:51 : Group: Sean Wolfington: ireland fakker
20:23:37 : Group: [Naked] Dazed: yeah
20:23:41 : Group: [Naked] Dazed: what's happening
20:23:53 : Group: [APD] Chief. Stalks: start impounding the dumped cars in kavala if you see them
20:23:57 : Direct: Jack: oww ffs
20:24:11 : Direct: [NHS] Dr. Senju: THE COP IS AFK
20:24:15 : Direct: [NHS] Dr. Senju: GO KILL HIM AND TAKE HIS CAR
20:24:18 : Direct: Jack: Senju
20:24:22 : Direct: [NHS] Dr. Senju: Yes
20:24:23 : Direct: Jack: I just fucking flipped
20:24:26 : Direct: Jack: 5 times
20:24:28 : Direct: Jack: and im alive
20:24:31 : Direct: Jack: hulp
20:24:38 : Direct: Jack: meem
20:24:38 : Direct: [NHS] Dr. Senju: yeal yaself at my heli
20:24:43 : Direct: Jack: thanks breh
20:24:46 : Direct: Jack: I want one of dees
20:24:48 : Direct: [NHS] Dr. Senju: you can always do that
20:24:49 : Direct: Jack: thees r kool
20:24:59 : Direct: Jack: Its like a large camper van 
20:25:20 : Group: [Naked] Dazed: lol
20:25:25 : Direct: Jack: Ahh cock
20:25:28 : Direct: Jack: oww
20:25:53 : Direct: Jack: REALLY
20:25:55 : Direct: Jack: REALLY
20:25:57 : Direct: Jack: REALLY
20:26:10 : Group: [Naked] Dazed: ihave a repair kit
20:26:12 : Group: [Naked] Dazed: keep going
20:26:43 : Direct: [Naked] Dazed: he locked me in
20:26:46 : Direct: [Naked] Dazed: i'm a hostage#
20:26:49 : Direct: [Naked] Dazed: help
20:26:52 : Direct: [Naked] Dazed: officer
20:26:56 : Direct: [Naked] Dazed: he  locked me in
20:26:57 : Group: Sean Wolfington: feel the base
20:26:59 : Group: Sean Wolfington: bass
20:27:00 : Direct: [Naked] Dazed: i'm a hostage
20:27:01 : Group: Sean Wolfington: yes 
20:27:03 : Group: Sean Wolfington: /house
20:27:06 : Direct: [Naked] Dazed: read chat
20:27:08 : Direct: [Naked] Dazed: my mics dead
20:27:13 : Group: TheSFire: /house
20:27:16 : Direct: [Naked] Dazed: potato
20:27:17 : Group: Sean Wolfington: OHH BBY
20:27:30 : Direct: [Naked] Dazed: yeah...
20:27:34 : Direct: [Naked] Dazed: he ran north
20:27:40 : Direct: [Naked] Dazed: he ran north
20:27:41 : Direct: Jack: OY
20:27:43 : Direct: [Naked] Dazed: potato
20:27:46 : Direct: Jack: MY CAR
20:27:48 : Direct: Jack: WHO DID IT
20:27:50 : Group: Sean Wolfington: when this sonk fijns
20:27:51 : Group: Sean Wolfington: v5
20:27:51 : Direct: [Naked] Dazed: he ran north
20:27:52 : Direct: Jack: MY CAR IS ON FIRE
20:27:55 : Direct: Jack: WHO FUCKING DID IT
20:27:59 : Group: Sean Wolfington: or v4 
20:28:04 : Direct: [Naked] Dazed: no
20:28:08 : Direct: [Naked] Dazed: listen
20:28:11 : Direct: [Naked] Dazed: i told you in chat
20:28:13 : Direct: [Naked] Dazed: i have no mic
20:28:15 : Group: Sean Wolfington: fak it v5
20:28:19 : Direct: [Naked] Dazed: do you want me to go on ts?
20:28:22 : Direct: Jack: OY
20:28:23 : Direct: Jack: ME CAR
20:28:25 : Direct: [Naked] Dazed: i'm going on ts
20:28:26 : Direct: Jack: ME BLOODY CAR
20:28:27 : Direct: [Naked] Dazed: telling the admin
20:28:30 : Direct: [Naked] Dazed: i was a hostage
20:28:34 : Direct: [Naked] Dazed: he locked me in
20:28:34 : Direct: Jack: ME BLOODY CAR
20:28:37 : Direct: [Naked] Dazed: as i told you
20:28:40 : Direct: [Naked] Dazed: what proof
20:28:41 : Direct: Jack: THIS ROAD IS LITERAL AIDS
20:28:43 : Direct: [Naked] Dazed: i got no gun
20:28:46 : Direct: Jack: I HAVE LOST SO MUCH STUFF TO THISD ROAD
20:28:47 : Direct: [Naked] Dazed: how can i give you proof?
20:28:53 : Direct: [Naked] Dazed: ok
20:28:55 : Direct: [Naked] Dazed: admin time
20:28:55 : Group: Sean Wolfington: HAHAH XD
20:28:56 : Direct: Jack: IM GOING TO KILL MYSELF AT 088234 NOW
20:28:59 : Direct: [Naked] Dazed: you're breaking rules
20:29:05 : Direct: [Naked] Dazed: do you want to get warned again
20:29:09 : Group: [Naked] Dazed: 2
20:29:12 : Direct: Jack: OEE
20:29:13 : Direct: Jack: OE
20:29:17 : Direct: Jack: WHATS HAPPENING
20:29:17 : Direct: [Naked] Dazed: listen to me
20:29:22 : Direct: Callumsweetlove: yes
20:29:22 : Group: Sean Wolfington: lightshow ?
20:29:27 : Group: [Naked] Dazed: go will
20:29:29 : Group: [Naked] Dazed: shoot em
20:29:29 : Direct: Callumsweetlove: where u going?
20:29:30 : Direct: Jack: ELLO I JUST LOST ME CAR
20:29:30 : Group: Sean Wolfington: v4 is longer 
20:29:32 : Direct: [Naked] Dazed: come here
20:29:40 : Direct: Jack: IT GOT REKT IN FRONT OF YOU TWO
20:29:40 : Direct: [Naked] Dazed: so
20:29:42 : Direct: [Naked] Dazed: as i told you
20:29:44 : Direct: [Naked] Dazed: i ws locked in
20:29:55 : Group: Sean Wolfington: this v4
20:29:59 : Group: [Naked] Dazed: can't see
20:30:02 : Group: [Naked] Dazed: the wheels are out
20:30:09 : Direct: Jack: OFFICER
20:30:14 : Direct: Jack: LET ME KILL MYSELF
20:30:21 : Direct: Jack: JUST TAKE ME BACK TO THE GOD DAMN GARAGE
20:30:26 : Direct: Jack: SO I CAN GET A CAR AND KILL MYSELF
20:30:41 : Direct: Jack: FFFFFFFFFFFFFF
20:30:48 : Direct: Jack: MY CAR BLEW UP
20:30:50 : Direct: Jack: BRO
20:31:00 : Direct: Jack: BRO I WAS ON THE WAY TO KILL MYSELF AT 088234
20:31:06 : Direct: Jack: WHY ARE YOU ARRESTING ME
20:31:09 : Direct: Jack: I DID NOTHING
20:31:19 : Group: Oscar Wolfington: OMG
20:31:22 : Direct: Jack: ITS NOT ME CAR
20:31:27 : Direct: Jack: MINE BLEW UP
20:31:28 : Group: TheSFire: ?
20:31:28 : Group: Sean Wolfington: wha
20:31:32 : Group: Oscar Wolfington: i found her :d
20:31:38 : Direct: Jack: HELP
20:31:39 : Group: Oscar Wolfington: my beautyful truck
20:31:40 : Group: Sean Wolfington: XD
20:31:46 : Direct: Jack: IM GOING TO GET RAN OVER
20:31:48 : Direct: Jack: MOVE ME
20:31:48 : Direct: Jack: NOW
20:31:51 : Group: TheSFire: Brb
20:31:56 : Direct: [Naked] Dazed: hanks medic
20:31:56 : Group: Sean Wolfington: i have 30 mins to process xd
20:31:58 : Direct: [Naked] Dazed: thanks
20:32:05 : Group: Sean Wolfington: yes
20:32:05 : Direct: Jack: MOVE ME OFF THE ROAD
20:32:06 : Direct: [Naked] Dazed: err
20:32:20 : Direct: Jack: WHAT
20:32:21 : Direct: Jack: WHAT
20:32:25 : Direct: Jack: WHAT WAS HTAT FOR
20:33:45 : Direct: [Naked] Dazed: HI
20:33:49 : Direct: [Naked] Dazed: UM
20:33:56 : Direct: [Naked] Dazed: IT'S A ARMOURED VEHICLE
20:34:01 : Direct: [Naked] Dazed: YOU CAN'T PULL US OUT
20:34:07 : Direct: [Naked] Dazed: DO YOU WANT TO GET YOURSELF BANNED?
20:34:10 : Direct: [Naked] Dazed: NO
20:34:12 : Direct: [Naked] Dazed: THEY ARE ALL WORKING
20:34:22 : Direct: [Naked] Dazed: WE WRE MOVING
20:34:23 : Group: Sean Wolfington: you scared me
20:34:34 : Group: Oscar Wolfington: thats why im here :d
20:34:39 : Group: Oscar Wolfington: give me them keys
20:34:44 : Direct: [Naked] Dazed: i was a hostage
20:34:45 : Group: Sean Wolfington: have the lisence ?
20:34:54 : Group: Oscar Wolfington: yeah
20:35:03 : Group: Oscar Wolfington: thats really te main reason i got down here :d
20:35:09 : Group: Oscar Wolfington: grab the licence befo restart
20:35:10 : Direct: Jack: Nuuuuuuuuuuuuuuuuuuuuuuuuuuuuuuuuuuuuuuuuuuuuuuuuuuu ;c;
20:35:15 : Direct: Jack: heelp
20:35:16 : Direct: Jack: OMG
20:35:17 : Direct: Jack: OMG
20:35:18 : Direct: Jack: IM ALIEV
20:35:24 : Direct: Jack: CRACK
20:35:28 : Direct: Jack: YOU CRACK
20:35:29 : Direct: Jack: YOU HIT ME
20:35:30 : Direct: Jack: XD
20:35:35 : Group: Sean Wolfington: i have alot of lisences xd
20:35:38 : Direct: [Naked] Dazed: i was a hostage
20:35:45 : Direct: [Naked] Dazed: i don't even know him
20:35:51 : Direct: Jack: SIR
20:35:53 : Direct: [Naked] Dazed: want us to go in ts again?
20:35:56 : Group: Oscar Wolfington: i has 7 :d
20:36:00 : Direct: [Naked] Dazed: stop it a sec
20:36:03 : Direct: Jack: Im asshurt that you hit me
20:36:04 : Direct: Jack: and now
20:36:07 : Direct: Jack: that my car is dead
20:36:09 : Group: Sean Wolfington: 12
20:36:12 : Direct: Jack: you
20:36:14 : Direct: [Naked] Dazed: ok i payed
20:36:15 : Direct: Jack: you ran me over XD
20:36:17 : Group: Oscar Wolfington: opium Firearms driver truck diving boatin and 
20:36:18 : Direct: [Naked] Dazed: now realease me
20:36:20 : Direct: [Naked] Dazed: release
20:36:23 : Direct: Jack: defo
20:36:24 : Group: Oscar Wolfington: titanium
20:36:31 : Direct: Jack: and my car got rekt
20:36:47 : Direct: Jack: can i come plz
20:36:53 : Direct: [Naked] Dazed: wtf are you doing?
20:36:55 : Direct: Jack: oe
20:36:58 : Direct: [Naked] Dazed: how is that tp?
20:36:59 : Direct: Jack: wellthen
20:37:00 : Direct: [Naked] Dazed: rp
20:37:06 : Direct: Jack: ten
20:37:07 : Direct: Jack: ted
20:37:09 : Direct: [Naked] Dazed: i payed the tickets
20:37:14 : Direct: [Naked] Dazed: no you're not
20:37:16 : Direct: Jack: teeed
20:37:22 : Group: Sean Wolfington: get in co
20:37:24 : Direct: Jack: can i have some money cus ive been through alot of shit
20:37:26 : Direct: [Naked] Dazed: out of rp
20:37:30 : Direct: [Naked] Dazed: you broke the rules on us
20:37:36 : Group: Sean Wolfington: jus so we can have the helo spun up
20:37:37 : Direct: [Naked] Dazed: can't you just impound it
20:37:39 : Direct: Jack: ted
20:37:43 : Direct: [Naked] Dazed: random reg number generator in your ass
20:37:47 : Direct: [Naked] Dazed: listen
20:37:52 : Group: Sean Wolfington: this is your captain speaking
20:37:56 : Direct: [Naked] Dazed: random reg generator up your ass?
20:38:02 : Direct: [Naked] Dazed: you said it was mine
20:38:02 : Group: Sean Wolfington: we have lift off
20:38:10 : Direct: [Naked] Dazed: how i s it
20:38:12 : Group: Sean Wolfington: a dank helo
20:38:13 : Direct: [Naked] Dazed: i don't have keys
20:38:14 : Group: Oscar Wolfington: The water
20:38:19 : Direct: Jack: this
20:38:21 : Group: Sean Wolfington: chunoooooooooooooooooooook
20:38:21 : Direct: Jack: this car
20:38:23 : Direct: [Naked] Dazed: the game?
20:38:24 : Direct: Jack: was what blew mine up
20:38:27 : Direct: [Naked] Dazed: this is real life
20:38:39 : Group: Oscar Wolfington: nah its  a plane
20:38:44 : Direct: Jack: POTATO
20:38:46 : Direct: Jack: YOU POTATO
20:38:52 : Direct: Jack: THIS CAR BLEW MINE UP
20:38:56 : Group: Sean Wolfington: its a a164 wipeout
20:39:03 : Group: Sean Wolfington: i mean warhog
20:39:06 : Direct: Jack: AND THIS IS WHY YOU ARE FIRED
20:39:14 : Group: Sean Wolfington: fuck off
20:41:01 : Group: [Pvt] Connor.M: General RoD Requesting rations at border as cannot leave as I am on watch
20:41:07 : Direct: Jack: Senju
20:41:11 : Direct: Jack: is that ur heli back there
20:41:14 : Group: [Cpt] Tango: I will bring supplies.
20:41:14 : Direct: [NHS] Dr. Senju: YE
20:41:23 : Direct: [Naked] Dazed: thanks once again
20:41:24 : Direct: Jack: I so want one
20:41:26 : Direct: Jack: im gonna cry
20:41:28 : Group: [Pvt] Connor.M: thank you captain
20:41:29 : Group: [Lt] Flames: give that man a paycheck
20:41:32 : Direct: [Naked] Dazed: medic
20:41:35 : Direct: [Naked] Dazed: can i have a lift back to kavala?
20:41:36 : Group: Sean Wolfington: sell your shit
20:41:44 : Group: Oscar Wolfington: dont has any
20:41:45 : Group: Sean Wolfington: done ?
20:41:52 : Direct: [Naked] Dazed: cheers#
20:41:56 : Direct: Jack: I need ride back too
20:41:57 : Group: Oscar Wolfington: i put the once i had in the helo :d
20:41:58 : Group: Sean Wolfington: 1 MIL BOI
20:42:00 : Direct: Jack: thanks my dope lad
20:42:06 : Group: Sean Wolfington: no you get stuff like tresure
20:42:10 : Group: [Naked] Dazed: thanks medic
20:42:13 : Direct: Jack: this is a bit tight in here.
20:42:15 : Direct: Jack: im not going to lie.
20:42:16 : Group: Sean Wolfington: you get treasure etc
20:42:21 : Vehicle: [Naked] Dazed: thanks medic
20:42:21 : Group: Oscar Wolfington: Nice
20:42:27 : Direct: Jack: dazed ur a bit too fat
20:42:31 : Direct: Jack: I can feel ur penis from here
20:42:36 : Vehicle: [Naked] Dazed: lol
20:42:50 : Group: Sean Wolfington: vote dday
20:44:01 : Group: [Cpt] Tango: supplies on the way
20:44:34 : Direct: [NHS] Dr. Senju:  <3
20:45:19 : Group: Oscar Wolfington: omg
20:45:19 : Group: Sean Wolfington: tomrrow i be rich
20:45:26 : Group: Oscar Wolfington: ive never had dis much monne
20:45:34 : Group: Sean Wolfington: cause i just have to get on early and grrind shit
20:45:39 : Group: Oscar Wolfington: i has faken 700k
20:45:45 : Group: Sean Wolfington: you have more than me
20:45:53 : Group: Oscar Wolfington: Dank memes
20:46:00 : Group: Sean Wolfington: yet this heli is ;3
20:46:01 : Group: Sean Wolfington: 3.6
20:46:04 : Group: Oscar Wolfington: tomorro ill be grindin my ass of 
20:46:21 : Group: Sean Wolfington: you gonna get an chunook aswill?
20:46:32 : Group: Oscar Wolfington: Nah think imma get a device
20:46:53 : Group: Oscar Wolfington: and it has 1400 storage
20:47:02 : Group: Sean Wolfington: ye but you can grind ez with this
20:47:16 : Group: Sean Wolfington: ITS A CHUNOOK
20:47:16 : Group: Oscar Wolfington: Ye
20:47:23 : Group: Oscar Wolfington: pik em up
20:48:13 : Group: Sean Wolfington: oscar take controls
20:48:27 : Group: Sean Wolfington: oscar dont fly under
20:48:46 : Group: Sean Wolfington: this uniform is dank
20:49:07 : Group: Sean Wolfington: if only this had a 75 m 
20:49:12 : Group: Sean Wolfington: 75mm
20:49:22 : Group: Sean Wolfington: unarmed
20:49:46 : Group: Sean Wolfington: XD
20:53:40 : Group: Sean Wolfington: thjis uniform is dank
20:54:42 : Group: Sean Wolfington: wut
20:54:50 : Group: Sean Wolfington: yes
20:55:03 : Group: Sean Wolfington: i will have it all tomorrow cause
20:55:46 : Group: Sean Wolfington: fuck tortoises
20:56:04 : Group: Sean Wolfington: i do ;3
20:57:54 : Direct: Jack: SENJU SENPAI
20:57:59 : Direct: Jack: senjpai
20:58:16 : Direct: Jack: well
20:58:18 : Direct: Jack: there is like
20:58:23 : Direct: Jack: 3 minutes left
20:58:40 : Direct: [NHS] Dr. Senju: lets enjoy it
20:58:44 : Direct: Jack: ye
20:58:44 : Direct: [NHS] Dr. Senju: before we are cleansed
20:58:49 : Direct: Jack: noo
20:58:52 : Direct: [NHS] Dr. Senju: and clones of us appear
20:58:54 : Direct: Jack: my butt ;c;
20:58:56 : Direct: [NHS] Dr. Senju: It was nice knowing you.
20:59:10 : Direct: Jack: tbh
20:59:18 : Direct: Jack: I was on my way to die
20:59:20 : Direct: Jack: but y'know
20:59:21 : Direct: Jack: bants
20:59:25 : Direct: Jack: so lets get in me car
20:59:29 : Direct: Jack: and jump around in it
21:05:13 : Direct: Jack: sean
21:05:22 : Direct: Jack: can i hav half small loan of million dollors
21:05:26 : Direct: Jack: topkek
21:06:27 : Direct: Jack: small loan of half million plz
21:06:55 : Direct: Jack: SMALL LOAN
21:06:59 : Direct: Jack: OF MILLION DOLLORZ
21:07:00 : Direct: Jack: PLZ
21:08:05 : Group: [Cpt] Tango: Guys message me on ts if anyone is coming to drug dealer.
21:08:18 : Group: [Lt] Flames: msg / talk in here would also work
21:08:19 : Direct: [Pvt] WarGamer : MOVE UP
21:08:46 : Direct: Shiva: i need chess
21:09:04 : Direct: Shiva: i pay fgor chess
21:09:42 : Group: [Pvt] Connor.M: man on check point requesting chess does anyone understand?
21:09:45 : Direct: [Pvt] WarGamer : How do you mean ?
21:09:47 : Direct: Shiva: can i have chess?
21:10:01 : Direct: Shiva: i pay you 500k
21:10:38 : Direct: Shiva: no
21:10:41 : Direct: Shiva: i need chess'
21:11:08 : Direct: Shiva: i want chess now
21:11:12 : Direct: [Pvt] WarGamer : What is a Chess
21:11:49 : Direct: [Lt] Flames: Black or white?
21:12:00 : Direct: Shiva: puprple
21:12:17 : Direct: [Lt] Flames: pawn - e4
21:15:54 : Group: [Pvt] Connor.M: lt flames what r our orsders on the hatchback contact
21:16:08 : Group: [Pvt] Connor.M: lt please avoind the mines 
21:26:24 : Direct: White Bob: whats up annnnjo
21:26:29 : Direct: Black Bob: *pulls pants down*
21:27:34 : Direct: White Bob: you wanna talk to me?
21:27:49 : Direct: White Bob: get in we will talk
21:32:42 : Direct: [Naked] Yakumo: //if i dont respond im afk getting my food out the oven!
21:34:27 : Vehicle: [Naked] Yakumo: //gonna go brb now ok ill be back as quick as i can
21:34:41 : Vehicle: [Naked] Yakumo: //pizza gonna burn my house down otherwise xD
21:35:43 : Group: [Cpt] Tango: anyone coming to dealer?
21:36:28 : Group: [Pvt] Connor.M: no sir
21:36:33 : Group: [Cpt] Tango: ok
21:36:43 : Group: [Pvt] Connor.M: we have not spotteted it over border
21:37:04 : Group: [Pvt] Connor.M: we can have a hunter over in a second if u need
21:37:12 : Group: [Cpt] Tango: yeah might need help
21:38:21 : Group: [APD] Supt. MrDunis: its kir btw
21:39:24 : Group: [Naked] Yakumo: lmao!
21:39:29 : Group: [Naked] Yakumo: lool
21:39:40 : Group: [Naked] Yakumo: rip
21:40:28 : Group: [APD] Supt. MrDunis: Bitch got boxed in lol
21:42:14 : Direct: Jack: Do i sell this heli at a chop shop to get money or wot
21:42:28 : Direct: Jack: cus i got like 3 vehicles i don't want and one I do
21:46:49 : Direct: Jack: oy
21:46:51 : Direct: Jack: wake up
21:47:48 : Direct: Jack: siiiir
21:47:50 : Direct: Jack: wake up
21:48:00 : Direct: Jack: U got hit by a person in a gray suv
21:48:06 : Direct: Jack: I was watching in a heli
21:54:48 : Direct: Jack: sir
21:54:54 : Direct: Jack: I want to kill myself
21:54:56 : Direct: Jack: gimmi gun
21:54:58 : Direct: Jack: kill me
21:55:10 : Direct: Jack: Im gonna kill myself
21:55:50 : Direct: Jack: LET ME HO
21:55:51 : Direct: Jack: GO
21:55:56 : Group: Paddy.C: OW SHIT WHY
21:56:00 : Group: Paddy.C: WHY
21:56:04 : Group: Paddy.C: THIS SOON?
21:57:33 : Group: Paddy.C: HE SOUNDS LIKE HE HAS SPECIAL NEEDS.....
21:57:41 : Direct: [Lt] Flames: im full
21:57:50 : Direct: [Lt] Flames: truck done
21:58:20 : Direct: Shiva: type mate
21:58:31 : Direct: Paddy.C: satly
21:58:33 : Direct: Paddy.C: salty
21:58:52 : Direct: Paddy.C: IM THINKNG ADHD?
21:58:55 : Direct: Sgt.CrackDown: you dont happen to have 300k speare?
21:58:58 : Direct: Paddy.C: DOWNS SYNDROME
21:59:00 : Direct: Paddy.C: ?
21:59:01 : Direct: Sgt.CrackDown: i wanna by a heli
21:59:04 : Direct: Shiva: sure mate
21:59:17 : Direct: Sgt.CrackDown: thanks
21:59:28 : Direct: Sgt.CrackDown: thanks mate!
22:00:08 : Group: Paddy.C: callum this guys messed up in the head
22:02:14 : Direct: Paddy.C: morris get henry 
22:02:22 : Direct: Paddy.C: transport him over here
22:02:27 : Direct: Jack: WAKE UP
22:02:36 : Direct: Jack: AAAAAAAKE UPPPPPP
22:02:36 : Direct: Paddy.C: FUCK IT BRING THE NEW GUY 
22:02:42 : Direct: Jack: WAKEUP
22:02:43 : Direct: Paddy.C: LEAVE HIM OUTSIDE
22:02:44 : Direct: Jack: LAZYTITS
22:02:58 : Direct: [APD]Chf Insp. Eukanubae: AMMMOOSSS
22:04:49 : Direct: [Lt] Flames: its ok
22:04:52 : Direct: [Lt] Flames: we wont be hurting you
22:04:56 : Group: Pablo Escobar: did you lose a navid ?
22:04:56 : Direct: Jack: oy
22:04:59 : Direct: [APD] Chief. Stalks: hi sir
22:04:59 : Direct: Jack: lazytits
22:05:02 : Direct: Jack: OY
22:05:03 : Direct: Jack: CMERE
22:05:04 : Group: Pablo Escobar: or a cyrus?
22:05:07 : Direct: Jack: OY
22:05:07 : Direct: Jack: OY
22:05:16 : Direct: Jack: If you put me back in
22:05:19 : Direct: Jack: ill tel an admin
22:05:56 : Group: Paddy.C: DEFFO WEIRD
22:07:13 : Direct: [Lt] Flames: Sorry what was that?>
22:07:25 : Direct: [Lt] Flames: Doesnt take too long
22:07:29 : Direct: [Lt] Flames: pretty quick
22:08:42 : Direct: Jack: that was ur fault
22:09:13 : Direct: [APD] Chief. Stalks: one sec sir
22:09:15 : Direct: Jack: OY
22:10:53 : Group: [APD] Chief. Stalks: eukan got ur ammo here
22:11:05 : Group: [APD]Chf Insp. Eukanubae: Ye responding to kore
22:11:07 : Direct: [APD] Chief. Stalks: Again sir?
22:11:11 : Direct: [APD] Chief. Stalks: Do you get lonely?
22:11:14 : Direct: Jack: Yes
22:11:15 : Direct: Jack: and
22:11:19 : Direct: Jack: i want to fly a hellcat
22:11:28 : Direct: [APD] Chief. Stalks: go and buy one
22:11:30 : Direct: Jack: but i lost my truck with all my morphine
22:11:38 : Direct: Jack: for the kids in africa
22:11:53 : Direct: Jack: and i got rdmd twice by that other officer
22:11:59 : Direct: Jack: arrested me and put me in the water
22:12:03 : Direct: Jack: to drown
22:12:09 : Direct: Jack: but k ill leave
22:12:19 : Direct: Jack: im gonna go jump off the castle
22:12:20 : Direct: Jack: bye
22:22:54 : Direct: [Lt] Flames: Hey bby
22:23:09 : Direct: [Lt] Flames: how you doing sweet cheeks?
22:23:33 : Direct: [Lt] Flames: whats that mate?
22:23:40 : Direct: [Lt] Flames: my channel a right shit storm lol
22:23:55 : Direct: [Lt] Flames: getting trolled by rob
22:23:57 : Direct: [Lt] Flames: q.q
22:52:05 : Group: [Pvt] Connor.M: thanks lt
22:55:09 : Direct: [Lt] Flames: whats up?
22:55:16 : Direct: [Lt] Flames: who Chinese mafia?
22:55:23 : Direct: [Lt] Flames: tell them to fuck off no war today
22:57:25 : Direct: Felix c:: my mic isnt working
22:57:26 : Direct: Felix c:: sry
22:58:00 : Direct: Felix c:: don't worry about it ^^ 
22:58:17 : Direct: Felix c:: thanks :)
22:58:19 : Direct: Felix c:: see ya
23:06:26 : Vehicle: HussyPunter: got zipties
23:09:00 : Direct: [Lt] Flames: Whats up?
23:10:47 : Direct: HussyPunter: take the shot
23:16:42 : Direct: mikey: do you know how to get a reble license
23:18:53 : Direct: HussyPunter: ooc:
23:18:55 : Direct: Rex: yes fuck them
23:18:59 : Direct: HussyPunter: how do we buy spawn points?
23:19:02 : Direct: TheGreatAndBrave: What did u say_
23:19:09 : Direct: TheGreatAndBrave: yeah
23:19:14 : Direct: [Pvt] Connor.M: can u join ts?
23:19:24 : Direct: HussyPunter: how do we buy spawn points?
23:21:02 : Group: HussyPunter: OI LADS
23:21:06 : Group: HussyPunter: PARTY IN THE HOUSE
23:21:32 : Direct: [Lt] Flames: out the car
23:21:33 : Direct: [Lt] Flames: now
23:21:41 : Direct: [Lt] Flames: okay
23:21:44 : Direct: [Lt] Flames: careful there is a sniper
23:21:55 : Direct: [Lt] Flames: cant hear you buddy
23:22:11 : Direct: Sig: was just checking out the border
23:23:24 : Direct: David Edward Hankin: How do u get a reble license?
23:23:43 : Direct: David Edward Hankin: Rebel*
23:37:12 : Direct: Sivert: what is RP
23:40:09 : Direct: [Lt] Flames: stay here
23:40:51 : Direct: [Lt] Flames: hussy
23:40:57 : Direct: [Lt] Flames: firefight
23:40:59 : Direct: [Lt] Flames: not best time
23:47:26 : Group: Kalem: nope
23:48:33 : Vehicle: [APD] Insp.Gadget: im bad at game who is in the back of my chopper going to jail?
23:48:40 : Group: Sean Wolfington: i aint landing
23:49:16 : Direct: [APD] Insp.Gadget: enjoy jail llooloolol
23:49:16 : Group: Sean Wolfington: yes
23:51:34 : Direct: Nicolai Henriksen: yeah okay
23:52:28 : Group: Sean Wolfington: can i ?
23:52:51 : Group: Sean Wolfington: he is coming
23:53:02 : Group: Sean Wolfington: cause dank
23:53:41 : Group: Sean Wolfington: cant
23:53:53 : Direct: Shiva: did they steal your car_
23:54:04 : Direct: Shiva: syscka
23:54:27 : Direct: Shiva: did they steal your truck_?
23:54:59 : Direct: Shiva: sycka did they steal your truck?
23:56:01 : Group: Sean Wolfington: missclick
23:59:50 : Group: Sean Wolfington: you have them
23:59:51 : Group: Sean Wolfington: ..
