00:32:00 : Direct: sycka ruskove: /°
00:32:04 : Direct: sycka ruskove: :)
01:11:42 : Direct: White Bob: ayyy sfire my man
01:28:09 : Group: Sean Wolfington: ams
01:42:00 : Group: Sean Wolfington: i headshot from 2km 
01:42:07 : Group: Sean Wolfington: body shot from 5m
01:43:06 : Group: Sean Wolfington: ryan 
01:43:28 : Group: Sean Wolfington: would you play on a server that mixes taviniana inqour and all those maps together 
01:43:33 : Group: Sean Wolfington: into a life mod
01:43:51 : Group: Sean Wolfington: cause i know the ownerw
01:45:09 : Group: Sean Wolfington: the owner of aaf is a admin
01:49:51 : Group: Sean Wolfington: i get out a helo fo you
01:50:31 : Group: Sean Wolfington: how is that a nap
01:51:20 : Group: Sean Wolfington: 2 and ahalf weeks FAKKER
01:51:51 : Group: Sean Wolfington: IN IRELAND WE MADE THE FIRST SUB FAKKER
01:52:00 : Group: Sean Wolfington: nope
01:52:07 : Group: Sean Wolfington: schmatics where irish
01:53:20 : Direct: John: you wat son!
01:53:36 : Direct: John: i'll cut your face
01:53:52 : Direct: John: i shall see you shortly
01:53:55 : Direct: John: dont be a penis
01:54:03 : Direct: John: i wouldnt
01:54:45 : Group: Sean Wolfington: WE MADE THE FIRST COULOURED PHOTGRAPHY FAKKER KAPPA
01:55:07 : Group: Sean Wolfington: merica isnt great again
01:55:15 : Group: Sean Wolfington: XD
01:55:54 : Group: Sean Wolfington: atleast it isnt like earlier xd
01:56:01 : Group: Sean Wolfington: hamilton ;o
01:56:10 : Group: Sean Wolfington: rip drugs
01:56:41 : Group: Sean Wolfington: 30k
01:58:10 : Group: Sean Wolfington: i am air thrusting the air
01:58:16 : Group: Sean Wolfington: in muh offroad xd
01:59:04 : Group: Sean Wolfington: look at my avatar in ts
01:59:10 : Group: Sean Wolfington: is that your car ryan ?
01:59:32 : Group: Sean Wolfington: wanna see zacs
01:59:47 : Group: Sean Wolfington: zacs
02:00:07 : Group: Sean Wolfington: thats highflute
02:00:23 : Group: Sean Wolfington: spam z when getting in
02:00:39 : Group: Sean Wolfington: spam z when getting in back 
02:01:05 : Group: Sean Wolfington: then you just see me
02:01:30 : Group: Sean Wolfington: thats mg car
02:01:50 : Group: Sean Wolfington: look at my avatar thats mg car
02:01:59 : Group: Sean Wolfington: XD
02:02:03 : Group: Sean Wolfington: its a turtle
02:02:30 : Group: Sean Wolfington: read that
02:02:44 : Group: Sean Wolfington: urban dictionary bro
02:03:23 : Group: Sean Wolfington: read my vatar
02:03:52 : Group: Sean Wolfington: thats nothing
02:04:32 : Group: Sean Wolfington: my avatar
02:04:55 : Group: Sean Wolfington: 5 mins
02:05:07 : Group: Sean Wolfington: look at my avatar
02:05:42 : Group: Sean Wolfington: thats sfire car
02:06:08 : Group: Sean Wolfington: highflute you think thats fast ?
02:06:10 : Group: Sean Wolfington: watch
02:06:29 : Group: Sean Wolfington: spinbot Kappa
02:07:55 : Group: Sean Wolfington: btw did you look at the avatar
02:08:02 : Group: Sean Wolfington: thats sfires car
02:08:47 : Group: Sean Wolfington: so what yez think
02:08:58 : Group: Sean Wolfington: avatar
02:09:10 : Group: Sean Wolfington: ryan look at my avatar
02:10:14 : Group: Sean Wolfington: do that cargo ?
02:10:34 : Group: Sean Wolfington: ryan
02:10:36 : Group: Sean Wolfington: do cargO?
02:10:38 : Group: Sean Wolfington: ye
02:10:47 : Group: Sean Wolfington: me
02:11:05 : Group: Sean Wolfington: it was in group
02:11:57 : Group: Sean Wolfington: highflute
02:12:01 : Group: Sean Wolfington: look at my avatar
02:12:12 : Group: Sean Wolfington: gawd halp me
02:12:30 : Group: Sean Wolfington: xd
02:12:32 : Group: Sean Wolfington: 750k
02:13:43 : Group: Sean Wolfington: MERICA
02:13:50 : Group: Sean Wolfington: MERICA
02:13:54 : Group: Sean Wolfington: MERICA
02:13:59 : Group: Sean Wolfington: MERICA
02:14:03 : Group: Sean Wolfington: MERICA
02:14:14 : Group: Sean Wolfington: dank
02:14:44 : Group: Sean Wolfington: nothing here
02:15:11 : Group: Sean Wolfington: nothing here
02:19:00 : Group: Sean Wolfington: i made a 300k donation
02:19:14 : Group: Sean Wolfington: mg
02:22:01 : Group: Sean Wolfington: nope
02:22:20 : Group: Sean Wolfington: i did
02:22:43 : Group: Sean Wolfington: i seehim
02:23:55 : Group: Sean Wolfington: i have eyes
02:24:02 : Group: Sean Wolfington: nlr much
02:25:23 : Group: Sean Wolfington: got keys
02:26:23 : Group: Sean Wolfington: THAT VOCE CRACK
02:27:40 : Group: Sean Wolfington: btw there are places where you can build in
02:27:45 : Group: Sean Wolfington: /  have to build in
02:27:49 : Group: Sean Wolfington: go to gang
02:27:55 : Group: Sean Wolfington: toggle building zones
02:28:04 : Group: Sean Wolfington: banked it xd
02:28:07 : Group: Sean Wolfington: you had 117
02:29:51 : Group: Sean Wolfington: wut
02:30:09 : Group: Sean Wolfington: UFO CONFIRMED
02:30:49 : Group: Sean Wolfington: up to you
02:31:11 : Group: Sean Wolfington: we dont need one
02:31:20 : Group: Sean Wolfington: gang hideout
02:32:15 : Group: Sean Wolfington: ready to see esxpert plioting ?
02:33:28 : Group: Sean Wolfington: do that ?
02:34:11 : Group: TheSFire: /voteday
02:34:20 : Group: Sean Wolfington: mg your a higher rank than me in the trf airforce KAPA
02:34:31 : Group: Sean Wolfington: XD
02:35:50 : Group: Sean Wolfington: i was gonna gounder lines
02:38:52 : Group: [Naked] Dazed: sec
02:39:13 : Group: [Naked] Dazed: mic is dead
02:39:15 : Group: [Naked] Dazed: fuck sake
02:39:20 : Group: [Naked] Dazed: i ordered one
02:39:21 : Group: [Naked] Dazed: btw
02:39:32 : Group: [Naked] Dazed: i ordered a new mic
02:40:00 : Group: Sean Wolfington: free mk14
02:40:09 : Group: Sean Wolfington: ryan
02:40:11 : Group: Sean Wolfington: mags in here
02:40:51 : Group: Sean Wolfington: xd
02:40:53 : Group: Sean Wolfington: navid xd
02:40:57 : Group: [Naked] Dazed: I NEED A NEW MIC ANYWAY
02:40:58 : Group: [Naked] Dazed: OOPS CAPS
02:41:53 : Group: Sean Wolfington: i am the only one who uses it propaaly
02:42:03 : Group: [Naked] Dazed: 6.5
02:42:35 : Group: Sean Wolfington: mg
02:42:44 : Group: Sean Wolfington: go around and took out the mags
02:44:01 : Group: Sean Wolfington: emmm
02:44:06 : Group: Sean Wolfington: guys
02:44:14 : Group: Sean Wolfington: my heli
02:44:18 : Group: [Naked] Dazed: 7.2
02:44:41 : Group: Sean Wolfington: it was...
02:45:28 : Group: Sean Wolfington: ITS MINE
02:45:51 : Group: [Naked] Dazed: 7.8
02:46:06 : Group: Sean Wolfington: i smell the dead sea
02:47:21 : Group: Sean Wolfington: they are at
02:47:44 : Group: [Naked] Dazed: 8.5
02:47:54 : Group: [Naked] Dazed: lets get to 12
02:48:23 : Group: Sean Wolfington: TAHTS ANOTHER REKT
02:48:30 : Group: Sean Wolfington: no
02:48:33 : Group: Sean Wolfington: thats ai
02:49:28 : Group: Sean Wolfington: ye
02:49:31 : Group: Sean Wolfington: 20%
02:50:31 : Group: Sean Wolfington: rip
02:50:36 : Group: [Naked] Dazed: 9.2
02:51:05 : Group: Sean Wolfington: 19
02:52:23 : Group: Sean Wolfington: ...
02:52:35 : Group: Sean Wolfington: no
02:52:40 : Group: [Naked] Dazed: but we're at 9.8
02:52:50 : Group: [Naked] Dazed: na
02:52:55 : Group: [Naked] Dazed: might aswell hit 12
02:53:05 : Group: [Naked] Dazed: lets go
02:54:01 : Group: Sean Wolfington: i just want a lynx
02:55:54 : Group: [Naked] Dazed: 10.8
02:55:57 : Group: [Naked] Dazed: how much do you want
02:56:03 : Group: [Naked] Dazed: 6 mil for a armed car
02:56:07 : Group: [Naked] Dazed: can I give you 4mil?
02:56:31 : Group: [Naked] Dazed: i have 387k in my bank
02:56:51 : Group: [Naked] Dazed: yeah?
02:57:00 : Group: [Naked] Dazed: i sold
02:57:01 : Group: [Naked] Dazed: the shit
02:58:35 : Group: [Naked] Dazed: flex any extra cash will be yours from my armed vehicle
02:58:47 : Group: [Naked] Dazed: when we go to the gang store
02:58:49 : Group: [Naked] Dazed: about 6 mil
02:59:07 : Group: [Naked] Dazed: 6.8m
03:00:47 : Group: [Naked] Dazed: with snipers
03:01:12 : Group: Sean Wolfington: XD
03:01:19 : Group: Sean Wolfington: I GOT THEM
03:01:34 : Group: [Naked] Dazed: oh godf
03:01:54 : Group: [Naked] Dazed: hula hoop sandwitches
03:01:59 : Group: Sean Wolfington: i gto 8 of them XD
03:02:11 : Group: [Naked] Dazed: damn
03:02:16 : Group: [Naked] Dazed: 7 meals a day?
03:02:58 : Group: [Naked] Dazed: that's the one
03:03:18 : Group: [Naked] Dazed: fuck it i can get a  armed one another day
03:03:25 : Group: [Naked] Dazed: i'll give you more cash
03:03:29 : Group: [Naked] Dazed: how much cash do you need
03:03:34 : Group: [Naked] Dazed: i have 6.7
03:03:39 : Group: [Naked] Dazed: what are you onm?
03:03:49 : Group: [Naked] Dazed: i had some cash from before
03:03:51 : Group: [Naked] Dazed: but i'll split
03:03:58 : Group: Sean Wolfington: yes
03:04:01 : Group: [Naked] Dazed: 1.8
03:04:05 : Group: [Naked] Dazed: 10.8
03:04:06 : Group: Sean Wolfington: its taxi
03:04:11 : Group: [Naked] Dazed: but i gave you 800
03:04:17 : Group: [Naked] Dazed: so 1.2?
03:04:45 : Group: Sean Wolfington: give you nothing
03:04:47 : Group: Sean Wolfington: euka told me
03:05:02 : Group: [Naked] Dazed: wana get 2 striders outlol?
03:05:12 : Group: [Naked] Dazed: but if one gets stopped
03:05:16 : Group: [Naked] Dazed: we'll give backup
03:05:22 : Group: [Naked] Dazed: yeah
03:05:35 : Group: [Naked] Dazed: very difficult to
03:05:43 : Group: [Naked] Dazed: ima get a cheap vermin
03:06:31 : Group: [Naked] Dazed: can't get clothes
03:06:38 : Group: [Naked] Dazed: we'll travel back to thingy in our striders
03:06:44 : Group: [Naked] Dazed: buy ammo there
03:06:46 : Group: [Naked] Dazed: north rebel
03:08:09 : Group: Sean Wolfington: i a staff sergeant
03:08:20 : Group: [Naked] Dazed: yeah north rebel is close
03:09:20 : Group: Sean Wolfington: mg how many spare navids mag you have ?
03:09:35 : Group: Sean Wolfington: btw remove the mag before you log off
03:09:40 : Group: Sean Wolfington: cost 200k
03:10:25 : Group: [Naked] Dazed: did you see my flip?
03:10:51 : Group: Sean Wolfington: GIVE ME
03:11:53 : Group: [Naked] Dazed: na
03:12:22 : Group: Sean Wolfington: your a baby boo
03:12:39 : Group: Sean Wolfington: mg you gonna be on in 4hours ?
03:12:40 : Group: [Naked] Dazed: this is fun
03:12:55 : Group: Sean Wolfington: ok 
03:12:59 : Group: [Naked] Dazed: 1.4
03:13:01 : Group: Sean Wolfington: i will be waking up
03:13:04 : Group: Sean Wolfington: YES XD
03:13:08 : Group: Sean Wolfington: fo 6am XD
03:13:45 : Group: [Naked] Dazed: nope
03:14:16 : Group: [Naked] Dazed: nope
03:14:28 : Group: Sean Wolfington: ryan get out
03:15:07 : Group: Sean Wolfington: i gonna go sleep for 4 hours
03:15:10 : Group: Sean Wolfington: BAI
03:16:42 : Group: [Naked] Dazed: wow
03:16:52 : Group: [Naked] Dazed: you'll die
03:16:53 : Group: [Naked] Dazed: the fire
03:17:12 : Group: [Naked] Dazed: buy a repair kit
03:17:19 : Group: [Naked] Dazed: i told you
03:17:21 : Group: [Naked] Dazed: the fire kills you
03:17:52 : Group: [Naked] Dazed: wait for the fire to go out
03:18:25 : Group: [Naked] Dazed: windows key
03:18:27 : Group: [Naked] Dazed: spam windows key
03:19:33 : Group: [Naked] Dazed: flex ima go to toilet quick
03:20:58 : Group: [Naked] Dazed: back
03:21:05 : Group: [Naked] Dazed: lets store the vehicles
03:21:08 : Group: [Naked] Dazed: i went to toilet
03:23:26 : Group: [Naked] Dazed: spawning at kavala?
03:29:51 : Group: [Naked] Dazed: you lead
03:29:58 : Group: [Naked] Dazed: go on an adventure
03:30:08 : Group: [Naked] Dazed: on the main road to look for people
03:32:17 : Group: [Naked] Dazed: i am
03:32:56 : Group: [Naked] Dazed: 50%
03:33:23 : Group: [Naked] Dazed: 75%
03:33:36 : Group: [Naked] Dazed: 90%
03:33:47 : Group: [Naked] Dazed: 30k
03:42:25 : Group: [Naked] Dazed: it's not a safe zone#
03:42:27 : Group: [Naked] Dazed: it doesn't work
03:44:45 : Group: [Naked] Dazed: goodbye 2.5mil
03:44:46 : Group: [Naked] Dazed: thanks flex
03:44:52 : Group: [Naked] Dazed: no my vehicle
03:45:05 : Group: [Naked] Dazed: someone can steal it
03:45:08 : Group: [Naked] Dazed: and chop shop it
03:45:12 : Group: [Naked] Dazed: next restart is in 8 hours
03:45:23 : Group: [Naked] Dazed: and I was repairing it
03:45:43 : Group: [Naked] Dazed: i'm going to bed
03:45:47 : Group: [Naked] Dazed: lock it
03:45:58 : Group: [Naked] Dazed: night
03:46:06 : Group: [Naked] Dazed: well someone will take it then
03:46:13 : Group: [Naked] Dazed: i'm dead
03:46:16 : Group: [Naked] Dazed: i can;t
03:46:18 : Group: [Naked] Dazed: nope
03:46:23 : Group: [Naked] Dazed: can't get on y
03:46:32 : Group: [Naked] Dazed: ok night
03:46:43 : Group: [Naked] Dazed: cya tomorrow
10:38:14 : Group: [Cpl] Alex(wolf): ....
10:43:06 : Direct: [Private] Konan: wwhats up
10:45:44 : Direct: [Sgt] CrackDown: xD
10:45:51 : Group: [Sgt] CrackDown: WTF
10:45:57 : Group: [Sgt] CrackDown: get my gun
10:58:27 : Group: [Cpl] Alex(wolf): .
12:00:46 : Direct: El PooP: btw im comming down later with a truck full of weed
12:00:58 : Direct: [Pvt] Connor.M: ok ill cya later then
12:00:59 : Direct: El PooP: il send u a message
12:01:05 : Direct: [Pvt] Connor.M: have a safe trip
12:01:12 : Direct: El PooP: ty cya
12:06:10 : Direct: [Pvt] Connor.M: 17164
12:09:25 : Direct: VoidYT: Can I go?
12:09:32 : Direct: LoneWolf: sure
12:09:38 : Direct: VoidYT: thanks again!
12:24:55 : Direct: El PooP: CAN I JUST LEAVE``
12:49:58 : Direct: El PooP: have a nice day- with your hat
13:10:12 : Direct: [Cpl] Alex(wolf): black MX sexy
13:54:52 : Direct: Callumsweetlove: WE waiting for the others?
13:55:03 : Direct: [Pvt] Jack Frost: ye
14:00:51 : Direct: stalks: yes sir
14:01:04 : Direct: stalks: 35k i think
14:01:30 : Direct: stalks: yes sir, easy way please
14:02:22 : Direct: stalks: op taser
14:02:34 : Direct: stalks: magic
14:02:48 : Direct: stalks: i actually put it on the floor then run
14:02:50 : Direct: stalks: lol
14:02:54 : Direct: stalks: its despawned
14:03:06 : Direct: stalks: 2 clowns!
14:03:39 : Direct: stalks: good day sirs, stay safe!
14:09:00 : Group: [Pvt] Connor.M: invite war gamer to group
14:09:04 : Group: [Cpt] Tango: ill get him in
14:09:16 : Group: [Cpt] Tango: invite sent
14:35:11 : Direct: [Cpt] Tango: klet me rearm
14:36:04 : Direct: stalks: im a turtle
14:36:17 : Direct: James.W: Got a gun? :D
14:36:22 : Direct: stalks: no, they took it ;/
14:36:28 : Direct: James.W: Rip :D
14:36:40 : Direct: James.W: Anything we can cause mayhem with, lockpicks ect?
14:36:54 : Direct: stalks: no stealing in a safezone
14:36:59 : Direct: James.W: Oh :(
14:37:14 : Direct: James.W: Kek
14:37:14 : Direct: Hello Kitty: move heli pls
14:56:33 : Direct: [APD] Insp. Nick Nolif: OOC: Do you have weed in your inventory?
14:56:39 : Direct: [APD] Insp. Nick Nolif: we're not gonna bust you 
15:16:30 : Direct: [Cpt] Tango: rod
15:16:33 : Direct: [Cpt] Tango: do you have a truck?
15:16:38 : Group: [General] RoD: ya i got it
15:16:50 : Direct: [Cpt] Tango: ok go get your truck out
15:16:56 : Direct: [Cpt] Tango: from garage
15:17:16 : Group: [General] RoD: no need
15:17:42 : Group: [Cpt] Tango: rod get in the hunter
15:18:21 : Vehicle: [General] RoD: Ask Tango
15:18:27 : Vehicle: [General] RoD: he is taking charge of this op
15:31:11 : Group: [Pvt] Connor.M: rip the new privates
15:42:04 : Direct: Juan Carlos: NO RESTART ESE
15:42:18 : Direct: Nakusuru: there will be a restart in 10 min
15:42:19 : Direct: Alejandro Emilio Gaviria: ese no restart we making plata
15:42:21 : Direct: Alejandro Emilio Gaviria: nooo
15:42:23 : Direct: Alejandro Emilio Gaviria: ese no restart
15:42:39 : Direct: Alejandro Emilio Gaviria: ESE RESTART
15:42:41 : Direct: Alejandro Emilio Gaviria: AND I KIL 
15:42:59 : Direct: Nakusuru: yeah dont think so
15:58:16 : Group: [General] RoD: /
16:11:21 : Group: Dazed: flex
16:11:24 : Group: Dazed: ts
16:32:39 : Group: Dazed: flex
16:33:02 : Group: [Pvt] Mythic: I have to go. cya
17:08:50 : Direct: [APD] Chief. Stalks: YEAH
17:13:46 : Group: [Pvt] Connor.M: guys take night vis off
17:16:16 : Direct: Dazed: yep
17:19:59 : Group: Dazed: rob people in kavala
17:20:01 : Group: Dazed: or something
17:20:03 : Group: Dazed: outside of it
17:24:56 : Group: Dazed: no
17:25:18 : Group: Dazed: yh
17:25:32 : Group: Dazed: yes
17:25:43 : Group: Dazed: no
17:26:33 : Group: Dazed: hes driving
17:26:37 : Group: Dazed: yeash
17:26:49 : Group: Dazed: i have no mic
17:26:55 : Group: Dazed: you'll have to scream at him
17:26:59 : Group: Dazed: you can
17:27:03 : Group: Dazed: tell him to stop
17:27:06 : Group: Dazed: in direct
17:28:13 : Group: Dazed: he turned around
17:28:15 : Group: Dazed: a truck
17:28:31 : Group: Dazed: you went over here
17:28:32 : Group: Dazed: hes behind
17:28:37 : Group: Dazed: you dick
17:28:39 : Group: Dazed: yes
17:28:42 : Group: Dazed: follow the road
17:28:45 : Group: Dazed: the way we were going
17:28:55 : Group: Dazed: see him?
17:29:09 : Group: Dazed: we need to land
17:30:10 : Group: Dazed: auto hover land
17:30:26 : Group: Dazed: left side
17:30:55 : Group: Dazed: you mjissed him
17:30:57 : Group: Dazed: hes that way
17:31:06 : Group: Dazed: you had your fucking back to him
17:31:08 : Group: Dazed: lol
17:31:31 : Group: Dazed: he drove into us.
17:31:39 : Group: Dazed: he drove into him
17:31:43 : Group: Dazed: he drove into him
17:31:47 : Group: Dazed: h
17:31:53 : Group: Dazed: why did you let him drive into us?
17:32:07 : Group: Dazed: ....
17:33:06 : Direct: marti: where can i buy license?
17:33:26 : Group: Dazed: page up
17:33:27 : Group: Dazed: i told you
17:33:37 : Group: Dazed: scroll up
17:33:40 : Group: Dazed: click rthe page up
17:33:41 : Group: Dazed: you noob
17:35:09 : Group: Dazed: 3.8
17:35:23 : Group: Dazed: going to spawn in kavala
17:35:25 : Group: Dazed: just gearing
17:36:42 : Direct: [Cpl] Alex(wolf): kuch kuch better weapon
17:36:58 : Group: Dazed: meet at the garage in kavala
17:37:49 : Group: Dazed: hele
17:37:50 : Group: Dazed: heli
17:38:38 : Group: Dazed: it's matthew
17:41:16 : Group: Dazed: yh
17:41:41 : Group: Dazed: shoot him on site
17:41:44 : Group: Dazed: sight
17:42:40 : Group: Dazed: it's matt
17:42:59 : Group: [Naked] Yakumo: Remaking the gang
17:43:02 : Group: [Naked] Yakumo: Admins are asking me to
17:43:04 : Group: [Naked] Yakumo: Ill inv u back
17:44:16 : Group: [Pvt] WarGamer : brb
17:44:20 : Group: Dazed: i need to go
17:44:24 : Group: Dazed: where is my car
17:46:36 : Group: Dazed: kill him
17:47:04 : Group: [Sgt] VibZ: GUYS 10mins people commming with drugs
17:50:20 : Group: [Pvt] Connor.M: tango not in side
17:51:25 : Group: [APD] Supt. MrDunis: Hamilton
17:51:32 : Group: [APD] Supt. MrDunis: Could you take a prisoner please?
17:51:41 : Group: [Pvt] Connor.M: police landing guys
17:51:46 : Group: [Pvt] Connor.M: been marked
17:52:37 : Group: [APD] Supt. MrDunis: Failed to pay a 50k ticket for evading and having drugs on him
17:53:18 : Group: [Cpl] Alex(wolf): tango
17:53:23 : Group: [Cpl] Alex(wolf): 2 people at border for you
17:53:37 : Group: [General] RoD: omw
17:53:54 : Group: [Cpl] Thomas Thunder: open the gate were leaving
17:54:06 : Group: [Cpl] Alex(wolf): GET BLOODY TANGO
17:54:07 : Group: [Pvt] Baked Beans: open the gat
17:54:15 : Group: [Pvt] Connor.M: BLUE HUMINGBIRD GOIND TO DRUNG
17:54:19 : Group: [Pvt] Connor.M: HAS PERMS
17:54:29 : Group: [Pvt] Connor.M: LAST NAME WOLFINGTON
17:55:07 : Group: [APD] Chief. Hamilton: that guy was salty as fuck
17:55:17 : Group: [APD] Insp. Nick Nolif  : hes always
17:55:26 : Group: [APD] Supt. MrDunis: yeah you should of have heard him when we pulled him over lol
17:55:37 : Group: [Pvt] Connor.M: Tango?
17:55:46 : Group: [APD] Insp. Nick Nolif  : this is the second time hes saying he would report us to our chiefs xd
17:55:48 : Group: [Pvt] Connor.M: have paddy or agent spoke to u?
17:57:08 : Group: [Sgt] VibZ: beans
17:57:12 : Group: [Sgt] VibZ: you doing drugs
17:57:37 : Direct: Marcus Wolfington: STAND BACK
17:57:42 : Group: [Cpl] Thomas Thunder: no cops at weed and cullamsweetlove got arrested
17:57:43 : Direct: [Cpt] Tango: hello
17:57:47 : Group: [Cpl] Thomas Thunder: and put in jail
17:58:34 : Group: [APD] Insp. Nick Nolif  : SKUBA SQUAD RESPONDING
17:58:39 : Direct: [Cpt] Tango: fred give us a call if you need help :)
17:58:53 : Vehicle: [APD] Supt. MrDunis: scuba
17:59:29 : Group: [Cpt] Tango: Dont speak in group
17:59:29 : Group: [APD] Chief. Hamilton: its the northern turtle area
17:59:31 : Group: [APD] Chief. Hamilton: 2 boats
17:59:35 : Group: [APD] Chief. Hamilton: i will remain as air support
17:59:38 : Group: [Pvt] Connor.M: lost eyes
17:59:38 : Group: [Cpl] Thomas Thunder: STOP TALKING TYPE PLS
17:59:49 : Group: [APD] Insp. Nick Nolif  : Ok eta 5 min
18:00:10 : Group: [APD] Chief. Hamilton: 1 boat leaving
18:00:13 : Group: [APD] Chief. Hamilton: i will follow.
18:00:25 : Group: [APD] Chief. Stalks: jail them trollers in kavala hq if you catch them
18:02:01 : Group: [APD] Chief. Hamilton: both boats moving
18:02:23 : Group: [APD] Supt. MrDunis: Roger we will catch up hopefully
18:02:55 : Group: [APD] Insp. Nick Nolif  : you stay on the other one hami
18:03:06 : Group: [Pvt] Connor.M: the bobs have engaed us
18:03:17 : Group: [Pvt] Connor.M: kos their car
18:04:30 : Group: [APD] Supt. MrDunis: Hami you took shots right?
18:04:35 : Group: [APD] Chief. Hamilton: yea
18:06:18 : Group: [APD] Chief. Hamilton: still need me?
18:06:19 : Group: [APD] Insp. Nick Nolif  : The other one dc'd i think
18:06:20 : Direct: [APD] Chief. Stalks: Hello sir!
18:06:25 : Group: [APD] Insp. Nick Nolif  : Nope
18:06:38 : Group: [APD] Insp. Nick Nolif  : Jano is asking for permission to blow it up?
18:06:39 : Group: [APD] Chief. Hamilton: ok search & impound, good job.
18:06:40 : Direct: [APD] Chief. Stalks: take care sir!
18:06:46 : Group: [APD] Chief. Hamilton: blow what up?
18:06:49 : Group: [APD] Insp. Nick Nolif  : boat
18:06:50 : Group: [APD] Insp. Nick Nolif  : but nvm
18:06:52 : Group: [APD] Chief. Hamilton: why?
18:06:56 : Group: [APD] Chief. Hamilton: search & impound
18:07:01 : Group: [APD] Insp. Nick Nolif  : triggerhappy jano
18:07:10 : Direct: Agent. 43: windows key
18:08:12 : Group: [APD] Insp. Nick Nolif  : ty for the air support
18:08:18 : Group: [APD] Chief. Hamilton: np
18:09:17 : Group: [Cpl] Alex(wolf): crackdown get off spawn
18:10:53 : Vehicle: [Pvt] Sig: what's your name again?
18:12:38 : Group: [APD] Insp. Nick Nolif  : OH SHIT
18:12:46 : Group: [APD] Insp. Nick Nolif  : I thought that was dunis'
18:12:49 : Group: [APD] Insp. Nick Nolif  : i wasn't paying attention
18:16:00 : Group: [Cpl] Thomas Thunder: heli coming for a landing
18:16:45 : Group: [Sgt] Willem: If its frederik he has permission
18:18:33 : Group: [Sgt] Willem: If it is frederik he has permission
18:18:40 : Group: [Sgt] Willem: Otherwise  not
18:19:07 : Group: [Sgt] CrackDown: WE HAVE TRUCK AT WEED FIELD
18:19:13 : Group: [Sgt] CrackDown: NONE AT PROCESSOR
18:26:57 : Group: [Pvt] Connor.M: guys get peeps on border
18:27:03 : Group: [Pvt] Connor.M: others lagged out
18:30:34 : Group: [Cpl] Thomas Thunder: vibz wait pick me up
18:33:00 : Direct: lilcan: being recruited
18:36:59 : Direct: lilcan: im AFFFFF!~@@@!@!!!@!!!
18:37:16 : Direct: [Pvt] Sig: brb 2 min
18:53:29 : Group: [Cpt] Tango: Crackdown unless you are actually doing something at the border, please leave because it is too loud
18:55:16 : Group: [Cpt] Tango: Crackdown land or leave
18:58:43 : Group: [Pvt] WarGamer : One zamak coming to border
19:00:05 : Group: Sgt.Brian S.: /vote  night
19:00:56 : Direct: [General] RoD: /vote yes
19:01:19 : Direct: Rambit: /voteday
19:03:46 : Group: [General] RoD: /vote yes
19:10:23 : Direct: [Pvt] Lilcan: for me?
19:10:52 : Direct: [Pvt] Lilcan: THANKS!!!]
19:13:22 : Group: [APD] Chief. Hamilton: BOMB DEFUSED
19:18:04 : Group: [Pvt] Mythic: how much is oil prossessing?
19:20:33 : Group: [Sgt] Willem: Get your vehicles of the spawn point
19:22:11 : Direct: [Pvt] Connor.M: rod sir can i get some mk200 ammo?
19:22:41 : Direct: [NHS] Dr. Senju: did he combatlog_
19:22:45 : Direct: [NHS] Dr. Senju: oh just log
19:22:49 : Direct: [NHS] Dr. Senju: lag
19:23:09 : Direct: [Cpt] Tango: crackdown store your hellcat
19:23:44 : Direct: [NHS] Dr. Senju: its desyncing as fuck
19:24:46 : Direct: [Sgt] Willem: Truckteam man
19:24:56 : Direct: [Cpt] Tango: Move willem
19:25:45 : Group: [Cpt] Tango: EVERYONE GET IN THE HURON
19:26:09 : Group: [NHS]Spammking: you going to get pancake?
19:26:09 : Group: [Cpt] Tango: EVERYONE IN THE HURON
19:26:41 : Group: [Cpt] Tango: EVERYONE GET IN THE HURON
19:28:35 : Direct: [NHS] Dr. Senju: hello?
19:28:41 : Direct: [NHS] Dr. Senju: people are dead, they need me
19:29:33 : Vehicle: R3Storm: rip
19:29:50 : Vehicle: VoidYT: lol
19:29:59 : Vehicle: [Cpt] Tango: SHUT UP
19:30:04 : Vehicle: [Sgt] VibZ: HUUUUUUUUUU RAHHHHHH!
19:30:06 : Vehicle: [Cpt] Tango: FUCKING LAGGY CUNT
19:30:09 : Vehicle: [Sgt] VibZ: SALTY BUNNY
19:30:25 : Vehicle: [Cpt] Tango: FUCKING BE QUIET
19:31:01 : Vehicle: [Pvt] Lilcan: gr8 b8 m8 i r8 8/8 1v1 me highrise MW2 
19:31:19 : Vehicle: [Pvt] Connor.M: the place we r going looks like highrise
19:31:35 : Direct: White Bob: ello s fire
19:31:36 : Vehicle: [Pvt] Lilcan: Quick scoop No scoop
19:31:53 : Direct: White Bob: good sorry abut yesterday bbygurl
19:31:53 : Vehicle: [Pvt] Connor.M: everyone reeady?
19:31:57 : Vehicle: [Pvt] Lilcan: best of luck bois
19:32:02 : Vehicle: [Cpl] Ahmed: lets go guys
19:32:09 : Vehicle: [Cpt] Tango: storing at garage
19:32:11 : Direct: White Bob: everyone loves bob
19:32:13 : Vehicle: [Pvt] Connor.M: stay low stay frosty
19:32:13 : Vehicle: [Cpt] Tango: getting land vehicles
19:32:16 : Vehicle: [Lt] Flames: No
19:33:00 : Group: [APD] Chief. Hamilton: OIL RIG
19:33:09 : Direct: [Cpt] Tango: ALPHA SQUAD GET VEHCILES
19:33:28 : Direct: [Cpt] Tango: BRAVO GET VEHICLES
19:33:41 : Direct: [Cpt] Tango: NVM CHARLIE SQUAD VEHICLES
19:34:14 : Group: Ruffelcopter: ...w..
19:34:14 : Group: [Cpt] Tango: dont spaeak ingroup
19:34:42 : Group: [Sgt] Willem: TRUCK TEAM ETA 1 MINUTE
19:35:12 : Vehicle: [Pvt] Lilcan: Good luck, Tango 
19:37:03 : Group: [Sgt] Willem: Police spotted at oilrig
19:37:13 : Group: [Sgt] Willem: Hummingbird is scouting
19:37:34 : Group: [Cpl] Ahmed: a guy is out the heli
19:38:17 : Group: [Sgt] Willem: Permission to engage?
19:38:36 : Group: [Cpt] Tango: start robbing
19:41:09 : Group: [Sgt] CrackDown: FUCK IM DOWN
19:41:17 : Group: [Sgt] CrackDown: he was on me flank
19:41:20 : Group: [Sgt] Willem: Hunter going to sofia
19:41:23 : Group: [Sgt] Willem: watch it
19:42:04 : Direct: odd_v: thats rude
19:43:41 : Group: [Sgt] Willem: East 140 hamilton in bush
19:43:44 : Group: [Sgt] Willem: RIP me
19:46:12 : Group: [Pvt] Sig: vibz, ahmed, strider by coast
19:48:35 : Group: [Cpt] Tango: ETA ON VAULT CHARGE?
19:49:43 : Direct: [Lt] Flames: we on border
19:50:16 : Group: [Cpt] Tango: ETA ON THE VAULT?
19:50:28 : Group: [Cpl] Thomas Thunder: its bugged
19:50:47 : Group: [Cpt] Tango: Really?
19:51:25 : Direct: [Pvt] Jack Frost: ....
19:52:06 : Vehicle: R3Storm: he makes up some shit
19:52:24 : Group: [Pvt] Connor.M: .vote day guys
19:54:58 : Group: White Bob: could you hear me?
19:55:19 : Group: White Bob: mic bugged restarting pc
20:00:34 : Vehicle: [Pvt] Pombear: WHO AM I DRIVING WITH 
20:01:00 : Direct: (BIH) DerRivE: VDM
20:01:06 : Direct: (BIH) DerRivE: recording
20:07:09 : Direct: [APD] Chief. Stalks: fps dropping from 60 to 11
20:07:10 : Direct: [APD] Chief. Stalks: ...
20:09:39 : Group: [Pvt] Mythic: guys please remove ur hunters from base
20:11:35 : Direct: Joe Heathcote: rip
20:11:41 : Direct: Joe Heathcote: no
20:11:50 : Direct: Joe Heathcote: i am dead
20:11:58 : Direct: Joe Heathcote: git in mi car
20:12:00 : Direct: Joe Heathcote: fuk u
20:12:06 : Direct: Joe Heathcote: lol
20:12:20 : Direct: Joe Heathcote: im just gonna ccept my situation
20:12:23 : Direct: (BIH) Erran: punk
20:12:32 : Direct: charlee: good idea
20:12:40 : Direct: charlee: im driving with 3fps btw
20:12:43 : Direct: Joe Heathcote: fuk
20:12:53 : Direct: Joe Heathcote: wat r u dead
20:12:55 : Direct: Joe Heathcote: wtf
20:15:44 : Direct: charlee: and get rich
20:16:29 : Direct: charlee: hold me tight JOE!
20:16:31 : Direct: Joe Heathcote: hello
20:16:38 : Direct: Joe Heathcote: ayyyyy
20:16:49 : Direct: Joe Heathcote: my car is broken now I hope you're happy
20:17:06 : Direct: (BIH) Erran: PUNK
20:17:12 : Vehicle: [APD] Chief. Hamilton: division at restart?
20:17:17 : Vehicle: [APD] Sgt. Randall: sure
20:17:18 : Direct: charlee: ahahahaa
20:20:14 : Direct: Joe Heathcote: yo bob
20:20:22 : Direct: Joe Heathcote: y
20:20:23 : Direct: Joe Heathcote: pls
20:23:50 : Direct: charlee: hey my car is broken on the road i called u and payed money but its still broke i think
20:28:12 : Group: Jacouille LERAMONEUR: :
20:31:51 : Direct: Black Bob: Sorry
20:32:25 : Group: [Cpt] Tango: Are we expecting anyone at drug dealer??
20:32:32 : Group: [Lt] Flames: MB
20:32:39 : Group: [Lt] Flames: AT DEALER MY BAD
20:32:40 : Group: [Cpt] Tango: was that you shooting flames?
20:32:49 : Group: [Lt] Flames: tabbing in fucked up
20:32:51 : Group: [Cpl] Ahmed: negative
20:32:56 : Group: [Cpt] Tango: ok
20:33:06 : Group: [Cpl] Alex(wolf): ds
20:35:51 : Direct: Matt: Kavla is ebola
20:36:17 : Group: [APD] Chief. Stalks: if your not doing anything, someone sort out kavala
20:36:22 : Group: [APD] Chief. Stalks: its dogshit 
20:36:33 : Direct: [NTFF] Chris: OMG
20:37:25 : Direct: White Bob: DRIVE YOUR FUCKING TRUCK PRICK
20:37:45 : Direct: White Bob: move your truck off the spawn point 
20:41:43 : Direct: (BIH) DerRivE: /vote day
20:41:48 : Direct: Matt: I AM GONNA JUMP
20:41:54 : Direct: Matt: voteday
20:41:58 : Direct: (BIH) DerRivE: /voteday
20:42:42 : Direct: Matt: i am going to jump
21:10:11 : Direct: [Sgt] VibZ: 2mins sorry
21:10:23 : Direct: [Sgt] VibZ: speaking with RoD
21:12:57 : Group: Sean Wolfington: they can
21:15:06 : Group: Sean Wolfington: HERE BOIS
21:20:24 : Group: Sean Wolfington: TRUTLE
21:21:14 : Group: Sean Wolfington: WHAT HOW
21:21:22 : Group: Sean Wolfington: i played 5 hours and i am 13
21:21:53 : Direct: [Pvt]  Csweetlove: hey
21:22:05 : Group: Sean Wolfington: 16 aff XD
21:23:03 : Group: Sean Wolfington: vote nnight
21:25:24 : Group: Sean Wolfington: XD
21:25:31 : Group: Sean Wolfington: omg xd
21:26:12 : Group: Sean Wolfington: 15
21:27:34 : Direct: [APD]Chf Insp. Eukanubae: dead rabbit
21:27:44 : Group: Sean Wolfington: i have litterally seen about 10 turtles
21:28:39 : Group: Sean Wolfington: tempest ammo
21:28:47 : Group: Sean Wolfington: 2 hunters xd
21:29:44 : Group: Sean Wolfington: they cant kill ;3
21:29:49 : Group: Sean Wolfington: water op
21:30:11 : Group: Sean Wolfington: but diving gear
21:30:40 : Group: Sean Wolfington: XD
21:31:42 : Group: Sean Wolfington: not me
21:31:57 : Group: Sean Wolfington: WOW
21:32:06 : Group: Sean Wolfington: i took down 13 people in a cop force yesterday XD
21:32:44 : Group: Sean Wolfington: hunter
21:33:29 : Group: Sean Wolfington: ANOTHER TURTLE
21:33:30 : Group: Sean Wolfington: yes
21:33:37 : Group: Sean Wolfington: ye
21:33:48 : Group: Sean Wolfington: hunter
21:34:08 : Group: Sean Wolfington: i am watching behind
21:35:33 : Group: Sean Wolfington: i cant shoot from water
21:35:37 : Group: Sean Wolfington: so guess lrps it is
21:36:58 : Group: Sean Wolfington: i cant
21:38:40 : Group: Sean Wolfington: dank memes
21:39:17 : Group: Sean Wolfington: you put that ? xd
21:41:51 : Group: Sean Wolfington: ryan tell the cops about the drugs Kappa
21:43:21 : Group: Sean Wolfington: tower 1 guy
21:43:30 : Group: Sean Wolfington: one to the right
21:43:39 : Direct: Sicariuse: wow try to talk to you and you shoot me
21:44:08 : Group: [General] RoD: what?
21:44:57 : Group: [General] RoD: no
21:45:25 : Group: Sean Wolfington: i see one
21:47:42 : Direct: [Pvt]  Csweetlove: rod , you need a lift anywhere?
21:47:48 : Direct: [Pvt]  Csweetlove: rod
21:47:58 : Direct: [Pvt]  Csweetlove: can i offer you a lift anywhere?
21:48:46 : Group: [Pvt] Lilcan: Anyone manning the dealer? 
21:49:32 : Group: Sean Wolfington: if i could deploy my bipod rip skins ;3
21:50:11 : Group: Sean Wolfington: fuck missed
21:50:38 : Direct: (BIH) Erran: GOT STUFF FOR SALE KEVLAR VESTS AND WEAPONS TEXT ME 
21:50:54 : Group: Sean Wolfington: XD
21:51:22 : Group: Sean Wolfington: GUYS SNIPER
21:51:24 : Group: Sean Wolfington: SNIPER
21:51:27 : Group: Sean Wolfington: GUYS
21:51:39 : Group: Sean Wolfington: guys guy going behind
21:52:04 : Group: Sean Wolfington: got him
21:57:31 : Group: Sean Wolfington: i think this will be my new snipeing technique
21:57:42 : Group: Sean Wolfington: hding in plain sight
21:58:38 : Group: [APD] Chief. Stalks: where is all me cops?!?!
21:59:36 : Direct: (BIH) DerRivE: dERrIVe
21:59:48 : Direct: (BIH) DerRivE: DerRivE 
22:00:07 : Direct: (BIH) DerRivE: :(
22:00:14 : Direct: (BIH) DerRivE: :( sorry
22:00:20 : Direct: (BIH) DerRivE: no please
22:00:32 : Direct: (BIH) DerRivE: 20000 please its my birtday
22:00:48 : Group: [APD] Chief. Stalks: almost finished with this, then i'll play
22:01:00 : Group: [APD] Chief. Stalks: us 2 can own this !!
22:01:11 : Direct: (BIH) DerRivE: ok
22:03:10 : Group: Sean Wolfington: Hunter
22:03:36 : Group: Sean Wolfington: kicked from gang in 3
22:03:37 : Group: Sean Wolfington: 2
22:04:26 : Group: [Pvt] Frederik: is the taru cleared for drug dealer_
22:04:47 : Direct: [Pvt] Pombear: VDMED BY AFF GREAT FREAKIN COCK SUCKERS  
22:06:32 : Group: Sean Wolfington: mk18 shit at 1k
22:09:31 : Group: [APD] Chief. Stalks: your a 1 man team at the moment, i'll be here in a sec
22:09:43 : Group: [Cpt] Antony-J: Cease fire if youre not being shot at
22:10:35 : Group: Sean Wolfington: guess i have to evac
22:10:43 : Group: [Pvt] Lilcan: Is he down? over.
22:11:59 : Group: [Cpt] Antony-J: Cease fire
22:14:38 : Direct: (BIH) Erran: u want anything
22:15:38 : Direct: (BIH) DerRivE: revive
22:15:48 : Direct: [APD] Sgt. Cyril Figgis: We are fucked pretty much
22:17:09 : Direct: [Naked] Dazed: nice tyr dipshits
22:17:13 : Direct: [Naked] Dazed: try
22:20:38 : Direct: (BIH) DerRivE: / vote day
22:21:13 : Group: White Bob: /vote nigth
22:22:00 : Direct: [APD] Chief. Stalks: lets role, semi on ts also tho
22:26:40 : Group: [APD] Chief. Stalks: rip stalks 2016
22:29:35 : Group: [APD] Chief. Stalks: did you get recked also?
22:29:48 : Group: [APD] Sgt. Cyril Figgis: Dunno where from but yeah 
22:29:59 : Group: [APD] Sgt. Cyril Figgis: Bit weird since I didn't see them cross the road
22:30:03 : Group: [APD] Sgt. Cyril Figgis: But probably just baited
22:30:15 : Group: [APD] Sgt. Cyril Figgis: Bit shit that some cops are on as civs atm aswel
22:30:34 : Direct: [NHS]Paddy.D : i cant
22:30:35 : Group: [APD] Sgt. Cyril Figgis: And 2 cops are on as medics
22:30:39 : Direct: [NHS]Paddy.D : only cops can
22:30:39 : Group: [APD] Chief. Stalks: its fatruff and nes
22:30:48 : Group: [APD] Sgt. Cyril Figgis: Not them
22:30:54 : Group: [APD] Sgt. Cyril Figgis: I mean pancake and white bob
22:31:05 : Group: [APD] Chief. Stalks: they are offline?
22:31:07 : Group: [Sgt] VibZ: OK
22:31:09 : Group: [Sgt] VibZ: WE KNOW
22:31:17 : Group: [APD] Chief. Stalks: potato and white bob dont usually cause cop problems unless we go after them
22:31:26 : Group: [APD] Sgt. Cyril Figgis: Not what I mean
22:31:28 : Group: [APD] Chief. Stalks: nes hates us cause we kicked him for selling cop gear
22:31:34 : Group: [APD] Sgt. Cyril Figgis: I mean they could be helping as cops right now
22:31:38 : Group: [APD] Sgt. Cyril Figgis: Instead they are on as civs
22:31:58 : Direct: [NHS] Dr. Senju: Get rekt
22:32:31 : Group: [APD] Chief. Stalks: trying to get more cops online
22:35:17 : Direct: TheSFire: OK
22:37:37 : Group: [APD] Chief. Stalks: did you kill them?
22:38:27 : Group: [Pvt] Lilcan: Guys, is the SDDV gang a known threat? 3 at weed field. Over
22:41:34 : Group: [APD] Sgt. Cyril Figgis: Fuck off
22:42:03 : Direct: [APD] Chief. Stalks: get your ass in
22:42:46 : Group: [APD] Sgt. Cyril Figgis: Gonna play some cs see ya later aligator
22:42:50 : Direct: [APD] Chief. Stalks: drive your chief around, lets get these crooks!
22:43:22 : Group: [APD] Sgt. Cyril Figgis: Cops rules and shit need to be reworked 
22:43:31 : Group: [APD] Sgt. Cyril Figgis: It's not weird people don't want to play as cops
22:43:42 : Group: [APD] Chief. Stalks: like?
22:43:59 : Group: [APD] Sgt. Cyril Figgis: Well for starters stop the baiting of cops like just happened
22:44:11 : Group: [APD] Sgt. Cyril Figgis: People are just literally using gas station robberies to bait us
22:44:16 : Group: [APD] Chief. Stalks: Why was it a bait? they robbed a gas sation
22:44:17 : Group: [APD] Sgt. Cyril Figgis: Appearantly I had a bounty on me
22:44:28 : Group: [APD] Sgt. Cyril Figgis: Which is also stupid
22:44:32 : Group: [APD] Chief. Stalks: we chased, they opened fire
22:44:40 : Group: [APD] Sgt. Cyril Figgis: Cops shouldn't be able to have bounties on head
22:45:39 : Group: [APD] Chief. Stalks: why not
22:45:44 : Group: [APD] Chief. Stalks: its good!
22:45:52 : Group: [APD] Chief. Stalks: i have 2 mil on my head until they killed me :p
22:46:24 : Group: [APD] Sgt. Cyril Figgis: Keeps us from doing our jobs, specially when like now there is no cops on for the amount of civs
22:46:36 : Group: [APD] Sgt. Cyril Figgis: As soon as I go out of safezone I get shot at for no reason
22:46:40 : Direct: VoidYT: thankyou!
22:46:53 : Group: [APD] Chief. Stalks: i have asked cops to come
22:47:08 : Group: [APD] Chief. Stalks: its a bit hard at the mo, some stuff is broken
22:47:17 : Group: [APD] Chief. Stalks: like drugs, we can find drugs.. its bugged
22:59:17 : Group: [Sgt] VibZ: lilcaan0 need assistance
22:59:52 : Group: [Pvt] Lilcan: you need assistance?
23:00:35 : Group: [Pvt] Lilcan: does anyone require assistance. Over.
23:02:24 : Group: [Naked] Yakumo: Someone coming to help dont shoot them
23:05:24 : Group: [Pvt] Sig: People at weed pro?
23:06:00 : Group: [Pvt]  Csweetlove: Please could i have 1 more person as standby , at weed processing
23:06:07 : Group: [Pvt] Lilcan: Affermative, they just chased a gang out of the processing unit, watching situation unfold. Over.
23:06:14 : Direct: Morty: hi
23:06:24 : Direct: Morty: hello?
23:06:28 : Direct: Morty: my game sound dont work
23:06:31 : Direct: [Pvt] Lilcan: Hello
23:06:38 : Direct: Morty: whats up?
23:06:39 : Direct: [Pvt]  Csweetlove: why are you here?
23:06:50 : Direct: Morty: we came to weed
23:06:58 : Direct: Morty: for weed processing
23:07:00 : Direct: [Pvt] Lilcan: why your friend go tower
23:07:02 : Group: [Pvt]  Csweetlove: we have 2 people here , for no reason 
23:07:11 : Direct: Morty: you are here with lots of guns
23:07:26 : Direct: [Pvt] Lilcan: process and leave
23:07:28 : Direct: [Pvt]  Csweetlove: you come in suv
23:07:30 : Direct: Morty: ok
23:07:36 : Direct: [Pvt]  Csweetlove: leave
23:07:40 : Direct: Morty: yes we use SUV its quicker
23:08:48 : Direct: Morty: YOU KILL YOUR FRIEDN!!!
23:08:57 : Direct: Morty: BAD BAD BAD
23:09:09 : Direct: [Pvt] Lilcan: glitch
23:09:16 : Group: [Naked] Yakumo: was buying it
23:09:18 : Group: [Naked] Yakumo: but i died#
23:09:20 : Group: [Naked] Yakumo: lmao
23:10:07 : Direct: Morty: your friend is dead
23:10:12 : Direct: [Pvt] Lilcan: no shit
23:10:15 : Direct: [Pvt] Lilcan: medic incoming
23:10:17 : Direct: Morty: you kill him
23:10:20 : Direct: [Pvt] Lilcan: no
23:10:23 : Direct: [Pvt] Lilcan: glitch
23:10:24 : Direct: Morty: bad bad bad
23:10:35 : Direct: Morty: WHY YOU DO THIS?!?
23:10:41 : Direct: [Pvt]  Csweetlove: morty , go away
23:10:45 : Direct: Morty: he kill AFF memeber he is traitor!!
23:11:00 : Direct: Morty: kill
23:11:17 : Direct: Morty: he is traitor
23:11:35 : Direct: Morty: he is traitor
23:11:39 : Direct: Morty: hill him
23:11:53 : Direct: Morty: bad man 
23:11:59 : Direct: Morty: he kill someones
23:12:16 : Direct: Morty: kill
23:12:46 : Direct: Morty: can i have hunter?
23:13:04 : Direct: Morty: you are ghurt??
23:13:14 : Direct: Morty: i will fix
23:14:18 : Direct: Morty: he is here
23:14:19 : Direct: Morty: he died
23:14:23 : Direct: Morty: fix him
23:14:25 : Group: [Pvt] Lilcan: situation solved thank you. Over 
23:14:34 : Direct: Morty: YOU WILL BE OK CALLUM MY SWEET LOVE
23:15:24 : Direct: Morty: put hands up or die
23:16:08 : Group: [Pvt] Lilcan: SITUATION COMPROMISED 2 ARMED SUSPECTS AT WEED PROCESSING, BACK UP NEEDED ASAP
23:16:42 : Group: [Pvt] Lilcan: BACK UP NEEDED ASAP. OVER.
23:17:11 : Direct: [Naked] Dazed: sup
23:17:29 : Direct: [Naked] Dazed: yeah we can see the weed processing too
23:17:37 : Direct: [Naked] Dazed: there is another island over there
23:18:22 : Group: [Naked] Dazed: a medic came over to compliment our spot
23:18:27 : Group: [Naked] Yakumo: Xd
23:18:39 : Group: [Naked] Yakumo: BEST SPOT UK
23:19:17 : Group: [Naked] Dazed: need room for wire fencing and if we want to add stuff on the outside
23:19:42 : Group: [Naked] Dazed: i hope so
23:24:56 : Group: [Naked] Dazed: stuck
23:25:04 : Group: [Naked] Dazed: come collect my supplies
23:25:10 : Group: [Naked] Dazed: i got out
23:25:11 : Group: [Naked] Dazed: v
23:25:41 : Group: [Naked] Dazed: we need a boat yard
23:30:18 : Group: [Naked] Dazed: can striders actually will?
23:32:52 : Group: [Sgt] VibZ: HELLO GUYS IM FROM NORTHERN IRELAND
23:34:10 : Group: [Naked] Dazed: have we got a garage yet?
23:34:43 : Group: [Naked] Dazed: will have we got a garage spawn?
23:35:55 : Group: [Naked] Dazed: walls
23:36:31 : Group: [Naked] Dazed: who's got the garage object now?
23:36:33 : Group: [Naked] Dazed: i wana place it
23:36:39 : Direct: [NHS]Paddy.D : on my last lockpick............
23:36:59 : Direct: [NHS]Paddy.D : ill be back
23:37:12 : Direct: Morty: STOP
23:37:16 : Direct: Morty: I CAN UNLOCK
23:41:00 : Group: [Naked] Dazed: garage spawn
23:41:48 : Group: [Naked] Dazed: no
23:44:17 : Group: [Naked] Dazed: walls
23:44:48 : Group: [Naked] Dazed: we need more cash
23:57:32 : Group: [Naked] Dazed: will
23:57:36 : Group: [Naked] Dazed: we have a secret entrance
23:57:43 : Group: [Naked] Dazed: come to me
23:57:52 : Group: [Naked] Dazed: come down
