00:00:05 : Direct: TimThada: why are you in your underwear?
00:11:57 : Group: Kalem: no fuel
00:12:21 : Group: Kalem: NO FUEL
00:14:05 : Direct: Agent. 43: hello
00:14:16 : Direct: TimThada: hello my frend.
00:14:23 : Direct: [NHS] Robert Liston: lift to garage?
00:14:26 : Direct: Agent. 43: my name is Agent 43 at your service.
00:14:30 : Direct: TimThada: No ty, need to go.
00:14:33 : Direct: [NHS] Robert Liston: ROger
00:14:38 : Direct: TimThada: :)
00:46:56 : Direct: DonGino: /
00:56:44 : Group: Kalem: .
01:53:23 : Direct: Kalem: hello laddie!
01:53:35 : Direct: Kalem: move along or get shot
08:22:40 : Group: GeneralRoD: /
14:52:01 : Direct: Emil: I AM UNARMED
14:52:07 : Direct: Emil: CHRIST
14:52:10 : Direct: Emil: well
15:37:48 : Direct: Emil: 10 K?
15:38:00 : Direct: [APD] PC. Spammking: thats the ticket for speeding
15:38:04 : Direct: Emil: yh
16:08:49 : Group: Alex Krimes: T
16:31:25 : Group: [APD] Chief. Stalks: brb
16:32:29 : Direct: Emil: afk
16:33:06 : Direct: Jimmy: sHIFT h
16:33:43 : Direct: Jimmy: CTRL H
21:36:44 : Direct: Tango: yea
21:36:46 : Direct: Tango: just told rob xD
21:37:30 : Direct: Tango: in boss office
21:37:43 : Direct: Tango: for what?
21:37:52 : Direct: Tango: hang on
21:38:13 : Direct: Tango: rob says they will be restored
21:44:53 : Direct: Paddy.C: fucking server does not work
21:54:19 : Direct: [APD] PCSO. Bob: put in ear plugs bobby boy
22:21:19 : Group: Ahmed: vexx you want to get some money to upgrade the gamg its only 1.6mill
22:21:46 : Group: Ahmed: oh ok
22:23:54 : Group: [APD] PC.Potato: HRV needs to be excused, it was an accident
22:24:03 : Group: [APD] PC.Potato: hrvoje*
22:24:29 : Group: Agent. 42: yay
22:24:31 : Group: Agent. 42: ///d/d#f
22:31:04 : Group: [NHS] Dr. L. Johnson: wrong way
22:31:20 : Group: [NHS] Dr. L. Johnson: WTF
22:31:47 : Direct: [NHS] Martyr: Ali
22:31:52 : Group: [NHS] Dr. L. Johnson: y
22:31:53 : Direct: [NHS] Martyr: I will make sure this guys lives
22:31:56 : Direct: [NHS] Martyr: go save bob
22:32:44 : Direct: [NHS] Dr. L. Johnson: I WILL SAVE YOU BUDDY'
22:32:51 : Direct: [NHS] Dr. L. Johnson: HANG IN THERE!
22:32:55 : Direct: [NHS] Dr. L. Johnson: DON'T GO TO THE LIGHT
22:33:23 : Direct: [NHS] Dr. L. Johnson: DON'T EAT TOO MUCH OF THOSE DONUTS NOW
22:33:37 : Direct: [NHS] Dr. L. Johnson: take care of yourself!
22:34:58 : Direct: [NHS] Dr. L. Johnson: speeding gets you killed
22:35:49 : Group: [NHS] Dr. L. Johnson: we going to the opuim field?
22:43:16 : Group: [NHS] Dr. L. Johnson: he logged without respawning
22:44:52 : Group: [APD] PCSO. Morrisino: i'll take that 
23:08:41 : Direct: Antony-J: Hey
23:09:28 : Group: [NHS] Dr. Hermes: Get HNS tag mate.
23:13:31 : Direct: VibZ: how much u worth?
23:29:20 : Group: [APD] Insp. Martyr: Are you guys ok?
23:29:28 : Group: [APD] PCSO. Bob: ye
23:32:04 : Group: [APD] PCSO. Morrisino: huh
23:32:15 : Group: [APD] PCSO. Bob: ye morrisino fucked up driving
23:32:32 : Group: [APD] PCSO. Bob: he came flying off the road into a pole
23:32:52 : Group: [APD] PCSO. Morrisino: bob worst driver..................
23:33:12 : Group: [APD] PCSO. Bob: why your macking up shit excuses in ts
23:40:08 : Direct: [NHS] Dr. Hermes: Dear god..
23:53:48 : Vehicle: BRITLANNNNND!: ask them to prove it thats bullshit
23:53:57 : Vehicle: BRITLANNNNND!: i dont believe that they all have lynxs
23:54:30 : Vehicle: BRITLANNNNND!: did they all have an rpg too?
