00:03:56 : Group: [APD] Sgt. fatruff3:  [UK] GAMEPOINT | 500K START | UNIQUE FEATURES
00:04:27 : Group: [APD] Chief. Stalks: heli at fed
00:06:02 : Group: General Tank: back at base
00:36:25 : Direct: [EMS] John Rookie: pls dont kill me when i revive u
00:36:32 : Direct: [EMS] John Rookie: lets be friends for once :P
00:36:43 : Direct: [EMS] John Rookie: u gon be fine
00:38:59 : Direct: Blackops: help
00:39:02 : Direct: Blackops: cant fix car
00:39:19 : Direct: Blackops: thanks officer !
00:39:45 : Direct: Blackops: btw I saw a truck drive this road and chopper
00:39:48 : Direct: Blackops: maybe doing drugs
00:39:55 : Direct: Blackops: u 2 bye
01:18:14 : Group: Kagutsuchi: /
02:43:41 : Group: General Tank: voteday
02:44:10 : Group: General Tank: /voteday
02:47:31 : Group: [APD] Sgt. fatruff3: /
03:20:25 : Group: Flames: we got like
03:20:31 : Group: Flames: 100 unproccessed
03:20:44 : Group: Flames: we wanna process?
12:45:59 : Group: [APD] PC. Thorben: =
12:56:41 : Direct: VibZ: lemme in
13:10:24 : Group: [APD] Insp. Eukanubae: Anyone taking care of that
13:10:48 : Group: [APD] Chief. Hamilton: they got away
13:11:21 : Group: [APD] Per: we were on something. dealing with armed rebels
13:12:08 : Direct: [APD] Insp. Eukanubae: 32M
13:16:18 : Direct: [APD] Per: oar we can't search you
13:28:16 : Group: [APD] Insp. Eukanubae: Sportscar going to agios, drove past cp.
13:28:32 : Group: [APD] Insp. Eukanubae: avoided arrest.
13:28:39 : Group: [APD] Chief. Stalks: suspects name?
13:28:50 : Group: [APD] Insp. Eukanubae: Unknown. Red/white sportscar.
13:28:51 : Group: [APD] Per: got it, on route
13:29:14 : Group: [APD] Insp. Eukanubae: A lot of Dsync..
13:31:42 : Group: [APD] Per: no contact in agios
13:31:57 : Group: [APD] Insp. Eukanubae: Did you capture the speeder?
13:32:06 : Group: [APD] Per: negative
13:32:09 : Group: [APD] Insp. Eukanubae: Bugger
13:32:32 : Group: [APD] Per: must've taken a turn somewhere
13:36:48 : Group: El Chapo: /VATE DAY
13:50:01 : Direct: [APD] Insp. Eukanubae: wtf man
13:50:09 : Direct: [APD] Insp. Eukanubae: where did you get your license?
13:50:10 : Direct: [APD] PC. Jack Frost: lel
13:50:15 : Direct: [APD] PC. Jack Frost: Takistan
13:50:26 : Direct: [APD] Insp. Eukanubae: takistan!?
13:50:28 : Direct: [APD] Insp. Eukanubae: i trolled so hard there
13:52:08 : Direct: [APD] Insp. Eukanubae: this dsync..
13:53:25 : Group: [APD] Insp. Eukanubae: He drove me over twice.
13:53:27 : Group: [APD] Insp. Eukanubae: He is going to jail.
13:53:40 : Group: [APD] Insp. Eukanubae: And i couldnt even kill him in here .. and my tazer didnt work.
13:53:50 : Group: [APD] Insp. Eukanubae: So jail his ass for trying to vdm me twice :)
13:56:20 : Vehicle: [APD] Chief. Hamilton: you're so ugly wtf
13:56:30 : Group: [APD] Insp. Eukanubae: restart in 5 boys!
13:57:50 : Group: [APD] Insp. Eukanubae: Jeames is wanted for stealing cars.
13:58:00 : Group: [APD] Insp. Eukanubae: 9 attempted auto theft.
14:18:42 : Vehicle: [APD] Chief. Hamilton: 216.127.64.88:5748
14:32:11 : Group: [APD] Insp. Eukanubae: pHILL COMBAT LOGGED
14:36:08 : Direct: Masked Robber: are you potato on steam?
14:36:22 : Direct: Masked Robber: can you hear me?
14:36:32 : Direct: Masked Robber: ok be on in a sec
14:36:34 : Direct: Potato: YES
14:36:37 : Direct: Masked Robber: what the ip?
14:36:50 : Direct: Masked Robber: send it in steam
14:36:53 : Direct: Potato: 216.127.64.88:5748
14:36:56 : Direct: Potato: OK
14:37:09 : Direct: Masked Robber: santa claus
14:48:40 : Group: Tango: anthony
14:48:44 : Group: Tango: come back
15:26:52 : Group: WarGamer : /bote day
15:31:55 : Direct: [APD] Insp. Eukanubae: .<3
15:32:15 : Direct: [EMS] John Rookie: ALLAHU AKBAR
15:33:05 : Direct: [APD] Insp. Eukanubae: no boomboom
15:36:38 : Group: [APD] PC. Thorben: what is the pw for ts channel
15:36:52 : Group: [APD] Insp. Eukanubae: REQUESTING PICKUP
15:37:49 : Group: [APD] Insp. Eukanubae: requesting pickup agios area.
15:38:05 : Direct: BIGDICKFINGER: hey lads
15:38:08 : Group: [APD] PC. Per: an route
15:38:17 : Direct: BIGDICKFINGER: think we found u
15:38:28 : Direct: | Vertex |: ???
15:39:01 : Direct: | Vertex |: U LOOKING FOR US?
15:39:25 : Direct: | Vertex |: only just spawned ffs?
15:39:30 : Direct: | Vertex |: wtf u on about?
15:39:45 : Direct: ScottC: wtf?
15:43:39 : Group: [APD] PC. NickB: heli landing drug dealer
15:46:54 : Group: [APD] PC. NickB: can anyone come to drug dealer and drop me a tazer, i lost mine and i have no car lol rip
15:47:26 : Direct: | Vertex |: any1 know what rank u need for plot pole?
15:49:57 : Vehicle: [APD] PC. NickB: drop me somewhere to buy a tazer pls
15:50:06 : Vehicle: [APD] PC. Per: no
15:50:11 : Vehicle: [APD] PC. NickB: rip
15:50:11 : Vehicle: [APD] PC. Per: u are our hostage
15:50:14 : Vehicle: [APD] PC. NickB: i see
15:50:17 : Vehicle: [APD] PC. NickB: 1v1 me rust
15:50:54 : Vehicle: [APD] PC. Per: cool, 1v1 rust with bow. no strings atached ;)
15:51:05 : Vehicle: [APD] PC. NickB: ayyy lmaooo
15:56:33 : Direct: [EMS] John Rookie: ; _ ;
15:56:50 : Direct: [EMS] John Rookie: Dan, im gonna get lockpicks for u buddy ;_;
15:59:20 : Group: Tango: dru
16:01:51 : Direct: Dan: Yes my sir!!!
16:03:52 : Direct: [EMS] John Rookie: New Life Rule
16:03:59 : Direct: [EMS] John Rookie: but since i revived you it doesnt count
16:04:03 : Direct: [EMS] John Rookie: .<3
16:04:11 : Direct: Dan: Yay Thankyou <3
16:05:13 : Direct: [APD] Insp. Eukanubae: YOU MAY DRIVE 120S
16:05:29 : Group: [APD] PC. Per: it is not weed
16:25:18 : Direct: Agrugqa: ?
16:25:30 : Direct: [EMS] John Rookie: The fire is as hot as you
16:25:32 : Direct: Agrugqa: type
16:25:44 : Direct: | Vertex |: GIVE ME KEYS TO TRUCK OR U DEAD
16:25:54 : Direct: Agrugqa: im swedish i cant read
16:25:58 : Direct: [EMS] John Rookie: I fucking love you for that  xD u made my day
16:26:01 : Direct: | Vertex |: WE JUST WANT WHATS IN IT
16:26:10 : Direct: [APD] PC. Per: hahaha thanks :)
16:26:18 : Direct: Agrugqa: ill sell it you roob me
16:26:31 : Direct: [EMS] John Rookie: How much did the heli cost?
16:26:35 : Direct: Agrugqa: no you shoot then
16:27:30 : Direct: Agrugqa: done
16:27:32 : Direct: [EMS] John Rookie: 30k for free 
16:27:47 : Direct: [EMS] John Rookie: transferred it to u m9, u will use it for ..good purposes
16:27:48 : Direct: Agrugqa: thats all
16:28:06 : Direct: Agrugqa: look pick it then
16:28:20 : Direct: Agrugqa: do it
16:29:09 : Direct: [EMS] John Rookie: ima get u to police air station
16:29:15 : Direct: [EMS] John Rookie: ahh yis
16:30:18 : Direct: Jason: need a kit?
16:30:56 : Direct: Jason: put it on floor
16:31:02 : Direct: Jason: my windows key wont register
16:31:08 : Direct: Jason: yw
16:33:23 : Group: [APD] Chief. Hamilton: do nto respond to fed
16:33:28 : Group: [APD] Chief. Hamilton: its me and rob testing
16:35:46 : Vehicle: [APD]PC. Nick: but
16:36:07 : Group: [APD] PC. Thorben: =
16:36:18 : Vehicle: [APD]PC. Nick: k
16:36:21 : Direct: Agrugqa: i got roobed
16:36:30 : Direct: Agrugqa: my hemett stolen
16:36:44 : Direct: Agrugqa: jihad
16:36:48 : Direct: Agrugqa: rob me
16:37:04 : Direct: Agrugqa: cant hear you
16:37:17 : Direct: Agrugqa: okay
16:37:25 : Direct: [APD] PC. Per: There you go
16:37:32 : Direct: [APD] PC. Per: We will look for the criminal
16:37:37 : Direct: Agrugqa: thx
16:37:38 : Direct: [APD] PC. Per: this is your money
16:37:41 : Direct: [APD] PC. Per: from the insurance
16:45:05 : Direct: [APD] Chief. Hamilton: notification is working grand.
16:46:48 : Direct: BIGDICKFINGER: /VOTE  DAY
16:59:24 : Group: [APD] Insp. Eukanubae: bro
16:59:28 : Group: [APD] Insp. Eukanubae: do you even drive? xD
17:06:32 : Direct: GeneralDolphin: what skin is that suv
17:06:39 : Direct: [IRA] BigDickPatrica: its lava lamp :)
17:06:41 : Direct: GeneralDolphin: its dope
17:06:47 : Direct: [IRA] BigDickPatrica: thanks :) yours too
17:14:21 : Direct: [IRA]Dodisdod: .let me out now
17:15:33 : Group: [APD] PC. NickB: cocaine hideout
17:15:39 : Group: [APD] PC. NickB: gen dolphin and a few others
17:15:59 : Group: [APD] PC. NickB: armed
17:16:08 : Group: [APD] Insp. Eukanubae: Omw
17:17:07 : Vehicle: Jason: good luck pal
17:18:07 : Direct: [APD] Chief. Hamilton: nevermind
17:18:22 : Direct: Jason: sorry pal
17:18:28 : Direct: Jason: removed my windows key because of csgo and sc2
17:21:59 : Direct: [IRA]Dodisdod: ATOP
17:23:27 : Direct: GeneralDolphin: ira, terroist grp, helping cops
17:23:40 : Direct: GeneralDolphin: I thought we were cool
17:34:51 : Group: Tango: Anthony
17:34:56 : Group: Tango: are you gonig to respawn?
17:38:37 : Direct: Masked Robber: iis that you rookie
17:38:40 : Direct: Masked Robber: im cold
18:03:41 : Direct: Flames: sIR
18:03:48 : Direct: Flames: Sir i had no drugs
18:04:04 : Direct: Flames: It was a water pistol
18:04:14 : Direct: Flames: Water pistol sir
18:08:26 : Vehicle: Flames: How does 400k to let us go sound?
18:08:48 : Vehicle: Flames: 400k ea.
18:10:01 : Vehicle: General Tank: CHICKEN SHIT
18:10:23 : Vehicle: General Tank: lol
18:11:11 : Vehicle: General Tank: fucking lol
18:11:28 : Vehicle: General Tank: comp whiplash
18:11:34 : Direct: Tango: im a tranny
18:12:48 : Direct: DonGino: reloggen
18:13:16 : Direct: DonGino: opnieuw inloggen
18:14:16 : Direct: DonGino: dRU aff
18:14:24 : Direct: DonGino: Dru AFF
18:14:29 : Vehicle: [EMS] John Rookie: wanna get him_
18:14:41 : Vehicle: [EMS] John Rookie: he|s got a hunter
18:15:12 : Vehicle: [EMS] John Rookie: better if we drive back :o
18:15:24 : Vehicle: [APD] PC. Thorben: no bring me to kavala pls
18:15:33 : Vehicle: [APD] PC. Thorben: tnx for the lift
18:15:35 : Vehicle: [EMS] John Rookie: ye i mean kavala
18:15:46 : Vehicle: [EMS] John Rookie: .<3
18:15:59 : Vehicle: [APD] PC. Thorben: saved my life 3 times today
18:16:05 : Vehicle: [APD] PC. Thorben: my hero
18:16:08 : Vehicle: [EMS] John Rookie: i luff u
18:19:52 : Vehicle: [APD] PC. NickB: brb
18:20:51 : Direct: Tango: can u hear me?
18:21:02 : Direct: Tango: rip
18:29:37 : Direct: [EMS] John Rookie: i will call help to get u outta there
18:44:10 : Direct: | Vertex |: hi
19:08:57 : Direct: GeneralDolphin: PULL OVER
19:08:59 : Direct: GeneralDolphin: PULL OVER NOW
19:09:01 : Direct: VibZ: stop or be fired upon
19:13:10 : Direct: [APD] Insp. Eukanubae: Sir get out of the heli!
19:16:42 : Direct: [APD] PC. NickB: bring potato to heli
19:16:43 : Direct: Masked Robber: he will be here with the hostage shortly
19:16:46 : Direct: [APD] PC. NickB: so i can transfer money
19:16:48 : Direct: [APD] PC. NickB: ok
19:17:47 : Direct: [APD] PC. NickB: closer pls
19:22:48 : Group: GeneralDolphin: TS CRASHED
19:23:08 : Group: GeneralDolphin: secure the chopshop
19:24:36 : Direct: [IRA]Dodisdod: will talk here
19:25:37 : Group: [IRA]Dodisdod: try and make money
19:25:45 : Group: [IRA]Dodisdod: dont hit them just becasue we see them
19:25:54 : Vehicle: [IRA]Dodisdod: drive for a minute
19:25:56 : Vehicle: [IRA]Dodisdod: be 2 mins
19:26:04 : Vehicle: [IRA]Dodisdod: ell domhnall to
19:26:27 : Direct: [APD] Chf insp. MrDunis: How did you mange that?!
19:26:40 : Direct: [APD] PC. Jack Frost: huehuehue
19:30:17 : Direct: [APD] Insp. Eukanubae: gRINDING WEED IRL
19:30:24 : Direct: [APD] Insp. Eukanubae: need them greens
19:53:51 : Direct: Antony-J: I know
19:56:42 : Group: Kalem: /voteday 
20:07:29 : Direct: [APD] Insp. Eukanubae: what for
20:07:41 : Direct: Potato: BC IM DYING
20:07:57 : Direct: [APD] Insp. Eukanubae: I dont feel secure >&
20:14:35 : Direct: [APD] Insp. Eukanubae: iMPOUNT
20:14:41 : Direct: [APD] Insp. Eukanubae: There may be two enemies near
20:16:59 : Direct: [APD] Insp. Eukanubae: Its the same
20:17:02 : Direct: [APD] Insp. Eukanubae: something
20:17:14 : Direct: [APD] Insp. Eukanubae: password is something
20:24:42 : Group: [APD] Chief. Stalks: on it
20:24:54 : Group: [APD] PC. Jason: they were 2 people in a suv
20:30:22 : Group: VibZ: !vote day
20:30:53 : Group: [APD] PC. Jason: Stalks, can you see a white truck in kavala?
20:31:20 : Group: [APD] Chief. Stalks: looking
20:31:29 : Group: [APD] Chief. Stalks: under me
20:31:45 : Group: [APD] Chief. Stalks: crash 
20:32:43 : Group: Potato: heroin field
20:41:48 : Vehicle: VibZ: go to athira cp
20:58:36 : Group: GeneralDolphin: joined our new channel
20:58:39 : Group: GeneralDolphin: pass 1234
